0 13 2.830000 23.509143 3.745356 47.669813 1.000000 4.074829 
50 13 2.672215 23.617580 3.850980 92.139850 0.541991 12.788628 
100 15 2.658068 24.419853 3.824123 84.540660 0.616601 43.928500 
150 12 2.625529 24.179602 3.844829 80.893139 0.623957 79.028517 
200 12 2.419675 24.276702 3.836964 82.992400 0.596604 43.011438 
250 13 2.429932 23.175139 3.820684 79.697725 0.613316 58.043062 
300 12 2.799869 23.505152 3.786466 86.071302 0.874974 77.491107 
350 12 3.170753 23.440465 3.773997 85.072936 0.691920 118.284722 
400 11 3.079027 24.565476 3.737762 86.310509 0.583335 55.464040 
450 14 3.183140 23.534261 3.711334 85.688757 0.562498 43.081430 
500 11 3.593860 23.943585 3.802520 83.889881 0.741491 39.879566 
550 12 3.325039 24.049793 3.819187 82.926183 0.609430 40.091217 
600 11 3.061380 24.352658 3.939304 84.157576 0.721412 74.277700 
650 11 3.399225 24.514270 4.008559 77.304694 0.738046 93.731744 
700 10 3.531568 24.355784 3.955126 80.165814 0.531798 62.183243 
750 11 3.509181 24.310847 4.069423 77.266476 0.594536 65.485405 
800 12 3.153755 23.941157 4.107423 72.195228 0.638659 91.055484 
850 11 3.098330 24.537760 4.160949 71.669732 0.781426 81.110263 
900 10 3.210927 24.296267 4.153606 68.437552 0.725905 73.664422 
950 11 3.134777 24.319495 4.165511 67.467525 0.590878 44.831690 
1000 11 3.249076 24.352609 4.139561 69.506908 0.674110 40.740580 
1050 12 3.217928 24.421513 4.183613 69.853186 0.692035 38.336853 
1100 12 3.155994 24.571603 4.154695 65.780980 0.581499 38.290898 
1150 12 3.120685 24.758750 4.168944 57.513063 0.750180 57.730576 
1200 12 3.386944 24.525966 4.203661 61.787829 0.737429 48.790011 
1250 11 3.300911 24.235677 4.228887 57.224076 0.648464 47.064420 
1300 11 3.048056 24.733536 4.282002 61.101698 0.726966 57.157201 
1350 11 3.106002 24.439161 4.440172 61.958806 0.698845 60.519847 
1400 11 3.230605 25.033362 4.456394 58.449631 0.670800 73.902195 
1450 11 2.949562 23.809401 4.466184 61.499368 0.720705 86.538342 
1500 11 2.992994 23.956363 4.494296 60.979307 0.678758 86.278820 
1550 10 2.856062 22.583936 4.558180 60.496835 0.771778 66.599212 
1600 10 2.815059 26.626866 4.577821 53.179140 0.747001 92.141283 
1650 11 2.774838 24.471107 4.656219 51.807862 0.730589 62.801326 
1700 11 2.743688 24.755732 4.662670 57.243913 0.752669 43.438023 
1750 11 3.187416 24.540032 4.734288 51.187395 0.680664 55.941052 
1800 11 3.486680 26.090990 4.869450 45.880371 0.652601 106.655979 
1850 11 3.130098 26.208145 4.839655 44.273756 0.749247 42.210440 
1900 10 2.951387 26.672485 4.770252 51.773672 0.651085 60.498636 
1950 10 2.864672 26.395857 4.759395 49.974802 0.520944 43.120904 
2000 11 3.060775 25.801544 4.742018 47.039893 0.612741 74.381021 
2050 11 3.037852 26.220263 4.735434 48.740206 0.628144 123.099274 
2100 11 2.786843 28.142674 4.711377 54.434619 0.684223 50.693065 
2150 11 2.639925 27.436974 4.791711 49.657669 0.640838 61.231000 
2200 11 2.659831 27.618871 4.787491 49.312892 0.707958 57.414051 
2250 11 2.979392 27.696159 4.823111 54.154904 0.654860 66.669942 
2300 10 2.968677 27.517699 4.825029 48.597384 0.683640 43.344802 
2350 11 2.990842 27.535059 4.745573 49.956953 0.593241 53.012015 
2400 12 2.897074 27.519463 4.683279 52.368116 0.667230 53.240241 
2450 11 2.623593 27.531764 4.773026 48.333073 0.620906 40.180121 
2500 11 3.242116 27.746675 4.767377 46.003431 0.667746 75.868815 
2550 11 3.065772 27.342991 4.746712 51.278196 0.731533 79.357403 
2600 11 2.754513 27.083689 4.807618 44.718768 0.798005 63.004295 
2650 10 2.759016 28.108633 4.738708 49.811477 0.836710 49.708640 
2700 11 2.495954 26.295494 4.805380 49.103690 0.887920 61.935682 
2750 12 2.931589 26.092950 4.849245 46.178837 0.536246 76.281741 
2800 10 2.848409 27.222184 4.832746 47.100655 0.888297 99.259491 
2850 11 2.943365 26.249956 4.784434 44.850912 0.654947 131.616481 
2900 11 2.634595 26.470006 4.826133 51.889118 0.579290 113.975352 
2950 11 2.918383 26.856251 4.825819 44.916681 0.609813 76.467261 
3000 10 3.001246 26.712559 4.801778 45.110647 0.810255 57.315863 
3050 11 3.202677 26.282617 4.783361 48.577946 0.786195 62.145882 
3100 11 3.215041 26.196930 4.776528 47.427562 0.673333 36.154652 
3150 11 3.156279 26.907907 4.713310 49.062653 0.771587 47.410621 
3200 11 3.198671 29.709494 4.729188 49.490134 0.591497 65.413023 
3250 10 3.167447 28.659812 4.663162 50.006836 0.666199 61.695076 
3300 11 3.070446 29.472652 4.623946 51.623505 0.761392 26.719929 
3350 11 3.146700 28.760898 4.778303 45.016504 0.617071 45.769275 
3400 12 3.220726 29.303242 4.772308 45.087697 0.842895 72.244706 
3450 11 3.006048 27.671905 4.794509 43.651020 0.635628 39.325125 
3500 10 2.909253 31.993470 4.778536 49.686539 0.642764 57.038763 
3550 12 2.933254 29.370645 4.729695 49.201565 0.654977 56.106748 
3600 11 3.014934 29.343442 4.805794 44.607745 0.714566 45.870322 
3650 11 3.245457 28.944136 4.860542 45.108236 0.718004 40.270368 
3700 11 3.057605 26.669928 4.850504 46.464251 0.722142 66.907707 
3750 11 3.028061 27.882104 4.886112 46.420800 0.661901 72.636446 
3800 11 3.111124 30.171137 4.858170 44.920223 0.657997 33.930541 
3850 11 2.958640 30.224317 4.895559 44.006523 0.618636 75.441224 
3900 11 2.972943 30.316531 4.904670 46.868653 0.800824 31.391308 
3950 11 3.034882 32.575208 4.892359 40.901719 0.589982 52.450068 
4000 11 2.988350 29.495259 4.855737 48.044902 0.638416 45.563994 
4050 10 3.062070 31.306466 4.844766 43.716635 0.697552 39.331355 
4100 11 3.041446 29.954511 4.812473 45.901590 0.636151 57.476162 
4150 11 3.118888 27.570848 4.797294 47.918970 0.678848 67.068417 
4200 11 3.267515 28.714160 4.829316 43.337745 0.688751 52.553007 
4250 11 3.405993 28.549355 4.793243 47.195916 0.632055 57.448469 
4300 11 3.251367 29.020868 4.788085 47.484151 0.825813 108.347548 
4350 10 3.030926 25.445623 4.732418 47.304521 0.609531 69.321989 
4400 11 2.715569 27.693742 4.694999 46.929755 0.825975 74.791919 
4450 11 3.380863 28.053448 4.726697 44.390480 0.700037 60.897173 
4500 11 3.096985 28.139175 4.749887 47.550626 0.763113 58.198713 
4550 10 3.040885 26.242153 4.839460 43.041465 0.657406 60.793917 
4600 10 2.951952 28.614533 4.769698 46.717335 0.676949 24.268250 
4650 10 2.995487 31.612627 4.740175 52.605801 0.541381 32.301854 
4700 11 2.898609 27.219419 4.788381 48.753438 0.674367 38.012254 
4750 11 3.428512 28.247285 4.766079 45.843536 0.642440 32.399897 
4800 11 3.204304 31.469894 4.818278 44.223927 0.681037 40.657145 
4850 11 2.969492 31.718891 4.821608 44.471433 0.590715 47.706446 
4900 10 2.845710 31.072574 4.851684 44.307572 0.588968 55.322871 
4950 11 3.220783 31.861881 4.865895 42.393018 0.493271 48.691661 
5000 11 2.869067 31.663356 4.840095 48.575068 0.709006 78.687525 
5050 11 2.777332 28.861251 4.849793 46.815643 0.767937 64.826718 
5100 11 2.932158 27.068402 4.823829 48.191096 0.620002 69.638782 
5150 11 2.929792 25.640849 4.823433 45.587831 0.614673 35.383601 
5200 11 3.263398 27.150571 4.803041 44.900542 0.551826 86.152803 
5250 11 2.973824 22.120433 4.814264 47.927538 0.670886 66.623795 
5300 11 2.980399 22.951571 4.831473 47.463371 0.694909 65.943202 
5350 11 2.683894 22.431525 4.814538 47.027996 0.600310 132.745702 
5400 11 2.602999 22.139682 4.766961 48.469934 0.756896 56.737477 
5450 11 2.657191 27.357850 4.780097 50.796074 0.533329 37.922622 
5500 11 2.814776 22.788942 4.832580 45.913700 0.685787 80.827495 
5550 11 2.457389 24.631183 4.870905 49.416230 0.562313 54.147507 
5600 11 2.220356 25.013647 4.857496 48.364289 0.697381 54.825876 
5650 11 2.916531 30.134220 4.843076 47.207668 0.672153 52.003874 
5700 12 2.939459 25.044313 4.842995 42.765560 0.634611 44.124499 
5750 11 2.933104 27.869898 4.824790 48.353688 0.713362 58.196482 
5800 12 2.723623 29.600971 4.808224 46.752301 0.768142 71.563619 
5850 11 2.921400 27.661363 4.801981 47.026005 0.770393 96.260181 
5900 11 2.940269 29.274823 4.791593 46.793719 0.522429 58.472555 
5950 10 2.866837 26.527612 4.829579 44.953022 0.561264 84.234825 
6000 10 3.038487 26.810973 4.763332 45.155883 0.804330 82.136684 
6050 11 2.767774 30.920861 4.775648 46.939874 0.735149 55.604333 
6100 11 2.613248 32.578373 4.799006 48.597881 0.594104 54.105096 
6150 11 2.495745 36.547902 4.855098 46.471270 0.579923 65.971826 
6200 11 2.747722 34.189551 4.859394 47.083235 0.529294 55.871308 
6250 11 3.109421 34.226422 4.842483 41.927789 0.687570 55.719877 
6300 10 3.068254 32.775909 4.837264 46.645430 0.709707 73.132286 
6350 11 3.023607 32.889213 4.801515 45.154140 0.588159 36.006041 
6400 11 3.029267 32.063058 4.884053 43.194728 0.539013 61.072819 
6450 11 3.003415 33.732183 4.883365 46.583006 0.675519 91.811644 
6500 10 2.948840 30.110900 4.865295 45.088335 0.674849 87.885715 
6550 11 2.613019 30.857873 4.858604 48.742083 0.697319 59.976294 
6600 11 2.418153 30.360167 4.858223 50.917185 0.670884 53.721587 
6650 11 2.795337 34.292130 4.862238 45.660701 0.646051 62.595242 
6700 12 2.650224 35.265410 4.905291 47.889619 0.641031 63.958100 
6750 11 2.534420 34.095298 4.864609 48.934438 0.723551 77.595699 
6800 11 3.149097 34.873497 4.882530 43.937869 0.545668 57.346313 
6850 12 3.186231 33.040621 4.867410 44.317222 0.800211 45.663149 
6900 11 3.119788 31.826427 4.882366 45.163588 0.681247 51.984966 
6950 11 3.293460 31.526421 4.847719 44.555244 0.859349 70.924733 
7000 11 3.334434 32.137098 4.885132 43.513795 0.770969 58.741924 
7050 11 3.234172 29.841298 4.898522 42.745147 0.594373 91.936707 
7100 11 3.540596 29.891568 4.863816 45.555225 0.709895 92.590874 
7150 11 3.258651 27.892645 4.851965 46.224762 0.659622 56.371878 
7200 11 3.609767 26.478447 4.821576 44.150091 0.657269 49.246333 
7250 12 3.335737 21.774580 4.817857 43.122603 0.677899 37.054282 
7300 11 3.874083 27.932891 4.808068 44.378640 0.839480 91.148371 
7350 11 3.046191 31.240753 4.801919 47.311252 0.644401 57.201739 
7400 11 3.296047 25.706725 4.833626 45.167228 0.702001 59.795114 
7450 10 3.313965 28.463133 4.865523 46.010368 0.650519 43.900811 
7500 11 3.447732 27.110092 4.853446 42.939199 0.652230 66.963843 
7550 12 3.060548 25.703152 4.826347 47.136896 0.711931 53.182125 
7600 11 2.567734 24.739417 4.848633 44.036008 0.794125 107.831762 
7650 11 2.861312 32.233179 4.796183 44.743894 0.567721 36.300284 
7700 11 2.976030 25.971189 4.789219 47.676284 0.664346 44.538216 
7750 11 2.938647 28.778801 4.758057 48.402562 0.689004 43.330314 
7800 11 2.855751 34.469828 4.749265 47.948396 0.611263 55.056756 
7850 11 3.111297 30.351573 4.719223 45.862781 0.618413 57.299303 
7900 11 2.650516 32.333140 4.739510 52.318337 0.766533 83.315258 
7950 12 2.897972 29.643101 4.751374 45.370980 0.639446 82.180554 
8000 12 3.079155 30.577601 4.736690 46.958852 0.651350 59.432270 
8050 11 2.835868 27.471034 4.733089 48.016209 0.771776 71.837955 
8100 11 3.120034 30.797987 4.739738 48.082867 0.770116 56.259213 
8150 11 3.103666 30.734826 4.732835 47.202318 0.750922 63.834264 
8200 11 3.181013 27.622452 4.736589 47.562447 0.696793 53.087845 
8250 11 3.148528 27.844594 4.737315 49.862476 0.695041 71.193092 
8300 11 3.269792 28.394190 4.714819 48.896074 0.667148 61.640663 
8350 12 3.045865 24.118163 4.666293 49.560156 0.748942 97.147459 
8400 11 2.744066 29.176932 4.726437 50.357455 0.624320 38.374869 
8450 11 3.117990 32.948005 4.807286 47.217416 0.713854 69.557333 
8500 12 3.090654 32.585394 4.854282 46.800390 0.618952 74.551820 
8550 11 2.962616 30.477655 4.858435 49.198818 0.546469 54.398337 
8600 11 3.017678 29.545107 4.818891 46.882083 0.678944 52.764552 
8650 11 3.160108 27.332725 4.779346 46.963660 0.777511 34.836420 
8700 12 2.987791 33.121104 4.781125 46.757081 0.602117 28.205883 
8750 10 3.016281 35.622600 4.748192 48.038971 0.654240 36.101515 
8800 12 3.445556 36.633398 4.741741 46.190121 0.643461 72.898720 
8850 11 3.354456 34.809560 4.755384 43.841774 0.689570 54.310530 
8900 11 3.557284 38.457197 4.722169 44.879784 0.590482 62.612106 
8950 10 3.352056 35.452360 4.647146 45.357773 0.724693 56.301573 
9000 12 3.276341 39.534800 4.677691 48.098638 0.557115 70.029581 
9050 10 2.888673 38.778472 4.673960 51.805478 0.670824 48.261999 
9100 11 2.781266 38.446394 4.676272 51.315289 0.635668 29.818044 
9150 11 2.937229 38.097357 4.648395 51.265172 0.766130 46.289744 
9200 11 3.136295 42.079795 4.620567 50.808591 0.674612 41.253053 
9250 10 3.299000 43.127322 4.609773 47.974712 0.709129 49.011736 
9300 11 3.002171 38.110639 4.640602 48.178746 0.537903 42.500551 
9350 10 2.540575 38.562471 4.613201 50.644755 0.731484 51.616495 
9400 11 2.807905 39.198684 4.660265 51.193080 0.682700 79.419296 
9450 11 2.896871 40.477252 4.665374 52.085645 0.540756 67.906071 
9500 11 2.861834 37.410941 4.681222 50.691914 0.776414 61.148917 
9550 11 2.788359 36.842064 4.705614 52.246998 0.576887 44.943179 
9600 12 2.726946 35.233864 4.678075 45.964781 0.588010 38.568090 
9650 11 2.620298 34.099496 4.675785 48.809195 0.625333 70.716972 
9700 11 3.001060 36.262479 4.669488 52.511699 0.617512 90.188559 
9750 11 3.119324 39.857607 4.690385 49.629275 0.572220 72.155169 
9800 11 2.988985 39.129948 4.691313 47.264775 0.657023 43.226675 
9850 11 2.833522 34.288319 4.666903 49.136667 0.775042 43.808297 
9900 12 2.617568 30.640641 4.621594 51.568870 0.682396 57.190524 
9950 11 3.145911 30.319570 4.584580 51.535930 0.642856 59.384550 
10000 11 2.945485 33.026552 4.650283 52.796174 0.811547 75.632129 
10050 10 3.046553 36.057587 4.697154 50.010207 0.643790 91.185265 
10100 12 2.978306 35.170051 4.762890 46.271220 0.703955 28.743639 
10150 11 3.031732 40.998283 4.748557 47.363047 0.805633 31.147390 
10200 11 3.088537 38.100917 4.689269 49.173695 0.791412 26.385528 
10250 11 3.014662 33.492207 4.711698 50.794414 0.564345 51.020578 
10300 10 2.983249 36.984751 4.692267 52.746499 0.638272 31.792218 
10350 11 3.377691 33.237639 4.692010 49.908323 0.703719 61.841610 
10400 11 2.951382 33.521850 4.740413 45.693144 0.826042 30.146542 
10450 12 3.107672 39.910445 4.761412 50.207318 0.580576 48.070456 
10500 11 3.110135 40.892882 4.764792 48.321906 0.790446 104.512894 
10550 11 3.330540 40.187136 4.753354 44.431732 0.603073 62.700008 
10600 11 3.127840 32.260627 4.698210 48.421316 0.682934 51.797849 
10650 11 3.097755 34.210483 4.715399 50.775053 0.705474 47.705606 
10700 11 3.451583 32.291043 4.649005 50.499623 0.923794 78.593424 
10750 11 3.444489 36.529422 4.700294 48.846290 0.509304 40.400350 
10800 11 3.382190 38.245782 4.645902 50.271734 0.680433 50.604644 
10850 11 3.311314 36.316284 4.655274 49.197622 0.781661 84.606203 
10900 11 2.924829 38.529833 4.617694 50.066609 0.616408 47.255579 
10950 11 3.120203 35.253222 4.618576 51.886763 0.766019 32.287227 
11000 11 3.468709 33.773859 4.616391 51.462839 0.741010 44.458596 
11050 11 3.230932 31.938420 4.662960 52.020682 0.795817 31.204818 
11100 11 3.039831 33.705241 4.686311 49.327967 0.891094 48.046225 
11150 10 3.156513 33.764044 4.693274 46.800457 0.569225 40.108053 
11200 11 3.043119 34.673703 4.676097 53.859174 0.724682 47.822587 
11250 11 2.973793 37.481071 4.623746 53.254505 0.635192 37.331553 
11300 12 3.149838 35.085842 4.621351 56.812803 0.568927 45.370626 
11350 11 3.213587 37.113120 4.636097 49.386635 0.652453 60.793827 
11400 11 3.125328 33.135727 4.618196 55.293656 0.600905 62.736176 
11450 11 2.938173 36.168484 4.616373 49.888764 0.638073 32.300836 
11500 10 3.239387 33.374915 4.578709 53.683987 0.758209 44.330869 
11550 11 3.305631 33.656983 4.569708 53.002749 0.680962 46.197373 
11600 10 3.372861 31.785352 4.563499 50.539660 0.681941 72.383370 
11650 11 3.356091 37.028598 4.542594 52.139804 0.594635 67.525644 
11700 11 3.131330 35.746093 4.545189 51.332130 0.625440 104.092634 
11750 11 3.038206 31.517183 4.569940 51.181394 0.748164 91.961755 
11800 11 3.150819 29.620918 4.544853 53.904825 0.637323 85.048435 
11850 11 3.059428 33.884081 4.597316 52.337908 0.504514 30.611205 
11900 11 3.085582 31.604404 4.647407 49.860550 0.648744 46.417915 
11950 11 2.987425 34.392417 4.696502 48.048465 0.782981 33.705004 
12000 11 3.017172 34.353650 4.706484 48.358672 0.587407 34.482336 
12050 11 3.540407 33.605428 4.724483 47.581293 0.721810 55.373900 
12100 10 3.204188 33.006343 4.720431 46.477018 0.660590 41.462544 
12150 11 3.237917 35.765656 4.703369 47.321733 0.615528 67.275358 
12200 11 3.069561 28.821223 4.724056 46.918501 0.748426 40.272216 
12250 11 2.974903 31.675480 4.740312 44.624630 0.658723 41.108760 
12300 11 2.800041 28.794830 4.772920 49.550525 0.549439 45.611111 
12350 11 2.903046 30.129967 4.787342 48.014593 0.662070 51.500934 
12400 11 2.997796 27.760796 4.768625 48.392261 0.707321 62.638302 
12450 12 3.197856 28.338277 4.773137 48.948461 0.630659 54.339082 
12500 11 3.415223 32.244129 4.750092 44.086105 0.675553 67.852204 
12550 11 3.219155 36.322727 4.842824 46.287363 0.613042 33.243380 
12600 11 2.322460 37.182216 4.842324 48.813637 0.600649 46.359633 
12650 11 2.820770 37.162244 4.810293 48.283606 0.570365 51.750768 
12700 12 3.282291 37.716666 4.804987 44.887069 0.680714 46.785962 
12750 10 3.249778 34.942614 4.802289 45.023544 0.742280 45.165835 
12800 11 3.093344 36.878374 4.828897 46.581913 0.518909 68.813371 
12850 11 3.346567 34.411990 4.844715 46.428551 0.772101 38.906172 
12900 11 3.106394 33.149455 4.852034 46.283590 0.817547 63.968419 
12950 11 2.930830 33.571844 4.858010 46.067910 0.612957 134.908582 
13000 11 3.195706 37.610308 4.853825 44.055691 0.635057 54.929965 
13050 11 3.209658 37.084908 4.845350 43.486995 0.685654 70.873166 
13100 11 3.236436 38.564542 4.786169 46.160997 0.649695 80.680821 
13150 11 3.310119 41.135642 4.798383 49.753149 0.737561 111.614205 
13200 10 3.140111 41.562744 4.742791 49.607370 0.762016 50.792657 
13250 11 3.346180 42.040113 4.728526 46.986244 0.607527 40.701326 
13300 11 3.182384 42.497459 4.705567 43.426800 0.611551 51.682990 
13350 11 3.316117 41.372693 4.767832 47.572850 0.614341 59.269336 
13400 11 3.117908 41.473083 4.787001 45.635435 0.624820 69.279394 
13450 11 3.278265 42.219647 4.791378 47.550650 0.801179 59.891578 
13500 11 3.023424 40.646506 4.779462 46.749715 0.650751 32.340348 
13550 11 3.073050 40.791229 4.800267 47.929516 0.621418 44.524016 
13600 11 2.942683 40.804275 4.767740 49.147214 0.651598 86.975947 
13650 11 3.045698 41.329405 4.781884 47.905381 0.650700 45.001297 
13700 11 3.285901 41.285628 4.787713 50.289768 0.698218 49.635125 
13750 11 3.235752 39.134926 4.739033 48.228321 0.670361 74.950338 
13800 12 3.194188 38.392875 4.684935 46.635568 0.683119 62.885627 
13850 11 3.071275 39.757188 4.658089 50.905387 0.593281 45.310560 
13900 11 3.127757 37.768676 4.617374 50.724299 0.507280 67.591413 
13950 11 3.026390 37.763685 4.590336 56.670674 0.732941 54.499070 
14000 11 3.147382 37.193011 4.582150 53.342780 0.758042 42.100457 
14050 11 3.175738 36.084013 4.562477 56.450975 0.849211 71.541610 
14100 12 2.948670 39.335950 4.588983 52.691751 0.761759 84.018721 
14150 11 3.182365 39.433733 4.575491 52.445004 0.605085 41.144403 
14200 12 2.984546 39.476154 4.568604 52.786482 0.827544 40.948552 
14250 11 3.011261 40.941182 4.657155 49.909379 0.690971 77.051731 
14300 11 2.975838 39.649105 4.625196 49.170542 0.841655 97.830642 
14350 10 2.717212 38.751545 4.600723 53.627616 0.749646 72.020026 
14400 11 2.815928 41.058984 4.645158 50.374549 0.910028 74.059246 
14450 11 2.866597 40.450436 4.619339 55.171092 0.581180 44.440288 
14500 11 2.827963 34.875022 4.584962 58.700529 0.697516 49.936370 
14550 11 2.873391 31.238120 4.571084 54.790875 0.540746 46.931336 
14600 11 2.992939 33.111356 4.592511 55.737940 0.689489 73.036472 
14650 11 3.341235 33.201882 4.605510 49.950857 0.644081 85.715100 
14700 11 3.399667 38.661395 4.628928 49.525177 0.624442 82.622982 
14750 11 3.644278 39.924175 4.669879 49.605118 0.736485 50.126345 
14800 11 3.241276 42.868383 4.698340 47.253329 0.719254 65.885273 
14850 11 3.311688 42.540371 4.695193 48.375505 0.684756 37.953106 
14900 11 3.059274 44.536622 4.723521 43.747801 0.612911 64.479174 
14950 11 3.041596 45.658841 4.717021 49.370866 0.710207 79.506250 
15000 11 3.238670 45.230192 4.745981 47.463348 0.600165 46.863866 
15050 11 2.830471 42.216595 4.776603 45.432000 0.575066 40.950844 
15100 11 2.890728 37.751748 4.768878 48.343178 0.621395 43.345379 
15150 11 3.267851 45.225106 4.734027 46.613364 0.627351 49.435754 
15200 11 3.346676 43.057131 4.701958 47.741576 0.721691 31.952455 
15250 10 3.003611 45.719012 4.720217 51.143626 0.776703 38.401045 
15300 11 3.332590 44.806562 4.759155 47.621460 0.614876 29.856965 
15350 11 2.695417 41.997214 4.779000 46.960427 0.674894 50.696073 
15400 11 3.216021 46.735994 4.782493 43.880049 0.687713 42.192223 
15450 11 3.212154 35.906158 4.796923 44.888654 0.783374 87.465926 
15500 10 3.273896 40.898936 4.769396 43.457435 0.790620 54.582074 
15550 11 3.735512 41.328049 4.745919 44.805574 0.765698 52.461683 
15600 10 3.380990 39.678208 4.775566 44.319165 0.683900 43.921812 
15650 11 3.096198 40.069538 4.697597 44.002793 0.698367 39.303619 
15700 11 3.151383 36.775453 4.710566 49.016333 0.625760 30.227306 
15750 11 3.021977 39.151539 4.722908 45.417900 0.593522 39.049034 
15800 10 3.032338 34.000252 4.720857 45.577171 0.738016 54.011130 
15850 11 3.024763 33.226251 4.674497 48.911320 0.647895 46.085985 
15900 11 3.118437 34.757677 4.660757 48.187820 0.609427 25.351658 
15950 12 2.974706 34.762878 4.668985 47.478929 0.740357 47.292490 
16000 12 2.992853 28.874779 4.715662 46.184080 0.780880 69.231633 
16050 11 2.830481 27.650649 4.723078 50.915806 0.710354 49.760145 
16100 11 3.020127 34.362226 4.687908 46.797341 0.715714 67.985097 
16150 11 3.236189 27.325294 4.672026 50.151207 0.656330 34.980337 
16200 11 3.258821 33.889513 4.671366 46.445150 0.669049 70.111518 
16250 10 3.213857 33.735739 4.642400 50.242645 0.671426 44.508186 
16300 11 3.405276 32.595556 4.635454 49.709293 0.638565 38.510982 
16350 11 3.262591 32.241684 4.617572 46.922494 0.747457 33.064510 
16400 11 3.495282 32.035029 4.678331 48.777499 0.812223 66.279448 
16450 11 3.319775 32.718325 4.726325 47.326604 0.700851 38.955639 
16500 11 3.013786 26.354109 4.755228 46.870307 0.642639 51.455415 
16550 11 2.842825 30.832019 4.758612 46.794693 0.686892 56.763240 
16600 11 3.099667 36.861295 4.782702 46.886192 0.594452 78.625446 
16650 11 3.092112 38.193749 4.795503 46.865207 0.652339 35.648802 
16700 11 2.852460 40.375031 4.794930 46.693585 0.692050 39.518225 
16750 12 2.983370 37.211448 4.778652 46.272542 0.639540 69.361404 
16800 11 3.135248 34.482607 4.772233 46.175421 0.570464 81.875627 
16850 11 2.890377 31.280320 4.765368 45.618610 0.668204 57.078867 
16900 11 3.153359 31.129550 4.761329 45.858410 0.720822 51.005344 
16950 11 3.247666 33.854639 4.754116 45.898109 0.564438 60.404242 
17000 11 3.511880 36.498130 4.785856 44.331477 0.762216 79.786542 
17050 11 2.987885 35.208682 4.812621 46.154345 0.837924 81.700101 
17100 11 3.151248 38.109734 4.814387 46.443320 0.712672 118.250653 
17150 10 2.952569 32.083288 4.833974 46.744060 0.656092 74.534380 
17200 12 3.091823 35.376140 4.817845 44.022742 0.578461 89.891195 
17250 11 3.414862 38.062327 4.782687 46.907088 0.705238 90.372989 
17300 11 3.555240 36.095396 4.782132 45.351126 0.700136 94.583163 
17350 11 3.202580 30.399903 4.786198 45.592022 0.779267 63.559220 
17400 11 3.330837 28.480716 4.770008 44.764080 0.746994 54.567356 
17450 10 3.506365 34.200099 4.771758 45.925699 0.636597 63.011475 
17500 11 3.140399 33.839251 4.804281 45.915979 0.753452 84.040902 
17550 11 3.404567 35.431103 4.797310 46.354312 0.686698 130.914721 
17600 11 3.130531 35.957044 4.792395 46.027985 0.871712 63.897596 
17650 10 3.176364 36.835304 4.782804 45.711618 0.684682 35.254241 
17700 11 2.975339 38.117088 4.784338 45.160615 0.572799 55.813625 
17750 10 3.197820 40.541773 4.777328 47.908734 0.664733 54.725417 
17800 11 3.113314 38.518123 4.789315 45.809493 0.720160 77.858039 
17850 10 3.109173 38.944816 4.821171 45.838099 0.686501 66.946541 
17900 12 3.219505 33.592121 4.817560 47.720446 0.791442 53.823646 
17950 10 3.543882 32.855578 4.825784 47.005955 0.840155 52.817581 
18000 11 3.415703 31.957731 4.802180 47.236577 0.726058 58.568395 
18050 11 3.346419 32.574446 4.784901 46.791870 0.806476 42.418863 
18100 11 3.084600 37.654957 4.769752 46.614084 0.646970 82.996189 
18150 11 3.361681 37.962917 4.750534 46.560031 0.691260 85.813902 
18200 11 2.721449 33.651396 4.742566 46.715579 0.590579 39.348095 
18250 11 2.906512 26.634792 4.760967 47.137195 0.652276 55.968882 
18300 11 3.102995 34.774187 4.750267 46.219647 0.831148 64.262551 
18350 11 2.710716 31.446506 4.735994 48.745891 0.594667 76.419541 
18400 11 3.252885 34.218141 4.733315 48.656457 0.905135 43.960233 
18450 11 3.225059 35.745871 4.720814 48.870006 0.590177 47.143303 
18500 11 3.098345 30.769447 4.751767 45.122582 0.710716 38.909148 
18550 11 3.337512 37.240682 4.753688 46.730073 0.711666 59.549860 
18600 11 3.346526 31.478975 4.771524 45.979729 0.633294 60.104511 
18650 10 3.202383 34.878521 4.724423 45.553412 0.720249 50.002352 
18700 12 3.215050 30.195942 4.698463 46.398155 0.743436 60.239026 
18750 10 3.558492 34.138394 4.726653 47.012417 0.737662 52.607427 
18800 10 3.101678 38.302630 4.704333 45.075005 0.629392 33.807147 
18850 11 3.002401 31.537613 4.693477 45.887743 0.675669 44.555718 
18900 10 3.136349 33.390753 4.655660 46.664481 0.653531 42.630583 
18950 11 3.453758 33.168070 4.640625 47.750784 0.796873 83.949772 
19000 10 3.227422 29.692684 4.671165 46.078060 0.595736 51.476809 
19050 11 3.454454 31.433125 4.696862 46.773042 0.608792 60.666877 
19100 10 3.253678 30.401379 4.684795 46.933490 0.634851 119.595728 
19150 11 3.106503 34.600797 4.712276 53.257406 0.750715 68.080680 
19200 12 3.280995 34.418066 4.718126 44.311265 0.680552 48.440765 
19250 12 3.139294 30.764430 4.678216 46.548999 0.652763 122.618505 
19300 11 3.015271 35.446178 4.738680 46.795521 0.648744 94.693787 
19350 11 3.006418 35.271694 4.776101 49.377896 0.808251 46.349526 
19400 11 3.328025 30.540635 4.776658 48.490626 0.701578 53.398712 
19450 11 3.101362 30.703433 4.796495 43.066581 0.613723 60.733866 
19500 11 3.098996 35.131257 4.838077 46.903320 0.675280 56.275110 
19550 11 3.380980 33.385896 4.837297 44.256112 0.796699 45.975704 
19600 10 3.228274 32.676080 4.893356 45.923438 0.792851 53.861892 
19650 11 3.106677 29.550217 4.883035 44.100367 0.628421 82.078039 
19700 11 2.751374 35.752783 4.890466 42.393259 0.607488 76.766268 
19750 10 2.870028 34.600697 4.875074 44.672196 0.575596 58.063308 
19800 11 2.893913 31.552235 4.891770 44.967067 0.733228 79.668966 
19850 11 3.090107 34.405578 4.882820 44.912167 0.607349 40.233579 
19900 11 2.632863 37.510300 4.901060 44.019924 0.669037 36.814897 
19950 11 2.586130 31.608566 4.883281 44.982446 0.727835 68.875508 
20000 11 2.344393 32.819576 4.873427 44.153577 0.675277 46.910403 
20050 11 2.807405 32.500273 4.881946 45.474747 0.731143 68.929458 
20100 10 3.177165 34.823596 4.896261 43.645197 0.639404 44.072658 
20150 10 3.213743 36.415854 4.898626 41.493011 0.703168 57.056113 
20200 10 3.132507 33.320202 4.906693 44.686794 0.678994 51.682387 
20250 12 2.384591 33.328856 4.918029 45.564337 0.777366 66.266467 
20300 11 2.882844 32.985630 4.919256 40.124245 0.680459 40.015199 
20350 12 2.848884 30.594700 4.901133 41.987884 0.568322 52.585417 
20400 11 2.919197 32.691822 4.890734 47.473383 0.752634 67.423456 
20450 11 3.027877 34.367279 4.904477 43.159705 0.636956 80.508816 
20500 11 2.839854 32.198989 4.919390 44.454136 0.621862 50.174117 
20550 11 2.799652 33.959640 4.907143 44.239626 0.668672 54.970508 
20600 11 2.870370 34.404557 4.881206 45.896478 0.687161 43.126173 
20650 11 3.125239 36.198853 4.926552 42.956429 0.735638 62.770613 
20700 11 2.427638 32.791775 4.897523 45.988353 0.608552 32.834309 
20750 11 2.903536 30.826442 4.883293 45.753664 0.734985 87.099594 
20800 10 2.708726 32.472049 4.884499 46.443283 0.625457 59.050748 
20850 11 2.609796 34.058001 4.868651 46.251089 0.714479 48.169880 
20900 12 2.835736 27.672760 4.852470 47.697514 0.714826 37.345190 
20950 10 2.817345 30.246161 4.814060 49.148235 0.630921 28.369015 
21000 11 2.565167 28.842298 4.834877 47.213841 0.572750 46.869167 
21050 11 3.200856 28.359267 4.766890 44.871596 0.675107 38.448923 
21100 11 3.431717 36.185043 4.792697 43.955951 0.725770 52.460109 
21150 10 3.099388 31.920168 4.757697 48.969068 0.686701 96.378873 
21200 10 3.380830 27.015385 4.725031 46.846950 0.542238 55.245416 
21250 11 3.531383 29.951691 4.765723 46.218449 0.809182 66.254926 
21300 11 3.254470 24.831786 4.728963 49.609118 0.704450 63.283194 
21350 11 3.209804 26.556321 4.717079 48.958433 0.793840 45.768724 
21400 10 3.186865 24.709406 4.737231 51.466823 0.618936 44.787409 
21450 12 3.053332 29.850363 4.729087 48.796002 0.705608 29.424731 
21500 11 3.090879 21.915398 4.755450 50.291742 0.730203 50.064760 
21550 11 3.233625 24.308260 4.754757 43.959536 0.666103 36.360568 
21600 11 3.378858 32.157728 4.766019 45.993477 0.698743 53.087334 
21650 11 2.987532 23.577330 4.800756 50.966270 0.713513 42.154220 
21700 11 3.053855 30.217421 4.784836 48.913217 0.562429 34.303954 
21750 11 3.467377 29.663230 4.804523 46.329845 0.556977 54.945140 
21800 11 3.274204 30.579719 4.833578 47.279283 0.733301 82.669192 
21850 11 3.147636 31.098084 4.883562 43.450802 0.660220 43.837231 
21900 11 3.083931 31.277319 4.891397 45.830217 0.652831 71.888270 
21950 11 3.207907 28.437806 4.916548 42.881652 0.592591 66.914390 
22000 11 3.090549 30.657305 4.941998 43.144196 0.641285 61.365437 
22050 11 3.068533 29.848650 4.895552 44.295418 0.632580 65.637494 
22100 12 3.125387 36.442960 4.887966 43.598323 0.651623 57.141664 
22150 11 3.262750 31.834175 4.894590 45.095128 0.847194 93.703573 
22200 11 3.072041 34.519479 4.885187 40.090992 0.783597 58.253928 
22250 11 3.056122 37.414863 4.919513 41.975964 0.679812 74.745913 
22300 11 3.090586 37.685371 4.869975 46.011058 0.644189 87.710084 
22350 11 3.126622 36.395105 4.860162 43.798807 0.708993 117.409674 
22400 12 2.902779 35.729799 4.878338 44.812017 0.778260 51.513613 
22450 11 3.042724 31.572470 4.888997 43.385374 0.769624 63.118568 
22500 11 3.149628 28.389651 4.915165 45.370291 0.688962 37.393853 
22550 11 3.166022 26.752086 4.876788 45.675784 0.631460 57.668974 
22600 11 3.171095 38.429570 4.847138 45.166705 0.680194 52.669184 
22650 12 3.347855 31.849216 4.831456 44.955711 0.731159 64.578774 
22700 11 3.278572 30.286624 4.808746 43.383207 0.822469 63.635237 
22750 11 3.434528 31.934162 4.768999 49.262064 0.770295 56.124756 
22800 11 3.001324 34.232829 4.728139 45.112644 0.582365 50.100430 
22850 11 3.231440 32.346708 4.735060 45.881319 0.633233 34.264575 
22900 11 3.297002 31.438608 4.774346 46.189518 0.715441 48.417211 
22950 11 3.599594 31.878996 4.712189 44.762668 0.652892 65.807530 
23000 11 3.853742 32.796487 4.704828 44.907865 0.558113 43.621085 
23050 11 3.569180 33.301862 4.719091 49.286705 0.867550 69.199301 
23100 11 3.499010 32.194669 4.700464 49.287310 0.582004 62.729483 
23150 11 3.561984 29.225640 4.683369 49.933727 0.661740 58.115848 
23200 11 3.262473 28.049237 4.725250 46.975281 0.794349 64.688199 
23250 11 2.932893 31.526893 4.711317 51.318566 0.702599 38.410231 
23300 11 3.055057 30.726333 4.740308 51.349063 0.808496 47.195359 
23350 10 3.179749 31.266837 4.745595 48.181823 0.714078 54.253408 
23400 12 2.851721 32.925234 4.748335 52.004408 0.724367 36.761434 
23450 11 3.226105 41.650601 4.729017 45.468261 0.849750 75.443298 
23500 11 3.296361 39.438857 4.718862 47.509710 0.543910 67.642355 
23550 11 3.342187 33.500950 4.800538 47.326910 0.629969 60.517953 
23600 11 3.871121 32.035467 4.769378 46.261073 0.607212 95.802669 
23650 11 3.824627 28.367749 4.767007 45.213359 0.734150 63.223347 
23700 11 3.618397 25.172923 4.801844 44.196647 0.651241 44.981708 
23750 11 3.365075 31.495012 4.812302 45.544386 0.720458 53.817302 
23800 10 3.105369 34.670698 4.752503 49.955843 0.720879 82.189061 
23850 11 3.057290 30.019247 4.717523 50.014449 0.651348 47.276413 
23900 11 2.695903 29.137588 4.791556 48.812310 0.752500 29.539499 
23950 11 2.677045 29.162808 4.820695 48.167605 0.794024 55.975350 
24000 11 3.015782 30.738130 4.816495 49.845413 0.674207 71.808820 
24050 11 2.529965 23.203723 4.813839 53.495947 0.627489 81.364751 
24100 11 3.316053 25.977103 4.733553 49.446349 0.635815 66.809533 
24150 11 3.441104 25.761186 4.711008 48.426382 0.835589 33.646187 
24200 11 3.266482 28.104754 4.746269 46.683309 0.591139 42.236010 
24250 11 3.288129 22.276821 4.760451 45.604512 0.666277 39.221804 
24300 11 2.868152 27.734307 4.762243 48.019963 0.615596 51.932307 
24350 11 2.994861 27.187324 4.773963 49.928197 0.712722 82.571323 
24400 12 2.887422 32.049779 4.728691 48.873519 0.702057 91.373133 
24450 11 3.045445 26.912495 4.733198 48.733175 0.708906 72.269003 
24500 11 3.064563 23.521991 4.724586 52.269201 0.839377 74.290643 
24550 11 3.128930 30.453457 4.692846 52.002907 0.635295 62.520737 
24600 11 3.130639 33.143154 4.717673 50.350915 0.805117 34.594537 
24650 10 3.478950 28.201975 4.704293 48.064852 0.706250 26.093676 
24700 11 3.293150 28.712188 4.669563 51.333838 0.711084 32.042555 
24750 11 3.495253 33.191222 4.680239 46.538305 0.574468 46.625855 
24800 11 3.410684 26.704051 4.687738 49.520573 0.738112 52.669485 
24850 11 2.946598 33.570042 4.665174 49.105806 0.756415 96.939185 
24900 10 3.165852 35.789317 4.690816 47.198826 0.913765 67.628061 
24950 11 3.140869 36.641626 4.675914 48.487641 0.703546 41.174514 
25000 11 3.027562 31.281685 4.694287 45.367308 0.675622 42.797767 
25050 11 3.370544 35.459258 4.627161 53.402775 0.701296 60.441181 
25100 11 3.242430 33.556647 4.650472 48.853956 0.756972 91.540519 
25150 11 3.115617 40.637414 4.658688 50.274729 0.656197 43.587316 
25200 12 2.987926 36.434420 4.677455 45.363005 0.798594 83.133660 
25250 11 3.121385 39.839448 4.649212 46.242826 0.596718 58.345431 
25300 11 3.067447 35.143252 4.658057 50.295614 0.525778 58.245592 
25350 11 3.073830 33.208799 4.631925 49.278322 0.689043 54.226952 
25400 11 3.293788 31.822695 4.589434 50.274161 0.725637 82.014912 
25450 11 3.269823 32.525117 4.647375 52.018034 0.669890 78.245869 
25500 11 3.350464 32.509455 4.667889 49.627804 0.663672 32.934722 
25550 11 3.337623 35.332711 4.692725 49.241669 0.749478 82.694488 
25600 11 3.347463 35.202333 4.696571 49.778509 0.775319 70.479725 
25650 11 3.197208 29.903616 4.696306 48.605394 0.598851 68.130804 
25700 11 3.375814 30.099397 4.683754 47.597283 0.657647 50.333340 
25750 11 3.316439 34.654955 4.695588 48.149895 0.644263 69.179458 
25800 11 3.317986 29.803367 4.698165 48.496770 0.770182 47.147511 
25850 11 3.046632 29.329948 4.697512 45.139151 0.714288 46.932446 
25900 11 3.341596 31.698684 4.708545 48.024643 0.738686 64.329074 
25950 11 3.062293 33.125136 4.758191 48.967465 0.683413 42.903833 
26000 10 3.106157 32.300897 4.812469 48.723089 0.698913 71.121574 
26050 11 3.104828 33.883803 4.816171 47.331922 0.600973 50.858709 
26100 11 3.344656 34.734822 4.831170 48.390657 0.738474 58.137688 
26150 11 3.312449 30.242807 4.824437 47.037284 0.593496 52.820772 
26200 11 2.761874 24.789003 4.825080 49.043397 0.746870 35.134381 
26250 11 2.490758 28.300367 4.874263 45.235543 0.672547 36.054727 
26300 11 3.168289 30.402002 4.874150 45.889974 0.734701 30.786620 
26350 11 2.803995 33.130675 4.860850 45.406476 0.672665 69.057036 
26400 11 2.892975 31.749952 4.836726 46.133878 0.676255 56.882638 
26450 10 2.909480 30.781021 4.854870 45.146994 0.608697 45.360953 
26500 11 2.960926 22.162070 4.793128 45.595018 0.540306 46.448084 
26550 11 3.174942 24.830650 4.757811 48.220538 0.574526 41.947368 
26600 11 3.203619 21.721300 4.816838 46.175330 0.762174 58.886866 
26650 10 3.535622 28.608927 4.802613 47.548713 0.685460 77.190478 
26700 11 3.117782 30.689511 4.787694 48.259412 0.715976 60.076900 
26750 11 2.999366 31.842584 4.738040 50.368654 0.741363 47.379704 
26800 12 2.843192 27.515994 4.691379 49.450449 0.729373 82.461453 
26850 11 2.965458 26.753250 4.731796 49.973553 0.614794 50.561980 
26900 11 2.567269 30.316667 4.756803 49.396746 0.703259 81.290100 
26950 11 2.573427 26.660547 4.709517 51.264522 0.853045 129.024941 
27000 11 2.767201 27.939678 4.758951 49.535193 0.671549 60.312156 
27050 11 3.066735 28.047252 4.773547 45.444604 0.643420 51.101475 
27100 11 3.298305 30.354300 4.788919 45.747286 0.628537 86.052301 
27150 11 2.902401 19.212623 4.793388 50.606407 0.811598 69.423767 
27200 11 3.013187 25.468603 4.796737 48.202844 0.583094 63.420528 
27250 11 3.248925 27.707803 4.816169 51.273888 0.722963 78.540644 
27300 11 3.111748 25.402716 4.764514 51.304875 0.790604 45.700516 
27350 11 2.919757 28.786788 4.778658 49.537790 0.777611 49.760826 
27400 11 2.868033 35.844499 4.751914 49.967215 0.666692 73.069312 
27450 11 2.881426 30.611015 4.719179 49.682016 0.723211 68.009674 
27500 11 3.238817 29.043517 4.690406 47.620298 0.753733 91.357037 
27550 11 2.887265 26.786192 4.701191 48.207935 0.566037 59.545719 
27600 11 3.078363 26.643272 4.721612 47.774872 0.681104 36.868843 
27650 11 3.307421 31.391155 4.706589 47.526194 0.656881 77.099233 
27700 11 3.417787 35.701021 4.727084 49.055408 0.713034 45.771546 
27750 10 3.564776 29.154248 4.695239 46.867017 0.683564 60.132290 
27800 11 3.346083 32.373495 4.673704 46.915324 0.782775 42.773342 
27850 10 3.173023 37.385679 4.686524 46.727336 0.695751 49.742873 
27900 11 3.515593 38.081645 4.698639 45.972975 0.671331 40.092962 
27950 10 3.402720 36.620638 4.705591 46.694645 0.568601 65.012772 
28000 11 3.268036 41.478375 4.704854 45.367871 0.610630 44.029599 
28050 12 2.899322 41.905469 4.706670 47.155014 0.662857 80.101749 
28100 11 3.116713 38.414045 4.696327 47.224537 0.677363 45.042688 
28150 10 2.998965 39.465022 4.725809 46.526041 0.808857 48.588742 
28200 11 3.098607 39.442961 4.744630 46.385869 0.503332 33.243378 
28250 10 3.147438 38.018892 4.714761 44.752326 0.906499 35.904809 
28300 11 2.908737 37.041643 4.702482 46.767698 0.655305 50.075474 
28350 11 2.934796 38.682729 4.703171 45.295611 0.580637 56.602696 
28400 11 3.060227 41.422799 4.716641 45.958224 0.687657 50.080139 
28450 10 3.096050 45.864848 4.730036 45.959946 0.696703 39.502169 
28500 11 3.221151 42.555854 4.751649 44.907545 0.863118 51.105139 
28550 11 3.082942 41.370839 4.751649 44.907545 0.617570 26.270353 
28600 11 3.142010 39.610554 4.750214 44.498204 0.612341 64.411249 
28650 11 3.475754 37.096652 4.743753 44.334858 0.755095 52.155027 
28700 11 3.815744 43.626995 4.746008 45.005887 0.665777 67.601255 
28750 11 3.402311 44.740440 4.747678 45.292509 0.747595 32.725183 
28800 11 3.553819 38.978239 4.726084 47.261099 0.619932 37.643953 
28850 11 3.425734 36.705366 4.692041 43.699301 0.728098 35.801244 
28900 11 3.656261 32.687052 4.657408 42.872325 0.798662 45.229678 
28950 11 3.815937 33.441812 4.703400 45.554751 0.753283 112.415505 
29000 11 3.400412 30.082001 4.717008 47.258847 0.814939 50.495958 
29050 11 3.391443 33.284332 4.746153 46.562265 0.585388 60.012787 
29100 11 3.678449 35.143162 4.789056 46.196023 0.680963 30.371935 
29150 11 3.220158 36.331398 4.737600 46.128892 0.808645 42.400215 
29200 11 3.263818 35.497648 4.732294 46.160928 0.627593 20.038117 
29250 12 3.054022 27.662553 4.769723 47.283980 0.637166 39.408261 
29300 11 2.976758 28.405557 4.755194 46.713972 0.537172 37.446680 
29350 11 3.184531 28.562035 4.740761 45.088157 0.784382 61.424858 
29400 11 2.821310 35.296049 4.760690 46.003698 0.665220 62.748613 
29450 11 2.926715 27.716411 4.758934 47.285058 0.671560 40.983828 
29500 11 2.976987 24.980906 4.760625 44.276291 0.712160 36.066037 
29550 10 3.098228 25.643559 4.750774 47.128061 0.679017 44.246790 
29600 11 3.066048 28.736245 4.786482 46.407409 0.655776 41.875868 
29650 12 3.149962 22.757035 4.780455 47.092898 0.596585 46.711001 
29700 11 3.028743 29.027826 4.795729 48.486678 0.804606 86.243794 
29750 11 3.073533 16.050748 4.790435 44.949762 0.694061 59.596440 
29800 11 2.948049 16.813080 4.817651 46.412351 0.589221 67.539524 
29850 11 2.637856 22.624002 4.812060 45.660710 0.793237 67.092469 
29900 11 2.608909 23.950412 4.832409 48.606794 0.660845 57.447143 
29950 11 2.713502 28.169699 4.820159 49.501127 0.711559 80.829638 
30000 11 2.928884 25.402708 4.814723 45.979384 0.619082 48.035103 
30050 11 2.887519 24.428489 4.797838 46.604039 0.745548 53.406515 
30100 11 3.414019 27.312846 4.728996 47.985935 0.627589 53.188997 
30150 10 3.110621 24.022084 4.752974 49.295534 0.768633 52.252566 
30200 11 3.070955 26.883961 4.714603 49.259772 0.903142 86.612765 
30250 11 3.159640 24.437106 4.705275 48.764733 0.685024 84.319904 
30300 11 3.111883 25.294537 4.653891 54.309786 0.749719 73.518260 
30350 12 3.358728 23.836290 4.657670 50.112741 0.578929 50.281084 
30400 11 3.324989 23.334980 4.660930 52.640723 0.603384 69.360504 
30450 12 3.100955 22.171983 4.663462 50.829440 0.655973 55.602912 
30500 11 3.290832 24.235514 4.713593 52.992960 0.615853 62.130613 
30550 10 3.393424 23.044076 4.725482 45.747145 0.690933 49.737686 
30600 11 3.246596 23.489417 4.736494 47.448433 0.749047 27.594421 
30650 11 2.829380 31.337439 4.743773 48.685305 0.600450 26.170604 
30700 11 2.520392 23.664121 4.784045 47.943232 0.808945 74.171720 
30750 11 2.875831 27.051059 4.749394 49.122246 0.747127 63.079007 
30800 11 2.710791 15.640975 4.729219 47.865778 0.780511 35.840798 
30850 11 3.047294 26.379573 4.726821 46.599354 0.632056 74.741858 
30900 11 2.873959 26.071712 4.682395 49.302952 0.748128 31.225042 
30950 10 2.825180 34.985176 4.665768 47.373090 0.657329 26.815397 
31000 11 2.928435 31.214585 4.668093 49.778641 0.608838 45.916747 
31050 11 3.010140 34.823959 4.676508 49.836004 0.766350 36.167744 
31100 11 3.049152 38.728934 4.730804 49.387242 0.644918 40.270729 
31150 11 3.353033 32.318545 4.729624 48.342947 0.561297 63.718786 
31200 11 3.194191 31.134731 4.740316 49.150596 0.810280 43.986711 
31250 11 3.175151 34.589679 4.720723 49.314347 0.712470 49.262405 
31300 11 3.188183 32.762683 4.753674 48.731019 0.672734 70.647788 
31350 11 3.141495 37.339771 4.710978 50.433937 0.628714 67.062473 
31400 10 2.810745 28.383553 4.695938 52.103189 0.752207 52.075600 
31450 11 2.722756 26.904911 4.703643 51.404754 0.704759 66.641238 
31500 11 2.858770 27.625375 4.660718 51.840766 0.552148 71.390458 
31550 11 3.007696 20.729271 4.714319 51.042347 0.694469 75.862940 
31600 11 2.926657 25.333657 4.732952 50.982396 0.581013 75.120102 
31650 11 3.035704 24.276082 4.722745 50.410929 0.743368 42.777775 
31700 12 2.976915 24.057641 4.681061 50.247014 0.698785 40.654751 
31750 12 2.661759 22.288658 4.703459 51.409484 0.649819 68.075559 
31800 11 2.877154 24.356859 4.692937 50.261471 0.798635 40.693517 
31850 11 3.080860 27.172706 4.659076 55.683641 0.664866 79.244281 
31900 10 3.333515 28.293311 4.602314 52.022467 0.736683 43.630983 
31950 11 3.134451 28.068750 4.618320 52.802368 0.652694 71.172570 
32000 11 3.203647 26.447570 4.630660 52.841785 0.726441 68.377089 
32050 12 3.231779 26.697598 4.642515 49.085631 0.637128 48.221131 
32100 11 2.908958 28.504778 4.665001 49.438711 0.532573 42.603214 
32150 11 3.006190 32.311373 4.645282 46.909593 0.646668 96.011421 
32200 11 2.979645 30.208893 4.682125 53.607424 0.698625 48.188878 
32250 11 3.092478 29.459642 4.677263 51.353105 0.725854 64.480615 
32300 11 3.614121 30.408022 4.696099 48.115521 0.542038 44.693987 
32350 12 3.748924 29.808213 4.682187 48.167425 0.630388 61.310354 
32400 11 3.306624 28.313607 4.723029 46.734047 0.592508 67.396645 
32450 11 3.149869 20.988511 4.773159 45.819109 0.687406 88.507031 
32500 11 3.157065 31.263655 4.778644 45.613301 0.663605 98.129828 
32550 11 3.020390 28.910911 4.776525 48.391607 0.589183 42.437788 
32600 11 2.978226 30.960199 4.761653 47.940669 0.581188 37.882240 
32650 11 3.098522 32.566205 4.718665 45.499875 0.663361 24.682486 
32700 11 3.156491 30.189582 4.703541 47.379474 0.692695 50.049736 
32750 11 3.092789 27.638346 4.685128 49.132994 0.755572 60.087782 
32800 10 3.361149 27.573536 4.665676 48.132327 0.594652 31.375672 
32850 11 3.501996 25.237953 4.639292 49.193621 0.771680 74.018009 
32900 11 3.407825 33.450032 4.623406 47.506258 0.699407 102.096162 
32950 11 3.666655 34.868211 4.631097 48.505725 0.803840 70.505603 
33000 11 3.026832 27.572504 4.649835 48.917455 0.794153 96.847644 
33050 11 3.168362 27.953742 4.580418 48.354607 0.651794 56.127160 
33100 11 2.667409 25.911099 4.507459 52.884015 0.714461 55.173174 
33150 11 3.003893 26.641492 4.508124 55.635105 0.568055 36.118986 
33200 11 3.142293 26.192784 4.441325 57.536998 0.535118 43.742218 
33250 11 3.232117 26.171374 4.445326 57.191456 0.550261 61.022644 
33300 12 3.291007 25.045135 4.467112 54.376522 0.720554 42.569594 
33350 12 3.181612 27.394434 4.469853 55.684466 0.749921 61.489327 
33400 11 2.763985 25.065747 4.524364 55.960889 0.662161 93.771708 
33450 12 3.096989 26.109951 4.548074 54.955104 0.626249 70.381554 
33500 11 3.538028 31.354502 4.558871 52.152742 0.599205 53.620235 
33550 11 2.993631 28.917946 4.572455 52.793784 0.845999 43.665674 
33600 11 3.422836 26.187141 4.547623 52.139976 0.580058 65.437528 
33650 11 3.324537 24.933439 4.504763 50.107981 0.662515 83.233237 
33700 11 2.547930 29.257285 4.487498 55.450943 0.734577 47.989660 
33750 11 2.822343 26.757726 4.534203 57.289046 0.709659 83.936918 
33800 11 2.967915 29.004613 4.534149 54.247590 0.674695 29.564575 
33850 12 2.833314 31.169656 4.546246 52.084337 0.736476 36.262756 
33900 12 3.042610 29.645149 4.575256 52.763505 0.585864 43.376554 
33950 11 2.883394 27.309686 4.612368 49.855306 0.777363 46.729401 
34000 10 3.136448 29.858835 4.660345 48.440247 0.686118 68.516702 
34050 11 3.312607 30.768691 4.637199 49.559142 0.650788 75.616389 
34100 11 3.112228 30.595793 4.674638 48.376621 0.765466 74.948847 
34150 12 2.762573 30.283052 4.619315 50.303314 0.748210 49.836017 
34200 12 2.872415 30.349142 4.603417 50.646283 0.722162 26.588256 
34250 12 2.933219 33.303292 4.583122 49.917587 0.623540 20.772995 
34300 12 2.742668 27.319497 4.615666 51.663916 0.803792 63.799576 
34350 11 3.176781 27.952664 4.582051 52.786314 0.654909 76.797764 
34400 12 2.875651 27.657080 4.542489 53.006274 0.847034 69.045578 
34450 11 3.064673 33.194538 4.546923 52.226353 0.743199 66.350715 
34500 12 3.243646 27.912577 4.593042 48.794535 0.594159 61.020941 
34550 11 3.232417 26.390856 4.641601 46.365867 0.738226 64.829026 
34600 11 3.283711 30.408647 4.678788 46.487468 0.643424 135.435859 
34650 12 3.139856 31.947596 4.731728 48.490165 0.613378 64.477069 
34700 11 3.021919 27.967282 4.743125 50.896084 0.607604 43.847739 
34750 11 3.057249 26.516921 4.745154 47.459989 0.785175 64.672610 
34800 11 2.871736 25.300568 4.744664 48.925294 0.657862 67.863424 
34850 11 3.244006 20.193772 4.756130 47.710102 0.630805 63.279917 
34900 10 3.321401 26.364346 4.765279 47.764157 0.753365 65.802824 
34950 12 3.056355 24.953689 4.831821 43.967817 0.729024 54.438624 
35000 11 3.529764 26.882819 4.777814 47.812067 0.719504 61.886991 
35050 11 3.331923 20.570326 4.777738 49.138785 0.632739 66.802697 
35100 11 3.518309 21.144547 4.743241 49.513420 0.712764 39.026476 
35150 11 3.213956 25.904679 4.742469 47.270540 0.631605 38.042157 
35200 10 2.785634 29.828109 4.782789 46.937790 0.808191 54.779816 
35250 11 3.007187 26.929406 4.789355 50.573944 0.832735 43.527314 
35300 11 3.064068 26.237467 4.798061 48.372552 0.748864 39.810242 
35350 11 2.669337 30.389960 4.777035 48.064066 0.625628 98.210025 
35400 11 2.931822 28.622897 4.793090 47.644238 0.663423 111.634859 
35450 10 2.998596 28.195699 4.827496 46.921045 0.679516 39.990986 
35500 11 3.005144 26.954230 4.840878 48.082440 0.718940 49.147745 
35550 11 3.241628 26.612285 4.850425 45.400521 0.741531 47.307457 
35600 11 3.035809 22.928934 4.887155 46.412076 0.629025 36.347700 
35650 11 2.987730 24.048966 4.885017 46.187917 0.641241 55.734269 
35700 11 2.958521 23.624519 4.886161 44.933378 0.612876 46.191592 
35750 12 2.964465 18.594386 4.893577 45.485815 0.546029 36.746473 
35800 11 3.119833 26.173796 4.910640 47.014247 0.697927 40.196890 
35850 12 2.998380 21.876984 4.898290 45.547751 0.564045 51.329784 
35900 10 2.923310 26.911341 4.869436 45.995430 0.689060 78.985035 
35950 11 3.060088 31.129369 4.860568 45.032379 0.618867 35.275496 
36000 11 3.170864 30.623041 4.829169 46.513636 0.592205 46.282760 
36050 11 2.966994 29.642579 4.799939 46.192071 0.612382 40.914956 
36100 12 2.323162 29.057946 4.832145 48.432234 0.692868 42.813886 
36150 11 2.576845 30.605052 4.839177 47.289885 0.893963 74.376825 
36200 11 3.037094 25.759221 4.803490 45.677008 0.700347 52.518902 
36250 11 3.218528 27.392358 4.789552 46.722573 0.664703 58.801030 
36300 11 3.480502 32.411603 4.803387 48.257369 0.801505 41.641199 
36350 11 3.599816 33.341688 4.810625 47.554810 0.828884 48.112160 
36400 11 3.406378 31.448899 4.789476 43.834392 0.650287 34.233356 
36450 11 2.557509 33.520817 4.808791 46.069376 0.754594 74.185951 
36500 11 2.637302 20.166096 4.807295 48.931132 0.633923 58.493738 
36550 11 2.459683 21.400394 4.832054 47.329499 0.690519 51.287328 
36600 10 2.649130 28.858327 4.798517 46.814264 0.630293 60.824257 
36650 11 2.693200 29.110085 4.798454 52.786195 0.809648 76.826952 
36700 12 2.606719 31.423869 4.820348 46.393680 0.866086 46.901334 
36750 11 2.487915 30.060251 4.847062 46.282061 0.593143 73.439740 
36800 11 2.419093 37.698490 4.861488 46.635498 0.726076 53.756842 
36850 11 2.192568 30.655655 4.778747 49.992011 0.715270 113.032587 
36900 11 2.625133 31.169289 4.748140 51.119384 0.692404 86.110497 
36950 11 2.538253 30.899722 4.830147 48.673982 0.750793 43.327589 
37000 10 3.078039 27.909952 4.904672 47.977460 0.669726 35.098714 
37050 12 2.922062 32.601352 4.935612 44.309965 0.533670 56.608008 
37100 12 2.660234 32.842777 4.935799 47.871388 0.605973 36.610802 
37150 12 2.764968 31.172749 4.906664 46.986379 0.769729 30.750660 
37200 11 3.159154 34.809750 4.873257 47.409765 0.570240 37.221428 
37250 11 2.987713 33.935736 4.853174 47.153551 0.683470 67.049493 
37300 11 3.077419 38.603975 4.851084 46.287741 0.721825 66.989822 
37350 11 2.747671 46.033732 4.821278 46.337074 0.777210 94.291172 
37400 10 3.066914 42.539408 4.812282 47.521873 0.633282 37.452520 
37450 11 3.203181 38.428398 4.712230 50.413620 0.735185 65.792168 
37500 11 3.062056 39.709347 4.773595 46.235457 0.536870 86.641226 
37550 11 3.055984 43.930487 4.746829 48.501029 0.789071 71.936712 
37600 11 3.001271 42.047651 4.772404 51.376681 0.520457 67.735484 
37650 11 2.918565 40.812675 4.846597 47.791629 0.653167 79.350829 
37700 10 2.854278 35.160247 4.860401 46.296091 0.730699 58.630362 
37750 11 2.763841 36.635316 4.875833 45.730549 0.790812 85.593957 
37800 10 2.588544 42.415450 4.909815 48.533463 0.587453 75.771118 
37850 11 2.800748 35.225472 4.862457 43.143464 0.634628 92.097547 
37900 12 3.109022 32.167948 4.802338 45.305346 0.730589 46.723495 
37950 12 3.403383 34.369742 4.805101 46.262752 0.696373 78.619670 
38000 11 3.195026 33.411603 4.825206 48.897472 0.643869 45.114357 
38050 11 2.611268 35.970416 4.815378 51.904215 0.689650 37.585814 
38100 12 2.486178 40.276786 4.836296 44.736072 0.684358 40.538512 
38150 11 2.528959 41.581263 4.815041 45.623465 0.712889 43.362055 
38200 11 2.640792 38.441445 4.807008 50.490125 0.774141 50.158671 
38250 11 2.864716 40.810404 4.808825 49.403352 0.777239 55.061341 
38300 12 2.712590 39.929650 4.803487 46.850269 0.689473 64.214863 
38350 11 3.027853 37.452358 4.803297 49.234726 0.654006 47.153005 
38400 11 2.811038 33.978885 4.816666 48.906563 0.633502 50.004949 
38450 11 2.247203 36.141281 4.830408 46.664526 0.626276 63.327187 
38500 10 2.623532 32.108947 4.812502 47.779044 0.569015 54.241272 
38550 11 3.046969 33.730337 4.778823 48.738463 0.760627 43.953880 
38600 11 2.716140 41.038260 4.747333 46.023952 0.607480 36.791485 
38650 11 3.226731 38.840041 4.743371 46.238378 0.578806 62.088427 
38700 11 3.258249 35.795008 4.745608 48.136379 0.692767 90.957230 
38750 11 3.119473 33.190420 4.736160 47.167510 0.698726 32.801253 
38800 12 3.089375 31.359106 4.758802 47.614395 0.768435 54.265734 
38850 11 3.116355 29.377112 4.816883 49.187795 0.607313 64.437560 
38900 11 3.161371 29.112741 4.774469 49.745452 0.592884 66.827842 
38950 12 3.101806 31.814932 4.782842 46.119444 0.603571 75.016522 
39000 11 3.052574 22.047107 4.740917 49.783573 0.680231 65.245296 
39050 11 2.962632 30.716211 4.743103 49.657280 0.866893 93.572828 
39100 10 2.904383 33.124880 4.771378 47.014815 0.767620 77.160591 
39150 11 2.792827 35.976412 4.725122 48.564260 0.625997 55.689709 
39200 11 2.910510 31.854960 4.730571 50.189980 0.705651 71.888526 
39250 11 3.055906 33.031790 4.730903 50.504034 0.787844 90.968536 
39300 10 3.257317 32.999022 4.744408 49.433344 0.686515 67.640173 
39350 11 3.045944 31.750893 4.752318 46.430681 0.723161 54.952332 
39400 11 3.091404 30.807284 4.747450 50.236734 0.734586 78.644491 
39450 11 3.348399 23.418066 4.755433 50.547512 0.627655 56.920604 
39500 10 2.910023 22.973177 4.782920 47.204491 0.766792 61.506786 
39550 11 2.978853 26.412209 4.759125 49.128203 0.555569 73.237699 
39600 10 3.495577 31.266383 4.828164 46.463065 0.505811 71.891948 
39650 11 3.123183 30.706531 4.828307 42.357628 0.638020 30.637106 
39700 11 2.985806 36.255249 4.842619 43.247649 0.698390 78.553617 
39750 11 3.103536 28.689244 4.821571 43.807415 0.646097 62.957862 
39800 11 2.977776 30.187818 4.809576 47.677555 0.718683 41.614392 
39850 11 3.181810 39.106047 4.855792 42.634137 0.728957 72.135631 
39900 10 3.293846 36.253699 4.865670 44.996712 0.768780 87.072621 
39950 11 3.416347 31.424221 4.872179 41.193986 0.594777 45.295678 
40000 11 3.279755 26.566607 4.879332 46.893497 0.618890 61.723107 
40050 11 3.444057 29.922790 4.933250 39.035508 0.753366 40.381896 
40100 11 3.559615 31.930895 4.920641 41.973231 0.518188 57.745995 
40150 10 3.764579 31.340677 4.932895 38.497608 0.699863 30.895265 
40200 11 3.683162 34.007055 4.889124 43.513750 0.759683 21.583382 
40250 11 3.053388 29.238318 4.871609 44.351600 0.824275 49.908459 
40300 12 3.212149 28.813042 4.837643 45.400927 0.644343 42.542899 
40350 11 3.253562 32.673358 4.885399 42.874499 0.567453 33.528003 
40400 11 3.101268 29.464709 4.903118 47.400740 0.617151 29.138627 
40450 11 2.766924 33.000859 4.894143 46.308585 0.655184 38.611097 
40500 11 2.867828 33.587154 4.896839 44.692774 0.615422 52.106121 
40550 12 3.487317 33.891166 4.807438 45.535544 0.681532 66.516632 
40600 11 3.583946 38.115609 4.752065 47.536433 0.719517 53.829552 
40650 10 3.252121 36.869019 4.761254 47.371205 0.849167 102.980924 
40700 11 3.331188 34.641577 4.824658 46.548806 0.727731 69.595340 
40750 11 3.413544 35.048498 4.795017 44.423571 0.682117 54.644347 
40800 11 2.852291 34.184854 4.814102 46.266795 0.621844 56.218402 
40850 11 2.655407 32.980977 4.816729 47.830147 0.685238 48.903249 
40900 11 3.016828 34.556181 4.827717 45.012380 0.567553 48.159552 
40950 12 2.820361 34.758674 4.827413 42.252942 0.581669 57.871659 
41000 11 3.085015 33.948296 4.841102 43.496493 0.723523 55.751628 
41050 12 2.969692 32.263348 4.794356 43.903008 0.836270 84.652045 
41100 11 3.031726 32.892513 4.824090 45.267625 0.635002 61.616220 
41150 10 2.982630 35.637183 4.844515 44.472727 0.633995 43.589959 
41200 11 3.320945 34.799913 4.817577 44.524294 0.688926 41.414690 
41250 11 3.083689 33.223640 4.809080 43.186656 0.727268 60.076177 
41300 11 2.980578 29.382309 4.785137 50.095254 0.639660 52.351714 
41350 10 2.947809 32.364172 4.837167 44.749316 0.598604 60.804014 
41400 11 2.984595 32.276324 4.793221 46.451546 0.648944 38.591709 
41450 10 3.316675 26.179185 4.821661 45.156695 0.689210 58.710298 
41500 11 2.876422 32.354238 4.788557 44.809001 0.685333 98.888904 
41550 11 3.361221 27.905971 4.777389 49.168763 0.770561 53.222169 
41600 11 3.147267 31.266922 4.798559 45.746063 0.785434 55.459519 
41650 10 2.688795 26.535163 4.785619 49.746808 0.664098 30.513373 
41700 11 3.084738 31.097076 4.786619 47.237185 0.834481 39.576096 
41750 10 3.064974 32.469284 4.860437 42.918550 0.899402 66.681904 
41800 11 3.319382 25.888988 4.832733 46.466724 0.747278 42.583116 
41850 11 3.386332 28.976842 4.821809 51.100868 0.688545 39.467680 
41900 12 3.284097 29.733971 4.825839 48.654684 0.601791 39.363588 
41950 11 3.163911 31.910964 4.823294 48.051819 0.543155 35.421545 
42000 11 3.036788 29.797998 4.780409 45.729679 0.539312 73.571552 
42050 11 2.666663 28.648475 4.732509 49.520443 0.620562 56.989996 
42100 11 3.204486 29.081349 4.753463 46.895273 0.655322 88.316778 
42150 11 3.402546 27.639493 4.776968 48.931531 0.754954 52.364958 
42200 11 3.229329 26.741103 4.777010 46.104802 0.677497 37.049463 
42250 11 3.241511 28.127663 4.788453 44.466623 0.643343 52.867577 
42300 11 3.108279 32.008928 4.759183 47.215039 0.650153 63.075531 
42350 10 2.922777 32.418633 4.753175 47.459970 0.656431 86.555207 
42400 10 3.001767 36.379835 4.717724 48.413363 0.560303 46.895741 
42450 11 3.223149 36.801332 4.755628 44.949056 0.761934 44.624834 
42500 12 3.303904 37.044356 4.753904 49.444365 0.578257 51.890069 
42550 12 3.070860 35.020072 4.719299 53.183982 0.726545 45.869318 
42600 11 3.581330 31.719007 4.735135 50.920531 0.826596 45.645826 
42650 11 3.144693 31.087175 4.694459 45.802621 0.711709 57.351305 
42700 11 3.207251 32.759061 4.725709 49.746524 0.713819 54.935776 
42750 11 3.320394 34.583712 4.680985 47.786716 0.821508 61.686514 
42800 10 3.432293 35.680269 4.681180 45.555744 0.598637 103.957392 
42850 11 3.031345 37.290352 4.684060 48.140763 0.775391 52.338649 
42900 11 3.191048 37.658686 4.661394 51.111556 0.721629 82.683966 
42950 11 2.831946 32.303969 4.673340 50.604663 0.686467 43.252307 
43000 12 2.860179 32.374599 4.615497 52.112352 0.752052 73.433509 
43050 11 3.127342 32.517831 4.628219 53.798733 0.826519 74.303409 
43100 11 3.402875 32.956553 4.610509 48.940771 0.709658 84.418701 
43150 12 3.212917 32.026170 4.610666 54.460232 0.718532 43.591735 
43200 11 3.177739 31.934368 4.639997 46.202906 0.804783 35.577116 
43250 11 3.134161 26.264763 4.570072 50.502365 0.729187 63.983705 
43300 10 3.214847 27.263859 4.598949 49.559123 0.687114 101.595413 
43350 11 3.333922 32.456358 4.564139 47.722986 0.674403 52.381932 
43400 11 2.993988 31.276335 4.602545 51.900018 0.557364 47.221592 
43450 11 2.989005 36.109109 4.586452 51.064130 0.717645 55.700818 
43500 11 3.027134 33.660306 4.623997 52.440362 0.714004 61.497435 
43550 11 3.190771 29.465366 4.579742 54.836517 0.833805 60.336064 
43600 11 3.321205 32.394997 4.607642 48.250883 0.642119 71.993341 
43650 11 3.520344 35.880453 4.645622 50.541363 0.717398 45.982514 
43700 11 3.253865 31.238235 4.638232 52.127975 0.679842 49.964912 
43750 11 3.258960 29.975000 4.706215 48.334568 0.719016 65.216187 
43800 11 3.041660 31.898978 4.689727 49.959171 0.765962 53.794933 
43850 11 3.278742 33.122385 4.732563 45.865432 0.793050 59.318591 
43900 11 3.146081 35.384264 4.714963 48.201810 0.549992 72.671478 
43950 11 3.195135 37.698124 4.739492 46.035801 0.695599 39.606325 
44000 12 2.898228 35.126349 4.776610 47.689696 0.745340 41.737119 
44050 13 2.999689 25.162140 4.757764 48.715603 0.590814 34.741429 
44100 11 2.744706 28.638347 4.740130 51.404775 0.794437 33.395615 
44150 12 2.944684 33.091639 4.734477 48.671469 0.785176 42.584493 
44200 11 2.745196 35.713174 4.715319 54.355752 0.581848 34.289618 
44250 11 2.947058 35.301968 4.700760 50.885066 0.723486 20.961844 
44300 10 2.827885 32.064802 4.707924 51.532187 0.754897 30.538943 
44350 11 2.620614 32.281155 4.762442 54.074999 0.669526 40.816317 
44400 11 2.719289 31.403334 4.703461 51.879184 0.609045 61.847496 
44450 11 2.891969 31.573976 4.698069 50.317273 0.658895 91.622785 
44500 10 2.935575 38.029535 4.704960 49.730732 0.673838 111.758609 
44550 11 3.000942 34.720959 4.770791 48.196261 0.620767 61.186801 
44600 11 2.929324 33.693860 4.720414 52.734943 0.693884 28.026509 
44650 11 2.992184 33.354614 4.727572 47.952613 0.674144 29.132757 
44700 11 3.090140 24.676109 4.754640 51.611271 0.654994 34.815050 
44750 11 2.990910 26.553148 4.755853 48.291644 0.756581 28.278169 
44800 12 2.873641 30.444823 4.772325 49.475638 0.624924 32.665068 
44850 11 3.142270 28.290435 4.811267 44.181719 0.537080 30.582590 
44900 11 2.911785 31.134552 4.864271 47.102484 0.745110 34.793281 
44950 11 3.199113 24.660847 4.837749 44.961257 0.669077 48.793388 
45000 11 3.580646 26.630835 4.825978 43.977147 0.744561 21.445535 
45050 12 3.239070 32.016078 4.782611 46.087769 0.663239 28.162808 
45100 11 3.638740 30.094027 4.855007 43.906574 0.582522 24.786950 
45150 11 3.204660 25.617488 4.890720 41.402414 0.829223 38.554986 
45200 10 3.158591 28.943292 4.953524 40.125974 0.657070 38.565175 
45250 10 3.272756 34.221590 4.932361 40.795401 0.656014 36.411894 
45300 11 3.272897 35.150838 4.929035 48.732329 0.652553 56.313036 
45350 10 3.186226 30.039729 4.799428 45.192052 0.661842 77.193613 
45400 11 2.950356 31.766550 4.788407 45.933984 0.794154 61.535833 
45450 10 2.812547 28.817485 4.664243 52.293996 0.684115 96.918676 
45500 11 2.624470 27.775065 4.651116 51.742740 0.611937 52.285770 
45550 11 2.330998 29.933734 4.602541 58.399594 0.619799 68.661180 
45600 10 2.443986 30.866539 4.561295 60.972512 0.658276 70.500651 
45650 12 2.383233 28.696973 4.578139 57.408669 0.652852 48.445455 
45700 13 2.333449 21.448597 4.562421 55.734387 0.652795 61.707838 
45750 11 2.479266 30.558845 4.550941 56.242937 0.725168 67.947370 
45800 12 2.987552 30.677096 4.541461 55.328899 0.665760 34.512781 
45850 11 3.128880 29.409655 4.601987 51.345235 0.732076 43.140212 
45900 11 3.006785 35.682220 4.616240 49.300778 0.787371 35.033942 
45950 11 2.982156 36.344772 4.676627 50.172029 0.832102 60.356106 
46000 11 3.022533 29.932507 4.687608 51.980803 0.575492 44.260679 
46050 11 3.265147 33.051553 4.736856 45.839071 1.026988 60.104256 
46100 10 3.266992 35.440090 4.675629 50.481078 0.729445 61.623679 
46150 11 3.017916 31.289899 4.669740 54.212954 0.625711 83.388489 
46200 11 3.120494 27.575469 4.630283 59.313516 0.635182 36.310934 
46250 12 2.670083 31.112218 4.657304 50.595472 0.732921 53.237229 
46300 10 2.993578 28.341553 4.634984 51.902967 0.601678 70.455033 
46350 11 2.744988 26.638296 4.599336 55.334535 0.608126 45.656480 
46400 11 2.798649 25.409904 4.591286 55.492403 0.790870 79.324291 
46450 10 2.895580 28.962498 4.617898 52.918795 0.715715 87.228458 
46500 11 2.778508 29.266608 4.609459 50.720557 0.810796 70.631820 
46550 11 2.707151 26.971275 4.564070 55.910126 0.769088 61.114121 
46600 11 2.564066 29.762567 4.623438 55.106588 0.598105 37.054125 
46650 11 2.717363 29.216658 4.647677 49.784489 0.823211 33.862413 
46700 11 2.841214 36.627743 4.648564 54.643426 0.802736 38.509461 
46750 10 2.723492 27.135770 4.611542 59.197694 0.650981 59.568621 
46800 11 2.782235 30.588321 4.583159 57.739945 0.532051 51.398074 
46850 12 2.859814 29.261781 4.504682 52.289462 0.647185 47.422808 
46900 11 3.124132 29.036765 4.504674 56.444326 0.839216 38.025551 
46950 11 3.108147 27.896685 4.519296 59.653463 0.605502 47.014240 
47000 11 3.022989 31.493421 4.562969 57.222188 0.846186 64.025319 
47050 11 3.108841 29.357753 4.610558 55.668529 0.599134 66.225394 
47100 11 3.216840 32.297145 4.637844 52.877143 0.880851 84.735146 
47150 11 3.110892 34.031204 4.680480 50.373508 0.660885 125.149694 
47200 11 3.286212 35.390374 4.704930 50.492604 0.613351 56.357767 
47250 11 2.996529 36.838728 4.734013 48.537299 0.806080 67.496282 
47300 10 3.235721 34.122052 4.765847 47.867877 0.611533 54.846338 
47350 11 3.097591 32.866748 4.803360 50.339330 0.737579 28.813627 
47400 11 3.385765 39.951542 4.826855 41.277751 0.716001 37.353639 
47450 10 3.267120 36.295290 4.850569 40.547242 0.756003 20.739932 
47500 11 3.529635 33.196233 4.867011 42.917915 0.813082 26.106099 
47550 12 3.208875 32.582211 4.856739 44.705906 0.771732 63.110550 
47600 11 2.938626 37.181376 4.838232 45.437283 0.536244 68.107760 
47650 10 2.987700 32.461721 4.902459 45.709323 0.658145 59.161410 
47700 11 3.008404 32.431516 4.925734 47.165989 0.652909 39.517122 
47750 11 3.137852 38.448265 4.934134 40.318217 0.654883 50.839102 
47800 11 2.944142 33.263105 4.930917 43.481205 0.611865 60.977761 
47850 11 3.137994 32.006565 4.934079 42.593479 0.661750 53.734181 
47900 11 2.742430 32.121368 4.922078 42.904328 0.679289 50.870334 
47950 12 2.743629 23.237644 4.928003 43.963599 0.644850 68.434690 
48000 12 2.488061 24.899129 4.873740 48.354431 0.542723 48.153116 
48050 12 2.701563 22.575355 4.808006 47.329562 0.646511 66.317784 
48100 11 3.056171 21.258416 4.778063 51.947042 0.661348 49.526472 
48150 11 2.773756 24.028745 4.773553 49.033329 0.709555 72.290733 
48200 11 2.812113 23.024909 4.759582 55.314746 0.568625 84.407174 
48250 11 2.781775 20.669595 4.806142 46.329555 0.821509 46.288532 
48300 11 3.046501 22.264035 4.776000 50.257553 0.702488 70.895973 
48350 11 3.189213 26.841916 4.749633 47.353827 0.717633 52.065432 
48400 11 2.881189 27.399533 4.736295 47.385421 0.813169 57.499466 
48450 11 3.002367 29.393425 4.768601 47.384411 0.710770 77.077962 
48500 11 2.998587 27.498503 4.782747 46.764688 0.749737 62.339495 
48550 10 3.552283 34.466162 4.781222 50.059243 0.701446 106.009127 
48600 11 3.548332 28.211440 4.763696 48.038192 0.765689 47.221089 
48650 10 3.698544 34.395174 4.730565 49.000357 0.583467 51.772163 
48700 11 3.255876 27.403114 4.707264 47.608002 0.548571 55.936837 
48750 11 3.096352 32.883165 4.706959 47.207030 0.741640 57.363990 
48800 12 3.119898 34.591869 4.707356 49.051652 0.618285 57.628689 
48850 11 3.335119 26.825156 4.716295 50.266556 0.683760 45.232494 
48900 11 2.949108 29.633555 4.715061 49.430653 0.748720 34.924008 
48950 10 2.975857 31.942419 4.692369 51.292640 0.653173 57.729913 
49000 11 2.490630 35.198379 4.684686 49.783337 0.671306 58.520342 
49050 12 2.605592 36.150950 4.686131 54.935113 0.666513 79.445809 
49100 12 2.634890 30.169573 4.609812 50.228709 0.643500 84.263632 
49150 10 2.840717 29.011184 4.644894 49.662967 0.685842 57.854149 
49200 10 2.700628 30.677809 4.677036 47.998738 0.634736 54.164769 
49250 11 2.968882 37.418734 4.685702 48.321829 0.673059 95.263461 
49300 11 2.948213 31.967005 4.733052 48.782996 1.022396 87.227147 
49350 11 2.959133 31.578772 4.760834 45.769533 0.783349 87.916350 
49400 12 3.319289 30.336015 4.806767 48.393548 0.731979 82.175866 
49450 11 3.030672 29.067972 4.791753 47.144432 0.640070 56.748974 
49500 11 2.755482 30.767778 4.750169 47.513724 0.773209 55.115708 
49550 11 2.901461 31.151947 4.777551 47.398003 0.767932 80.717537 
49600 11 3.102844 29.990200 4.780830 48.829214 0.607121 81.032013 
49650 11 2.961090 33.194228 4.725980 52.088181 0.764452 78.709021 
49700 11 3.070519 30.906857 4.731219 50.496790 0.816696 27.202953 
49750 11 3.068041 24.427731 4.731254 47.624397 0.748008 51.921375 
49800 11 3.188516 28.195049 4.715582 45.533149 0.790014 31.946366 
49850 10 3.182315 27.049242 4.725444 48.978737 0.747126 80.748243 
49900 11 3.158799 30.110853 4.722122 48.669334 0.713777 54.359110 
49950 10 3.229590 36.490559 4.709857 48.344630 0.628077 75.652167 
