0 5 2.810000 25.197199 4.200000 20.000000
50 6 2.646131 24.549009 4.207906 47.965570
100 6 2.606330 24.464485 4.255775 54.335285
150 7 2.787366 23.613812 4.185930 54.658328
200 11 2.741999 23.332120 4.202719 36.373074
250 12 2.577260 23.128205 4.146094 36.979624
300 13 2.357016 23.023782 4.176892 35.557233
350 13 2.432444 22.960674 4.202798 36.044327
400 12 2.557061 22.880228 4.127376 31.447594
450 13 2.551184 23.307213 3.932993 45.227638
500 12 2.612027 23.874561 3.900404 51.608746
550 10 2.723862 23.910350 4.069028 35.896901
600 11 2.822922 24.885594 3.996126 49.675641
650 14 2.967127 25.300385 4.006338 36.498513
700 13 2.994990 24.148124 4.128339 30.222695
750 10 2.979375 24.271075 3.874553 41.867062
800 11 2.871231 24.194080 3.848035 45.333876
850 14 2.611934 24.378369 3.742730 39.952381
900 11 2.766229 24.530857 3.706683 47.444238
950 13 2.761734 24.930663 3.666992 46.680175
1000 11 2.708755 24.148558 3.682958 45.524044
1050 13 2.460377 24.520129 3.813743 41.499951
1100 12 2.646210 25.286255 3.896299 43.062609
1150 12 2.797888 25.529619 3.799222 44.609904
1200 10 3.051535 26.261765 3.764972 41.231847
1250 11 2.982929 25.683879 3.781381 42.012420
1300 11 2.819953 26.998064 3.845688 42.432726
1350 10 2.707891 25.284897 3.772429 52.808866
1400 11 2.800060 28.734139 3.688853 49.882385
1450 13 2.809512 30.310053 3.678881 43.796759
1500 11 2.960117 30.823791 3.714421 46.805668
1550 10 3.122175 27.514536 3.687333 46.414463
1600 14 2.682498 26.320253 3.692110 43.909105
1650 11 2.907816 26.515112 3.752256 48.258752
1700 11 2.815695 26.752922 3.754919 48.531621
1750 11 2.748551 29.132325 3.784425 50.867418
1800 12 2.502336 27.169740 3.784323 49.138033
1850 12 2.607712 27.923433 3.675433 49.116302
1900 11 3.246030 26.207193 3.685068 49.372956
1950 11 3.042204 26.966870 3.656572 50.717223
2000 12 2.922846 29.062827 3.696298 45.777519
2050 11 2.904244 28.178157 3.727778 46.027817
2100 11 3.088221 26.437735 3.451865 52.592803
2150 13 2.985607 29.333123 3.512727 47.121504
2200 12 2.937777 27.644602 3.595155 42.979535
2250 12 2.827856 28.597363 3.657809 44.035184
2300 13 2.953450 28.301555 3.767417 43.659524
2350 12 2.979769 26.825717 3.724687 46.261901
2400 13 2.688631 27.176130 3.711105 42.784734
2450 12 2.769732 28.225108 3.757712 54.429394
2500 11 2.754949 31.997509 3.887353 44.424401
2550 14 2.124396 32.098942 3.972708 43.275926
2600 14 2.021659 32.623282 3.952657 45.362709
2650 13 2.220884 32.439801 3.839452 46.938848
2700 13 2.154136 33.144309 3.798550 52.673290
2750 14 2.029940 34.256995 3.900822 42.990677
2800 14 2.096578 32.376182 3.839029 47.405271
2850 13 1.995602 29.835488 3.733599 53.080526
2900 16 1.946420 32.040619 3.710058 52.412409
2950 14 1.878312 31.964439 3.917277 46.785763
3000 13 1.855445 31.943088 3.866131 55.380950
3050 13 1.804204 33.406169 3.851838 51.845502
3100 13 2.322913 33.114154 3.670087 48.550252
3150 13 2.521061 32.981951 3.525963 57.850656
3200 13 2.471015 32.975836 3.668068 47.865855
3250 14 2.542063 32.534235 3.738016 39.108326
3300 13 2.519139 32.270427 3.913180 37.757093
3350 14 2.596239 31.908799 3.982856 37.550665
3400 14 2.538434 32.285435 3.968348 40.264648
3450 12 2.554279 31.554827 3.905284 42.241342
3500 10 2.584985 31.951488 3.902713 44.146350
3550 12 2.308853 30.897533 3.852452 44.958901
3600 12 2.304247 32.849068 3.863886 43.701598
3650 13 2.242664 33.258299 3.824338 42.567880
3700 14 2.273823 33.624707 3.788385 46.228319
3750 13 2.469079 33.562773 3.737043 42.391789
3800 15 2.493990 33.579567 3.733826 41.071716
3850 15 2.296391 33.256817 3.821453 42.061609
3900 14 2.198067 33.004915 3.913952 47.191936
3950 14 2.237018 32.420632 3.966107 40.580204
4000 14 2.083392 33.456149 4.008143 40.016999
4050 14 2.016901 32.458189 4.142964 41.644537
4100 11 2.165235 35.049272 4.152041 42.951511
4150 13 2.319301 33.397948 4.100241 39.116157
4200 13 2.177873 35.614728 4.083425 40.233606
4250 13 1.997123 31.600795 3.909056 48.261739
4300 14 2.087848 35.480231 3.882979 46.568080
4350 11 2.453027 36.570071 3.892315 46.744353
4400 11 2.321222 32.399598 3.877924 45.894405
4450 11 2.477157 32.154426 3.885456 45.873139
4500 10 2.926216 30.237145 3.921572 44.403175
4550 9 3.209701 29.936885 3.877675 46.976931
4600 10 3.192675 30.706250 3.874700 47.690056
4650 10 3.066882 31.125444 3.813439 46.064355
4700 13 2.899440 34.012384 3.823923 47.702592
4750 11 3.018190 32.807665 3.830089 47.042315
4800 10 2.813138 29.115715 3.830089 47.042315
4850 11 2.696467 30.765375 3.830572 47.318860
4900 11 2.713826 28.861912 3.800838 47.553046
4950 12 2.608776 31.953190 3.822381 47.555748
5000 12 2.574545 35.863396 3.844271 47.895717
5050 15 2.522045 30.292726 3.821483 47.820307
5100 12 2.289581 28.927207 3.831250 47.335370
5150 13 2.196687 28.258278 3.793548 47.361330
5200 13 1.935200 31.354847 3.793548 47.361330
5250 14 2.091961 34.514064 3.794284 47.725376
5300 13 2.174352 36.639281 3.791229 47.907354
5350 14 2.110227 38.094533 3.750514 47.130735
5400 14 2.091263 33.612850 3.699764 47.586650
5450 14 2.280965 38.118190 3.675993 47.353233
5500 13 2.259465 33.853409 3.658176 46.758409
5550 13 2.558685 38.281170 3.658176 46.758409
5600 11 2.788419 37.323758 3.671724 47.536625
5650 11 3.069068 35.617795 3.717592 46.049407
5700 12 2.895265 39.399649 3.690834 44.599806
5750 12 2.925501 41.409437 3.645757 45.039290
5800 11 2.992642 42.689368 3.814392 40.507604
5850 11 2.841931 43.250846 3.747301 41.395553
5900 12 3.028524 40.227300 3.816657 44.117897
5950 12 3.298283 41.304249 3.853923 34.122298
6000 12 3.282050 40.756041 3.842484 37.115590
6050 11 3.516227 43.297403 3.736646 40.491805
6100 11 3.380776 42.322691 3.808468 42.323813
6150 10 3.454863 37.367386 3.845442 45.033997
6200 10 3.376521 39.914927 3.822041 41.885308
6250 10 3.615361 41.730982 3.743619 38.623910
6300 11 3.265722 37.610199 3.717986 41.761408
6350 10 3.309433 36.621636 3.789584 42.445392
6400 12 3.065021 42.935251 3.811985 42.507481
6450 10 2.977976 41.630161 3.761548 42.387082
6500 9 3.084467 38.153966 3.807956 43.309421
6550 13 3.017823 44.965758 3.813601 43.443562
6600 12 2.851667 44.727881 3.745149 43.252587
6650 14 2.857645 43.500599 3.729920 41.569605
6700 12 2.711427 42.329480 3.765320 42.265331
6750 12 2.651525 40.319701 3.730231 41.547180
6800 11 2.968646 40.556339 3.713703 41.144297
6850 11 2.562840 40.381290 3.850774 43.921356
6900 12 2.506213 40.529543 3.848498 44.626346
6950 12 2.727469 44.431528 3.826223 39.181417
7000 10 3.020126 42.049411 3.854522 44.705461
7050 11 3.261133 44.994381 3.804211 37.674927
7100 10 3.260347 44.720904 3.832288 40.699634
7150 11 3.010428 49.195534 3.789747 38.973871
7200 10 3.272413 45.612890 3.773360 43.748518
7250 11 3.383117 45.417591 3.817769 38.712613
7300 10 3.056706 46.175093 3.826088 40.186454
7350 10 3.195255 42.990466 3.899910 42.989343
7400 10 3.059418 43.045586 3.924488 39.159330
7450 11 2.523269 41.361244 3.989615 47.855848
7500 9 2.737706 40.371990 3.969469 43.024106
7550 12 2.663652 39.945011 3.965273 40.956521
7600 12 2.684884 39.636438 4.053600 41.207443
7650 9 2.910638 39.675177 4.017752 42.372172
7700 10 2.591133 39.479476 3.977172 38.552042
7750 15 2.332726 39.842053 3.927765 41.843672
7800 12 2.461942 40.044471 3.784960 51.506451
7850 11 2.576107 40.856107 3.823479 44.608606
7900 12 2.610800 39.785781 3.730976 45.074548
7950 12 2.606981 39.472658 3.694012 45.916081
8000 15 2.658371 40.599162 3.781662 37.841719
8050 13 2.771853 41.283535 3.758289 44.071587
8100 13 2.750577 41.993085 3.747454 46.179953
8150 12 2.844817 42.043607 3.739863 43.105268
8200 15 2.826729 43.022709 3.688632 41.266101
8250 12 2.841226 42.936004 3.657956 50.652583
8300 13 2.828653 44.272853 3.683043 41.664585
8350 12 2.619744 44.919843 3.583186 44.063027
8400 12 2.591901 45.860974 3.644329 47.197862
8450 11 2.517124 47.297257 3.674359 46.794864
8500 14 2.607284 47.485236 3.656781 46.012422
8550 12 2.527755 49.364919 3.685056 44.095435
8600 11 3.081350 54.750708 3.678962 42.592000
8650 13 2.956568 52.697945 3.576519 44.600343
8700 11 3.171831 53.098578 3.612119 51.212158
8750 11 3.263012 48.317049 3.567843 48.130778
8800 11 3.228868 48.691970 3.619301 48.043796
8850 11 3.277163 55.888762 3.579121 47.994602
8900 12 3.095647 48.801872 3.617033 47.969217
8950 11 3.011687 55.863168 3.617033 47.969217
9000 11 2.988047 49.151762 3.547698 49.090299
9050 11 2.975360 48.212686 3.540835 47.338704
9100 11 2.943337 50.529605 3.584234 48.204769
9150 11 3.112055 50.058961 3.536273 48.461828
9200 11 2.967927 51.696990 3.528585 48.021288
9250 13 2.879471 56.136983 3.532580 46.935272
9300 11 2.982807 55.234199 3.505061 47.658388
9350 12 2.977173 52.110643 3.508408 47.433249
9400 12 3.026752 52.435910 3.559309 44.382464
9450 11 3.113100 51.263852 3.676567 39.416640
9500 12 3.138151 49.084913 3.688880 37.991438
9550 12 3.105331 42.061404 3.701136 41.808168
9600 11 3.354513 42.164190 3.733296 42.760179
9650 12 2.953129 47.135000 3.729692 40.958692
9700 12 2.985556 48.669923 3.700611 40.973066
9750 12 3.038115 42.889001 3.663586 43.799524
9800 12 3.073425 47.280532 3.700424 38.608443
9850 11 3.267447 50.553544 3.721982 40.310443
9900 13 3.163065 43.014461 3.760339 40.115191
9950 11 3.218242 47.815834 3.760229 39.661506
10000 11 3.184581 43.512662 3.756603 39.615357
10050 12 3.076386 41.272247 3.769874 38.866444
10100 11 3.308554 50.375693 3.811328 37.634176
10150 12 2.875710 52.011748 3.779738 39.941749
10200 15 2.803308 50.939121 3.833495 36.985517
10250 11 2.812633 42.077474 3.810314 45.019537
10300 12 2.974132 40.221380 3.876312 39.847221
10350 10 3.055560 43.042858 3.912218 42.465192
10400 10 3.301102 44.542140 3.889445 40.597024
10450 9 3.944075 45.664624 3.947769 37.027852
10500 9 3.998387 40.032641 3.849743 38.316564
10550 11 3.870354 41.390423 3.748304 37.320852
10600 10 3.845897 42.371279 3.724849 33.968683
10650 10 3.630781 41.776924 3.745395 41.322382
10700 12 3.566954 47.603338 3.647491 38.955281
10750 11 3.088402 42.176524 3.639626 45.065859
10800 11 3.022289 42.302839 3.425153 48.962773
10850 11 3.390579 39.388171 3.520600 45.418149
10900 11 3.428543 36.917013 3.538937 42.673532
10950 11 3.508576 31.450247 3.532244 46.541933
11000 11 3.479140 30.027635 3.603313 45.914394
11050 12 3.570019 28.336505 3.649911 45.370951
11100 12 3.383603 29.023331 3.642957 44.245851
11150 10 3.417823 29.845847 3.632845 44.019920
11200 11 3.269782 33.241747 3.697839 43.898237
11250 12 3.312987 41.636153 3.696116 44.092165
11300 11 3.205806 32.927527 3.756591 45.410823
11350 13 2.813675 31.072541 3.731766 43.106372
11400 12 2.984251 26.933302 3.769786 47.009457
11450 11 3.050337 27.515737 3.751746 42.810855
11500 11 3.024081 23.836076 3.738014 40.965601
11550 12 3.123552 27.706012 3.753925 46.750163
11600 12 3.040290 30.369618 3.649877 47.661966
11650 11 2.896897 30.574665 3.824506 44.661023
11700 13 2.990980 32.082788 3.845942 33.054780
11750 11 2.974355 24.946923 3.764586 44.254743
11800 11 2.944426 21.313282 3.672356 45.602675
11850 12 2.754251 28.249562 3.592374 53.087895
11900 10 2.799681 27.710915 3.483255 62.611104
11950 10 3.023643 22.678958 3.398892 54.117610
12000 12 3.453070 24.318008 3.389565 50.493173
12050 10 3.319370 25.666549 3.496162 57.348429
12100 11 3.068564 34.772025 3.457122 59.895932
12150 12 3.057516 36.530337 3.556879 49.209323
12200 13 3.558193 32.158546 3.526635 38.870235
12250 11 3.029408 40.286202 3.627829 43.344360
12300 11 3.357930 39.944585 3.697480 42.582142
12350 11 3.217569 32.811443 3.627039 41.127586
12400 11 3.309547 32.229996 3.651113 45.862464
12450 10 3.314725 34.874769 3.810185 46.070049
12500 10 3.564430 28.937122 3.765776 42.965414
12550 11 3.102122 37.899082 3.886442 40.135280
12600 11 3.053600 36.184090 3.793120 44.057814
12650 11 3.038071 36.798059 3.830298 39.686798
12700 13 2.965617 31.052545 3.864685 38.671335
12750 13 2.913344 33.546585 3.888886 43.740285
12800 11 2.976403 30.899387 3.943956 42.610231
12850 12 2.921046 34.599299 3.953576 44.167471
12900 11 2.887337 31.652350 3.987294 37.721057
12950 12 2.849576 31.466970 4.066458 37.265105
13000 12 2.988724 28.229931 3.976313 33.705120
13050 12 2.962940 28.885023 3.986536 36.523698
13100 12 2.985988 30.336748 4.003362 41.650538
13150 14 2.658113 30.198642 4.005325 33.979209
13200 12 2.644079 27.400283 3.972805 37.803031
13250 12 2.504797 29.978222 3.910433 42.089585
13300 11 2.505604 29.746308 3.995927 39.933111
13350 12 2.778331 27.789705 3.871299 39.240468
13400 13 2.812777 27.896110 3.910638 42.458659
13450 13 2.688978 30.002583 3.877873 44.272437
13500 11 2.433248 29.898249 3.734491 44.582073
13550 15 2.171197 30.001970 3.816617 47.504402
13600 12 2.230098 30.492291 3.802616 45.445717
13650 13 2.597989 29.698762 3.707512 45.999187
13700 11 2.657222 31.433437 3.756405 44.375756
13750 12 2.740108 32.690148 3.850457 42.168542
13800 13 2.723362 29.379381 3.831423 42.492537
13850 13 2.571918 33.730976 3.880659 42.454747
13900 11 2.799783 27.975791 3.997666 47.364021
13950 12 2.786570 29.095337 3.872382 40.007004
14000 11 2.863529 24.844711 3.796891 47.390787
14050 12 2.584887 28.017866 3.728642 44.754478
14100 11 2.887500 28.660289 3.801273 47.733271
14150 10 3.342033 28.897566 3.924657 44.475965
14200 11 2.943497 30.416016 3.879758 47.382567
14250 10 2.746836 32.792234 3.807499 48.246839
14300 11 2.989391 32.237266 3.892261 48.230258
14350 12 2.800625 34.069188 3.911261 44.780886
14400 10 3.043751 36.161568 3.892181 45.304923
14450 14 2.477066 39.831145 3.824028 42.628548
14500 12 2.628238 33.104660 3.798690 39.680434
14550 12 2.726424 37.248596 3.740658 42.533927
14600 11 3.333719 39.450800 3.834652 37.398767
14650 12 3.341186 39.281436 3.852300 38.179869
14700 12 3.378105 35.467329 3.808594 38.782409
14750 11 3.425864 29.892687 3.820090 38.468565
14800 12 3.205495 38.089366 3.702531 35.416178
14850 12 3.382150 28.128772 3.822493 36.590659
14900 11 3.435908 32.540198 3.719765 42.504977
14950 13 3.527222 38.166509 3.816048 36.419590
15000 11 3.336289 33.396794 3.909335 34.261928
15050 10 3.205264 30.640360 3.831744 43.740231
15100 13 3.062076 32.581434 3.785663 38.974723
15150 13 3.338549 27.826148 3.789411 35.219126
15200 10 3.506267 27.524889 3.738189 44.065404
15250 10 3.518596 33.087385 3.671176 48.602878
15300 10 3.344578 39.854190 3.765804 44.282125
15350 12 3.143373 36.172551 3.818236 38.988790
15400 13 2.990045 37.976152 3.902617 38.475763
15450 12 2.820258 32.284742 3.938465 36.108192
15500 10 3.043804 36.468215 3.999666 38.767334
15550 11 2.943126 34.835198 4.023118 33.103689
15600 10 3.020559 38.205693 3.949695 39.334653
15650 12 3.031378 44.862966 3.894643 45.483763
15700 13 3.098619 42.322218 3.859518 38.647848
15750 12 3.100647 44.936065 3.851782 41.108643
15800 10 3.182113 45.843071 3.906100 40.390711
15850 9 3.396604 37.740689 4.016076 36.852862
15900 9 3.480936 40.976897 4.098730 37.096664
15950 13 3.332145 38.502303 3.930576 40.197739
16000 11 2.939578 36.279498 3.944749 42.185444
16050 13 2.568439 38.533568 3.814475 46.689464
16100 14 2.530615 43.929634 3.881463 43.409321
16150 10 2.933926 39.761441 3.971002 41.477815
16200 13 2.557966 44.108252 3.909379 42.668874
16250 12 2.491711 45.827382 3.903157 43.770247
16300 11 2.710216 39.744535 3.951666 43.540469
16350 13 2.629792 38.199454 3.856477 42.403792
16400 12 2.751611 34.710439 3.779254 43.580782
16450 11 2.731464 40.813869 3.778745 43.662641
16500 13 2.832677 34.742143 3.766169 42.920083
16550 13 3.040449 38.498502 3.661422 43.261199
16600 12 3.307589 31.266783 3.679913 45.724562
16650 10 3.412350 36.479363 3.632804 44.294215
16700 12 3.368399 30.683679 3.680059 39.358009
16750 11 3.381083 31.649623 3.536901 40.930438
16800 12 3.463617 32.973172 3.696820 38.604960
16850 11 3.171400 29.775807 3.715567 39.058792
16900 14 2.978092 33.956479 3.620037 38.623140
16950 15 2.739829 42.258228 3.646803 38.026304
17000 14 2.543653 38.759842 3.671598 38.987266
17050 12 2.850768 37.047768 3.678226 41.261015
17100 13 2.859523 37.533046 3.696200 41.210804
17150 12 2.906944 37.333366 3.687292 40.602995
17200 12 2.890414 32.910606 3.747867 40.212331
17250 12 3.202151 37.942000 3.747867 40.212331
17300 12 3.136345 37.375249 3.792968 40.655729
17350 11 3.002211 33.183967 3.798622 40.772509
17400 13 2.622249 31.693077 3.748180 43.498367
17450 14 2.500275 29.453319 3.678781 41.334331
17500 13 2.718097 31.246581 3.732885 40.890712
17550 11 2.782847 30.268937 3.726436 42.493181
17600 12 2.880264 32.199822 3.738909 43.051350
17650 15 2.993247 26.997615 3.671900 44.330162
17700 11 2.844827 33.201754 3.655457 51.298220
17750 11 2.957439 33.449921 3.665269 43.507642
17800 13 3.117511 33.257502 3.695165 42.165813
17850 10 2.864792 30.576108 3.751600 47.430200
17900 12 2.696857 29.609547 3.709216 43.606867
17950 13 2.569867 32.203797 3.690196 47.171757
18000 12 2.746996 32.218258 3.668026 47.657750
18050 11 2.843866 39.236621 3.674617 48.504561
18100 14 2.952767 37.645958 3.645178 44.497671
18150 11 2.935923 37.695758 3.745808 41.309133
18200 11 2.861143 48.474668 3.848548 41.333365
18250 11 2.812659 45.224924 3.853230 40.998756
18300 13 2.563251 42.088353 3.968223 42.319025
18350 12 2.654161 40.299758 3.881033 42.286472
18400 14 2.735259 39.244935 3.984203 32.087499
18450 12 2.780079 37.748356 4.104050 36.706128
18500 12 2.753038 42.293960 4.022120 40.696856
18550 12 2.941648 48.134738 3.924067 42.671693
18600 11 3.042398 50.004161 3.812415 42.559370
18650 10 3.195786 45.993547 3.781323 44.676184
18700 12 3.082991 49.050766 3.756922 41.909581
18750 11 2.905225 40.997030 3.694925 45.672553
18800 11 3.070968 43.633422 3.538254 51.632854
18850 12 3.012572 38.544850 3.621503 48.307096
18900 11 2.748622 31.852943 3.706986 52.985006
18950 15 2.817186 30.180910 3.569812 40.650306
19000 11 3.025630 31.976723 3.664769 45.687399
19050 12 2.576835 41.173830 3.590936 46.618768
19100 14 2.514807 36.175943 3.748495 42.787000
19150 12 2.693541 35.386671 3.691729 40.332518
19200 11 2.755468 41.915689 3.767354 46.414637
19250 14 2.721975 39.330465 3.710511 40.551406
19300 14 2.659408 37.366346 3.616932 47.473828
19350 11 2.649293 38.157876 3.698754 49.953501
19400 12 2.752166 40.759604 3.698119 52.949694
19450 12 2.663108 44.142092 3.742056 43.212752
19500 13 2.489834 38.023109 3.718022 43.333211
19550 13 2.617164 39.790146 3.735173 43.829768
19600 12 2.584572 34.285055 3.748238 47.024922
19650 12 2.626675 38.274409 3.695068 46.720254
19700 12 2.810138 45.452815 3.632069 45.059228
19750 12 2.759617 45.296039 3.525620 55.915783
19800 13 3.030001 40.450669 3.593773 40.740739
19850 12 2.901063 41.193354 3.619399 41.700753
19900 10 3.337619 45.867424 3.599556 46.501333
19950 11 3.601449 48.032976 3.634415 43.405354
20000 11 3.641936 43.935887 3.699709 36.540826
20050 10 3.831947 35.707396 3.685318 42.258015
20100 10 3.821810 30.002374 3.739519 38.494324
20150 11 3.739043 25.788940 3.748868 37.760402
20200 11 3.504359 29.797126 3.755016 41.265360
20250 11 3.557057 39.688878 3.732796 36.592356
20300 10 3.426032 45.170780 3.751402 44.935292
20350 12 3.445592 42.841352 3.694700 41.988102
20400 11 3.530632 41.810944 3.721006 41.403810
20450 11 3.497094 45.390880 3.781124 36.073113
20500 11 3.468412 38.520429 3.743655 38.087988
20550 12 3.184826 31.765752 3.757605 40.017345
20600 11 3.075607 41.763695 3.738121 42.120676
20650 15 2.977534 38.535446 3.651698 39.968223
20700 12 2.862256 38.660379 3.619620 47.305824
20750 12 3.090136 36.290823 3.561779 42.696562
20800 11 3.053524 36.974603 3.638082 39.794281
20850 13 2.820126 44.709525 3.694133 40.958647
20900 13 2.817634 40.615515 3.691057 44.320579
20950 11 2.791310 37.548462 3.612862 53.652047
21000 11 2.830659 33.910670 3.542607 56.038475
21050 15 2.678830 41.685799 3.524464 43.620761
21100 13 2.532353 42.057070 3.724512 43.644065
21150 13 2.628131 44.424889 3.863203 40.653155
21200 12 2.589901 46.106276 3.748874 54.798603
21250 13 2.671017 36.845893 3.785128 42.981614
21300 10 2.723473 41.125618 3.880185 46.396361
21350 11 2.716504 34.279040 3.789699 44.550185
21400 11 3.065685 37.587815 3.801185 47.936584
21450 10 3.353884 39.338976 3.758331 43.189899
21500 10 3.476622 44.011990 3.750712 47.293863
21550 10 2.973331 42.220722 3.852530 46.907980
21600 12 3.133827 44.945959 3.859597 36.431313
21650 12 2.915365 36.670891 3.892256 45.158176
21700 12 2.739538 34.706635 3.927126 42.079948
21750 12 2.844104 42.316999 3.918143 41.376189
21800 11 2.831180 49.633681 3.891879 48.095979
21850 10 2.863796 39.430612 3.955245 41.379199
21900 12 2.889553 41.375438 3.916365 42.331048
21950 13 2.853787 39.557169 3.863411 41.835792
22000 14 2.449071 32.429816 3.794794 40.090450
22050 15 2.434653 37.534830 3.856974 43.284065
22100 12 2.579116 39.968567 3.845458 41.333422
22150 14 2.487855 49.346164 3.877692 40.002608
22200 14 2.367083 50.953993 3.821096 38.769982
22250 12 2.357505 50.964118 3.884909 43.810138
22300 15 2.379775 47.042990 3.828696 43.980053
22350 13 2.667218 49.546553 3.866835 40.349072
22400 17 2.429103 49.326849 3.796230 39.513687
22450 15 2.622328 45.947614 3.788700 39.319621
22500 12 2.803390 47.917241 3.786492 42.132750
22550 11 2.742318 47.032108 3.789465 41.019323
22600 13 2.734065 43.180463 3.800466 42.411291
22650 12 2.886537 51.089595 3.821000 36.166087
22700 11 3.090628 56.720173 3.891593 38.152748
22750 13 2.908338 59.103283 3.751181 42.225362
22800 13 2.957511 53.765695 3.812340 40.376801
22850 12 3.117149 59.857562 3.957478 32.079284
22900 11 3.335996 55.277190 3.955298 34.588831
22950 13 3.177330 49.052260 4.057617 34.684894
23000 12 2.967587 43.527291 3.988623 37.100388
23050 11 3.153468 51.545750 3.960866 38.588341
23100 13 3.111898 46.555747 3.965370 38.356406
23150 10 3.016762 42.663404 3.921909 39.984495
23200 13 2.824972 40.930085 3.900500 34.690674
23250 11 2.943280 46.176495 3.762173 43.270992
23300 12 2.984111 42.780116 3.687018 41.734937
23350 11 2.911799 37.798071 3.739246 47.424170
23400 12 2.899633 43.451926 3.770702 37.996676
23450 13 2.556084 43.992570 3.847091 42.312741
23500 12 2.828749 39.785184 3.829615 38.911265
23550 12 2.931114 44.460760 3.730302 47.165664
23600 11 2.865800 45.060641 3.775037 46.866585
23650 12 2.918992 44.763099 3.771387 44.670081
23700 11 2.886757 44.009126 3.684668 47.812980
23750 11 3.216000 42.605205 3.658213 47.676317
23800 11 3.043770 44.795171 3.573024 51.539307
23850 12 3.234740 44.389289 3.510755 46.868128
23900 10 3.313425 40.623878 3.508297 49.992657
23950 11 3.446995 41.781269 3.533975 42.783317
24000 11 3.270801 39.902187 3.553529 47.564807
24050 12 3.001945 38.053466 3.587144 48.086125
24100 11 3.086976 41.741995 3.611361 46.908533
24150 14 2.903072 40.198031 3.651691 41.432977
24200 11 3.078059 46.846528 3.616371 43.736341
24250 11 3.074521 44.793273 3.600200 49.242175
24300 10 2.987315 41.644743 3.657634 48.037776
24350 11 2.918130 37.117524 3.595752 49.093188
24400 11 2.785727 35.502837 3.582903 48.842010
24450 12 2.512890 40.338873 3.526309 48.986199
24500 14 2.514663 40.869461 3.545790 47.342290
24550 13 2.551581 38.497910 3.575189 46.664896
24600 13 2.632582 42.016973 3.580603 48.583645
24650 11 2.653568 40.637809 3.576724 49.022724
24700 12 2.601400 41.950194 3.608191 46.446032
24750 12 2.567683 38.775127 3.730283 46.404432
24800 11 2.472833 40.023581 3.820398 45.963799
24850 11 2.339795 36.246976 3.778630 48.565345
24900 15 2.304063 31.559619 3.830166 44.861368
24950 11 2.172740 40.326124 3.797658 57.128554
25000 14 2.134722 39.316411 3.801071 41.043151
25050 15 2.204112 37.382317 3.808139 48.728485
25100 12 2.570946 32.160967 3.871669 47.718018
25150 14 2.487936 33.075659 3.892637 39.485497
25200 12 3.240919 34.934233 3.873551 42.371743
25250 11 2.849314 34.741892 3.846524 39.742762
25300 12 2.843948 37.614177 3.845081 42.479840
25350 11 2.782201 34.693113 3.782899 49.502727
25400 13 2.763182 33.487963 3.829747 40.450193
25450 12 2.863672 34.250273 3.920681 41.493884
25500 11 2.880666 32.101953 3.974951 44.607679
25550 11 2.852521 29.517077 3.991329 40.291639
25600 11 2.947080 29.820804 3.973098 41.158891
25650 11 2.488659 21.509628 3.822897 42.706504
25700 10 2.791817 25.245759 3.812335 45.204307
25750 11 2.851347 28.540790 3.835212 43.471883
25800 11 2.527184 29.319921 3.878245 45.547273
25850 11 2.731874 33.340888 3.876726 45.344823
25900 13 2.774738 34.155298 3.854143 44.121837
25950 12 2.842792 32.288189 3.823362 43.477474
26000 11 3.154867 27.540343 3.825751 45.590436
26050 11 2.981675 40.862673 3.807507 46.462280
26100 10 2.848407 45.332631 3.822736 45.749120
26150 12 2.819572 38.993425 3.779676 42.554528
26200 13 2.867437 43.539501 3.691364 43.194092
26250 14 2.603261 39.965901 3.828536 40.458197
26300 12 2.668091 42.821995 3.801997 37.865106
26350 13 2.605031 34.796509 3.762245 43.551594
26400 13 2.704124 32.952596 3.790338 42.720750
26450 13 2.679604 33.921340 3.798863 42.070141
26500 12 2.723957 31.394385 3.778987 38.466960
26550 12 2.684545 33.019052 3.726161 42.947690
26600 13 2.820324 28.956380 3.780188 39.429781
26650 11 2.894952 35.270468 3.724856 39.274049
26700 12 2.860071 30.212239 3.640836 43.695816
26750 13 2.854386 35.770443 3.666752 43.924685
26800 12 2.867555 37.257039 3.557341 49.838719
26850 14 2.831386 39.219091 3.648816 39.587688
26900 11 2.930754 42.685990 3.678817 42.096031
26950 11 2.942872 41.200572 3.644035 42.135791
27000 15 3.024340 41.684236 3.674384 41.622182
27050 13 2.864644 41.921912 3.693997 41.254789
27100 14 2.746112 40.658433 3.779002 40.942368
27150 12 2.600422 38.934348 3.771736 41.798897
27200 13 2.646810 42.344637 3.753187 43.756946
27250 13 2.672908 40.345312 3.748623 43.943325
27300 14 2.494418 41.492755 3.771079 44.848217
27350 14 2.621228 35.589455 3.846146 38.950174
27400 13 2.682370 34.536702 3.765388 40.944917
27450 12 2.955218 30.218570 3.851208 38.827635
27500 11 3.118269 32.066718 3.867291 42.627957
27550 10 3.177555 30.607064 3.943907 42.728216
27600 11 2.898721 34.239591 3.834069 42.501988
27650 14 2.791866 29.969761 3.880350 40.146430
27700 11 2.891359 32.303796 3.963869 38.365768
27750 11 3.064716 35.945718 3.957745 42.554903
27800 10 3.372035 39.188824 4.039425 40.092548
27850 9 3.155760 27.933084 4.039425 40.092548
27900 11 2.762173 29.925956 4.032956 40.695588
27950 10 2.960631 31.156423 4.031292 39.373132
28000 12 2.970124 34.032371 4.002146 40.394146
28050 10 2.760712 31.024977 4.013942 41.311528
28100 11 2.639023 41.559998 3.979998 42.469699
28150 11 2.731208 31.202127 3.944138 43.989752
28200 13 2.494612 30.194840 3.888021 40.149137
28250 13 2.658288 28.804360 3.828088 42.912438
28300 13 2.391484 26.614605 3.744856 41.645929
28350 11 2.610255 29.790972 3.804833 39.478554
28400 16 2.721000 27.330933 3.697347 43.028615
28450 11 2.975063 21.944772 3.658392 43.197592
28500 13 2.923984 14.638892 3.569288 42.586298
28550 11 2.952909 18.787419 3.623239 51.931944
28600 10 3.146955 19.193420 3.579022 53.567386
28650 12 3.027160 15.983345 3.637607 44.746025
28700 11 3.021832 17.264286 3.764055 37.189966
28750 11 2.885512 13.197995 3.786950 45.799185
28800 11 2.928568 9.002058 3.859507 46.492694
28850 12 2.736464 8.772015 3.866996 44.201639
28900 11 2.768209 25.666652 3.823497 46.639159
28950 12 2.866272 21.232269 3.824021 47.537485
29000 13 2.813377 16.070966 3.798398 46.605436
29050 12 2.600395 10.422494 3.797872 47.257151
29100 10 2.609713 10.164020 3.802835 53.340465
29150 12 2.454148 11.983915 3.836661 45.199192
29200 10 2.680789 20.316528 3.748590 47.675987
29250 11 2.774288 19.103597 3.758905 45.500390
29300 11 2.860912 13.932666 3.760845 48.445771
29350 12 2.787528 18.145961 3.739151 45.154777
29400 11 2.906798 18.787568 3.633230 47.166256
29450 12 2.880951 19.174299 3.587828 50.789944
29500 11 2.689172 18.220099 3.659911 48.425617
29550 10 2.765235 15.964394 3.709908 52.794775
29600 12 2.721711 13.983292 3.825746 42.401597
29650 10 3.205669 16.768833 3.829706 45.459436
29700 11 2.875071 19.976062 3.844049 40.660992
29750 11 2.985767 14.673792 3.745907 43.703546
29800 11 2.821667 26.201085 3.687760 51.083889
29850 12 2.693153 20.547319 3.627211 42.162225
29900 13 2.605095 20.236442 3.636976 46.049658
29950 12 2.566061 26.077284 3.709947 45.547600
30000 12 2.756632 25.208238 3.730149 47.161782
30050 14 2.778392 18.154233 3.661938 48.601083
30100 12 2.826409 19.921137 3.701395 45.745678
30150 12 2.857357 25.156723 3.717480 58.306668
30200 11 2.783078 25.145301 3.710625 45.472571
30250 14 2.780349 23.272674 3.621618 41.807274
30300 11 2.931857 19.042572 3.778909 44.956746
30350 11 2.924679 19.372676 3.767094 45.244556
30400 12 2.898356 19.426898 3.777631 38.399268
30450 13 2.939622 19.972462 3.708542 41.385609
30500 11 3.011169 24.622357 3.633419 43.996946
30550 11 3.150776 27.261286 3.596964 44.425852
30600 10 3.129829 27.671331 3.649845 45.962710
30650 11 2.918834 30.023268 3.674507 42.723070
30700 15 2.834926 29.885059 3.806601 40.412709
30750 13 2.768753 31.205973 3.808419 36.902492
30800 13 2.836071 39.198907 3.727918 40.022053
30850 13 2.801979 33.367900 3.645504 46.114487
30900 10 2.708926 38.415619 3.744088 50.444935
30950 12 2.924547 35.625349 3.754670 54.137024
31000 11 2.663676 37.189077 3.788749 45.314994
31050 10 2.841483 24.555354 3.755633 52.946226
31100 11 2.721432 28.129931 3.702238 44.434690
31150 13 2.906555 33.572712 3.645637 42.637942
31200 12 3.046027 34.726856 3.689672 46.450619
31250 11 2.987271 38.742229 3.743714 43.232052
31300 13 2.762208 43.610539 3.773065 44.072181
31350 12 2.639739 39.895606 3.724519 44.887657
31400 13 2.719078 40.212233 3.710537 44.205008
31450 13 2.791100 39.752034 3.671845 44.769872
31500 14 2.799792 35.353796 3.651895 40.654724
31550 14 2.861299 43.667616 3.629261 44.752192
31600 11 3.127981 43.996225 3.595516 46.059786
31650 12 3.328313 46.097506 3.592351 44.669240
31700 10 3.372105 44.401011 3.722548 47.422693
31750 10 3.294118 44.426924 3.754887 42.068441
31800 11 3.166733 46.772315 3.802431 38.241657
31850 10 3.007264 46.538210 3.788823 47.320861
31900 12 2.796985 48.015795 3.733553 41.603284
31950 11 2.926399 47.066649 3.810162 35.489437
32000 11 3.029322 46.174832 3.847439 35.909163
32050 11 2.860348 36.607180 3.836164 41.648420
32100 12 2.987137 37.231604 3.743927 46.127509
32150 14 3.033459 45.937095 3.765597 36.207556
32200 11 3.380208 47.373032 3.750013 40.997933
32250 12 3.313737 47.638237 3.606608 40.671038
32300 15 3.052630 48.314524 3.637179 37.684381
32350 13 2.723779 47.234393 3.633254 44.693877
32400 13 2.735540 56.552746 3.519818 46.686850
32450 13 2.671511 50.520383 3.604193 44.941209
32500 11 2.877709 50.984450 3.658345 55.266378
32550 12 2.882174 49.334633 3.677304 41.199580
32600 14 3.035201 48.157868 3.651662 44.093098
32650 11 2.944233 54.575703 3.708123 46.768887
32700 11 3.219933 43.893815 3.821447 39.739734
32750 12 3.183973 46.973128 3.822673 40.606730
32800 11 2.908567 49.298378 3.800848 41.865084
32850 13 2.808575 51.342809 3.731541 44.178178
32900 11 2.877659 48.117370 3.699410 49.088632
32950 12 2.853436 46.845507 3.733152 46.104577
33000 12 2.800468 50.016733 3.683978 47.894534
33050 10 2.849330 46.839885 3.719579 48.672879
33100 12 2.714360 43.404316 3.810200 46.430368
33150 10 2.663965 42.559376 3.864222 43.160076
33200 12 2.667896 39.154701 3.905394 44.758723
33250 12 2.687768 46.194024 3.852285 44.434242
33300 13 2.532579 45.041283 3.840782 45.964853
33350 12 2.801282 43.370425 3.902691 35.455192
33400 11 2.606299 48.865283 3.891656 40.063230
33450 13 2.632288 52.526380 3.868849 42.611358
33500 12 2.568498 52.097834 3.856544 43.064692
33550 12 2.376044 47.478037 3.727288 45.428285
33600 14 2.505466 41.412250 3.599655 45.267926
33650 12 2.583556 48.793880 3.557064 49.228496
33700 11 2.644012 44.190569 3.565845 46.369467
33750 12 2.648177 47.211650 3.656255 43.843503
33800 11 2.503898 41.392190 3.641378 46.619325
33850 13 2.763934 44.972297 3.687215 44.097304
33900 11 2.995199 39.643694 3.679624 46.641165
33950 10 3.136035 47.322980 3.608064 49.384449
34000 11 3.249154 55.050844 3.549968 44.225251
34050 13 3.302804 51.558209 3.542452 39.433368
34100 11 3.179901 52.614855 3.612250 44.290517
34150 14 2.806842 54.077319 3.497152 41.081590
34200 12 2.763357 56.611488 3.657135 44.887961
34250 13 3.015021 51.599037 3.634351 45.531444
34300 13 3.065558 54.659972 3.649514 44.922715
34350 11 3.090547 54.895589 3.811168 38.899093
34400 13 2.996371 60.101814 3.833900 42.782335
34450 12 2.879755 61.893240 3.870731 42.727251
34500 13 2.802903 61.985921 3.775868 39.021576
34550 14 2.939167 64.365872 3.751166 39.740401
34600 15 2.933066 58.539441 3.750724 40.482689
34650 12 3.002592 49.550400 3.783898 40.734480
34700 12 2.871501 48.645330 3.780722 42.308565
34750 10 3.185024 56.098172 3.752807 44.282100
34800 10 3.018746 53.411210 3.739837 47.618239
34850 13 3.136490 53.611943 3.700809 47.476585
34900 11 3.551196 61.655297 3.682174 44.795525
34950 11 3.274259 50.150601 3.619255 43.027127
35000 11 3.622349 56.567303 3.615379 42.399808
35050 10 3.333869 50.245065 3.624947 45.343134
35100 11 3.358685 52.061900 3.543766 47.209406
35150 12 3.215388 57.032803 3.450541 47.474812
35200 14 3.540837 59.532191 3.538368 45.037184
35250 11 3.289498 55.890084 3.478436 45.445660
35300 12 3.399958 47.277521 3.475183 48.865037
35350 12 3.352987 48.854044 3.582434 43.427003
35400 11 3.517797 52.787936 3.465296 41.366512
35450 12 3.066600 48.669893 3.639710 45.607711
35500 11 3.039132 51.147469 3.621714 43.453453
35550 10 3.506630 53.813634 3.618746 44.236032
35600 11 3.038417 49.624697 3.645588 43.981157
35650 14 2.985155 49.605082 3.576664 37.231123
35700 16 2.637806 47.950831 3.666139 44.415146
35750 12 2.810627 46.981795 3.679232 44.717248
35800 14 2.791220 47.452002 3.707587 45.841592
35850 15 2.663121 48.803875 3.772265 40.459988
35900 13 2.715962 47.193463 3.721165 49.110658
35950 15 2.587139 47.974675 3.686556 44.844266
36000 13 2.596617 49.208153 3.649196 44.893901
36050 13 2.715444 49.686206 3.718686 43.113467
36100 13 2.574919 49.780672 3.773522 41.326137
36150 13 2.588359 50.614241 3.842148 35.425415
36200 17 2.426652 50.732196 3.712443 38.317698
36250 12 2.428949 51.490115 3.829267 46.608473
36300 11 2.565808 51.433999 3.787655 51.755181
36350 12 2.410443 48.868593 3.788159 47.368462
36400 13 2.402131 49.274155 3.643990 47.956113
36450 13 2.398499 50.680558 3.765053 50.630069
36500 13 2.461333 52.034358 3.666477 44.201445
36550 15 2.404442 51.852249 3.686344 44.753330
36600 13 2.243525 53.371869 3.925813 41.587262
36650 13 2.318341 46.279190 3.935572 40.965278
36700 14 2.408717 55.544135 4.027814 40.842064
36750 13 2.395549 50.652972 3.907260 40.009553
36800 13 2.328336 52.079117 3.943815 47.457040
36850 12 2.272926 49.063892 3.779179 49.955667
36900 14 2.124111 44.901318 3.786400 48.153819
36950 14 2.255410 41.501453 3.813766 44.918770
37000 11 2.424926 43.253089 3.788626 45.986475
37050 12 2.417990 45.318956 3.799091 46.115843
37100 12 2.482106 46.025521 3.804134 46.531919
37150 11 2.407714 47.575495 3.803773 47.215945
37200 10 2.772884 45.845313 3.828105 47.786845
37250 12 2.803817 44.816201 3.792574 47.707649
37300 12 3.077579 51.373788 3.786499 45.840398
37350 12 3.170355 44.063543 3.795906 47.723771
37400 11 2.770483 46.698375 3.859326 48.660901
37450 11 2.736922 45.265352 3.868604 49.377584
37500 11 2.749448 45.180860 3.870963 49.227151
37550 11 2.663202 45.456803 3.837911 48.792357
37600 12 2.594176 37.139935 3.821540 48.486494
37650 12 2.441531 33.912705 3.793153 48.231838
37700 13 2.236196 37.904133 3.776545 48.525695
37750 16 2.048630 38.195598 3.806060 48.709642
37800 13 2.042803 40.394734 3.805075 48.444392
37850 11 2.558194 38.240767 3.805075 48.444392
37900 13 2.370578 38.916002 3.778839 48.434863
37950 12 2.315789 44.478491 3.778839 48.434863
38000 12 2.274275 44.373441 3.778839 48.434863
38050 13 2.241937 40.540163 3.778839 48.434863
38100 12 2.333965 43.018543 3.778839 48.434863
38150 15 2.275716 43.712394 3.778839 48.434863
38200 13 2.317188 35.901042 3.796874 48.515313
38250 14 2.073753 40.146187 3.796874 48.515313
38300 13 2.114332 38.641464 3.796874 48.515313
38350 13 2.180584 34.211464 3.813352 48.716079
38400 13 2.254958 29.160800 3.783719 48.489784
38450 13 2.339926 37.111288 3.734423 49.095451
38500 13 2.694644 33.004087 3.689984 48.637363
38550 12 2.672659 36.219920 3.613976 48.335095
38600 12 2.826687 39.908539 3.592854 48.968631
38650 12 2.814159 41.671860 3.545874 48.301831
38700 11 2.736026 42.395777 3.592792 49.269299
38750 11 2.938585 38.613914 3.598431 49.167702
38800 11 2.550925 33.255208 3.617540 49.189069
38850 11 2.713233 29.108553 3.613728 48.887497
38900 11 2.670377 24.563430 3.584861 48.914034
38950 12 2.473929 34.371788 3.607067 49.632472
39000 13 2.576972 28.095349 3.517329 48.344180
39050 14 2.288905 40.944589 3.538314 52.272445
39100 14 2.436795 39.597254 3.647775 48.688932
39150 14 2.412973 30.729017 3.772699 45.347281
39200 13 2.512603 31.399984 3.798514 46.020499
39250 13 2.599315 33.691499 3.807166 44.549044
39300 14 2.594765 25.163216 3.832153 45.561455
39350 12 2.489031 19.456879 3.882296 48.213718
39400 12 2.578674 24.432251 3.885143 48.261018
39450 12 2.654639 22.451329 3.896904 46.553286
39500 11 2.593363 20.661571 3.843396 46.292821
39550 12 2.728823 29.767087 3.830909 46.013675
39600 11 3.064826 29.120707 3.826008 46.074034
39650 10 3.068111 31.961474 3.852418 45.713253
39700 11 2.711714 36.590022 3.869408 44.534410
39750 12 2.772896 35.670632 3.857134 45.549669
39800 11 2.711854 29.286422 3.888658 45.288877
39850 11 2.700262 30.436168 3.900358 45.330697
39900 11 2.677303 23.633415 3.900358 45.330697
39950 11 3.080226 30.628337 3.900358 45.330697
40000 10 2.931961 33.237147 3.900358 45.330697
40050 12 2.718546 32.075074 3.900358 45.330697
40100 12 2.618301 38.133759 3.862827 45.206572
40150 11 2.619836 38.547114 3.862827 45.206572
40200 11 2.486272 42.753586 3.888287 45.176763
40250 13 2.337182 43.922736 3.888287 45.176763
40300 12 2.488028 43.885965 3.888287 45.176763
40350 11 2.461876 47.181405 3.920375 45.153754
40400 12 2.806845 40.624193 3.912407 45.087394
40450 12 2.487524 42.363714 3.912407 45.087394
40500 12 2.611142 38.763316 3.912407 45.087394
40550 12 2.490115 35.778784 3.943445 44.978385
40600 12 2.671403 33.919810 3.943445 44.978385
40650 11 2.698741 31.774096 3.941203 45.131325
40700 12 2.503749 34.025618 3.941203 45.131325
40750 14 2.200505 27.001319 3.941203 45.131325
40800 12 2.281273 32.117804 3.933225 45.084893
40850 12 2.345383 37.566697 3.933225 45.084893
40900 11 2.687683 34.266104 3.933225 45.084893
40950 11 2.620185 33.731701 3.918176 45.106787
41000 11 2.657299 28.666761 3.918176 45.106787
41050 9 2.636485 34.134203 3.918176 45.106787
41100 12 2.803320 32.814119 3.892681 45.127658
41150 11 2.625059 30.111476 3.892681 45.127658
41200 10 2.942028 33.092753 3.892681 45.127658
41250 13 2.948528 35.924192 3.865972 45.214349
41300 10 2.717951 33.192877 3.865972 45.214349
41350 12 2.831949 30.432754 3.865972 45.214349
41400 11 2.708377 27.557669 3.856544 45.359796
41450 11 2.728200 31.170623 3.856544 45.359796
41500 12 2.806807 39.409080 3.843501 45.403094
41550 10 2.895983 36.324313 3.859131 45.475951
41600 11 2.818173 35.496845 3.883697 45.685674
41650 11 2.684453 38.203200 3.899562 45.624287
41700 13 2.478257 41.117626 3.886566 45.672150
41750 12 2.514016 48.396737 3.829823 45.283565
41800 12 2.560091 38.621189 3.823595 45.267206
41850 12 2.564218 40.683750 3.823595 45.267206
41900 14 2.727274 38.483930 3.823595 45.267206
41950 10 2.957858 51.331438 3.846284 45.551333
42000 11 2.679187 51.418793 3.911900 45.604744
42050 13 2.904024 54.259475 3.911900 45.604744
42100 12 2.624757 46.574647 3.908688 45.489865
42150 11 2.447293 42.548797 3.906026 45.548735
42200 10 2.796892 47.282576 3.917754 45.695171
42250 14 2.557027 41.810656 3.893591 45.441661
42300 12 2.426681 38.501374 3.893591 45.441661
42350 13 2.425496 40.504874 3.879279 45.864067
42400 14 2.310526 48.680178 3.888847 45.812473
42450 12 2.221395 43.459785 3.864884 46.950853
42500 14 2.184041 40.097155 3.903516 47.360422
42550 14 2.318954 42.638260 3.867743 45.603901
42600 12 2.389753 37.118468 3.936000 41.265629
42650 11 2.468280 26.407957 3.842573 44.648752
42700 12 2.657408 34.945201 3.884375 43.293608
42750 12 2.436893 46.472666 3.829342 44.484314
42800 13 2.431841 42.096085 3.732146 53.373568
42850 14 2.433389 42.148596 3.663992 46.404167
42900 13 2.748973 43.456319 3.571076 44.908828
42950 11 2.677063 50.944560 3.599125 51.686542
43000 13 2.578835 42.307683 3.736976 48.183076
43050 13 2.570674 48.390504 3.894022 46.578113
43100 13 2.880476 57.811905 3.814094 42.781806
43150 14 3.144541 56.139634 3.770394 38.549040
43200 13 3.053314 52.505756 3.688981 38.619599
43250 11 3.191717 47.673947 3.675039 43.405302
43300 11 3.191479 49.797762 3.602689 40.441189
43350 11 3.221101 49.742926 3.656396 44.940580
43400 10 3.483351 40.209987 3.604703 41.720966
43450 12 3.317702 38.382117 3.635704 40.519198
43500 12 2.964372 46.639965 3.679318 43.123869
43550 14 2.899017 47.972532 3.650931 41.684048
43600 13 3.055020 41.191657 3.619997 43.947481
43650 12 3.199552 45.611592 3.790696 41.433045
43700 13 3.342150 40.468665 3.778896 36.638550
43750 12 3.396889 34.331517 3.745028 42.286225
43800 10 3.660376 37.944888 3.661178 42.246295
43850 11 3.711863 29.331281 3.778655 33.985445
43900 11 3.718298 24.498785 3.765184 42.675874
43950 11 3.636915 36.369700 3.731459 41.200485
44000 11 3.653138 33.500016 3.699806 41.032072
44050 11 3.574129 31.800138 3.853747 42.460454
44100 10 3.418522 38.161681 3.760828 44.837514
44150 11 3.284199 37.866212 3.772244 41.060520
44200 11 3.275164 37.804225 3.734495 41.638116
44250 9 3.461029 36.859160 3.761439 39.040140
44300 11 3.500357 42.795932 3.718906 38.259712
44350 13 3.113634 42.042531 3.699009 42.927484
44400 10 3.890666 41.525118 3.720384 43.868796
44450 11 3.722191 42.222559 3.752728 39.567998
44500 12 3.767672 49.651720 3.704172 39.973508
44550 12 3.591601 51.522924 3.723365 39.204961
44600 12 3.564595 51.563844 3.816822 41.126697
44650 10 3.663987 55.912236 3.840503 41.890854
44700 9 3.857206 52.972994 3.975272 38.058335
44750 12 3.742803 52.936983 3.771555 38.610528
44800 10 4.029071 53.752652 3.652561 39.464598
44850 11 3.961826 54.049691 3.557113 46.049967
44900 10 3.479296 53.113581 3.656732 45.481575
44950 10 3.222879 52.801572 3.761308 45.120851
45000 11 3.179421 49.737540 3.799610 40.242618
45050 10 3.328455 52.951037 3.720645 49.662904
45100 11 3.316612 58.233464 3.788240 45.760264
45150 12 3.245762 51.838685 3.777346 45.494947
45200 12 3.380502 50.344737 3.852141 37.472894
45250 11 3.226956 50.258804 3.716670 46.325911
45300 11 3.089942 51.223489 3.654997 40.942888
45350 11 2.890569 38.886889 3.721119 44.167659
45400 12 2.734487 44.990720 3.824869 44.917072
45450 11 2.455018 50.978966 3.867928 44.533723
45500 11 2.540529 48.518340 3.831796 45.148005
45550 11 2.672316 47.938724 3.682088 45.039472
45600 11 2.654089 47.436351 3.541539 52.469987
45650 12 2.530271 48.496325 3.545746 50.435706
45700 13 2.597850 42.978506 3.543834 56.606613
45750 11 2.628646 46.055919 3.510227 59.141808
45800 13 2.626966 45.239661 3.693685 46.485863
45850 13 2.775978 43.193401 3.647870 44.760595
45900 11 2.785277 44.005180 3.624686 51.786139
45950 12 2.847014 43.954750 3.644426 45.787953
46000 11 2.970882 39.533513 3.651689 48.961597
46050 11 3.076255 41.841986 3.668337 49.350637
46100 11 3.024872 36.412970 3.613251 51.006121
46150 12 3.075490 42.592164 3.672621 51.555528
46200 12 2.531514 43.510345 3.633042 51.598992
46250 12 2.590430 41.886525 3.602985 50.635826
46300 11 2.565239 36.284610 3.618178 53.069411
46350 13 2.467310 41.637348 3.602107 50.290301
46400 15 2.475614 41.947810 3.595246 50.484069
46450 14 2.595742 37.467069 3.561246 49.554387
46500 11 2.783514 34.445303 3.575685 50.244736
46550 11 2.993003 35.846902 3.686936 51.255472
46600 12 3.017069 40.906276 3.647648 54.227828
46650 11 3.219253 34.081168 3.680007 48.136608
46700 12 2.929594 24.291384 3.597474 54.371300
46750 11 2.888464 29.699662 3.565332 51.302364
46800 13 2.879942 35.775458 3.772470 43.168106
46850 12 2.555912 35.404983 3.713455 48.982551
46900 13 2.525740 34.670629 3.831027 43.857706
46950 11 2.734453 28.903404 3.704933 52.712400
47000 12 2.613828 35.749649 3.533375 48.428331
47050 11 2.750965 35.240797 3.574822 51.956810
47100 11 2.710997 37.177671 3.657186 52.109158
47150 12 2.899860 37.415879 3.642021 51.782624
47200 10 3.109974 39.170490 3.602837 52.592590
47250 12 2.764723 35.311216 3.565564 51.346259
47300 10 3.099474 36.083166 3.598583 49.697912
47350 11 3.171538 38.031277 3.668161 49.371129
47400 11 3.155789 36.971602 3.628302 48.503713
47450 10 3.353938 35.918104 3.648184 47.184347
47500 11 3.398009 37.102729 3.676966 47.779787
47550 11 3.374898 36.186285 3.697043 47.025485
47600 11 3.481946 31.764771 3.680839 48.051502
47650 11 3.584595 33.733871 3.685029 44.220539
47700 10 3.515426 31.683587 3.681581 47.246655
47750 11 3.074978 28.864028 3.719902 46.296973
47800 11 3.086005 23.449533 3.726446 46.480879
47850 11 2.908234 31.273276 3.689065 48.150673
47900 12 2.748947 28.235244 3.703672 45.376667
47950 12 2.516279 37.441326 3.678296 49.420329
48000 12 2.533594 31.153043 3.694376 46.350756
48050 13 2.679988 37.484032 3.701758 39.230165
48100 13 2.513995 36.570692 3.675006 47.280044
48150 11 2.839470 35.762449 3.597949 48.801199
48200 11 2.715443 30.104229 3.695233 43.666114
48250 14 2.719021 37.335620 3.646703 40.513848
48300 14 2.667338 33.344507 3.679650 44.436803
48350 12 2.746026 40.567805 3.712635 46.052277
48400 13 2.679389 38.453259 3.710457 45.777012
48450 12 2.705601 33.321810 3.689497 44.213592
48500 13 2.321840 31.793925 3.759995 43.856730
48550 15 2.521473 35.348875 3.797638 44.639754
48600 12 2.419916 35.647395 3.858430 49.471447
48650 11 2.636284 35.288936 3.799531 46.846093
48700 12 2.361356 35.631671 3.878006 43.421337
48750 11 2.568079 32.132773 3.844315 44.807789
48800 12 2.558456 34.216824 3.718102 41.938526
48850 12 2.625807 35.821672 3.799391 42.596813
48900 12 2.438148 41.117539 3.902338 43.038842
48950 12 2.536621 32.022011 3.828662 45.109526
49000 12 2.343651 30.599944 3.890476 43.445624
49050 15 2.229279 38.901421 3.761691 50.676278
49100 11 2.309185 42.237439 3.800075 50.941664
49150 12 2.717122 44.770312 3.804178 41.951726
49200 13 2.479744 41.577067 3.804934 43.062862
49250 13 2.223546 42.300618 3.877387 41.185818
49300 16 2.139284 43.055178 3.793092 41.291738
49350 14 2.428184 40.985920 3.834440 41.515248
49400 14 2.482579 31.622598 3.826844 42.935610
49450 14 2.507154 31.577381 3.799160 43.446719
49500 12 2.922532 40.374189 3.838398 43.500510
49550 13 2.895375 45.678557 3.785589 36.215500
49600 11 3.019359 43.990968 3.724741 44.453772
49650 11 3.067762 41.879833 3.674385 50.256270
49700 12 3.175781 49.302744 3.604878 45.031709
49750 12 3.237865 43.155209 3.647661 42.154887
49800 13 3.010416 45.489465 3.637327 42.209248
49850 12 2.726994 42.665085 3.620519 46.899144
49900 13 2.722794 40.099989 3.627862 44.591286
49950 13 2.690388 40.090957 3.663599 42.194445
