0 11 2.830000 24.210000 3.700000 47.000000 1.000000 4.074829 
50 14 2.737302 23.816930 3.636654 95.865199 0.541991 12.788628 
100 16 2.546701 23.832412 3.691810 89.196206 0.616601 43.928500 
150 14 2.478805 23.901512 3.711052 90.844333 0.623957 79.028517 
200 13 2.417938 23.838441 3.861520 78.329683 0.596604 43.011438 
250 12 2.585877 23.023125 3.975054 75.320787 0.613316 58.043062 
300 12 2.781690 23.655972 3.984965 76.832079 0.874974 77.491107 
350 12 2.873004 23.549945 4.073693 76.441978 0.691920 118.284722 
400 12 3.305154 23.786510 4.145038 68.897836 0.583335 55.464040 
450 13 3.539582 23.464636 4.038905 66.331281 0.562498 43.081430 
500 12 3.330001 23.732881 4.080128 63.042283 0.741491 39.879566 
550 12 3.262757 24.263569 4.154505 66.171024 0.609430 40.091217 
600 12 3.366011 24.112972 4.225704 60.814951 0.721412 74.277700 
650 12 3.251011 24.473021 4.200536 62.645064 0.738046 93.731744 
700 12 3.198544 24.452153 4.123510 68.299350 0.531798 62.183243 
750 12 3.264641 24.159938 4.144327 66.643207 0.594536 65.485405 
800 13 3.187693 24.747036 4.101425 66.960407 0.638659 91.055484 
850 13 3.199385 24.248033 4.123741 72.288697 0.781426 81.110263 
900 12 3.325104 24.531012 4.177800 68.706783 0.725905 73.664422 
950 11 3.564176 24.412349 4.117852 65.816600 0.590878 44.831690 
1000 12 3.255289 24.412349 4.135225 68.189262 0.674110 40.740580 
1050 12 3.287238 24.351886 4.125514 63.582886 0.692035 38.336853 
1100 12 3.317725 24.460427 4.129049 65.323289 0.581499 38.290898 
1150 13 3.181516 24.666002 4.253702 56.024380 0.750180 57.730576 
1200 12 3.314648 24.584032 4.283133 65.615818 0.737429 48.790011 
1250 12 3.425606 24.223540 4.429420 56.686078 0.648464 47.064420 
1300 12 3.047388 25.027250 4.487072 52.860763 0.726966 57.157201 
1350 12 3.148338 24.156024 4.356747 56.273058 0.698845 60.519847 
1400 12 3.056403 22.849096 4.321312 56.227880 0.670800 73.902195 
1450 12 3.218172 24.140006 4.355699 59.011351 0.720705 86.538342 
1500 12 3.177798 23.222505 4.430533 56.062408 0.678758 86.278820 
1550 13 3.283195 22.277360 4.409213 55.235311 0.771778 66.599212 
1600 12 4.147813 24.305386 4.381728 53.012691 0.747001 92.141283 
1650 12 3.180576 25.960050 4.439301 56.160719 0.730589 62.801326 
1700 11 3.183473 26.630535 4.467753 57.203859 0.752669 43.438023 
1750 12 3.310325 26.153918 4.405309 56.339406 0.680664 55.941052 
1800 12 3.277979 26.682861 4.413724 53.084294 0.652601 106.655979 
1850 12 3.302510 25.707803 4.455698 57.328591 0.749247 42.210440 
1900 12 3.606300 26.866826 4.461193 51.473486 0.651085 60.498636 
1950 11 3.050213 26.775281 4.489369 48.974779 0.520944 43.120904 
2000 12 2.666585 26.197995 4.559176 49.612365 0.612741 74.381021 
2050 12 2.484778 25.077907 4.471934 59.357705 0.628144 123.099274 
2100 13 2.449263 28.136192 4.471934 59.357705 0.684223 50.693065 
2150 13 2.898290 27.484533 4.430170 55.418128 0.640838 61.231000 
2200 13 2.710686 26.756859 4.467721 54.800091 0.707958 57.414051 
2250 13 2.961079 27.559484 4.472540 52.822282 0.654860 66.669942 
2300 12 2.927568 27.538806 4.499786 58.917821 0.683640 43.344802 
2350 12 3.053380 27.525855 4.560350 54.346921 0.593241 53.012015 
2400 12 2.772681 27.580890 4.641881 53.203347 0.667230 53.240241 
2450 12 2.520653 27.368276 4.644369 53.396322 0.620906 40.180121 
2500 12 2.442231 27.397694 4.625688 55.310786 0.667746 75.868815 
2550 13 2.255551 27.382952 4.621611 56.697172 0.731533 79.357403 
2600 12 2.614336 27.305494 4.636992 51.783182 0.798005 63.004295 
2650 13 2.499332 27.968079 4.714969 51.479817 0.836710 49.708640 
2700 13 2.966578 26.256995 4.687902 53.118423 0.887920 61.935682 
2750 12 3.326629 26.177926 4.765091 44.149759 0.536246 76.281741 
2800 12 3.719680 26.827728 4.763409 48.829674 0.888297 99.259491 
2850 13 3.645142 26.549898 4.781671 47.693762 0.654947 131.616481 
2900 12 3.408065 26.484867 4.749904 46.636104 0.579290 113.975352 
2950 12 3.638424 26.761973 4.722728 42.421734 0.609813 76.467261 
3000 11 4.185191 26.806743 4.690999 43.632625 0.810255 57.315863 
3050 12 3.923227 26.795567 4.663428 47.764690 0.786195 62.145882 
3100 12 3.324896 26.679672 4.656462 47.962642 0.673333 36.154652 
3150 11 3.564665 27.236920 4.689578 46.037690 0.771587 47.410621 
3200 12 3.229258 28.875391 4.715719 46.758696 0.591497 65.413023 
3250 12 3.386755 26.276216 4.744597 46.138677 0.666199 61.695076 
3300 12 3.120486 26.914208 4.696193 48.538394 0.761392 26.719929 
3350 12 3.262757 28.602239 4.760829 44.557150 0.617071 45.769275 
3400 12 3.124685 27.904149 4.759923 46.227565 0.842895 72.244706 
3450 12 3.493179 25.011299 4.718419 45.834988 0.635628 39.325125 
3500 11 3.218450 27.832164 4.634463 45.570283 0.642764 57.038763 
3550 13 3.129309 29.584236 4.693547 46.239787 0.654977 56.106748 
3600 12 3.007648 30.404634 4.655412 47.239708 0.714566 45.870322 
3650 12 3.126731 31.766083 4.684893 46.191281 0.718004 40.270368 
3700 12 3.172710 25.358290 4.674674 47.126360 0.722142 66.907707 
3750 12 3.101665 26.662859 4.657344 50.533348 0.661901 72.636446 
3800 12 2.834175 25.779034 4.619700 55.025539 0.657997 33.930541 
3850 12 3.060078 32.126688 4.655747 50.767268 0.618636 75.441224 
3900 13 2.955033 29.517306 4.766579 43.878813 0.800824 31.391308 
3950 12 3.143118 30.669634 4.830324 39.280069 0.589982 52.450068 
4000 12 3.174692 30.722187 4.813155 44.916984 0.638416 45.563994 
4050 12 3.101708 28.633627 4.827591 45.233975 0.697552 39.331355 
4100 12 3.331164 32.824621 4.780141 47.272907 0.636151 57.476162 
4150 12 3.456801 28.530404 4.766980 41.353542 0.678848 67.068417 
4200 12 3.111874 28.388528 4.777063 47.008066 0.688751 52.553007 
4250 12 3.220578 26.752989 4.793564 47.157405 0.632055 57.448469 
4300 12 3.469630 26.097878 4.773625 45.428721 0.825813 108.347548 
4350 13 3.796436 24.805208 4.821929 40.908369 0.609531 69.321989 
4400 12 3.499019 27.487209 4.785102 43.519750 0.825975 74.791919 
4450 12 3.176529 29.003112 4.716021 45.183832 0.700037 60.897173 
4500 12 3.462356 29.910915 4.744236 44.832105 0.763113 58.198713 
4550 13 3.574630 26.266097 4.697918 46.239122 0.657406 60.793917 
4600 12 3.294708 26.615993 4.680150 49.512753 0.676949 24.268250 
4650 12 3.375613 27.127393 4.619187 50.020466 0.541381 32.301854 
4700 12 3.159955 27.051571 4.634276 48.702601 0.674367 38.012254 
4750 13 3.049945 23.861755 4.597130 49.004362 0.642440 32.399897 
4800 12 3.416581 28.956656 4.643129 46.759318 0.681037 40.657145 
4850 12 3.059016 30.885182 4.612842 50.407999 0.590715 47.706446 
4900 12 2.693830 26.299520 4.681016 54.010346 0.588968 55.322871 
4950 12 3.033175 28.402978 4.699400 50.084460 0.493271 48.691661 
5000 11 3.054628 31.144756 4.707516 46.343788 0.709006 78.687525 
5050 12 2.860730 33.222210 4.657362 48.546808 0.767937 64.826718 
5100 12 3.245505 29.311488 4.675502 45.649234 0.620002 69.638782 
5150 11 3.063165 25.290069 4.639178 49.845352 0.614673 35.383601 
5200 12 3.137012 27.833205 4.653470 47.548319 0.551826 86.152803 
5250 12 3.517351 26.045131 4.679143 46.551092 0.670886 66.623795 
5300 13 3.533160 21.406425 4.629645 47.256975 0.694909 65.943202 
5350 13 3.484178 24.257612 4.614629 47.609300 0.600310 132.745702 
5400 13 3.590998 25.010411 4.645884 45.722029 0.756896 56.737477 
5450 12 3.058382 25.354340 4.677066 51.602777 0.533329 37.922622 
5500 12 3.237663 22.431473 4.652640 50.335604 0.685787 80.827495 
5550 12 2.680362 24.119369 4.618818 52.032447 0.562313 54.147507 
5600 12 3.324465 25.062891 4.623931 48.395766 0.697381 54.825876 
5650 12 2.877641 25.628417 4.606346 51.625746 0.672153 52.003874 
5700 12 3.118954 25.730666 4.665571 47.935333 0.634611 44.124499 
5750 12 3.559561 28.343544 4.699742 48.635055 0.713362 58.196482 
5800 13 3.811172 29.273851 4.726014 46.060355 0.768142 71.563619 
5850 12 3.302471 27.649682 4.699675 49.312625 0.770393 96.260181 
5900 12 3.728423 26.594126 4.706595 45.222698 0.522429 58.472555 
5950 12 3.723999 30.049421 4.683396 45.807253 0.561264 84.234825 
6000 12 3.489197 29.705608 4.679064 45.800216 0.804330 82.136684 
6050 12 2.855539 30.011129 4.774225 42.347036 0.735149 55.604333 
6100 12 3.147335 33.093142 4.789200 43.337580 0.594104 54.105096 
6150 12 3.222571 35.722926 4.781024 47.355238 0.579923 65.971826 
6200 13 3.069833 33.981401 4.793955 46.648644 0.529294 55.871308 
6250 13 3.166291 32.466128 4.785065 45.091781 0.687570 55.719877 
6300 12 3.137874 33.966306 4.790840 46.337566 0.709707 73.132286 
6350 12 3.212608 28.172425 4.728510 46.889418 0.588159 36.006041 
6400 12 3.301695 33.304029 4.719687 45.107570 0.539013 61.072819 
6450 11 3.575181 30.215590 4.690441 45.799090 0.675519 91.811644 
6500 12 3.253987 30.400205 4.667468 50.262804 0.674849 87.885715 
6550 12 3.528079 31.586102 4.617881 51.572248 0.697319 59.976294 
6600 12 3.427040 31.352288 4.643629 47.104155 0.670884 53.721587 
6650 12 3.364103 31.961188 4.637131 46.711106 0.646051 62.595242 
6700 12 3.969191 35.926491 4.684699 47.361953 0.641031 63.958100 
6750 12 3.272783 35.669282 4.694038 45.206049 0.723551 77.595699 
6800 12 3.078039 36.215782 4.711300 45.726821 0.545668 57.346313 
6850 12 3.044993 35.968971 4.736261 44.390312 0.800211 45.663149 
6900 12 2.922986 34.493985 4.768410 45.080630 0.681247 51.984966 
6950 12 3.040009 32.661914 4.764060 45.296408 0.859349 70.924733 
7000 12 3.501122 30.864585 4.778923 44.589028 0.770969 58.741924 
7050 13 3.079743 31.143674 4.787510 44.919993 0.594373 91.936707 
7100 12 3.047218 28.463969 4.782678 44.576167 0.709895 92.590874 
7150 12 3.242848 30.207389 4.819229 43.404422 0.659622 56.371878 
7200 12 3.437584 23.692800 4.791211 46.297676 0.657269 49.246333 
7250 12 3.442077 25.910534 4.738089 43.251105 0.677899 37.054282 
7300 12 3.337671 28.411674 4.749828 45.061386 0.839480 91.148371 
7350 12 3.441269 31.001252 4.782611 41.844409 0.644401 57.201739 
7400 12 3.428592 31.546132 4.823174 46.583244 0.702001 59.795114 
7450 12 2.925404 32.163944 4.820836 49.049031 0.650519 43.900811 
7500 12 3.570697 31.631716 4.829966 41.828966 0.652230 66.963843 
7550 11 3.515445 25.518220 4.810678 46.454550 0.711931 53.182125 
7600 12 3.222399 28.991877 4.778784 46.251511 0.794125 107.831762 
7650 11 3.116355 28.529375 4.690418 50.130056 0.567721 36.300284 
7700 13 2.944295 33.252737 4.688243 49.237723 0.664346 44.538216 
7750 11 3.144066 28.272525 4.690714 48.362693 0.689004 43.330314 
7800 13 2.830872 31.587767 4.698199 47.148817 0.611263 55.056756 
7850 12 2.915223 25.449687 4.720876 45.304239 0.618413 57.299303 
7900 12 3.017110 34.115378 4.696448 51.352797 0.766533 83.315258 
7950 12 2.968667 30.743744 4.692067 49.008468 0.639446 82.180554 
8000 12 3.181908 28.936736 4.729714 48.016120 0.651350 59.432270 
8050 12 3.202532 32.760216 4.726235 47.727231 0.771776 71.837955 
8100 12 3.214336 29.389906 4.699239 47.366271 0.770116 56.259213 
8150 13 3.450697 30.039053 4.728485 47.797283 0.750922 63.834264 
8200 12 3.055275 27.039571 4.731877 47.816756 0.696793 53.087845 
8250 12 3.130343 29.633572 4.729429 49.862702 0.695041 71.193092 
8300 12 3.180560 24.904051 4.732333 48.041603 0.667148 61.640663 
8350 12 3.046638 26.283785 4.691509 48.362904 0.748942 97.147459 
8400 12 2.904668 28.012788 4.710331 49.734578 0.624320 38.374869 
8450 13 3.197894 28.426850 4.707751 47.140539 0.713854 69.557333 
8500 12 3.276022 29.296874 4.659966 48.753934 0.618952 74.551820 
8550 12 3.072645 30.698430 4.693914 48.880046 0.546469 54.398337 
8600 12 3.199451 27.997472 4.648322 48.438240 0.678944 52.764552 
8650 12 3.335838 32.066955 4.623033 47.852392 0.777511 34.836420 
8700 12 3.345113 35.973125 4.638756 45.632169 0.602117 28.205883 
8750 12 3.525113 33.683219 4.655418 48.419887 0.654240 36.101515 
8800 12 3.644803 32.403770 4.696444 46.612789 0.643461 72.898720 
8850 12 3.922196 35.620701 4.712092 45.855362 0.689570 54.310530 
8900 12 4.086884 33.961662 4.699462 43.794459 0.590482 62.612106 
8950 13 3.847914 35.226493 4.714214 42.217047 0.724693 56.301573 
9000 12 3.605749 35.880320 4.657697 46.299709 0.557115 70.029581 
9050 12 3.400326 40.750807 4.738475 44.788596 0.670824 48.261999 
9100 12 3.345391 41.756059 4.719827 46.831674 0.635668 29.818044 
9150 12 3.396646 39.465753 4.667713 47.167315 0.766130 46.289744 
9200 12 3.503845 41.392434 4.704268 47.698835 0.674612 41.253053 
9250 12 3.616056 41.024841 4.736540 47.512161 0.709129 49.011736 
9300 12 3.759249 44.935447 4.789187 41.905125 0.537903 42.500551 
9350 12 3.598326 41.591992 4.760711 46.244390 0.731484 51.616495 
9400 12 4.220135 37.048666 4.731636 42.892039 0.682700 79.419296 
9450 13 4.463807 38.028397 4.741464 42.965784 0.540756 67.906071 
9500 12 4.365816 36.568821 4.735523 41.685362 0.776414 61.148917 
9550 12 3.952679 33.246723 4.728712 45.419297 0.576887 44.943179 
9600 11 3.736364 39.303985 4.734968 40.724176 0.588010 38.568090 
9650 12 3.419115 40.478102 4.650570 47.267285 0.625333 70.716972 
9700 12 3.168494 42.393274 4.616756 51.582247 0.617512 90.188559 
9750 11 2.931705 40.456960 4.642324 48.968332 0.572220 72.155169 
9800 12 3.013066 33.187890 4.642811 50.538518 0.657023 43.226675 
9850 12 2.955130 35.387217 4.640631 50.665281 0.775042 43.808297 
9900 12 2.628310 30.881231 4.702826 45.904891 0.682396 57.190524 
9950 12 3.053331 31.253246 4.727101 44.769230 0.642856 59.384550 
10000 12 2.928570 32.221437 4.727853 46.570513 0.811547 75.632129 
10050 12 3.064591 36.716487 4.691200 44.072270 0.643790 91.185265 
10100 12 3.041411 33.930649 4.700267 49.610428 0.703955 28.743639 
10150 11 3.201446 35.803524 4.731408 46.962988 0.805633 31.147390 
10200 12 2.977639 37.175937 4.669957 44.115157 0.791412 26.385528 
10250 13 2.700842 38.284796 4.692025 47.226549 0.564345 51.020578 
10300 12 2.955130 32.390528 4.661470 47.951946 0.638272 31.792218 
10350 12 2.801041 32.595796 4.683598 46.704225 0.703719 61.841610 
10400 12 2.894185 38.598354 4.702375 42.797496 0.826042 30.146542 
10450 14 2.877900 34.593618 4.688621 47.074143 0.580576 48.070456 
10500 12 2.936044 37.879327 4.707517 44.886417 0.790446 104.512894 
10550 14 3.252778 32.000295 4.721723 46.737061 0.603073 62.700008 
10600 13 3.017660 31.730111 4.737149 48.156392 0.682934 51.797849 
10650 12 3.358464 37.222087 4.784529 42.953608 0.705474 47.705606 
10700 12 3.336337 39.070845 4.759072 45.655100 0.923794 78.593424 
10750 12 3.703389 37.874381 4.749405 47.067233 0.509304 40.400350 
10800 12 3.826949 38.585616 4.731060 45.366903 0.680433 50.604644 
10850 12 3.580953 38.287410 4.739809 45.030321 0.781661 84.606203 
10900 11 3.679108 38.991003 4.731813 43.649531 0.616408 47.255579 
10950 11 3.674858 32.278459 4.755469 44.261678 0.766019 32.287227 
11000 12 3.778439 29.787193 4.754635 43.400960 0.741010 44.458596 
11050 11 3.632644 33.467898 4.768832 43.915336 0.795817 31.204818 
11100 13 3.957173 35.398271 4.782533 42.609820 0.891094 48.046225 
11150 12 3.670835 34.013916 4.790418 43.365478 0.569225 40.108053 
11200 12 3.536040 33.044141 4.742120 46.128906 0.724682 47.822587 
11250 13 3.738159 32.412898 4.770596 45.407592 0.635192 37.331553 
11300 12 3.419910 34.773898 4.740569 43.808332 0.568927 45.370626 
11350 11 3.409120 35.972856 4.781797 48.111225 0.652453 60.793827 
11400 12 2.921656 30.471422 4.738706 49.549436 0.600905 62.736176 
11450 12 3.106210 31.900417 4.759350 47.588917 0.638073 32.300836 
11500 12 3.140719 32.299556 4.785874 44.968994 0.758209 44.330869 
11550 12 3.394034 33.461256 4.746376 53.134374 0.680962 46.197373 
11600 13 3.281557 31.662531 4.764513 46.725823 0.681941 72.383370 
11650 13 3.352989 32.262198 4.712196 45.641506 0.594635 67.525644 
11700 12 3.140109 32.937664 4.717396 47.731200 0.625440 104.092634 
11750 12 3.588524 34.152222 4.722355 49.849478 0.748164 91.961755 
11800 12 3.097539 33.214441 4.697561 47.491339 0.637323 85.048435 
11850 12 3.526890 33.619337 4.718459 46.555573 0.504514 30.611205 
11900 12 3.719370 36.406237 4.647273 48.586129 0.648744 46.417915 
11950 12 3.286024 33.449300 4.645021 48.752870 0.782981 33.705004 
12000 12 3.248344 31.700809 4.616666 51.869548 0.587407 34.482336 
12050 12 2.829827 29.630734 4.599739 49.271881 0.721810 55.373900 
12100 12 3.097831 29.739132 4.636418 50.632534 0.660590 41.462544 
12150 12 3.313813 30.541756 4.621699 46.682052 0.615528 67.275358 
12200 13 3.563360 27.329026 4.564319 49.006498 0.748426 40.272216 
12250 12 3.636149 28.614768 4.588655 50.729968 0.658723 41.108760 
12300 12 4.208607 29.999667 4.555865 48.887093 0.549439 45.611111 
12350 13 4.233275 22.124126 4.550776 46.103811 0.662070 51.500934 
12400 13 4.368554 24.551575 4.572795 48.361350 0.707321 62.638302 
12450 12 3.910101 29.142599 4.553195 47.840711 0.630659 54.339082 
12500 12 3.744887 30.357795 4.544296 48.848710 0.675553 67.852204 
12550 12 3.564477 35.147781 4.528638 48.083507 0.613042 33.243380 
12600 12 3.331426 36.079448 4.543081 50.122447 0.600649 46.359633 
12650 12 3.221169 36.249914 4.493556 51.463842 0.570365 51.750768 
12700 13 3.447434 35.976599 4.555532 48.225609 0.680714 46.785962 
12750 12 3.360360 33.677498 4.613587 46.653168 0.742280 45.165835 
12800 12 3.315693 31.730676 4.593556 45.933193 0.518909 68.813371 
12850 11 3.206344 35.488969 4.592847 46.344648 0.772101 38.906172 
12900 12 2.896824 39.509379 4.595292 46.779206 0.817547 63.968419 
12950 11 3.053502 37.594573 4.637686 47.914759 0.612957 134.908582 
13000 12 3.435751 36.890733 4.664892 47.633959 0.635057 54.929965 
13050 12 3.274689 35.351800 4.682047 44.698844 0.685654 70.873166 
13100 12 3.366179 37.395688 4.670300 49.750014 0.649695 80.680821 
13150 11 3.288265 36.766994 4.688915 48.262448 0.737561 111.614205 
13200 12 3.368541 38.022622 4.689589 46.990409 0.762016 50.792657 
13250 12 3.160284 38.658585 4.681194 47.109513 0.607527 40.701326 
13300 12 3.331507 39.483475 4.674256 44.016947 0.611551 51.682990 
13350 12 3.596543 39.219176 4.657906 47.205666 0.614341 59.269336 
13400 11 2.950369 39.764040 4.670994 49.252642 0.624820 69.279394 
13450 12 3.409953 39.839390 4.745001 48.540446 0.801179 59.891578 
13500 12 3.022263 39.235188 4.791559 45.206073 0.650751 32.340348 
13550 12 3.098102 39.502933 4.766472 48.744933 0.621418 44.524016 
13600 13 3.000267 39.807377 4.766759 41.047837 0.651598 86.975947 
13650 12 3.071404 40.338652 4.696039 49.041238 0.650700 45.001297 
13700 13 3.414082 41.826490 4.667045 46.273185 0.698218 49.635125 
13750 12 3.120985 40.889675 4.672430 49.244276 0.670361 74.950338 
13800 11 3.375419 40.780904 4.707043 45.311942 0.683119 62.885627 
13850 13 3.325440 40.623484 4.687945 48.761124 0.593281 45.310560 
13900 12 3.180050 37.991972 4.719708 50.194175 0.507280 67.591413 
13950 12 3.407836 38.872778 4.703138 44.539514 0.732941 54.499070 
14000 12 3.596007 39.312014 4.644508 49.026722 0.758042 42.100457 
14050 12 3.376571 41.842781 4.685487 42.729111 0.849211 71.541610 
14100 12 3.298962 41.790489 4.675081 46.466390 0.761759 84.018721 
14150 12 3.323121 42.544791 4.649720 49.273698 0.605085 41.144403 
14200 12 3.223754 41.361176 4.677390 48.015190 0.827544 40.948552 
14250 12 3.514334 41.192294 4.681796 48.144401 0.690971 77.051731 
14300 12 3.182572 37.863458 4.725300 46.635312 0.841655 97.830642 
14350 12 3.411990 39.716075 4.727416 47.949801 0.749646 72.020026 
14400 12 3.123776 37.179056 4.758147 44.990780 0.910028 74.059246 
14450 12 3.203649 36.784722 4.756925 45.576833 0.581180 44.440288 
14500 12 3.258652 37.876045 4.777791 51.740198 0.697516 49.936370 
14550 12 3.118292 38.057066 4.745507 46.271813 0.540746 46.931336 
14600 12 3.079428 39.047614 4.693291 48.024967 0.689489 73.036472 
14650 12 3.337677 35.666799 4.695612 43.818818 0.644081 85.715100 
14700 11 3.160972 33.456295 4.732496 45.582503 0.624442 82.622982 
14750 13 3.439471 33.991022 4.688654 46.312031 0.736485 50.126345 
14800 12 3.570805 41.191649 4.666733 48.366298 0.719254 65.885273 
14850 12 3.397385 34.844053 4.681814 49.194448 0.684756 37.953106 
14900 12 3.328618 36.755142 4.681944 48.231748 0.612911 64.479174 
14950 11 3.334229 40.606759 4.676334 45.734177 0.710207 79.506250 
15000 12 3.223133 40.700930 4.659362 45.043088 0.600165 46.863866 
15050 12 3.416701 42.971944 4.688131 45.540632 0.575066 40.950844 
15100 12 3.213096 42.603551 4.679666 47.587193 0.621395 43.345379 
15150 12 3.339415 40.309092 4.691620 47.331480 0.627351 49.435754 
15200 12 3.262247 37.680799 4.697104 45.800132 0.721691 31.952455 
15250 12 2.732152 41.565182 4.684206 46.518847 0.776703 38.401045 
15300 13 2.581334 43.433107 4.725243 44.470625 0.614876 29.856965 
15350 12 2.844162 40.265147 4.754951 44.915419 0.674894 50.696073 
15400 13 3.158297 40.993440 4.770903 46.249596 0.687713 42.192223 
15450 11 3.461694 41.279783 4.761261 45.889409 0.783374 87.465926 
15500 12 3.318456 42.507258 4.800455 43.261493 0.790620 54.582074 
15550 13 3.075305 36.415920 4.771509 46.222448 0.765698 52.461683 
15600 13 3.175016 43.212558 4.783431 44.449733 0.683900 43.921812 
15650 13 3.252047 36.679956 4.787980 42.650409 0.698367 39.303619 
15700 12 3.387081 43.287849 4.767800 44.454564 0.625760 30.227306 
15750 12 3.112160 39.431361 4.779262 44.084069 0.593522 39.049034 
15800 12 3.258285 33.691905 4.756789 47.325605 0.738016 54.011130 
15850 12 3.018615 32.911404 4.710323 46.375727 0.647895 46.085985 
15900 12 3.014541 31.234058 4.652336 52.042096 0.609427 25.351658 
15950 12 3.207836 35.217148 4.709655 47.632886 0.740357 47.292490 
16000 12 2.996879 33.656143 4.675139 45.740429 0.780880 69.231633 
16050 12 2.952675 30.138685 4.701120 47.196416 0.710354 49.760145 
16100 12 3.076292 31.425316 4.729748 47.675348 0.715714 67.985097 
16150 13 3.183451 32.000694 4.688141 48.103961 0.656330 34.980337 
16200 12 3.449706 32.109820 4.712869 48.722616 0.669049 70.111518 
16250 12 3.760109 27.995205 4.702730 47.394666 0.671426 44.508186 
16300 12 3.483173 29.162027 4.693225 45.460286 0.638565 38.510982 
16350 12 3.173559 23.862373 4.711091 45.695337 0.747457 33.064510 
16400 13 3.383274 33.110740 4.719558 48.596132 0.812223 66.279448 
16450 12 3.551791 35.919770 4.714090 47.360543 0.700851 38.955639 
16500 12 3.267873 35.856873 4.721077 47.295349 0.642639 51.455415 
16550 12 3.242464 28.651618 4.725559 47.072101 0.686892 56.763240 
16600 12 3.146925 34.143481 4.696573 46.798117 0.594452 78.625446 
16650 12 3.113371 32.814193 4.694758 47.135164 0.652339 35.648802 
16700 12 3.293714 32.308257 4.700741 46.793894 0.692050 39.518225 
16750 12 3.077259 29.650545 4.666601 46.304658 0.639540 69.361404 
16800 12 3.227772 29.258661 4.671053 45.715314 0.570464 81.875627 
16850 12 3.540789 30.936428 4.677917 45.185663 0.668204 57.078867 
16900 12 3.298083 31.755459 4.680425 45.597781 0.720822 51.005344 
16950 13 3.804687 28.892741 4.679390 45.645494 0.564438 60.404242 
17000 12 3.797356 31.673269 4.691279 45.703829 0.762216 79.786542 
17050 12 3.909484 30.398571 4.725796 44.362411 0.837924 81.700101 
17100 12 4.118951 29.856320 4.724497 45.374383 0.712672 118.250653 
17150 12 4.233205 28.688364 4.731859 45.111471 0.656092 74.534380 
17200 12 3.730972 28.033753 4.743468 45.885136 0.578461 89.891195 
17250 12 3.631037 30.043760 4.716997 45.605889 0.705238 90.372989 
17300 12 3.264719 30.202278 4.779749 45.727367 0.700136 94.583163 
17350 12 3.429701 29.491343 4.786259 45.137573 0.779267 63.559220 
17400 12 3.594476 35.767950 4.783034 45.492152 0.746994 54.567356 
17450 12 3.246444 35.147200 4.736255 45.303164 0.636597 63.011475 
17500 12 3.439941 35.042245 4.749835 45.873838 0.753452 84.040902 
17550 12 3.326969 32.950094 4.773689 45.654817 0.686698 130.914721 
17600 12 3.430168 32.578380 4.777145 45.585185 0.871712 63.897596 
17650 12 3.448760 33.066896 4.763595 45.819021 0.684682 35.254241 
17700 12 3.063752 32.468433 4.767260 44.985907 0.572799 55.813625 
17750 12 3.152385 35.503321 4.776984 46.309427 0.664733 54.725417 
17800 12 3.230109 29.110308 4.758388 47.469289 0.720160 77.858039 
17850 12 3.275562 33.213252 4.749060 45.652666 0.686501 66.946541 
17900 12 3.655447 40.054486 4.753961 46.402023 0.791442 53.823646 
17950 12 3.772591 36.667717 4.772888 46.863554 0.840155 52.817581 
18000 12 3.792194 34.146269 4.753778 47.389344 0.726058 58.568395 
18050 12 3.583319 29.611372 4.789103 45.900289 0.806476 42.418863 
18100 12 3.175054 38.724367 4.786699 46.395021 0.646970 82.996189 
18150 11 3.432136 34.374679 4.786144 46.897471 0.691260 85.813902 
18200 12 3.324135 34.359003 4.772979 46.104658 0.590579 39.348095 
18250 12 3.376537 30.976325 4.771646 44.765302 0.652276 55.968882 
18300 12 3.349411 30.509756 4.814649 46.201415 0.831148 64.262551 
18350 12 3.736645 26.868597 4.767896 45.799425 0.594667 76.419541 
18400 12 3.966810 26.833584 4.760265 45.343164 0.905135 43.960233 
18450 13 3.559631 32.007887 4.722532 47.662205 0.590177 47.143303 
18500 13 3.849539 34.902890 4.746121 45.193035 0.710716 38.909148 
18550 12 3.399346 29.750548 4.707851 48.148939 0.711666 59.549860 
18600 14 3.386919 32.522295 4.724587 48.373691 0.633294 60.104511 
18650 13 3.292378 34.428279 4.745723 45.734370 0.720249 50.002352 
18700 13 3.413971 27.713860 4.723508 45.791642 0.743436 60.239026 
18750 12 3.078797 33.742641 4.724364 47.714737 0.737662 52.607427 
18800 12 3.251139 32.605952 4.692029 43.888870 0.629392 33.807147 
18850 13 2.956786 30.411112 4.688320 51.270521 0.675669 44.555718 
18900 12 3.358532 29.792911 4.690503 47.329253 0.653531 42.630583 
18950 12 3.569837 24.468333 4.704212 47.533481 0.796873 83.949772 
19000 12 3.172082 32.860891 4.698699 47.946104 0.595736 51.476809 
19050 11 3.464013 33.034828 4.731908 47.068133 0.608792 60.666877 
19100 12 3.442469 36.127785 4.722844 46.673773 0.634851 119.595728 
19150 12 3.620461 25.763065 4.744617 46.472240 0.750715 68.080680 
19200 12 3.732438 31.247126 4.722072 45.584073 0.680552 48.440765 
19250 12 3.402407 32.726395 4.674042 48.108421 0.652763 122.618505 
19300 12 3.292288 32.471958 4.683986 47.278777 0.648744 94.693787 
19350 12 3.318484 29.507077 4.643501 50.419376 0.808251 46.349526 
19400 12 3.343961 31.198000 4.663601 47.319411 0.701578 53.398712 
19450 12 3.326132 29.693279 4.670437 49.179648 0.613723 60.733866 
19500 12 3.270600 33.712104 4.657859 47.553101 0.675280 56.275110 
19550 12 3.319898 31.146727 4.632483 48.951863 0.796699 45.975704 
19600 12 3.489279 32.990051 4.647058 48.360449 0.792851 53.861892 
19650 11 3.547980 29.853077 4.647127 45.157974 0.628421 82.078039 
19700 12 3.162317 33.480623 4.686562 46.559645 0.607488 76.766268 
19750 12 3.277745 35.396473 4.716271 44.384387 0.575596 58.063308 
19800 12 3.211645 30.282555 4.740777 45.909130 0.733228 79.668966 
19850 13 3.273304 36.481140 4.752699 44.997970 0.607349 40.233579 
19900 13 3.373253 34.976321 4.767452 44.704793 0.669037 36.814897 
19950 13 3.150963 30.060265 4.789173 43.455302 0.727835 68.875508 
20000 12 3.196288 30.782547 4.826787 43.982895 0.675277 46.910403 
20050 12 3.515950 33.147581 4.796870 44.452527 0.731143 68.929458 
20100 12 3.298261 26.768447 4.788676 46.916929 0.639404 44.072658 
20150 12 2.952831 34.903619 4.765811 45.721032 0.703168 57.056113 
20200 12 2.858742 37.276766 4.788413 45.059822 0.678994 51.682387 
20250 12 3.666599 33.777270 4.803975 45.592361 0.777366 66.266467 
20300 12 3.667002 32.579932 4.780154 42.185431 0.680459 40.015199 
20350 12 3.003776 27.394466 4.785107 46.884175 0.568322 52.585417 
20400 12 3.125124 29.773439 4.760695 45.280702 0.752634 67.423456 
20450 12 3.248034 31.715604 4.759405 45.249215 0.636956 80.508816 
20500 12 3.310984 27.393063 4.816628 48.476361 0.621862 50.174117 
20550 12 3.190619 34.270464 4.815543 41.924048 0.668672 54.970508 
20600 12 3.458689 37.713982 4.851734 44.697298 0.687161 43.126173 
20650 13 3.679163 31.902362 4.854044 42.154795 0.735638 62.770613 
20700 12 3.738863 31.779549 4.852219 45.237170 0.608552 32.834309 
20750 12 3.831427 31.014862 4.824823 45.132185 0.734985 87.099594 
20800 12 3.840775 31.569058 4.791774 43.548766 0.625457 59.050748 
20850 12 4.651335 32.459747 4.762088 41.051172 0.714479 48.169880 
20900 13 4.468695 33.821427 4.714898 45.508906 0.714826 37.345190 
20950 12 4.218114 29.002523 4.687729 46.293656 0.630921 28.369015 
21000 12 4.326341 28.039956 4.752945 42.599078 0.572750 46.869167 
21050 12 3.858359 24.734129 4.782783 44.948629 0.675107 38.448923 
21100 13 3.758536 26.289148 4.763290 44.784259 0.725770 52.460109 
21150 12 3.232474 31.403822 4.759727 44.903339 0.686701 96.378873 
21200 13 3.166857 26.899051 4.744526 43.903703 0.542238 55.245416 
21250 12 3.223984 27.996593 4.766682 49.087407 0.809182 66.254926 
21300 13 3.135442 27.149777 4.783072 46.557920 0.704450 63.283194 
21350 12 3.024358 26.851102 4.749434 44.446097 0.793840 45.768724 
21400 12 3.353069 20.905282 4.732667 47.479824 0.618936 44.787409 
21450 13 3.301557 25.757948 4.760307 49.615308 0.705608 29.424731 
21500 12 3.220329 29.754996 4.750040 48.270660 0.730203 50.064760 
21550 12 3.345794 24.270398 4.779491 42.005436 0.666103 36.360568 
21600 12 3.658025 31.144630 4.702579 46.570808 0.698743 53.087334 
21650 11 3.679469 26.043792 4.718518 45.501667 0.713513 42.154220 
21700 13 3.992653 27.137774 4.703181 45.729990 0.562429 34.303954 
21750 12 4.007936 36.132418 4.641221 44.545450 0.556977 54.945140 
21800 12 3.894868 38.530230 4.623699 44.982036 0.733301 82.669192 
21850 12 3.692655 31.558509 4.590730 51.827908 0.660220 43.837231 
21900 13 3.338401 29.129020 4.601769 50.638117 0.652831 71.888270 
21950 12 3.145176 25.432533 4.629711 54.181225 0.592591 66.914390 
22000 12 3.288907 29.209066 4.599016 51.156027 0.641285 61.365437 
22050 12 3.190653 28.337335 4.521761 51.316737 0.632580 65.637494 
22100 12 3.245135 30.562232 4.501872 49.979593 0.651623 57.141664 
22150 12 2.775246 26.577584 4.561477 52.693137 0.847194 93.703573 
22200 12 2.694808 33.908872 4.517760 55.932784 0.783597 58.253928 
22250 12 3.049614 27.630336 4.488399 58.225354 0.679812 74.745913 
22300 12 3.063460 34.612214 4.543165 49.417587 0.644189 87.710084 
22350 12 3.025590 35.300317 4.529301 47.234332 0.708993 117.409674 
22400 12 3.119593 35.437659 4.551348 50.149656 0.778260 51.513613 
22450 12 2.999660 31.999832 4.538770 50.219011 0.769624 63.118568 
22500 12 3.013461 28.857367 4.549163 50.108390 0.688962 37.393853 
22550 11 3.415471 26.097826 4.541073 45.985280 0.631460 57.668974 
22600 13 3.337803 34.425129 4.615971 43.906829 0.680194 52.669184 
22650 12 3.236282 27.368938 4.628523 44.767491 0.731159 64.578774 
22700 12 3.010900 27.438595 4.615711 50.227290 0.822469 63.635237 
22750 12 3.328156 34.425139 4.580581 51.819156 0.770295 56.124756 
22800 12 3.134451 32.031517 4.614146 49.911988 0.582365 50.100430 
22850 12 3.389168 32.702555 4.562145 49.149495 0.633233 34.264575 
22900 12 3.557157 35.677264 4.564048 45.468362 0.715441 48.417211 
22950 12 3.497708 38.295401 4.588170 51.892288 0.652892 65.807530 
23000 12 3.683887 30.655811 4.536893 49.952372 0.558113 43.621085 
23050 13 3.492662 27.826453 4.566894 48.610513 0.867550 69.199301 
23100 12 3.571461 28.549281 4.593351 50.041836 0.582004 62.729483 
23150 12 3.108387 26.073064 4.562814 48.383750 0.661740 58.115848 
23200 12 3.231924 26.693611 4.573922 52.719780 0.794349 64.688199 
23250 13 3.229175 32.423170 4.581500 51.009479 0.702599 38.410231 
23300 13 2.994175 31.373510 4.563757 49.272306 0.808496 47.195359 
23350 13 3.146299 33.060131 4.591912 49.998877 0.714078 54.253408 
23400 12 3.143055 27.484387 4.586076 50.350302 0.724367 36.761434 
23450 12 3.153109 27.968670 4.601205 48.804370 0.849750 75.443298 
23500 12 3.212786 31.137461 4.570181 50.626550 0.543910 67.642355 
23550 12 3.139755 37.135801 4.535513 52.952655 0.629969 60.517953 
23600 12 3.183904 32.821059 4.519561 50.499225 0.607212 95.802669 
23650 11 3.560368 27.794879 4.535073 49.083420 0.734150 63.223347 
23700 12 3.383527 34.236102 4.512402 49.239725 0.651241 44.981708 
23750 12 3.865446 40.136951 4.545213 50.767509 0.720458 53.817302 
23800 12 3.542020 35.855322 4.606727 49.115492 0.720879 82.189061 
23850 12 3.323965 33.968002 4.617827 49.597353 0.651348 47.276413 
23900 12 3.424654 30.305303 4.586461 50.316121 0.752500 29.539499 
23950 11 3.411260 26.320350 4.554514 49.149618 0.794024 55.975350 
24000 12 3.296450 24.828007 4.576247 46.461996 0.674207 71.808820 
24050 12 3.857018 23.002293 4.560197 51.464043 0.627489 81.364751 
24100 12 3.530347 24.987210 4.522903 50.994748 0.635815 66.809533 
24150 12 3.654685 23.700367 4.539429 48.636986 0.835589 33.646187 
24200 12 3.789143 22.316794 4.529000 48.029454 0.591139 42.236010 
24250 12 3.237454 28.876493 4.549372 49.260942 0.666277 39.221804 
24300 12 3.227678 29.276469 4.545228 48.752274 0.615596 51.932307 
24350 13 2.957960 26.838730 4.506782 50.567062 0.712722 82.571323 
24400 12 3.004929 30.990074 4.502388 48.118636 0.702057 91.373133 
24450 12 3.398809 30.176916 4.525991 52.782435 0.708906 72.269003 
24500 12 3.316532 32.130295 4.529055 49.643000 0.839377 74.290643 
24550 12 3.230372 28.535468 4.537213 53.216936 0.635295 62.520737 
24600 12 3.467451 30.432613 4.545715 53.602802 0.805117 34.594537 
24650 12 3.419003 26.826850 4.587530 50.258022 0.706250 26.093676 
24700 12 3.359616 25.711748 4.564680 50.812246 0.711084 32.042555 
24750 12 3.558176 34.397994 4.638526 44.730217 0.574468 46.625855 
24800 13 3.344036 34.100820 4.619723 47.364546 0.738112 52.669485 
24850 12 3.135326 30.477021 4.635308 47.003548 0.756415 96.939185 
24900 12 3.126717 30.429597 4.661350 46.771030 0.913765 67.628061 
24950 13 3.120350 30.446378 4.631864 47.676483 0.703546 41.174514 
25000 12 3.192425 29.694603 4.657218 49.487991 0.675622 42.797767 
25050 12 3.456112 29.277904 4.691485 49.517487 0.701296 60.441181 
25100 11 3.258416 34.124764 4.645838 46.907731 0.756972 91.540519 
25150 13 3.375048 37.178200 4.655876 45.427481 0.656197 43.587316 
25200 12 3.567760 38.587158 4.694374 45.611075 0.798594 83.133660 
25250 12 3.229853 33.810275 4.684120 45.763832 0.596718 58.345431 
25300 13 3.444527 33.187296 4.642328 45.936393 0.525778 58.245592 
25350 12 3.265223 32.049527 4.584699 47.904118 0.689043 54.226952 
25400 12 3.408831 33.583914 4.610642 49.273576 0.725637 82.014912 
25450 12 3.574304 30.667949 4.608098 46.903045 0.669890 78.245869 
25500 12 3.352217 33.454099 4.618583 48.998373 0.663672 32.934722 
25550 12 3.239556 27.778476 4.650851 49.174906 0.749478 82.694488 
25600 13 3.512058 33.828873 4.630253 48.664110 0.775319 70.479725 
25650 12 4.110620 25.208151 4.675083 42.177576 0.598851 68.130804 
25700 12 3.042354 25.532626 4.742275 47.970593 0.657647 50.333340 
25750 12 3.074237 28.387843 4.790756 44.566315 0.644263 69.179458 
25800 12 3.389185 30.378001 4.816771 46.194191 0.770182 47.147511 
25850 12 3.252228 27.286376 4.826445 46.409690 0.714288 46.932446 
25900 11 3.139500 30.235072 4.845840 45.294612 0.738686 64.329074 
25950 12 3.124971 29.480284 4.836753 45.987948 0.683413 42.903833 
26000 12 3.239765 33.342231 4.788347 44.778513 0.698913 71.121574 
26050 12 3.036139 29.454049 4.742410 47.901179 0.600973 50.858709 
26100 13 3.064367 33.601784 4.733461 47.136497 0.738474 58.137688 
26150 12 3.527852 28.435138 4.752415 47.708674 0.593496 52.820772 
26200 11 3.182304 31.303548 4.730814 49.132529 0.746870 35.134381 
26250 12 3.350307 27.352643 4.779713 46.314880 0.672547 36.054727 
26300 14 3.181829 25.616328 4.743382 45.948291 0.734701 30.786620 
26350 12 3.194371 25.611739 4.761071 44.230892 0.672665 69.057036 
26400 12 3.320728 26.802676 4.764752 46.398696 0.676255 56.882638 
26450 12 3.145374 27.101703 4.783735 45.775018 0.608697 45.360953 
26500 12 3.106467 25.600924 4.726899 45.307089 0.540306 46.448084 
26550 12 3.265815 27.290024 4.712063 48.011444 0.574526 41.947368 
26600 12 3.653663 27.799725 4.742012 45.191335 0.762174 58.886866 
26650 11 3.384107 30.754880 4.767793 46.745402 0.685460 77.190478 
26700 12 3.442748 26.483895 4.734988 47.068692 0.715976 60.076900 
26750 12 3.012170 30.828504 4.725531 48.595858 0.741363 47.379704 
26800 12 3.201023 27.757007 4.702998 46.567253 0.729373 82.461453 
26850 12 3.077444 26.151888 4.694479 50.260271 0.614794 50.561980 
26900 12 2.906438 23.901174 4.690295 50.511931 0.703259 81.290100 
26950 12 2.868705 24.525084 4.626758 48.421240 0.853045 129.024941 
27000 12 2.897602 28.528706 4.611497 52.726635 0.671549 60.312156 
27050 12 3.026470 27.891754 4.675498 51.219019 0.643420 51.101475 
27100 12 3.074547 31.511462 4.690128 46.292096 0.628537 86.052301 
27150 12 3.169006 31.772064 4.637583 49.815551 0.811598 69.423767 
27200 12 3.176299 31.264866 4.652503 51.913403 0.583094 63.420528 
27250 12 2.741216 29.283964 4.618836 52.064539 0.722963 78.540644 
27300 12 2.934979 29.447849 4.636961 50.446472 0.790604 45.700516 
27350 12 2.927523 29.275430 4.663553 50.310919 0.777611 49.760826 
27400 12 3.448335 38.933234 4.632719 49.874910 0.666692 73.069312 
27450 12 3.545757 28.133509 4.634572 47.258354 0.723211 68.009674 
27500 12 3.633315 32.373674 4.606725 46.712096 0.753733 91.357037 
27550 12 3.733473 30.396026 4.583170 47.634135 0.566037 59.545719 
27600 13 3.410904 28.501613 4.584699 49.895292 0.681104 36.868843 
27650 12 3.617679 31.073286 4.589638 47.275657 0.656881 77.099233 
27700 11 3.889129 32.199543 4.595794 47.862346 0.713034 45.771546 
27750 12 3.607998 32.314064 4.593333 47.854753 0.683564 60.132290 
27800 12 3.956645 30.260944 4.613709 46.576033 0.782775 42.773342 
27850 12 4.170183 35.779195 4.612243 46.566424 0.695751 49.742873 
27900 12 3.690745 41.562466 4.614586 46.361307 0.671331 40.092962 
27950 12 3.364299 34.737238 4.652001 46.746571 0.568601 65.012772 
28000 12 3.632729 36.060773 4.670117 46.512233 0.610630 44.029599 
28050 12 3.529324 42.554134 4.649623 47.270632 0.662857 80.101749 
28100 13 2.973533 41.249039 4.687879 45.177818 0.677363 45.042688 
28150 11 3.444546 41.315075 4.700928 45.629379 0.808857 48.588742 
28200 13 3.230752 36.095359 4.705619 45.124281 0.503332 33.243378 
28250 12 3.358324 35.522159 4.730362 45.175895 0.906499 35.904809 
28300 12 3.682340 37.361218 4.682111 46.541524 0.655305 50.075474 
28350 12 3.920417 35.533454 4.732910 44.337748 0.580637 56.602696 
28400 11 4.091754 33.540196 4.719986 46.101841 0.687657 50.080139 
28450 12 3.337443 36.537607 4.753596 44.117187 0.696703 39.502169 
28500 13 3.339161 37.451857 4.741581 44.303988 0.863118 51.105139 
28550 12 3.506718 34.062418 4.722983 44.415766 0.617570 26.270353 
28600 12 3.381661 36.348716 4.717204 44.663430 0.612341 64.411249 
28650 12 3.739646 38.140360 4.677178 44.757080 0.755095 52.155027 
28700 12 3.215481 39.417604 4.697196 45.208958 0.665777 67.601255 
28750 11 4.103543 42.237629 4.703469 43.913988 0.747595 32.725183 
28800 12 3.730650 40.837431 4.691385 42.077253 0.619932 37.643953 
28850 13 3.834490 31.396707 4.665954 44.476981 0.728098 35.801244 
28900 12 3.793171 31.793732 4.684423 44.737494 0.798662 45.229678 
28950 12 3.944661 29.325257 4.685919 44.513962 0.753283 112.415505 
29000 12 3.564723 37.295716 4.687720 45.982018 0.814939 50.495958 
29050 12 3.488667 35.979033 4.682900 46.041595 0.585388 60.012787 
29100 12 3.114553 30.696299 4.716974 45.501572 0.680963 30.371935 
29150 12 3.009046 33.726959 4.705835 46.325290 0.808645 42.400215 
29200 12 3.096939 31.070210 4.724645 46.450813 0.627593 20.038117 
29250 12 3.191842 26.262372 4.765698 47.329131 0.637166 39.408261 
29300 12 2.803053 28.989408 4.745193 46.839052 0.537172 37.446680 
29350 12 2.888731 27.160950 4.764159 48.302505 0.784382 61.424858 
29400 12 3.040355 26.648060 4.789515 44.658311 0.665220 62.748613 
29450 12 3.174147 26.726753 4.758864 46.172772 0.671560 40.983828 
29500 12 3.217766 30.325444 4.771707 47.103963 0.712160 36.066037 
29550 13 2.970320 25.657354 4.778701 45.647084 0.679017 44.246790 
29600 12 2.701759 28.581836 4.795728 45.974898 0.655776 41.875868 
29650 12 3.157311 23.151631 4.825501 45.054769 0.596585 46.711001 
29700 12 3.184880 20.146114 4.830210 47.793682 0.804606 86.243794 
29750 13 3.483857 20.098801 4.892251 39.918560 0.694061 59.596440 
29800 12 3.339352 21.333687 4.887760 42.375602 0.589221 67.539524 
29850 12 3.186691 22.178002 4.922335 43.021549 0.793237 67.092469 
29900 12 3.248973 22.713699 4.906549 44.789102 0.660845 57.447143 
29950 12 3.521323 23.736453 4.901606 41.888331 0.711559 80.829638 
30000 12 3.366117 23.778773 4.903859 44.328585 0.619082 48.035103 
30050 11 3.335868 20.058806 4.894389 46.252005 0.745548 53.406515 
30100 12 3.075396 22.179183 4.912977 47.302799 0.627589 53.188997 
30150 12 3.038371 21.646031 4.883183 47.224051 0.768633 52.252566 
30200 13 2.780102 29.073330 4.875239 47.336113 0.903142 86.612765 
30250 12 3.048778 21.591634 4.831711 46.226866 0.685024 84.319904 
30300 12 3.008719 27.738954 4.761556 44.452803 0.749719 73.518260 
30350 12 2.801393 23.926979 4.767480 47.606369 0.578929 50.281084 
30400 12 3.034547 22.652500 4.763013 45.108011 0.603384 69.360504 
30450 12 3.013897 19.277187 4.735936 49.392238 0.655973 55.602912 
30500 12 2.855052 23.305868 4.730095 48.546190 0.615853 62.130613 
30550 12 3.317745 24.090656 4.681999 47.451134 0.690933 49.737686 
30600 12 3.291599 26.469061 4.672804 47.174671 0.749047 27.594421 
30650 12 3.524800 28.348802 4.636042 48.062684 0.600450 26.170604 
30700 12 3.269376 28.594097 4.700567 46.896299 0.808945 74.171720 
30750 11 3.476570 21.575043 4.711377 46.738775 0.747127 63.079007 
30800 12 3.255381 21.045850 4.726298 46.602988 0.780511 35.840798 
30850 13 3.721893 25.143811 4.728030 46.972301 0.632056 74.741858 
30900 12 3.447294 23.429726 4.675188 48.877970 0.748128 31.225042 
30950 12 3.243515 31.635819 4.668485 47.558822 0.657329 26.815397 
31000 13 3.051351 33.903623 4.661987 46.772203 0.608838 45.916747 
31050 12 2.948043 32.707362 4.656635 51.179663 0.766350 36.167744 
31100 11 3.096095 30.150466 4.625651 47.208530 0.644918 40.270729 
31150 12 2.973948 29.554357 4.572896 47.746075 0.561297 63.718786 
31200 12 2.756830 27.266685 4.560173 49.099782 0.810280 43.986711 
31250 12 2.973686 34.985668 4.561838 49.921133 0.712470 49.262405 
31300 12 2.812645 34.649216 4.567093 48.103418 0.672734 70.647788 
31350 12 2.938834 31.860918 4.544322 51.050007 0.628714 67.062473 
31400 12 3.051071 27.656545 4.585665 50.899715 0.752207 52.075600 
31450 11 3.232884 27.073922 4.603117 52.260588 0.704759 66.641238 
31500 12 3.111839 28.490961 4.578977 54.146370 0.552148 71.390458 
31550 12 2.799974 28.170490 4.575881 52.028338 0.694469 75.862940 
31600 11 2.778087 27.557200 4.597623 53.772736 0.581013 75.120102 
31650 12 3.171707 18.580145 4.595545 52.287834 0.743368 42.777775 
31700 11 3.272982 17.727112 4.617316 49.774346 0.698785 40.654751 
31750 13 3.056180 24.574821 4.590758 51.643406 0.649819 68.075559 
31800 12 3.064896 24.555830 4.584029 52.067909 0.798635 40.693517 
31850 12 3.079192 25.750859 4.570878 53.712140 0.664866 79.244281 
31900 12 3.461263 28.902788 4.510515 50.049505 0.736683 43.630983 
31950 12 3.636372 31.704472 4.525752 50.986293 0.652694 71.172570 
32000 12 3.100009 29.176746 4.521393 53.383732 0.726441 68.377089 
32050 13 3.228127 25.156964 4.541004 50.216389 0.637128 48.221131 
32100 12 3.330256 28.795781 4.548573 53.567866 0.532573 42.603214 
32150 12 3.559023 29.347952 4.592257 48.198507 0.646668 96.011421 
32200 12 3.603118 28.805873 4.556207 49.201147 0.698625 48.188878 
32250 13 3.450698 26.638529 4.509485 52.294243 0.725854 64.480615 
32300 13 3.558332 26.898601 4.497698 50.386072 0.542038 44.693987 
32350 12 3.371788 23.545461 4.546254 50.307931 0.630388 61.310354 
32400 12 3.164494 24.013416 4.558110 47.518636 0.592508 67.396645 
32450 11 3.795245 26.654813 4.610974 43.711147 0.687406 88.507031 
32500 11 3.976821 28.335147 4.593840 48.661185 0.663605 98.129828 
32550 12 4.307632 25.808867 4.604269 47.271841 0.589183 42.437788 
32600 12 4.007041 27.678600 4.594692 47.582839 0.581188 37.882240 
32650 13 3.742181 26.784934 4.621069 46.182340 0.663361 24.682486 
32700 12 3.547711 27.406498 4.672824 46.229072 0.692695 50.049736 
32750 12 3.320609 33.184233 4.686356 46.817008 0.755572 60.087782 
32800 12 3.899924 29.103225 4.645928 48.822387 0.594652 31.375672 
32850 12 3.671581 28.994206 4.658296 46.403194 0.771680 74.018009 
32900 12 3.342008 29.239157 4.683540 48.459317 0.699407 102.096162 
32950 12 3.562466 33.192542 4.684322 46.155741 0.803840 70.505603 
33000 11 3.649826 25.440721 4.680743 47.591466 0.794153 96.847644 
33050 12 3.349507 28.567708 4.685804 48.313116 0.651794 56.127160 
33100 12 3.326446 26.449544 4.667462 46.070456 0.714461 55.173174 
33150 11 3.584855 26.988403 4.600766 50.883963 0.568055 36.118986 
33200 12 3.256572 24.597169 4.634741 48.169258 0.535118 43.742218 
33250 12 3.337206 26.298654 4.650821 49.154552 0.550261 61.022644 
33300 12 3.064050 30.149333 4.692675 51.696814 0.720554 42.569594 
33350 12 3.334751 30.863440 4.721329 45.725153 0.749921 61.489327 
33400 13 3.170131 28.839682 4.704009 50.563764 0.662161 93.771708 
33450 12 3.251385 25.565792 4.683026 51.006196 0.626249 70.381554 
33500 12 3.581269 25.444965 4.645824 48.412510 0.599205 53.620235 
33550 12 3.513772 27.429090 4.655616 47.582877 0.845999 43.665674 
33600 12 3.703025 30.523492 4.662238 44.800487 0.580058 65.437528 
33650 12 3.744082 25.410892 4.662220 44.963220 0.662515 83.233237 
33700 11 3.802094 27.322960 4.656543 51.578346 0.734577 47.989660 
33750 12 3.688396 26.302599 4.661433 49.067077 0.709659 83.936918 
33800 12 3.263308 27.167991 4.696542 45.120583 0.674695 29.564575 
33850 12 3.368207 26.099577 4.716502 45.412482 0.736476 36.262756 
33900 12 3.164678 21.241092 4.704077 52.243124 0.585864 43.376554 
33950 12 3.051297 30.119409 4.741777 48.987924 0.777363 46.729401 
34000 12 3.138670 25.342685 4.731230 46.154714 0.686118 68.516702 
34050 13 2.876890 26.768809 4.725494 47.865292 0.650788 75.616389 
34100 11 2.941401 27.790548 4.730831 49.060811 0.765466 74.948847 
34150 12 2.905219 28.273240 4.765415 47.246404 0.748210 49.836017 
34200 12 2.917144 25.002425 4.723930 48.426785 0.722162 26.588256 
34250 12 2.818967 27.354145 4.700046 52.968824 0.623540 20.772995 
34300 12 2.863518 25.650061 4.715207 49.836534 0.803792 63.799576 
34350 11 2.896066 27.947338 4.686313 51.144720 0.654909 76.797764 
34400 12 3.146836 27.308278 4.687722 49.964275 0.847034 69.045578 
34450 11 2.935711 29.641678 4.728295 45.539707 0.743199 66.350715 
34500 12 3.050565 25.813181 4.695243 47.133987 0.594159 61.020941 
34550 12 3.198599 28.526803 4.699759 46.579872 0.738226 64.829026 
34600 12 3.207500 26.641981 4.706424 47.414194 0.643424 135.435859 
34650 12 3.312463 25.158678 4.764056 47.386270 0.613378 64.477069 
34700 12 3.032688 26.958403 4.734729 49.852308 0.607604 43.847739 
34750 12 3.038998 23.205639 4.743838 47.333011 0.785175 64.672610 
34800 12 2.900598 18.211163 4.756969 48.040959 0.657862 67.863424 
34850 12 2.790508 22.468345 4.803091 47.703296 0.630805 63.279917 
34900 12 3.212589 21.924930 4.806853 42.297694 0.753365 65.802824 
34950 12 3.436726 26.283417 4.794130 49.224309 0.729024 54.438624 
35000 12 3.302560 22.699986 4.816847 47.677912 0.719504 61.886991 
35050 12 3.572930 23.894961 4.872960 48.056394 0.632739 66.802697 
35100 12 3.196914 28.113298 4.847204 42.419901 0.712764 39.026476 
35150 12 3.090282 23.982575 4.857247 47.353570 0.631605 38.042157 
35200 11 3.265631 25.442564 4.789741 45.044860 0.808191 54.779816 
35250 12 3.264775 27.074849 4.757933 50.048251 0.832735 43.527314 
35300 13 3.012378 28.896913 4.748456 45.580137 0.748864 39.810242 
35350 11 3.302075 26.664794 4.724245 50.679296 0.625628 98.210025 
35400 12 3.034683 27.338847 4.741756 48.589692 0.663423 111.634859 
35450 13 3.265338 22.598179 4.747242 47.950160 0.679516 39.990986 
35500 12 3.084989 27.064209 4.768837 48.820877 0.718940 49.147745 
35550 11 2.882391 26.233498 4.743578 46.142305 0.741531 47.307457 
35600 12 3.348503 31.756790 4.786780 46.316622 0.629025 36.347700 
35650 12 3.212230 31.828592 4.783890 48.029056 0.641241 55.734269 
35700 12 3.253774 20.691589 4.757713 45.768440 0.612876 46.191592 
35750 11 3.146825 19.948625 4.786772 45.311636 0.546029 36.746473 
35800 12 2.991957 20.745819 4.791504 45.764101 0.697927 40.196890 
35850 12 2.989916 27.385082 4.781411 46.183620 0.564045 51.329784 
35900 12 3.246818 28.276382 4.756640 45.757698 0.689060 78.985035 
35950 12 3.064607 28.286534 4.762756 43.484304 0.618867 35.275496 
36000 12 3.220943 33.019425 4.716420 46.343020 0.592205 46.282760 
36050 12 3.237592 35.112078 4.744770 47.551903 0.612382 40.914956 
36100 12 3.507899 26.864789 4.773849 47.017511 0.692868 42.813886 
36150 12 3.395090 30.393445 4.838311 46.833962 0.893963 74.376825 
36200 13 3.099251 29.776492 4.861101 45.699373 0.700347 52.518902 
36250 12 3.116596 26.630192 4.827811 44.230998 0.664703 58.801030 
36300 12 2.972054 28.820417 4.797479 47.821075 0.801505 41.641199 
36350 12 3.195591 30.336644 4.812988 43.167951 0.828884 48.112160 
36400 12 2.986473 26.972769 4.828055 44.397606 0.650287 34.233356 
36450 12 3.519749 25.376056 4.815419 42.484705 0.754594 74.185951 
36500 12 3.417027 25.499777 4.836857 41.135652 0.633923 58.493738 
36550 12 2.982810 26.042905 4.841160 44.680507 0.690519 51.287328 
36600 13 2.832433 29.518366 4.806065 47.747231 0.630293 60.824257 
36650 12 2.783195 26.155051 4.824875 49.267419 0.809648 76.826952 
36700 12 2.814035 25.464526 4.851572 46.548359 0.866086 46.901334 
36750 12 2.628949 20.633626 4.825022 47.204602 0.593143 73.439740 
36800 11 2.549987 25.188807 4.778914 47.499913 0.726076 53.756842 
36850 13 2.720984 28.614409 4.753839 48.960572 0.715270 113.032587 
36900 13 2.497633 27.060596 4.781799 43.310492 0.692404 86.110497 
36950 12 2.927397 31.616588 4.814277 47.759030 0.750793 43.327589 
37000 12 2.867801 29.368963 4.727629 47.557777 0.669726 35.098714 
37050 12 3.024848 31.844887 4.721468 49.155959 0.533670 56.608008 
37100 13 3.007223 28.489884 4.703973 48.235182 0.605973 36.610802 
37150 12 3.423418 33.988782 4.674695 48.019716 0.769729 30.750660 
37200 12 3.581454 36.654963 4.672643 47.778849 0.570240 37.221428 
37250 12 3.438438 33.739622 4.653086 47.499093 0.683470 67.049493 
37300 12 3.289591 35.945068 4.621070 47.426847 0.721825 66.989822 
37350 13 3.661175 38.711537 4.647469 46.343513 0.777210 94.291172 
37400 12 4.157488 36.944352 4.606991 46.283476 0.633282 37.452520 
37450 13 3.354761 41.177568 4.587181 50.412488 0.735185 65.792168 
37500 12 3.206060 42.046435 4.564836 50.994706 0.536870 86.641226 
37550 12 2.850195 42.288136 4.560546 52.035181 0.789071 71.936712 
37600 12 2.993580 39.531016 4.541758 52.195220 0.520457 67.735484 
37650 12 3.005472 44.475787 4.566251 49.832556 0.653167 79.350829 
37700 12 3.380579 34.060751 4.568412 50.846132 0.730699 58.630362 
37750 12 3.664708 36.230743 4.590537 46.106793 0.790812 85.593957 
37800 11 3.660240 37.365941 4.664038 47.981818 0.587453 75.771118 
37850 12 3.573681 37.196899 4.697853 44.847159 0.634628 92.097547 
37900 13 2.869054 37.625841 4.643378 47.483960 0.730589 46.723495 
37950 12 3.310149 36.991552 4.684372 48.589418 0.696373 78.619670 
38000 12 3.127515 34.605880 4.664081 47.718206 0.643869 45.114357 
38050 12 3.358477 33.014874 4.653532 47.790298 0.689650 37.585814 
38100 12 3.264000 36.329069 4.620813 47.510926 0.684358 40.538512 
38150 12 3.450621 35.374319 4.638568 46.958090 0.712889 43.362055 
38200 11 3.405510 39.858449 4.625163 50.826096 0.774141 50.158671 
38250 12 3.251040 34.153368 4.637331 47.615877 0.777239 55.061341 
38300 12 3.392786 35.993052 4.617950 48.131986 0.689473 64.214863 
38350 11 3.473166 32.920673 4.617477 48.163785 0.654006 47.153005 
38400 12 3.728033 22.311433 4.578589 48.415953 0.633502 50.004949 
38450 12 3.296168 31.739241 4.602842 49.047005 0.626276 63.327187 
38500 11 3.565609 26.495264 4.610031 47.369009 0.569015 54.241272 
38550 12 3.451414 30.144130 4.656083 47.507735 0.760627 43.953880 
38600 12 3.164034 32.574029 4.667737 45.334696 0.607480 36.791485 
38650 12 3.448146 29.663539 4.692703 47.582297 0.578806 62.088427 
38700 12 3.352270 36.655036 4.681556 47.190528 0.692767 90.957230 
38750 12 3.376850 26.940876 4.680478 49.498952 0.698726 32.801253 
38800 12 3.207501 22.324763 4.649522 50.803237 0.768435 54.265734 
38850 12 3.087525 21.445161 4.670647 49.078496 0.607313 64.437560 
38900 12 3.248158 21.697410 4.680452 46.911411 0.592884 66.827842 
38950 13 3.122744 25.883794 4.669700 49.397519 0.603571 75.016522 
39000 12 3.351325 20.985016 4.663905 49.343616 0.680231 65.245296 
39050 12 3.100293 31.160492 4.637611 49.713654 0.866893 93.572828 
39100 12 3.059628 33.933058 4.627373 46.669790 0.767620 77.160591 
39150 12 2.985246 26.786175 4.625080 48.198512 0.625997 55.689709 
39200 12 3.422685 27.980517 4.613947 51.106079 0.705651 71.888526 
39250 12 3.525781 30.197808 4.578366 50.885618 0.787844 90.968536 
39300 11 2.960673 24.153647 4.603024 48.953939 0.686515 67.640173 
39350 12 3.339782 24.500436 4.589511 48.812108 0.723161 54.952332 
39400 12 2.911644 29.333128 4.619294 50.972535 0.734586 78.644491 
39450 12 3.059606 23.752042 4.594693 50.014916 0.627655 56.920604 
39500 12 3.166990 25.026151 4.588042 50.275079 0.766792 61.506786 
39550 12 3.507674 23.197914 4.648677 49.221151 0.555569 73.237699 
39600 11 3.215064 30.496415 4.625552 49.652168 0.505811 71.891948 
39650 12 3.650161 28.811630 4.646167 53.189076 0.638020 30.637106 
39700 13 3.544922 28.665696 4.608162 49.483151 0.698390 78.553617 
39750 12 3.049097 30.036549 4.640716 48.683217 0.646097 62.957862 
39800 12 3.561868 24.038490 4.626770 47.824254 0.718683 41.614392 
39850 11 3.439422 30.047576 4.670368 45.232103 0.728957 72.135631 
39900 13 3.411269 33.078098 4.677006 45.614384 0.768780 87.072621 
39950 12 3.099045 32.728538 4.752897 42.448708 0.594777 45.295678 
40000 12 3.320390 28.224069 4.775287 43.343539 0.618890 61.723107 
40050 12 3.400701 31.928110 4.824255 41.666019 0.753366 40.381896 
40100 12 3.462660 32.959794 4.835817 43.743700 0.518188 57.745995 
40150 12 3.207941 33.752809 4.818599 43.843442 0.699863 30.895265 
40200 12 3.165021 35.148710 4.831655 42.512923 0.759683 21.583382 
40250 13 3.071676 28.958994 4.798611 46.178630 0.824275 49.908459 
40300 12 3.373688 30.566826 4.803158 42.303145 0.644343 42.542899 
40350 12 3.189984 30.315811 4.786913 43.880830 0.567453 33.528003 
40400 11 2.666100 29.029905 4.785831 46.806277 0.617151 29.138627 
40450 11 2.997410 29.800574 4.858178 43.796247 0.655184 38.611097 
40500 12 3.099589 32.937726 4.834061 41.832496 0.615422 52.106121 
40550 11 3.165535 33.012417 4.817163 44.839939 0.681532 66.516632 
40600 13 3.922613 33.153596 4.814339 41.261747 0.719517 53.829552 
40650 12 3.710219 34.783196 4.800155 39.902642 0.849167 102.980924 
40700 12 4.040623 37.418342 4.820865 41.310095 0.727731 69.595340 
40750 12 3.644689 32.263651 4.821616 40.120397 0.682117 54.644347 
40800 13 3.509567 32.577042 4.829367 40.605096 0.621844 56.218402 
40850 13 3.417911 33.334550 4.843941 40.946535 0.685238 48.903249 
40900 12 3.016952 32.178439 4.855316 45.854125 0.567553 48.159552 
40950 12 2.994843 32.078353 4.902199 41.664369 0.581669 57.871659 
41000 11 3.521318 28.469130 4.878167 44.817874 0.723523 55.751628 
41050 12 3.228910 30.116738 4.874486 41.406029 0.836270 84.652045 
41100 12 3.617521 31.200908 4.864806 41.331448 0.635002 61.616220 
41150 12 3.029116 31.120407 4.890245 41.545123 0.633995 43.589959 
41200 12 3.195297 29.690157 4.864967 44.760638 0.688926 41.414690 
41250 12 3.139871 30.907133 4.870877 47.014061 0.727268 60.076177 
41300 13 2.933105 26.966238 4.837019 45.681780 0.639660 52.351714 
41350 13 2.777020 32.593338 4.824538 43.527271 0.598604 60.804014 
41400 12 3.011675 30.099247 4.836476 46.814568 0.648944 38.591709 
41450 13 2.953693 29.115976 4.842734 44.011385 0.689210 58.710298 
41500 12 3.369338 34.201872 4.840485 43.922875 0.685333 98.888904 
41550 12 3.670299 33.162835 4.820801 42.120088 0.770561 53.222169 
41600 12 3.714660 30.600793 4.763505 43.659354 0.785434 55.459519 
41650 11 3.280274 28.767798 4.783817 43.691858 0.664098 30.513373 
41700 12 3.473356 32.634458 4.727235 45.814164 0.834481 39.576096 
41750 12 3.416240 31.553573 4.739331 43.215446 0.899402 66.681904 
41800 12 3.137420 30.720011 4.738171 45.048305 0.747278 42.583116 
41850 12 3.352836 31.481534 4.747336 46.929043 0.688545 39.467680 
41900 12 3.152778 33.254698 4.734389 43.731508 0.601791 39.363588 
41950 12 3.367529 33.938525 4.717938 46.130675 0.543155 35.421545 
42000 12 3.527460 37.376950 4.675284 52.421443 0.539312 73.571552 
42050 12 3.935572 35.905006 4.659153 46.776887 0.620562 56.989996 
42100 12 3.668415 33.444831 4.676560 44.291525 0.655322 88.316778 
42150 12 3.567685 32.595017 4.666641 46.229075 0.754954 52.364958 
42200 12 3.398446 34.136125 4.701558 47.822296 0.677497 37.049463 
42250 12 3.227339 34.374576 4.723141 46.070934 0.643343 52.867577 
42300 12 3.392699 31.597890 4.738333 46.570904 0.650153 63.075531 
42350 12 3.169552 32.552489 4.740786 46.923764 0.656431 86.555207 
42400 13 3.204369 33.852845 4.773690 45.993559 0.560303 46.895741 
42450 12 2.966557 34.506475 4.834117 46.933905 0.761934 44.624834 
42500 12 3.073757 34.715660 4.877746 42.431939 0.578257 51.890069 
42550 13 3.107342 31.874600 4.881211 45.114541 0.726545 45.869318 
42600 12 3.179941 31.639324 4.950967 40.318149 0.826596 45.645826 
42650 12 3.226111 32.167924 4.962722 38.972712 0.711709 57.351305 
42700 12 3.123663 35.096248 4.951406 38.353815 0.713819 54.935776 
42750 12 3.323208 36.685316 4.891214 41.535973 0.821508 61.686514 
42800 12 3.583223 36.616189 4.905980 37.458212 0.598637 103.957392 
42850 12 3.591249 33.315718 4.962657 39.528012 0.775391 52.338649 
42900 12 3.382068 27.915785 4.955595 41.984040 0.721629 82.683966 
42950 13 3.315618 30.174437 4.970014 42.047890 0.686467 43.252307 
43000 13 3.024810 29.638752 5.005033 39.866211 0.752052 73.433509 
43050 12 3.134296 30.327080 4.947805 40.900296 0.826519 74.303409 
43100 12 3.086073 29.541479 4.942176 42.508419 0.709658 84.418701 
43150 12 3.445265 28.624667 4.903134 42.761309 0.718532 43.591735 
43200 12 3.297885 26.567448 4.901859 37.545438 0.804783 35.577116 
43250 12 3.211788 24.109647 4.858440 41.226070 0.729187 63.983705 
43300 13 3.077655 27.556258 4.856037 43.486829 0.687114 101.595413 
43350 12 3.071175 32.328618 4.814882 44.409888 0.674403 52.381932 
43400 12 3.020713 32.133629 4.842359 44.710864 0.557364 47.221592 
43450 13 3.129637 30.068428 4.836346 47.975549 0.717645 55.700818 
43500 11 3.221456 37.224196 4.798203 44.859848 0.714004 61.497435 
43550 12 3.090592 31.391021 4.807977 48.836968 0.833805 60.336064 
43600 12 3.083804 27.480272 4.819631 46.270055 0.642119 71.993341 
43650 12 3.098255 29.136430 4.824427 46.626253 0.717398 45.982514 
43700 12 4.041652 28.643198 4.823296 43.392112 0.679842 49.964912 
43750 12 3.323024 30.804896 4.775667 44.463688 0.719016 65.216187 
43800 12 3.057732 35.277488 4.744864 49.479468 0.765962 53.794933 
43850 12 3.196009 32.451259 4.731295 47.840405 0.793050 59.318591 
43900 12 3.245461 32.213700 4.741224 50.078028 0.549992 72.671478 
43950 12 3.101879 35.682814 4.648128 46.908128 0.695599 39.606325 
44000 12 3.405987 30.651887 4.686584 49.797125 0.745340 41.737119 
44050 12 3.324894 34.393123 4.698743 47.632949 0.590814 34.741429 
44100 12 3.329002 29.735045 4.683761 50.966975 0.794437 33.395615 
44150 11 3.455093 30.898189 4.745269 47.772796 0.785176 42.584493 
44200 11 3.278568 30.243480 4.776193 45.278977 0.581848 34.289618 
44250 12 3.516464 29.044441 4.747293 45.366161 0.723486 20.961844 
44300 12 3.215154 28.590536 4.698275 48.123779 0.754897 30.538943 
44350 12 3.351836 30.320975 4.667431 47.873742 0.669526 40.816317 
44400 12 3.196488 32.531524 4.655770 47.129477 0.609045 61.847496 
44450 12 3.218532 27.289322 4.653825 49.398384 0.658895 91.622785 
44500 11 3.200463 30.873287 4.675710 47.159023 0.673838 111.758609 
44550 12 3.436481 29.365851 4.649500 48.667818 0.620767 61.186801 
44600 12 3.139457 32.932079 4.616928 49.900553 0.693884 28.026509 
44650 12 3.130613 34.217281 4.566798 49.881675 0.674144 29.132757 
44700 12 3.048805 33.165502 4.572668 53.099968 0.654994 34.815050 
44750 12 3.217039 33.162877 4.625496 54.020486 0.756581 28.278169 
44800 12 3.246849 28.659967 4.683410 49.758400 0.624924 32.665068 
44850 12 3.285357 29.092038 4.721268 46.803001 0.537080 30.582590 
44900 12 3.479311 24.502346 4.724208 48.208163 0.745110 34.793281 
44950 12 3.195789 31.255390 4.713001 43.458121 0.669077 48.793388 
45000 12 3.370537 23.311311 4.715411 49.252010 0.744561 21.445535 
45050 12 3.438493 27.517903 4.721571 47.575554 0.663239 28.162808 
45100 11 3.236421 30.080881 4.728165 45.667728 0.582522 24.786950 
45150 12 3.439477 29.556050 4.743942 44.340661 0.829223 38.554986 
45200 11 3.865562 33.379064 4.791276 45.660815 0.657070 38.565175 
45250 11 3.535745 32.282847 4.736811 46.704136 0.656014 36.411894 
45300 12 3.493576 31.646346 4.727917 44.111411 0.652553 56.313036 
45350 12 3.641582 30.999108 4.674802 44.151399 0.661842 77.193613 
45400 12 3.557335 30.680512 4.727107 46.171393 0.794154 61.535833 
45450 12 3.540316 23.009128 4.687311 46.346700 0.684115 96.918676 
45500 12 3.391232 27.724473 4.763158 45.013611 0.611937 52.285770 
45550 12 3.319272 28.778389 4.734251 46.802065 0.619799 68.661180 
45600 13 3.045845 28.081425 4.718924 44.326035 0.658276 70.500651 
45650 11 3.152152 30.564690 4.717120 45.391916 0.652852 48.445455 
45700 12 2.797604 29.315481 4.725369 53.531656 0.652795 61.707838 
45750 12 3.065880 35.004084 4.764811 48.867107 0.725168 67.947370 
45800 12 3.010533 33.570068 4.829686 45.891553 0.665760 34.512781 
45850 12 3.384438 26.970731 4.839244 43.189035 0.732076 43.140212 
45900 12 3.554460 29.428605 4.909978 38.730963 0.787371 35.033942 
45950 11 3.812758 31.966002 4.903981 37.364075 0.832102 60.356106 
46000 12 3.283188 25.732815 4.903371 38.253058 0.575492 44.260679 
46050 12 3.383038 30.327099 4.898635 40.298972 1.026988 60.104256 
46100 11 3.202988 27.861351 4.911233 36.895702 0.729445 61.623679 
46150 12 3.038177 33.310027 4.861592 41.242952 0.625711 83.388489 
46200 13 2.999289 29.147476 4.885097 37.469123 0.635182 36.310934 
46250 12 3.557425 29.203495 4.882504 41.749896 0.732921 53.237229 
46300 13 2.725405 29.874080 4.849410 41.901483 0.601678 70.455033 
46350 12 3.068498 21.003504 4.832867 45.201116 0.608126 45.656480 
46400 12 2.705554 26.637884 4.844443 44.952438 0.790870 79.324291 
46450 12 2.820942 21.616825 4.879279 40.333845 0.715715 87.228458 
46500 13 3.005076 25.939807 4.884007 42.755453 0.810796 70.631820 
46550 12 2.795210 22.937347 4.848144 42.960428 0.769088 61.114121 
46600 12 3.009961 28.917324 4.828235 41.639982 0.598105 37.054125 
46650 12 2.924967 26.793414 4.872717 43.606218 0.823211 33.862413 
46700 11 2.834223 25.158159 4.924293 43.162988 0.802736 38.509461 
46750 12 3.153505 29.768818 4.883275 45.684738 0.650981 59.568621 
46800 12 3.367788 26.049766 4.867813 41.827983 0.532051 51.398074 
46850 12 3.009871 29.880231 4.831446 41.022009 0.647185 47.422808 
46900 12 2.977734 31.159716 4.791567 44.696595 0.839216 38.025551 
46950 12 3.015691 32.743784 4.775809 45.090001 0.605502 47.014240 
47000 11 3.070207 27.833221 4.788412 45.850936 0.846186 64.025319 
47050 12 3.196475 22.110045 4.755682 49.723117 0.599134 66.225394 
47100 11 2.984455 24.626808 4.757971 45.139265 0.880851 84.735146 
47150 11 3.261083 25.703168 4.729524 47.590280 0.660885 125.149694 
47200 13 3.286277 34.928483 4.737110 42.081133 0.613351 56.357767 
47250 12 3.136601 33.405947 4.738692 47.375499 0.806080 67.496282 
47300 12 3.155694 36.734894 4.734248 45.171423 0.611533 54.846338 
47350 12 3.182814 32.016441 4.728042 44.586434 0.737579 28.813627 
47400 13 3.207165 32.543873 4.771781 45.730163 0.716001 37.353639 
47450 12 3.469340 34.627578 4.825094 40.174541 0.756003 20.739932 
47500 12 3.532039 32.855462 4.807407 43.445628 0.813082 26.106099 
47550 12 3.813005 33.297361 4.825826 42.811750 0.771732 63.110550 
47600 12 3.449349 30.814481 4.819591 42.558926 0.536244 68.107760 
47650 12 2.967321 28.683434 4.791559 44.845832 0.658145 59.161410 
47700 12 3.010690 31.214232 4.822533 46.465431 0.652909 39.517122 
47750 12 2.922793 32.080852 4.794263 44.482479 0.654883 50.839102 
47800 12 3.011126 31.096641 4.788872 44.961590 0.611865 60.977761 
47850 11 2.832220 35.597666 4.840026 47.035067 0.661750 53.734181 
47900 12 3.153432 30.078200 4.837161 45.989049 0.679289 50.870334 
47950 13 3.522637 25.429366 4.821399 41.744306 0.644850 68.434690 
48000 12 3.021118 22.175096 4.854856 47.366876 0.542723 48.153116 
48050 12 2.967976 19.620166 4.852442 42.729575 0.646511 66.317784 
48100 12 2.931119 19.645927 4.814658 42.487844 0.661348 49.526472 
48150 12 2.891104 19.226245 4.840345 46.410081 0.709555 72.290733 
48200 12 3.218585 24.204765 4.760637 48.832813 0.568625 84.407174 
48250 13 3.105404 23.541038 4.775034 46.688575 0.821509 46.288532 
48300 12 3.288094 21.886618 4.754630 48.620930 0.702488 70.895973 
48350 12 3.292882 23.781420 4.783426 48.641734 0.717633 52.065432 
48400 12 4.196211 25.174469 4.762363 46.413381 0.813169 57.499466 
48450 12 4.069493 32.510422 4.762788 45.232988 0.710770 77.077962 
48500 12 3.528922 34.569272 4.755419 44.495944 0.749737 62.339495 
48550 12 3.388454 31.954292 4.769287 50.581556 0.701446 106.009127 
48600 12 3.508536 28.131508 4.747039 49.389559 0.765689 47.221089 
48650 12 3.523224 30.580886 4.719842 45.581579 0.583467 51.772163 
48700 13 3.955286 32.305219 4.691385 46.441316 0.548571 55.936837 
48750 13 3.428064 26.162194 4.657682 47.531496 0.741640 57.363990 
48800 12 3.819267 33.001303 4.668580 46.125502 0.618285 57.628689 
48850 12 3.090224 32.578605 4.646719 47.975060 0.683760 45.232494 
48900 12 3.342903 31.018752 4.607653 45.552935 0.748720 34.924008 
48950 12 2.966594 28.961118 4.625732 49.292582 0.653173 57.729913 
49000 11 3.407855 31.927400 4.594282 49.989402 0.671306 58.520342 
49050 11 3.860435 34.351035 4.618968 50.398643 0.666513 79.445809 
49100 12 4.057360 33.102880 4.636308 47.659956 0.643500 84.263632 
49150 12 3.309571 31.786135 4.663509 48.637695 0.685842 57.854149 
49200 12 3.254088 28.077470 4.644087 47.044377 0.634736 54.164769 
49250 12 3.003779 31.452450 4.637865 47.827655 0.673059 95.263461 
49300 12 3.260770 29.959339 4.646915 46.373734 1.022396 87.227147 
49350 12 3.152000 36.117229 4.676517 46.838466 0.783349 87.916350 
49400 12 3.298791 28.168669 4.639766 48.890369 0.731979 82.175866 
49450 12 3.381686 33.073988 4.669230 44.510694 0.640070 56.748974 
49500 12 3.227078 28.411195 4.651127 46.179901 0.773209 55.115708 
49550 13 3.065555 27.932027 4.622368 46.822153 0.767932 80.717537 
49600 13 2.987484 29.472779 4.631112 48.658838 0.607121 81.032013 
49650 12 3.325620 29.369325 4.637687 45.787666 0.764452 78.709021 
49700 12 3.033229 28.154623 4.674280 46.812302 0.816696 27.202953 
49750 11 2.984372 31.740954 4.656360 47.276951 0.748008 51.921375 
49800 12 3.055239 27.836556 4.673823 45.590666 0.790014 31.946366 
49850 12 3.128221 24.567473 4.625356 46.111253 0.747126 80.748243 
49900 12 3.535156 28.302323 4.678623 47.045299 0.713777 54.359110 
49950 12 3.438075 21.579464 4.705087 44.444595 0.628077 75.652167 
