0 11 2.830000 23.455771 3.700000 47.000000 1.000000 4.074829 
50 14 2.562553 23.712077 3.675758 74.609202 0.541991 12.788628 
100 13 2.711839 23.742546 3.683855 63.840437 0.616601 43.928500 
150 13 2.401043 23.992119 3.675960 66.346132 0.623957 79.028517 
200 15 2.424732 24.079989 3.659086 59.911105 0.596604 43.011438 
250 13 2.685278 24.131047 3.769761 55.375306 0.613316 58.043062 
300 13 2.909658 23.782586 3.870605 52.386653 0.874974 77.491107 
350 13 2.924127 24.103253 3.868595 52.171681 0.691920 118.284722 
400 12 3.143027 23.787359 3.971886 50.060821 0.583335 55.464040 
450 14 3.169515 24.114166 4.075696 45.932274 0.562498 43.081430 
500 14 3.616756 24.142930 4.121340 43.998996 0.741491 39.879566 
550 13 3.188289 24.164062 4.119646 46.312701 0.609430 40.091217 
600 14 3.360221 24.319009 4.119646 46.312701 0.721412 74.277700 
650 12 3.207866 24.374989 4.154003 42.951128 0.738046 93.731744 
700 12 3.509929 24.537899 4.163404 46.816307 0.531798 62.183243 
750 13 3.251416 24.204099 4.035767 46.229626 0.594536 65.485405 
800 13 2.995126 24.600705 4.069281 44.192100 0.638659 91.055484 
850 13 3.063938 24.365871 4.038239 51.040476 0.781426 81.110263 
900 12 2.944885 24.370643 4.029904 48.874560 0.725905 73.664422 
950 13 3.320436 24.444269 4.020181 47.572180 0.590878 44.831690 
1000 13 3.334632 24.396484 4.004427 50.258590 0.674110 40.740580 
1050 13 3.157942 24.039751 3.921597 53.381549 0.692035 38.336853 
1100 14 3.252191 24.252100 3.995722 48.956542 0.581499 38.290898 
1150 13 3.423782 24.689778 3.954485 46.929114 0.750180 57.730576 
1200 14 3.655240 24.403916 3.889383 49.444923 0.737429 48.790011 
1250 14 2.912958 24.604671 3.956152 50.368138 0.648464 47.064420 
1300 13 3.027269 24.708577 3.935772 50.021938 0.726966 57.157201 
1350 14 3.000728 23.964116 3.936147 48.505679 0.698845 60.519847 
1400 14 2.950799 24.304333 3.893359 51.818426 0.670800 73.902195 
1450 14 3.142131 23.863371 3.912784 48.793060 0.720705 86.538342 
1500 13 3.174024 23.426522 3.904027 51.869743 0.678758 86.278820 
1550 12 2.697917 22.147021 3.871096 53.594787 0.771778 66.599212 
1600 13 2.633163 25.225200 3.825753 54.824900 0.747001 92.141283 
1650 14 2.358899 24.480750 3.786352 51.182074 0.730589 62.801326 
1700 12 2.428307 25.361841 3.741330 54.094905 0.752669 43.438023 
1750 13 2.895659 26.219871 3.777430 55.409696 0.680664 55.941052 
1800 13 3.060510 25.089267 3.804905 54.942409 0.652601 106.655979 
1850 13 3.182990 25.792186 3.791014 57.024389 0.749247 42.210440 
1900 14 2.672688 26.297225 3.702342 52.115170 0.651085 60.498636 
1950 14 2.939399 26.472467 3.694799 51.571835 0.520944 43.120904 
2000 13 3.111441 27.445061 3.605519 56.616873 0.612741 74.381021 
2050 13 3.019756 25.648374 3.618680 62.591355 0.628144 123.099274 
2100 14 2.926355 26.526044 3.551991 61.218565 0.684223 50.693065 
2150 13 2.852700 27.743768 3.549495 60.584099 0.640838 61.231000 
2200 13 2.846444 27.373757 3.563926 62.560906 0.707958 57.414051 
2250 13 3.164850 27.567378 3.557731 65.651950 0.654860 66.669942 
2300 13 2.947816 27.567378 3.556323 59.547588 0.683640 43.344802 
2350 12 3.125448 27.515274 3.538830 61.145262 0.593241 53.012015 
2400 14 3.031557 27.526801 3.569298 57.327101 0.667230 53.240241 
2450 13 3.141739 27.484960 3.607874 57.661072 0.620906 40.180121 
2500 14 3.134182 27.463678 3.682713 52.998369 0.667746 75.868815 
2550 13 3.279206 27.114071 3.714175 51.800695 0.731533 79.357403 
2600 13 3.041098 26.966142 3.736253 54.402264 0.798005 63.004295 
2650 14 3.442807 26.981100 3.833826 53.136105 0.836710 49.708640 
2700 13 3.843117 26.258494 3.845069 50.625311 0.887920 61.935682 
2750 13 3.892418 25.821381 3.868587 51.092204 0.536246 76.281741 
2800 12 3.632542 27.130676 3.865559 50.662196 0.888297 99.259491 
2850 13 3.249693 26.792683 3.883577 48.447526 0.654947 131.616481 
2900 12 3.188824 26.760221 3.921802 49.184121 0.579290 113.975352 
2950 13 3.047048 26.614830 3.867715 50.147722 0.609813 76.467261 
3000 13 3.596015 26.787102 3.837860 50.154859 0.810255 57.315863 
3050 12 3.445756 26.741054 3.759850 50.333342 0.786195 62.145882 
3100 13 3.105611 26.772424 3.848769 51.196708 0.673333 36.154652 
3150 13 3.252437 28.150238 3.900973 49.698106 0.771587 47.410621 
3200 13 3.202159 28.797720 3.843323 48.925013 0.591497 65.413023 
3250 13 2.918157 27.197762 3.871523 53.306037 0.666199 61.695076 
3300 14 2.896125 27.076329 3.950749 52.407951 0.761392 26.719929 
3350 13 3.170454 29.470937 3.998634 46.163619 0.617071 45.769275 
3400 12 2.935304 33.060228 4.060407 45.581705 0.842895 72.244706 
3450 13 3.105135 31.036168 4.083790 43.608297 0.635628 39.325125 
3500 13 2.646612 32.723644 4.096955 46.589595 0.642764 57.038763 
3550 13 3.028056 25.841889 4.097699 46.520110 0.654977 56.106748 
3600 13 2.960714 31.088606 4.069179 45.897967 0.714566 45.870322 
3650 13 3.130708 27.708526 3.993731 48.155968 0.718004 40.270368 
3700 13 3.001284 25.444018 4.023119 47.550216 0.722142 66.907707 
3750 13 3.041056 29.962393 4.003384 47.564055 0.661901 72.636446 
3800 13 3.158541 27.445232 4.013950 49.713988 0.657997 33.930541 
3850 12 3.057437 28.796882 3.987228 46.972093 0.618636 75.441224 
3900 13 3.307371 32.786567 3.995223 49.229579 0.800824 31.391308 
3950 13 3.177668 30.908668 3.942035 48.046249 0.589982 52.450068 
4000 13 3.053450 31.141699 3.976580 47.519759 0.638416 45.563994 
4050 13 3.128551 25.943312 3.947043 47.520551 0.697552 39.331355 
4100 12 2.965155 28.307822 3.961001 48.137283 0.636151 57.476162 
4150 13 2.970283 28.818645 3.993873 48.992905 0.678848 67.068417 
4200 13 2.803912 29.364735 3.987949 47.726431 0.688751 52.553007 
4250 13 3.079328 30.360836 4.033573 48.071291 0.632055 57.448469 
4300 13 2.853857 26.927912 4.048284 49.381625 0.825813 108.347548 
4350 13 3.228238 23.870752 4.044862 43.914753 0.609531 69.321989 
4400 14 3.267188 24.351984 4.038216 46.280621 0.825975 74.791919 
4450 13 3.340196 25.223719 4.020553 46.196499 0.700037 60.897173 
4500 13 3.883713 29.392409 4.052501 45.603744 0.763113 58.198713 
4550 13 2.928290 28.858557 4.042305 45.817869 0.657406 60.793917 
4600 13 3.183669 30.182395 4.062982 45.445222 0.676949 24.268250 
4650 14 3.267326 29.165054 4.110898 40.825710 0.541381 32.301854 
4700 13 3.331007 26.462145 4.117722 42.142032 0.674367 38.012254 
4750 13 3.431180 28.953517 4.110247 43.061864 0.642440 32.399897 
4800 13 3.522151 27.064627 4.095034 47.125734 0.681037 40.657145 
4850 13 3.247494 31.368501 4.133236 48.241794 0.590715 47.706446 
4900 12 3.167718 30.276573 4.146710 46.270820 0.588968 55.322871 
4950 13 3.039725 30.492273 4.159730 47.469263 0.493271 48.691661 
5000 13 3.065774 28.274239 4.107840 49.204760 0.709006 78.687525 
5050 12 3.092510 31.529142 4.128584 46.110734 0.767937 64.826718 
5100 13 2.929228 30.381794 4.130940 45.860537 0.620002 69.638782 
5150 13 3.328166 28.851970 4.111594 43.546228 0.614673 35.383601 
5200 13 3.024156 26.732790 4.115411 45.928672 0.551826 86.152803 
5250 13 3.170035 24.604002 4.128320 45.225770 0.670886 66.623795 
5300 13 2.983415 24.376923 4.135482 47.024162 0.694909 65.943202 
5350 13 3.279879 25.236867 4.106796 45.924551 0.600310 132.745702 
5400 13 3.085253 25.092487 4.133972 42.570633 0.756896 56.737477 
5450 13 3.166905 26.224779 4.108667 46.360649 0.533329 37.922622 
5500 13 2.912887 22.555399 4.021026 48.799305 0.685787 80.827495 
5550 13 3.612154 31.319428 3.983886 47.853889 0.562313 54.147507 
5600 13 3.662600 28.530816 3.959310 47.405506 0.697381 54.825876 
5650 12 3.102116 26.758040 4.009524 46.638766 0.672153 52.003874 
5700 14 3.389959 25.774937 3.984251 48.253887 0.634611 44.124499 
5750 13 3.211846 26.793506 4.026942 47.255742 0.713362 58.196482 
5800 13 3.234970 28.745563 4.016285 46.042064 0.768142 71.563619 
5850 12 3.501662 26.633931 4.017943 47.484390 0.770393 96.260181 
5900 13 2.982274 27.961202 3.943508 46.100121 0.522429 58.472555 
5950 13 2.920511 29.503827 3.935368 47.185860 0.561264 84.234825 
6000 13 3.577836 30.653415 3.933397 46.731428 0.804330 82.136684 
6050 12 3.007677 31.679510 3.942894 51.414829 0.735149 55.604333 
6100 13 2.887564 31.147011 3.990485 48.477340 0.594104 54.105096 
6150 13 3.501744 34.189867 3.980812 49.722357 0.579923 65.971826 
6200 13 3.361226 35.073078 3.964418 48.967444 0.529294 55.871308 
6250 14 3.186001 33.971281 3.993973 47.508573 0.687570 55.719877 
6300 13 3.171088 33.141681 3.988081 44.905448 0.709707 73.132286 
6350 12 3.103911 32.286535 4.000283 45.172049 0.588159 36.006041 
6400 13 3.525731 31.387320 4.026563 46.497236 0.539013 61.072819 
6450 13 3.363900 31.290868 3.974431 47.723330 0.675519 91.811644 
6500 13 3.306231 32.852378 3.982010 50.058736 0.674849 87.885715 
6550 13 3.180856 29.501784 3.969013 49.739429 0.697319 59.976294 
6600 13 2.759601 33.274753 3.937285 49.832247 0.670884 53.721587 
6650 13 3.497058 35.215914 3.909362 48.731270 0.646051 62.595242 
6700 13 3.389878 31.001359 3.906215 49.461316 0.641031 63.958100 
6750 13 3.353212 34.436300 3.896312 48.442365 0.723551 77.595699 
6800 13 3.095337 35.178014 3.895144 48.200242 0.545668 57.346313 
6850 14 3.029459 34.409992 3.858132 47.739505 0.800211 45.663149 
6900 14 2.944937 33.684344 3.825484 49.249618 0.681247 51.984966 
6950 14 2.934308 32.892763 3.846286 48.613950 0.859349 70.924733 
7000 14 3.151985 28.945631 3.808379 49.912787 0.770969 58.741924 
7050 13 3.191271 31.921645 3.870350 46.925857 0.594373 91.936707 
7100 13 2.946061 30.730131 3.877497 50.742931 0.709895 92.590874 
7150 13 3.160985 30.601531 3.878963 50.426925 0.659622 56.371878 
7200 13 3.263746 23.643040 3.842394 47.303993 0.657269 49.246333 
7250 13 3.325989 24.978141 3.845394 48.629803 0.677899 37.054282 
7300 13 3.294960 32.057675 3.874913 49.986919 0.839480 91.148371 
7350 13 2.876914 32.421899 3.857579 55.007274 0.644401 57.201739 
7400 13 2.670123 30.614871 3.916304 49.724515 0.702001 59.795114 
7450 13 2.751121 28.090025 3.897077 51.444852 0.650519 43.900811 
7500 14 2.808681 25.170721 3.933504 50.077511 0.652230 66.963843 
7550 13 2.592423 21.560158 3.971562 53.267525 0.711931 53.182125 
7600 13 2.865840 28.008979 3.977333 50.092631 0.794125 107.831762 
7650 14 3.276588 29.339299 4.004412 48.874750 0.567721 36.300284 
7700 13 3.179586 30.754808 4.037388 47.066694 0.664346 44.538216 
7750 13 3.070510 30.433600 3.993667 51.321121 0.689004 43.330314 
7800 13 2.837958 32.716834 3.955654 48.911327 0.611263 55.056756 
7850 13 3.002737 30.115149 3.944499 47.858575 0.618413 57.299303 
7900 13 2.978833 30.971330 3.875126 49.301873 0.766533 83.315258 
7950 13 3.085081 31.981365 3.865623 47.903874 0.639446 82.180554 
8000 13 3.043127 29.802357 3.848509 48.133410 0.651350 59.432270 
8050 13 3.015552 33.223552 3.876975 49.196760 0.771776 71.837955 
8100 13 3.306946 33.892692 3.856319 47.540496 0.770116 56.259213 
8150 13 3.104302 31.826566 3.871774 48.260384 0.750922 63.834264 
8200 13 2.888308 30.130948 3.902981 47.817764 0.696793 53.087845 
8250 13 3.148486 30.351397 3.853485 49.310836 0.695041 71.193092 
8300 12 3.179386 25.474605 3.854941 48.195809 0.667148 61.640663 
8350 13 3.427933 27.001179 3.848710 49.991373 0.748942 97.147459 
8400 13 2.998574 30.704285 3.794587 51.351182 0.624320 38.374869 
8450 13 3.194848 30.166432 3.697604 51.101290 0.713854 69.557333 
8500 14 2.700201 29.411709 3.723645 51.741483 0.618952 74.551820 
8550 14 3.251125 32.023939 3.767919 51.446857 0.546469 54.398337 
8600 13 3.148856 40.774026 3.792430 48.908574 0.678944 52.764552 
8650 13 2.762232 33.758780 3.787214 51.576537 0.777511 34.836420 
8700 14 3.229815 34.122674 3.802273 55.539244 0.602117 28.205883 
8750 14 3.264600 35.305162 3.794320 50.456798 0.654240 36.101515 
8800 13 3.447520 34.799583 3.763622 49.530362 0.643461 72.898720 
8850 13 3.249357 36.976782 3.728365 52.729151 0.689570 54.310530 
8900 14 3.245469 36.903454 3.725212 54.586291 0.590482 62.612106 
8950 13 3.280014 35.952441 3.739773 48.829141 0.724693 56.301573 
9000 14 3.388177 34.542914 3.785840 52.568354 0.557115 70.029581 
9050 13 3.291210 39.619669 3.744423 51.620550 0.670824 48.261999 
9100 14 2.984713 36.972908 3.753161 50.577596 0.635668 29.818044 
9150 13 3.280099 39.422938 3.756796 49.976603 0.766130 46.289744 
9200 13 3.363465 37.890940 3.764074 50.780955 0.674612 41.253053 
9250 12 3.199455 41.435078 3.787605 47.988762 0.709129 49.011736 
9300 13 3.299512 38.920285 3.743049 53.866060 0.537903 42.500551 
9350 13 3.401068 37.372777 3.751954 49.856893 0.731484 51.616495 
9400 13 3.089105 40.090047 3.745756 50.232944 0.682700 79.419296 
9450 14 2.663278 39.077797 3.742200 52.368209 0.540756 67.906071 
9500 12 3.588755 36.028823 3.691835 54.170483 0.776414 61.148917 
9550 13 3.115908 36.837704 3.677227 57.068986 0.576887 44.943179 
9600 13 2.967994 34.045981 3.702915 56.146534 0.588010 38.568090 
9650 13 3.320173 38.079270 3.724187 53.254225 0.625333 70.716972 
9700 13 3.438412 39.590565 3.758129 53.889052 0.617512 90.188559 
9750 13 3.509167 38.525037 3.819181 48.642182 0.572220 72.155169 
9800 13 3.309655 32.679593 3.797936 47.698264 0.657023 43.226675 
9850 13 3.143627 32.276020 3.764114 49.665487 0.775042 43.808297 
9900 13 3.299125 30.364660 3.745568 50.474922 0.682396 57.190524 
9950 12 3.096589 31.421486 3.749346 52.749176 0.642856 59.384550 
10000 13 2.934432 32.212930 3.748559 55.022653 0.811547 75.632129 
10050 13 3.261621 32.088177 3.754390 51.848225 0.643790 91.185265 
10100 14 3.163960 37.778774 3.793831 49.924465 0.703955 28.743639 
10150 13 3.029996 34.633499 3.797077 52.007647 0.805633 31.147390 
10200 13 3.144804 36.283878 3.755951 50.063685 0.791412 26.385528 
10250 14 2.893781 40.606633 3.758293 53.248656 0.564345 51.020578 
10300 13 2.863928 33.630762 3.764547 50.861938 0.638272 31.792218 
10350 12 2.883653 32.997882 3.820593 50.682786 0.703719 61.841610 
10400 13 2.949449 32.482350 3.801950 52.402907 0.826042 30.146542 
10450 13 3.168880 39.514869 3.806617 52.582106 0.580576 48.070456 
10500 13 3.153548 34.027634 3.781198 49.996952 0.790446 104.512894 
10550 13 3.244045 33.469048 3.800822 47.722081 0.603073 62.700008 
10600 12 2.819043 34.531638 3.736093 52.963305 0.682934 51.797849 
10650 13 3.336878 38.577995 3.677606 55.248874 0.705474 47.705606 
10700 13 3.241827 36.950155 3.624200 55.277598 0.923794 78.593424 
10750 13 3.128249 34.789606 3.659738 54.630134 0.509304 40.400350 
10800 13 3.541705 39.442775 3.626743 55.862509 0.680433 50.604644 
10850 14 3.019583 40.232136 3.645441 54.495335 0.781661 84.606203 
10900 12 3.080027 39.923072 3.655974 59.509584 0.616408 47.255579 
10950 13 2.901601 37.105014 3.642963 61.018628 0.766019 32.287227 
11000 13 3.271681 34.934769 3.604300 59.517147 0.741010 44.458596 
11050 13 3.559589 36.731193 3.659571 52.820305 0.795817 31.204818 
11100 13 3.729810 35.344013 3.689930 55.740372 0.891094 48.046225 
11150 13 3.400327 36.638914 3.749713 48.657965 0.569225 40.108053 
11200 13 3.626260 37.932550 3.775563 50.377629 0.724682 47.822587 
11250 14 3.221045 34.948590 3.783410 50.903413 0.635192 37.331553 
11300 13 3.193651 37.558881 3.796997 51.724509 0.568927 45.370626 
11350 13 3.255551 38.910158 3.759190 50.207350 0.652453 60.793827 
11400 14 2.996527 38.127652 3.749565 50.336072 0.600905 62.736176 
11450 13 2.929598 34.782099 3.717153 52.737172 0.638073 32.300836 
11500 13 3.246381 31.562902 3.709480 54.659506 0.758209 44.330869 
11550 14 3.175209 30.171514 3.705588 55.199527 0.680962 46.197373 
11600 13 2.796317 32.673115 3.678442 55.747925 0.681941 72.383370 
11650 14 3.067732 35.819174 3.663413 53.654511 0.594635 67.525644 
11700 13 3.356944 34.907487 3.685206 52.633261 0.625440 104.092634 
11750 13 3.483454 33.599988 3.716327 54.405533 0.748164 91.961755 
11800 13 3.440277 33.847230 3.742016 52.129656 0.637323 85.048435 
11850 13 3.167731 29.018524 3.747183 51.856797 0.504514 30.611205 
11900 14 3.567853 34.318729 3.745787 50.417964 0.648744 46.417915 
11950 13 3.072105 36.427549 3.771691 51.688267 0.782981 33.705004 
12000 14 3.053611 29.670081 3.795661 49.788204 0.587407 34.482336 
12050 12 3.004560 29.432302 3.819368 48.651681 0.721810 55.373900 
12100 14 3.046894 31.255176 3.795294 51.708868 0.660590 41.462544 
12150 13 2.928090 26.586715 3.848411 47.760679 0.615528 67.275358 
12200 14 3.078135 28.381663 3.850291 52.515737 0.748426 40.272216 
12250 12 3.203463 30.103792 3.842491 49.426924 0.658723 41.108760 
12300 13 3.362656 28.243049 3.890569 50.453240 0.549439 45.611111 
12350 13 3.268487 27.512842 3.901764 47.533907 0.662070 51.500934 
12400 14 3.400600 29.900654 3.881053 47.906512 0.707321 62.638302 
12450 13 3.382916 29.539171 3.837102 49.634797 0.630659 54.339082 
12500 12 3.206314 32.626539 3.806491 50.008728 0.675553 67.852204 
12550 12 3.516867 33.565169 3.780221 48.591050 0.613042 33.243380 
12600 13 3.417047 32.907384 3.805551 51.821380 0.600649 46.359633 
12650 13 3.332250 38.775149 3.801647 48.006043 0.570365 51.750768 
12700 13 3.664717 36.323544 3.780775 49.865394 0.680714 46.785962 
12750 14 3.291825 39.740812 3.792863 45.211171 0.742280 45.165835 
12800 14 3.200153 37.609497 3.783728 46.018894 0.518909 68.813371 
12850 14 3.227156 36.877021 3.806456 47.484953 0.772101 38.906172 
12900 14 3.230480 36.196114 3.828693 46.589221 0.817547 63.968419 
12950 13 3.254087 38.105682 3.837893 50.486606 0.612957 134.908582 
13000 13 3.273524 40.011292 3.814568 50.199422 0.635057 54.929965 
13050 12 3.110876 39.110081 3.822054 50.914223 0.685654 70.873166 
13100 13 3.343659 40.664934 3.782554 48.726497 0.649695 80.680821 
13150 13 3.091905 40.171960 3.800509 48.680964 0.737561 111.614205 
13200 13 3.334701 39.823515 3.822291 48.105357 0.762016 50.792657 
13250 13 3.264731 39.149423 3.739068 48.670389 0.607527 40.701326 
13300 13 3.425124 37.408328 3.733913 51.629786 0.611551 51.682990 
13350 13 3.215539 37.904152 3.711490 55.686087 0.614341 59.269336 
13400 13 3.010899 38.141163 3.714758 57.570171 0.624820 69.279394 
13450 13 2.925018 37.864016 3.697417 53.051916 0.801179 59.891578 
13500 13 3.081206 37.659956 3.697169 49.989028 0.650751 32.340348 
13550 13 3.061505 35.956988 3.716710 51.790629 0.621418 44.524016 
13600 13 3.007239 37.640694 3.748267 57.677127 0.651598 86.975947 
13650 13 3.023965 39.220179 3.746636 53.769800 0.650700 45.001297 
13700 13 3.072463 39.899456 3.726134 55.817601 0.698218 49.635125 
13750 13 2.997626 39.176153 3.705820 56.744468 0.670361 74.950338 
13800 13 3.209231 39.333437 3.717353 61.973533 0.683119 62.885627 
13850 14 3.396015 40.281279 3.758991 58.306255 0.593281 45.310560 
13900 13 2.870829 39.683032 3.713505 53.627203 0.507280 67.591413 
13950 13 3.205495 40.552406 3.701628 57.053522 0.732941 54.499070 
14000 14 2.557066 40.690218 3.676777 52.246426 0.758042 42.100457 
14050 14 3.264919 40.125860 3.689727 56.964780 0.849211 71.541610 
14100 14 3.322551 40.378882 3.737189 57.078116 0.761759 84.018721 
14150 14 3.503965 38.367291 3.732582 54.421184 0.605085 41.144403 
14200 13 2.996902 39.751421 3.748614 55.693249 0.827544 40.948552 
14250 13 3.169215 38.592635 3.756708 51.571240 0.690971 77.051731 
14300 13 3.842903 39.175453 3.757224 52.790584 0.841655 97.830642 
14350 12 3.327485 38.351499 3.736983 54.226882 0.749646 72.020026 
14400 14 3.149001 40.359243 3.741221 53.640963 0.910028 74.059246 
14450 13 3.165464 38.778246 3.755578 54.631883 0.581180 44.440288 
14500 13 3.109455 35.870499 3.743996 54.143935 0.697516 49.936370 
14550 13 3.013226 31.399201 3.763420 56.270749 0.540746 46.931336 
14600 13 3.507247 35.162241 3.808317 48.881903 0.689489 73.036472 
14650 13 3.847733 36.815973 3.814996 49.026641 0.644081 85.715100 
14700 13 3.574877 37.517760 3.820243 52.925827 0.624442 82.622982 
14750 13 3.357781 39.082040 3.853196 48.918019 0.736485 50.126345 
14800 12 3.490632 45.419693 3.866942 48.812084 0.719254 65.885273 
14850 13 3.419806 41.770555 3.922037 47.794259 0.684756 37.953106 
14900 13 3.403381 43.261580 3.924170 50.835670 0.612911 64.479174 
14950 13 3.139823 43.267818 3.893766 48.850623 0.710207 79.506250 
15000 12 3.227140 40.564504 3.933531 49.383315 0.600165 46.863866 
15050 13 3.490564 41.610036 3.906650 48.912928 0.575066 40.950844 
15100 13 3.473700 39.772106 3.927279 46.842287 0.621395 43.345379 
15150 13 3.367025 39.449955 3.940967 49.531463 0.627351 49.435754 
15200 13 3.232010 39.992470 3.946203 46.544198 0.721691 31.952455 
15250 13 3.258475 43.642550 3.955818 48.853895 0.776703 38.401045 
15300 13 3.407581 40.404066 3.952514 50.456978 0.614876 29.856965 
15350 14 3.571667 39.067610 3.925911 47.782188 0.674894 50.696073 
15400 13 3.562475 46.011475 3.959857 46.008742 0.687713 42.192223 
15450 13 3.355939 44.766552 3.949361 46.315163 0.783374 87.465926 
15500 13 3.484082 43.158364 3.923337 47.493472 0.790620 54.582074 
15550 13 3.416898 38.815395 3.930897 45.631934 0.765698 52.461683 
15600 13 3.261295 33.960216 3.936186 45.048027 0.683900 43.921812 
15650 13 3.074137 45.189956 3.936757 46.507860 0.698367 39.303619 
15700 12 2.966415 45.213991 3.945767 47.480395 0.625760 30.227306 
15750 13 3.051702 42.294434 3.980088 47.211218 0.593522 39.049034 
15800 13 3.164728 35.725977 4.017391 46.240167 0.738016 54.011130 
15850 13 3.218472 33.592164 3.985113 48.117194 0.647895 46.085985 
15900 13 3.238340 31.667562 3.989636 50.032102 0.609427 25.351658 
15950 13 2.946329 32.956958 4.010506 48.484024 0.740357 47.292490 
16000 13 3.005755 34.267882 3.996866 46.653756 0.780880 69.231633 
16050 13 3.157798 35.548843 3.927043 46.932441 0.710354 49.760145 
16100 13 3.299918 33.306588 3.934986 46.685421 0.715714 67.985097 
16150 13 3.115482 36.570642 3.972390 48.677325 0.656330 34.980337 
16200 13 3.037417 29.108481 3.974212 48.574966 0.669049 70.111518 
16250 13 2.996494 25.205594 4.009737 50.059591 0.671426 44.508186 
16300 14 3.255072 27.216827 3.979836 49.345045 0.638565 38.510982 
16350 14 3.283779 35.034529 3.984790 48.679276 0.747457 33.064510 
16400 13 3.315435 34.192059 4.009410 47.512162 0.812223 66.279448 
16450 13 2.911438 37.017088 3.982929 48.585442 0.700851 38.955639 
16500 13 3.198438 31.031813 4.007903 47.150110 0.642639 51.455415 
16550 13 2.628008 35.690434 3.988930 47.210150 0.686892 56.763240 
16600 13 2.906174 33.552662 4.005019 46.879216 0.594452 78.625446 
16650 13 3.160057 33.404712 4.007755 46.949323 0.652339 35.648802 
16700 12 3.111745 34.585312 3.993835 46.231208 0.692050 39.518225 
16750 12 2.808513 35.238936 3.995329 46.160674 0.639540 69.361404 
16800 13 3.139732 33.276829 4.006577 45.806998 0.570464 81.875627 
16850 14 3.224335 32.734845 4.037710 45.673431 0.668204 57.078867 
16900 13 3.211033 34.274340 4.047532 45.058804 0.720822 51.005344 
16950 13 3.466659 29.161113 4.042392 47.166685 0.564438 60.404242 
17000 13 3.882453 33.713696 4.036657 44.375959 0.762216 79.786542 
17050 13 3.677250 33.171521 4.048912 43.426456 0.837924 81.700101 
17100 13 3.765092 29.676230 3.998322 43.729069 0.712672 118.250653 
17150 13 3.528311 31.196518 3.988507 45.876424 0.656092 74.534380 
17200 14 3.554997 31.100873 3.990168 44.064901 0.578461 89.891195 
17250 13 3.379006 37.450439 3.997681 47.486991 0.705238 90.372989 
17300 13 3.727582 36.145227 3.984253 45.764374 0.700136 94.583163 
17350 13 3.542729 32.492805 3.949815 45.783836 0.779267 63.559220 
17400 13 3.351990 29.139011 3.961346 45.675999 0.746994 54.567356 
17450 13 3.253650 32.069009 3.951120 45.342570 0.636597 63.011475 
17500 13 3.288565 34.954503 3.946689 45.259692 0.753452 84.040902 
17550 13 3.170372 35.112707 3.942097 47.678389 0.686698 130.914721 
17600 13 3.129289 34.323097 3.920185 47.121768 0.871712 63.897596 
17650 13 3.274556 34.165830 3.949872 45.583492 0.684682 35.254241 
17700 13 3.516000 32.709634 3.913538 44.481436 0.572799 55.813625 
17750 13 3.566641 34.825447 3.967664 46.207345 0.664733 54.725417 
17800 13 3.332673 33.946597 3.982912 46.258370 0.720160 77.858039 
17850 13 3.282104 31.487530 3.957243 46.007164 0.686501 66.946541 
17900 13 3.628003 38.201005 3.918795 46.918844 0.791442 53.823646 
17950 13 3.475335 35.764518 3.937121 46.565549 0.840155 52.817581 
18000 13 3.326678 32.135816 3.955679 46.893167 0.726058 58.568395 
18050 13 3.514534 36.161236 3.936365 46.728390 0.806476 42.418863 
18100 12 3.171550 34.528440 3.949316 46.542500 0.646970 82.996189 
18150 13 2.712334 29.828581 3.961550 46.530020 0.691260 85.813902 
18200 13 2.871146 30.490214 3.965766 45.888668 0.590579 39.348095 
18250 13 3.100163 27.163017 3.966973 47.348420 0.652276 55.968882 
18300 13 3.372861 27.346462 3.960920 46.531395 0.831148 64.262551 
18350 14 3.371552 30.108709 3.970020 46.679058 0.594667 76.419541 
18400 13 3.417903 30.109966 3.956280 45.712870 0.905135 43.960233 
18450 13 3.233837 34.286139 3.951209 44.978729 0.590177 47.143303 
18500 14 3.049936 33.572655 3.959376 47.960210 0.710716 38.909148 
18550 13 3.004308 31.353987 3.943194 47.207545 0.711666 59.549860 
18600 12 3.210591 26.795519 3.936453 44.828672 0.633294 60.104511 
18650 13 3.407637 36.468468 3.934835 46.259501 0.720249 50.002352 
18700 13 3.230709 37.008696 3.970261 46.997331 0.743436 60.239026 
18750 13 3.117552 33.935113 3.950689 48.304955 0.737662 52.607427 
18800 14 3.187617 31.894984 3.970467 48.913706 0.629392 33.807147 
18850 13 3.273281 29.187460 3.950723 45.877273 0.675669 44.555718 
18900 13 3.223660 28.970421 3.953305 45.913154 0.653531 42.630583 
18950 14 3.144212 27.476920 3.954607 48.240502 0.796873 83.949772 
19000 13 3.123962 31.131699 3.985384 46.833790 0.595736 51.476809 
19050 13 2.725973 36.882707 4.009897 47.727326 0.608792 60.666877 
19100 13 3.019838 34.510440 4.005139 47.476633 0.634851 119.595728 
19150 13 2.784833 32.578634 4.034249 47.477424 0.750715 68.080680 
19200 13 2.732975 35.870232 4.054214 44.021767 0.680552 48.440765 
19250 13 3.382568 35.405059 4.003758 46.685789 0.652763 122.618505 
19300 12 3.361652 29.121263 4.050866 45.815846 0.648744 94.693787 
19350 13 3.383072 35.965888 4.028764 46.210656 0.808251 46.349526 
19400 13 2.963014 29.805960 3.979797 49.352585 0.701578 53.398712 
19450 13 3.156118 32.776205 4.023396 48.400240 0.613723 60.733866 
19500 13 2.942084 33.129416 4.013228 51.072319 0.675280 56.275110 
19550 12 3.007998 32.536906 4.036636 44.589228 0.796699 45.975704 
19600 14 3.023835 33.526996 4.024393 47.743986 0.792851 53.861892 
19650 13 3.227371 30.207249 4.038363 45.359961 0.628421 82.078039 
19700 13 2.851104 35.918772 4.080253 44.599082 0.607488 76.766268 
19750 13 3.311482 37.081421 4.031550 45.933021 0.575596 58.063308 
19800 13 2.932526 35.634252 4.011168 45.362601 0.733228 79.668966 
19850 13 3.264075 33.192885 4.035242 45.051491 0.607349 40.233579 
19900 13 3.082995 31.989967 4.041197 44.842878 0.669037 36.814897 
19950 13 2.908487 29.237791 4.069698 44.653291 0.727835 68.875508 
20000 13 3.079099 28.216705 4.067243 43.903998 0.675277 46.910403 
20050 13 2.980480 34.011942 4.074209 44.868724 0.731143 68.929458 
20100 14 2.862637 34.428973 4.021168 46.704401 0.639404 44.072658 
20150 13 2.532149 31.887936 4.034819 45.619184 0.703168 57.056113 
20200 13 2.797237 29.778424 4.084175 49.359069 0.678994 51.682387 
20250 13 2.820686 29.642434 4.059372 49.220643 0.777366 66.266467 
20300 12 2.566589 29.269299 4.019604 47.788055 0.680459 40.015199 
20350 13 2.396968 32.489807 4.046531 47.837747 0.568322 52.585417 
20400 13 2.854456 29.732308 4.019338 47.102011 0.752634 67.423456 
20450 13 2.862515 30.078677 4.001874 44.278630 0.636956 80.508816 
20500 15 3.267851 34.590040 3.993412 49.787211 0.621862 50.174117 
20550 13 3.495362 36.663345 3.982893 46.648921 0.668672 54.970508 
20600 13 3.125284 34.029268 3.985392 47.665167 0.687161 43.126173 
20650 13 3.346921 32.014881 3.964888 46.496789 0.735638 62.770613 
20700 13 3.323051 33.778864 3.919897 48.725774 0.608552 32.834309 
20750 13 3.493275 28.600469 3.934511 46.191372 0.734985 87.099594 
20800 13 3.454932 24.622915 3.935401 47.522917 0.625457 59.050748 
20850 13 3.387421 29.335431 3.936811 49.053724 0.714479 48.169880 
20900 13 3.375206 26.780765 3.950851 51.207247 0.714826 37.345190 
20950 13 3.480970 31.201308 3.910772 48.902650 0.630921 28.369015 
21000 13 3.137289 24.107004 3.893630 51.381339 0.572750 46.869167 
21050 13 3.343248 26.184675 3.911788 46.383026 0.675107 38.448923 
21100 14 3.199974 31.169457 3.903146 50.327430 0.725770 52.460109 
21150 14 3.224273 25.681526 3.895999 48.595895 0.686701 96.378873 
21200 13 3.237701 27.699849 3.892277 51.276450 0.542238 55.245416 
21250 14 3.061940 30.036997 3.902990 49.268225 0.809182 66.254926 
21300 13 2.827908 27.550012 3.951994 49.951203 0.704450 63.283194 
21350 13 2.964859 28.496284 3.923317 51.236269 0.793840 45.768724 
21400 13 3.034818 29.592928 3.974923 49.488474 0.618936 44.787409 
21450 13 3.212529 29.018299 3.991347 49.440774 0.705608 29.424731 
21500 13 3.251714 25.489145 3.987887 43.132470 0.730203 50.064760 
21550 13 3.262298 22.970991 3.971360 49.113719 0.666103 36.360568 
21600 13 2.984627 31.121403 3.894787 51.813478 0.698743 53.087334 
21650 13 3.041819 29.396499 3.897242 52.549737 0.713513 42.154220 
21700 12 3.331088 30.844202 3.889611 49.935546 0.562429 34.303954 
21750 13 3.284260 33.396396 3.823376 49.050983 0.556977 54.945140 
21800 13 3.082429 27.093418 3.820857 50.552825 0.733301 82.669192 
21850 13 3.228058 27.740180 3.824007 50.514346 0.660220 43.837231 
21900 14 3.170820 27.101678 3.820978 50.718889 0.652831 71.888270 
21950 13 3.233504 28.530676 3.855747 52.461957 0.592591 66.914390 
22000 12 3.228307 30.945187 3.830584 51.261813 0.641285 61.365437 
22050 13 3.118713 33.712120 3.840218 55.562292 0.632580 65.637494 
22100 13 3.197777 30.534792 3.821971 54.252602 0.651623 57.141664 
22150 14 3.456999 31.066134 3.833473 49.475606 0.847194 93.703573 
22200 13 3.463224 33.164671 3.826308 50.989100 0.783597 58.253928 
22250 13 3.072502 31.710120 3.867343 52.094447 0.679812 74.745913 
22300 13 2.984831 32.957250 3.845508 55.397446 0.644189 87.710084 
22350 13 3.063550 29.011659 3.841620 52.164749 0.708993 117.409674 
22400 13 2.966044 33.261085 3.829924 50.632334 0.778260 51.513613 
22450 14 3.035040 29.644965 3.843821 50.209865 0.769624 63.118568 
22500 13 3.225706 27.651290 3.848508 49.811155 0.688962 37.393853 
22550 12 3.353843 33.727048 3.840600 48.970164 0.631460 57.668974 
22600 13 3.438042 32.477640 3.835218 48.602522 0.680194 52.669184 
22650 13 2.979594 30.738453 3.823935 49.459844 0.731159 64.578774 
22700 13 3.123738 32.753296 3.864850 50.061024 0.822469 63.635237 
22750 13 3.434289 33.502854 3.863127 50.348324 0.770295 56.124756 
22800 13 3.241886 36.356455 3.853747 49.331521 0.582365 50.100430 
22850 14 3.306745 38.028388 3.888256 46.005408 0.633233 34.264575 
22900 14 3.126763 32.660724 3.820269 50.479529 0.715441 48.417211 
22950 13 3.190877 29.135897 3.803078 55.897115 0.652892 65.807530 
23000 13 3.207479 32.551443 3.786685 52.021477 0.558113 43.621085 
23050 13 3.162470 29.403391 3.806592 52.530572 0.867550 69.199301 
23100 13 3.164680 26.653658 3.797205 55.220661 0.582004 62.729483 
23150 14 3.120429 26.799787 3.797659 57.018424 0.661740 58.115848 
23200 12 2.775909 32.583290 3.851623 52.449934 0.794349 64.688199 
23250 13 3.064538 33.009130 3.841192 54.549483 0.702599 38.410231 
23300 13 3.009715 37.658301 3.847534 50.328516 0.808496 47.195359 
23350 13 2.942862 35.647892 3.844098 49.707182 0.714078 54.253408 
23400 13 2.929480 38.142133 3.846856 55.326017 0.724367 36.761434 
23450 13 3.076115 30.618525 3.826324 51.107280 0.849750 75.443298 
23500 13 2.893781 33.933190 3.832633 55.223326 0.543910 67.642355 
23550 13 2.912140 31.991762 3.848027 51.509430 0.629969 60.517953 
23600 14 3.306640 31.646636 3.850951 50.048815 0.607212 95.802669 
23650 13 3.330934 33.479229 3.841426 50.587994 0.734150 63.223347 
23700 13 3.321898 30.857995 3.807089 48.915846 0.651241 44.981708 
23750 14 3.107521 34.414273 3.781435 53.126117 0.720458 53.817302 
23800 14 3.034079 28.660558 3.754573 51.271943 0.720879 82.189061 
23850 13 3.164775 31.049486 3.787409 50.811923 0.651348 47.276413 
23900 14 3.219930 29.576091 3.779797 51.005809 0.752500 29.539499 
23950 12 3.503898 26.767118 3.749527 52.395084 0.794024 55.975350 
24000 13 3.285785 21.402111 3.775840 48.331964 0.674207 71.808820 
24050 13 3.168453 26.005026 3.821126 50.420295 0.627489 81.364751 
24100 14 3.200552 29.368128 3.801686 51.722770 0.635815 66.809533 
24150 13 3.327860 25.575278 3.785299 51.918292 0.835589 33.646187 
24200 13 3.669156 29.517172 3.791946 48.297756 0.591139 42.236010 
24250 13 3.024749 27.987709 3.772051 49.005141 0.666277 39.221804 
24300 14 2.809325 26.325075 3.818014 49.049026 0.615596 51.932307 
24350 13 2.760528 27.090416 3.833828 51.911307 0.712722 82.571323 
24400 13 3.037397 27.738219 3.916071 50.369377 0.702057 91.373133 
24450 13 2.978614 33.860907 3.942804 50.627323 0.708906 72.269003 
24500 13 2.862896 29.245826 3.923871 50.393223 0.839377 74.290643 
24550 13 3.111477 32.615176 3.912034 49.089979 0.635295 62.520737 
24600 14 3.052804 31.379844 3.956234 48.568082 0.805117 34.594537 
24650 13 3.047825 32.076495 3.912833 48.722413 0.706250 26.093676 
24700 13 3.114299 32.044962 3.925800 47.896709 0.711084 32.042555 
24750 13 3.214738 31.906714 3.921693 44.683390 0.574468 46.625855 
24800 14 3.209186 38.735425 3.967736 45.450985 0.738112 52.669485 
24850 14 3.172961 36.427986 3.981705 50.151450 0.756415 96.939185 
24900 13 2.942814 35.064411 3.993778 48.993501 0.913765 67.628061 
24950 13 3.171039 37.026983 4.021781 47.732674 0.703546 41.174514 
25000 13 3.191748 32.485818 4.051585 47.049577 0.675622 42.797767 
25050 14 3.300123 29.025826 4.057955 46.829237 0.701296 60.441181 
25100 13 3.190444 36.433950 4.101955 48.805752 0.756972 91.540519 
25150 13 3.659531 40.128902 4.081686 42.790888 0.656197 43.587316 
25200 13 3.538181 33.640301 4.071090 42.301324 0.798594 83.133660 
25250 13 3.445115 40.016585 4.089862 43.899158 0.596718 58.345431 
25300 13 3.069336 34.877123 4.041176 49.604040 0.525778 58.245592 
25350 13 3.159626 31.861439 4.023915 47.733227 0.689043 54.226952 
25400 14 2.993416 32.166530 4.013601 47.736945 0.725637 82.014912 
25450 13 3.367845 33.306114 3.989275 49.079979 0.669890 78.245869 
25500 13 3.225875 34.075486 3.984778 46.188157 0.663672 32.934722 
25550 13 3.321798 30.639585 4.082516 43.027366 0.749478 82.694488 
25600 14 3.399577 33.034924 4.081026 45.153219 0.775319 70.479725 
25650 13 3.544990 33.007727 4.019181 43.887748 0.598851 68.130804 
25700 13 3.156188 33.139919 4.018789 48.834526 0.657647 50.333340 
25750 13 3.051705 25.249513 4.058442 46.884080 0.644263 69.179458 
25800 13 2.953595 32.769941 4.044671 46.400897 0.770182 47.147511 
25850 13 3.250898 22.882154 4.063096 45.454723 0.714288 46.932446 
25900 13 3.173556 28.554212 4.059039 46.325213 0.738686 64.329074 
25950 13 3.126455 29.817179 4.053801 46.490802 0.683413 42.903833 
26000 13 3.145878 31.250303 4.035914 48.326103 0.698913 71.121574 
26050 13 3.011521 27.677368 4.003743 48.394169 0.600973 50.858709 
26100 13 2.967338 28.736216 3.974263 49.239891 0.738474 58.137688 
26150 14 2.620869 29.047249 3.969309 47.859257 0.593496 52.820772 
26200 14 2.647540 29.170592 3.992527 49.731912 0.746870 35.134381 
26250 13 3.088353 29.906926 3.976814 49.395978 0.672547 36.054727 
26300 12 3.221690 29.198688 4.011492 46.286009 0.734701 30.786620 
26350 12 3.257339 25.318123 4.014855 45.366842 0.672665 69.057036 
26400 13 3.162512 27.164605 4.033687 46.922186 0.676255 56.882638 
26450 13 3.014708 29.252158 4.030691 45.346558 0.608697 45.360953 
26500 14 3.205267 29.914349 4.014850 46.360097 0.540306 46.448084 
26550 13 3.313735 29.556209 4.022150 46.023174 0.574526 41.947368 
26600 12 3.240284 27.518105 3.976718 47.036327 0.762174 58.886866 
26650 13 3.487457 33.507725 3.936091 47.228922 0.685460 77.190478 
26700 13 3.172503 26.677618 3.937769 47.463769 0.715976 60.076900 
26750 13 3.209383 30.898664 3.961852 47.144687 0.741363 47.379704 
26800 13 3.046615 27.444300 3.972736 48.146330 0.729373 82.461453 
26850 13 3.122713 32.284521 4.001775 48.680423 0.614794 50.561980 
26900 13 2.964080 25.479690 4.042724 49.731057 0.703259 81.290100 
26950 13 3.107616 28.969559 4.089794 49.814164 0.853045 129.024941 
27000 14 3.051085 21.691987 4.075448 49.854071 0.671549 60.312156 
27050 12 2.924699 26.299516 4.047555 46.209585 0.643420 51.101475 
27100 13 3.004068 26.209752 4.024413 46.829049 0.628537 86.052301 
27150 12 2.949848 24.560397 4.011981 48.971029 0.811598 69.423767 
27200 13 3.038408 29.318734 4.009429 51.450528 0.583094 63.420528 
27250 13 3.268571 25.908807 4.007532 47.097846 0.722963 78.540644 
27300 13 2.917437 32.843613 4.014047 46.342479 0.790604 45.700516 
27350 13 2.902189 26.221280 4.022628 48.331058 0.777611 49.760826 
27400 13 2.914625 36.095540 4.006624 48.258035 0.666692 73.069312 
27450 12 3.225222 30.921898 3.970219 47.993206 0.723211 68.009674 
27500 13 3.098912 32.975558 4.005099 46.010438 0.753733 91.357037 
27550 13 3.111624 31.729666 4.000803 47.288683 0.566037 59.545719 
27600 12 3.179553 29.880446 4.005114 45.199068 0.681104 36.868843 
27650 13 3.172222 33.980470 3.986606 46.781073 0.656881 77.099233 
27700 12 3.025540 31.115823 4.004284 48.175115 0.713034 45.771546 
27750 13 3.468919 34.651288 3.992602 47.722916 0.683564 60.132290 
27800 13 3.274813 33.419047 3.975821 47.517154 0.782775 42.773342 
27850 13 3.224331 35.407368 3.964067 46.748089 0.695751 49.742873 
27900 14 3.460845 39.782248 3.970457 46.790905 0.671331 40.092962 
27950 13 3.807335 36.268733 3.982985 46.727480 0.568601 65.012772 
28000 13 3.760709 40.015100 4.013548 46.771097 0.610630 44.029599 
28050 13 3.555318 40.942210 4.045144 46.435129 0.662857 80.101749 
28100 13 3.417871 36.503640 4.029497 47.451371 0.677363 45.042688 
28150 13 3.298230 40.081768 4.052915 45.444165 0.808857 48.588742 
28200 13 3.319785 35.708983 4.008452 45.906730 0.503332 33.243378 
28250 13 3.525440 34.643114 4.048370 43.647054 0.906499 35.904809 
28300 13 3.779151 37.789096 4.038449 46.123788 0.655305 50.075474 
28350 13 3.578948 33.998168 4.063303 44.967496 0.580637 56.602696 
28400 13 3.665629 37.749221 4.077980 46.049777 0.687657 50.080139 
28450 13 3.416344 41.163358 4.063990 45.315976 0.696703 39.502169 
28500 13 3.015943 41.564017 4.061312 44.538583 0.863118 51.105139 
28550 13 2.635641 37.515675 4.061308 44.474052 0.617570 26.270353 
28600 13 2.874350 31.254218 4.056352 44.750382 0.612341 64.411249 
28650 13 3.369342 35.130555 4.048219 44.917943 0.755095 52.155027 
28700 13 3.206567 39.601346 4.060626 45.103993 0.665777 67.601255 
28750 14 3.633841 38.565477 4.087641 43.704760 0.747595 32.725183 
28800 13 3.307658 38.724624 4.049740 45.925229 0.619932 37.643953 
28850 13 3.692178 34.963122 4.019983 43.706885 0.728098 35.801244 
28900 13 3.466053 34.257290 4.001607 45.973130 0.798662 45.229678 
28950 12 3.730936 30.764537 3.969623 43.362290 0.753283 112.415505 
29000 12 3.493468 34.999040 3.983089 46.107117 0.814939 50.495958 
29050 13 3.222419 34.539700 3.978454 46.521549 0.585388 60.012787 
29100 13 3.199638 34.154462 3.972803 46.503039 0.680963 30.371935 
29150 13 2.843290 31.910617 3.968605 46.306763 0.808645 42.400215 
29200 12 2.920994 30.699270 3.960332 46.945168 0.627593 20.038117 
29250 13 3.197287 29.594441 3.963305 46.463968 0.637166 39.408261 
29300 13 3.118802 27.990834 3.957543 47.767543 0.537172 37.446680 
29350 13 2.790840 23.859380 3.970292 46.645922 0.784382 61.424858 
29400 13 3.032261 29.602486 3.930124 47.626691 0.665220 62.748613 
29450 13 2.937298 25.522391 3.929712 47.710386 0.671560 40.983828 
29500 14 3.109321 28.049141 3.929056 43.588947 0.712160 36.066037 
29550 14 2.749069 25.006062 3.937069 45.816154 0.679017 44.246790 
29600 15 2.597569 30.754333 3.950872 46.818518 0.655776 41.875868 
29650 13 2.776371 24.950966 3.964204 48.289743 0.596585 46.711001 
29700 13 2.865428 16.642617 3.933713 52.137007 0.804606 86.243794 
29750 12 3.384418 16.718242 3.930276 48.779486 0.694061 59.596440 
29800 13 3.189166 23.832922 3.908525 50.139039 0.589221 67.539524 
29850 12 3.240572 24.061767 3.890432 50.554488 0.793237 67.092469 
29900 14 3.342833 22.427532 3.910252 47.455308 0.660845 57.447143 
29950 13 3.280317 17.712760 3.926379 48.183784 0.711559 80.829638 
30000 13 3.507668 22.847065 3.955257 45.578393 0.619082 48.035103 
30050 13 3.253600 28.959712 3.977618 48.349474 0.745548 53.406515 
30100 13 3.297584 20.991201 3.976195 47.524343 0.627589 53.188997 
30150 13 2.992121 24.824058 3.925547 47.366946 0.768633 52.252566 
30200 15 2.928208 22.407092 3.960924 51.148015 0.903142 86.612765 
30250 13 2.992490 29.607766 3.911093 50.095259 0.685024 84.319904 
30300 13 3.082004 25.168667 3.890926 53.829202 0.749719 73.518260 
30350 13 3.123123 26.390603 3.907839 47.816733 0.578929 50.281084 
30400 13 3.092106 21.506027 3.841767 50.574834 0.603384 69.360504 
30450 14 3.087235 23.067971 3.843724 50.544423 0.655973 55.602912 
30500 14 3.065487 17.546774 3.822289 50.496961 0.615853 62.130613 
30550 13 3.079028 22.206751 3.811342 49.791663 0.690933 49.737686 
30600 13 2.974221 21.088144 3.811376 50.191255 0.749047 27.594421 
30650 14 3.320853 24.004964 3.811866 47.636638 0.600450 26.170604 
30700 14 3.503402 28.729052 3.819703 48.958958 0.808945 74.171720 
30750 13 3.288044 26.420954 3.828395 49.081305 0.747127 63.079007 
30800 13 3.431123 21.011583 3.845381 50.166666 0.780511 35.840798 
30850 12 3.613680 25.133608 3.863155 46.851970 0.632056 74.741858 
30900 13 3.388367 24.982467 3.851156 47.288878 0.748128 31.225042 
30950 13 3.722292 29.413888 3.803526 50.092722 0.657329 26.815397 
31000 13 3.040183 30.435732 3.814549 46.707427 0.608838 45.916747 
31050 12 3.208002 29.417269 3.808117 50.199216 0.766350 36.167744 
31100 13 3.024215 33.215928 3.853744 52.269910 0.644918 40.270729 
31150 15 3.100974 31.614894 3.858468 48.123483 0.561297 63.718786 
31200 13 3.474995 33.110034 3.865566 48.291947 0.810280 43.986711 
31250 12 3.356004 35.406801 3.882974 49.140217 0.712470 49.262405 
31300 13 3.478600 30.776001 3.915778 48.879907 0.672734 70.647788 
31350 13 3.271226 31.486136 3.880288 49.010080 0.628714 67.062473 
31400 13 3.025599 19.937624 3.866714 51.086652 0.752207 52.075600 
31450 13 2.989608 27.441538 3.880012 55.435875 0.704759 66.641238 
31500 13 3.025364 26.739735 3.888015 53.035365 0.552148 71.390458 
31550 13 2.814965 24.335587 3.926703 51.314484 0.694469 75.862940 
31600 13 3.125960 27.311381 3.917647 52.317542 0.581013 75.120102 
31650 13 2.911094 22.809339 3.871969 52.251041 0.743368 42.777775 
31700 13 3.057415 24.734303 3.882135 53.340336 0.698785 40.654751 
31750 14 3.302681 25.956173 3.908626 47.423487 0.649819 68.075559 
31800 13 3.065094 28.356276 3.881875 49.872819 0.798635 40.693517 
31850 13 3.135236 29.046732 3.899570 48.653502 0.664866 79.244281 
31900 14 2.889607 33.037230 3.863968 52.724523 0.736683 43.630983 
31950 12 3.094343 29.892386 3.862653 52.315350 0.652694 71.172570 
32000 13 3.092238 22.343940 3.917006 48.951855 0.726441 68.377089 
32050 13 3.199191 21.446288 3.904342 51.425849 0.637128 48.221131 
32100 13 2.798864 25.304473 3.900936 52.333595 0.532573 42.603214 
32150 13 3.008195 26.546193 3.899560 50.616356 0.646668 96.011421 
32200 13 3.043798 28.127725 3.925450 49.286460 0.698625 48.188878 
32250 13 3.147453 28.435618 3.974720 48.740466 0.725854 64.480615 
32300 13 2.906605 29.108129 3.934749 48.367280 0.542038 44.693987 
32350 13 3.046992 26.944150 3.980292 46.791700 0.630388 61.310354 
32400 13 3.131186 28.423023 3.910049 49.170903 0.592508 67.396645 
32450 13 2.799757 23.667489 3.943538 47.416552 0.687406 88.507031 
32500 13 3.355806 28.848881 3.940735 47.784634 0.663605 98.129828 
32550 13 3.132865 30.090998 3.945071 47.179950 0.589183 42.437788 
32600 13 3.362856 35.253778 3.954265 48.478730 0.581188 37.882240 
32650 13 2.992436 34.206059 3.961862 48.754764 0.663361 24.682486 
32700 13 3.126905 25.445344 3.937903 47.207994 0.692695 50.049736 
32750 13 3.435248 27.219070 3.942752 49.007215 0.755572 60.087782 
32800 13 3.284607 27.540341 3.972177 48.555009 0.594652 31.375672 
32850 13 3.035312 29.494253 3.981001 48.091561 0.771680 74.018009 
32900 13 3.335921 25.390235 3.991927 47.527678 0.699407 102.096162 
32950 13 3.142571 27.536072 3.980151 45.989312 0.803840 70.505603 
33000 13 3.294529 22.368900 3.989630 46.859893 0.794153 96.847644 
33050 13 3.380487 23.382665 3.971873 47.346652 0.651794 56.127160 
33100 13 3.048780 23.967321 3.931930 46.242650 0.714461 55.173174 
33150 13 3.345254 24.577813 3.939610 49.834464 0.568055 36.118986 
33200 13 3.155090 22.638831 4.036242 45.848704 0.535118 43.742218 
33250 14 3.462315 22.472736 4.064706 44.019335 0.550261 61.022644 
33300 13 3.262837 25.701891 4.004728 49.202736 0.720554 42.569594 
33350 14 3.440187 26.921776 3.987809 48.971834 0.749921 61.489327 
33400 13 3.388804 30.477477 4.008901 48.147627 0.662161 93.771708 
33450 13 3.326035 32.671978 4.034249 47.014930 0.626249 70.381554 
33500 13 3.369070 30.715040 4.033083 45.061636 0.599205 53.620235 
33550 13 3.197904 30.864589 4.011263 51.744222 0.845999 43.665674 
33600 13 3.094893 29.972978 4.065994 46.842625 0.580058 65.437528 
33650 12 2.647492 27.740522 4.059619 49.837289 0.662515 83.233237 
33700 13 3.032561 29.695021 3.977519 47.807029 0.734577 47.989660 
33750 14 3.151812 28.896300 3.923661 50.693676 0.709659 83.936918 
33800 14 3.404320 29.669728 3.974406 51.459804 0.674695 29.564575 
33850 13 3.068656 28.460469 3.977680 49.328832 0.736476 36.262756 
33900 13 2.913753 28.072711 3.977649 49.624258 0.585864 43.376554 
33950 13 2.855068 28.278087 3.980885 52.622033 0.777363 46.729401 
34000 12 3.087861 29.290208 3.968500 49.014024 0.686118 68.516702 
34050 13 3.019793 33.269594 3.954710 49.081067 0.650788 75.616389 
34100 13 3.007750 30.642717 3.978298 49.107545 0.765466 74.948847 
34150 13 2.918329 28.876775 3.949843 50.595435 0.748210 49.836017 
34200 12 2.911132 23.962089 3.893783 49.728120 0.722162 26.588256 
34250 13 3.014393 27.046829 3.923548 51.323088 0.623540 20.772995 
34300 13 2.902794 28.887577 3.904439 52.045186 0.803792 63.799576 
34350 13 2.912099 26.204421 3.918040 54.002456 0.654909 76.797764 
34400 13 3.111565 28.987790 3.919417 47.906794 0.847034 69.045578 
34450 13 3.096717 34.294921 3.940143 51.156836 0.743199 66.350715 
34500 13 3.335128 27.278057 3.969747 47.995552 0.594159 61.020941 
34550 13 3.454813 31.236481 4.014556 45.328484 0.738226 64.829026 
34600 13 3.124678 26.903451 3.976811 47.537846 0.643424 135.435859 
34650 13 2.952926 25.617980 4.024206 48.599082 0.613378 64.477069 
34700 13 2.795472 21.828452 4.059307 47.691872 0.607604 43.847739 
34750 13 2.924912 20.364418 4.015361 48.898249 0.785175 64.672610 
34800 13 2.720923 19.208218 4.013988 48.827496 0.657862 67.863424 
34850 13 2.584673 19.830969 3.994574 50.149043 0.630805 63.279917 
34900 14 2.878883 22.775485 4.007133 50.414710 0.753365 65.802824 
34950 13 2.715059 24.328104 3.968409 50.403758 0.729024 54.438624 
35000 13 2.973243 20.374995 3.966414 50.334426 0.719504 61.886991 
35050 14 3.240464 24.617076 3.992793 47.091215 0.632739 66.802697 
35100 13 3.208265 29.737127 4.017038 49.292873 0.712764 39.026476 
35150 13 3.160489 24.459469 4.004114 46.920813 0.631605 38.042157 
35200 13 3.134867 26.970498 3.961773 46.525042 0.808191 54.779816 
35250 13 3.097853 23.436912 3.991346 50.100308 0.832735 43.527314 
35300 14 2.996471 26.770938 4.018569 46.299231 0.748864 39.810242 
35350 13 3.268270 26.603040 4.001404 47.038141 0.625628 98.210025 
35400 13 3.279456 28.511094 3.992722 47.670418 0.663423 111.634859 
35450 13 3.647681 26.692920 4.014849 48.638306 0.679516 39.990986 
35500 12 3.288502 24.722816 3.997019 43.321860 0.718940 49.147745 
35550 12 3.298375 25.294375 4.003023 45.799961 0.741531 47.307457 
35600 13 3.048563 23.702087 4.041015 46.323422 0.629025 36.347700 
35650 13 2.964006 19.497092 4.036864 47.451970 0.641241 55.734269 
35700 13 2.616027 22.111868 4.007314 46.350489 0.612876 46.191592 
35750 12 3.049424 19.812471 3.980513 45.821322 0.546029 36.746473 
35800 13 3.160768 20.422024 4.018637 45.971470 0.697927 40.196890 
35850 14 3.214070 29.195839 4.026184 46.469378 0.564045 51.329784 
35900 14 3.181000 26.978160 3.969431 45.092308 0.689060 78.985035 
35950 12 3.105014 28.693973 3.957444 46.476342 0.618867 35.275496 
36000 13 3.099796 29.190163 3.959400 47.415469 0.592205 46.282760 
36050 13 2.979509 29.493546 3.942046 49.860457 0.612382 40.914956 
36100 13 3.094317 28.883332 3.982481 48.299325 0.692868 42.813886 
36150 13 2.949901 24.402667 3.990379 48.103629 0.893963 74.376825 
36200 13 3.096166 32.950235 4.002820 44.745421 0.700347 52.518902 
36250 13 2.934012 29.703609 3.984985 48.954833 0.664703 58.801030 
36300 13 3.358849 31.255132 3.965936 48.108805 0.801505 41.641199 
36350 13 3.255186 27.734478 3.983507 48.429198 0.828884 48.112160 
36400 13 2.843624 26.517477 4.008425 45.992862 0.650287 34.233356 
36450 13 3.309782 23.687143 3.976715 45.091963 0.754594 74.185951 
36500 12 2.562364 23.106419 3.957873 50.511505 0.633923 58.493738 
36550 13 2.581118 25.264055 3.945018 53.181186 0.690519 51.287328 
36600 13 2.577147 32.137501 3.905058 49.640035 0.630293 60.824257 
36650 13 2.725119 28.817488 3.938364 49.737728 0.809648 76.826952 
36700 14 2.881044 29.160835 3.903185 47.379626 0.866086 46.901334 
36750 13 2.661702 27.977724 3.850820 48.028550 0.593143 73.439740 
36800 14 2.611782 32.462160 3.876235 48.631404 0.726076 53.756842 
36850 14 2.427820 31.491059 3.836053 53.975548 0.715270 113.032587 
36900 12 2.398398 34.476036 3.777935 53.139566 0.692404 86.110497 
36950 14 2.697441 33.420690 3.785737 53.224989 0.750793 43.327589 
37000 13 2.819246 29.540277 3.768133 54.548715 0.669726 35.098714 
37050 13 2.927194 33.946411 3.807765 53.730977 0.533670 56.608008 
37100 13 3.032206 33.421556 3.828667 48.527743 0.605973 36.610802 
37150 14 3.438922 34.015289 3.831580 47.086582 0.769729 30.750660 
37200 13 3.798866 29.083389 3.840903 48.022230 0.570240 37.221428 
37250 13 3.464906 32.142094 3.844093 48.239465 0.683470 67.049493 
37300 13 3.234239 41.726127 3.852912 46.652305 0.721825 66.989822 
37350 13 3.484495 42.838413 3.863594 48.249455 0.777210 94.291172 
37400 13 3.614311 37.090285 3.901090 47.839538 0.633282 37.452520 
37450 13 3.210079 36.939857 3.894487 49.791306 0.735185 65.792168 
37500 14 3.162536 36.625901 3.863711 50.971166 0.536870 86.641226 
37550 13 3.273339 36.994831 3.855109 48.649697 0.789071 71.936712 
37600 13 3.071272 39.460085 3.890243 48.239959 0.520457 67.735484 
37650 12 2.916384 39.106951 3.896433 49.792171 0.653167 79.350829 
37700 13 2.681880 38.793162 3.988037 52.991629 0.730699 58.630362 
37750 13 3.133421 39.674476 3.963404 46.254868 0.790812 85.593957 
37800 13 2.911492 34.120709 3.897751 51.234425 0.587453 75.771118 
37850 13 3.387589 36.074749 3.933792 46.174489 0.634628 92.097547 
37900 13 3.538416 33.854410 3.938781 48.704671 0.730589 46.723495 
37950 12 3.329800 37.149463 3.912891 46.447406 0.696373 78.619670 
38000 14 3.090517 38.355430 3.916207 47.547928 0.643869 45.114357 
38050 13 2.950457 42.541766 3.874080 51.385599 0.689650 37.585814 
38100 13 2.758962 38.923737 3.902069 51.465942 0.684358 40.538512 
38150 13 2.652804 41.314150 3.900327 51.107903 0.712889 43.362055 
38200 13 2.882118 42.114599 3.936464 51.448922 0.774141 50.158671 
38250 13 3.237846 42.236580 3.929976 45.465654 0.777239 55.061341 
38300 13 2.806216 37.579660 3.912564 46.820382 0.689473 64.214863 
38350 12 3.389105 41.685267 3.922970 49.614356 0.654006 47.153005 
38400 13 2.608108 33.842066 3.906434 51.628619 0.633502 50.004949 
38450 12 2.868395 28.197860 3.907481 48.673993 0.626276 63.327187 
38500 13 2.998498 34.395431 3.908572 47.637941 0.569015 54.241272 
38550 14 3.228319 29.932708 3.823961 46.839239 0.760627 43.953880 
38600 14 3.472047 32.888251 3.831892 47.541071 0.607480 36.791485 
38650 13 3.345026 30.820444 3.843674 46.809350 0.578806 62.088427 
38700 12 3.255890 30.720134 3.835686 49.085705 0.692767 90.957230 
38750 13 3.116737 35.488263 3.826449 50.989850 0.698726 32.801253 
38800 13 3.060017 27.758860 3.860382 51.782376 0.768435 54.265734 
38850 13 3.252950 30.155573 3.811733 52.564862 0.607313 64.437560 
38900 13 3.402209 27.963086 3.800942 53.020060 0.592884 66.827842 
38950 13 3.101016 29.667748 3.828016 52.594655 0.603571 75.016522 
39000 13 3.073860 28.396620 3.847141 52.021017 0.680231 65.245296 
39050 13 3.273754 25.662261 3.808887 54.505223 0.866893 93.572828 
39100 14 3.019826 31.313056 3.770775 52.016146 0.767620 77.160591 
39150 13 2.925833 32.278959 3.818605 52.234215 0.625997 55.689709 
39200 13 3.228447 31.015771 3.838034 48.432886 0.705651 71.888526 
39250 14 3.261045 29.228223 3.859366 50.507252 0.787844 90.968536 
39300 13 3.266852 31.808815 3.791265 49.976245 0.686515 67.640173 
39350 13 3.051702 28.619726 3.833669 47.881542 0.723161 54.952332 
39400 14 3.146733 28.664590 3.847554 51.619469 0.734586 78.644491 
39450 13 2.874430 29.808798 3.869736 49.891729 0.627655 56.920604 
39500 13 2.809754 27.462411 3.888154 51.129683 0.766792 61.506786 
39550 13 2.905812 28.507484 3.866991 49.560991 0.555569 73.237699 
39600 13 2.684603 33.807428 3.853455 51.404946 0.505811 71.891948 
39650 14 2.640507 27.399612 3.838941 50.405628 0.638020 30.637106 
39700 14 2.667550 28.405704 3.827892 55.335356 0.698390 78.553617 
39750 13 2.712935 26.473513 3.801239 53.425813 0.646097 62.957862 
39800 13 2.672145 28.065261 3.785435 54.107714 0.718683 41.614392 
39850 13 2.562380 36.542477 3.777800 55.834154 0.728957 72.135631 
39900 12 3.088860 28.026124 3.817364 50.824165 0.768780 87.072621 
39950 13 3.439615 28.769928 3.791884 46.100009 0.594777 45.295678 
40000 12 3.541371 33.368528 3.867799 48.585402 0.618890 61.723107 
40050 13 3.553437 31.648180 3.856082 49.733128 0.753366 40.381896 
40100 13 3.150200 31.684802 3.876724 48.005706 0.518188 57.745995 
40150 13 3.256363 33.485153 3.875915 50.081030 0.699863 30.895265 
40200 13 3.486328 29.958365 3.847973 48.705276 0.759683 21.583382 
40250 13 3.481675 31.115454 3.869050 48.147369 0.824275 49.908459 
40300 13 3.398666 31.800816 3.861525 51.823809 0.644343 42.542899 
40350 12 3.091757 31.256206 3.864319 47.259980 0.567453 33.528003 
40400 14 3.108394 28.228382 3.824485 50.964667 0.617151 29.138627 
40450 13 2.742464 26.851537 3.812195 55.463012 0.655184 38.611097 
40500 13 3.292972 24.891175 3.785751 54.256368 0.615422 52.106121 
40550 13 2.819127 27.221609 3.772611 53.729672 0.681532 66.516632 
40600 13 2.962120 27.086722 3.783421 54.367363 0.719517 53.829552 
40650 13 2.694422 28.774414 3.777603 57.448242 0.849167 102.980924 
40700 14 2.677610 29.599459 3.772921 55.985660 0.727731 69.595340 
40750 13 2.817471 26.877745 3.771041 57.448066 0.682117 54.644347 
40800 12 2.866085 30.138963 3.799174 52.738466 0.621844 56.218402 
40850 13 3.134505 30.129264 3.777739 54.335957 0.685238 48.903249 
40900 13 3.326001 35.883501 3.827679 52.836604 0.567553 48.159552 
40950 13 3.394382 35.788307 3.823741 48.182157 0.581669 57.871659 
41000 13 3.344039 32.900509 3.872327 46.314705 0.723523 55.751628 
41050 13 3.732402 32.496111 3.888203 47.687557 0.836270 84.652045 
41100 13 3.299674 31.959081 3.869856 49.691047 0.635002 61.616220 
41150 14 2.786132 33.374735 3.900724 50.142255 0.633995 43.589959 
41200 13 3.092637 31.135924 3.908528 47.912563 0.688926 41.414690 
41250 13 3.099632 29.534120 3.930273 46.702733 0.727268 60.076177 
41300 13 2.890147 31.353857 3.912765 49.467276 0.639660 52.351714 
41350 13 3.159870 28.503259 3.931928 47.808738 0.598604 60.804014 
41400 12 2.932563 33.227034 3.916370 48.992187 0.648944 38.591709 
41450 13 2.838944 35.418025 3.949747 45.281800 0.689210 58.710298 
41500 13 2.485218 28.836198 3.902124 52.619802 0.685333 98.888904 
41550 13 3.302889 26.349397 3.922557 50.386091 0.770561 53.222169 
41600 13 3.208361 26.198774 3.939335 49.171442 0.785434 55.459519 
41650 13 3.048079 33.114894 3.972322 47.652361 0.664098 30.513373 
41700 13 3.427686 28.088263 3.977207 47.159254 0.834481 39.576096 
41750 13 3.423810 24.857980 3.977005 46.406099 0.899402 66.681904 
41800 13 3.210550 30.866505 3.941272 48.379133 0.747278 42.583116 
41850 13 3.569528 31.030868 3.984096 46.557831 0.688545 39.467680 
41900 13 3.788939 32.223670 3.961562 44.680333 0.601791 39.363588 
41950 12 3.392170 33.379169 3.958909 49.358945 0.543155 35.421545 
42000 13 3.175558 29.944253 3.966013 49.676292 0.539312 73.571552 
42050 13 3.376759 32.014730 3.939511 49.461726 0.620562 56.989996 
42100 13 3.429323 31.502507 3.982234 48.650352 0.655322 88.316778 
42150 13 3.526569 31.150291 3.902815 50.189688 0.754954 52.364958 
42200 14 3.524144 31.107886 3.912177 46.059161 0.677497 37.049463 
42250 13 3.523002 30.258789 3.892193 45.744805 0.643343 52.867577 
42300 13 3.521678 33.180031 3.916748 48.341311 0.650153 63.075531 
42350 12 3.144888 32.182656 3.907538 46.834250 0.656431 86.555207 
42400 13 3.242273 34.563495 3.886435 48.785234 0.560303 46.895741 
42450 13 3.296882 36.616858 3.897905 46.610387 0.761934 44.624834 
42500 13 3.546768 37.711227 3.862240 50.072631 0.578257 51.890069 
42550 13 3.855706 35.085323 3.924692 43.393185 0.726545 45.869318 
42600 14 4.001104 32.353572 3.925505 45.357100 0.826596 45.645826 
42650 12 3.724016 33.649832 3.965137 47.736522 0.711709 57.351305 
42700 13 3.481999 39.757659 3.960055 51.838325 0.713819 54.935776 
42750 14 3.284885 38.759177 3.993529 49.052722 0.821508 61.686514 
42800 13 3.092562 37.448321 3.989061 47.597112 0.598637 103.957392 
42850 13 3.379729 33.388182 3.992831 45.456356 0.775391 52.338649 
42900 13 3.804658 30.724309 3.968954 46.012962 0.721629 82.683966 
42950 14 3.048133 31.223008 3.960086 49.576379 0.686467 43.252307 
43000 12 2.925295 33.644046 3.947408 49.891931 0.752052 73.433509 
43050 13 3.142063 32.371722 3.947342 50.545067 0.826519 74.303409 
43100 13 3.048937 26.189746 3.929735 52.538356 0.709658 84.418701 
43150 13 3.602335 25.362643 3.919241 51.423986 0.718532 43.591735 
43200 13 3.205844 33.363536 3.953469 49.492692 0.804783 35.577116 
43250 14 3.294690 29.284638 3.950610 46.934395 0.729187 63.983705 
43300 13 3.697332 31.974493 3.982686 46.879846 0.687114 101.595413 
43350 13 3.296997 28.096825 3.942162 50.929586 0.674403 52.381932 
43400 13 2.845259 28.392503 3.935398 47.156439 0.557364 47.221592 
43450 13 2.973225 34.126948 3.923754 50.958778 0.717645 55.700818 
43500 12 2.955917 25.617208 3.904013 50.024734 0.714004 61.497435 
43550 13 3.392883 31.390181 3.916740 46.818315 0.833805 60.336064 
43600 13 3.167895 31.184864 3.864391 51.869200 0.642119 71.993341 
43650 13 3.136238 31.225213 3.830450 54.260517 0.717398 45.982514 
43700 13 3.503193 34.171865 3.812130 47.980998 0.679842 49.964912 
43750 13 3.384935 36.627020 3.778022 50.333773 0.719016 65.216187 
43800 13 3.699918 33.073784 3.747947 51.901339 0.765962 53.794933 
43850 13 3.333460 33.489123 3.725561 49.906023 0.793050 59.318591 
43900 13 3.318054 32.800270 3.727945 51.204190 0.549992 72.671478 
43950 13 3.257108 40.676891 3.745456 52.502705 0.695599 39.606325 
44000 14 3.256305 31.845078 3.732753 53.994072 0.745340 41.737119 
44050 13 3.354355 33.591963 3.703110 53.647045 0.590814 34.741429 
44100 14 3.447111 29.207527 3.683015 56.412517 0.794437 33.395615 
44150 13 3.142364 27.987185 3.705080 53.713031 0.785176 42.584493 
44200 13 3.122585 32.186719 3.695567 55.603013 0.581848 34.289618 
44250 13 3.050269 34.482122 3.694229 54.375918 0.723486 20.961844 
44300 12 2.982206 33.057418 3.613904 54.975306 0.754897 30.538943 
44350 12 3.183845 28.301017 3.634973 55.060652 0.669526 40.816317 
44400 13 3.086086 30.411441 3.629323 54.984944 0.609045 61.847496 
44450 13 3.055038 35.583531 3.632417 55.882605 0.658895 91.622785 
44500 13 3.213471 34.507298 3.648444 53.362068 0.673838 111.758609 
44550 13 3.496285 35.922264 3.637127 54.940201 0.620767 61.186801 
44600 12 3.186739 36.893876 3.649056 54.048899 0.693884 28.026509 
44650 13 3.319065 31.449890 3.680699 51.614659 0.674144 29.132757 
44700 14 2.916144 26.556588 3.656405 57.111786 0.654994 34.815050 
44750 13 3.049996 33.608237 3.643914 59.206937 0.756581 28.278169 
44800 13 2.838798 23.533093 3.612897 63.038816 0.624924 32.665068 
44850 13 2.674395 22.536459 3.566154 59.694586 0.537080 30.582590 
44900 13 2.863038 31.221191 3.547656 61.957376 0.745110 34.793281 
44950 13 3.105205 31.313378 3.574616 58.881634 0.669077 48.793388 
45000 13 3.159082 34.224883 3.568246 54.854680 0.744561 21.445535 
45050 13 3.134847 33.013890 3.579240 59.093295 0.663239 28.162808 
45100 13 3.327968 31.124012 3.578729 57.230152 0.582522 24.786950 
45150 14 2.989669 32.199061 3.574356 58.618946 0.829223 38.554986 
45200 12 3.142276 29.840052 3.532469 59.023476 0.657070 38.565175 
45250 13 2.807479 37.079380 3.481774 67.129211 0.656014 36.411894 
45300 13 2.695865 35.903214 3.474169 63.946406 0.652553 56.313036 
45350 13 2.820355 31.439162 3.519948 62.879312 0.661842 77.193613 
45400 13 3.057403 29.687745 3.472660 66.354815 0.794154 61.535833 
45450 13 3.358611 26.305031 3.510550 60.660404 0.684115 96.918676 
45500 13 3.115774 28.179135 3.512465 60.771638 0.611937 52.285770 
45550 13 2.940865 27.306080 3.538284 60.714719 0.619799 68.661180 
45600 13 2.992176 28.923213 3.534573 59.120324 0.658276 70.500651 
45650 14 3.087087 31.087074 3.550157 56.114880 0.652852 48.445455 
45700 13 3.545633 32.195654 3.550587 55.854158 0.652795 61.707838 
45750 13 3.091466 26.380952 3.540166 61.249540 0.725168 67.947370 
45800 13 2.935067 32.376388 3.561346 62.075317 0.665760 34.512781 
45850 13 3.092681 29.764018 3.572398 61.338768 0.732076 43.140212 
45900 12 2.860834 28.541482 3.564539 59.172495 0.787371 35.033942 
45950 13 3.126469 33.486700 3.607646 54.291107 0.832102 60.356106 
46000 13 3.236421 33.093048 3.633055 54.568300 0.575492 44.260679 
46050 13 3.297467 33.387365 3.600173 55.024041 1.026988 60.104256 
46100 14 3.496709 30.253431 3.601006 58.078512 0.729445 61.623679 
46150 14 3.043472 31.744900 3.569861 58.074993 0.625711 83.388489 
46200 13 3.040082 31.416317 3.577076 61.028634 0.635182 36.310934 
46250 13 2.971163 26.120675 3.519020 59.109292 0.732921 53.237229 
46300 13 3.317739 26.068333 3.558316 60.254274 0.601678 70.455033 
46350 13 2.886624 22.919301 3.567369 59.381355 0.608126 45.656480 
46400 12 2.781871 21.270805 3.570048 63.766570 0.790870 79.324291 
46450 13 2.804399 26.634597 3.602816 56.499130 0.715715 87.228458 
46500 12 3.212623 22.472483 3.607075 57.008780 0.810796 70.631820 
46550 13 3.322125 33.797181 3.611613 56.615538 0.769088 61.114121 
46600 13 2.923258 28.800934 3.572515 56.538269 0.598105 37.054125 
46650 14 2.735950 32.118381 3.564319 58.247410 0.823211 33.862413 
46700 13 2.748704 31.720208 3.559780 61.598662 0.802736 38.509461 
46750 13 2.901158 30.514217 3.510948 59.961539 0.650981 59.568621 
46800 13 3.226195 25.726310 3.462217 61.997939 0.532051 51.398074 
46850 13 3.123479 29.065595 3.482545 61.067926 0.647185 47.422808 
46900 14 2.932367 32.915118 3.459325 60.594196 0.839216 38.025551 
46950 13 3.313690 31.547681 3.460520 67.728055 0.605502 47.014240 
47000 13 3.096502 29.107099 3.501054 61.629887 0.846186 64.025319 
47050 13 2.935727 32.175795 3.529815 58.778543 0.599134 66.225394 
47100 13 2.924251 30.901818 3.579285 58.404874 0.880851 84.735146 
47150 13 3.370288 37.145269 3.524013 55.817995 0.660885 125.149694 
47200 13 3.253577 34.715566 3.540907 55.434463 0.613351 56.357767 
47250 13 3.120852 30.865788 3.612008 53.429683 0.806080 67.496282 
47300 14 2.996788 37.892619 3.613845 58.714482 0.611533 54.846338 
47350 13 3.396574 36.937025 3.656919 52.697145 0.737579 28.813627 
47400 13 3.018647 37.562709 3.656473 59.979262 0.716001 37.353639 
47450 12 3.718720 37.660324 3.639657 54.952761 0.756003 20.739932 
47500 13 3.507174 36.358878 3.645729 56.801703 0.813082 26.106099 
47550 13 2.982155 32.185826 3.691778 52.479210 0.771732 63.110550 
47600 13 3.009692 34.965736 3.730119 50.404017 0.536244 68.107760 
47650 13 3.148126 40.163953 3.773277 49.098142 0.658145 59.161410 
47700 13 3.188503 38.236884 3.787291 53.831007 0.652909 39.517122 
47750 14 3.349033 29.062684 3.759868 50.153994 0.654883 50.839102 
47800 14 2.999793 34.104463 3.718639 50.050834 0.611865 60.977761 
47850 13 3.097014 32.949838 3.713477 53.545449 0.661750 53.734181 
47900 13 3.004338 25.280659 3.758002 49.413952 0.679289 50.870334 
47950 14 2.658566 28.239830 3.758119 50.443210 0.644850 68.434690 
48000 13 2.950985 20.728971 3.795904 54.314159 0.542723 48.153116 
48050 13 2.851176 21.497896 3.756310 50.768900 0.646511 66.317784 
48100 13 2.551044 22.522893 3.828430 53.323845 0.661348 49.526472 
48150 13 3.027262 23.656095 3.807956 54.414704 0.709555 72.290733 
48200 13 2.809585 26.108143 3.838294 53.965113 0.568625 84.407174 
48250 13 2.509271 26.277780 3.861759 51.432239 0.821509 46.288532 
48300 13 2.546120 28.358318 3.887878 52.251178 0.702488 70.895973 
48350 12 2.834286 25.888213 3.911650 49.031544 0.717633 52.065432 
48400 13 2.686642 23.879313 3.915235 49.866947 0.813169 57.499466 
48450 13 2.927457 28.859175 4.021977 44.113292 0.710770 77.077962 
48500 13 3.006037 32.275345 4.049102 47.262848 0.749737 62.339495 
48550 12 3.051587 27.545719 4.076973 45.182717 0.701446 106.009127 
48600 13 3.374789 29.185987 4.118310 45.491034 0.765689 47.221089 
48650 14 3.564956 28.785090 4.069365 42.924296 0.583467 51.772163 
48700 13 3.332759 35.875594 4.075614 44.578533 0.548571 55.936837 
48750 13 3.081386 28.211606 4.139852 48.473713 0.741640 57.363990 
48800 13 3.082826 30.961955 4.175420 45.735298 0.618285 57.628689 
48850 14 2.987267 28.322487 4.170364 44.609564 0.683760 45.232494 
48900 13 3.121321 29.679559 4.177237 41.993774 0.748720 34.924008 
48950 13 2.843830 32.245302 4.152957 46.136866 0.653173 57.729913 
49000 13 2.747067 33.297319 4.139707 45.902907 0.671306 58.520342 
49050 13 3.037398 36.135303 4.122218 42.590593 0.666513 79.445809 
49100 13 3.472207 34.547964 4.108663 47.442523 0.643500 84.263632 
49150 13 3.121416 35.454449 4.098208 46.293347 0.685842 57.854149 
49200 13 3.504849 29.477322 4.059326 47.411755 0.634736 54.164769 
49250 13 3.278917 33.930283 4.100445 47.298153 0.673059 95.263461 
49300 13 2.832916 32.024337 4.038212 50.340921 1.022396 87.227147 
49350 14 3.107603 32.752169 4.022343 48.124410 0.783349 87.916350 
49400 13 3.269377 27.939864 4.002804 48.006082 0.731979 82.175866 
49450 13 3.427950 31.231303 4.034433 47.784338 0.640070 56.748974 
49500 13 3.209328 29.892583 4.016309 48.114337 0.773209 55.115708 
49550 13 3.099456 32.360560 4.031445 47.658767 0.767932 80.717537 
49600 13 3.152426 25.298738 4.021552 48.572510 0.607121 81.032013 
49650 13 3.340363 33.573224 4.019355 48.767782 0.764452 78.709021 
49700 13 3.111900 33.908884 4.032659 48.052992 0.816696 27.202953 
49750 12 2.988098 28.167854 4.038715 48.318742 0.748008 51.921375 
49800 14 3.035683 25.649610 3.994029 45.961451 0.790014 31.946366 
49850 13 2.940173 29.401835 4.044366 47.341092 0.747126 80.748243 
49900 13 3.277696 24.712211 4.076166 46.040235 0.713777 54.359110 
49950 13 3.479350 26.992229 4.057443 45.979895 0.628077 75.652167 
