0 10 2.830000 23.949069 3.700000 47.000000 1.000000 4.074829 
50 12 2.655036 23.488816 3.513216 66.533739 0.541991 12.788628 
100 13 2.550062 23.517410 3.572038 55.186666 0.616601 43.928500 
150 13 2.508641 23.359293 3.558354 43.689479 0.623957 79.028517 
200 12 2.556334 23.860231 3.427132 47.290405 0.596604 43.011438 
250 13 2.727002 22.992879 3.399767 46.937859 0.613316 58.043062 
300 12 2.734484 23.576166 3.393162 46.928319 0.874974 77.491107 
350 13 2.793454 23.471812 3.479776 41.573364 0.691920 118.284722 
400 13 2.714135 23.488173 3.518637 42.953315 0.583335 55.464040 
450 13 3.077651 23.710657 3.505397 44.886847 0.562498 43.081430 
500 13 2.308447 24.058002 3.508552 43.342535 0.741491 39.879566 
550 13 2.428645 24.234656 3.455624 46.203371 0.609430 40.091217 
600 13 2.588379 24.252054 3.414843 46.612537 0.721412 74.277700 
650 12 2.324722 24.400406 3.514717 43.175332 0.738046 93.731744 
700 12 2.372172 24.444692 3.473399 47.182596 0.531798 62.183243 
750 13 2.975119 24.232383 3.374273 49.809723 0.594536 65.485405 
800 13 2.776788 23.731124 3.385585 48.984338 0.638659 91.055484 
850 13 3.047734 24.124316 3.392764 48.851929 0.781426 81.110263 
900 13 3.109532 24.464958 3.380557 47.511912 0.725905 73.664422 
950 13 3.227051 24.353042 3.454005 41.708694 0.590878 44.831690 
1000 12 2.782532 24.350364 3.547425 39.266802 0.674110 40.740580 
1050 13 3.078270 24.428490 3.618607 38.770316 0.692035 38.336853 
1100 13 3.128767 24.458444 3.682714 34.800817 0.581499 38.290898 
1150 13 2.805168 24.312145 3.573804 38.670875 0.750180 57.730576 
1200 13 2.567091 24.666815 3.573804 38.670875 0.737429 48.790011 
1250 13 2.970644 24.273500 3.537928 42.486570 0.648464 47.064420 
1300 13 3.055745 24.711464 3.609823 39.970376 0.726966 57.157201 
1350 13 3.099431 24.391395 3.567704 44.212118 0.698845 60.519847 
1400 13 3.056504 23.583141 3.554668 42.496905 0.670800 73.902195 
1450 12 2.973522 24.411361 3.598315 39.647243 0.720705 86.538342 
1500 13 2.927355 22.638551 3.565572 41.207477 0.678758 86.278820 
1550 13 3.034963 27.203690 3.513941 41.720003 0.771778 66.599212 
1600 13 3.112510 24.921223 3.536871 39.809593 0.747001 92.141283 
1650 13 3.238967 27.975607 3.578316 43.302864 0.730589 62.801326 
1700 13 3.069360 27.035419 3.633094 40.715467 0.752669 43.438023 
1750 13 2.795577 25.349205 3.615911 40.869616 0.680664 55.941052 
1800 13 2.632537 25.597881 3.557576 41.992464 0.652601 106.655979 
1850 13 2.824635 25.948525 3.578388 46.892709 0.749247 42.210440 
1900 12 2.418837 26.821120 3.590173 44.141253 0.651085 60.498636 
1950 12 2.585835 26.190895 3.563168 47.133450 0.520944 43.120904 
2000 12 3.016849 25.568076 3.567300 43.744289 0.612741 74.381021 
2050 13 2.892628 25.940253 3.484216 41.460670 0.628144 123.099274 
2100 13 2.964453 26.802157 3.486800 46.926230 0.684223 50.693065 
2150 13 2.977661 27.811280 3.484537 45.885527 0.640838 61.231000 
2200 12 2.682170 27.382655 3.454372 44.600296 0.707958 57.414051 
2250 13 3.128857 27.507882 3.435796 46.985941 0.654860 66.669942 
2300 13 3.025894 27.545479 3.444250 46.269666 0.683640 43.344802 
2350 13 2.894952 27.522278 3.413519 47.337189 0.593241 53.012015 
2400 13 2.921962 27.522965 3.411285 46.758900 0.667230 53.240241 
2450 13 2.516539 27.497651 3.381018 49.353270 0.620906 40.180121 
2500 13 2.645772 27.263317 3.407278 50.176486 0.667746 75.868815 
2550 13 2.580884 27.504221 3.362008 50.649688 0.731533 79.357403 
2600 13 2.814949 27.119992 3.400062 48.227031 0.798005 63.004295 
2650 13 2.944200 27.879821 3.366290 46.504550 0.836710 49.708640 
2700 13 2.853808 26.604107 3.370860 46.653296 0.887920 61.935682 
2750 12 3.035771 26.203954 3.367734 45.379859 0.536246 76.281741 
2800 14 3.062616 26.711540 3.380688 46.795468 0.888297 99.259491 
2850 13 2.939266 25.930115 3.376845 46.726180 0.654947 131.616481 
2900 13 2.671353 26.380474 3.401098 51.765482 0.579290 113.975352 
2950 13 3.028339 26.690359 3.439458 45.278197 0.609813 76.467261 
3000 12 3.202317 26.657598 3.367711 47.852900 0.810255 57.315863 
3050 12 3.044637 26.513991 3.351407 49.400245 0.786195 62.145882 
3100 13 3.094754 26.377955 3.349947 49.434906 0.673333 36.154652 
3150 13 3.220263 27.750544 3.399555 46.764072 0.771587 47.410621 
3200 12 2.846211 28.007400 3.397299 44.306943 0.591497 65.413023 
3250 13 3.082001 28.281871 3.385398 45.345873 0.666199 61.695076 
3300 13 3.206824 29.800734 3.432549 42.091529 0.761392 26.719929 
3350 13 3.253322 27.388126 3.395957 47.664544 0.617071 45.769275 
3400 13 3.060592 26.664486 3.383138 44.302921 0.842895 72.244706 
3450 13 3.051837 28.925200 3.358193 44.492173 0.635628 39.325125 
3500 12 3.170284 30.415023 3.363588 44.839400 0.642764 57.038763 
3550 13 3.257269 27.791484 3.346683 48.274074 0.654977 56.106748 
3600 13 2.901854 33.614686 3.356367 48.541435 0.714566 45.870322 
3650 12 3.115458 27.471631 3.386723 47.340176 0.718004 40.270368 
3700 13 3.178664 27.874653 3.406214 46.374469 0.722142 66.907707 
3750 13 3.137175 27.677060 3.359668 46.774136 0.661901 72.636446 
3800 13 2.848293 31.154261 3.425927 47.506944 0.657997 33.930541 
3850 13 2.937479 30.623867 3.439355 43.481432 0.618636 75.441224 
3900 13 3.099445 30.874310 3.383258 46.035435 0.800824 31.391308 
3950 13 3.085008 30.811180 3.340079 43.235151 0.589982 52.450068 
4000 13 3.050138 34.162259 3.384861 44.974434 0.638416 45.563994 
4050 13 3.112997 33.690174 3.409535 46.214257 0.697552 39.331355 
4100 13 3.144086 28.287121 3.431573 45.166499 0.636151 57.476162 
4150 13 2.808820 27.469939 3.450395 44.176471 0.678848 67.068417 
4200 12 2.922043 27.979373 3.459249 45.530840 0.688751 52.553007 
4250 13 3.095864 28.352798 3.460137 44.346190 0.632055 57.448469 
4300 13 2.840202 27.479752 3.497198 43.153924 0.825813 108.347548 
4350 13 3.210453 27.179996 3.479801 44.005691 0.609531 69.321989 
4400 13 3.026932 31.186847 3.423021 44.942081 0.825975 74.791919 
4450 13 3.318271 25.179727 3.430161 44.848128 0.700037 60.897173 
4500 13 2.897503 26.124804 3.462258 43.883936 0.763113 58.198713 
4550 12 2.798936 25.821753 3.450438 45.427971 0.657406 60.793917 
4600 13 3.060288 29.225067 3.442466 45.225579 0.676949 24.268250 
4650 13 2.950811 28.023165 3.411640 46.045264 0.541381 32.301854 
4700 13 3.304325 29.372587 3.414097 44.541861 0.674367 38.012254 
4750 13 3.442262 27.933064 3.443525 45.132168 0.642440 32.399897 
4800 13 2.900542 31.070525 3.411364 44.160939 0.681037 40.657145 
4850 13 2.887753 28.663090 3.424123 49.804928 0.590715 47.706446 
4900 14 2.929952 31.542956 3.429372 46.564460 0.588968 55.322871 
4950 13 2.934167 33.093258 3.385511 45.251345 0.493271 48.691661 
5000 13 3.007800 32.726641 3.418779 47.063709 0.709006 78.687525 
5050 13 2.839185 27.088349 3.446058 45.097344 0.767937 64.826718 
5100 13 3.004912 24.417612 3.451353 47.350401 0.620002 69.638782 
5150 13 2.873988 25.221711 3.404435 50.336147 0.614673 35.383601 
5200 13 3.406689 27.690763 3.419543 46.877446 0.551826 86.152803 
5250 13 3.188687 22.742711 3.368458 44.718111 0.670886 66.623795 
5300 13 3.093377 23.119868 3.349392 46.535328 0.694909 65.943202 
5350 13 3.115478 23.687590 3.346032 48.205140 0.600310 132.745702 
5400 12 2.945604 26.754085 3.358155 45.273995 0.756896 56.737477 
5450 13 3.183063 26.407069 3.378248 46.971281 0.533329 37.922622 
5500 12 2.848265 24.782594 3.352287 49.303775 0.685787 80.827495 
5550 13 2.358123 22.400326 3.370191 50.042736 0.562313 54.147507 
5600 13 2.760938 21.799890 3.403608 48.466758 0.697381 54.825876 
5650 12 2.754326 21.251645 3.383750 50.631565 0.672153 52.003874 
5700 12 2.707604 26.068204 3.370096 50.548562 0.634611 44.124499 
5750 13 3.182325 27.589192 3.379411 47.887957 0.713362 58.196482 
5800 13 3.089294 28.790513 3.370050 47.053924 0.768142 71.563619 
5850 14 2.899380 26.614185 3.382481 47.703335 0.770393 96.260181 
5900 13 3.065420 27.601082 3.374427 46.156123 0.522429 58.472555 
5950 13 3.164649 28.900062 3.321452 48.122402 0.561264 84.234825 
6000 13 3.227617 30.674688 3.352314 44.729737 0.804330 82.136684 
6050 13 3.348222 31.498141 3.359332 45.831770 0.735149 55.604333 
6100 13 3.147172 32.279969 3.349101 46.544462 0.594104 54.105096 
6150 13 3.370359 32.481396 3.348676 50.474898 0.579923 65.971826 
6200 12 3.167907 34.451690 3.345628 47.751840 0.529294 55.871308 
6250 13 3.193367 34.718898 3.340097 48.839624 0.687570 55.719877 
6300 12 2.999038 32.885794 3.368692 45.909895 0.709707 73.132286 
6350 13 3.142791 32.930891 3.383829 44.947736 0.588159 36.006041 
6400 13 3.534661 30.126280 3.373037 46.393161 0.539013 61.072819 
6450 12 3.001042 31.953844 3.387661 49.490460 0.675519 91.811644 
6500 13 2.968072 33.005692 3.343264 48.004696 0.674849 87.885715 
6550 13 3.089343 34.070070 3.335084 47.038088 0.697319 59.976294 
6600 13 3.053585 31.494591 3.349139 47.768922 0.670884 53.721587 
6650 12 2.786670 32.016780 3.368471 46.749273 0.646051 62.595242 
6700 13 2.986463 33.763488 3.350410 46.892117 0.641031 63.958100 
6750 12 2.660004 31.726554 3.340137 48.050300 0.723551 77.595699 
6800 13 3.118236 31.784440 3.329467 43.944785 0.545668 57.346313 
6850 12 3.188863 34.326950 3.313539 47.645552 0.800211 45.663149 
6900 13 2.706552 32.905020 3.333569 46.884522 0.681247 51.984966 
6950 14 2.710479 33.602276 3.334993 46.288930 0.859349 70.924733 
7000 12 3.032821 30.950207 3.316575 48.910532 0.770969 58.741924 
7050 13 3.009520 30.971224 3.323827 46.376222 0.594373 91.936707 
7100 12 2.663963 25.073855 3.335297 45.041951 0.709895 92.590874 
7150 13 2.799628 30.914067 3.337986 48.024248 0.659622 56.371878 
7200 12 2.558740 25.639021 3.315692 48.282553 0.657269 49.246333 
7250 13 2.958252 23.751903 3.327679 48.421603 0.677899 37.054282 
7300 13 2.930050 25.894843 3.311723 50.636105 0.839480 91.148371 
7350 13 3.280324 27.621457 3.287631 51.176383 0.644401 57.201739 
7400 13 3.277682 24.238120 3.326819 48.728321 0.702001 59.795114 
7450 13 2.885293 26.184751 3.376415 48.428025 0.650519 43.900811 
7500 13 2.973125 23.177561 3.395051 47.495761 0.652230 66.963843 
7550 13 2.972017 22.138478 3.410606 46.156154 0.711931 53.182125 
7600 12 3.140987 26.102062 3.426529 43.709214 0.794125 107.831762 
7650 13 3.194807 24.718882 3.431194 43.573044 0.567721 36.300284 
7700 13 3.069101 29.322294 3.415625 47.791853 0.664346 44.538216 
7750 13 2.946208 31.927755 3.360910 49.723756 0.689004 43.330314 
7800 13 2.993523 33.120674 3.388142 46.575435 0.611263 55.056756 
7850 13 2.889797 33.986850 3.373573 46.040540 0.618413 57.299303 
7900 13 2.832150 33.226519 3.357614 48.898948 0.766533 83.315258 
7950 13 2.859338 31.672059 3.327629 48.160114 0.639446 82.180554 
8000 12 3.128686 36.510889 3.319818 47.545253 0.651350 59.432270 
8050 13 2.961052 34.536127 3.274539 47.368082 0.771776 71.837955 
8100 13 2.863600 30.881884 3.294373 47.716543 0.770116 56.259213 
8150 12 3.108586 32.755232 3.277501 46.733298 0.750922 63.834264 
8200 13 2.908511 28.969615 3.302671 47.363331 0.696793 53.087845 
8250 13 3.059679 25.703243 3.319453 47.667090 0.695041 71.193092 
8300 13 3.036711 25.517607 3.348322 48.692679 0.667148 61.640663 
8350 13 2.626268 28.843457 3.349597 48.963180 0.748942 97.147459 
8400 13 3.151380 28.791852 3.327658 48.959225 0.624320 38.374869 
8450 13 3.072911 28.249136 3.343934 47.500899 0.713854 69.557333 
8500 13 3.057271 24.810306 3.330122 49.181558 0.618952 74.551820 
8550 12 2.782771 32.793947 3.333315 50.035644 0.546469 54.398337 
8600 13 2.725625 33.895749 3.357775 47.445791 0.678944 52.764552 
8650 13 3.087991 30.446567 3.363036 45.894030 0.777511 34.836420 
8700 13 3.453975 35.673662 3.310388 47.549343 0.602117 28.205883 
8750 13 2.774359 28.669766 3.335736 45.809496 0.654240 36.101515 
8800 14 3.166465 30.610159 3.322566 46.018769 0.643461 72.898720 
8850 14 3.196116 33.074850 3.337054 50.280200 0.689570 54.310530 
8900 13 2.777411 41.273841 3.334697 45.365954 0.590482 62.612106 
8950 13 2.669453 36.652348 3.309537 45.966044 0.724693 56.301573 
9000 13 2.858517 35.902935 3.325140 50.518220 0.557115 70.029581 
9050 12 3.039282 37.868516 3.315412 49.113442 0.670824 48.261999 
9100 13 2.974905 40.370023 3.344936 48.901039 0.635668 29.818044 
9150 13 2.753656 38.480687 3.296301 47.912967 0.766130 46.289744 
9200 13 2.849618 36.908976 3.287983 50.063592 0.674612 41.253053 
9250 13 2.523246 37.318208 3.293175 48.368154 0.709129 49.011736 
9300 13 2.411907 40.726810 3.301844 49.371472 0.537903 42.500551 
9350 13 2.959055 41.786957 3.291701 50.217837 0.731484 51.616495 
9400 13 2.958972 39.381982 3.298921 49.316761 0.682700 79.419296 
9450 12 3.571291 40.449082 3.269960 50.106098 0.540756 67.906071 
9500 13 3.231243 39.882938 3.241018 45.621494 0.776414 61.148917 
9550 13 3.342916 37.606428 3.265481 52.584300 0.576887 44.943179 
9600 13 3.246068 36.674149 3.252046 49.967375 0.588010 38.568090 
9650 13 2.956731 34.228160 3.250300 49.091347 0.625333 70.716972 
9700 13 2.965526 37.072455 3.256817 49.929427 0.617512 90.188559 
9750 13 2.842490 36.182686 3.277370 50.731004 0.572220 72.155169 
9800 12 2.758292 35.457508 3.288688 50.033404 0.657023 43.226675 
9850 13 2.595194 33.542041 3.310016 47.939939 0.775042 43.808297 
9900 13 2.820870 31.608389 3.283958 50.052370 0.682396 57.190524 
9950 13 2.890091 33.280306 3.274254 49.653771 0.642856 59.384550 
10000 13 3.006920 28.015039 3.286480 51.303203 0.811547 75.632129 
10050 12 3.053342 33.698846 3.327232 47.481225 0.643790 91.185265 
10100 12 2.721053 36.438777 3.299535 52.498343 0.703955 28.743639 
10150 14 2.588423 33.321868 3.300546 48.727684 0.805633 31.147390 
10200 13 3.058994 33.417412 3.311138 49.841388 0.791412 26.385528 
10250 13 2.910840 30.577722 3.276002 49.278080 0.564345 51.020578 
10300 13 2.963908 28.875080 3.244843 49.991922 0.638272 31.792218 
10350 13 2.843436 31.803872 3.273925 48.515301 0.703719 61.841610 
10400 12 3.063786 32.860419 3.294092 47.174713 0.826042 30.146542 
10450 13 3.106796 35.682724 3.284071 47.636633 0.580576 48.070456 
10500 12 2.741948 40.538443 3.287924 46.309224 0.790446 104.512894 
10550 12 2.762978 38.494195 3.332743 48.881002 0.603073 62.700008 
10600 13 2.529844 39.100002 3.329541 48.184893 0.682934 51.797849 
10650 13 2.512770 38.881425 3.347692 50.885837 0.705474 47.705606 
10700 12 2.844220 36.138125 3.431091 47.225351 0.923794 78.593424 
10750 12 3.211015 35.957546 3.449674 39.434541 0.509304 40.400350 
10800 14 3.021167 34.040276 3.477305 44.029396 0.680433 50.604644 
10850 13 2.854698 35.365528 3.529290 45.074520 0.781661 84.606203 
10900 13 3.193586 34.326935 3.583689 41.321780 0.616408 47.255579 
10950 13 3.035825 31.786791 3.565421 38.458623 0.766019 32.287227 
11000 13 2.862006 33.434529 3.527973 43.080006 0.741010 44.458596 
11050 12 2.861919 34.454737 3.514015 40.598778 0.795817 31.204818 
11100 14 2.558484 32.689144 3.521432 43.683027 0.891094 48.046225 
11150 13 2.979298 31.489257 3.524183 43.628093 0.569225 40.108053 
11200 13 3.095671 32.274183 3.492740 46.900399 0.724682 47.822587 
11250 14 2.896199 32.931673 3.401735 44.929832 0.635192 37.331553 
11300 12 2.922164 35.889525 3.402500 45.831680 0.568927 45.370626 
11350 12 3.309776 34.481798 3.394038 47.390240 0.652453 60.793827 
11400 12 3.236986 33.952191 3.329868 50.029754 0.600905 62.736176 
11450 13 3.094944 35.207728 3.358505 48.008020 0.638073 32.300836 
11500 12 3.128184 33.405333 3.391456 46.274005 0.758209 44.330869 
11550 13 3.459871 29.973982 3.368555 49.905421 0.680962 46.197373 
11600 13 3.522435 31.961284 3.352949 44.490377 0.681941 72.383370 
11650 13 3.210565 32.884963 3.377949 44.924629 0.594635 67.525644 
11700 13 3.181898 35.064493 3.387388 47.047414 0.625440 104.092634 
11750 12 3.249063 35.701492 3.406138 46.966360 0.748164 91.961755 
11800 13 3.099037 34.426139 3.401222 46.591598 0.637323 85.048435 
11850 13 3.356117 34.684148 3.431565 45.985620 0.504514 30.611205 
11900 13 3.039841 30.380546 3.482606 45.332838 0.648744 46.417915 
11950 13 2.903164 29.268752 3.522373 46.400884 0.782981 33.705004 
12000 13 3.079827 31.988596 3.493218 48.781225 0.587407 34.482336 
12050 13 3.299080 32.377928 3.492376 44.860627 0.721810 55.373900 
12100 13 3.318249 31.273088 3.493910 44.586779 0.660590 41.462544 
12150 13 3.371856 28.697936 3.493484 46.952571 0.615528 67.275358 
12200 13 3.345613 28.656290 3.467267 43.399933 0.748426 40.272216 
12250 12 3.325226 31.938768 3.456993 43.957103 0.658723 41.108760 
12300 13 3.623157 27.870729 3.440744 47.292582 0.549439 45.611111 
12350 13 3.098928 31.074549 3.437404 47.506736 0.662070 51.500934 
12400 12 2.856686 23.894085 3.448408 48.043254 0.707321 62.638302 
12450 12 3.198235 29.031536 3.468092 47.601527 0.630659 54.339082 
12500 13 3.097768 32.699326 3.424892 46.001723 0.675553 67.852204 
12550 13 3.173067 39.967098 3.391404 48.606831 0.613042 33.243380 
12600 13 3.259710 39.071714 3.451584 45.005706 0.600649 46.359633 
12650 13 3.084846 36.611038 3.407132 46.826245 0.570365 51.750768 
12700 12 3.284600 36.852643 3.373950 43.775345 0.680714 46.785962 
12750 12 3.227529 36.766052 3.372380 45.887477 0.742280 45.165835 
12800 13 3.380063 38.016338 3.368625 45.644203 0.518909 68.813371 
12850 13 3.041622 38.986706 3.342312 47.008811 0.772101 38.906172 
12900 13 3.296191 39.531812 3.374767 46.436894 0.817547 63.968419 
12950 13 3.173942 39.664082 3.339681 48.446063 0.612957 134.908582 
13000 12 3.246753 38.964350 3.299480 48.837846 0.635057 54.929965 
13050 13 3.273892 39.301547 3.318621 47.570225 0.685654 70.873166 
13100 13 3.150771 36.794904 3.324372 46.051283 0.649695 80.680821 
13150 13 3.387856 36.919398 3.337507 44.621943 0.737561 111.614205 
13200 13 3.365750 35.739850 3.339549 47.052680 0.762016 50.792657 
13250 13 3.147000 35.775434 3.315982 47.869982 0.607527 40.701326 
13300 13 3.162018 35.467017 3.304830 46.100290 0.611551 51.682990 
13350 13 3.088618 36.002531 3.269964 45.305703 0.614341 59.269336 
13400 13 3.047619 35.610924 3.289411 49.211162 0.624820 69.279394 
13450 13 3.034483 35.873537 3.262716 51.116312 0.801179 59.891578 
13500 13 3.102516 34.752227 3.258233 50.123583 0.650751 32.340348 
13550 13 3.028935 34.820732 3.258212 51.385303 0.621418 44.524016 
13600 13 2.910066 37.006232 3.268786 49.193049 0.651598 86.975947 
13650 13 3.135809 37.171331 3.282201 46.422295 0.650700 45.001297 
13700 13 3.209146 37.577006 3.330372 49.921536 0.698218 49.635125 
13750 12 3.158073 37.825422 3.312288 48.540834 0.670361 74.950338 
13800 12 3.254721 34.734834 3.307839 45.034726 0.683119 62.885627 
13850 13 2.825877 38.045747 3.283755 47.787641 0.593281 45.310560 
13900 13 2.857469 38.400041 3.278003 52.967088 0.507280 67.591413 
13950 12 2.887869 40.170731 3.285637 49.821458 0.732941 54.499070 
14000 12 3.039129 40.581193 3.286632 49.695410 0.758042 42.100457 
14050 13 2.858605 40.012254 3.304341 47.847721 0.849211 71.541610 
14100 13 2.981896 40.148555 3.292600 51.694622 0.761759 84.018721 
14150 13 2.983913 39.892259 3.306801 49.643119 0.605085 41.144403 
14200 13 2.823430 41.806645 3.322359 48.935311 0.827544 40.948552 
14250 12 2.599456 41.896327 3.337301 50.509194 0.690971 77.051731 
14300 13 2.935924 39.377907 3.294578 48.602022 0.841655 97.830642 
14350 12 2.859689 39.565651 3.230261 50.512691 0.749646 72.020026 
14400 13 3.054890 38.007829 3.230151 51.303236 0.910028 74.059246 
14450 13 2.688066 36.343470 3.169173 54.577758 0.581180 44.440288 
14500 13 3.135768 35.522570 3.141205 55.256732 0.697516 49.936370 
14550 14 3.096414 36.964316 3.145694 55.363116 0.540746 46.931336 
14600 13 3.079960 38.488744 3.151622 52.622080 0.689489 73.036472 
14650 13 3.407658 37.092265 3.183740 51.809331 0.644081 85.715100 
14700 13 3.369097 35.806388 3.179860 50.135145 0.624442 82.622982 
14750 13 3.361974 39.464940 3.207946 48.437069 0.736485 50.126345 
14800 12 3.110762 44.382905 3.213967 48.865390 0.719254 65.885273 
14850 14 3.014973 39.376102 3.176975 52.975501 0.684756 37.953106 
14900 13 2.943997 41.074895 3.175478 52.875400 0.612911 64.479174 
14950 13 3.225475 47.670529 3.164772 50.758970 0.710207 79.506250 
15000 13 3.323324 45.258081 3.199809 50.032170 0.600165 46.863866 
15050 13 3.458553 45.741352 3.207887 48.567727 0.575066 40.950844 
15100 13 3.293671 40.507710 3.228786 49.647239 0.621395 43.345379 
15150 13 3.419635 44.198940 3.232111 48.210895 0.627351 49.435754 
15200 12 3.404552 46.220434 3.245597 44.604083 0.721691 31.952455 
15250 13 3.482582 44.600200 3.252998 50.321620 0.776703 38.401045 
15300 13 3.155992 41.606682 3.230809 48.491183 0.614876 29.856965 
15350 14 2.782760 39.839132 3.307527 47.138968 0.674894 50.696073 
15400 14 3.008735 37.870812 3.305693 45.110680 0.687713 42.192223 
15450 13 3.245855 44.230178 3.311891 45.179007 0.783374 87.465926 
15500 13 3.150609 39.452229 3.282231 46.612726 0.790620 54.582074 
15550 13 3.161155 35.216402 3.253507 47.979537 0.765698 52.461683 
15600 13 3.045959 35.432070 3.255962 49.859226 0.683900 43.921812 
15650 13 3.030665 45.325558 3.296239 45.583212 0.698367 39.303619 
15700 13 3.232021 39.000967 3.357582 46.668389 0.625760 30.227306 
15750 12 2.993006 40.283873 3.353391 47.516692 0.593522 39.049034 
15800 13 3.129397 36.658321 3.367635 48.683047 0.738016 54.011130 
15850 12 3.228348 31.628787 3.316669 49.971165 0.647895 46.085985 
15900 13 2.852888 31.993273 3.305535 50.824841 0.609427 25.351658 
15950 13 2.920897 27.725386 3.279424 49.815881 0.740357 47.292490 
16000 13 2.918469 27.640416 3.290103 50.321255 0.780880 69.231633 
16050 13 2.726642 25.606199 3.331784 46.113929 0.710354 49.760145 
16100 13 2.857423 36.440964 3.342097 44.803387 0.715714 67.985097 
16150 13 2.740502 27.049789 3.357153 47.681749 0.656330 34.980337 
16200 13 2.841988 29.615625 3.367772 45.927801 0.669049 70.111518 
16250 13 3.290704 29.603279 3.364877 45.621846 0.671426 44.508186 
16300 13 2.969796 29.482028 3.378333 46.360342 0.638565 38.510982 
16350 12 2.663232 29.381128 3.404305 48.517995 0.747457 33.064510 
16400 12 2.585316 31.897054 3.401364 46.225430 0.812223 66.279448 
16450 13 2.830510 33.243465 3.398799 48.229357 0.700851 38.955639 
16500 13 2.804530 35.427648 3.381040 45.780210 0.642639 51.455415 
16550 14 2.829663 37.597282 3.397179 47.694081 0.686892 56.763240 
16600 12 2.685403 38.943891 3.379268 47.072854 0.594452 78.625446 
16650 13 2.963609 37.596675 3.408299 46.869534 0.652339 35.648802 
16700 13 2.814875 32.757385 3.425326 46.652316 0.692050 39.518225 
16750 13 2.688817 32.251565 3.434290 46.470485 0.639540 69.361404 
16800 13 2.938516 31.832673 3.429808 45.895285 0.570464 81.875627 
16850 13 2.959593 31.837637 3.433900 45.638743 0.668204 57.078867 
16900 13 2.962660 32.018266 3.434599 46.010363 0.720822 51.005344 
16950 13 2.944183 27.894947 3.470493 47.652975 0.564438 60.404242 
17000 13 2.873355 28.578525 3.496704 44.854121 0.762216 79.786542 
17050 14 2.864910 29.063024 3.453474 44.184161 0.837924 81.700101 
17100 13 2.830587 28.176626 3.425990 45.551994 0.712672 118.250653 
17150 13 3.078958 29.424201 3.410019 46.018954 0.656092 74.534380 
17200 13 3.143305 29.606310 3.386541 47.017885 0.578461 89.891195 
17250 12 3.451505 33.821320 3.371608 46.735631 0.705238 90.372989 
17300 12 3.569480 32.429541 3.349197 46.024628 0.700136 94.583163 
17350 13 3.179275 32.456981 3.365265 46.247972 0.779267 63.559220 
17400 12 3.014749 32.760149 3.364691 45.121979 0.746994 54.567356 
17450 13 3.107148 29.866255 3.383805 45.960144 0.636597 63.011475 
17500 14 3.000234 29.157354 3.365827 46.006378 0.753452 84.040902 
17550 13 2.909127 30.577933 3.360952 46.677273 0.686698 130.914721 
17600 13 3.255896 30.637670 3.358842 46.134887 0.871712 63.897596 
17650 13 2.997639 29.971094 3.375302 45.792960 0.684682 35.254241 
17700 13 3.290826 29.483796 3.385805 44.747312 0.572799 55.813625 
17750 13 2.987836 30.884271 3.381109 46.534833 0.664733 54.725417 
17800 12 3.111273 29.799656 3.361308 46.218530 0.720160 77.858039 
17850 13 3.235294 33.011887 3.370895 46.414847 0.686501 66.946541 
17900 13 3.050563 34.073355 3.382261 47.121613 0.791442 53.823646 
17950 13 3.073045 31.207600 3.377216 46.560004 0.840155 52.817581 
18000 13 3.162881 36.422002 3.358486 47.250879 0.726058 58.568395 
18050 13 3.118743 32.534015 3.353172 47.221400 0.806476 42.418863 
18100 12 3.229961 39.815283 3.387466 46.784740 0.646970 82.996189 
18150 13 3.376792 32.652010 3.382184 46.758932 0.691260 85.813902 
18200 14 3.222613 31.726993 3.376254 45.834786 0.590579 39.348095 
18250 13 3.036731 30.099366 3.363841 46.094713 0.652276 55.968882 
18300 13 3.103692 26.456682 3.354497 50.167485 0.831148 64.262551 
18350 13 2.862820 29.926973 3.381362 45.561095 0.594667 76.419541 
18400 13 2.948149 32.533209 3.413987 46.775427 0.905135 43.960233 
18450 13 2.534958 31.965786 3.395943 47.184473 0.590177 47.143303 
18500 14 2.898828 28.879591 3.414490 46.813100 0.710716 38.909148 
18550 13 2.789169 30.883193 3.444168 45.197532 0.711666 59.549860 
18600 13 2.699401 33.532108 3.451135 46.003974 0.633294 60.104511 
18650 13 3.025491 32.465976 3.462035 45.761861 0.720249 50.002352 
18700 13 2.726303 37.276889 3.424708 45.647481 0.743436 60.239026 
18750 13 3.041412 37.233183 3.448021 46.397093 0.737662 52.607427 
18800 13 3.143175 27.693712 3.436588 45.317145 0.629392 33.807147 
18850 13 3.133029 26.184499 3.418625 43.894258 0.675669 44.555718 
18900 13 3.535951 31.150548 3.451648 44.811551 0.653531 42.630583 
18950 13 3.020195 28.947942 3.419757 46.029835 0.796873 83.949772 
19000 13 3.241467 27.719238 3.442028 44.437737 0.595736 51.476809 
19050 13 3.099272 31.007983 3.430949 47.261223 0.608792 60.666877 
19100 12 2.796024 25.647294 3.443903 47.250425 0.634851 119.595728 
19150 13 3.074963 28.848887 3.456930 44.365862 0.750715 68.080680 
19200 13 2.970961 30.182577 3.411291 44.020600 0.680552 48.440765 
19250 13 2.735807 28.374857 3.385865 47.039590 0.652763 122.618505 
19300 12 2.779060 29.218885 3.416340 48.270364 0.648744 94.693787 
19350 13 3.041112 27.982155 3.412753 47.830202 0.808251 46.349526 
19400 13 3.064276 31.606790 3.432838 42.760322 0.701578 53.398712 
19450 13 3.294686 30.914945 3.447761 43.243079 0.613723 60.733866 
19500 12 3.141830 30.249460 3.424476 44.275375 0.675280 56.275110 
19550 13 2.754424 31.024828 3.450849 45.253194 0.796699 45.975704 
19600 13 2.891398 26.416617 3.488780 44.661414 0.792851 53.861892 
19650 13 2.300208 33.595168 3.482444 47.554289 0.628421 82.078039 
19700 13 2.691411 34.414961 3.508648 46.898647 0.607488 76.766268 
19750 13 2.723881 39.956997 3.482313 45.575723 0.575596 58.063308 
19800 13 2.801083 35.882238 3.503008 44.755333 0.733228 79.668966 
19850 13 2.911826 32.928135 3.513042 45.259247 0.607349 40.233579 
19900 13 2.833368 38.157467 3.523328 43.686892 0.669037 36.814897 
19950 13 2.889395 32.507045 3.517393 44.116467 0.727835 68.875508 
20000 12 2.816038 28.331965 3.518161 44.364700 0.675277 46.910403 
20050 12 2.848452 31.179516 3.501909 42.177727 0.731143 68.929458 
20100 13 2.511718 30.477103 3.510533 44.800319 0.639404 44.072658 
20150 13 2.773579 28.793486 3.484734 42.847595 0.703168 57.056113 
20200 12 3.015920 32.952160 3.508124 40.508180 0.678994 51.682387 
20250 12 2.845753 32.697638 3.488425 46.115437 0.777366 66.266467 
20300 13 2.580618 30.070889 3.488605 49.124822 0.680459 40.015199 
20350 13 2.871683 32.462504 3.536983 40.749392 0.568322 52.585417 
20400 13 2.842243 31.947240 3.532824 43.256234 0.752634 67.423456 
20450 13 2.897656 27.327025 3.493360 41.547833 0.636956 80.508816 
20500 13 3.012252 26.185983 3.493804 45.021717 0.621862 50.174117 
20550 13 3.167794 34.374863 3.457541 44.376600 0.668672 54.970508 
20600 13 2.785347 32.985927 3.422106 46.776302 0.687161 43.126173 
20650 13 3.163362 29.468008 3.410091 46.448658 0.735638 62.770613 
20700 13 3.543521 30.137595 3.388990 48.733398 0.608552 32.834309 
20750 13 3.149203 33.605643 3.428498 46.770298 0.734985 87.099594 
20800 13 3.190570 34.363295 3.404248 48.386316 0.625457 59.050748 
20850 13 3.024911 29.946091 3.426061 44.494908 0.714479 48.169880 
20900 13 3.283113 27.764187 3.429484 49.321576 0.714826 37.345190 
20950 13 2.526120 25.139217 3.454190 48.785038 0.630921 28.369015 
21000 13 2.757977 30.703375 3.512179 44.643089 0.572750 46.869167 
21050 13 3.441935 24.252939 3.507506 44.792380 0.675107 38.448923 
21100 12 3.019827 28.215708 3.523192 43.411732 0.725770 52.460109 
21150 13 3.029419 22.703852 3.544862 43.518256 0.686701 96.378873 
21200 13 2.976507 25.121788 3.502937 42.411556 0.542238 55.245416 
21250 13 3.236102 28.883000 3.502612 40.663943 0.809182 66.254926 
21300 13 2.713297 26.011601 3.512048 43.352330 0.704450 63.283194 
21350 13 3.239387 26.222445 3.524155 45.730191 0.793840 45.768724 
21400 13 3.179676 28.991038 3.494594 44.323703 0.618936 44.787409 
21450 13 3.123444 20.844582 3.417249 45.586242 0.705608 29.424731 
21500 13 2.826045 15.698158 3.418667 47.766450 0.730203 50.064760 
21550 12 2.927286 21.141872 3.440203 49.310753 0.666103 36.360568 
21600 13 3.083194 24.263388 3.433265 47.006101 0.698743 53.087334 
21650 12 3.029274 23.710918 3.425775 48.715958 0.713513 42.154220 
21700 13 3.420552 27.523044 3.411155 47.265548 0.562429 34.303954 
21750 13 3.290802 30.811933 3.449198 43.894457 0.556977 54.945140 
21800 13 3.049422 30.492981 3.409467 44.916618 0.733301 82.669192 
21850 13 3.017164 23.292170 3.414982 46.640613 0.660220 43.837231 
21900 13 3.110806 31.816537 3.370795 51.172208 0.652831 71.888270 
21950 13 3.034875 29.850425 3.352596 45.700833 0.592591 66.914390 
22000 12 3.328106 36.757017 3.393581 43.680859 0.641285 61.365437 
22050 13 3.128153 30.831651 3.389684 46.381830 0.632580 65.637494 
22100 13 2.918467 33.758736 3.407381 46.537225 0.651623 57.141664 
22150 13 3.072362 36.856956 3.455748 45.972844 0.847194 93.703573 
22200 12 3.067392 30.184429 3.475284 44.986433 0.783597 58.253928 
22250 13 2.954589 32.627160 3.441735 43.078499 0.679812 74.745913 
22300 13 2.613644 34.274073 3.391424 47.341295 0.644189 87.710084 
22350 13 3.085164 35.254792 3.455102 43.463695 0.708993 117.409674 
22400 13 2.957588 29.408847 3.497169 45.702455 0.778260 51.513613 
22450 13 2.919421 29.049315 3.483876 45.011448 0.769624 63.118568 
22500 13 3.069695 29.888870 3.470510 45.886369 0.688962 37.393853 
22550 13 3.133289 32.468650 3.460955 44.058363 0.631460 57.668974 
22600 12 3.059652 31.137610 3.430627 44.933683 0.680194 52.669184 
22650 12 2.925403 35.755740 3.444715 43.924190 0.731159 64.578774 
22700 14 3.100393 32.887540 3.406874 47.192833 0.822469 63.635237 
22750 13 3.469204 33.586576 3.423504 41.300270 0.770295 56.124756 
22800 13 3.516481 37.310481 3.410588 44.309506 0.582365 50.100430 
22850 13 3.489832 31.209190 3.358941 42.079946 0.633233 34.264575 
22900 12 3.817946 36.047177 3.344916 46.043532 0.715441 48.417211 
22950 12 3.233323 35.373290 3.348218 46.690211 0.652892 65.807530 
23000 13 3.278720 30.852715 3.355979 44.602404 0.558113 43.621085 
23050 12 3.236962 35.236223 3.361711 42.425435 0.867550 69.199301 
23100 13 3.641022 33.165592 3.348849 44.537684 0.582004 62.729483 
23150 13 3.250667 32.673099 3.375751 46.374058 0.661740 58.115848 
23200 12 2.791203 28.327484 3.387917 45.232655 0.794349 64.688199 
23250 13 3.036766 30.588056 3.361932 47.125395 0.702599 38.410231 
23300 13 2.871683 26.131494 3.394293 45.483731 0.808496 47.195359 
23350 13 2.777066 30.989600 3.403232 45.146336 0.714078 54.253408 
23400 13 3.095903 31.204122 3.389860 44.189128 0.724367 36.761434 
23450 13 2.903345 39.183685 3.373484 46.144219 0.849750 75.443298 
23500 13 3.240506 40.887279 3.426041 42.465885 0.543910 67.642355 
23550 13 3.343566 36.861429 3.404085 43.931624 0.629969 60.517953 
23600 13 2.968936 35.369867 3.427019 47.037462 0.607212 95.802669 
23650 13 3.104067 28.962461 3.418855 46.400158 0.734150 63.223347 
23700 13 2.894006 33.860009 3.414582 45.457910 0.651241 44.981708 
23750 14 3.299895 29.024323 3.407341 45.608149 0.720458 53.817302 
23800 13 3.014901 33.977117 3.442007 46.624155 0.720879 82.189061 
23850 13 3.128318 33.393323 3.433991 44.752937 0.651348 47.276413 
23900 13 2.985314 32.355202 3.449300 43.885871 0.752500 29.539499 
23950 13 2.878436 25.099904 3.448784 46.293975 0.794024 55.975350 
24000 13 2.730633 29.522114 3.436563 45.185402 0.674207 71.808820 
24050 12 2.927118 25.520456 3.422017 45.222758 0.627489 81.364751 
24100 13 3.420190 28.819964 3.438560 46.228873 0.635815 66.809533 
24150 13 3.424864 24.837747 3.387874 46.347259 0.835589 33.646187 
24200 13 2.991546 25.508494 3.420910 49.169928 0.591139 42.236010 
24250 13 2.862647 28.895996 3.431121 47.662596 0.666277 39.221804 
24300 13 2.424077 24.245686 3.441841 49.359878 0.615596 51.932307 
24350 12 1.988094 24.355002 3.464657 50.521333 0.712722 82.571323 
24400 13 2.572693 29.521450 3.455023 44.561628 0.702057 91.373133 
24450 12 2.840863 31.055737 3.462548 43.340187 0.708906 72.269003 
24500 13 2.914554 33.968154 3.449000 44.398063 0.839377 74.290643 
24550 12 3.166914 29.783585 3.420129 47.388846 0.635295 62.520737 
24600 12 3.077086 25.042819 3.454221 44.717599 0.805117 34.594537 
24650 12 3.246212 22.938845 3.460978 43.642782 0.706250 26.093676 
24700 14 3.135761 27.315117 3.437086 44.447169 0.711084 32.042555 
24750 13 3.119806 28.361302 3.464883 44.397877 0.574468 46.625855 
24800 13 3.255766 30.220257 3.458890 46.008697 0.738112 52.669485 
24850 13 3.026545 29.695320 3.464340 45.343708 0.756415 96.939185 
24900 13 2.839159 29.322358 3.471988 46.492383 0.913765 67.628061 
24950 12 3.042373 33.642842 3.484641 46.396996 0.703546 41.174514 
25000 13 3.150256 28.139580 3.477144 46.061203 0.675622 42.797767 
25050 13 3.034966 30.015816 3.494324 45.397041 0.701296 60.441181 
25100 12 3.310439 35.060028 3.508206 43.810944 0.756972 91.540519 
25150 13 3.276136 38.327462 3.478010 43.672521 0.656197 43.587316 
25200 12 3.125531 36.072292 3.464098 44.199119 0.798594 83.133660 
25250 13 3.224734 39.497059 3.463554 43.838540 0.596718 58.345431 
25300 12 3.093326 40.918409 3.467949 45.151609 0.525778 58.245592 
25350 13 3.025132 34.820537 3.430555 44.328725 0.689043 54.226952 
25400 13 3.114260 29.560954 3.423086 46.653125 0.725637 82.014912 
25450 12 2.823348 34.770729 3.384897 44.476266 0.669890 78.245869 
25500 13 3.109133 36.239805 3.389741 46.336175 0.663672 32.934722 
25550 13 3.296327 30.790575 3.382548 45.720959 0.749478 82.694488 
25600 12 3.274705 30.500227 3.380326 46.061441 0.775319 70.479725 
25650 13 3.081464 26.889004 3.393065 44.732781 0.598851 68.130804 
25700 13 3.141854 32.090234 3.409017 46.722735 0.657647 50.333340 
25750 13 3.297174 35.211974 3.344880 43.408800 0.644263 69.179458 
25800 13 3.551308 24.631581 3.281366 44.718568 0.770182 47.147511 
25850 13 3.402044 26.968434 3.315592 45.567634 0.714288 46.932446 
25900 13 3.123765 31.028353 3.258938 49.620575 0.738686 64.329074 
25950 13 3.016912 27.052856 3.278871 49.364003 0.683413 42.903833 
26000 13 2.934842 29.868525 3.279449 45.903921 0.698913 71.121574 
26050 13 3.047881 25.026339 3.255646 46.113719 0.600973 50.858709 
26100 13 2.888651 32.676976 3.256561 49.104044 0.738474 58.137688 
26150 13 3.253016 28.414988 3.285007 48.668988 0.593496 52.820772 
26200 13 2.957167 30.602542 3.332288 47.913804 0.746870 35.134381 
26250 12 3.255918 28.546025 3.344561 45.240547 0.672547 36.054727 
26300 13 3.160707 30.704327 3.377403 45.789876 0.734701 30.786620 
26350 13 3.341307 31.963116 3.353705 45.678394 0.672665 69.057036 
26400 13 3.037038 27.237157 3.342627 46.083706 0.676255 56.882638 
26450 13 2.942141 25.386620 3.414693 44.633611 0.608697 45.360953 
26500 12 3.149859 22.887912 3.376407 46.917806 0.540306 46.448084 
26550 12 3.187013 21.764595 3.371778 46.375641 0.574526 41.947368 
26600 13 3.172151 25.084432 3.394675 44.645580 0.762174 58.886866 
26650 13 3.289203 29.575796 3.396195 46.332676 0.685460 77.190478 
26700 13 3.203322 34.625756 3.424345 45.583226 0.715976 60.076900 
26750 12 2.997329 23.897929 3.439836 47.782765 0.741363 47.379704 
26800 13 2.900893 29.215773 3.416687 48.615454 0.729373 82.461453 
26850 13 2.756250 24.554848 3.459878 48.291107 0.614794 50.561980 
26900 13 2.551296 22.675451 3.495564 45.959910 0.703259 81.290100 
26950 13 2.547197 28.837299 3.499766 43.651931 0.853045 129.024941 
27000 12 2.969182 24.409402 3.496920 44.843953 0.671549 60.312156 
27050 13 2.922406 22.330742 3.511628 42.671631 0.643420 51.101475 
27100 13 2.961507 29.896659 3.491151 48.058184 0.628537 86.052301 
27150 13 2.934486 25.315504 3.458656 46.900956 0.811598 69.423767 
27200 13 3.083040 28.508549 3.415751 47.563378 0.583094 63.420528 
27250 13 3.154280 30.176324 3.338094 48.141829 0.722963 78.540644 
27300 13 2.898348 29.147892 3.332515 47.944853 0.790604 45.700516 
27350 13 2.828084 30.799790 3.370376 49.653807 0.777611 49.760826 
27400 12 2.980308 36.159890 3.384883 48.245312 0.666692 73.069312 
27450 12 2.983184 30.624685 3.361790 47.834828 0.723211 68.009674 
27500 13 3.106497 31.031284 3.389847 45.996723 0.753733 91.357037 
27550 12 3.254725 29.660762 3.385839 46.151496 0.566037 59.545719 
27600 13 3.574561 30.746850 3.397642 44.789942 0.681104 36.868843 
27650 12 3.442368 27.246807 3.412370 43.141802 0.656881 77.099233 
27700 12 3.058075 32.159141 3.397071 46.375765 0.713034 45.771546 
27750 13 3.206873 32.942693 3.387052 47.323993 0.683564 60.132290 
27800 13 2.983083 37.421706 3.387052 47.323993 0.782775 42.773342 
27850 12 2.899457 35.091962 3.381467 46.690657 0.695751 49.742873 
27900 12 3.354489 33.989978 3.389093 45.937346 0.671331 40.092962 
27950 12 3.218298 34.612110 3.382915 46.918209 0.568601 65.012772 
28000 13 3.653904 42.030562 3.378295 47.068122 0.610630 44.029599 
28050 13 3.274033 38.012317 3.367912 48.071053 0.662857 80.101749 
28100 13 3.120795 35.484669 3.411660 47.467280 0.677363 45.042688 
28150 13 3.151243 40.839694 3.350329 43.007437 0.808857 48.588742 
28200 13 3.010050 42.889077 3.423267 44.544167 0.503332 33.243378 
28250 13 2.976242 37.114475 3.422664 43.412134 0.906499 35.904809 
28300 13 2.937354 38.116346 3.465629 42.386518 0.655305 50.075474 
28350 12 2.828409 34.545613 3.458318 45.124544 0.580637 56.602696 
28400 12 2.838606 37.932588 3.471421 44.482686 0.687657 50.080139 
28450 13 2.703090 41.299376 3.412900 45.796343 0.696703 39.502169 
28500 13 3.072829 39.800548 3.365487 44.689786 0.863118 51.105139 
28550 13 3.039572 36.321319 3.342390 44.495618 0.617570 26.270353 
28600 13 2.635286 37.568196 3.347560 44.402855 0.612341 64.411249 
28650 13 3.037911 38.806389 3.345087 44.619494 0.755095 52.155027 
28700 13 2.936777 42.669938 3.341820 45.136671 0.665777 67.601255 
28750 12 3.038328 38.347031 3.350739 45.005077 0.747595 32.725183 
28800 13 2.978956 36.297114 3.384120 42.414383 0.619932 37.643953 
28850 12 3.074331 37.507801 3.359547 44.105808 0.728098 35.801244 
28900 13 3.126987 30.684171 3.365296 46.530557 0.798662 45.229678 
28950 13 3.135346 29.342856 3.353853 45.574625 0.753283 112.415505 
29000 13 2.985860 35.842291 3.363054 45.640137 0.814939 50.495958 
29050 13 3.080332 36.632347 3.351210 45.836236 0.585388 60.012787 
29100 12 3.396305 35.058974 3.338196 46.166925 0.680963 30.371935 
29150 13 3.042422 27.317418 3.325015 45.954595 0.808645 42.400215 
29200 13 2.859174 29.928399 3.319053 46.038407 0.627593 20.038117 
29250 13 3.113076 28.242986 3.319380 47.323120 0.637166 39.408261 
29300 14 3.124343 29.378812 3.322817 47.012194 0.537172 37.446680 
29350 12 2.824102 26.369604 3.385075 47.838581 0.784382 61.424858 
29400 13 2.864750 24.557191 3.411104 48.147818 0.665220 62.748613 
29450 13 2.869530 30.622867 3.434766 46.496973 0.671560 40.983828 
29500 13 2.881582 31.626496 3.411327 47.356089 0.712160 36.066037 
29550 13 2.793564 20.894481 3.411440 46.259994 0.679017 44.246790 
29600 13 2.963984 25.283276 3.453291 45.366489 0.655776 41.875868 
29650 13 3.002740 23.441803 3.449061 46.755559 0.596585 46.711001 
29700 12 2.977971 23.607402 3.488471 44.236973 0.804606 86.243794 
29750 12 2.937791 22.187195 3.488734 44.869794 0.694061 59.596440 
29800 13 3.134669 18.901352 3.480962 46.384312 0.589221 67.539524 
29850 13 2.632951 22.130566 3.465226 45.498880 0.793237 67.092469 
29900 12 2.669148 22.150872 3.472135 47.326711 0.660845 57.447143 
29950 13 2.724214 21.430377 3.408291 45.465134 0.711559 80.829638 
30000 13 2.911363 22.517449 3.426392 46.293631 0.619082 48.035103 
30050 13 2.850863 23.456776 3.423839 46.516333 0.745548 53.406515 
30100 12 2.932038 21.265795 3.374748 47.497796 0.627589 53.188997 
30150 13 3.292095 24.609213 3.387870 46.815365 0.768633 52.252566 
30200 13 3.163580 24.055719 3.390293 48.299715 0.903142 86.612765 
30250 13 3.145703 23.929148 3.415444 43.166837 0.685024 84.319904 
30300 13 3.061929 23.391825 3.385769 46.831081 0.749719 73.518260 
30350 13 3.052109 19.097081 3.365471 47.457212 0.578929 50.281084 
30400 13 3.179384 25.608441 3.366880 47.577491 0.603384 69.360504 
30450 13 3.072945 17.442498 3.399596 45.804777 0.655973 55.602912 
30500 13 3.052647 21.275923 3.359136 47.569689 0.615853 62.130613 
30550 13 2.886491 25.003426 3.367032 49.416867 0.690933 49.737686 
30600 13 3.155396 29.475653 3.351467 44.274225 0.749047 27.594421 
30650 13 2.867211 26.634889 3.373269 49.210767 0.600450 26.170604 
30700 12 2.961957 20.592901 3.351312 49.853501 0.808945 74.171720 
30750 13 2.956113 22.868410 3.343264 47.883315 0.747127 63.079007 
30800 12 2.896830 25.102057 3.389233 47.570434 0.780511 35.840798 
30850 13 2.872952 23.035967 3.335461 47.225707 0.632056 74.741858 
30900 13 2.957944 22.492512 3.296081 49.358358 0.748128 31.225042 
30950 13 3.008711 31.140611 3.288655 48.681725 0.657329 26.815397 
31000 13 2.821187 34.524154 3.290518 47.894609 0.608838 45.916747 
31050 13 2.943945 30.374781 3.314164 47.766222 0.766350 36.167744 
31100 13 2.746336 28.902011 3.350758 50.112845 0.644918 40.270729 
31150 12 2.895231 25.607719 3.360501 47.460810 0.561297 63.718786 
31200 13 2.763578 33.104013 3.389478 48.589832 0.810280 43.986711 
31250 13 2.569686 33.975962 3.428633 49.132930 0.712470 49.262405 
31300 13 2.847349 32.084016 3.416203 47.093705 0.672734 70.647788 
31350 13 2.878602 31.498611 3.415689 50.784539 0.628714 67.062473 
31400 13 2.697344 29.602282 3.398193 53.233823 0.752207 52.075600 
31450 12 2.926028 27.860057 3.363362 49.772433 0.704759 66.641238 
31500 13 2.850144 23.576724 3.348627 50.395103 0.552148 71.390458 
31550 13 3.031000 28.321397 3.322472 49.413368 0.694469 75.862940 
31600 13 3.080018 33.577452 3.336266 46.435582 0.581013 75.120102 
31650 13 3.009438 29.681269 3.347433 47.017280 0.743368 42.777775 
31700 13 2.862349 26.869964 3.357143 50.301817 0.698785 40.654751 
31750 13 3.073116 23.219936 3.433348 48.140786 0.649819 68.075559 
31800 13 2.996702 27.069626 3.407958 46.231139 0.798635 40.693517 
31850 13 2.952726 29.572378 3.443245 45.255481 0.664866 79.244281 
31900 13 3.089175 30.690651 3.405955 43.050811 0.736683 43.630983 
31950 13 3.313128 25.774177 3.361146 48.662190 0.652694 71.172570 
32000 12 3.191389 24.666966 3.340123 49.672863 0.726441 68.377089 
32050 13 3.121738 30.629359 3.376118 46.925736 0.637128 48.221131 
32100 12 3.051336 35.248741 3.364714 45.530081 0.532573 42.603214 
32150 13 2.971956 27.489783 3.380568 46.920620 0.646668 96.011421 
32200 13 3.383874 24.866245 3.387008 47.739525 0.698625 48.188878 
32250 13 3.152983 28.724623 3.386594 49.985252 0.725854 64.480615 
32300 13 3.457730 25.540586 3.413005 46.206542 0.542038 44.693987 
32350 13 2.739968 27.934436 3.415009 46.638501 0.630388 61.310354 
32400 13 3.028885 26.875239 3.407873 48.348581 0.592508 67.396645 
32450 13 3.315372 27.677110 3.451749 45.364531 0.687406 88.507031 
32500 13 2.784691 21.991502 3.430179 45.328833 0.663605 98.129828 
32550 13 2.664698 27.613131 3.396446 45.963971 0.589183 42.437788 
32600 12 2.875012 31.540479 3.421974 47.432033 0.581188 37.882240 
32650 14 2.971589 30.269331 3.398826 45.693931 0.663361 24.682486 
32700 12 3.065358 30.299065 3.400812 47.127367 0.692695 50.049736 
32750 13 2.729079 29.606018 3.362815 49.240526 0.755572 60.087782 
32800 13 2.668049 27.365313 3.398192 47.236572 0.594652 31.375672 
32850 13 2.770775 32.385607 3.371443 49.070988 0.771680 74.018009 
32900 13 2.636210 30.098467 3.347024 48.396057 0.699407 102.096162 
32950 13 2.775903 32.101148 3.352043 49.128343 0.803840 70.505603 
33000 13 3.016194 28.047279 3.356094 47.983239 0.794153 96.847644 
33050 13 2.534883 26.593417 3.408585 45.538732 0.651794 56.127160 
33100 12 2.872397 28.482749 3.419106 45.803763 0.714461 55.173174 
33150 13 2.908210 23.816165 3.446931 46.006368 0.568055 36.118986 
33200 13 3.161398 27.403909 3.498971 44.686994 0.535118 43.742218 
33250 13 3.055723 27.671650 3.455984 40.954227 0.550261 61.022644 
33300 13 2.972378 31.566714 3.459628 43.319378 0.720554 42.569594 
33350 13 2.870319 26.880783 3.453970 44.188760 0.749921 61.489327 
33400 13 3.004297 31.456325 3.443293 46.583448 0.662161 93.771708 
33450 13 2.828489 26.897607 3.440065 44.721360 0.626249 70.381554 
33500 14 2.914822 28.785465 3.452336 46.162753 0.599205 53.620235 
33550 13 2.775643 31.764906 3.430417 44.917102 0.845999 43.665674 
33600 13 3.031355 32.534329 3.376889 46.259649 0.580058 65.437528 
33650 13 3.056582 32.260326 3.360028 45.548271 0.662515 83.233237 
33700 13 3.183247 29.299324 3.352625 46.139924 0.734577 47.989660 
33750 13 2.998588 27.572177 3.355773 46.666601 0.709659 83.936918 
33800 13 2.784451 22.369848 3.359052 49.466276 0.674695 29.564575 
33850 13 3.065132 20.548589 3.379390 47.987360 0.736476 36.262756 
33900 12 2.889967 26.663789 3.348419 48.852544 0.585864 43.376554 
33950 13 2.729666 22.752858 3.372260 48.038894 0.777363 46.729401 
34000 13 2.892233 22.621427 3.351850 47.814172 0.686118 68.516702 
34050 12 3.058154 22.917566 3.368507 48.243159 0.650788 75.616389 
34100 12 2.870297 24.604663 3.351214 47.673702 0.765466 74.948847 
34150 13 2.747488 25.183532 3.357398 46.922178 0.748210 49.836017 
34200 12 2.910747 20.999223 3.362544 50.910741 0.722162 26.588256 
34250 13 2.745447 23.260534 3.320565 50.499912 0.623540 20.772995 
34300 12 2.885013 21.209221 3.332704 50.382585 0.803792 63.799576 
34350 13 3.315185 24.899118 3.305846 47.071016 0.654909 76.797764 
34400 13 3.228896 25.474442 3.355145 44.767633 0.847034 69.045578 
34450 13 3.328398 27.460082 3.328671 46.043019 0.743199 66.350715 
34500 13 3.326402 29.004037 3.315144 47.798993 0.594159 61.020941 
34550 13 2.909066 27.972010 3.319619 47.094820 0.738226 64.829026 
34600 13 3.103532 24.923310 3.301425 47.333727 0.643424 135.435859 
34650 13 2.902919 23.371914 3.306838 48.744572 0.613378 64.477069 
34700 13 2.800845 25.395129 3.310887 48.416857 0.607604 43.847739 
34750 13 3.148022 21.844144 3.369766 46.999213 0.785175 64.672610 
34800 13 2.889917 21.774840 3.418939 48.185534 0.657862 67.863424 
34850 13 3.017633 22.211323 3.416845 47.767980 0.630805 63.279917 
34900 13 3.015684 20.903309 3.440900 44.334929 0.753365 65.802824 
34950 13 3.073156 21.274236 3.435652 46.120254 0.729024 54.438624 
35000 13 2.743705 23.318723 3.470361 47.509754 0.719504 61.886991 
35050 13 3.217436 24.735904 3.469621 45.657721 0.632739 66.802697 
35100 13 3.232493 25.229680 3.532047 44.283325 0.712764 39.026476 
35150 13 3.158276 22.960710 3.482819 44.052874 0.631605 38.042157 
35200 14 3.373865 23.542821 3.477031 42.936998 0.808191 54.779816 
35250 13 3.282573 24.393085 3.470421 47.989204 0.832735 43.527314 
35300 13 2.992060 29.920026 3.430221 47.339973 0.748864 39.810242 
35350 12 2.855012 28.969568 3.462515 43.746078 0.625628 98.210025 
35400 13 2.832485 24.180471 3.447533 45.716187 0.663423 111.634859 
35450 13 2.911250 26.515615 3.437715 48.134741 0.679516 39.990986 
35500 13 3.228830 30.672840 3.449279 46.349952 0.718940 49.147745 
35550 13 3.434247 28.224843 3.415243 46.212025 0.741531 47.307457 
35600 13 2.982006 27.833082 3.420855 45.650459 0.629025 36.347700 
35650 12 2.836854 25.034295 3.449786 46.715160 0.641241 55.734269 
35700 12 3.180520 23.967773 3.411673 45.061027 0.612876 46.191592 
35750 12 2.982748 22.680708 3.429778 45.412894 0.546029 36.746473 
35800 13 3.190104 25.372933 3.398133 46.668858 0.697927 40.196890 
35850 13 3.262751 20.014592 3.418134 45.608641 0.564045 51.329784 
35900 13 3.294231 32.358946 3.392760 45.781712 0.689060 78.985035 
35950 13 3.486817 28.492774 3.372528 45.571014 0.618867 35.275496 
36000 12 3.116639 26.852790 3.365983 45.881088 0.592205 46.282760 
36050 13 3.045534 27.470378 3.365885 48.722669 0.612382 40.914956 
36100 13 3.054489 26.351087 3.399405 50.718964 0.692868 42.813886 
36150 13 2.718746 31.536805 3.362738 48.194121 0.893963 74.376825 
36200 13 3.095419 31.877526 3.352446 44.099140 0.700347 52.518902 
36250 13 3.152383 33.131848 3.421848 44.289115 0.664703 58.801030 
36300 13 3.016747 32.248793 3.426512 47.965340 0.801505 41.641199 
36350 13 3.000936 34.696587 3.336356 45.850317 0.828884 48.112160 
36400 12 2.921699 31.943974 3.343551 47.865248 0.650287 34.233356 
36450 13 3.261435 32.771936 3.355372 47.810696 0.754594 74.185951 
36500 13 3.250847 31.240530 3.334626 47.849288 0.633923 58.493738 
36550 13 2.676111 30.715239 3.326313 49.279326 0.690519 51.287328 
36600 13 2.366382 23.330789 3.361274 51.620867 0.630293 60.824257 
36650 13 2.869728 31.406135 3.410495 47.983858 0.809648 76.826952 
36700 13 3.021450 32.539299 3.438696 46.334523 0.866086 46.901334 
36750 13 2.709092 27.384825 3.448118 46.573417 0.593143 73.439740 
36800 13 2.991352 31.873032 3.440304 44.728615 0.726076 53.756842 
36850 13 3.068538 33.037450 3.440862 44.598063 0.715270 113.032587 
36900 13 1.853742 34.801635 3.388563 46.901561 0.692404 86.110497 
36950 13 2.211505 29.411942 3.390727 47.308847 0.750793 43.327589 
37000 13 2.758990 28.213002 3.412491 48.281259 0.669726 35.098714 
37050 13 2.900387 27.521658 3.381770 46.726016 0.533670 56.608008 
37100 13 2.741880 28.972643 3.377874 49.773439 0.605973 36.610802 
37150 13 3.020411 33.856899 3.346255 47.364514 0.769729 30.750660 
37200 12 2.532989 33.548529 3.303568 48.498621 0.570240 37.221428 
37250 13 2.522400 33.852129 3.320722 47.088597 0.683470 67.049493 
37300 13 3.164801 42.976799 3.289830 47.651074 0.721825 66.989822 
37350 12 3.272352 40.388568 3.286263 46.012305 0.777210 94.291172 
37400 13 3.135344 33.139752 3.237864 49.308706 0.633282 37.452520 
37450 13 2.833723 36.492697 3.246931 49.985408 0.735185 65.792168 
37500 14 2.819577 32.146255 3.258350 50.852452 0.536870 86.641226 
37550 13 2.964873 39.272994 3.280105 50.771922 0.789071 71.936712 
37600 12 3.005177 40.025136 3.335930 49.303458 0.520457 67.735484 
37650 13 2.858237 41.050349 3.286665 48.530230 0.653167 79.350829 
37700 13 2.856526 37.154277 3.262039 50.842802 0.730699 58.630362 
37750 13 3.234634 38.184833 3.333367 48.197809 0.790812 85.593957 
37800 13 3.171441 38.225617 3.356567 46.075962 0.587453 75.771118 
37850 13 2.817225 35.660479 3.348843 46.497232 0.634628 92.097547 
37900 12 2.647426 35.452523 3.326412 50.844493 0.730589 46.723495 
37950 13 3.041448 36.144936 3.308808 46.216407 0.696373 78.619670 
38000 13 2.586620 35.853632 3.291373 48.502403 0.643869 45.114357 
38050 14 2.928173 36.047002 3.371383 46.122921 0.689650 37.585814 
38100 13 2.880868 37.481700 3.385776 48.587474 0.684358 40.538512 
38150 13 3.101834 34.161641 3.375544 47.508198 0.712889 43.362055 
38200 13 2.818983 37.234964 3.392660 47.571316 0.774141 50.158671 
38250 13 2.895740 34.719417 3.402942 45.741499 0.777239 55.061341 
38300 13 3.074507 39.782189 3.438469 45.507556 0.689473 64.214863 
38350 13 2.841689 37.844635 3.413920 49.073642 0.654006 47.153005 
38400 14 2.980404 30.017978 3.417440 45.424551 0.633502 50.004949 
38450 13 2.917822 28.980273 3.434020 46.369986 0.626276 63.327187 
38500 13 2.958202 31.288837 3.402067 46.228829 0.569015 54.241272 
38550 13 3.049786 26.737200 3.394435 47.042566 0.760627 43.953880 
38600 13 3.189492 29.351626 3.388212 46.415297 0.607480 36.791485 
38650 12 3.124976 31.292683 3.382459 47.432297 0.578806 62.088427 
38700 13 3.184431 31.105645 3.366287 47.974576 0.692767 90.957230 
38750 13 3.143579 29.810076 3.316598 48.662736 0.698726 32.801253 
38800 13 3.191812 26.826798 3.300683 48.081575 0.768435 54.265734 
38850 12 2.766864 32.113893 3.279269 51.118828 0.607313 64.437560 
38900 14 2.841125 32.290232 3.257392 51.201930 0.592884 66.827842 
38950 13 3.028628 29.092178 3.245800 52.014660 0.603571 75.016522 
39000 13 3.005415 26.473122 3.330100 50.136911 0.680231 65.245296 
39050 13 3.126878 31.389739 3.362114 47.629611 0.866893 93.572828 
39100 13 2.996097 27.845682 3.418102 48.675467 0.767620 77.160591 
39150 13 2.928645 33.006013 3.370988 50.304455 0.625997 55.689709 
39200 13 3.229950 27.780402 3.372103 48.254497 0.705651 71.888526 
39250 13 2.831280 30.424221 3.393657 50.375486 0.787844 90.968536 
39300 13 2.870434 29.313988 3.334757 48.217689 0.686515 67.640173 
39350 12 3.183846 31.789325 3.304360 49.059017 0.723161 54.952332 
39400 13 3.114451 30.491986 3.300134 49.464038 0.734586 78.644491 
39450 13 2.927118 24.586920 3.300906 48.380617 0.627655 56.920604 
39500 13 2.994917 26.952085 3.329203 47.572810 0.766792 61.506786 
39550 13 2.484043 29.093229 3.312918 49.335563 0.555569 73.237699 
39600 13 3.082639 30.542370 3.300704 49.411792 0.505811 71.891948 
39650 13 2.816197 26.543351 3.337471 50.302266 0.638020 30.637106 
39700 12 3.198096 27.096981 3.333346 44.699684 0.698390 78.553617 
39750 13 3.184263 29.397976 3.338806 45.449084 0.646097 62.957862 
39800 13 3.184243 32.725759 3.317701 46.356730 0.718683 41.614392 
39850 12 3.472014 31.598489 3.346181 46.546147 0.728957 72.135631 
39900 13 3.358822 30.482332 3.361400 48.801564 0.768780 87.072621 
39950 12 3.043459 27.548951 3.331385 49.115898 0.594777 45.295678 
40000 13 2.824202 27.898957 3.336784 46.237580 0.618890 61.723107 
40050 13 2.901613 27.215765 3.283134 51.801014 0.753366 40.381896 
40100 13 3.102566 30.598426 3.246042 51.402284 0.518188 57.745995 
40150 12 3.055885 25.622739 3.257025 49.912409 0.699863 30.895265 
40200 12 3.271086 31.489591 3.254792 47.569350 0.759683 21.583382 
40250 13 3.161924 33.964602 3.229690 48.979246 0.824275 49.908459 
40300 13 2.942974 31.003859 3.218760 51.555577 0.644343 42.542899 
40350 13 2.831485 29.517242 3.215295 54.138731 0.567453 33.528003 
40400 13 3.029002 30.292352 3.235227 53.129028 0.617151 29.138627 
40450 13 3.139489 29.796801 3.213914 50.798420 0.655184 38.611097 
40500 13 3.128598 30.671879 3.278837 50.177348 0.615422 52.106121 
40550 12 3.117825 30.492515 3.236522 50.145702 0.681532 66.516632 
40600 13 3.375973 28.454046 3.255632 45.377368 0.719517 53.829552 
40650 13 3.205771 28.873193 3.213725 50.615036 0.849167 102.980924 
40700 13 2.992833 31.248583 3.253190 46.273786 0.727731 69.595340 
40750 13 2.740195 31.308595 3.265743 44.721122 0.682117 54.644347 
40800 13 2.649467 28.096888 3.292405 48.852305 0.621844 56.218402 
40850 13 2.901604 33.734566 3.333015 46.793281 0.685238 48.903249 
40900 13 2.852774 31.291462 3.354557 49.468482 0.567553 48.159552 
40950 13 2.599201 27.006995 3.413054 45.934499 0.581669 57.871659 
41000 13 3.046624 30.240584 3.446977 44.560162 0.723523 55.751628 
41050 12 2.929232 30.683873 3.411754 45.560562 0.836270 84.652045 
41100 13 2.995347 28.300974 3.429993 48.525609 0.635002 61.616220 
41150 13 2.784007 30.241449 3.411109 50.697997 0.633995 43.589959 
41200 12 2.863891 30.804078 3.373803 49.406094 0.688926 41.414690 
41250 13 3.058604 31.085749 3.396508 49.495214 0.727268 60.076177 
41300 13 2.891563 29.464653 3.359061 49.092064 0.639660 52.351714 
41350 13 3.050382 28.876274 3.383191 45.581994 0.598604 60.804014 
41400 12 3.070065 34.131101 3.395181 47.052238 0.648944 38.591709 
41450 13 3.245972 31.933209 3.338013 44.957050 0.689210 58.710298 
41500 13 2.753346 31.955541 3.344877 49.156677 0.685333 98.888904 
41550 13 3.073627 23.197214 3.329565 48.492092 0.770561 53.222169 
41600 13 3.369399 29.349721 3.332390 46.988581 0.785434 55.459519 
41650 12 3.162909 24.246423 3.304584 47.751048 0.664098 30.513373 
41700 13 3.282876 26.522751 3.308347 45.535366 0.834481 39.576096 
41750 12 2.881877 28.663182 3.300122 49.337615 0.899402 66.681904 
41800 13 3.276457 27.049678 3.245387 52.217546 0.747278 42.583116 
41850 13 3.012792 27.485220 3.273172 50.825166 0.688545 39.467680 
41900 13 2.998200 27.033711 3.267680 48.141627 0.601791 39.363588 
41950 13 3.237001 30.887377 3.252113 47.875780 0.543155 35.421545 
42000 12 3.317593 34.943256 3.272102 47.379260 0.539312 73.571552 
42050 13 3.282680 33.669051 3.234745 50.309322 0.620562 56.989996 
42100 13 3.181171 32.897165 3.213940 48.837244 0.655322 88.316778 
42150 13 3.560379 33.607339 3.229695 48.520981 0.754954 52.364958 
42200 14 3.181086 33.243760 3.248536 46.205724 0.677497 37.049463 
42250 14 3.151247 34.071060 3.222792 47.657442 0.643343 52.867577 
42300 14 3.162318 34.263509 3.211018 47.780011 0.650153 63.075531 
42350 14 3.149906 34.176049 3.191810 49.306842 0.656431 86.555207 
42400 13 3.183805 35.186743 3.218901 48.131369 0.560303 46.895741 
42450 13 3.214288 37.494303 3.209552 48.827383 0.761934 44.624834 
42500 13 3.128003 41.407767 3.246183 45.896754 0.578257 51.890069 
42550 13 2.942471 40.037855 3.261739 51.263930 0.726545 45.869318 
42600 13 3.048850 40.474353 3.230903 52.735462 0.826596 45.645826 
42650 13 2.975789 39.732812 3.215451 51.033063 0.711709 57.351305 
42700 13 3.239964 40.376610 3.265643 49.530304 0.713819 54.935776 
42750 13 2.822983 36.803133 3.283777 49.894146 0.821508 61.686514 
42800 13 2.668518 34.696261 3.319732 51.782969 0.598637 103.957392 
42850 13 2.679876 32.032059 3.373886 49.717195 0.775391 52.338649 
42900 13 3.187289 26.211394 3.347278 46.686615 0.721629 82.683966 
42950 13 3.268315 29.248528 3.395351 47.439202 0.686467 43.252307 
43000 13 3.034349 34.091232 3.391504 46.777794 0.752052 73.433509 
43050 13 3.318998 29.784134 3.358439 52.592083 0.826519 74.303409 
43100 13 3.040180 29.463930 3.314933 50.028905 0.709658 84.418701 
43150 13 3.078632 24.962599 3.321956 49.389843 0.718532 43.591735 
43200 13 3.335079 33.780518 3.304290 47.904703 0.804783 35.577116 
43250 13 3.052751 28.463946 3.322954 47.059325 0.729187 63.983705 
43300 13 2.773799 28.775254 3.316466 47.017235 0.687114 101.595413 
43350 13 3.358589 31.837837 3.293359 46.492393 0.674403 52.381932 
43400 13 3.003278 34.648426 3.280617 50.511685 0.557364 47.221592 
43450 12 2.956683 34.319378 3.266385 50.831368 0.717645 55.700818 
43500 13 2.739153 32.537215 3.237747 50.521282 0.714004 61.497435 
43550 13 2.695338 34.296100 3.198011 50.959238 0.833805 60.336064 
43600 13 2.633421 26.863652 3.263085 54.614801 0.642119 71.993341 
43650 13 2.139042 20.815475 3.237866 49.929965 0.717398 45.982514 
43700 12 2.383058 23.754926 3.246788 54.850309 0.679842 49.964912 
43750 13 2.267982 37.639990 3.276068 48.596451 0.719016 65.216187 
43800 13 2.562182 37.023830 3.334800 52.490677 0.765962 53.794933 
43850 13 3.250999 32.753390 3.292530 51.199968 0.793050 59.318591 
43900 13 3.239998 35.471262 3.313671 50.532827 0.549992 72.671478 
43950 13 3.039200 39.503967 3.290261 49.514761 0.695599 39.606325 
44000 13 3.089338 32.680492 3.333995 47.213347 0.745340 41.737119 
44050 14 2.997723 31.705653 3.285910 51.016148 0.590814 34.741429 
44100 12 3.209196 28.869682 3.280076 49.918022 0.794437 33.395615 
44150 13 3.212177 29.020196 3.305611 49.613547 0.785176 42.584493 
44200 13 3.021606 26.595814 3.295653 52.034801 0.581848 34.289618 
44250 13 2.911967 26.785110 3.294481 51.457207 0.723486 20.961844 
44300 13 3.149999 27.999403 3.354464 52.309189 0.754897 30.538943 
44350 13 2.953777 27.943844 3.388256 50.286756 0.669526 40.816317 
44400 12 3.236891 31.944047 3.371937 47.823915 0.609045 61.847496 
44450 13 3.151933 35.843798 3.372955 45.689875 0.658895 91.622785 
44500 13 3.068217 32.143136 3.340163 47.485771 0.673838 111.758609 
44550 13 2.983499 29.403131 3.312929 45.652342 0.620767 61.186801 
44600 13 3.131252 29.938866 3.323049 54.008666 0.693884 28.026509 
44650 13 3.066299 29.345500 3.323790 49.774668 0.674144 29.132757 
44700 14 3.057867 28.714807 3.334044 44.771617 0.654994 34.815050 
44750 12 3.102087 27.352986 3.337207 47.530217 0.756581 28.278169 
44800 13 2.969803 28.773866 3.328971 48.164768 0.624924 32.665068 
44850 14 3.006610 26.575519 3.337995 49.033669 0.537080 30.582590 
44900 13 2.611711 24.116119 3.360442 45.873091 0.745110 34.793281 
44950 13 2.976978 24.847886 3.359660 50.254403 0.669077 48.793388 
45000 13 3.149164 30.449773 3.354891 49.785800 0.744561 21.445535 
45050 13 2.986030 30.423884 3.350897 49.922862 0.663239 28.162808 
45100 13 3.423741 33.732857 3.353017 44.653057 0.582522 24.786950 
45150 13 3.506513 34.237237 3.347072 44.800548 0.829223 38.554986 
45200 12 3.641707 34.822250 3.372193 45.407865 0.657070 38.565175 
45250 13 3.766664 37.854189 3.393485 44.336914 0.656014 36.411894 
45300 13 3.185957 36.118662 3.403175 45.538057 0.652553 56.313036 
45350 13 3.643923 28.475684 3.368140 47.799809 0.661842 77.193613 
45400 13 3.253539 24.179918 3.403326 45.056756 0.794154 61.535833 
45450 13 3.060499 35.465542 3.420305 46.466312 0.684115 96.918676 
45500 13 3.027645 30.895036 3.422164 46.052749 0.611937 52.285770 
45550 13 2.674333 26.497124 3.400438 50.552683 0.619799 68.661180 
45600 13 2.721145 24.916282 3.392690 50.028963 0.658276 70.500651 
45650 13 2.775828 26.967649 3.388723 45.384873 0.652852 48.445455 
45700 13 2.993674 27.030204 3.420737 44.169694 0.652795 61.707838 
45750 13 3.275135 29.987953 3.352756 49.940330 0.725168 67.947370 
45800 13 3.266461 33.378835 3.364838 51.917966 0.665760 34.512781 
45850 13 3.179311 29.112066 3.401231 46.994327 0.732076 43.140212 
45900 13 2.802201 28.659075 3.407491 43.865579 0.787371 35.033942 
45950 14 2.364375 28.359140 3.408423 46.547826 0.832102 60.356106 
46000 13 3.033527 31.017397 3.405140 44.544027 0.575492 44.260679 
46050 13 2.865816 29.184302 3.317473 48.348201 1.026988 60.104256 
46100 13 3.516885 25.714899 3.368330 43.647229 0.729445 61.623679 
46150 13 3.507522 29.599254 3.398700 43.201874 0.625711 83.388489 
46200 13 3.396904 33.489532 3.405486 45.731889 0.635182 36.310934 
46250 13 3.247776 29.242186 3.394158 42.649419 0.732921 53.237229 
46300 14 2.919018 28.936401 3.382056 45.306745 0.601678 70.455033 
46350 13 2.730270 30.180112 3.390200 45.752780 0.608126 45.656480 
46400 13 2.888221 26.412816 3.422459 43.879602 0.790870 79.324291 
46450 13 2.915204 27.970070 3.421628 49.934169 0.715715 87.228458 
46500 13 2.713572 27.884298 3.420451 49.651748 0.810796 70.631820 
46550 12 2.832529 25.092601 3.409702 47.716166 0.769088 61.114121 
46600 13 2.711396 21.621375 3.428797 48.992146 0.598105 37.054125 
46650 13 2.759478 27.874339 3.423214 46.073678 0.823211 33.862413 
46700 13 2.828213 26.606420 3.440756 46.269529 0.802736 38.509461 
46750 13 2.798685 25.213484 3.460905 45.264690 0.650981 59.568621 
46800 13 3.154380 26.720767 3.464784 45.692546 0.532051 51.398074 
46850 13 3.125090 31.733052 3.498150 42.745449 0.647185 47.422808 
46900 13 3.203400 24.890278 3.491103 42.715886 0.839216 38.025551 
46950 13 2.965218 26.924393 3.510596 42.628522 0.605502 47.014240 
47000 13 2.922029 31.186004 3.519477 41.661508 0.846186 64.025319 
47050 13 3.137238 28.247161 3.508578 41.747867 0.599134 66.225394 
47100 13 3.230659 27.918234 3.479235 44.267945 0.880851 84.735146 
47150 14 3.145745 32.678699 3.560801 41.193579 0.660885 125.149694 
47200 14 3.132975 32.494848 3.556572 40.852759 0.613351 56.357767 
47250 13 3.107191 28.726576 3.595376 40.977450 0.806080 67.496282 
47300 13 3.258798 37.892977 3.567922 42.613549 0.611533 54.846338 
47350 13 3.094750 34.611692 3.529017 45.472590 0.737579 28.813627 
47400 13 2.897714 33.144783 3.536281 43.425819 0.716001 37.353639 
47450 13 3.236974 33.008305 3.538344 40.559119 0.756003 20.739932 
47500 12 3.025937 30.039839 3.560754 41.555992 0.813082 26.106099 
47550 13 2.890089 31.486722 3.509005 43.811777 0.771732 63.110550 
47600 14 3.275317 33.590635 3.478528 43.910407 0.536244 68.107760 
47650 13 3.146921 33.873850 3.483669 42.657028 0.658145 59.161410 
47700 13 2.928401 34.628109 3.487023 47.694876 0.652909 39.517122 
47750 13 2.910600 35.152945 3.513739 41.814482 0.654883 50.839102 
47800 13 3.061197 34.148748 3.526254 42.136269 0.611865 60.977761 
47850 13 3.397226 31.199903 3.504027 43.980339 0.661750 53.734181 
47900 13 3.194585 34.408257 3.499589 42.678703 0.679289 50.870334 
47950 14 3.038419 27.425870 3.521815 42.124706 0.644850 68.434690 
48000 13 2.676964 23.328926 3.517462 46.345559 0.542723 48.153116 
48050 13 2.971460 20.257298 3.537789 42.199970 0.646511 66.317784 
48100 13 2.851228 24.038739 3.513563 43.944263 0.661348 49.526472 
48150 13 3.014519 26.612918 3.478379 43.822098 0.709555 72.290733 
48200 12 3.155658 25.561721 3.482930 40.233877 0.568625 84.407174 
48250 13 3.315214 26.249416 3.503180 44.804335 0.821509 46.288532 
48300 13 3.025027 20.062955 3.436212 47.573461 0.702488 70.895973 
48350 13 2.805100 19.483214 3.368769 46.779560 0.717633 52.065432 
48400 13 2.873301 24.152414 3.356194 50.256213 0.813169 57.499466 
48450 13 3.132345 24.083960 3.358473 50.515854 0.710770 77.077962 
48500 13 2.811187 31.620823 3.372208 45.789457 0.749737 62.339495 
48550 13 3.323900 28.195384 3.334697 48.223268 0.701446 106.009127 
48600 13 2.834360 28.565311 3.350792 45.238746 0.765689 47.221089 
48650 12 2.997180 27.990934 3.395966 44.896003 0.583467 51.772163 
48700 13 2.846309 31.694167 3.448329 45.186107 0.548571 55.936837 
48750 13 3.034400 31.832162 3.425744 45.449874 0.741640 57.363990 
48800 13 2.833838 31.198463 3.388464 45.326257 0.618285 57.628689 
48850 14 2.760813 32.775953 3.371102 45.365593 0.683760 45.232494 
48900 13 3.069070 35.015427 3.350180 44.194560 0.748720 34.924008 
48950 13 2.920332 30.784983 3.350131 47.734197 0.653173 57.729913 
49000 13 3.246440 33.555881 3.412709 45.442082 0.671306 58.520342 
49050 13 3.447194 27.586043 3.419192 43.267680 0.666513 79.445809 
49100 13 2.581104 28.127968 3.420602 45.933177 0.643500 84.263632 
49150 13 2.786294 30.678676 3.433539 45.701211 0.685842 57.854149 
49200 12 2.934347 33.212603 3.432789 45.960567 0.634736 54.164769 
49250 14 2.722875 34.902708 3.407336 45.622278 0.673059 95.263461 
49300 12 3.072768 32.701986 3.431347 45.433625 1.022396 87.227147 
49350 13 3.045233 30.826104 3.430087 46.179382 0.783349 87.916350 
49400 13 2.850487 33.742820 3.433204 45.450873 0.731979 82.175866 
49450 13 3.009497 30.265526 3.402914 47.078608 0.640070 56.748974 
49500 14 2.956357 33.714180 3.396927 46.735851 0.773209 55.115708 
49550 13 2.898000 25.733615 3.431272 45.001475 0.767932 80.717537 
49600 13 2.827163 31.405914 3.411983 47.403661 0.607121 81.032013 
49650 13 2.827094 33.019839 3.397944 46.437659 0.764452 78.709021 
49700 13 3.032242 26.676163 3.402650 46.026636 0.816696 27.202953 
49750 13 2.848462 29.048316 3.417851 44.194884 0.748008 51.921375 
49800 12 2.992810 22.835753 3.410335 49.310114 0.790014 31.946366 
49850 13 2.993623 23.444149 3.416901 48.072034 0.747126 80.748243 
49900 13 3.071348 27.916072 3.403861 45.340780 0.713777 54.359110 
49950 12 2.952479 26.958766 3.384935 47.198411 0.628077 75.652167 
