0 4 2.810000 24.920000 4.231280 23.868487
50 5 2.698352 24.581348 4.204019 30.238915
100 6 2.517805 24.019606 4.170157 39.129979
150 7 2.504950 24.103835 4.187506 33.312462
200 6 2.516101 24.342768 4.171428 38.842532
250 7 2.743412 24.524688 4.170721 26.934572
300 7 2.658971 24.815886 4.202142 31.392765
350 7 2.779218 24.815886 4.153585 34.451748
400 9 2.823441 25.192086 4.077572 22.669009
450 7 2.887240 25.044572 4.113770 28.603767
500 7 3.006133 25.116222 3.961365 36.381950
550 7 2.948953 25.324380 3.838379 43.103827
600 7 2.734809 25.730081 3.856290 47.905110
650 7 2.866788 27.078756 3.810134 46.095499
700 7 2.816997 27.228388 3.668137 51.949116
750 7 2.851053 25.130374 3.593009 50.573077
800 7 2.904075 24.452258 3.561768 50.699791
850 7 3.047997 25.757417 3.833348 44.469588
900 7 2.800279 24.654864 3.635630 55.443910
950 7 2.693574 23.687430 3.803854 49.441128
1000 7 2.776770 23.997562 3.852558 41.718076
1050 8 2.915745 25.264081 3.703989 46.447896
1100 9 2.724356 25.467918 3.765317 44.529831
1150 8 2.840413 26.235552 3.732542 47.953782
1200 7 2.735846 25.767748 3.744292 44.594145
1250 7 2.347189 25.440040 3.767206 52.622010
1300 7 2.499830 26.768677 3.725295 49.846715
1350 8 2.693672 28.115821 3.702595 53.254851
1400 7 2.714917 30.129768 3.676881 47.844775
1450 8 2.791904 32.011999 3.831637 37.473967
1500 6 2.889668 32.737463 3.924112 46.129773
1550 7 2.923347 30.146810 3.906212 44.518853
1600 7 2.581103 28.606813 3.931341 44.720791
1650 7 2.626101 26.146985 3.845886 48.730914
1700 7 2.583720 27.080686 3.803714 47.706457
1750 9 2.752307 27.506828 3.755037 52.389905
1800 7 2.582567 25.807746 3.783108 48.161501
1850 6 2.513504 22.292684 3.813749 48.359477
1900 8 2.644869 24.619830 3.783590 50.551678
1950 6 2.608588 28.265479 3.854118 48.288758
2000 7 2.582376 27.543047 3.842018 45.669180
2050 7 2.607022 24.757428 3.772639 46.221598
2100 7 2.674605 24.952697 3.728555 51.832974
2150 8 2.740701 22.556338 3.757436 44.403198
2200 8 2.563568 25.913856 3.752704 44.319182
2250 7 2.701671 25.955092 3.717305 45.677879
2300 7 2.901384 29.433810 3.799664 46.033171
2350 7 2.867410 32.831272 3.875858 41.800736
2400 7 3.161303 33.039773 3.828084 38.031393
2450 7 2.623600 32.422308 3.823081 39.606700
2500 7 3.010740 32.323363 3.882818 45.340870
2550 10 2.712580 32.788552 3.964753 22.517357
2600 7 2.748928 31.875505 3.877348 44.294670
2650 8 2.691125 32.739305 3.997274 46.301779
2700 7 2.579076 33.175869 3.978222 45.321016
2750 7 2.432616 34.256953 4.037770 44.229463
2800 9 2.517464 32.887073 4.049366 35.260071
2850 9 2.509777 30.935333 3.998243 41.100457
2900 7 2.387227 32.093165 4.031046 39.601540
2950 8 2.381804 31.709856 3.835890 43.690082
3000 7 2.545733 32.443246 3.786857 50.107979
3050 6 2.815686 33.002013 3.934012 44.981554
3100 7 2.655078 32.984876 3.933570 40.567236
3150 7 2.749834 34.128241 4.007063 39.007341
3200 6 2.855779 32.967198 4.045582 38.617021
3250 8 2.715129 32.824750 4.011283 30.421143
3300 7 2.823369 32.053171 4.018997 38.815982
3350 7 2.856169 31.906694 3.978212 37.996514
3400 8 2.972751 32.258000 3.858707 40.207972
3450 7 3.310852 32.848701 3.860219 37.048174
3500 7 2.923737 32.292835 3.818536 42.429979
3550 7 2.723720 32.394161 3.841102 44.426524
3600 7 2.812558 32.998459 3.937191 44.005229
3650 7 2.939689 33.112088 3.917615 42.442829
3700 7 2.686877 34.130276 3.913976 39.414871
3750 7 2.708127 33.765949 3.935042 41.341292
3800 7 2.996565 33.205336 3.949481 42.895675
3850 8 2.719072 32.981062 3.955497 44.755217
3900 7 2.764300 33.172352 3.948423 38.096094
3950 7 2.853172 33.403171 4.108920 34.902923
4000 7 2.542362 32.082783 3.972836 46.666981
4050 9 2.601805 33.531900 3.891252 41.700202
4100 7 2.434380 35.360830 3.924410 38.281064
4150 7 2.384473 33.378824 3.788806 45.838088
4200 6 2.605146 34.261722 3.787078 41.590704
4250 7 2.572477 32.331192 3.798666 42.333337
4300 7 2.838542 35.141499 3.710030 41.965691
4350 8 3.122771 32.224379 3.681899 42.978673
4400 7 2.714748 32.504108 3.660796 46.500234
4450 7 2.607426 30.339327 3.672651 46.313090
4500 8 2.571339 28.162352 3.638684 47.397722
4550 7 2.469757 26.001693 3.699209 46.537778
4600 7 2.624021 26.070301 3.718480 46.618024
4650 7 2.814546 29.042936 3.718480 46.618024
4700 8 2.702177 32.887725 3.731297 45.853277
4750 7 2.810062 35.205869 3.733999 47.081970
4800 9 2.396810 28.433590 3.715903 47.513535
4850 7 2.701446 25.469884 3.706948 47.537926
4900 7 3.036315 28.666226 3.706948 47.537926
4950 7 3.355963 31.593277 3.706948 47.537926
5000 7 3.230009 36.835346 3.706948 47.537926
5050 7 3.344765 36.258493 3.706948 47.537926
5100 7 3.025629 35.037450 3.703193 47.496215
5150 7 3.056373 36.717415 3.703193 47.496215
5200 7 2.900317 30.650673 3.660088 47.680174
5250 7 2.911601 27.758833 3.660088 47.680174
5300 7 3.301970 33.615270 3.650531 47.906272
5350 7 3.250340 34.493780 3.646208 47.783050
5400 7 3.311574 34.034811 3.643775 47.372328
5450 7 3.064826 40.513057 3.652355 48.029301
5500 7 2.789462 40.082637 3.679286 46.573031
5550 7 2.757363 45.378413 3.671446 46.600728
5600 7 3.051813 36.212892 3.646129 48.883578
5650 7 2.858195 36.390758 3.624661 47.425578
5700 8 2.979599 36.817028 3.652915 46.914989
5750 7 2.688055 45.229141 3.680137 47.619715
5800 6 2.870899 45.107629 3.673315 43.093069
5850 8 2.940744 43.284288 3.708591 39.091125
5900 7 2.925238 44.501729 3.755247 43.898384
5950 7 3.182350 44.975910 3.751744 35.431411
6000 7 3.203389 42.504302 3.814891 41.396284
6050 8 3.315058 39.936006 3.827142 37.728214
6100 8 3.347014 40.867919 3.817167 42.193159
6150 8 3.216582 38.828817 3.771782 41.877884
6200 7 3.111022 38.435784 3.763128 40.130175
6250 8 2.958913 41.204208 3.772834 38.806039
6300 8 3.031051 39.186054 3.803006 43.615729
6350 7 2.770551 44.139914 3.805821 42.582920
6400 7 2.928461 35.739454 3.810468 42.079648
6450 6 2.776136 36.485847 3.754996 42.650113
6500 7 3.018466 41.816062 3.750349 43.137307
6550 7 3.112924 48.780540 3.743352 43.973594
6600 7 3.055954 46.622621 3.790397 42.380517
6650 7 3.084496 41.874894 3.828848 41.901006
6700 7 3.002341 42.528358 3.771801 42.108441
6750 7 2.643889 44.961201 3.782387 42.977385
6800 7 3.090365 47.361155 3.758717 42.175978
6850 7 3.056974 46.117984 3.784241 45.154838
6900 8 2.989889 46.418644 3.729021 40.171581
6950 8 3.122364 46.337837 3.745590 43.384730
7000 7 2.875474 41.779042 3.700097 44.593698
7050 7 3.058286 38.834290 3.663884 42.208714
7100 7 2.962595 43.224077 3.600132 49.119164
7150 7 3.143409 43.323889 3.566311 47.796868
7200 8 3.334560 52.260483 3.641459 48.559314
7250 7 3.358756 44.185940 3.683379 45.368740
7300 7 3.349603 45.308514 3.734752 38.056972
7350 7 3.440129 45.527269 3.698946 43.553655
7400 7 3.205191 44.633370 3.763644 37.188404
7450 7 3.184990 43.440069 3.768447 44.095152
7500 7 3.192224 44.104393 3.721301 44.869745
7550 7 3.200177 46.753809 3.826195 37.995135
7600 7 3.189016 46.674195 3.796849 44.476131
7650 7 3.317193 47.513939 3.719509 43.118920
7700 7 3.009670 46.442954 3.711588 45.049520
7750 7 3.407317 46.204798 3.853018 38.876329
7800 7 3.395454 46.448253 3.743536 45.060443
7850 7 3.451790 47.753592 3.704140 39.118774
7900 7 3.320680 51.702374 3.675679 43.337373
7950 7 3.320249 50.562769 3.732673 48.112611
8000 7 3.158077 52.529577 3.608749 39.041220
8050 7 2.847648 51.780951 3.691208 40.806434
8100 7 2.492528 48.500881 3.659448 50.185669
8150 8 2.658439 47.837018 3.818319 47.132844
8200 7 2.805060 47.894314 3.831379 40.034775
8250 7 2.861809 48.354638 3.740587 42.934952
8300 8 2.914530 47.307758 3.672296 44.933373
8350 7 2.770468 49.386754 3.553106 48.970627
8400 7 3.310227 50.636862 3.569275 51.130297
8450 7 2.995339 50.841816 3.709668 42.084125
8500 8 3.076444 50.506531 3.728873 42.114348
8550 7 3.250817 51.406150 3.668382 43.994253
8600 7 3.249363 50.755207 3.636122 47.407451
8650 7 3.052465 42.556218 3.577489 44.463462
8700 7 3.516726 47.303330 3.551667 49.981220
8750 7 3.100840 49.290204 3.563249 48.748636
8800 7 3.150895 51.892168 3.529939 48.309631
8850 7 3.028680 53.204572 3.526415 47.652829
8900 7 2.943396 50.221775 3.575383 48.071068
8950 8 2.838155 55.025789 3.575383 48.071068
9000 7 3.286110 54.426004 3.533775 48.770021
9050 7 3.413503 45.244629 3.424326 48.466979
9100 7 3.351065 54.170000 3.447029 48.983101
9150 8 3.412866 52.387429 3.455467 48.922562
9200 7 3.271609 53.726354 3.486526 47.909532
9250 7 3.320881 48.901338 3.507237 45.829274
9300 7 3.271765 51.830410 3.626162 45.176951
9350 7 3.195503 54.885421 3.713028 42.097254
9400 7 3.534220 56.306909 3.763281 38.432659
9450 7 3.629978 51.721935 3.816212 33.524832
9500 7 3.451959 53.340092 3.858466 37.899287
9550 7 3.423607 47.927854 3.800475 40.373253
9600 7 3.318834 50.981285 3.899378 39.652967
9650 7 3.176367 52.323951 3.809856 40.774828
9700 7 3.313573 43.390155 3.738115 40.235868
9750 7 3.303021 50.894191 3.709510 40.779745
9800 8 3.319621 46.319399 3.756501 40.091434
9850 7 3.176370 38.284627 3.825413 40.498033
9900 7 3.303923 39.896192 3.788501 39.154824
9950 7 3.255087 35.851334 3.829653 38.606973
10000 7 3.288482 33.728313 3.822534 39.003342
10050 7 3.020217 44.613469 3.802064 40.048251
10100 7 3.054773 48.091414 3.801247 40.061342
10150 8 3.026958 52.411270 3.726030 42.512355
10200 7 3.131298 46.617414 3.811223 39.645960
10250 7 3.049698 51.791738 3.754211 45.534290
10300 7 2.945693 51.383999 3.798357 46.140615
10350 7 2.904450 42.303037 3.760285 43.710986
10400 7 3.048691 33.305516 3.723935 40.109422
10450 7 3.221456 35.870415 3.754281 51.527117
10500 7 3.029208 36.819040 3.777667 41.277034
10550 7 2.815015 41.277172 3.860409 39.790613
10600 8 2.812055 41.801506 3.824091 41.145985
10650 7 2.856317 48.290658 3.667189 49.499792
10700 8 2.892885 46.598517 3.638258 45.201075
10750 7 2.940727 40.494624 3.594741 47.023421
10800 8 3.077178 33.364170 3.604219 48.566430
10850 7 3.376342 31.321905 3.552687 47.724097
10900 8 3.344058 33.948668 3.559458 43.751112
10950 7 3.515160 33.924103 3.586160 43.002586
11000 7 3.448432 32.318596 3.564027 47.021036
11050 7 3.388774 29.404140 3.582966 44.102667
11100 7 3.364407 39.025353 3.567290 43.972486
11150 8 3.323921 32.357276 3.540583 53.093224
11200 7 3.215341 31.346159 3.524846 54.060586
11250 7 3.272285 34.674796 3.543310 43.924855
11300 8 3.101957 28.060274 3.562000 42.102204
11350 7 2.926005 28.093454 3.657318 46.003191
11400 9 3.008077 24.837877 3.726974 46.723002
11450 7 3.062960 29.426595 3.759110 44.665130
11500 7 3.045535 30.705640 3.680873 45.484610
11550 8 3.414843 26.157051 3.702465 48.596280
11600 7 3.525940 19.742244 3.700722 42.523078
11650 7 3.454324 20.334060 3.761939 35.060169
11700 8 3.637305 29.245345 3.799327 38.053936
11750 7 3.707024 28.419258 3.901120 29.047685
11800 9 3.741033 23.441986 3.802831 33.118307
11850 7 3.310424 24.785979 3.720086 45.151186
11900 9 3.110996 19.860666 3.673347 45.393147
11950 7 3.177649 25.138609 3.696951 43.816928
12000 7 3.192748 25.340141 3.793967 43.884174
12050 7 2.865917 28.720877 3.797531 43.132188
12100 8 3.120409 23.013520 3.797026 49.904659
12150 7 3.025760 34.602128 3.898925 35.543646
12200 7 2.923534 28.603103 3.967297 33.922981
12250 7 2.917624 34.431826 3.947799 34.647153
12300 8 2.677930 34.819173 3.999471 40.425247
12350 7 2.433286 38.240378 3.875966 49.360791
12400 8 2.542666 31.290712 3.752793 46.343946
12450 7 2.605400 27.418626 3.809457 41.222975
12500 7 2.818621 34.263652 3.708655 40.057665
12550 8 2.940120 32.173266 3.854332 42.606152
12600 7 2.856509 33.414264 3.870141 41.891131
12650 8 2.779776 37.182250 3.810077 40.626594
12700 7 2.843141 38.454275 3.902957 37.567867
12750 7 2.730779 37.700678 3.807508 46.838256
12800 7 2.791906 36.466516 3.780772 40.697814
12850 7 2.934554 42.161864 3.828503 40.691108
12900 8 2.943727 43.100886 3.679373 42.864822
12950 7 3.382876 37.297916 3.745754 42.670209
13000 7 3.639329 39.703815 3.755705 38.084197
13050 7 3.738130 40.372501 3.801769 28.785124
13100 7 3.812862 35.889675 3.853846 36.780191
13150 8 3.575749 38.704503 3.813833 36.233509
13200 7 3.363638 38.259718 3.907754 35.768204
13250 7 3.457801 40.248720 3.877414 35.195216
13300 7 3.274541 37.032983 3.797647 41.515760
13350 7 3.417187 39.485286 3.615319 44.451584
13400 7 3.514171 40.857568 3.692839 41.944952
13450 6 3.404025 38.752095 3.758560 37.160058
13500 7 2.852765 37.421559 3.645743 55.675095
13550 7 3.018635 38.288485 3.659170 48.994861
13600 8 3.205273 37.256110 3.766125 43.747191
13650 7 3.304444 36.211122 3.705181 37.670386
13700 8 3.525190 34.206602 3.646822 42.691452
13750 7 3.290568 28.974050 3.683514 43.067963
13800 8 3.205706 28.560794 3.781994 38.871333
13850 7 3.112809 28.352036 3.813275 44.766161
13900 7 3.088024 29.567936 3.784539 41.491030
13950 7 2.883276 23.682239 3.731947 41.499702
14000 7 2.922381 27.053731 3.763784 44.188948
14050 7 2.943171 22.136391 3.833145 44.427269
14100 7 2.846339 25.465803 3.816833 46.592758
14150 7 2.683544 29.339957 3.750076 50.300604
14200 8 2.532844 29.035782 3.780919 44.000946
14250 7 2.748467 29.340654 3.724129 45.503480
14300 7 2.521116 34.276638 3.812840 45.518916
14350 8 2.570752 41.570290 3.667257 47.524380
14400 7 3.061478 35.401200 3.698435 44.373273
14450 7 2.757781 35.122732 3.731475 44.698004
14500 7 2.840819 34.587598 3.761894 42.889175
14550 7 3.227835 37.448815 3.704755 39.100887
14600 7 3.189131 32.939986 3.603553 47.506393
14650 7 3.602773 30.244642 3.681780 35.997771
14700 7 3.855748 28.138556 3.648888 38.390122
14750 8 3.877188 31.997911 3.720022 36.448898
14800 8 3.843960 36.020380 3.799233 37.071299
14850 7 3.584163 32.316370 3.661973 39.960132
14900 8 3.552488 33.193197 3.871696 29.191431
14950 8 3.442003 31.094638 3.781965 40.043713
15000 8 3.608226 30.233634 3.859275 33.364253
15050 7 3.518297 33.971028 3.934045 29.514603
15100 7 3.559266 30.759101 3.939772 35.597741
15150 7 3.470847 34.629442 3.934958 33.760769
15200 7 3.270560 28.370660 3.889528 35.447371
15250 8 3.131807 27.501680 3.875347 35.126178
15300 7 2.791249 33.335350 3.870981 41.563138
15350 7 2.773463 26.891775 3.786079 44.324998
15400 7 2.585905 31.617290 3.915145 35.523161
15450 8 2.686800 37.781277 3.906894 37.943724
15500 7 2.725000 30.587404 3.840145 39.663958
15550 8 3.092458 27.420573 3.821646 40.241109
15600 7 3.256854 32.934548 3.789947 38.488315
15650 7 3.177924 34.342716 3.740788 38.178164
15700 7 3.275217 34.427799 3.762389 39.348185
15750 7 3.503103 42.990826 3.769720 40.889862
15800 9 3.491406 39.510110 3.729251 41.238871
15850 7 3.575013 43.449410 3.654236 38.461076
15900 8 3.411852 42.007998 3.606767 40.340469
15950 8 3.370558 38.624301 3.570257 43.641403
16000 8 3.584657 41.145294 3.588140 43.174803
16050 8 3.604060 43.280844 3.566664 48.139987
16100 7 3.521494 40.893468 3.576398 41.529742
16150 7 3.629387 35.226050 3.568173 43.160403
16200 7 3.555888 35.804561 3.598978 42.339592
16250 7 3.527295 35.495970 3.635689 43.450698
16300 8 3.183725 37.610649 3.662235 41.934701
16350 8 3.141054 34.671393 3.647493 42.340102
16400 7 3.268735 25.213895 3.552778 43.664230
16450 7 3.688164 37.212125 3.534702 42.793089
16500 7 3.542010 26.838331 3.556241 41.220727
16550 7 3.754377 22.178255 3.473319 43.912600
16600 8 3.530607 26.303982 3.581272 45.685927
16650 7 3.893698 26.842687 3.552984 40.372419
16700 7 3.886011 33.014010 3.582039 40.849456
16750 8 3.945104 31.550340 3.632611 36.493999
16800 7 3.538919 39.945392 3.670758 41.017905
16850 7 3.677472 39.368025 3.715956 38.850569
16900 7 3.397603 35.578604 3.676659 39.841108
16950 7 3.573235 34.105663 3.674453 38.254356
17000 8 3.620102 28.632009 3.707903 39.848771
17050 7 3.470078 28.762531 3.698326 40.591888
17100 7 3.176871 28.207980 3.686538 41.174816
17150 7 3.215634 29.997296 3.735947 40.082507
17200 7 3.029471 35.937712 3.748747 40.527627
17250 7 2.973386 40.901126 3.711659 39.849288
17300 8 2.744671 38.699552 3.707682 41.048593
17350 7 3.311166 33.510624 3.695938 39.994434
17400 7 3.483527 32.559162 3.668219 42.123318
17450 7 3.357026 30.284941 3.686509 45.479861
17500 9 2.989513 34.148845 3.715471 42.026302
17550 7 2.824091 31.279913 3.675666 42.001152
17600 7 3.082511 33.723379 3.686319 43.710691
17650 7 3.114791 34.799206 3.690009 43.039121
17700 7 3.276967 36.341142 3.705711 42.020127
17750 7 2.895091 32.685540 3.746038 45.788040
17800 8 2.724815 36.432331 3.740473 40.006979
17850 7 2.722734 36.245885 3.773166 45.258796
17900 7 2.480893 34.864168 3.768289 44.289490
17950 7 2.594502 34.388569 3.821358 39.991579
18000 7 2.725476 37.789577 3.894723 44.985256
18050 7 2.838892 34.845801 3.914207 39.357067
18100 7 2.898781 37.181983 3.853460 37.366794
18150 6 3.193903 35.488836 3.855032 41.134357
18200 7 3.520393 40.408996 3.835792 40.164072
18250 7 3.530505 35.339975 3.878624 37.445229
18300 7 3.433113 32.307548 3.877203 39.159161
18350 7 2.857995 36.973077 3.784399 45.660274
18400 7 3.235606 32.838994 3.810399 44.550207
18450 7 3.393729 44.128024 3.684209 42.800156
18500 7 3.341803 46.583951 3.757533 46.975931
18550 7 3.032525 44.339879 3.695932 44.118764
18600 7 2.988800 49.864358 3.740349 43.270027
18650 7 2.797024 42.304412 3.728571 43.409196
18700 7 2.698600 47.447597 3.762256 41.956576
18750 7 2.852540 46.896731 3.816327 43.297084
18800 7 2.912974 42.715183 3.780235 43.636853
18850 7 3.125599 47.805590 3.766455 46.189197
18900 7 3.057576 38.684545 3.710755 46.534525
18950 7 3.019558 36.550090 3.740597 42.562694
19000 7 3.424849 28.735302 3.845813 38.778407
19050 7 3.099023 32.588792 3.690252 43.748556
19100 7 3.101315 37.137631 3.653113 47.415130
19150 7 3.258131 33.679305 3.501637 45.352490
19200 7 3.202928 35.853670 3.506665 45.240888
19250 7 3.655661 35.289618 3.503111 41.629054
19300 7 3.195202 38.750225 3.543794 43.207810
19350 7 3.661622 36.101357 3.611718 45.556152
19400 8 3.529418 39.446317 3.583186 49.730289
19450 7 3.858230 44.955056 3.545695 42.624664
19500 8 3.845012 44.559359 3.528761 42.827828
19550 7 4.032139 50.268701 3.523477 42.046788
19600 8 3.706702 44.053970 3.622786 41.124226
19650 7 3.635134 39.187219 3.642280 47.175653
19700 7 3.526322 37.971860 3.592714 43.771793
19750 7 3.578476 40.834974 3.509185 49.808904
19800 7 3.773232 38.790780 3.539436 42.745168
19850 7 3.673775 39.247215 3.548239 42.376706
19900 7 3.816375 37.697484 3.596410 40.503972
19950 7 3.715444 33.316762 3.624390 39.126239
20000 7 3.616546 41.908034 3.624944 42.854308
20050 7 3.515053 41.665524 3.607743 38.814410
20100 9 3.447688 33.337315 3.711022 40.042065
20150 7 3.481618 37.811612 3.775436 37.181907
20200 7 3.624402 32.508031 3.824613 37.485330
20250 7 3.358013 31.144637 3.734984 40.577635
20300 7 3.198629 38.769947 3.935515 33.871023
20350 7 3.215124 45.769413 3.869253 38.206359
20400 7 3.384340 43.804633 3.795712 38.642284
20450 8 3.304479 40.707904 3.825630 36.179460
20500 7 3.500299 43.449355 3.948623 30.593783
20550 8 3.264352 43.751335 3.874795 38.906767
20600 8 3.031719 40.295127 3.915882 42.214993
20650 8 2.823992 28.582038 3.892256 40.484337
20700 7 2.925977 32.207565 3.773402 45.600879
20750 7 2.816856 34.432456 3.835242 43.662376
20800 7 2.789247 38.242721 3.842047 38.506435
20850 8 2.869126 42.155180 3.742721 40.881444
20900 7 2.823605 40.050675 3.813709 39.147720
20950 7 2.842003 42.149764 3.848640 38.430548
21000 8 3.017970 38.328052 3.833278 37.042461
21050 7 2.973883 42.553429 3.832296 44.712388
21100 7 2.971433 46.460085 3.780589 39.278366
21150 7 2.999968 43.665525 3.789275 43.533671
21200 7 3.043307 40.003483 3.781054 42.487051
21250 7 3.152042 43.223538 3.691109 45.111954
21300 7 3.000308 39.639181 3.687527 42.541012
21350 7 3.182579 40.236977 3.647941 46.548769
21400 8 3.384242 38.849833 3.654443 43.320839
21450 7 3.272079 37.979336 3.674681 41.481390
21500 7 3.255823 33.638268 3.619646 47.080209
21550 7 3.341664 43.329721 3.600278 45.743577
21600 7 3.319870 53.528574 3.561368 49.610019
21650 7 3.143132 42.512482 3.655894 51.737091
21700 7 3.114630 41.861923 3.755030 43.992786
21750 8 3.266601 46.929041 3.781389 37.679274
21800 7 3.164224 45.543644 3.786682 35.083414
21850 7 3.273774 47.939779 3.701553 36.671410
21900 8 3.417917 46.643139 3.715770 39.877994
21950 7 3.489922 40.546573 3.558515 48.729800
22000 7 3.335390 46.911458 3.617026 39.158367
22050 8 3.333460 41.295594 3.592792 40.295077
22100 7 3.669363 44.561148 3.573083 40.015032
22150 7 3.478863 44.435993 3.664236 41.982074
22200 7 3.550515 48.315534 3.635832 43.581217
22250 7 3.670588 43.592873 3.546088 44.451865
22300 8 3.356154 43.052077 3.593083 46.422886
22350 7 3.343442 52.974349 3.618144 41.451993
22400 7 3.442126 57.295703 3.652110 40.516050
22450 8 3.397992 56.513472 3.645155 43.240831
22500 7 3.681305 49.126847 3.680333 37.035390
22550 8 3.560964 46.167479 3.615790 52.016869
22600 7 3.643690 47.343972 3.671883 41.017972
22650 7 3.492184 46.072378 3.739448 37.548943
22700 7 3.641291 47.169671 3.785205 37.842488
22750 7 3.329140 46.883061 3.837173 39.364975
22800 7 3.357215 50.621961 3.696762 39.661151
22850 7 3.360475 54.635541 3.639148 39.769995
22900 7 3.344053 58.808416 3.663025 39.480288
22950 8 3.260404 55.457694 3.859437 35.195899
23000 7 3.215798 53.025315 3.799548 38.551540
23050 7 3.502943 42.083921 3.773535 38.624345
23100 7 3.484534 36.604213 3.746041 39.716436
23150 7 3.570098 36.369950 3.680966 38.721658
23200 7 3.522138 51.047526 3.710992 40.033740
23250 7 3.484406 42.335146 3.675293 40.674005
23300 7 3.378648 44.914029 3.730930 44.275752
23350 8 3.269186 44.626145 3.704875 40.771665
23400 7 3.143092 42.014170 3.679853 42.696224
23450 7 3.216390 38.145102 3.670815 44.926216
23500 7 3.473543 40.377275 3.728733 37.941550
23550 9 3.240195 43.726436 3.785690 43.347536
23600 7 3.189589 38.844470 3.699655 41.979573
23650 8 3.531044 37.166959 3.673260 39.288271
23700 8 3.666157 37.964227 3.668566 39.890427
23750 7 3.405860 43.058172 3.724975 41.570718
23800 8 2.980965 38.546597 3.710493 44.240047
23850 8 2.965375 37.915956 3.818143 43.584772
23900 7 3.159402 42.466890 3.788200 44.012592
23950 7 2.783496 42.590959 3.757680 43.631163
24000 7 2.782269 40.747449 3.655269 46.959845
24050 7 2.722833 43.018228 3.685480 46.703449
24100 7 2.508198 43.783039 3.682949 43.910835
24150 7 3.135094 42.663011 3.712029 40.927178
24200 7 3.072156 40.135099 3.748842 45.724716
24250 7 3.319204 40.836899 3.561903 45.378021
24300 7 3.184180 45.949039 3.657331 43.189122
24350 7 3.094747 43.554486 3.591101 48.249081
24400 7 2.955265 43.539853 3.668472 51.100154
24450 7 2.671104 46.815546 3.670079 50.092462
24500 8 2.513551 41.623939 3.758746 49.633301
24550 8 2.389405 42.011718 3.797430 47.787351
24600 8 2.429366 40.909234 3.806071 47.312880
24650 7 2.438758 32.589250 3.808776 47.854042
24700 7 2.656452 33.409568 3.804549 46.034426
24750 7 2.592167 40.187254 3.850556 46.037233
24800 8 2.695213 35.301012 3.832735 41.985949
24850 10 2.423193 38.336922 3.886387 38.076668
24900 7 2.564515 28.803698 3.814645 51.804441
24950 7 2.437061 34.704776 3.851391 50.537678
25000 7 2.600232 37.722461 3.833318 55.650309
25050 8 2.778683 38.920674 3.833506 40.594934
25100 7 2.630238 40.058739 3.793245 43.854421
25150 7 3.027869 36.742298 3.883131 39.440363
25200 9 2.601157 38.174190 3.908975 33.609913
25250 8 2.654990 30.633211 3.950609 42.094305
25300 7 2.984554 34.316827 3.916313 36.371315
25350 7 2.986389 32.820792 3.783449 38.819688
25400 8 3.004025 33.831158 3.779295 48.037804
25450 8 3.066482 37.585056 3.781886 36.003455
25500 7 3.192471 28.568004 3.695377 46.646031
25550 7 3.240333 33.149921 3.733368 35.868678
25600 7 3.158702 35.990698 3.693781 40.883031
25650 7 3.189852 25.783866 3.656729 45.135882
25700 8 3.252675 29.932925 3.624320 49.187775
25750 7 3.329475 33.228679 3.559846 47.390673
25800 7 3.450280 30.623995 3.443706 45.670714
25850 7 3.511228 27.202778 3.474682 45.698499
25900 7 3.587072 26.516106 3.503210 44.772353
25950 7 3.474230 27.695776 3.513764 44.710875
26000 8 3.654099 31.558988 3.485414 44.112639
26050 7 3.440507 35.287935 3.501168 44.734085
26100 7 3.735365 37.031362 3.479789 49.058350
26150 7 3.412086 37.689342 3.601471 44.634379
26200 7 3.362693 40.368334 3.730506 41.318973
26250 8 3.757334 37.445250 3.739063 39.555102
26300 7 3.318503 40.109422 3.675993 39.574811
26350 7 3.293466 38.739554 3.689801 44.083834
26400 7 2.998722 38.990958 3.651142 41.480195
26450 6 2.981256 35.670006 3.715334 41.064152
26500 7 2.975820 33.304853 3.643507 39.855678
26550 7 3.065869 30.270483 3.659126 42.070365
26600 7 3.330981 39.795069 3.679659 43.081788
26650 7 3.270897 40.859617 3.630074 43.818864
26700 7 2.967191 30.456275 3.734195 42.715978
26750 6 2.569984 32.191649 3.757285 40.573109
26800 7 2.839984 27.189816 3.871074 39.229825
26850 7 2.994666 46.353544 3.791794 44.053517
26900 7 3.269256 50.156507 3.847753 37.079223
26950 7 3.052569 45.270298 3.867248 41.982459
27000 7 3.134115 39.493480 3.794191 41.220424
27050 8 3.372510 39.811554 3.835318 42.164110
27100 7 2.804436 35.859237 3.839549 40.701040
27150 7 2.807865 39.346690 3.887103 42.462108
27200 7 2.936948 40.478026 3.887076 42.799360
27250 7 2.874250 36.098018 3.872794 44.131234
27300 7 2.833644 31.769795 3.833421 41.133308
27350 7 2.698243 40.389802 3.824190 39.620631
27400 8 2.740392 33.397835 3.879053 37.374849
27450 7 2.624790 35.202468 3.854270 40.990822
27500 7 2.540288 30.499680 3.899877 45.951484
27550 7 2.849298 37.736974 3.797137 44.307768
27600 8 2.947534 28.949265 3.792215 43.085090
27650 7 3.159975 31.512815 3.757757 42.384360
27700 7 3.188325 30.201885 3.760116 41.207669
27750 7 3.080069 30.125721 3.728253 44.979815
27800 7 3.017288 20.892200 3.692613 40.189398
27850 7 2.937796 24.464549 3.710623 39.718697
27900 7 3.220338 28.023029 3.706329 39.838042
27950 8 2.921057 36.153141 3.730367 38.856524
28000 8 2.859003 29.654610 3.721423 42.490137
28050 7 3.333232 32.271860 3.765364 40.280329
28100 7 3.266235 36.889958 3.705926 40.375682
28150 7 3.080555 32.644918 3.666581 42.387903
28200 8 3.285527 34.341019 3.714841 43.430197
28250 7 2.872096 37.643197 3.786886 42.611162
28300 7 2.901794 30.614399 3.823118 45.883621
28350 7 3.022141 20.016354 3.881193 35.835257
28400 8 2.895915 25.340647 3.814678 40.845969
28450 7 2.806797 24.533150 3.791510 44.000716
28500 8 2.649904 18.940677 3.754818 41.846296
28550 7 2.854506 23.751652 3.635036 50.346459
28600 7 3.146451 10.792943 3.600250 45.890164
28650 7 2.857285 7.004778 3.642617 48.151759
28700 7 2.900304 11.408860 3.689449 44.316788
28750 7 3.019339 12.175147 3.731267 45.565497
28800 7 2.993556 16.543977 3.656029 50.820330
28850 7 3.032837 14.961626 3.660469 50.626748
28900 7 2.883190 12.299567 3.683368 46.794797
28950 7 2.878607 18.463696 3.697081 47.272874
29000 7 2.558902 14.923707 3.660917 47.524971
29050 7 2.777544 15.245668 3.664032 47.913744
29100 8 2.960559 20.396252 3.650966 49.014129
29150 7 2.913418 16.699983 3.583272 47.293106
29200 7 2.665730 21.443047 3.672543 44.940240
29250 7 3.082610 15.207968 3.739835 48.296994
29300 8 2.999927 15.089394 3.780683 46.340377
29350 7 2.893104 18.101144 3.753767 43.333606
29400 7 2.999250 20.198808 3.738196 47.251033
29450 7 2.852858 20.950733 3.798770 43.235019
29500 7 2.886523 24.851739 3.745785 47.257008
29550 8 2.746796 21.458354 3.698750 46.454326
29600 8 2.595409 16.923702 3.682779 48.328441
29650 7 2.528797 20.806579 3.688424 45.549329
29700 7 2.740957 21.560267 3.721581 43.238313
29750 7 2.917500 18.809365 3.734268 51.001922
29800 8 2.832743 13.466958 3.816259 48.452867
29850 7 2.760734 15.141020 3.875017 43.570363
29900 7 2.810269 20.363850 3.814797 40.356891
29950 7 2.987662 23.957617 3.899781 42.281046
30000 10 2.885721 27.794221 3.831112 40.998328
30050 7 2.510071 25.736209 3.855658 45.694246
30100 7 2.649190 20.454670 3.934961 45.073898
30150 7 2.911491 21.014731 3.934066 47.010359
30200 7 2.981625 25.471197 3.996116 37.257608
30250 6 2.724631 22.615026 4.004834 43.649165
30300 5 2.903147 19.158471 4.009717 43.800160
30350 7 2.861011 23.760863 3.932846 43.987656
30400 6 2.560000 28.361124 3.964012 40.434538
30450 7 2.782687 32.007011 3.897814 38.969732
30500 8 2.768604 37.693982 3.804372 42.953301
30550 8 2.807833 30.193307 3.922559 37.906947
30600 7 2.852073 34.269410 3.788335 39.393649
30650 7 2.882865 33.510710 3.894755 41.810019
30700 7 3.060008 29.513132 3.853605 40.160071
30750 7 3.242956 28.035131 3.751688 40.851787
30800 7 3.328899 35.449681 3.647069 43.959555
30850 7 3.323137 31.558912 3.778745 39.453076
30900 8 3.097094 35.356950 3.750984 47.123111
30950 7 3.007685 36.439272 3.798391 47.820533
31000 7 2.953567 31.420801 3.757798 43.731461
31050 7 2.810042 26.443786 3.894029 45.024371
31100 7 2.526919 24.540030 3.752869 52.597653
31150 7 2.397479 27.974479 3.680995 49.675177
31200 8 2.546167 26.286029 3.691187 44.085641
31250 7 2.904763 31.358956 3.768249 46.871852
31300 7 3.036164 29.199300 3.802583 45.745128
31350 8 2.943785 36.662476 3.806520 42.165613
31400 7 2.833967 39.122154 3.769617 44.260204
31450 9 2.875417 36.026464 3.772100 42.653687
31500 7 2.710874 33.868145 3.796888 44.282905
31550 7 2.919337 36.976325 3.755047 41.114967
31600 7 3.031249 46.223086 3.812421 42.219025
31650 7 3.220437 40.199632 3.743150 43.037192
31700 7 3.160715 40.476432 3.733398 44.625993
31750 9 3.076239 43.509665 3.763726 44.871865
31800 7 2.979073 44.817782 3.622357 42.680379
31850 8 3.237319 45.387858 3.600456 46.861867
31900 8 3.527193 43.867106 3.649274 42.649102
31950 7 3.542972 43.106096 3.693921 40.415948
32000 7 3.302230 43.810275 3.581699 38.016007
32050 7 3.222604 44.897257 3.593036 45.566550
32100 7 3.289447 47.144791 3.656006 46.047673
32150 7 3.448445 55.072615 3.728315 43.605203
32200 8 3.265289 50.346257 3.744121 36.713596
32250 7 3.492978 50.086410 3.764454 40.321448
32300 7 3.340169 42.211817 3.742671 36.338675
32350 7 3.359766 52.596206 3.801694 38.062544
32400 7 3.346057 55.365484 3.805047 43.693581
32450 9 3.158073 46.398100 3.945065 30.357265
32500 8 3.110644 54.572969 3.884157 33.886329
32550 7 2.637660 57.120091 3.805212 46.590718
32600 7 2.662523 47.085278 3.940360 39.708744
32650 6 2.741500 51.859642 3.846479 40.668805
32700 7 2.777617 58.074821 3.713409 48.980460
32750 7 2.991441 49.001636 3.677637 50.491702
32800 8 2.811343 45.130322 3.644548 45.461248
32850 7 2.827134 44.618279 3.688721 43.925356
32900 7 2.981596 47.722703 3.741425 47.440495
32950 9 2.843686 44.596673 3.711425 47.770768
33000 7 2.860768 49.518760 3.729866 47.118950
33050 8 2.812508 46.600916 3.718736 47.650937
33100 7 3.182108 47.179870 3.701171 46.442791
33150 7 3.022870 45.178007 3.735354 46.677461
33200 7 2.891431 34.502320 3.713085 43.435999
33250 7 2.932963 35.726086 3.746485 44.386112
33300 7 2.857362 48.224532 3.736544 45.845974
33350 8 2.909006 48.823677 3.833287 43.929377
33400 7 2.786992 41.052205 3.775962 41.986992
33450 7 2.678820 44.334415 3.710390 41.920259
33500 7 2.639864 37.915499 3.742108 43.280753
33550 7 2.412692 50.971738 3.655990 48.048193
33600 7 2.830360 45.390566 3.670998 47.503937
33650 7 3.089767 51.887064 3.580506 43.349394
33700 7 3.168026 53.664868 3.567560 46.323094
33750 7 3.231756 40.568463 3.610921 43.502095
33800 8 3.257898 41.112373 3.653453 45.112778
33850 7 3.264840 54.878489 3.759910 46.920790
33900 7 3.187376 53.381027 3.805102 46.561695
33950 9 3.265232 54.804750 3.753244 36.886813
34000 7 3.213732 50.081802 3.794589 35.675756
34050 9 3.091885 56.403798 3.748747 41.780195
34100 7 3.051684 55.767469 3.750683 41.402989
34150 7 3.052140 54.706937 3.762135 38.175398
34200 7 3.235673 52.424381 3.748850 41.322847
34250 7 3.363040 59.595748 3.914421 33.674080
34300 7 2.963069 58.323079 3.898435 40.574107
34350 7 2.900918 53.138698 3.909385 44.435276
34400 7 2.992377 59.222662 3.979987 41.573329
34450 7 3.096711 59.066321 3.928958 40.733037
34500 7 3.068624 60.368183 3.973836 40.624689
34550 7 3.131306 58.570509 3.985291 39.309334
34600 8 2.868805 57.185553 3.928146 39.826285
34650 7 3.071897 62.195238 3.883673 40.772081
34700 7 3.126385 58.801700 3.873525 40.015074
34750 7 3.011606 53.826391 3.871620 42.954809
34800 7 2.907857 47.299523 3.812618 48.702811
34850 8 2.809825 55.582124 3.770011 45.989301
34900 7 2.847839 48.625648 3.729143 46.972804
34950 7 2.789694 57.113482 3.851789 44.946636
35000 7 2.955225 46.338462 3.836259 42.678224
35050 7 2.756732 47.988444 3.868722 39.462325
35100 7 2.815069 51.189196 3.737488 45.110479
35150 8 2.910760 47.436276 3.802025 42.530037
35200 7 2.654879 46.045446 3.829892 42.143768
35250 7 2.749007 42.447750 3.729618 48.004045
35300 7 3.008216 48.817174 3.748066 43.735987
35350 7 2.814429 46.228233 3.788153 45.436559
35400 7 3.065089 51.153624 3.828260 33.360042
35450 7 2.884100 47.479250 3.721507 40.941324
35500 8 3.144402 52.375880 3.722276 42.048568
35550 7 3.060350 51.737386 3.628774 42.852163
35600 7 3.090213 47.082742 3.642373 44.256394
35650 8 3.111006 51.700242 3.615948 44.766785
35700 7 3.211796 55.177480 3.674843 45.617321
35750 7 3.464066 54.237605 3.665530 38.808759
35800 7 3.179348 56.940537 3.739279 36.704189
35850 7 2.982688 55.082076 3.802891 37.815880
35900 7 2.768189 51.664969 3.866050 40.799474
35950 8 2.817524 52.060796 3.922298 41.803239
36000 7 2.768683 53.484087 3.919326 45.645196
36050 7 2.821079 51.688734 3.915101 40.321080
36100 7 3.015074 50.442585 3.778648 46.409304
36150 7 3.013081 48.554234 3.760907 41.978740
36200 7 3.217168 46.151483 3.671726 48.012056
36250 7 3.166290 44.595716 3.616248 50.063296
36300 7 3.163468 45.439449 3.709141 44.766545
36350 7 3.399032 44.786993 3.764667 42.423296
36400 7 3.200481 43.375922 3.808745 41.665656
36450 7 3.567501 42.580785 3.714475 40.267717
36500 7 2.911683 44.102829 3.620023 51.467106
36550 7 2.878455 51.398337 3.733428 41.710242
36600 7 2.996478 48.593945 3.765727 44.517437
36650 7 3.063515 42.332793 3.821982 37.582015
36700 7 2.891283 44.413436 3.855283 41.318748
36750 7 2.551597 46.376390 3.877460 44.990371
36800 7 2.543151 43.356777 3.835453 40.123036
36850 7 2.454680 43.622004 3.812662 49.705181
36900 7 2.835152 45.979601 3.848860 47.762774
36950 7 2.929353 37.688474 3.768002 46.190196
37000 7 2.772998 41.032071 3.741767 46.391908
37050 7 2.935890 41.818956 3.753633 46.088789
37100 7 3.152720 50.346560 3.753633 46.088789
37150 7 2.730582 51.923702 3.748302 46.651545
37200 8 2.530450 49.715301 3.752687 47.455552
37250 7 3.071745 52.200363 3.734671 47.001259
37300 7 2.834012 47.126545 3.764152 45.921630
37350 7 2.860720 53.344783 3.729901 46.106237
37400 7 3.163998 47.657173 3.724699 48.719019
37450 7 3.073809 54.359148 3.729804 48.710072
37500 7 2.946602 47.854665 3.709873 49.259510
37550 7 2.804129 42.792281 3.703683 48.791682
37600 7 2.678148 39.844644 3.703683 48.791682
37650 7 2.901733 36.547496 3.772247 49.233198
37700 7 2.637598 36.067046 3.738842 48.412548
37750 7 3.062176 45.233614 3.729110 48.290218
37800 7 2.964545 48.154638 3.761959 48.555376
37850 7 2.808036 41.469634 3.761959 48.555376
37900 7 2.835939 38.946002 3.761959 48.555376
37950 7 2.958098 46.020594 3.761959 48.555376
38000 7 3.068396 46.665263 3.754238 48.243777
38050 8 2.995889 41.573714 3.766942 48.240147
38100 9 2.651293 42.108545 3.776624 48.521851
38150 8 2.824356 47.589108 3.776624 48.521851
38200 7 3.013509 32.097521 3.776624 48.521851
38250 7 3.095538 38.205666 3.776624 48.521851
38300 7 2.768941 39.085092 3.780852 48.659065
38350 7 2.849472 42.010121 3.780852 48.659065
38400 7 2.665845 41.388552 3.768606 48.737752
38450 7 2.704151 36.345092 3.776588 48.586056
38500 7 2.880807 38.886331 3.782617 48.745774
38550 7 2.773063 39.641578 3.782617 48.745774
38600 7 2.729745 37.680322 3.777056 48.361835
38650 7 2.735133 35.754138 3.817975 48.681365
38700 8 2.927066 37.147685 3.813192 48.618936
38750 7 2.852023 34.571849 3.800385 49.122589
38800 7 2.613260 36.964604 3.760174 48.681287
38850 8 2.740993 38.171993 3.779655 49.056240
38900 7 2.675407 33.804864 3.764364 48.576436
38950 7 2.857820 27.180001 3.771063 49.447869
39000 7 2.857144 32.889790 3.764270 47.609839
39050 7 2.896396 29.096101 3.755871 46.477576
39100 7 2.683544 30.561687 3.853672 52.912075
39150 7 2.615376 26.215319 3.843507 46.005256
39200 7 2.839587 27.614386 3.797973 46.179908
39250 7 2.744756 33.357660 3.811722 44.396415
39300 7 2.669956 26.301522 3.802722 46.563670
39350 7 2.886519 30.643059 3.817044 47.113323
39400 7 2.795817 31.022966 3.836349 48.108616
39450 8 2.970833 32.569486 3.837275 47.064808
39500 7 2.743912 28.631086 3.827304 45.904156
39550 7 3.071073 29.919569 3.808532 46.763930
39600 7 2.842709 27.921424 3.777667 44.485828
39650 7 2.906180 23.690222 3.765739 45.289879
39700 7 3.074692 25.216533 3.738941 45.635043
39750 8 3.019318 29.339540 3.756143 45.229716
39800 7 2.765626 33.973673 3.756143 45.229716
39850 7 2.803720 29.810971 3.756143 45.229716
39900 7 2.685863 29.034650 3.756143 45.229716
39950 7 2.696139 34.376461 3.787134 45.083973
40000 8 2.672564 34.489927 3.773356 45.132848
40050 7 2.643717 35.754753 3.773356 45.132848
40100 7 2.670764 40.518037 3.773356 45.132848
40150 8 2.669123 35.646007 3.773356 45.132848
40200 7 2.775318 32.241441 3.782383 45.188732
40250 7 2.609437 30.157814 3.782383 45.188732
40300 7 2.590621 41.886220 3.807817 45.212062
40350 7 2.768706 31.018501 3.807817 45.212062
40400 7 2.644563 36.456870 3.807817 45.212062
40450 7 3.065799 35.447653 3.807817 45.212062
40500 7 2.864842 35.759165 3.781793 45.255895
40550 7 2.539532 30.621156 3.781793 45.255895
40600 7 2.546412 32.663964 3.781793 45.255895
40650 7 2.448305 34.103011 3.781793 45.255895
40700 7 2.763114 26.269194 3.784809 45.155129
40750 6 2.837143 26.366956 3.784809 45.155129
40800 8 2.699615 28.134593 3.784809 45.155129
40850 7 2.660813 31.689271 3.784809 45.155129
40900 7 2.504310 29.531922 3.784809 45.155129
40950 7 2.734070 24.217798 3.784809 45.155129
41000 7 3.106593 28.437807 3.784809 45.155129
41050 7 2.954010 29.286374 3.768909 45.112385
41100 8 3.023308 27.419468 3.752808 45.306926
41150 7 2.741431 24.228015 3.752808 45.306926
41200 7 3.204336 30.925422 3.755926 45.089661
41250 7 3.246234 31.468036 3.755926 45.089661
41300 7 3.395931 38.479511 3.755926 45.089661
41350 7 3.445634 38.465980 3.759011 45.331458
41400 7 3.141074 42.833957 3.759011 45.331458
41450 7 2.756434 42.907974 3.767596 45.343757
41500 7 2.897271 46.457100 3.766989 45.309651
41550 7 2.722408 43.870632 3.732772 45.520236
41600 8 3.018593 41.013495 3.733542 45.546997
41650 7 2.832263 41.185194 3.733542 45.546997
41700 7 3.175556 47.734093 3.733542 45.546997
41750 7 3.253294 41.213886 3.733542 45.546997
41800 7 3.177630 36.783603 3.733682 45.416690
41850 7 2.979541 48.555510 3.733682 45.416690
41900 7 2.808826 41.118871 3.743074 45.570246
41950 8 2.856004 36.025812 3.718529 45.430522
42000 7 2.961780 49.002592 3.699819 45.467953
42050 7 2.985066 47.936703 3.699819 45.467953
42100 7 2.821645 42.041969 3.699819 45.467953
42150 8 2.767357 40.666557 3.699819 45.467953
42200 7 3.138358 47.380249 3.689510 45.608854
42250 7 3.127986 47.890984 3.687326 45.455236
42300 8 3.123754 43.157311 3.644947 45.825151
42350 7 2.893402 36.602458 3.651398 45.657857
42400 7 2.921772 42.715637 3.645322 45.464357
42450 7 2.847682 36.727608 3.602767 45.227982
42500 10 2.733159 34.289052 3.593860 46.561473
42550 7 2.885776 35.213559 3.608785 46.300050
42600 7 2.900359 36.272088 3.689250 45.585111
42650 8 2.744201 37.746428 3.754491 40.203672
42700 8 2.619899 37.336512 3.747861 52.623367
42750 7 2.718744 40.498487 3.816427 41.159336
42800 7 2.502410 40.987163 3.810840 44.103057
42850 7 2.385021 39.037684 3.801942 50.163837
42900 8 2.242574 43.024830 3.693120 50.202909
42950 7 2.451741 39.941056 3.773818 40.807702
43000 8 2.670095 51.379363 3.693976 41.801031
43050 8 2.621577 57.204032 3.810386 40.357845
43100 7 2.867185 51.673695 3.908982 43.736851
43150 6 2.752789 42.472008 3.959100 42.061258
43200 7 2.586147 45.255402 3.923116 42.349681
43250 7 2.696648 50.190727 3.852672 46.284261
43300 7 2.582893 38.881224 3.835790 47.713324
43350 8 2.716162 40.018694 3.843122 45.275118
43400 7 3.205432 36.880593 3.900356 38.165904
43450 7 3.170420 29.921845 3.831089 39.088368
43500 7 3.301850 40.627797 3.829423 41.523717
43550 7 3.255351 43.460188 3.785094 39.314268
43600 7 2.680196 41.498828 3.801694 41.237423
43650 7 2.702023 45.291318 3.723518 54.409460
43700 7 2.677996 43.573394 3.861090 44.770273
43750 7 2.894169 40.510436 3.824433 42.753733
43800 7 2.798690 44.029255 3.769538 49.974644
43850 8 2.743166 35.562464 3.956242 33.044367
43900 7 2.926687 28.192212 3.923961 38.501424
43950 7 2.827984 35.216813 3.891839 40.581896
44000 7 3.244367 47.073532 3.830902 33.427527
44050 7 3.084687 49.337741 3.798531 38.972395
44100 7 3.369952 51.648421 3.781841 40.195577
44150 7 3.317883 53.388335 3.745608 39.277758
44200 7 3.532286 45.751145 3.657250 40.430398
44250 7 3.298962 51.824700 3.734118 37.481178
44300 7 3.040841 53.961194 3.768370 41.555843
44350 7 2.605841 56.176746 3.875932 40.758349
44400 7 3.095047 47.560279 3.740725 38.277166
44450 7 3.198581 47.096846 3.727720 38.544086
44500 7 3.126278 45.980391 3.733476 40.791643
44550 7 3.015247 45.740360 3.706715 39.311916
44600 7 2.926961 50.308070 3.672913 42.914036
44650 7 3.039578 54.969271 3.656595 39.879691
44700 7 3.008838 57.345091 3.588927 49.802490
44750 7 2.516320 65.879747 3.561684 49.965334
44800 7 2.215880 65.777583 3.640241 67.167502
44850 8 2.519367 56.416114 3.703495 48.036005
44900 8 2.762182 61.051631 3.843204 45.593049
44950 7 3.298864 57.633801 3.905993 39.853125
45000 7 2.903135 53.864643 3.802691 43.845762
45050 7 3.108137 49.766352 3.859864 34.321062
45100 7 3.018051 51.865199 3.777048 48.909191
45150 7 2.971249 50.745120 3.670431 45.997999
45200 7 2.890870 49.878401 3.688219 44.389703
45250 7 3.151114 58.376016 3.755134 38.712160
45300 9 3.360189 57.116569 3.716645 40.074416
45350 7 3.290937 55.891981 3.681899 42.032996
45400 7 3.214357 55.831690 3.597012 50.945121
45450 7 3.220080 57.443731 3.523289 47.578587
45500 7 3.456470 48.417785 3.474305 44.548114
45550 7 3.821962 48.556254 3.552307 39.951451
45600 7 3.505205 47.694598 3.580685 46.735472
45650 7 3.757888 41.957253 3.683681 38.811567
45700 7 3.827881 37.695619 3.750361 30.894609
45750 8 3.860752 40.654796 3.755970 33.101653
45800 7 3.863901 36.853174 3.758645 37.728208
45850 7 3.612255 44.842408 3.660581 40.738327
45900 7 3.713919 40.622822 3.667142 43.702837
45950 8 3.297569 34.249315 3.623648 45.068580
46000 8 3.042133 41.008293 3.551448 51.498779
46050 7 3.093006 37.092031 3.591849 52.347252
46100 7 2.930113 34.875762 3.688735 50.902238
46150 7 3.053167 37.999897 3.665678 51.346870
46200 9 2.638880 34.024479 3.709891 51.909402
46250 7 2.502857 37.109814 3.723210 51.290812
46300 8 2.916120 32.309706 3.734255 51.187970
46350 7 2.839654 37.536575 3.783586 50.743566
46400 7 2.801503 36.140617 3.802523 49.226021
46450 8 2.565336 38.496687 3.720821 48.806161
46500 7 2.482007 36.202728 3.664154 51.029119
46550 7 2.229975 37.359997 3.695205 51.299033
46600 7 2.377002 38.349663 3.723950 53.873620
46650 7 2.860865 29.002789 3.724074 48.258366
46700 7 2.808003 38.295529 3.572453 59.541417
46750 7 3.023714 44.800203 3.519141 48.765412
46800 7 3.045154 41.300003 3.446563 57.653531
46850 7 2.978220 38.408777 3.468071 59.359056
46900 8 2.881815 39.012892 3.648204 41.431670
46950 7 2.864408 37.928145 3.699904 45.057319
47000 8 2.850000 39.081706 3.684397 47.990613
47050 8 2.899838 34.447775 3.691552 52.495852
47100 7 2.893412 35.132729 3.668201 51.147276
47150 7 2.825212 32.418892 3.570270 51.205818
47200 7 2.933776 35.817822 3.546881 55.683488
47250 7 2.880099 30.494895 3.586521 54.473985
47300 8 2.856322 27.009444 3.520629 47.101118
47350 8 3.023866 27.319109 3.577126 52.868607
47400 7 2.918669 24.251234 3.542324 45.964523
47450 7 3.012736 29.502297 3.490128 47.003835
47500 8 3.153771 28.332484 3.496541 47.511562
47550 7 3.265222 33.469094 3.547262 46.931320
47600 8 3.400261 34.467678 3.578884 47.008600
47650 7 3.319248 30.694601 3.617235 48.626836
47700 7 2.980534 31.926150 3.632443 46.954107
47750 7 3.089927 29.831954 3.567509 47.209114
47800 7 3.226141 37.193322 3.606543 48.025333
47850 7 3.139408 39.287089 3.689123 45.977204
47900 7 3.296340 29.054455 3.688814 48.081067
47950 7 3.318737 31.298863 3.659463 47.616993
48000 7 3.290236 28.630587 3.673162 44.557120
48050 7 3.465503 33.272397 3.689750 46.162132
48100 7 3.464759 36.836403 3.719824 38.128048
48150 7 3.229310 40.634885 3.677027 48.736328
48200 7 3.265785 37.906051 3.701683 39.117985
48250 7 3.158788 39.684528 3.635607 41.629597
48300 7 3.000893 36.115859 3.549800 51.952870
48350 7 2.971235 31.013639 3.657388 47.359319
48400 7 2.946606 38.383112 3.692470 42.677563
48450 8 2.825027 36.078893 3.807825 43.451621
48500 7 2.666283 31.599476 3.863797 44.859997
48550 8 2.740937 34.959230 3.846557 46.286108
48600 8 2.568135 35.386707 3.796833 42.397715
48650 7 2.658603 35.026839 3.834625 47.126191
48700 7 2.987028 30.766614 3.775226 45.704088
48750 8 2.911649 34.043525 3.854007 46.465309
48800 7 2.974399 28.041715 3.774815 42.206439
48850 8 2.940278 30.822062 3.696075 48.796753
48900 6 2.885919 35.916612 3.688879 47.232790
48950 7 3.116424 38.596679 3.661605 43.735253
49000 7 3.236496 32.712697 3.700755 44.246769
49050 7 3.229921 38.168113 3.683678 39.401959
49100 7 3.585648 42.487586 3.809566 38.856076
49150 7 3.329919 44.115797 3.751228 46.549684
49200 7 2.988781 43.207722 3.771783 42.272479
49250 8 3.126924 50.069446 3.782947 44.265221
49300 7 3.143482 44.380632 3.739423 42.050982
49350 8 3.086307 32.917590 3.725335 41.953863
49400 7 3.014746 38.150175 3.802597 41.973628
49450 7 3.086351 30.767488 3.746652 37.500212
49500 7 2.790397 33.389226 3.705845 42.508164
49550 7 2.759830 34.219154 3.698668 43.249636
49600 7 2.943338 31.675523 3.731595 47.450764
49650 8 2.997330 40.247970 3.806533 40.962574
49700 7 2.956994 41.845425 3.795437 39.505545
49750 8 2.719259 43.275940 3.831555 33.111003
49800 8 2.537538 40.633890 3.777830 46.791191
49850 7 2.901864 39.844811 3.814041 45.216838
49900 7 2.717074 41.366647 3.822792 42.773256
49950 7 3.105702 42.234690 3.793196 43.855387
