0 3 2.825968 24.858713 4.261144 10.554389
50 5 2.618537 25.198163 4.246614 64.451159
100 5 2.707180 25.205252 4.260382 45.130814
150 6 2.402416 25.238354 4.190142 57.757434
200 5 2.565959 25.419823 4.198925 63.865907
250 6 2.699274 25.166182 4.183635 46.701304
300 6 2.298823 24.885069 4.182956 46.566856
350 5 2.309780 25.264356 4.181356 58.285414
400 5 2.333261 25.312381 4.193448 54.581000
450 6 2.773678 26.224388 4.182444 35.547612
500 5 2.483817 25.432328 4.305326 52.270116
550 6 2.448579 24.612447 4.368492 37.934313
600 6 2.541832 23.876726 4.297809 47.078663
650 5 2.541778 25.132352 4.156561 57.661025
700 5 2.438632 25.871267 4.391773 55.318458
750 5 2.715483 24.834008 4.121374 52.989177
800 6 2.385398 24.964366 4.125524 50.638855
850 8 2.075265 24.639298 4.350022 55.549410
900 5 2.221498 25.848561 4.401436 51.226293
950 5 2.509878 24.345555 4.361948 43.481872
1000 5 2.765212 24.556041 4.425534 39.383987
1050 7 2.883713 24.060288 4.302281 32.503110
1100 4 3.035395 25.318830 4.307533 45.191637
1150 5 2.896718 25.954504 4.322959 42.544834
1200 5 2.766979 25.299555 4.345105 42.850511
1250 5 3.151214 25.190593 4.354544 47.786639
1300 5 3.042925 26.292804 4.282201 48.001743
1350 5 3.081764 28.589445 4.358709 40.239177
1400 7 3.030093 28.885512 4.279380 47.643661
1450 6 3.023589 30.555790 4.275613 42.171849
1500 5 3.031688 29.369178 4.207136 47.064797
1550 5 2.993338 26.921547 4.231363 46.084875
1600 6 2.754013 30.212110 4.255060 48.864038
1650 5 2.673506 32.615970 4.162198 48.383945
1700 5 2.544630 31.263334 4.192338 47.486854
1750 5 2.420543 25.057903 4.253640 51.003765
1800 5 2.488234 28.346310 4.251671 48.058682
1850 6 2.801689 26.812476 4.220167 47.935359
1900 5 2.893966 31.362892 4.211920 50.070759
1950 7 2.180188 32.952618 4.181342 48.947929
2000 5 2.455088 32.114308 4.269469 50.209305
2050 5 2.684694 29.023310 4.248309 44.662463
2100 6 2.615585 26.214226 4.348353 48.359466
2150 5 2.719559 27.685206 4.378555 48.534613
2200 6 2.691057 30.229156 4.352678 42.866152
2250 6 2.691074 28.453455 4.423196 43.586124
2300 5 2.431753 30.534988 4.437457 44.659396
2350 5 2.474048 27.415342 4.370069 56.222708
2400 5 2.675072 28.879968 4.391895 37.954302
2450 6 2.759134 30.803933 4.376321 39.559405
2500 5 2.806050 31.238055 4.284186 42.022797
2550 6 2.415359 31.563304 4.301816 51.645339
2600 6 2.279023 32.169257 4.317340 53.226062
2650 5 2.392307 32.372520 4.298246 44.755922
2700 6 2.946810 33.487194 4.197969 48.627496
2750 7 2.797041 34.155479 4.179047 51.358342
2800 6 3.029142 32.700747 4.151134 48.168502
2850 5 2.711564 31.641640 4.187945 50.273229
2900 5 2.704005 31.776468 4.289143 48.578266
2950 5 2.862270 32.554103 4.317712 44.401642
3000 6 2.336808 32.450071 4.270579 36.078831
3050 5 2.822843 32.866763 4.363760 43.197044
3100 6 3.067137 33.041625 4.418073 41.334031
3150 6 3.006231 33.333532 4.313712 38.398833
3200 5 3.164120 33.177044 4.261050 39.097952
3250 6 2.869208 32.383460 4.254417 44.316053
3300 5 3.112087 32.589474 4.306295 33.299625
3350 6 2.848468 31.901913 4.430164 36.626070
3400 5 2.777282 32.852112 4.432020 52.456967
3450 6 2.533705 32.965431 4.347006 45.426436
3500 5 2.519294 31.312985 4.399401 44.811200
3550 5 2.581210 31.866140 4.357556 45.123349
3600 5 2.869181 32.925338 4.328402 44.937220
3650 5 2.832098 33.161220 4.393200 44.397968
3700 6 2.797581 33.364009 4.420049 42.656012
3750 6 2.803817 33.312509 4.430418 43.108852
3800 5 2.737765 33.162652 4.425554 41.233129
3850 5 2.915642 33.157415 4.369109 47.148023
3900 5 2.864777 33.208319 4.297609 48.945576
3950 6 2.935463 32.990148 4.352175 43.497399
4000 5 3.095414 33.937435 4.268280 46.020413
4050 5 3.149516 32.048476 4.267164 36.022186
4100 5 2.920216 33.599256 4.347629 44.005210
4150 5 2.873148 31.727546 4.371414 46.282534
4200 6 2.488546 34.381852 4.447296 45.937827
4250 5 2.529490 34.078253 4.402859 45.332000
4300 7 2.674825 33.687725 4.334496 47.189212
4350 6 2.806536 34.363704 4.351688 44.552459
4400 5 2.828713 31.470804 4.345332 47.157542
4450 5 2.859237 30.110278 4.354725 46.469210
4500 6 2.545500 29.344429 4.323703 46.327990
4550 5 2.602633 31.763853 4.354252 45.586009
4600 6 2.499782 31.792029 4.280789 45.079193
4650 5 2.652051 30.812740 4.341450 45.165145
4700 5 2.695427 34.336163 4.279608 46.195406
4750 5 3.171763 34.817274 4.300130 47.341411
4800 6 2.912185 28.255822 4.300130 47.341411
4850 7 3.113135 30.394416 4.280537 47.628518
4900 5 3.124515 32.841928 4.280537 47.628518
4950 5 2.762459 31.559729 4.280537 47.628518
5000 6 2.544328 36.581632 4.289491 47.414900
5050 5 2.596986 32.456325 4.302150 47.669802
5100 5 2.622049 32.275927 4.299570 47.715998
5150 5 2.498830 36.882082 4.341163 47.205195
5200 5 2.878758 30.333554 4.359991 47.622798
5250 6 2.708782 34.930048 4.359937 47.745463
5300 6 2.655175 32.164288 4.360163 47.516524
5350 6 2.742191 37.737494 4.385210 47.732227
5400 5 2.493810 38.388764 4.395371 47.051617
5450 7 2.744702 34.724688 4.404872 47.445201
5500 5 2.777303 34.575748 4.406554 46.803934
5550 5 2.492016 37.718497 4.345642 45.179972
5600 6 2.701414 35.011952 4.398778 47.733436
5650 5 2.830330 35.084822 4.372046 46.043286
5700 6 3.091294 42.473273 4.310502 44.407398
5750 5 3.438974 42.293350 4.270468 43.312338
5800 7 3.361661 44.140476 4.254127 41.193450
5850 5 3.189272 43.410774 4.193876 40.540151
5900 5 3.195011 39.720259 4.081769 44.755995
5950 6 3.377908 43.622740 4.185637 42.976322
6000 5 2.836343 45.536853 4.304930 43.898748
6050 6 2.852218 46.350568 4.328554 41.002870
6100 5 2.360633 48.843615 4.334509 42.578057
6150 5 2.673531 45.600759 4.317346 42.560891
6200 5 2.716126 49.360732 4.355412 39.356977
6250 5 2.857076 49.276142 4.338565 42.790291
6300 5 3.003708 43.876296 4.368573 41.058642
6350 5 2.953959 39.048071 4.388264 43.726372
6400 6 2.991986 47.191825 4.323512 41.562207
6450 5 3.020778 51.738328 4.310787 42.278679
6500 6 2.835130 50.222994 4.318355 42.639654
6550 5 3.068715 41.983260 4.342191 43.178608
6600 5 2.584534 47.964745 4.344478 42.904280
6650 5 2.763750 45.732784 4.304178 42.018472
6700 5 3.036959 40.868134 4.283657 43.060458
6750 5 2.956727 42.190787 4.236928 42.460546
6800 6 3.206668 46.308474 4.298810 40.299934
6850 6 2.898840 44.656506 4.342344 34.550280
6900 5 3.123304 44.364186 4.407114 32.852134
6950 5 3.285772 51.021239 4.340378 40.129307
7000 5 3.256956 47.320569 4.333028 45.631318
7050 5 3.396152 45.793470 4.366320 37.535793
7100 4 3.308558 50.455538 4.403755 44.787186
7150 5 3.157924 47.278204 4.344337 40.242005
7200 6 2.963219 42.679885 4.292928 45.570474
7250 5 2.875346 43.134129 4.320289 36.766512
7300 5 2.804879 48.650003 4.316400 42.447453
7350 5 2.971233 54.280848 4.295476 44.066894
7400 6 2.735223 49.390925 4.459793 40.266601
7450 6 2.944789 50.484371 4.366652 43.303132
7500 6 2.952462 51.299185 4.277448 44.439579
7550 5 3.118985 48.068321 4.282356 39.108273
7600 6 2.673450 48.246455 4.304895 42.860422
7650 6 2.633304 49.183871 4.304960 50.507955
7700 5 2.541306 49.501085 4.281679 39.848772
7750 5 2.866054 49.308551 4.201230 49.494388
7800 5 3.407909 50.167214 4.201468 43.829218
7850 6 3.346780 51.787269 4.164938 39.874904
7900 6 3.405509 50.752490 4.178683 41.343165
7950 5 3.414289 53.789889 4.257208 42.714352
8000 5 3.433553 52.586482 4.257359 39.178536
8050 6 2.673151 50.070097 4.296487 40.159447
8100 5 2.944825 47.658775 4.310187 44.134128
8150 5 3.199695 47.754201 4.361454 39.742761
8200 6 3.392177 48.370068 4.309345 39.352909
8250 5 3.394839 47.814610 4.205406 41.669722
8300 5 3.224451 45.470861 4.320521 36.738947
8350 7 3.198712 44.899949 4.411131 38.735222
8400 5 3.173851 41.210598 4.355378 39.230808
8450 5 3.553052 40.415751 4.361083 39.180015
8500 5 3.290770 42.578241 4.305994 44.147834
8550 5 3.071314 42.587805 4.306802 41.605627
8600 6 2.576458 43.219578 4.348091 41.001566
8650 6 2.688095 53.750319 4.273863 44.005027
8700 5 2.635208 44.087076 4.195215 47.822952
8750 5 2.654564 45.635599 4.230031 46.845204
8800 5 2.994038 45.445629 4.240436 48.172293
8850 6 2.746039 50.491557 4.249546 47.897942
8900 5 2.854900 54.344184 4.275515 47.799970
8950 6 2.888538 46.530815 4.275515 47.799970
9000 6 2.737846 50.970119 4.242168 47.318836
9050 5 2.485842 45.268984 4.381961 47.196612
9100 6 2.400916 49.189673 4.337623 48.369761
9150 5 2.799963 49.922076 4.317243 48.377861
9200 5 2.906435 46.825049 4.367653 47.132519
9250 5 2.816303 50.121791 4.350023 44.874835
9300 5 2.698400 48.224357 4.443962 45.560783
9350 6 2.623271 52.761412 4.425556 45.368338
9400 5 2.796605 51.072313 4.477269 42.274718
9450 5 3.097731 48.765642 4.523557 43.693336
9500 6 3.000031 45.493841 4.508969 37.361106
9550 5 3.303999 50.876770 4.496474 35.735028
9600 5 3.088422 49.195908 4.500462 36.259007
9650 5 3.259112 43.630587 4.468052 44.516686
9700 6 3.168450 42.111829 4.295191 40.660874
9750 6 3.160316 43.772040 4.401183 41.466611
9800 5 2.941891 50.824039 4.398910 41.322935
9850 6 2.812514 52.232587 4.382703 39.257199
9900 5 3.243347 42.512100 4.423040 39.782040
9950 5 3.116928 43.914401 4.433842 39.878899
10000 5 3.396990 48.399098 4.411031 40.043041
10050 5 3.211807 39.554597 4.383855 38.065662
10100 5 2.826308 38.494155 4.337153 36.191903
10150 5 3.208953 46.276338 4.384057 41.000409
10200 6 3.067664 47.213980 4.376964 38.287486
10250 6 3.038580 48.904042 4.329073 44.277856
10300 6 2.518322 37.614299 4.289288 56.683809
10350 6 2.721483 44.517521 4.371083 49.523695
10400 5 2.534926 34.303832 4.361932 43.960892
10450 6 2.526861 31.759660 4.419340 54.496008
10500 6 2.455000 28.113202 4.254119 49.341176
10550 6 2.372022 39.558449 4.309230 40.755367
10600 5 2.266078 43.333344 4.365785 40.570848
10650 7 2.293006 37.493888 4.306658 48.568360
10700 7 2.408338 30.983860 4.296096 49.726848
10750 5 2.673831 31.634061 4.132494 47.183367
10800 5 2.698056 35.615410 4.239897 44.349773
10850 5 2.548661 29.774362 4.301811 49.269344
10900 7 2.472817 31.773607 4.261122 44.269406
10950 6 2.548382 28.848245 4.271727 44.153323
11000 7 2.512376 33.770702 4.261802 44.230839
11050 6 2.748607 30.294435 4.327104 45.287687
11100 6 2.883183 33.488698 4.391831 40.603576
11150 5 2.637554 35.486872 4.342997 43.077674
11200 5 2.464173 30.058567 4.343008 49.107825
11250 7 2.056107 31.009632 4.436089 43.739817
11300 5 2.311129 25.204858 4.431184 42.461598
11350 6 2.548257 28.143109 4.467720 46.280842
11400 6 2.372503 29.592233 4.358852 48.175395
11450 5 2.679533 26.067069 4.385848 40.137238
11500 6 2.627881 26.159233 4.357459 41.249969
11550 6 2.812181 24.961809 4.313836 39.098869
11600 5 3.162226 28.409980 4.232690 44.751795
11650 5 2.909915 37.839985 4.227068 42.045455
11700 6 3.213608 34.357544 4.195783 44.100607
11750 6 3.199940 31.748552 4.207285 42.561809
11800 5 3.140810 33.163962 4.229050 38.085459
11850 5 3.497697 34.372720 4.290218 40.226209
11900 6 2.676003 29.580924 4.209570 45.733451
11950 6 3.198345 26.842836 4.224820 48.203501
12000 6 3.097979 24.308436 4.232679 44.748817
12050 5 2.698302 27.268642 4.169346 55.745253
12100 5 2.754157 32.540549 4.135107 56.565124
12150 5 2.691352 28.798395 4.324146 46.356629
12200 5 2.914890 31.945815 4.279596 50.740468
12250 6 2.789888 31.724444 4.265674 49.428025
12300 5 2.946384 28.061086 4.355442 36.576912
12350 6 3.051038 32.345039 4.307143 39.349909
12400 6 2.530936 30.249162 4.287482 58.440075
12450 6 1.869221 31.852166 4.238991 58.749830
12500 5 2.438093 35.692928 4.308923 44.577939
12550 6 3.065819 34.193665 4.391060 35.337102
12600 5 3.317576 29.437759 4.477086 34.885031
12650 5 2.991574 29.478294 4.370678 41.617483
12700 5 2.991621 36.624276 4.357256 41.038669
12750 6 2.762563 33.435738 4.216374 51.715657
12800 5 2.576931 36.309123 4.253774 42.564313
12850 5 2.888262 42.574242 4.227698 45.210062
12900 6 2.776770 43.075684 4.265901 43.324044
12950 5 2.803267 36.060873 4.208274 43.247971
13000 5 3.143631 37.742583 4.256810 39.197255
13050 5 3.423746 34.214347 4.324415 33.759687
13100 6 3.320028 37.351069 4.229469 41.574472
13150 5 3.359479 41.705241 4.241618 41.678825
13200 5 3.673216 36.039295 4.173531 36.959720
13250 6 3.180121 38.414437 4.178171 40.554411
13300 5 2.930901 38.178402 4.079114 42.082282
13350 5 2.975909 32.776432 4.190162 48.541065
13400 5 2.899764 33.580134 4.282497 43.737402
13450 5 2.637939 33.544513 4.252192 47.089436
13500 5 2.256013 39.313684 4.173214 52.613773
13550 5 2.499356 35.687671 4.152344 49.835540
13600 5 2.462154 36.591975 4.182140 49.094507
13650 6 2.698523 37.179690 4.138293 43.843334
13700 5 2.827804 34.535171 4.155751 44.012224
13750 6 2.870443 35.606538 4.132226 40.788567
13800 5 3.096091 36.974454 4.254582 43.078497
13850 6 2.994594 32.611834 4.367816 44.342394
13900 5 3.054901 30.449469 4.245397 46.091968
13950 5 2.959182 31.552844 4.243391 45.126520
14000 6 2.814661 22.434716 4.258801 41.847860
14050 5 2.854904 34.007662 4.208354 48.159139
14100 5 2.609697 23.801214 4.397872 45.606838
14150 6 2.438550 27.387215 4.252656 52.041307
14200 6 2.232039 33.149893 4.316214 43.225294
14250 7 2.173496 37.407418 4.315455 45.242448
14300 5 1.770896 31.458609 4.456443 46.302653
14350 7 1.771572 34.861303 4.476430 45.545519
14400 6 2.322455 36.699170 4.461171 46.460520
14450 5 2.788872 39.562588 4.460171 41.479724
14500 6 2.658897 37.560291 4.420075 30.522266
14550 5 2.477542 36.737440 4.465741 31.776012
14600 5 2.852962 34.671168 4.446447 34.376989
14650 5 2.654460 32.079970 4.456667 37.544379
14700 5 2.698815 28.052863 4.474178 36.057212
14750 5 3.268788 31.652527 4.502214 35.770454
14800 5 3.390477 29.929101 4.461286 35.306455
14850 5 3.438527 22.092595 4.401316 36.362842
14900 8 3.091343 31.437580 4.343090 36.477782
14950 5 3.132970 35.141900 4.480678 42.023516
15000 6 3.161868 39.282428 4.385527 34.012433
15050 6 2.869335 38.378603 4.470817 29.996138
15100 4 2.563909 39.481789 4.408834 39.967322
15150 5 3.004983 40.755742 4.355869 39.458803
15200 5 2.900424 29.824954 4.327603 41.848707
15250 6 3.442729 28.562165 4.414361 31.908337
15300 6 3.528117 31.513758 4.397642 33.982031
15350 5 3.056924 35.936284 4.436624 43.063325
15400 6 3.198451 32.186646 4.431007 35.124024
15450 5 3.240070 38.955555 4.399964 38.601327
15500 5 2.949620 40.076607 4.368083 40.369501
15550 7 3.063858 33.429146 4.337871 42.778196
15600 5 2.938450 33.372101 4.319595 40.270572
15650 5 3.052140 42.563201 4.205351 41.256382
15700 5 3.113182 38.978148 4.309676 41.937232
15750 6 2.894557 31.647211 4.354701 42.660820
15800 6 2.993254 37.148967 4.322519 39.318014
15850 5 3.024738 36.086906 4.241364 32.933182
15900 5 2.927097 41.373502 4.154890 40.659474
15950 5 2.929674 38.338726 4.149847 41.042819
16000 5 2.985878 30.967865 4.245345 45.202297
16050 5 3.142273 38.998566 4.244025 43.698594
16100 5 3.162059 40.759267 4.172361 41.369941
16150 6 3.284885 38.699590 4.176447 42.659757
16200 6 2.831624 36.717895 4.236171 43.365695
16250 5 2.903156 35.765093 4.202850 43.271851
16300 6 2.994991 33.550606 4.173249 42.365153
16350 5 2.991009 37.344525 4.226595 42.381287
16400 5 3.148470 28.065631 4.276729 44.953494
16450 6 2.963514 21.576953 4.305638 43.432152
16500 5 2.815996 20.141300 4.285966 43.520942
16550 6 2.928726 20.356471 4.311914 44.347198
16600 5 2.747916 21.737635 4.283527 46.782298
16650 5 3.027971 26.641239 4.388124 40.141134
16700 5 3.276693 27.405941 4.304512 43.300845
16750 5 2.950874 20.602469 4.297112 38.215807
16800 5 3.017558 34.575665 4.273598 40.662576
16850 5 3.129983 27.953537 4.223544 37.183964
16900 6 2.835003 34.613628 4.246099 38.508830
16950 5 2.985522 34.057168 4.198874 37.776740
17000 5 2.895801 32.276343 4.172655 38.152534
17050 5 3.149997 25.114113 4.199756 40.688847
17100 6 3.345534 25.955524 4.183135 40.222480
17150 5 3.289733 25.778525 4.191918 39.993449
17200 5 3.118568 34.699552 4.184055 40.375128
17250 5 3.260976 37.463484 4.184055 40.375128
17300 5 3.264173 39.251317 4.212690 40.870610
17350 5 3.323239 31.634758 4.207018 40.079925
17400 5 3.251624 36.720808 4.231270 44.956760
17450 7 3.077576 38.471383 4.215815 42.373251
17500 5 2.971537 35.500841 4.281829 41.628655
17550 5 2.735330 34.126081 4.322338 41.815217
17600 5 3.105241 40.618327 4.285133 40.220660
17650 5 2.873610 40.509724 4.262703 43.828833
17700 5 3.065244 45.139651 4.275999 53.004436
17750 5 2.849805 44.498323 4.377240 37.352571
17800 5 2.647767 43.079600 4.309710 46.397216
17850 5 2.682687 43.641637 4.383430 55.277257
17900 7 2.553725 45.098404 4.298204 43.904026
17950 5 2.522924 39.531327 4.327056 46.966424
18000 7 2.267224 40.108747 4.267248 42.951998
18050 5 2.306465 38.138773 4.428916 47.356034
18100 5 2.426213 40.790900 4.439564 43.795133
18150 5 2.492780 40.243256 4.378965 40.643011
18200 5 2.397502 39.353237 4.428412 38.312488
18250 5 2.721540 41.213462 4.358908 40.077129
18300 7 2.764208 33.447146 4.339275 38.581672
18350 5 2.741990 32.072702 4.377465 33.530182
18400 5 2.482518 35.903424 4.332116 41.245626
18450 5 2.562575 39.375061 4.214508 49.731658
18500 5 2.597760 40.408001 4.231018 53.737836
18550 5 2.781529 45.576377 4.252674 41.494534
18600 5 2.985832 47.243802 4.310595 41.825289
18650 6 2.340634 53.465893 4.370629 43.551953
18700 5 2.374643 52.174423 4.343185 44.463099
18750 5 2.278814 37.751999 4.411163 43.984913
18800 6 1.982231 40.266749 4.336449 54.770994
18850 6 2.185841 39.756004 4.397949 49.602122
18900 5 2.202328 33.941883 4.495198 36.175809
18950 6 2.399204 32.140954 4.460327 32.929327
19000 5 3.095485 28.366113 4.304039 47.024183
19050 5 3.112374 33.195979 4.435915 37.461701
19100 5 3.174079 30.478248 4.463818 36.559199
19150 5 3.024315 33.087921 4.303090 37.716893
19200 5 2.879719 33.433490 4.334559 40.069498
19250 6 2.829425 38.006363 4.351711 43.963482
19300 6 2.688429 33.408954 4.247506 45.916246
19350 6 2.732824 29.940547 4.190758 50.708272
19400 5 2.716037 33.908072 4.309154 46.834270
19450 6 2.860978 39.633273 4.319065 41.715593
19500 6 2.876581 35.226255 4.283195 42.181101
19550 6 2.949334 37.951042 4.350495 44.146633
19600 5 2.798716 39.593822 4.380647 44.129019
19650 6 2.538952 42.647509 4.362462 46.773766
19700 5 2.918655 36.004647 4.239380 51.169406
19750 5 2.833417 38.823777 4.255533 41.933472
19800 6 3.219413 37.185272 4.110527 42.897671
19850 5 3.344515 45.045559 4.096441 42.814626
19900 5 3.525641 41.462299 4.079283 45.493022
19950 6 3.329679 39.372107 4.185794 36.268482
20000 5 3.801873 36.868173 4.349090 35.289112
20050 5 3.642837 29.250193 4.255071 37.023631
20100 5 3.498165 35.821985 4.290126 39.788268
20150 5 3.411729 37.595782 4.338375 39.037994
20200 5 3.302029 32.590423 4.389639 38.729430
20250 7 3.246497 37.589059 4.312935 37.131359
20300 5 2.654610 35.637456 4.348016 42.512316
20350 6 3.051256 38.216934 4.302316 39.105465
20400 6 2.959232 36.152031 4.377678 36.839752
20450 5 3.072246 41.831706 4.299697 42.623963
20500 6 3.071346 42.959217 4.208103 32.006119
20550 5 2.978005 49.184286 4.224814 43.855231
20600 6 2.959371 42.949907 4.181892 43.067529
20650 5 2.854043 32.380930 4.233183 48.248690
20700 7 3.060185 28.810127 4.222941 40.977893
20750 6 2.929554 25.985827 4.330524 45.365499
20800 6 3.024856 27.657881 4.356942 38.051685
20850 5 3.137719 31.114878 4.389238 35.250064
20900 6 3.105461 29.506711 4.343634 35.849415
20950 5 3.207952 35.228135 4.407754 35.411392
21000 5 2.870574 34.912400 4.405573 45.022008
21050 5 2.798763 33.174193 4.296872 46.749857
21100 5 2.740328 36.784645 4.329932 42.447549
21150 6 2.918420 32.286438 4.199670 43.121401
21200 5 2.882036 31.148452 4.167565 51.759244
21250 5 3.058059 34.730421 4.203223 46.660334
21300 5 3.078016 41.334982 4.120753 44.704057
21350 6 2.772575 41.200395 4.129341 50.527692
21400 6 2.693711 41.758453 4.249071 44.135191
21450 6 3.042091 40.839465 4.293407 41.360461
21500 5 2.975933 42.853105 4.300877 44.915535
21550 5 2.679240 42.664489 4.347371 44.827349
21600 5 2.811845 44.517895 4.165750 45.008217
21650 6 3.077837 51.370672 4.020273 53.998924
21700 6 2.973490 47.914751 4.295270 43.034963
21750 5 3.494765 47.414039 4.271976 38.369837
21800 5 3.569943 45.604931 4.286311 31.325405
21850 5 3.634585 44.077454 4.340534 38.182248
21900 6 3.633083 42.637443 4.282059 42.259030
21950 7 3.378217 38.654534 4.400457 37.244972
22000 5 3.235357 37.921763 4.331739 40.777770
22050 5 3.064176 40.334219 4.331707 39.035042
22100 6 3.422180 41.363059 4.238292 38.908812
22150 6 3.580149 50.018119 4.222853 39.447975
22200 5 3.383403 44.191163 4.317343 43.131842
22250 6 3.173164 47.833653 4.145467 43.486133
22300 5 3.239015 39.578624 4.132900 47.286913
22350 6 3.045201 52.712054 4.138194 42.879998
22400 5 2.987167 51.509802 4.183399 38.703486
22450 5 3.169754 47.746161 4.140043 45.065714
22500 6 3.338121 51.220710 4.181846 42.225993
22550 5 3.380610 52.524884 4.197075 44.560348
22600 5 3.087145 54.807617 4.178807 51.050111
22650 7 3.200194 50.318822 4.128941 43.446038
22700 6 3.238012 45.099442 4.139068 50.470050
22750 5 2.849561 43.559008 4.163063 42.392946
22800 5 3.216231 51.315690 4.134903 44.168706
22850 7 3.140377 45.187165 4.332406 31.300082
22900 6 3.208359 55.659945 4.406562 35.495840
22950 6 3.221394 54.187811 4.318771 39.161862
23000 6 3.221374 54.554990 4.318214 37.421724
23050 6 3.242759 44.507565 4.304755 37.616136
23100 5 3.399365 44.822618 4.295521 39.959446
23150 5 3.094795 47.969300 4.315493 39.219274
23200 5 2.894429 48.384904 4.325337 39.469627
23250 6 2.771659 44.526170 4.260735 42.236490
23300 7 3.045159 46.007785 4.354274 47.355768
23350 5 3.001036 42.696231 4.167544 47.849605
23400 5 3.165614 33.141756 4.202711 43.872816
23450 5 3.154356 32.624046 4.138290 44.660168
23500 5 3.331182 41.351811 4.257858 45.570759
23550 6 2.811782 40.519915 4.302710 43.072720
23600 5 2.912679 42.888724 4.283141 42.527131
23650 7 2.999125 39.839802 4.300576 36.108267
23700 5 2.688560 42.022516 4.373348 48.107294
23750 7 2.742537 40.561944 4.380273 43.460089
23800 5 2.611047 33.726681 4.413608 45.766331
23850 5 2.599497 36.550313 4.409741 43.734457
23900 5 2.569336 33.252620 4.417721 45.871114
23950 5 2.925296 35.779752 4.282171 44.281075
24000 5 2.868186 37.505432 4.397403 43.811326
24050 5 2.829245 38.144129 4.385394 47.599040
24100 6 2.787765 41.708743 4.312106 40.126675
24150 5 2.844994 49.022893 4.345348 46.593986
24200 5 2.877201 52.209033 4.315272 45.860427
24250 7 2.623908 45.841719 4.325229 43.982892
24300 5 2.703447 42.343312 4.348866 44.139963
24350 6 2.601784 43.303084 4.275937 48.333790
24400 5 2.597064 44.167706 4.414881 51.430369
24450 5 2.353327 41.968217 4.345698 45.715569
24500 5 2.416174 43.522866 4.334045 50.917692
24550 6 2.319398 39.971826 4.366688 46.361998
24600 6 2.418286 42.673034 4.385655 48.108887
24650 5 2.051241 42.228866 4.374842 48.732586
24700 6 1.764111 37.178302 4.362455 49.166600
24750 5 2.101856 33.937047 4.370393 43.592086
24800 6 2.354169 26.924187 4.378502 42.410965
24850 6 2.311677 25.643245 4.350441 47.048063
24900 5 2.098512 32.990804 4.415910 57.624518
24950 6 2.502042 30.593964 4.287934 56.823224
25000 6 2.613075 29.883004 4.193284 51.343834
25050 7 2.497162 29.435948 4.148783 42.951521
25100 5 2.415152 31.837399 4.253957 46.784040
25150 5 3.125438 23.754263 4.345621 43.543549
25200 5 3.056611 27.630353 4.335884 41.915350
25250 5 2.817424 36.507949 4.419641 38.637850
25300 5 2.703832 34.451264 4.380407 40.358556
25350 5 2.572035 40.119453 4.336530 51.053402
25400 6 2.537446 39.050320 4.251166 49.869260
25450 5 2.435436 35.487664 4.285820 49.348316
25500 6 3.086419 30.579870 4.274104 42.676124
25550 5 2.940510 38.166994 4.278937 44.946408
25600 6 2.941426 37.493725 4.414824 44.402314
25650 5 2.640112 34.437050 4.349371 41.602006
25700 5 2.670084 34.216915 4.353133 42.958222
25750 6 2.746078 27.245229 4.195621 43.469003
25800 5 2.958675 29.890064 4.355465 45.132685
25850 6 2.836710 25.438853 4.379253 46.195428
25900 5 2.754188 29.768324 4.377098 45.071891
25950 5 2.824360 25.427866 4.369644 42.362511
26000 5 2.958110 31.205720 4.316532 43.359302
26050 5 3.056571 36.041403 4.339071 45.467492
26100 5 3.013728 31.942152 4.379180 35.284085
26150 5 3.199525 31.066828 4.404343 36.420101
26200 5 2.949545 39.034325 4.456090 37.708298
26250 5 2.608955 42.107830 4.334070 41.422606
26300 5 2.220086 41.591928 4.372466 43.352587
26350 6 2.218965 41.451247 4.327059 41.112322
26400 6 2.331841 42.135246 4.366389 42.656593
26450 7 2.579882 45.393519 4.324919 40.783966
26500 6 2.894001 44.285544 4.294497 39.188797
26550 6 3.143528 39.534253 4.324454 42.348716
26600 5 3.211224 37.235197 4.294406 44.718440
26650 5 3.286037 33.801088 4.288608 40.929971
26700 6 3.204355 34.669249 4.290312 38.862768
26750 7 3.259797 35.851876 4.343907 39.014945
26800 5 3.210617 31.104093 4.310833 40.420926
26850 5 2.226825 39.974086 4.344875 42.721468
26900 6 2.292957 44.670232 4.428343 37.851583
26950 6 2.167004 39.138458 4.518451 43.620615
27000 6 2.177440 33.397878 4.400742 39.545794
27050 5 2.136195 34.829428 4.283011 42.199630
27100 5 2.408225 38.933482 4.295757 40.750689
27150 6 3.113522 36.883405 4.284170 41.865021
27200 6 2.996300 35.603369 4.309569 43.916988
27250 7 2.589926 36.052696 4.310212 43.316617
27300 5 2.849701 37.238314 4.291698 40.884803
27350 6 3.084042 37.484492 4.243192 37.788822
27400 6 2.895980 40.473186 4.419298 35.620540
27450 7 2.786946 34.632393 4.302873 40.585739
27500 5 2.983264 33.079131 4.349803 43.268184
27550 6 2.668446 33.812094 4.340500 43.229260
27600 5 2.849341 40.046823 4.308095 42.320447
27650 5 2.735605 34.435187 4.348711 40.489836
27700 6 2.873554 40.614967 4.250765 37.991090
27750 4 2.979299 36.772315 4.389399 41.931321
27800 5 2.874388 28.014812 4.389978 41.161732
27850 5 2.895923 34.858125 4.416392 39.322632
27900 5 2.741945 32.722064 4.321602 39.563038
27950 5 3.028813 25.817456 4.333849 38.789691
28000 5 2.828267 30.670109 4.515406 42.338079
28050 5 2.745944 27.339969 4.399009 40.184373
28100 5 2.804408 29.793865 4.413629 41.234275
28150 5 2.491010 36.056021 4.391052 44.963138
28200 6 3.150139 34.112688 4.351530 42.800400
28250 6 3.152767 33.095900 4.409261 43.060043
28300 6 3.113144 28.113150 4.294506 40.437148
28350 4 2.966882 23.326264 4.399070 39.709899
28400 5 2.876157 15.645510 4.403781 40.436970
28450 5 2.766947 20.884173 4.357814 43.847312
28500 6 3.341023 15.535598 4.320391 40.707206
28550 5 3.201152 22.704642 4.316590 47.946681
28600 5 3.186423 19.358617 4.071216 48.553654
28650 6 3.200500 20.839643 4.089689 52.109353
28700 6 2.785078 18.030441 4.039084 52.080544
28750 5 2.806969 18.518206 4.203436 38.943326
28800 5 2.942661 23.511147 4.281994 46.619910
28850 6 2.575169 18.084541 4.421767 47.701022
28900 5 2.441029 16.564278 4.326334 46.291282
28950 6 2.545927 22.479192 4.301494 47.389321
29000 5 2.420197 28.557244 4.297065 47.112255
29050 5 2.402478 29.686758 4.330278 46.496111
29100 6 2.108024 22.201191 4.303969 48.149161
29150 6 2.415691 11.519698 4.317950 43.296282
29200 6 1.842245 16.536505 4.489397 40.856473
29250 5 2.396872 19.483908 4.423422 45.480112
29300 6 2.534066 22.885377 4.237284 46.303456
29350 6 2.425842 21.346813 4.238855 45.255499
29400 6 2.519311 15.876449 4.242088 46.984883
29450 5 2.283583 19.923906 4.191257 54.285550
29500 5 2.147287 23.504316 4.332393 48.617659
29550 8 1.906486 21.025314 4.167477 53.617101
29600 6 1.879973 11.199988 4.257052 51.472648
29650 5 2.220542 16.296141 4.275222 45.532387
29700 5 2.364627 15.253180 4.296265 38.452163
29750 5 2.389068 13.244034 4.274562 46.156864
29800 5 2.502489 25.016872 4.344837 48.488653
29850 5 2.677994 19.287774 4.382985 39.453278
29900 5 2.625321 24.669499 4.381544 41.482563
29950 6 2.728589 22.992172 4.428936 43.218914
30000 5 2.520823 25.229811 4.394772 40.816789
30050 5 2.461092 23.778599 4.434668 40.493653
30100 5 2.447060 27.916241 4.476232 42.359208
30150 5 2.640334 20.423872 4.503769 46.707946
30200 7 2.111815 29.034478 4.405723 42.102156
30250 5 2.570563 27.520697 4.300965 43.035570
30300 5 2.446947 26.515875 4.291740 45.492401
30350 5 2.294210 30.771241 4.359650 44.775217
30400 7 2.625928 27.706644 4.268752 43.151472
30450 6 2.823593 25.964973 4.202928 38.136858
30500 6 2.681560 25.474485 4.259188 41.351552
30550 6 3.471423 32.113396 4.215235 42.378445
30600 5 3.580967 27.573069 4.226642 36.932956
30650 5 3.547779 26.210177 4.169579 42.775824
30700 5 3.448687 33.930207 4.272999 44.617243
30750 6 3.189932 35.170230 4.348546 31.771543
30800 5 3.277104 33.421401 4.193845 35.379227
30850 6 2.871592 25.019099 4.124779 45.170790
30900 6 2.577169 32.762723 4.233248 50.937883
30950 5 2.550318 28.961129 4.165859 45.164911
31000 5 2.593671 28.057932 4.343155 51.713871
31050 7 2.716755 28.823580 4.361200 55.436253
31100 5 2.604791 35.999249 4.381116 45.862371
31150 6 2.937873 38.684448 4.312321 37.382753
31200 5 2.819858 34.502297 4.293977 42.616187
31250 5 3.160080 35.207026 4.283900 42.793524
31300 5 3.257551 33.675038 4.217293 45.046412
31350 5 2.965269 26.919884 4.237912 44.500802
31400 5 2.955656 31.415229 4.221802 44.599829
31450 5 3.019593 36.407780 4.204358 43.602941
31500 6 3.068364 38.368099 4.154328 42.271024
31550 5 2.811462 44.481459 4.102943 42.004845
31600 5 2.737059 41.771184 4.179824 40.028046
31650 5 2.711756 37.102285 4.295512 42.192290
31700 5 2.987949 34.425867 4.302705 45.944491
31750 5 3.001522 39.591877 4.294733 42.154436
31800 5 3.278765 40.442906 4.280224 40.244839
31850 5 3.204337 40.800686 4.288264 39.249612
31900 6 2.819114 47.674548 4.372515 40.757777
31950 5 3.070632 50.075265 4.343628 39.744272
32000 5 3.140639 53.764112 4.330741 36.534719
32050 5 3.373350 45.870467 4.214847 38.595130
32100 5 3.402267 45.052992 4.260399 39.863491
32150 6 3.161560 46.707099 4.193027 41.803514
32200 6 3.167551 45.023879 4.193273 43.409352
32250 5 3.339788 55.354872 4.149043 36.284120
32300 6 3.145652 53.974480 4.175962 42.807424
32350 5 3.276084 55.174684 4.292225 41.608257
32400 6 2.943440 53.574336 4.286837 41.679927
32450 6 2.984260 45.034881 4.255919 35.521241
32500 5 3.034296 43.373689 4.248387 57.326473
32550 5 2.865748 51.204340 4.128107 45.962544
32600 5 2.883474 45.619489 4.220847 47.470205
32650 5 3.262421 53.321988 4.295716 42.993317
32700 6 3.184373 54.496082 4.324905 38.964197
32750 5 2.834711 50.323337 4.222069 45.606848
32800 5 3.189579 48.354507 4.119386 50.119139
32850 6 3.267245 51.240335 4.106134 41.509243
32900 5 3.301690 46.054148 4.091425 48.973000
32950 5 3.057971 51.530660 4.179631 45.664254
33000 5 3.113452 56.644248 4.240226 47.912928
33050 5 2.738683 45.669561 4.223907 49.902348
33100 5 2.498293 42.152892 4.202687 45.804571
33150 5 2.447920 42.149614 4.265023 48.805720
33200 6 2.867198 40.188122 4.290135 42.802421
33250 6 2.587771 43.625179 4.233628 44.486567
33300 6 2.934961 48.862669 4.244853 46.011009
33350 5 2.905523 53.570952 4.240266 46.751661
33400 5 2.908896 54.781805 4.200444 45.882544
33450 5 2.996007 48.582968 4.155280 41.728418
33500 5 3.016983 46.859265 4.142076 43.156740
33550 6 3.600756 43.678347 4.202917 38.174351
33600 5 3.305138 39.932965 4.172805 45.144507
33650 5 3.349952 46.966782 4.234330 42.532891
33700 6 3.048567 45.601649 4.283356 48.282306
33750 8 2.890521 41.808756 4.161504 43.578753
33800 5 2.791502 41.783678 4.242246 43.907621
33850 6 2.761542 52.069476 4.159268 49.054521
33900 6 3.233161 53.756876 4.156218 44.965709
33950 5 3.221368 48.750402 4.162388 46.819078
34000 6 2.897740 50.252095 4.173722 42.703885
34050 6 3.214438 54.007741 4.168648 42.562853
34100 5 3.383117 56.204406 4.277823 40.967623
34150 5 3.058490 54.514542 4.273137 42.527452
34200 5 3.050800 58.126447 4.350582 39.481802
34250 5 3.147824 59.623476 4.241794 35.585498
34300 5 2.997259 61.332886 4.205868 44.189401
34350 6 3.267775 51.953698 4.171972 43.410385
34400 6 3.371713 49.467547 4.191991 43.262851
34450 5 3.266678 53.524480 4.147683 40.661675
34500 5 2.960333 52.119727 4.227302 38.385194
34550 5 3.401954 50.785232 4.255767 39.699169
34600 5 3.258651 52.183378 4.317444 34.520392
34650 6 3.020680 52.152524 4.305647 39.415613
34700 5 3.040097 54.704093 4.314137 41.047149
34750 5 3.079819 58.252902 4.368374 45.823585
34800 7 2.999291 52.110600 4.305284 43.360210
34850 6 2.936935 53.553072 4.259275 48.297907
34900 5 2.601360 55.666098 4.282916 45.966912
34950 6 3.246516 53.707295 4.272142 43.408639
35000 5 3.387565 49.493533 4.301601 43.576324
35050 6 3.345344 53.746462 4.260296 49.600003
35100 5 3.618664 47.391909 4.248337 48.275097
35150 5 3.283159 50.301817 4.270829 51.958219
35200 5 3.086439 44.594870 4.294635 39.668456
35250 5 2.788817 52.105073 4.390210 41.491949
35300 6 2.808414 43.376236 4.322819 48.228591
35350 5 2.735982 50.947082 4.255258 46.040870
35400 6 2.837815 44.840441 4.237868 42.077260
35450 7 3.023250 44.479721 4.336080 33.530569
35500 5 2.947474 43.987960 4.340564 42.342438
35550 5 3.050741 45.720554 4.286725 42.662791
35600 5 3.074032 47.893769 4.285983 44.447369
35650 5 2.873062 46.366199 4.301486 35.096408
35700 5 3.138814 45.764205 4.227370 39.750666
35750 5 2.710257 48.546207 4.196245 46.761769
35800 5 2.466580 49.556872 4.306819 51.584339
35850 6 2.464089 51.907985 4.328975 37.340281
35900 6 2.475378 52.502134 4.294171 43.593352
35950 5 2.326959 53.881652 4.245961 41.649552
36000 5 2.333583 54.786554 4.268959 45.095011
36050 6 2.513369 53.227235 4.255805 45.879181
36100 5 2.746187 52.766648 4.228963 45.549357
36150 6 3.043101 50.041872 4.196047 47.286872
36200 5 2.472991 47.146335 4.415782 46.213717
36250 6 2.408773 49.461606 4.406629 44.949899
36300 5 2.329764 49.324888 4.401778 51.990318
36350 5 2.184008 47.388885 4.356672 43.715859
36400 6 2.151239 43.355555 4.282666 45.876700
36450 8 2.043939 43.144141 4.343496 39.010605
36500 7 2.135326 43.835970 4.259238 40.695777
36550 8 1.976342 44.952780 4.193926 42.487933
36600 9 1.847224 45.651029 4.197170 47.336912
36650 5 2.274196 42.513632 4.251709 45.795085
36700 5 2.539456 52.351725 4.407110 46.153064
36750 6 2.383686 52.428754 4.477654 45.212682
36800 6 2.574845 46.496833 4.398719 45.618932
36850 6 2.646609 49.659970 4.321206 45.981599
36900 5 2.593853 45.609844 4.324588 45.330201
36950 6 2.902465 43.909305 4.353695 46.043493
37000 5 2.687238 40.055833 4.353695 46.043493
37050 6 2.906971 41.036423 4.353695 46.043493
37100 4 2.497011 46.210710 4.353695 46.043493
37150 7 2.566595 45.864229 4.271947 46.194967
37200 5 2.339388 51.509672 4.234955 47.359263
37250 5 2.977956 52.967444 4.215315 49.119254
37300 5 3.177492 46.338141 4.310804 44.843347
37350 5 3.004745 40.417321 4.269623 47.059273
37400 5 3.012170 36.995996 4.259840 48.645422
37450 5 3.023243 47.582809 4.267419 49.361738
37500 6 2.707457 50.312083 4.289604 49.637067
37550 5 2.776771 38.773256 4.272798 48.847831
37600 6 2.935720 38.608617 4.281742 49.053582
37650 5 2.679275 37.548901 4.281742 49.053582
37700 6 2.782624 44.176447 4.264379 48.816204
37750 6 2.663223 39.565398 4.309952 48.289572
37800 5 2.531723 37.564027 4.324461 48.420797
37850 5 2.539810 35.347078 4.342962 48.397451
37900 5 2.282915 36.478163 4.345475 48.320230
37950 6 2.037577 37.673453 4.333451 48.461556
38000 5 2.075095 35.194835 4.333451 48.461556
38050 6 2.300150 38.339477 4.333451 48.461556
38100 5 2.542883 44.104368 4.253576 48.243714
38150 5 2.487055 45.053184 4.316153 48.165388
38200 5 2.300458 48.861341 4.296861 48.451407
38250 5 2.461786 46.651192 4.296861 48.451407
38300 5 2.726416 46.711943 4.296861 48.451407
38350 6 2.769477 52.421967 4.311716 48.659194
38400 5 2.621473 38.326870 4.309850 48.503283
38450 5 2.701333 32.540279 4.297538 48.835133
38500 5 2.966591 32.489799 4.277405 48.576705
38550 5 2.698512 34.254578 4.277405 48.576705
38600 5 2.969370 43.499845 4.277405 48.576705
38650 7 2.880331 43.126829 4.284577 48.646130
38700 6 2.954866 39.847700 4.280882 49.159952
38750 5 2.931022 43.315221 4.280882 49.159952
38800 6 2.796467 34.767079 4.280882 49.159952
38850 6 2.695040 36.142892 4.265558 48.582748
38900 5 2.686029 38.748086 4.272265 49.000839
38950 5 2.614381 33.238458 4.272906 47.640745
39000 5 2.778928 30.131650 4.320747 46.988488
39050 5 2.755853 27.176107 4.366709 43.770242
39100 5 2.777927 32.628797 4.278453 45.053283
39150 6 2.789698 35.732339 4.202565 45.803350
39200 5 2.807456 28.601355 4.282140 44.502184
39250 5 2.954206 25.836155 4.168827 43.426180
39300 6 2.759262 26.162813 4.204571 47.376476
39350 5 2.802139 33.431065 4.245434 46.687892
39400 5 2.883215 28.934390 4.250232 47.685123
39450 5 2.919526 35.012970 4.264315 47.335751
39500 8 2.330349 33.971503 4.266309 46.917956
39550 5 2.517780 36.389275 4.287107 46.721196
39600 5 3.154832 32.341403 4.259130 46.190961
39650 5 3.037066 27.492918 4.236578 45.229316
39700 6 3.013206 29.873988 4.209684 44.898581
39750 5 2.950721 36.180141 4.214987 45.268902
39800 5 2.993814 34.662970 4.214987 45.268902
39850 5 2.597744 34.599928 4.214987 45.268902
39900 5 2.648050 29.722732 4.241525 45.369252
39950 7 2.631156 32.661514 4.241525 45.369252
40000 4 2.930532 40.068621 4.251891 45.372201
40050 6 2.901134 40.201642 4.231533 45.224838
40100 5 2.948512 37.542217 4.231533 45.224838
40150 6 2.714272 43.681819 4.241908 45.316847
40200 6 2.640481 41.667086 4.270426 45.080915
40250 5 2.960519 38.919585 4.258847 45.125444
40300 6 2.870733 41.589211 4.258847 45.125444
40350 6 3.228619 36.514075 4.322101 45.101552
40400 5 3.192252 42.211094 4.342109 45.218139
40450 5 2.774827 40.672894 4.342109 45.218139
40500 7 2.746280 38.346406 4.356008 45.062400
40550 6 2.608187 40.007960 4.356008 45.062400
40600 5 2.478371 36.669718 4.369429 44.948297
40650 6 2.760329 33.748629 4.375770 45.034133
40700 6 2.705784 37.203156 4.375770 45.034133
40750 5 2.838582 33.451949 4.424657 45.092313
40800 6 2.782386 23.541582 4.424657 45.092313
40850 5 3.107543 25.506648 4.404638 45.035463
40900 5 3.037618 34.561813 4.390563 45.158784
40950 4 3.080062 28.362651 4.390563 45.158784
41000 5 3.108387 29.177961 4.390563 45.158784
41050 5 2.761098 25.092459 4.390563 45.158784
41100 5 3.042360 25.601937 4.390563 45.158784
41150 6 2.626903 31.383057 4.390563 45.158784
41200 6 2.644685 25.581055 4.390563 45.158784
41250 5 2.671919 22.110131 4.390563 45.158784
41300 5 2.081095 28.143028 4.367550 45.126740
41350 5 2.360518 30.685731 4.369355 45.221213
41400 5 2.179521 29.868993 4.369355 45.221213
41450 5 2.639483 32.250991 4.379498 45.356086
41500 5 2.549264 38.177961 4.422383 45.421526
41550 5 2.216787 33.558634 4.440095 45.415130
41600 5 2.253518 38.735369 4.440095 45.415130
41650 5 2.467942 38.451438 4.412440 45.624946
41700 5 2.294368 38.224682 4.422081 45.389394
41750 6 2.610965 38.061512 4.422081 45.389394
41800 6 2.532609 37.851093 4.390691 45.483601
41850 6 2.836163 41.751172 4.361873 45.529404
41900 5 2.733583 39.892408 4.361873 45.529404
41950 5 2.703086 50.555752 4.330934 45.384209
42000 6 2.506502 51.510317 4.264298 45.723411
42050 5 2.448011 56.716793 4.259762 45.562212
42100 6 2.600003 46.416867 4.265984 45.783865
42150 5 2.496928 41.931214 4.260835 45.672810
42200 5 2.580471 41.597365 4.251894 45.729230
42250 6 2.543254 38.314501 4.259955 45.776493
42300 5 2.572221 40.403937 4.259955 45.776493
42350 7 2.305536 33.113347 4.264131 45.863066
42400 5 2.588507 45.581504 4.295257 45.293576
42450 5 2.395620 46.170943 4.310129 46.642291
42500 7 2.778259 39.699363 4.245798 46.056781
42550 6 2.686845 49.015428 4.391400 51.581362
42600 6 2.681114 44.028793 4.422400 44.514373
42650 5 2.851975 42.646835 4.307008 40.675534
42700 5 3.094983 32.238001 4.263495 44.315668
42750 5 2.852131 35.652557 4.246564 45.989098
42800 6 2.839829 38.812496 4.160100 55.454324
42850 6 2.951747 39.049005 4.151558 56.948799
42900 5 2.886645 37.016233 4.193113 53.077932
42950 6 2.855107 40.822398 4.316563 48.254408
43000 5 2.868084 43.687680 4.307633 36.454949
43050 5 3.061224 43.275554 4.355385 42.582022
43100 5 2.982658 45.612587 4.350185 33.144870
43150 5 2.613454 60.558657 4.326579 42.066663
43200 5 2.670255 52.046258 4.259645 42.387806
43250 6 3.007066 52.448109 4.255066 41.230114
43300 5 2.950875 49.294479 4.307081 45.863443
43350 5 2.944653 40.265412 4.284898 43.181315
43400 5 2.922329 43.744552 4.379169 41.058131
43450 5 2.778215 49.369661 4.379012 48.928392
43500 5 2.675458 37.855804 4.421537 46.310212
43550 5 2.363247 43.987296 4.445593 42.146712
43600 6 2.444816 46.921034 4.342403 42.546073
43650 5 2.343346 44.017368 4.463159 41.817636
43700 5 2.315687 38.231181 4.253153 54.903615
43750 4 2.107760 43.080603 4.332600 51.446987
43800 6 2.036949 44.848420 4.312511 46.218560
43850 6 2.220938 35.787401 4.244081 58.150958
43900 5 2.269421 40.159079 4.202574 45.123972
43950 5 2.738709 38.304175 4.263606 43.547298
44000 5 2.988233 31.660735 4.287656 35.802292
44050 5 3.016455 39.798299 4.340795 41.053405
44100 6 2.781334 49.171161 4.251742 40.592251
44150 5 2.692084 46.675572 4.274854 39.761211
44200 5 2.689870 37.543641 4.306146 42.122078
44250 5 3.125656 36.303022 4.215503 40.556720
44300 6 3.125897 38.902360 4.245249 41.444908
44350 4 2.937831 37.976887 4.230873 46.011621
44400 5 2.998706 45.065053 4.285722 40.376419
44450 5 2.413519 45.026561 4.268041 40.356606
44500 5 2.652818 50.788781 4.268041 40.356606
44550 6 2.831484 53.092633 4.222245 44.873232
44600 5 3.248375 54.446072 4.187270 38.299816
44650 6 2.764150 51.824540 4.180957 45.472205
44700 5 3.279861 52.943934 4.152877 48.555944
44750 5 2.757970 52.754515 4.135212 56.724284
44800 5 2.774516 52.319784 4.060748 60.207204
44850 6 3.028790 51.626306 4.085551 46.666031
44900 5 3.045027 51.024977 4.185536 44.018236
44950 6 2.815767 46.703154 4.187896 46.906583
45000 6 2.640607 47.559199 4.289554 41.296096
45050 5 2.732783 52.827643 4.475439 41.469726
45100 6 2.521947 49.806175 4.396758 50.980576
45150 5 2.840892 55.900148 4.454431 36.869596
45200 6 2.705377 44.574825 4.322707 35.296761
45250 5 2.900193 48.638448 4.270120 35.444845
45300 6 3.071273 50.778643 4.411351 39.874025
45350 4 2.984023 61.188245 4.383794 43.907853
45400 6 2.872352 57.161880 4.236208 44.353981
45450 5 3.035537 48.449681 4.264948 36.273133
45500 5 2.885722 52.752957 4.265624 44.533074
45550 8 2.823302 47.469539 4.375541 43.680430
45600 5 2.705024 52.385530 4.472363 43.718521
45650 7 3.061882 45.777431 4.385949 40.514509
45700 6 3.067859 46.807301 4.338584 50.581375
45750 6 2.956182 45.271021 4.178211 44.189619
45800 7 2.731120 40.256958 4.102887 46.818420
45850 5 2.857215 40.317833 4.161990 49.201698
45900 6 2.793843 33.586692 4.144921 53.559371
45950 5 2.795603 35.919425 4.069500 50.573569
46000 6 2.739780 36.686725 4.058118 54.483273
46050 5 2.814151 36.038938 4.015832 49.430620
46100 5 3.043072 41.033096 4.018222 52.149399
46150 5 3.010804 42.448366 4.032979 51.540041
46200 6 2.905593 42.429343 4.051036 51.138464
46250 5 2.892810 33.942077 4.048119 51.160838
46300 5 2.868491 33.807942 4.034676 51.432674
46350 6 2.967714 28.559431 4.003275 51.188807
46400 6 3.126350 37.559487 4.008724 50.298532
46450 5 2.923819 42.583617 4.103492 53.788698
46500 7 3.035245 45.627428 4.090311 51.792761
46550 5 2.861598 40.965843 4.113718 51.299183
46600 5 2.895107 37.495431 4.205795 52.304374
46650 5 2.640982 29.684770 4.210073 50.639869
46700 5 2.611270 32.822345 4.084306 62.565389
46750 6 2.668531 37.826617 4.210581 56.850300
46800 5 2.625110 36.387911 4.310245 61.143110
46850 5 2.455729 33.186344 4.356377 58.055410
46900 6 2.617297 41.046424 4.358726 39.545636
46950 6 2.530838 35.618506 4.328947 50.827871
47000 5 2.659901 35.194786 4.415831 42.367129
47050 7 2.731245 37.186231 4.258025 53.048413
47100 5 2.554196 38.948183 4.268397 50.844509
47150 5 2.498454 36.344797 4.177802 54.875341
47200 5 2.680953 34.455397 4.307082 49.858876
47250 5 2.727257 40.840128 4.242858 49.862169
47300 5 2.501839 37.782213 4.231782 48.916991
47350 6 3.041761 37.529589 4.193933 48.256456
47400 5 2.968886 39.569898 4.195066 46.486772
47450 6 2.891045 43.560693 4.200646 46.991434
47500 5 2.887543 38.970591 4.173665 47.169055
47550 6 3.098080 38.317943 4.192705 46.683776
47600 5 2.869340 35.081675 4.207632 47.124484
47650 5 2.702106 34.897084 4.227606 46.875571
47700 5 2.159104 36.498221 4.240179 48.234164
47750 5 2.108145 36.004689 4.256975 46.662714
47800 5 2.354987 40.428725 4.310395 44.920026
47850 5 2.709147 37.569717 4.345729 46.523139
47900 5 2.665939 35.930671 4.199804 49.848378
47950 5 2.307513 33.414431 4.147824 50.660889
48000 5 2.290706 28.960273 4.093743 44.928347
48050 5 2.600977 26.135773 4.212529 45.504933
48100 5 2.663288 31.931995 4.184522 55.633130
48150 6 2.961722 33.516717 4.231571 45.030428
48200 5 3.041620 37.423864 4.226514 42.861184
48250 6 2.849035 40.577238 4.269377 37.944501
48300 5 3.188254 35.553031 4.249551 29.474624
48350 5 3.290068 42.632125 4.276453 44.957218
48400 5 2.419495 43.428194 4.223842 48.791303
48450 6 2.653764 35.257311 4.258303 44.704562
48500 7 3.413458 32.359071 4.326797 41.599275
48550 5 3.340905 35.022422 4.357801 43.333690
48600 5 3.064822 34.336161 4.243771 47.074531
48650 5 3.069778 40.197939 4.142332 46.449187
48700 5 3.239530 36.868195 4.103447 42.868690
48750 5 3.230924 39.956902 4.199731 41.895314
48800 5 2.783836 38.132526 4.154961 47.558661
48850 5 2.860715 36.399207 4.187437 43.745494
48900 5 2.998778 42.560026 4.242671 46.444038
48950 5 3.347845 27.919348 4.280893 44.705103
49000 5 2.823997 33.744308 4.190414 44.426190
49050 5 2.725263 39.208424 4.353343 45.241981
49100 5 2.551103 35.418724 4.351488 48.230237
49150 6 2.259835 33.772713 4.255919 42.335564
49200 7 2.505328 30.951256 4.270126 41.703970
49250 5 2.632030 39.457846 4.271601 42.331976
49300 5 2.546210 39.962953 4.295451 41.355018
49350 6 2.642125 41.424796 4.294644 42.419796
49400 6 2.865862 38.071559 4.333915 40.493211
49450 7 3.058388 43.367511 4.370316 40.492159
49500 6 2.754565 39.580351 4.345846 37.166882
49550 5 2.650006 38.981907 4.287950 40.063362
49600 5 2.781040 40.687684 4.235407 47.962790
49650 5 2.809078 39.354554 4.239189 44.963106
49700 5 2.929468 41.022923 4.277367 41.475867
49750 6 2.883506 39.254926 4.352070 42.534406
49800 7 2.849498 35.368973 4.354318 46.424820
49850 5 2.604484 40.989268 4.354895 46.415085
49900 6 2.551234 42.211896 4.457483 44.318642
49950 5 2.416604 43.137690 4.343129 44.155055
