0 7 2.810000 24.920000 4.200000 20.000000
50 4 2.681375 25.764053 4.241564 58.377018
100 6 2.791778 25.042357 4.235514 41.762259
150 6 2.951071 25.817951 4.171733 37.922614
200 7 2.901853 26.048952 4.188449 23.829374
250 8 3.163338 25.341289 4.198512 29.801627
300 7 3.043649 25.605484 4.188361 34.772557
350 6 3.014194 25.439980 4.166138 24.089543
400 6 2.997635 25.108278 4.102002 33.014045
450 6 2.986334 24.983491 3.923047 46.790841
500 7 2.893688 25.959571 3.858654 49.751801
550 6 2.417236 25.573466 4.062284 50.923965
600 8 2.383068 24.852825 3.946405 46.402709
650 7 2.532947 24.249617 3.793161 48.261511
700 7 2.238735 24.019432 3.947797 40.031187
750 8 2.041038 23.416113 3.950171 60.541996
800 7 2.109324 22.864881 3.986370 45.821133
850 8 2.193918 22.383981 3.903283 46.222816
900 5 1.953313 25.257041 4.060559 45.909620
950 5 2.783707 23.647501 4.082451 43.136432
1000 7 2.662263 23.908987 4.030919 40.700595
1050 7 2.604385 24.774751 3.993270 44.642402
1100 6 2.618200 25.037465 4.026868 42.942835
1150 6 2.577930 26.277249 3.956323 42.477820
1200 7 2.648639 26.563337 4.006871 46.273995
1250 6 2.824139 25.083181 3.775144 49.236973
1300 9 2.768447 27.030403 3.799744 44.871338
1350 7 2.673819 26.710184 3.828256 43.496222
1400 6 2.826530 30.112358 4.060325 44.851676
1450 6 2.616468 30.212026 3.929809 47.850048
1500 7 2.432161 28.252661 3.890032 46.325047
1550 6 2.478808 31.453840 3.928565 46.681235
1600 7 2.581700 32.823509 3.827319 46.330162
1650 7 2.437296 30.130179 3.880109 47.514640
1700 6 2.372584 29.029015 3.899523 46.930596
1750 8 2.496899 23.073626 3.887936 46.679483
1800 10 1.923338 26.582800 3.819016 48.615438
1850 10 1.570557 26.015409 3.796712 48.438873
1900 7 2.212037 25.088391 3.783741 51.185487
1950 6 2.703349 22.694749 3.963779 50.016891
2000 7 2.534239 26.216796 3.942808 45.464217
2050 6 2.242220 27.637410 4.039391 45.551475
2100 7 2.115887 27.581761 3.980610 51.425810
2150 10 2.080895 33.491642 3.874078 40.503252
2200 7 2.508891 35.669020 3.855697 42.385905
2250 6 2.893647 31.461603 3.881559 42.819983
2300 7 2.861598 31.019732 3.971720 37.690066
2350 7 2.796847 26.529130 3.831358 42.673549
2400 8 2.565728 29.260667 3.792535 46.652998
2450 7 2.509838 29.640944 3.749557 53.862841
2500 6 3.036895 32.651445 3.770721 45.851930
2550 6 3.610656 31.457341 3.875385 34.888372
2600 7 3.479875 32.273301 3.854442 39.016649
2650 9 2.986142 32.817164 3.908226 37.590494
2700 6 3.163319 33.220188 3.973727 31.587686
2750 6 3.149575 34.199296 4.027596 33.900086
2800 7 2.988040 33.538113 3.891280 36.571816
2850 7 2.925912 30.958144 3.864488 44.012373
2900 8 2.955737 32.156599 3.858924 39.284949
2950 6 2.888419 32.939172 3.916604 46.891361
3000 6 3.160367 32.708318 3.934850 38.401501
3050 7 3.280191 32.996405 4.026717 37.500328
3100 7 3.357591 32.604277 4.156426 27.624269
3150 5 2.985792 32.511670 4.201810 29.225689
3200 6 3.034561 32.480058 4.240925 37.423458
3250 5 3.096465 32.531761 4.179879 36.784988
3300 7 2.991707 32.290169 4.074986 30.809117
3350 6 3.113472 32.041406 4.082744 37.342013
3400 6 3.294006 32.156760 3.918424 44.871146
3450 6 3.292383 31.951525 3.981028 40.770985
3500 6 3.056314 31.492716 4.009217 43.084589
3550 6 2.956577 31.843925 4.059288 44.308586
3600 6 2.865016 32.730672 4.005169 44.439397
3650 6 2.631979 33.080335 4.134345 43.197397
3700 5 2.472345 33.860181 3.985563 42.962417
3750 7 2.307854 33.701615 3.974343 43.592509
3800 7 2.453399 34.180205 4.114461 42.988382
3850 7 2.658014 32.935454 4.175885 42.177409
3900 5 2.669593 32.974230 4.141175 43.370719
3950 7 2.354620 33.503918 4.005714 37.068267
4000 7 2.791681 33.326492 4.105370 34.473100
4050 5 2.750954 32.947759 4.201718 41.821376
4100 5 2.871908 32.337586 4.127081 43.331051
4150 6 2.747165 32.128259 4.131052 39.220804
4200 6 2.745426 33.840985 4.143710 37.849435
4250 6 2.804777 34.108464 4.151924 39.675871
4300 6 2.815311 33.391096 4.057297 46.065884
4350 6 3.222926 29.893953 3.938927 44.101660
4400 6 2.579854 31.529174 3.918715 45.953522
4450 6 2.614360 33.591106 3.885020 46.459946
4500 6 2.439768 28.736416 3.926742 45.360266
4550 6 2.905482 29.010829 3.946183 46.039395
4600 6 2.724292 28.229639 3.951464 45.661611
4650 7 2.639411 31.081799 3.978466 45.582233
4700 7 2.565778 30.493262 4.010409 46.890614
4750 6 2.534448 27.885900 4.020892 47.111421
4800 6 2.552852 34.340832 4.021475 47.322897
4850 6 2.607784 31.594409 4.021475 47.322897
4900 6 2.433551 30.888753 4.021475 47.322897
4950 6 2.425283 32.601259 4.031569 47.649076
5000 8 2.292467 32.225356 4.050725 47.866787
5050 7 2.405931 33.492437 4.042740 47.565260
5100 7 1.974815 32.634973 4.103285 47.745202
5150 6 2.004509 33.040206 4.071804 47.559211
5200 7 2.146689 34.907739 4.053774 47.614503
5250 7 2.489129 33.360625 4.053774 47.614503
5300 5 2.546871 34.014603 3.998411 47.800673
5350 5 2.998289 33.664620 3.985291 47.643510
5400 6 2.977261 40.445576 3.994660 47.348978
5450 7 2.684184 41.541730 3.962882 47.326965
5500 7 2.755243 38.661194 3.986368 46.809409
5550 6 2.456253 35.278485 3.956946 46.555959
5600 6 2.720316 36.588858 3.948292 47.559136
5650 6 2.849137 45.780093 3.970096 45.355673
5700 7 2.525017 42.431665 3.880481 44.040753
5750 7 2.374297 47.503095 3.894378 46.829614
5800 8 2.398543 43.459811 3.901318 41.685543
5850 8 2.539940 40.581226 3.918039 38.982592
5900 7 2.568197 40.893557 3.870213 45.737223
5950 10 2.409090 40.402630 3.808027 39.426188
6000 9 2.442596 45.351995 3.770849 40.970897
6050 8 2.480326 43.031061 3.722730 40.520693
6100 8 2.162948 41.879994 3.842050 42.455046
6150 8 1.889789 38.296534 3.921313 40.457672
6200 6 2.087605 37.535113 4.001971 43.580397
6250 7 2.049507 36.957311 4.030488 42.015884
6300 8 1.927422 45.331812 3.999090 44.258600
6350 6 2.117047 45.869367 3.971195 42.100466
6400 6 2.424949 43.189149 3.977033 42.460326
6450 6 2.573764 44.331253 3.982005 42.491728
6500 6 2.903136 49.872683 4.015016 43.235177
6550 6 3.029578 40.758171 3.884570 43.260285
6600 7 3.141050 50.317946 3.987912 41.256410
6650 6 2.749907 53.878600 3.948505 41.908008
6700 7 2.576915 56.471223 3.948505 41.908008
6750 8 2.267917 50.998512 3.969651 41.320276
6800 8 2.122040 47.523072 3.974713 40.965669
6850 6 2.482068 47.262790 3.988940 39.255266
6900 9 2.377570 46.672618 3.953562 33.900866
6950 8 2.507071 43.081343 3.866474 36.100348
7000 9 2.436635 35.234103 3.935975 43.506751
7050 8 2.660799 43.274382 4.037727 39.375399
7100 6 2.955947 39.799904 3.935564 43.225635
7150 6 2.839358 42.044366 3.937772 38.310581
7200 9 2.601551 45.945884 3.826105 42.433845
7250 6 2.537684 43.006046 3.841228 44.096943
7300 9 2.477512 44.205269 3.724550 45.989856
7350 9 2.368297 45.515936 3.887556 41.201053
7400 7 2.483801 45.031353 3.835586 40.110473
7450 6 2.538292 45.053150 4.033334 43.756344
7500 8 2.414307 43.286179 3.919590 41.841161
7550 10 2.822861 42.181010 3.885481 36.968964
7600 9 2.602304 41.108442 3.901478 42.790031
7650 8 2.679993 41.252271 3.843163 39.866337
7700 8 2.652209 41.290858 3.861572 44.784873
7750 6 3.031875 40.857746 3.834032 35.341771
7800 6 3.060015 41.494284 3.914408 44.874450
7850 6 2.570885 39.532083 3.818785 45.816807
7900 8 2.528275 41.668383 3.870184 42.627395
7950 6 2.871457 43.754428 3.910198 48.306495
8000 7 2.727940 43.685582 4.014342 39.046940
8050 6 3.020184 44.509608 3.971731 41.877413
8100 9 2.751116 44.749099 3.943342 29.620397
8150 6 2.953339 44.437982 3.968603 42.054781
8200 7 3.246515 47.898201 3.893331 39.298298
8250 6 3.004264 47.005873 4.036541 28.806518
8300 5 2.939780 46.504327 4.133804 42.532136
8350 6 3.028095 46.323468 4.074444 33.504774
8400 7 3.048405 43.349163 3.974084 38.792664
8450 7 2.782226 42.832748 3.995512 29.334331
8500 6 2.798761 44.009774 3.918987 48.697211
8550 7 2.207011 42.919325 3.883416 45.867325
8600 8 2.414929 41.375538 4.034905 36.479851
8650 7 2.723938 44.207794 3.876037 45.005719
8700 6 2.916241 56.059983 3.820836 49.251233
8750 6 2.996942 49.201685 3.832094 47.484452
8800 6 3.167884 56.889077 3.779845 48.211635
8850 7 2.882429 54.506993 3.798472 47.574365
8900 6 2.789194 49.828834 3.829670 47.920902
8950 6 2.610429 53.264919 3.859460 47.564424
9000 6 2.831520 54.197119 3.846537 46.443466
9050 6 2.687681 47.178444 3.829210 47.537421
9100 8 2.758710 49.845694 3.803245 48.242349
9150 7 2.851093 46.214913 3.839598 48.060118
9200 7 3.013400 47.952322 3.824912 48.438543
9250 7 3.080659 51.812387 3.827225 45.614520
9300 6 3.143847 50.910775 3.826073 44.889736
9350 5 3.269729 50.182405 3.879449 40.799091
9400 8 3.310029 59.893434 3.828453 40.784110
9450 7 3.215644 61.071729 3.827024 35.574793
9500 6 3.142940 52.491542 3.878622 38.537330
9550 6 2.983906 53.416790 3.916077 36.862518
9600 6 2.996345 47.751215 3.906988 42.068763
9650 7 3.390095 50.893983 3.965258 36.571696
9700 6 3.392522 43.478412 3.912929 37.078941
9750 6 3.282304 44.418191 3.897659 40.925702
9800 7 3.283869 42.046673 3.877048 39.817243
9850 7 3.397548 47.203416 3.879927 39.049407
9900 8 3.357358 46.448558 3.889043 40.319098
9950 7 3.389326 48.272426 3.929407 39.182888
10000 6 3.157299 49.603218 3.932873 38.758430
10050 6 3.410545 53.859398 3.935735 39.693776
10100 7 2.952394 42.941932 3.896374 38.100607
10150 9 2.373768 47.573281 3.897566 38.371086
10200 6 2.996967 54.394338 4.016086 41.781177
10250 8 2.168596 50.660077 3.978669 41.211510
10300 6 2.191300 45.960196 4.050396 38.005310
10350 7 1.916738 39.237643 4.046402 41.955262
10400 8 2.016386 36.686276 4.060151 35.522998
10450 8 1.812803 37.514735 4.028190 44.888025
10500 10 1.929355 36.240467 4.058317 43.877352
10550 6 2.241592 40.719219 4.105613 36.712884
10600 10 2.193478 38.713734 4.077678 37.807262
10650 8 2.112019 41.180399 4.024208 41.799658
10700 8 2.097578 34.952221 4.036590 43.017287
10750 6 2.236527 38.400316 4.021922 53.277204
10800 7 2.034195 39.547043 4.065773 48.468462
10850 7 1.883092 37.466111 3.997912 47.982576
10900 8 1.961043 39.138901 4.000506 42.941294
10950 8 2.205966 36.354296 3.975934 41.812038
11000 7 2.051417 28.227368 3.941020 44.756715
11050 7 2.182106 30.136578 3.977596 45.018697
11100 7 2.423239 33.349537 3.968505 41.444970
11150 6 2.451615 26.318828 3.977456 35.146332
11200 6 2.575903 31.491580 3.940388 48.038084
11250 6 2.898389 33.743068 3.994354 43.118489
11300 6 2.890193 29.193248 4.001968 42.171945
11350 6 2.801030 25.015138 4.003638 45.755497
11400 7 2.545967 25.708474 3.994196 46.652897
11450 7 2.408273 24.875021 4.004951 39.687076
11500 7 2.416400 22.670014 3.934412 39.693953
11550 7 2.750799 28.892313 3.866569 49.278169
11600 8 2.719221 28.137622 3.880135 45.782309
11650 6 2.863440 25.411743 3.936951 47.528334
11700 7 2.787524 31.749143 3.941506 33.620037
11750 7 2.986688 25.013538 3.954080 37.360960
11800 6 3.055414 27.127905 3.928294 31.261737
11850 6 2.755271 29.912153 3.845848 41.974247
11900 8 2.803856 21.713620 3.916129 40.050140
11950 6 3.077475 20.876836 3.852296 46.796240
12000 6 3.145065 29.435445 3.911804 47.522579
12050 6 2.966914 27.541534 3.904858 46.341450
12100 7 2.983299 27.295846 3.804241 37.571822
12150 6 2.945429 26.631503 3.840451 45.912271
12200 6 3.098495 35.506528 3.891632 45.998148
12250 6 2.724287 29.576673 3.900374 32.350609
12300 7 2.761138 32.926246 3.996484 38.085751
12350 7 3.032767 36.693631 4.056266 25.655739
12400 7 3.428291 34.043058 4.092827 30.106354
12450 7 3.553325 34.145838 4.060592 23.262658
12500 6 3.667102 32.143662 4.165474 34.620832
12550 7 3.242324 27.355287 4.024263 39.906340
12600 6 3.262105 26.313525 4.018525 39.196479
12650 7 3.014059 28.394396 3.982298 40.991157
12700 6 3.078383 29.610328 3.976639 41.274526
12750 8 2.828363 33.868056 3.928465 39.541350
12800 6 2.901219 33.297809 3.942399 39.901232
12850 6 2.956981 35.652452 3.962964 44.720436
12900 5 2.570403 24.887059 4.006628 41.623169
12950 7 2.818297 32.290035 3.976727 42.738036
13000 6 2.691043 30.697653 4.088816 43.805494
13050 6 2.799591 31.551162 3.986637 41.531416
13100 7 2.334704 31.937372 3.886774 47.691156
13150 8 2.182308 38.217472 3.970894 44.220549
13200 9 2.263948 34.902426 3.962241 38.550275
13250 7 2.500571 31.416298 4.106798 31.897691
13300 7 2.763615 28.096048 4.090191 38.454775
13350 6 2.790471 28.700947 4.045088 43.429982
13400 7 2.550620 27.429585 3.990417 42.099439
13450 7 2.880459 26.444275 4.081130 39.560510
13500 6 2.436773 28.165859 4.019021 41.240580
13550 6 2.615367 29.194967 3.984942 47.748265
13600 7 2.381433 29.079270 4.002376 40.927165
13650 5 2.502825 30.434053 4.073540 43.275744
13700 6 2.339713 28.097169 4.073353 45.077994
13750 6 3.035085 26.762577 4.044811 45.055570
13800 9 2.862814 27.088378 4.024406 33.020674
13850 6 2.648319 30.681499 3.973135 43.472480
13900 7 2.814227 29.577228 3.934039 45.745667
13950 9 2.636537 27.157830 3.978672 39.300107
14000 7 2.533073 34.102229 3.954944 37.330343
14050 7 2.484599 31.730748 3.958853 45.535761
14100 7 2.347004 38.894473 3.902011 43.909476
14150 7 2.167716 39.471383 4.029820 49.446459
14200 6 2.767971 35.379137 3.903256 48.837399
14250 6 2.674779 34.383364 3.963741 41.183848
14300 7 2.667342 28.367953 4.028733 43.813644
14350 6 2.526072 34.374661 4.139957 45.490595
14400 6 2.792463 30.086101 4.061176 44.860533
14450 6 2.967117 34.718278 4.125118 39.948478
14500 6 2.728951 33.384946 4.116106 38.831180
14550 9 2.725639 26.702148 4.083312 30.548521
14600 5 2.533096 33.732782 4.065941 30.961455
14650 7 2.380179 31.799577 4.044286 34.964394
14700 9 2.408914 23.170703 3.972286 38.849713
14750 7 2.650561 31.296472 3.995043 34.988687
14800 7 2.660380 38.988606 4.058675 37.700738
14850 9 2.799599 43.251895 3.972777 30.435037
14900 8 2.682207 47.707472 4.060433 35.633067
14950 6 2.746299 37.976234 4.096143 36.095703
15000 6 2.779226 38.294859 4.056467 36.058526
15050 6 2.332377 32.784730 4.186841 29.574525
15100 7 2.500322 33.029951 4.177904 35.905464
15150 7 2.732074 39.996316 4.213154 32.788176
15200 7 2.822046 35.582870 4.237643 33.592220
15250 7 2.564580 39.186613 4.271741 21.524570
15300 9 2.259695 42.351282 4.122054 39.455863
15350 8 2.549464 38.241376 4.133327 41.737472
15400 7 2.422747 43.399545 4.172413 38.661459
15450 8 2.268856 43.224282 4.114922 39.910614
15500 7 2.550000 41.149863 4.035760 39.498049
15550 6 2.365383 36.152556 4.060197 33.387606
15600 8 2.597275 39.340013 4.009435 40.195724
15650 6 2.796671 44.935657 3.944197 41.639096
15700 6 2.752872 38.762461 4.007064 38.998832
15750 6 2.758020 41.587613 4.025631 39.034222
15800 6 3.111712 39.303429 4.034339 38.644198
15850 6 3.051168 46.928818 4.132276 35.953476
15900 6 2.916850 52.076751 4.006169 40.068272
15950 6 3.140348 48.787789 3.990622 42.352203
16000 5 2.756723 51.402480 4.007864 40.887729
16050 6 3.170452 43.859406 4.043998 43.473328
16100 6 2.916259 37.982951 3.911217 40.109656
16150 7 2.831118 40.261324 3.836088 42.779216
16200 8 3.127571 40.635650 3.823464 43.238537
16250 7 3.106767 40.045693 3.757411 43.869128
16300 6 3.529224 29.882552 3.787260 42.904733
16350 6 3.442620 37.201008 3.784865 42.978156
16400 7 3.329794 28.469119 3.829929 43.510816
16450 7 2.999419 30.332459 3.776152 43.054863
16500 6 3.118862 30.130806 3.817342 40.607949
16550 6 2.993177 22.381528 3.881184 45.528677
16600 6 3.281118 23.403936 3.916778 44.995933
16650 7 3.263177 25.515784 3.876377 45.990654
16700 6 3.382400 28.841631 3.865533 44.319139
16750 7 3.672299 28.008808 3.922279 35.159107
16800 6 3.352382 33.434531 3.927376 39.189406
16850 7 2.885639 35.321256 3.971640 38.540166
16900 8 2.873718 33.500505 3.977203 38.690794
16950 6 3.048716 29.548314 4.034288 39.928102
17000 6 2.652597 30.585951 4.045166 38.983478
17050 6 2.640347 23.875310 4.088595 40.958252
17100 7 2.938224 27.032537 4.051459 41.511288
17150 7 2.875966 33.686180 4.010560 39.845033
17200 6 2.644228 30.131182 4.002198 41.600912
17250 7 2.346509 31.625805 4.017672 39.695359
17300 6 2.544204 28.764148 3.983459 40.393199
17350 7 2.520827 30.559357 4.025500 40.378269
17400 10 2.344063 34.189558 3.984504 41.506649
17450 8 2.491333 36.875808 3.898545 41.983948
17500 9 2.429945 37.691264 3.869070 40.008805
17550 7 2.780378 36.492336 3.848582 41.192265
17600 7 2.827514 38.587357 3.821298 40.356059
17650 8 2.665564 36.003385 3.772490 43.939841
17700 9 2.850517 39.501403 3.811686 41.468522
17750 7 2.455929 38.575451 3.910136 38.735314
17800 8 2.635015 36.481875 3.899698 46.877025
17850 8 2.533136 34.660766 3.889690 40.595952
17900 9 2.204138 40.841205 3.833970 41.129921
17950 5 2.531488 40.894874 3.931788 41.652654
18000 6 2.342112 34.311718 4.018964 43.024558
18050 7 2.323274 34.503552 4.014511 42.265941
18100 5 2.424096 43.021792 4.135447 32.567632
18150 7 2.090536 40.133115 4.111375 43.970646
18200 7 2.191830 40.224395 4.132815 40.272071
18250 7 2.306679 40.474518 4.119587 39.763484
18300 6 2.566608 39.376035 4.101572 42.372872
18350 7 2.420708 39.577231 4.115725 34.855499
18400 8 2.130884 37.334182 4.089228 34.729072
18450 6 2.182017 39.312869 4.021432 42.629662
18500 6 2.759106 44.134274 3.977279 45.258043
18550 7 2.896738 35.838179 3.972397 42.720803
18600 7 3.036951 43.806463 3.922314 42.299472
18650 7 3.309289 48.524994 3.979572 42.863760
18700 6 3.108363 39.000058 3.924024 41.392381
18750 7 2.786329 47.033803 3.887176 48.398399
18800 7 2.458022 37.966575 3.938615 52.694320
18850 9 2.348818 40.260234 3.966658 39.465809
18900 8 2.374824 32.881666 4.075978 36.837407
18950 7 2.558222 28.364175 4.163578 40.926050
19000 8 1.826615 35.138005 4.289556 47.700307
19050 8 2.051121 30.409747 4.322623 39.409634
19100 5 2.220245 43.147583 4.370981 30.635807
19150 6 2.253271 43.202805 4.386914 36.900807
19200 6 1.917799 50.998535 4.376649 34.953494
19250 6 1.809865 44.062165 4.180687 41.832716
19300 6 1.665530 41.723071 4.249960 45.096022
19350 5 1.519444 42.163194 4.237494 47.935904
19400 7 1.735140 51.107547 4.087437 49.358021
19450 7 1.402264 43.247102 4.129334 42.595026
19500 9 1.500495 41.878821 4.139018 41.915108
19550 9 1.505812 39.181891 4.094738 43.935042
19600 7 1.881523 33.321893 4.134690 43.263188
19650 7 2.025926 42.819539 4.141681 45.931008
19700 7 2.405663 38.263225 4.140590 42.589601
19750 6 2.689835 39.632165 4.175327 42.889826
19800 6 2.538793 39.929085 4.090811 38.893916
19850 7 2.584485 38.493822 3.825254 40.541310
19900 7 2.663510 39.686387 3.917631 39.854377
19950 7 2.969834 37.465317 3.868318 38.552070
20000 7 2.816550 36.937419 4.006813 43.576743
20050 6 2.659093 39.122681 4.054343 43.026029
20100 6 2.642090 36.874705 3.958138 37.437710
20150 8 2.857856 37.161801 3.930107 39.763497
20200 6 2.818384 39.328118 3.925082 43.060691
20250 6 2.857368 37.902599 3.893437 40.454913
20300 6 2.968247 38.746243 3.925726 40.495625
20350 6 2.899611 34.692247 4.012330 38.332340
20400 6 2.972125 30.084558 3.955069 42.055132
20450 7 2.907926 35.664428 4.067110 35.626440
20500 6 2.846559 44.415462 4.069178 27.788011
20550 9 2.542387 45.842567 3.957953 38.372845
20600 7 2.763145 39.202187 3.976735 43.775679
20650 6 2.921194 38.224245 3.938794 39.921268
20700 6 2.652807 40.273259 3.788754 44.496591
20750 6 2.607907 41.904377 3.942245 42.337992
20800 6 2.464964 41.947255 4.059565 40.846594
20850 7 2.626559 42.540441 3.954691 37.404970
20900 8 2.732080 36.853089 3.902715 35.548559
20950 6 2.623621 37.582508 3.895409 39.304046
21000 9 2.420548 40.605728 3.808885 42.232936
21050 6 2.677033 39.165912 3.925672 48.022859
21100 6 2.702339 36.039687 3.967103 41.514551
21150 7 2.577748 26.845087 3.950241 43.820631
21200 7 2.656539 27.603637 3.947564 47.292644
21250 8 2.455792 36.109492 3.966783 38.217823
21300 6 2.372300 34.757960 4.010390 45.708673
21350 6 2.545936 35.329397 4.037097 52.034438
21400 8 2.534050 32.053360 3.995603 46.521001
21450 8 2.501917 38.935358 4.001527 42.934820
21500 8 2.256795 32.502235 3.982869 46.190790
21550 6 2.668157 35.311078 4.039159 45.180870
21600 7 2.686520 44.354580 3.950187 44.883230
21650 8 3.031160 41.708655 3.984291 31.209330
21700 5 3.010446 36.234021 4.040584 43.574276
21750 6 2.987052 32.493766 3.939637 43.179602
21800 5 2.841546 37.709078 4.105201 40.247515
21850 7 3.011332 46.523461 4.001447 32.147031
21900 7 2.655573 46.673679 4.120864 39.660707
21950 6 2.814986 44.165707 4.135457 36.162191
22000 5 3.282579 45.251249 4.152707 38.242144
22050 6 3.013555 46.409972 4.084107 39.184958
22100 6 3.122462 40.921083 3.956470 40.033772
22150 7 2.492502 41.254300 3.949059 40.300336
22200 8 2.548683 51.577095 4.040280 39.112178
22250 6 2.546983 46.190239 3.989244 41.956103
22300 6 2.631635 42.532416 3.986818 47.172813
22350 6 2.420881 45.737939 3.914502 39.558749
22400 6 2.669240 54.672466 3.987238 41.282333
22450 8 2.879022 56.875260 4.070717 36.732143
22500 6 2.625295 51.814043 4.052659 42.414771
22550 6 2.476692 57.414920 3.985036 48.818354
22600 6 2.413051 49.164368 4.058944 40.835383
22650 7 2.451349 46.952618 4.018333 40.728288
22700 7 2.164305 47.980589 4.042765 45.797434
22750 8 2.233401 58.419992 4.003405 42.044030
22800 8 2.436697 62.112743 3.947210 40.208109
22850 7 2.413721 55.761803 4.009191 33.948426
22900 10 2.028224 55.856465 3.978375 41.009133
22950 7 2.014298 52.500059 4.057566 34.506574
23000 7 2.172559 42.758139 4.087173 38.882000
23050 8 2.260167 51.141789 4.102127 38.912330
23100 6 2.306311 44.741436 4.117066 38.893387
23150 7 2.261061 48.016003 4.120015 38.328699
23200 8 2.252195 46.794275 4.104055 36.631370
23250 8 2.218427 45.224108 4.095612 37.333051
23300 8 2.335542 43.665229 4.129955 30.971642
23350 6 2.805861 45.763102 4.078994 33.370775
23400 8 2.572076 44.196223 3.981546 38.579255
23450 7 2.714666 39.507591 4.050470 38.024121
23500 6 3.010473 35.491226 3.980551 42.734205
23550 6 3.123789 34.987820 3.953163 47.461602
23600 6 3.205265 35.573192 3.950978 42.864077
23650 7 3.067346 33.357576 3.897410 42.730285
23700 6 3.048096 39.176857 3.866998 44.562304
23750 6 3.033859 33.207393 3.848378 44.199680
23800 6 2.584436 29.263973 4.015801 42.057936
23850 6 2.682243 37.473488 4.015327 40.869082
23900 7 2.310489 41.045661 3.890299 47.740688
23950 7 2.491695 38.814240 3.892444 43.369143
24000 7 2.806234 40.606341 4.000542 45.802436
24050 4 2.482911 41.364323 4.041319 48.264432
24100 6 2.483217 44.602465 4.086397 43.199173
24150 7 2.749931 38.577491 3.937513 35.887404
24200 6 2.898307 40.930065 3.960083 44.003824
24250 6 2.676034 38.163239 3.851734 45.038630
24300 7 2.812687 37.473092 3.871777 44.920710
24350 8 2.753302 38.012697 3.861551 47.847875
24400 7 2.673799 39.618156 3.899315 46.105069
24450 6 2.596395 37.822923 3.965584 51.385369
24500 8 2.380407 36.450426 3.943554 50.210963
24550 8 1.983972 33.055263 3.898045 46.146218
24600 7 1.713960 29.472586 4.004638 46.941557
24650 9 1.658667 34.248965 4.060978 47.347799
24700 9 1.493530 34.536230 4.081485 49.588953
24750 10 1.346346 29.785970 4.030211 46.110191
24800 10 1.178014 39.937076 4.155202 45.826610
24850 12 1.295317 35.117975 3.993513 53.066484
24900 7 1.351748 35.511489 4.000367 47.601103
24950 10 1.489030 32.397517 3.861875 52.376413
25000 10 1.734445 35.787505 3.893280 44.055232
25050 9 1.929754 31.956929 3.856536 46.086981
25100 8 1.820081 29.667376 3.823771 54.188089
25150 8 2.146602 31.934641 3.788171 53.409800
25200 6 2.508919 32.385598 3.870003 37.092776
25250 7 2.717246 31.809056 3.999712 40.997671
25300 8 2.161770 25.602532 3.977434 39.677486
25350 9 2.424189 26.995292 3.916960 53.625097
25400 8 2.331012 31.857631 4.009172 44.373239
25450 8 2.466386 34.276454 3.900392 49.060513
25500 7 2.648043 35.572276 3.867895 43.970239
25550 7 2.976348 30.847496 3.782523 45.107154
25600 9 2.682852 33.889966 3.754285 39.212356
25650 11 1.930322 25.661895 3.792963 40.897854
25700 8 2.125406 31.582218 3.810138 45.973321
25750 11 2.459515 38.257372 3.717170 38.789517
25800 8 2.476509 41.736840 3.771440 46.145673
25850 11 1.988237 32.782491 3.752420 46.024234
25900 9 2.255016 29.599721 3.854657 46.410785
25950 7 2.398291 26.999337 3.919218 43.661202
26000 6 2.312737 35.986722 3.960150 44.079193
26050 8 2.104134 36.771472 3.975208 44.927884
26100 7 2.333970 38.795063 3.953885 43.466024
26150 6 2.760818 34.869298 4.042420 40.167212
26200 7 2.727406 34.286892 4.055129 34.075774
26250 6 2.612568 32.408089 4.125349 43.575499
26300 6 3.050711 40.420253 4.054977 42.620030
26350 7 3.158377 39.212811 3.984463 40.980680
26400 6 3.185068 34.159857 3.942327 42.988462
26450 6 3.534474 35.637929 3.962988 41.569416
26500 6 3.362837 31.375370 3.884218 40.039760
26550 6 2.664242 31.017773 4.002332 39.449131
26600 6 2.788004 33.576517 3.984983 38.695043
26650 6 2.932000 35.576456 4.009845 43.671243
26700 8 2.784195 31.194688 4.057331 34.167760
26750 6 2.527242 30.420639 4.022658 43.456952
26800 7 2.410114 32.240990 4.124096 46.061758
26850 7 2.373215 39.227226 4.128497 43.065919
26900 9 1.969150 35.655406 4.118358 40.457339
26950 7 2.632581 40.497112 4.097639 41.468319
27000 6 2.600781 37.095815 4.157579 38.945581
27050 7 2.433365 34.293084 4.095569 40.084898
27100 8 2.338160 36.771477 4.118319 42.033173
27150 9 2.258879 36.594134 4.101968 42.523708
27200 7 2.289482 29.137910 4.127229 44.767656
27250 5 3.002348 33.882059 4.139399 43.351788
27300 5 2.709873 42.654781 4.127241 40.495339
27350 6 2.791657 37.623388 4.039889 36.875691
27400 8 2.952875 38.001195 3.931685 32.565996
27450 7 2.880790 37.707921 4.013714 40.303063
27500 6 2.877573 37.500933 3.928697 45.078762
27550 7 2.885596 34.352399 3.940868 41.549405
27600 7 3.168035 25.693368 4.038007 41.901281
27650 7 2.842833 30.162223 3.979103 36.735515
27700 6 3.049883 34.515866 4.022675 37.560681
27750 7 2.804016 30.438599 3.992020 45.362581
27800 6 2.575813 39.368673 3.988923 39.869795
27850 7 2.712557 41.135438 4.004173 39.858377
27900 6 2.676788 45.206421 4.020254 39.128047
27950 7 2.900292 32.628780 4.104323 40.181100
28000 7 2.538838 29.940384 4.116705 39.710533
28050 7 2.544493 28.200462 4.099424 42.325873
28100 9 1.685914 26.423651 4.071171 41.218202
28150 7 2.143535 28.945474 4.038424 42.520354
28200 6 2.778610 26.768003 4.082802 41.811187
28250 6 2.525594 32.981984 4.134457 42.162058
28300 6 2.319289 25.963396 4.016793 41.937082
28350 6 2.275966 21.520670 3.963087 52.228484
28400 7 2.163073 26.888230 4.016075 40.586680
28450 10 1.747250 24.333282 4.052597 40.908722
28500 9 1.798592 26.592846 4.126487 40.301087
28550 6 2.002230 23.671869 4.226700 48.170083
28600 6 2.188018 27.648190 4.096224 50.845760
28650 8 2.401524 26.502752 4.144116 41.540797
28700 6 2.707327 30.345597 4.141081 31.050681
28750 6 2.369773 27.484850 4.145235 43.778962
28800 5 2.535133 12.613414 4.138766 41.752508
28850 6 2.519977 16.273366 4.055328 45.580087
28900 6 2.229336 8.072567 4.006498 46.889125
28950 9 1.838541 15.245993 4.011117 47.098007
29000 6 1.894318 13.758496 4.004694 46.786526
29050 7 2.237970 11.093647 3.977996 46.774751
29100 8 2.082563 10.948061 4.053773 43.964600
29150 8 2.102025 15.379629 4.108413 41.752974
29200 5 2.094407 18.813733 4.112985 43.656346
29250 7 2.101785 23.413816 4.128519 43.475992
29300 5 2.044638 19.201786 4.178248 49.868002
29350 7 1.908121 19.024846 4.215567 44.578089
29400 6 2.001922 25.643229 4.152358 43.552674
29450 7 2.023172 22.675998 4.049354 48.944281
29500 10 1.677938 23.283287 4.008474 42.342639
29550 7 1.878454 16.049287 3.955725 48.922272
29600 6 1.555425 14.485430 4.207771 48.435191
29650 8 1.776080 16.053193 4.097254 45.280891
29700 8 2.134115 12.094772 4.138261 42.113223
29750 7 2.240806 16.209630 4.022278 48.397877
29800 6 2.082513 25.020065 4.037177 47.945370
29850 12 2.091279 23.008223 3.918814 41.105870
29900 8 2.226204 19.146832 4.031008 44.297654
29950 6 2.134969 18.409422 4.068307 44.083942
30000 6 2.237286 21.633797 4.077202 40.777350
30050 7 2.619127 20.861663 4.123466 37.294590
30100 5 2.654560 17.819852 4.098964 45.797986
30150 6 2.753980 19.961445 3.968272 53.020298
30200 6 2.835399 24.306466 4.034524 39.032957
30250 7 2.815800 28.252028 3.923770 42.561171
30300 7 2.256205 26.105061 3.955287 43.529994
30350 10 2.284271 24.155166 3.909833 43.390670
30400 6 2.402465 24.120945 4.068036 42.368078
30450 6 2.345074 24.146174 4.106802 43.408707
30500 7 2.256091 30.832931 4.186042 37.081489
30550 6 2.659186 30.566911 4.112116 37.841190
30600 6 2.931797 32.227054 4.067664 38.279481
30650 6 2.751207 32.323635 4.089287 38.288241
30700 8 2.732517 39.890625 4.047424 27.237577
30750 7 2.906414 32.340205 4.155554 28.888006
30800 7 2.749204 42.036880 4.163451 31.866626
30850 6 2.877046 39.314538 4.141110 26.808463
30900 5 2.986879 42.102065 4.190809 38.658502
30950 5 2.629734 36.362092 4.191724 29.703673
31000 4 2.927061 32.229797 4.168331 49.266786
31050 6 2.509863 33.790385 4.199295 38.592201
31100 6 2.784841 28.461462 4.228816 30.754898
31150 6 2.732468 25.226544 4.279186 31.412485
31200 5 2.482391 36.162617 4.286022 43.726649
31250 6 2.246160 37.525050 4.300909 41.116257
31300 6 2.619224 43.223122 4.248556 41.412652
31350 6 2.633046 38.400373 4.165658 44.429085
31400 5 2.680030 42.948315 4.151117 44.206902
31450 5 2.752363 46.244445 4.124565 43.901771
31500 5 3.136406 41.286007 4.150047 37.371158
31550 7 2.360140 45.480725 4.197445 40.361145
31600 6 2.329572 46.369996 4.208064 41.926528
31650 7 2.593902 46.665677 4.180582 34.429502
31700 6 2.692104 41.000158 4.164739 36.170989
31750 6 2.979142 45.930530 4.030279 38.422592
31800 6 3.101029 46.659187 4.120349 35.710361
31850 6 2.943656 36.789215 4.141213 33.391538
31900 7 3.073173 37.791182 4.124966 39.711412
31950 6 2.949710 47.022785 4.197238 37.070036
32000 6 2.927464 52.975296 4.078863 36.706223
32050 7 2.791672 55.879600 4.094175 33.593228
32100 7 3.431256 53.108688 4.044656 22.316623
32150 7 3.455453 53.937673 4.051736 23.773866
32200 7 3.471363 52.711448 3.980304 35.914170
32250 6 3.527287 61.741759 3.853860 40.382838
32300 7 3.319539 45.846886 3.949199 36.242473
32350 6 3.464721 47.968795 4.029342 44.551194
32400 5 3.681416 52.118995 3.916501 37.700156
32450 6 3.505604 50.903648 3.863646 39.645938
32500 6 3.183386 51.562185 3.892055 34.503604
32550 6 3.034542 57.077117 3.875140 44.640628
32600 6 3.174494 45.295206 3.935664 38.446723
32650 7 2.751766 49.555909 3.926864 39.618442
32700 7 2.752443 51.680054 3.908397 39.399966
32750 8 2.360971 54.060756 3.941575 43.184390
32800 7 2.466536 49.053339 3.944733 36.986779
32850 8 2.220207 49.444152 3.970012 46.463421
32900 7 2.335498 46.806461 3.956098 46.983457
32950 10 2.087936 47.307715 3.864911 50.051190
33000 9 2.179828 50.761037 3.922246 46.493605
33050 7 2.391754 51.422895 3.899971 45.457633
33100 6 2.646203 42.826893 3.928001 46.873312
33150 6 2.584248 39.854126 3.937275 45.693768
33200 6 2.633237 43.123072 3.930915 45.334518
33250 6 2.470341 46.472980 3.903880 44.780493
33300 8 2.341193 41.311213 3.866688 45.118678
33350 10 2.113558 47.052971 3.876305 34.870210
33400 8 2.399347 46.497323 3.923437 40.955899
33450 6 2.484398 52.101257 3.931665 41.505602
33500 7 2.454239 47.731922 3.870551 43.994134
33550 7 2.415051 47.905496 3.894138 48.130506
33600 5 2.483474 48.004083 3.913166 45.266287
33650 6 2.851975 44.111289 3.989877 44.855477
33700 6 2.812651 49.899237 4.026422 44.432291
33750 6 2.672033 53.495658 3.882453 41.524392
33800 6 2.823098 53.694436 3.820644 45.270483
33850 6 3.056455 55.478628 3.764500 44.523487
33900 9 2.683724 53.513062 3.736814 46.279222
33950 6 3.139799 49.529562 3.844229 45.441730
34000 6 2.914575 46.931335 3.933806 37.812391
34050 6 3.024804 49.636484 3.951511 39.245087
34100 6 2.972869 53.171618 3.989110 48.498749
34150 6 2.782989 52.000110 4.015026 40.092885
34200 6 3.176980 54.521681 3.916104 41.851296
34250 6 3.217124 52.709295 3.912394 45.398767
34300 7 2.929947 54.941249 3.882916 43.511628
34350 6 2.762935 57.852744 3.916294 39.725058
34400 7 2.928317 58.206669 3.960451 41.779294
34450 6 2.704012 54.973676 4.105414 42.523920
34500 8 2.718029 56.451797 4.088304 40.779968
34550 5 2.987999 55.261304 4.176858 40.000903
34600 6 3.501994 55.388425 4.074638 29.925288
34650 6 2.842894 43.371541 4.062725 41.118401
34700 6 3.030765 43.221863 4.061296 41.297166
34750 7 3.091528 52.595708 4.044837 43.321171
34800 6 2.897715 53.136791 3.938937 48.767363
34850 6 2.619645 55.125046 3.934534 45.981833
34900 8 2.033579 56.043244 3.865787 42.876643
34950 9 1.789793 55.513102 3.880512 41.832283
35000 8 1.906046 46.689908 3.888351 46.887624
35050 7 1.789941 54.192214 4.028465 43.358792
35100 7 2.033107 54.602343 4.106454 44.131652
35150 6 2.491165 53.900321 3.973786 44.212320
35200 9 2.688854 52.278373 3.939218 37.783305
35250 7 2.657406 50.737324 3.757830 40.712653
35300 8 2.680251 48.907840 3.837970 43.714167
35350 7 2.708846 45.149473 3.886873 41.852954
35400 6 2.923554 43.730968 3.882739 39.194182
35450 9 2.909649 46.746366 3.819922 39.218859
35500 6 2.842946 51.397706 3.948426 42.820489
35550 6 3.093943 52.850231 3.956802 43.338043
35600 6 3.111996 49.511291 4.028743 43.379778
35650 6 2.819939 51.985703 4.110899 38.551546
35700 7 2.639783 52.506147 4.038366 42.797107
35750 5 2.650492 51.228665 4.156409 42.473118
35800 6 2.918108 52.092052 4.085994 37.051845
35850 6 3.028210 50.102255 4.127218 36.129973
35900 6 2.816908 48.174449 4.157887 32.934648
35950 7 2.513100 45.022651 4.148175 35.455173
36000 5 2.299421 45.226469 4.252390 37.091432
36050 5 2.460952 44.034936 4.241507 42.192805
36100 7 2.381358 41.972601 4.130897 41.199452
36150 5 2.683354 42.238341 4.239714 42.535312
36200 7 2.492218 42.340482 4.148996 35.690650
36250 8 2.511933 40.917499 4.077193 33.424211
36300 7 2.855872 43.642866 3.993174 42.892138
36350 6 3.073014 41.289058 3.896315 47.348857
36400 7 2.977189 41.304704 3.978530 33.175155
36450 7 3.111007 44.435043 3.933314 31.467222
36500 6 3.060428 46.213541 3.990117 41.140736
36550 6 3.247654 51.420604 3.991059 34.941725
36600 6 3.272966 53.913470 4.011734 45.073017
36650 7 2.862222 48.823283 3.938329 38.451868
36700 6 2.576916 49.693763 3.969198 44.814970
36750 7 2.388264 54.394143 4.042454 39.884362
36800 7 1.922114 52.418692 4.043038 42.506990
36850 8 2.198153 47.373262 3.892234 47.527460
36900 6 2.242063 44.724727 3.955241 47.083783
36950 9 2.118710 45.261231 3.937388 46.196284
37000 7 2.041220 53.239085 3.908599 46.354069
37050 8 2.208257 47.744468 3.908599 46.354069
37100 8 2.227907 55.937508 3.876233 46.558415
37150 9 2.146882 51.191352 3.866444 46.880623
37200 7 2.590863 47.457990 3.862739 47.366613
37250 6 2.881804 50.973295 3.873984 46.478265
37300 9 2.744970 54.529508 3.790196 46.023842
37350 9 2.496291 45.905303 3.832271 48.594017
37400 8 2.501834 52.249753 3.813537 49.207479
37450 7 2.415507 50.736016 3.813537 49.207479
37500 6 2.592432 55.344219 3.850137 49.224055
37550 6 2.744226 52.717002 3.926716 49.352092
37600 6 2.924864 50.147732 3.931061 48.566133
37650 7 2.670582 44.292077 3.939176 49.144271
37700 6 2.549212 37.040599 3.943352 48.643661
37750 7 2.185712 37.300965 3.910046 48.654540
37800 8 2.176735 36.144829 3.906814 48.438195
37850 8 2.280079 35.078525 3.926078 48.313566
37900 7 2.306934 39.343497 3.876660 48.370280
37950 6 2.679406 43.777736 3.876660 48.370280
38000 6 2.626240 42.672526 3.876660 48.370280
38050 6 2.832029 36.695850 3.876660 48.370280
38100 7 2.529913 33.358263 3.914780 48.297487
38150 6 2.830227 43.778495 3.914780 48.297487
38200 6 2.755775 40.046918 3.904628 48.608903
38250 8 2.586677 37.657055 3.900124 48.692327
38300 7 2.739188 35.990056 3.900124 48.692327
38350 7 2.936751 35.308121 3.900831 48.508309
38400 7 2.856623 36.012489 3.908927 48.859479
38450 7 2.813792 42.186893 3.902370 48.537862
38500 5 2.851151 47.132632 3.909153 48.639401
38550 6 2.578602 38.554758 3.891324 48.527859
38600 7 2.919435 33.134878 3.891324 48.527859
38650 6 2.688830 34.751407 3.942544 48.971534
38700 6 2.479610 37.043521 3.972392 49.088787
38750 7 2.989500 36.678290 3.955676 49.217414
38800 6 2.639497 39.628470 3.950332 49.340249
38850 7 2.345163 32.447230 3.934091 48.862318
38900 6 2.464860 29.349310 3.921085 48.245467
38950 6 2.942162 36.392023 3.929144 49.099834
39000 7 2.940317 36.421554 3.899966 48.142467
39050 6 2.651803 34.075796 3.854968 46.043259
39100 6 2.775058 32.469933 3.947529 45.093525
39150 8 2.661205 28.997553 3.994732 42.764176
39200 7 2.676874 23.822850 3.951336 51.896221
39250 6 2.749100 28.271429 4.013207 43.716031
39300 7 2.524525 37.567868 4.021978 47.023275
39350 7 2.165711 36.467455 4.009163 46.661404
39400 8 2.086488 34.390165 4.043973 47.319459
39450 7 2.152925 35.070687 4.000587 46.250399
39500 6 2.383667 28.038324 4.000587 46.250399
39550 6 2.484102 28.473778 3.992438 47.016091
39600 7 2.295627 31.020055 3.989548 45.856464
39650 8 2.368300 31.173738 3.968873 45.382973
39700 6 2.376609 32.278675 3.988446 45.309955
39750 7 2.485451 28.251887 3.988446 45.309955
39800 8 2.539396 29.193779 3.988578 45.262957
39850 7 2.463632 29.968007 4.054408 45.334759
39900 9 2.295837 29.902282 4.054408 45.334759
39950 9 2.320000 29.156299 4.070607 45.499377
40000 7 2.013079 31.496970 4.108138 45.557043
40050 8 1.940057 38.009608 4.091519 45.253522
40100 6 1.876371 53.909563 4.118247 45.500674
40150 7 1.931506 42.236717 4.089388 45.220038
40200 8 1.856682 38.147933 4.114548 45.223245
40250 6 2.003318 37.564150 4.114548 45.223245
40300 8 2.092434 41.358228 4.114548 45.223245
40350 8 1.832348 33.589497 4.114548 45.223245
40400 8 1.826329 33.836203 4.142830 45.036748
40450 6 2.092044 30.372811 4.142830 45.036748
40500 7 2.285170 27.721086 4.126659 45.027746
40550 7 2.004107 32.440215 4.126659 45.027746
40600 7 2.116963 38.426533 4.126659 45.027746
40650 7 1.987987 35.518475 4.126659 45.027746
40700 8 1.509442 30.226698 4.126659 45.027746
40750 7 2.043945 28.998003 4.126659 45.027746
40800 6 2.262760 28.521173 4.126659 45.027746
40850 6 2.237902 27.633551 4.126659 45.027746
40900 6 2.287633 30.752319 4.126659 45.027746
40950 9 2.053738 28.243923 4.126659 45.027746
41000 8 2.090481 29.568457 4.126659 45.027746
41050 6 2.107982 33.979524 4.126659 45.027746
41100 6 2.317848 37.476616 4.126659 45.027746
41150 6 1.994960 30.251845 4.126659 45.027746
41200 6 2.252310 31.661770 4.126659 45.027746
41250 7 2.248247 35.781979 4.126659 45.027746
41300 7 1.985756 29.635167 4.126659 45.027746
41350 6 1.821600 35.404346 4.186611 45.166825
41400 8 1.584267 35.011782 4.185178 45.228879
41450 7 1.805877 41.430465 4.194634 45.112339
41500 8 1.820194 41.550514 4.165962 45.285684
41550 10 1.696416 37.920304 4.199297 45.501373
41600 8 1.692181 40.250936 4.199297 45.501373
41650 6 2.203358 39.476091 4.222651 45.514399
41700 6 1.873646 35.333675 4.203227 45.435323
41750 6 2.448103 40.446606 4.203227 45.435323
41800 7 2.221887 44.382929 4.189073 45.603293
41850 5 2.571178 43.339718 4.144937 45.520846
41900 7 2.652424 41.940530 4.138313 45.484880
41950 6 2.239065 40.287189 4.138313 45.484880
42000 6 2.381391 50.449553 4.147577 45.410357
42050 8 2.292485 43.401573 4.147577 45.410357
42100 6 2.147642 36.769640 4.165098 45.423459
42150 6 2.254201 44.903483 4.114147 45.443775
42200 6 2.176960 48.918450 4.126622 45.218964
42250 6 1.926878 39.502455 4.122545 45.334310
42300 6 2.302018 38.227605 4.100104 45.721462
42350 8 1.926061 41.036754 4.100104 45.721462
42400 8 1.703916 47.136892 4.070060 45.603114
42450 7 1.902168 48.499882 4.043445 46.241519
42500 7 1.763733 44.849186 3.974995 46.657716
42550 8 2.203637 42.891933 3.948135 51.273254
42600 8 2.261885 39.266752 3.961066 47.013018
42650 7 2.578126 40.812173 3.840315 45.977667
42700 7 2.384147 33.579244 4.064046 38.059613
42750 8 2.467263 42.068944 4.017911 44.009109
42800 6 2.885448 41.270441 3.979432 42.881286
42850 6 2.861309 40.119243 4.001647 48.189390
42900 8 2.663123 45.852733 3.990376 43.077354
42950 7 2.712264 48.423004 4.013151 43.181091
43000 6 2.883150 43.564921 4.036438 42.702991
43050 7 2.696147 52.075427 3.890002 47.716400
43100 9 2.586682 53.352101 3.930720 37.131705
43150 9 3.019140 54.497608 3.901989 41.118364
43200 6 3.002124 52.753881 4.038738 39.926677
43250 6 2.510018 52.328407 4.103182 45.253361
43300 7 2.823311 44.224877 4.000293 42.414333
43350 6 2.911835 37.398554 3.941948 42.361629
43400 7 2.613300 46.736792 3.923781 41.272342
43450 7 2.399738 43.369904 3.997790 40.628707
43500 10 2.122064 49.232172 3.992870 41.072216
43550 8 1.996629 44.058720 4.010118 40.979279
43600 9 1.856225 36.958522 4.073003 43.207576
43650 6 1.810846 40.908168 4.212177 44.954461
43700 6 1.749367 32.234397 4.139702 48.816520
43750 8 1.776351 35.505420 4.209280 43.123188
43800 7 1.521039 39.210420 4.265559 47.602803
43850 7 1.614610 38.621405 4.237263 35.625731
43900 8 1.672801 39.224610 4.184495 41.415444
43950 6 1.453864 42.819675 4.108781 46.869276
44000 8 1.299561 45.342116 4.150507 39.560965
44050 9 1.799994 50.824401 4.116068 40.950912
44100 8 1.923808 52.060269 4.075332 40.701883
44150 8 2.031591 53.260509 4.034583 41.079275
44200 8 1.934414 48.020094 4.015963 41.967807
44250 8 2.068657 52.923824 4.002420 39.212270
44300 9 1.837259 55.130424 4.033776 39.856902
44350 10 1.855646 50.294831 3.956170 44.022146
44400 9 1.856818 38.928186 4.009339 41.655692
44450 9 1.936474 48.716918 3.963450 38.085822
44500 8 1.750089 48.589987 3.967559 38.138775
44550 7 2.170053 45.839347 4.016297 42.626463
44600 7 2.289759 51.720135 4.092590 40.238107
44650 8 2.210565 49.278033 4.061131 30.341450
44700 7 2.430891 56.773463 3.986918 44.466320
44750 8 2.775888 50.761956 3.948336 40.223693
44800 9 2.722168 49.972728 3.901960 37.861188
44850 7 2.409006 53.778885 4.005306 48.000513
44900 7 2.680166 47.805630 3.990221 41.207637
44950 7 2.697942 49.946116 3.935526 42.780633
45000 8 2.604706 50.086895 3.942996 37.885391
45050 6 2.656225 47.761632 3.996018 39.830079
45100 6 2.654991 50.815419 3.933996 42.168656
45150 6 2.785783 50.401162 3.972676 34.426310
45200 8 2.902846 46.222025 4.063151 32.234011
45250 7 2.686595 51.449146 3.899489 55.567887
45300 6 2.993520 51.330044 3.869247 46.425810
45350 7 3.265880 51.364117 4.069772 35.201400
45400 7 3.494760 40.851434 3.993717 39.724211
45450 6 4.023012 48.488597 3.822883 34.986717
45500 6 3.757764 50.407605 3.975068 29.894807
45550 7 3.182032 46.619487 3.952011 39.218488
45600 7 3.014021 51.593574 3.984441 48.223129
45650 6 2.829025 44.928293 4.075305 43.204873
45700 8 2.988005 36.422617 4.038026 36.475365
45750 6 2.644966 47.722857 4.006370 42.163972
45800 7 2.673511 40.241933 3.891555 41.709284
45850 7 2.602472 40.204021 3.887667 43.242800
45900 6 2.567058 42.651335 3.940253 52.002261
45950 8 2.550377 45.204546 3.801977 46.448135
46000 6 2.251867 45.443247 3.999344 42.160482
46050 7 2.143319 42.909075 3.942097 49.648747
46100 8 1.890927 46.066028 3.909320 51.577863
46150 6 2.060403 48.506517 3.953192 51.007250
46200 6 2.112060 46.615219 3.963862 51.302281
46250 9 2.205154 48.476500 3.963862 51.302281
46300 7 2.515770 46.676490 3.967149 50.974141
46350 6 2.761004 36.360765 3.989195 49.635097
46400 5 2.853406 39.250411 3.946905 49.610590
46450 6 2.713726 36.844593 3.881658 52.403732
46500 7 2.775858 30.952620 3.878551 50.862528
46550 6 2.961561 30.844885 3.817975 51.605111
46600 6 2.882940 32.207045 3.812527 53.328678
46650 8 2.717279 39.771532 3.812526 51.118645
46700 9 2.421406 42.949251 3.696428 55.138622
46750 8 2.368707 39.875113 3.730381 50.400317
46800 8 2.295767 40.983803 3.637674 58.657318
46850 9 2.318212 36.039188 3.612391 53.881085
46900 9 2.589658 36.643687 3.646798 56.054466
46950 9 2.574136 40.363384 3.687230 49.862604
47000 9 2.637902 37.574283 3.703658 45.811266
47050 7 2.764973 36.355157 3.688788 51.499258
47100 7 2.971370 33.280928 3.687135 50.270432
47150 6 2.914423 33.694981 3.721063 51.196563
47200 6 2.734625 39.879230 3.893437 49.622215
47250 7 2.514851 44.743865 3.979134 53.237258
47300 7 2.366802 44.069228 3.939613 45.447798
47350 7 2.473296 40.344564 3.884559 48.590450
47400 7 2.364738 37.518543 3.886601 48.971254
47450 6 2.382732 35.415441 3.941510 46.218866
47500 8 2.170839 33.765343 3.914914 47.206258
47550 8 2.494651 33.324283 3.904263 47.168084
47600 7 2.654038 37.873073 3.934749 44.818925
47650 6 2.564603 40.262844 3.960858 46.382501
47700 6 2.793025 37.776245 3.919640 47.329575
47750 8 2.821051 35.268968 3.904440 46.883262
47800 6 2.879714 38.981369 3.873037 46.277784
47850 6 2.624199 40.119942 3.945135 45.483497
47900 7 2.941316 38.637956 3.972708 44.896859
47950 8 2.602368 32.109234 4.011320 49.542184
48000 8 3.083675 31.447566 3.976196 43.467543
48050 6 3.069344 33.742851 3.890883 47.700454
48100 6 2.980487 35.397716 4.004434 34.344676
48150 6 2.785863 29.827258 4.043859 42.258923
48200 7 3.104853 30.716376 3.979156 37.837047
48250 6 3.031425 39.244524 3.937977 37.898957
48300 7 2.562862 41.523030 3.984613 43.813083
48350 6 2.641804 36.922092 3.988026 43.136465
48400 8 2.716012 35.636962 3.878985 42.883566
48450 6 2.714465 40.253932 4.005528 43.497801
48500 7 2.019654 39.557124 4.068231 45.234865
48550 9 1.874977 38.841095 4.006887 42.722937
48600 9 1.686856 40.287695 4.021273 47.019238
48650 10 1.484030 37.526493 3.921135 43.117403
48700 9 1.474057 34.713129 3.992821 47.037131
48750 9 1.628682 37.259066 4.029612 46.542237
48800 8 1.545746 38.861529 4.037529 50.708583
48850 7 1.509264 43.215352 4.008676 47.033999
48900 8 1.588759 37.862428 3.970314 57.100047
48950 9 1.893039 30.289461 3.970726 45.148964
49000 9 1.923860 30.612778 3.991955 45.393964
49050 8 1.838460 33.303800 3.989754 44.137772
49100 9 1.849490 39.351517 4.049723 39.224768
49150 7 2.147070 38.453567 4.101333 39.025131
49200 7 2.141595 34.726628 4.065491 41.190325
49250 6 2.077722 44.102041 4.100252 42.517198
49300 7 1.942489 41.053629 4.244149 42.726451
49350 8 1.709257 42.815661 4.221405 40.336797
49400 8 1.655622 46.795611 4.184189 46.468961
49450 8 1.963621 40.037071 4.118936 39.535214
49500 6 1.961851 40.484464 4.176049 42.669307
49550 10 1.669748 34.315835 4.091407 39.228111
49600 7 1.722924 37.369804 4.155512 47.158723
49650 10 1.826597 36.809133 4.167344 32.299331
49700 7 2.125258 44.542751 4.131443 46.135880
49750 7 2.369630 41.316284 4.064704 37.724827
49800 7 2.374585 42.574638 4.070990 44.398249
49850 7 2.492567 46.621998 4.034272 44.237784
49900 7 2.560814 49.186705 3.984110 39.118460
49950 6 2.775754 50.454899 4.083858 45.005777
