0 11 2.830000 23.491138 3.700000 47.000000 1.000000 4.074829 
50 11 2.647633 23.734343 3.973408 59.346263 0.541991 12.788628 
100 11 2.547840 23.905999 3.983056 49.927378 0.616601 43.928500 
150 11 2.593947 24.266999 3.956811 51.374696 0.623957 79.028517 
200 10 2.350859 23.862278 3.885635 54.064712 0.596604 43.011438 
250 11 2.607115 24.403553 3.768260 56.044880 0.613316 58.043062 
300 11 2.863828 23.634088 3.853549 55.691426 0.874974 77.491107 
350 12 2.966322 23.892172 3.783332 57.076053 0.691920 118.284722 
400 11 3.046345 23.938384 3.779745 52.231168 0.583335 55.464040 
450 11 3.144559 24.474447 3.876500 48.205529 0.562498 43.081430 
500 10 2.872517 24.044534 4.019251 43.466893 0.741491 39.879566 
550 11 3.039643 24.097630 4.037722 41.054769 0.609430 40.091217 
600 11 2.924041 24.328157 3.954562 41.633335 0.721412 74.277700 
650 11 3.055866 24.484978 3.978196 42.297942 0.738046 93.731744 
700 11 3.028224 24.409136 3.937200 47.932205 0.531798 62.183243 
750 11 3.026395 24.168412 4.010772 44.858174 0.594536 65.485405 
800 11 2.903042 23.936837 4.088424 42.110590 0.638659 91.055484 
850 11 2.737822 24.267515 4.118609 36.899633 0.781426 81.110263 
900 11 3.023651 24.354273 4.144979 39.077233 0.725905 73.664422 
950 11 3.164531 24.321521 4.058647 41.237627 0.590878 44.831690 
1000 11 3.301702 24.369121 4.059564 40.724160 0.674110 40.740580 
1050 12 3.370601 24.407829 3.965390 41.153842 0.692035 38.336853 
1100 10 3.121525 24.416770 3.906218 50.016213 0.581499 38.290898 
1150 11 3.195270 24.831099 3.854104 49.729800 0.750180 57.730576 
1200 11 3.537616 24.595701 3.865673 48.477075 0.737429 48.790011 
1250 11 3.289684 24.471830 3.890316 44.140543 0.648464 47.064420 
1300 11 3.021945 24.269361 3.820207 45.357563 0.726966 57.157201 
1350 12 2.861065 24.851285 3.804685 49.354946 0.698845 60.519847 
1400 11 3.291140 23.609749 3.921659 44.603681 0.670800 73.902195 
1450 11 2.880928 23.132491 3.964345 39.540325 0.720705 86.538342 
1500 11 3.068523 24.430272 4.015740 44.874172 0.678758 86.278820 
1550 11 2.495680 24.951295 3.995115 46.479308 0.771778 66.599212 
1600 12 2.997751 23.420006 3.993190 44.558762 0.747001 92.141283 
1650 11 2.901026 26.639889 4.076968 44.690685 0.730589 62.801326 
1700 10 2.963141 27.687264 4.052633 45.477510 0.752669 43.438023 
1750 11 2.660835 25.227355 4.079201 43.856179 0.680664 55.941052 
1800 11 2.964032 25.891323 4.042869 42.362025 0.652601 106.655979 
1850 11 3.133091 25.538828 4.051563 42.804322 0.749247 42.210440 
1900 11 3.079063 26.531825 4.057907 43.073216 0.651085 60.498636 
1950 11 2.790478 26.566396 4.012956 45.234077 0.520944 43.120904 
2000 11 3.121931 26.088869 3.992235 46.036784 0.612741 74.381021 
2050 11 3.286359 26.502130 3.950502 43.049369 0.628144 123.099274 
2100 11 2.886153 27.990091 3.928953 46.657602 0.684223 50.693065 
2150 10 2.830688 27.484468 3.910443 47.256262 0.640838 61.231000 
2200 11 2.820025 27.580963 3.969588 43.671128 0.707958 57.414051 
2250 10 2.874374 27.489013 3.937125 43.945455 0.654860 66.669942 
2300 11 2.980458 27.535375 3.893426 47.853783 0.683640 43.344802 
2350 11 2.794273 27.485901 3.934274 47.151530 0.593241 53.012015 
2400 11 2.800775 27.433472 3.903248 48.526947 0.667230 53.240241 
2450 11 3.385892 27.536532 3.942201 44.262751 0.620906 40.180121 
2500 11 3.360615 27.225874 3.952000 47.903255 0.667746 75.868815 
2550 11 3.161981 27.473258 3.921784 44.600642 0.731533 79.357403 
2600 11 3.277171 26.910982 3.864916 46.609300 0.798005 63.004295 
2650 11 3.109111 27.236557 3.907356 43.258507 0.836710 49.708640 
2700 12 2.547724 26.180660 3.920773 46.557095 0.887920 61.935682 
2750 11 2.960027 26.153067 3.858542 47.343502 0.536246 76.281741 
2800 11 3.194187 26.623687 3.954031 49.541587 0.888297 99.259491 
2850 11 3.264110 26.146433 3.923474 47.972652 0.654947 131.616481 
2900 11 2.923590 26.554964 3.902308 47.466427 0.579290 113.975352 
2950 11 3.172873 26.779224 3.922005 48.727898 0.609813 76.467261 
3000 11 3.321066 26.861636 3.935588 42.790438 0.810255 57.315863 
3050 11 3.143522 26.379489 3.877341 49.291915 0.786195 62.145882 
3100 11 2.845539 26.148375 3.907475 47.944068 0.673333 36.154652 
3150 11 2.875884 26.702817 3.891829 47.491488 0.771587 47.410621 
3200 11 2.608571 27.436477 3.936645 47.605717 0.591497 65.413023 
3250 11 3.038516 28.005798 3.958676 48.664792 0.666199 61.695076 
3300 11 2.842215 28.446771 3.956987 42.316644 0.761392 26.719929 
3350 11 2.961645 27.493502 4.031602 43.424840 0.617071 45.769275 
3400 11 3.175746 28.979331 3.992065 42.077522 0.842895 72.244706 
3450 11 2.968582 28.016779 4.045637 44.392014 0.635628 39.325125 
3500 11 2.963883 30.857176 4.088486 41.155697 0.642764 57.038763 
3550 11 3.009466 29.405405 4.065635 41.308640 0.654977 56.106748 
3600 10 2.924085 32.543365 3.989211 43.660842 0.714566 45.870322 
3650 11 3.142484 28.037927 3.909608 44.983575 0.718004 40.270368 
3700 12 3.009935 26.901783 3.840951 49.849496 0.722142 66.907707 
3750 11 3.078246 27.189587 3.838199 49.040426 0.661901 72.636446 
3800 11 3.207085 25.828643 3.824265 53.779381 0.657997 33.930541 
3850 13 3.236964 29.651220 3.863673 47.589723 0.618636 75.441224 
3900 11 2.965248 29.991964 3.890215 46.833112 0.800824 31.391308 
3950 11 2.720083 29.509651 3.889168 52.544185 0.589982 52.450068 
4000 11 2.966157 28.106465 3.923730 47.585126 0.638416 45.563994 
4050 11 3.094994 29.912997 3.963741 44.915018 0.697552 39.331355 
4100 12 2.961971 28.070431 3.995669 44.116800 0.636151 57.476162 
4150 11 2.867098 27.066589 3.979845 46.277871 0.678848 67.068417 
4200 11 2.830595 32.236774 3.901947 46.009914 0.688751 52.553007 
4250 11 3.000496 26.044313 3.865712 47.528272 0.632055 57.448469 
4300 11 2.699450 27.475330 3.912481 48.049478 0.825813 108.347548 
4350 11 3.155469 26.725794 3.897133 48.687383 0.609531 69.321989 
4400 11 2.968749 28.191186 3.890682 46.715085 0.825975 74.791919 
4450 11 3.435789 25.801407 3.919260 46.508884 0.700037 60.897173 
4500 11 3.155573 26.552883 3.967306 43.842632 0.763113 58.198713 
4550 11 3.082111 24.887447 3.958018 43.443115 0.657406 60.793917 
4600 11 3.166914 25.307779 3.907979 48.341814 0.676949 24.268250 
4650 10 3.096563 26.326618 3.930504 45.262694 0.541381 32.301854 
4700 11 3.346475 26.006340 3.979690 44.511442 0.674367 38.012254 
4750 11 3.650345 26.577424 3.965558 45.405598 0.642440 32.399897 
4800 11 3.436730 27.656552 3.975594 45.277157 0.681037 40.657145 
4850 12 3.473808 29.450602 3.906617 43.990239 0.590715 47.706446 
4900 11 3.084478 29.840254 3.984179 45.044112 0.588968 55.322871 
4950 11 3.060615 33.027278 4.033764 42.172818 0.493271 48.691661 
5000 10 3.544240 29.000866 4.007288 45.754879 0.709006 78.687525 
5050 11 3.252850 30.180345 4.051865 41.390710 0.767937 64.826718 
5100 11 3.052932 26.761266 3.993825 46.193951 0.620002 69.638782 
5150 10 2.970700 24.815902 3.979588 47.491073 0.614673 35.383601 
5200 11 2.962887 24.788584 4.020594 45.578753 0.551826 86.152803 
5250 11 2.957546 24.069481 3.963977 45.642331 0.670886 66.623795 
5300 11 2.970651 23.783235 3.954074 44.977877 0.694909 65.943202 
5350 11 2.693747 24.319916 3.949487 47.143449 0.600310 132.745702 
5400 10 2.757603 22.915792 3.958512 46.818100 0.756896 56.737477 
5450 11 2.874790 23.053291 3.923621 45.128014 0.533329 37.922622 
5500 11 3.313558 26.498744 3.908858 46.856644 0.685787 80.827495 
5550 11 3.376767 22.626899 3.893023 45.174682 0.562313 54.147507 
5600 11 3.929213 22.725767 3.827472 46.413620 0.697381 54.825876 
5650 11 3.212946 29.012293 3.822981 47.484214 0.672153 52.003874 
5700 12 3.410575 26.620786 3.802528 46.773237 0.634611 44.124499 
5750 11 3.686418 29.231416 3.776262 49.353070 0.713362 58.196482 
5800 11 3.635680 29.256688 3.838936 45.929736 0.768142 71.563619 
5850 11 3.525895 29.583792 3.829737 46.237947 0.770393 96.260181 
5900 11 3.630591 29.452685 3.846252 47.955199 0.522429 58.472555 
5950 12 3.274079 29.117533 3.889803 45.558893 0.561264 84.234825 
6000 11 3.609486 28.892069 3.938654 45.718541 0.804330 82.136684 
6050 12 3.358958 32.884455 4.007027 40.599933 0.735149 55.604333 
6100 11 3.015020 31.770823 3.994529 46.751144 0.594104 54.105096 
6150 11 3.130035 34.771497 4.004029 41.545774 0.579923 65.971826 
6200 12 3.076029 34.183465 3.959122 44.462054 0.529294 55.871308 
6250 11 3.052423 35.618777 3.983540 44.035757 0.687570 55.719877 
6300 11 3.118008 33.153188 3.949685 47.077290 0.709707 73.132286 
6350 11 3.133733 35.000985 3.961106 46.679855 0.588159 36.006041 
6400 11 3.102451 33.701711 3.981985 45.310528 0.539013 61.072819 
6450 10 3.475809 31.054911 3.943964 44.085776 0.675519 91.811644 
6500 11 3.220632 34.459026 3.943143 46.873722 0.674849 87.885715 
6550 12 3.257232 29.153633 3.956153 45.012061 0.697319 59.976294 
6600 11 2.846226 30.084358 3.950914 46.940473 0.670884 53.721587 
6650 11 2.932068 31.486739 3.925240 43.700852 0.646051 62.595242 
6700 11 3.181292 33.174803 3.929501 43.047278 0.641031 63.958100 
6750 11 3.379898 34.720730 3.955701 45.873267 0.723551 77.595699 
6800 10 3.137435 29.210504 3.989777 43.727597 0.545668 57.346313 
6850 11 3.178911 33.228331 3.954990 43.985128 0.800211 45.663149 
6900 12 2.988948 32.750802 3.982288 44.020572 0.681247 51.984966 
6950 11 3.246198 30.200852 3.972423 41.888091 0.859349 70.924733 
7000 10 2.920734 31.498448 3.970810 43.912961 0.770969 58.741924 
7050 10 3.225126 28.586217 3.916181 44.554970 0.594373 91.936707 
7100 11 2.734752 26.813858 3.924056 44.733879 0.709895 92.590874 
7150 10 2.983348 27.719733 3.954960 46.890711 0.659622 56.371878 
7200 11 3.175375 26.292370 3.990493 46.157894 0.657269 49.246333 
7250 11 3.256171 28.770972 3.991646 43.059528 0.677899 37.054282 
7300 11 3.179335 27.059875 3.972062 45.320163 0.839480 91.148371 
7350 11 2.960584 30.205914 3.954138 47.826357 0.644401 57.201739 
7400 11 3.194605 31.496756 3.964334 45.651358 0.702001 59.795114 
7450 10 3.198856 27.001985 3.921972 46.119207 0.650519 43.900811 
7500 12 3.645304 24.149690 3.930508 42.754893 0.652230 66.963843 
7550 10 3.673485 27.844172 3.933625 47.844722 0.711931 53.182125 
7600 12 3.130384 29.805249 3.871949 49.531074 0.794125 107.831762 
7650 11 2.943964 28.314936 3.879468 45.581260 0.567721 36.300284 
7700 11 3.018103 27.166723 3.892414 45.628892 0.664346 44.538216 
7750 11 2.937418 27.764866 3.911165 46.900231 0.689004 43.330314 
7800 11 3.111801 30.927392 3.844030 48.157001 0.611263 55.056756 
7850 11 3.466351 28.686215 3.875510 46.030155 0.618413 57.299303 
7900 11 2.976194 32.809477 3.911110 49.075047 0.766533 83.315258 
7950 11 2.795741 31.810027 3.930435 46.268133 0.639446 82.180554 
8000 12 2.878306 32.037441 3.953263 47.938800 0.651350 59.432270 
8050 11 2.938921 28.363484 3.954197 48.334358 0.771776 71.837955 
8100 10 2.874361 32.630396 3.954416 47.905394 0.770116 56.259213 
8150 11 3.089168 32.717552 3.961200 46.305837 0.750922 63.834264 
8200 10 2.917597 25.237857 3.923519 45.899360 0.696793 53.087845 
8250 11 3.086975 27.037688 3.958575 46.497221 0.695041 71.193092 
8300 11 3.195822 24.753131 3.923191 48.523510 0.667148 61.640663 
8350 11 2.944850 25.849405 3.932945 49.167939 0.748942 97.147459 
8400 11 3.019779 30.581902 3.919185 45.408588 0.624320 38.374869 
8450 10 3.132627 31.302701 3.911435 45.810001 0.713854 69.557333 
8500 11 2.986423 27.333867 3.885149 48.309614 0.618952 74.551820 
8550 11 3.081609 30.335362 3.934656 47.872660 0.546469 54.398337 
8600 11 2.767127 32.376556 3.964286 50.063179 0.678944 52.764552 
8650 11 2.944297 34.572605 3.949997 45.322742 0.777511 34.836420 
8700 11 3.439520 32.506636 3.908630 46.303697 0.602117 28.205883 
8750 11 3.252177 35.170200 3.930615 48.359147 0.654240 36.101515 
8800 11 3.184615 37.054289 3.967540 41.789632 0.643461 72.898720 
8850 11 3.327635 32.380797 3.958751 47.962032 0.689570 54.310530 
8900 11 3.191413 35.899356 3.965725 44.066875 0.590482 62.612106 
8950 11 3.162354 35.971283 4.008083 40.578564 0.724693 56.301573 
9000 11 2.900437 34.809416 3.986597 43.142798 0.557115 70.029581 
9050 11 2.765136 36.389712 3.970223 44.950648 0.670824 48.261999 
9100 11 2.820864 38.316784 3.953568 48.192184 0.635668 29.818044 
9150 11 3.087968 37.998086 3.912492 47.105058 0.766130 46.289744 
9200 12 3.010769 42.496091 3.877061 47.401471 0.674612 41.253053 
9250 11 2.986556 39.591042 3.854906 48.114706 0.709129 49.011736 
9300 11 2.878431 42.461249 3.845329 47.436910 0.537903 42.500551 
9350 11 3.080316 40.326972 3.847560 50.853878 0.731484 51.616495 
9400 11 3.111472 36.574833 3.818773 48.648725 0.682700 79.419296 
9450 11 3.241245 40.114935 3.777794 50.137433 0.540756 67.906071 
9500 11 3.372122 36.302564 3.792761 51.655006 0.776414 61.148917 
9550 11 3.044226 37.874804 3.834917 48.808115 0.576887 44.943179 
9600 11 2.836662 37.912535 3.876733 47.273082 0.588010 38.568090 
9650 12 2.935932 37.333102 3.871146 49.228203 0.625333 70.716972 
9700 11 3.277353 40.886538 3.869618 48.914667 0.617512 90.188559 
9750 11 3.063182 39.511816 3.873896 47.790158 0.572220 72.155169 
9800 11 2.989114 38.231247 3.877379 48.933836 0.657023 43.226675 
9850 11 2.904097 38.433414 3.867855 47.223427 0.775042 43.808297 
9900 11 2.886516 28.537862 3.882090 49.603619 0.682396 57.190524 
9950 11 2.952312 31.861800 3.900392 46.488955 0.642856 59.384550 
10000 11 3.328654 38.034320 3.966300 46.711598 0.811547 75.632129 
10050 10 3.398523 36.308889 3.972011 42.499735 0.643790 91.185265 
10100 11 3.308018 34.916851 3.963122 40.731376 0.703955 28.743639 
10150 11 3.216720 33.564038 3.948100 45.863646 0.805633 31.147390 
10200 11 2.989081 37.229456 3.979840 45.106822 0.791412 26.385528 
10250 11 3.264450 35.727434 4.016032 45.877723 0.564345 51.020578 
10300 11 3.348811 35.108796 3.992527 43.203309 0.638272 31.792218 
10350 11 3.347769 38.940742 4.008782 47.171915 0.703719 61.841610 
10400 11 3.149242 37.098590 4.025368 43.123749 0.826042 30.146542 
10450 11 3.135483 34.633164 3.990358 43.399371 0.580576 48.070456 
10500 11 2.963977 36.788131 3.957185 45.321818 0.790446 104.512894 
10550 11 2.979076 43.294242 3.938183 47.459394 0.603073 62.700008 
10600 11 3.073209 32.807615 3.945962 46.586317 0.682934 51.797849 
10650 11 3.107184 36.943703 3.917322 45.609285 0.705474 47.705606 
10700 11 3.007900 35.641758 3.922462 44.731739 0.923794 78.593424 
10750 11 3.024077 41.405258 3.893266 46.819626 0.509304 40.400350 
10800 11 3.270897 39.768487 3.878653 45.884711 0.680433 50.604644 
10850 11 3.650617 38.411062 3.836665 50.247836 0.781661 84.606203 
10900 12 3.288609 31.416050 3.854513 46.469224 0.616408 47.255579 
10950 11 3.467869 34.792129 3.884554 47.028685 0.766019 32.287227 
11000 12 3.304336 35.135291 3.887199 45.389388 0.741010 44.458596 
11050 11 3.101349 32.874938 3.882681 48.332209 0.795817 31.204818 
11100 11 2.954275 33.541038 3.882709 47.190443 0.891094 48.046225 
11150 11 2.831645 31.706234 3.831907 45.851633 0.569225 40.108053 
11200 11 3.012504 33.938683 3.877016 47.075367 0.724682 47.822587 
11250 11 3.335279 35.908320 3.864913 43.190004 0.635192 37.331553 
11300 11 3.463856 36.214297 3.813719 47.975542 0.568927 45.370626 
11350 12 3.254762 36.977600 3.843729 46.742922 0.652453 60.793827 
11400 12 3.018656 38.148582 3.834010 52.553836 0.600905 62.736176 
11450 12 3.063083 33.800828 3.846256 47.910177 0.638073 32.300836 
11500 10 2.934611 33.458046 3.869056 48.737388 0.758209 44.330869 
11550 11 2.785542 31.627463 3.895119 46.998765 0.680962 46.197373 
11600 11 2.723737 28.012815 3.881253 49.178658 0.681941 72.383370 
11650 11 3.196215 39.128099 3.871538 44.539191 0.594635 67.525644 
11700 11 3.044656 33.878248 3.847374 47.061522 0.625440 104.092634 
11750 12 3.093546 32.946805 3.845726 46.845822 0.748164 91.961755 
11800 12 3.117624 33.754606 3.807363 48.261825 0.637323 85.048435 
11850 11 3.260803 33.919926 3.834339 49.555404 0.504514 30.611205 
11900 12 2.863242 28.725269 3.867933 48.951661 0.648744 46.417915 
11950 10 3.029583 32.727980 3.866345 48.442462 0.782981 33.705004 
12000 11 3.113463 26.106709 3.869675 51.343700 0.587407 34.482336 
12050 11 2.794800 27.628902 3.909909 48.365128 0.721810 55.373900 
12100 11 3.097071 31.431241 3.898115 46.560003 0.660590 41.462544 
12150 12 2.856557 34.034479 3.867039 47.321268 0.615528 67.275358 
12200 11 3.326559 30.827076 3.865576 45.103126 0.748426 40.272216 
12250 11 2.993919 26.641609 3.845550 46.007766 0.658723 41.108760 
12300 11 3.253239 32.141506 3.801901 49.130277 0.549439 45.611111 
12350 11 3.555188 30.314577 3.795006 47.251016 0.662070 51.500934 
12400 11 3.238469 31.522448 3.767381 51.849610 0.707321 62.638302 
12450 11 3.018938 28.174755 3.758266 47.507751 0.630659 54.339082 
12500 12 3.168557 33.811898 3.884083 45.494026 0.675553 67.852204 
12550 12 2.557494 38.245150 3.878107 48.832433 0.613042 33.243380 
12600 11 3.138838 38.009402 3.880566 48.780815 0.600649 46.359633 
12650 11 3.210785 29.166062 3.891629 44.866727 0.570365 51.750768 
12700 11 3.255854 32.514796 3.942011 43.147265 0.680714 46.785962 
12750 10 2.965532 33.940199 3.895729 45.359628 0.742280 45.165835 
12800 11 3.059160 35.195406 3.891150 46.126540 0.518909 68.813371 
12850 12 3.237179 35.467540 3.958675 46.652623 0.772101 38.906172 
12900 11 3.177035 32.306981 3.975079 45.082182 0.817547 63.968419 
12950 10 3.208047 33.355893 4.001352 42.287341 0.612957 134.908582 
13000 11 3.386321 34.004710 3.942644 43.821446 0.635057 54.929965 
13050 11 3.161240 35.158329 3.980459 45.579375 0.685654 70.873166 
13100 12 3.108700 33.980857 3.968189 45.889381 0.649695 80.680821 
13150 11 2.787150 35.379265 3.939396 46.440098 0.737561 111.614205 
13200 11 3.255311 33.878539 3.968902 44.246850 0.762016 50.792657 
13250 11 3.306470 33.501288 3.897809 46.769517 0.607527 40.701326 
13300 11 3.374819 34.292682 3.902159 45.763805 0.611551 51.682990 
13350 11 3.374151 35.956153 3.906192 45.019440 0.614341 59.269336 
13400 11 2.971269 36.695207 3.938225 47.596772 0.624820 69.279394 
13450 11 2.974822 36.569284 3.902530 48.757621 0.801179 59.891578 
13500 11 3.165744 35.076655 3.889538 47.534677 0.650751 32.340348 
13550 11 3.148907 33.623579 3.869587 50.598119 0.621418 44.524016 
13600 13 3.268029 34.134519 3.889980 45.278307 0.651598 86.975947 
13650 11 2.972998 33.357853 3.889859 46.016460 0.650700 45.001297 
13700 11 2.965280 33.408880 3.942341 43.109180 0.698218 49.635125 
13750 11 3.261571 33.822976 3.963788 44.708321 0.670361 74.950338 
13800 11 2.787064 34.820240 3.989353 43.190669 0.683119 62.885627 
13850 12 3.077361 36.279241 3.934291 47.007866 0.593281 45.310560 
13900 10 3.006388 37.354813 3.961501 45.710955 0.507280 67.591413 
13950 11 3.127139 36.345963 3.986039 45.951017 0.732941 54.499070 
14000 11 3.008088 35.625578 4.011641 42.336594 0.758042 42.100457 
14050 12 3.197508 37.151831 4.007597 37.957320 0.849211 71.541610 
14100 11 3.062612 35.895282 3.949058 44.018048 0.761759 84.018721 
14150 10 3.422962 34.615454 3.923971 41.901235 0.605085 41.144403 
14200 11 3.405686 34.851155 3.905156 45.023691 0.827544 40.948552 
14250 10 3.095494 36.060726 3.889134 48.934316 0.690971 77.051731 
14300 11 3.111280 37.018014 3.899763 48.937551 0.841655 97.830642 
14350 11 3.347047 38.338532 3.890958 47.234480 0.749646 72.020026 
14400 11 3.057480 36.631434 3.934630 43.656374 0.910028 74.059246 
14450 11 3.116304 35.864405 3.891409 47.603387 0.581180 44.440288 
14500 11 3.101970 38.118405 3.890275 45.164508 0.697516 49.936370 
14550 11 3.345511 38.257762 3.892709 45.300716 0.540746 46.931336 
14600 11 3.137085 38.683047 3.916753 46.733601 0.689489 73.036472 
14650 11 3.204308 34.291763 3.959043 44.433099 0.644081 85.715100 
14700 12 3.384465 36.117748 3.953999 43.805536 0.624442 82.622982 
14750 11 3.766293 39.317261 3.933253 45.785292 0.736485 50.126345 
14800 11 3.807927 42.515158 3.951046 43.802840 0.719254 65.885273 
14850 11 3.843429 42.098626 3.926273 42.995570 0.684756 37.953106 
14900 11 3.307093 39.521791 3.975667 43.416656 0.612911 64.479174 
14950 11 3.126838 37.570327 4.002301 44.577937 0.710207 79.506250 
15000 11 3.221829 40.660708 3.971998 42.650476 0.600165 46.863866 
15050 11 3.200839 44.100213 3.956873 46.291598 0.575066 40.950844 
15100 10 2.937359 45.336280 3.947251 45.899894 0.621395 43.345379 
15150 11 3.290890 43.059513 3.956391 44.508910 0.627351 49.435754 
15200 11 3.531249 39.228561 3.964055 43.319847 0.721691 31.952455 
15250 10 3.091644 40.415769 4.007486 40.886653 0.776703 38.401045 
15300 11 2.514432 37.182300 4.024689 41.561983 0.614876 29.856965 
15350 12 2.519606 41.805552 3.990550 46.139429 0.674894 50.696073 
15400 11 2.730096 38.557285 3.928818 45.971410 0.687713 42.192223 
15450 11 3.104341 40.700752 3.961143 46.531837 0.783374 87.465926 
15500 11 3.212064 44.372295 3.981485 44.162302 0.790620 54.582074 
15550 11 3.137124 37.193600 4.029020 42.485001 0.765698 52.461683 
15600 11 2.995531 42.537711 4.011124 42.667950 0.683900 43.921812 
15650 11 3.157618 46.534204 4.004389 41.568057 0.698367 39.303619 
15700 11 2.717321 43.049830 4.020389 43.151466 0.625760 30.227306 
15750 11 2.915008 43.136811 3.987465 44.796136 0.593522 39.049034 
15800 11 2.953190 36.040221 4.011417 43.692600 0.738016 54.011130 
15850 11 2.963306 31.095328 3.962278 46.000685 0.647895 46.085985 
15900 11 2.984266 30.838328 3.918810 49.606694 0.609427 25.351658 
15950 10 2.954308 38.105242 3.919628 45.839204 0.740357 47.292490 
16000 12 2.913595 36.126876 3.883163 45.210670 0.780880 69.231633 
16050 11 2.935654 37.578051 3.898444 43.900399 0.710354 49.760145 
16100 10 2.869430 36.273998 3.897383 47.412670 0.715714 67.985097 
16150 11 2.859089 24.059434 3.925059 45.656134 0.656330 34.980337 
16200 11 2.997747 31.101960 3.900066 47.734796 0.669049 70.111518 
16250 11 2.894815 32.818477 3.959466 44.761113 0.671426 44.508186 
16300 11 3.097463 29.678742 3.952787 45.677202 0.638565 38.510982 
16350 10 2.960348 31.745269 3.966972 47.209661 0.747457 33.064510 
16400 11 2.825535 32.138322 3.925830 47.393739 0.812223 66.279448 
16450 11 3.372592 30.860428 3.901747 43.556440 0.700851 38.955639 
16500 11 2.397738 34.136642 3.881462 46.797413 0.642639 51.455415 
16550 11 2.506883 30.679636 3.878114 47.833887 0.686892 56.763240 
16600 11 2.952906 33.386250 3.894238 47.263776 0.594452 78.625446 
16650 11 2.970600 30.086566 3.916234 46.894242 0.652339 35.648802 
16700 11 3.263783 30.573812 3.907647 46.470922 0.692050 39.518225 
16750 11 3.373584 32.366967 3.913498 46.388784 0.639540 69.361404 
16800 11 3.255158 32.393308 3.910386 46.363351 0.570464 81.875627 
16850 11 3.023877 33.111154 3.907319 45.233002 0.668204 57.078867 
16900 11 3.007493 29.561118 3.904548 45.399333 0.720822 51.005344 
16950 11 2.903369 27.505459 3.917310 44.856917 0.564438 60.404242 
17000 12 3.058116 31.414414 3.930359 46.315592 0.762216 79.786542 
17050 11 3.623370 29.114059 3.919925 45.582264 0.837924 81.700101 
17100 11 3.514498 29.207647 3.933758 45.318895 0.712672 118.250653 
17150 11 3.507583 30.459851 3.930367 46.735350 0.656092 74.534380 
17200 11 3.573197 29.415567 3.894433 45.381118 0.578461 89.891195 
17250 11 3.208967 33.194957 3.866012 46.533080 0.705238 90.372989 
17300 12 2.693696 29.678519 3.872468 45.479904 0.700136 94.583163 
17350 11 2.652100 28.769019 3.881799 45.467125 0.779267 63.559220 
17400 11 3.032705 33.383477 3.906297 45.956245 0.746994 54.567356 
17450 11 2.884558 33.122081 3.865622 46.107055 0.636597 63.011475 
17500 11 3.496331 30.099012 3.888757 45.493702 0.753452 84.040902 
17550 12 3.068219 29.562294 3.909719 45.967202 0.686698 130.914721 
17600 12 2.866323 28.681112 3.915193 46.053570 0.871712 63.897596 
17650 12 3.204870 28.713541 3.906199 45.746350 0.684682 35.254241 
17700 11 3.191404 28.203260 3.902825 45.614593 0.572799 55.813625 
17750 11 3.274296 27.419983 3.873600 46.396435 0.664733 54.725417 
17800 11 2.970854 35.310573 3.909564 45.026469 0.720160 77.858039 
17850 11 2.955949 36.213651 3.892302 47.089219 0.686501 66.946541 
17900 12 3.072999 37.803232 3.879987 47.261413 0.791442 53.823646 
17950 11 3.089357 33.384929 3.897346 47.057100 0.840155 52.817581 
18000 11 3.177737 33.650865 3.888243 46.535688 0.726058 58.568395 
18050 10 3.158829 38.473135 3.901114 46.652138 0.806476 42.418863 
18100 11 2.970902 39.056653 3.906121 46.656948 0.646970 82.996189 
18150 11 2.890349 32.614682 3.901070 46.633110 0.691260 85.813902 
18200 11 3.489002 34.512604 3.894336 45.971468 0.590579 39.348095 
18250 11 3.155770 34.564172 3.877553 45.795955 0.652276 55.968882 
18300 11 3.249023 29.855869 3.904354 44.184993 0.831148 64.262551 
18350 11 3.180899 28.370218 3.872244 47.404345 0.594667 76.419541 
18400 13 3.184264 32.870575 3.875700 46.265756 0.905135 43.960233 
18450 12 3.117841 36.935057 3.907573 46.998636 0.590177 47.143303 
18500 12 2.858824 33.310390 3.926874 42.768085 0.710716 38.909148 
18550 11 2.876786 34.756842 3.928655 46.429468 0.711666 59.549860 
18600 11 2.922927 34.601303 3.927866 45.884442 0.633294 60.104511 
18650 11 2.874092 33.638289 3.943187 46.013894 0.720249 50.002352 
18700 11 2.879462 38.084576 3.945170 46.883256 0.743436 60.239026 
18750 11 3.151951 28.998206 3.968151 45.412323 0.737662 52.607427 
18800 11 3.185704 34.219542 3.978077 42.923364 0.629392 33.807147 
18850 11 3.162753 32.404513 3.981369 43.989234 0.675669 44.555718 
18900 11 3.081270 32.217590 3.965041 42.151834 0.653531 42.630583 
18950 12 3.294380 29.726034 3.913262 46.353839 0.796873 83.949772 
19000 11 3.246823 29.448984 3.899145 48.933263 0.595736 51.476809 
19050 11 3.203076 31.330103 3.893351 47.032309 0.608792 60.666877 
19100 11 3.221309 24.801196 3.879924 47.250610 0.634851 119.595728 
19150 11 3.305089 34.153010 3.895758 45.958019 0.750715 68.080680 
19200 10 3.260848 33.086775 3.915371 44.711484 0.680552 48.440765 
19250 11 3.084786 33.088602 3.909679 43.971250 0.652763 122.618505 
19300 11 3.124375 31.279500 3.944225 47.291062 0.648744 94.693787 
19350 12 2.771426 25.914578 3.986231 48.840313 0.808251 46.349526 
19400 11 2.972660 29.532984 4.005499 47.272920 0.701578 53.398712 
19450 12 3.204512 32.033855 4.020493 41.917079 0.613723 60.733866 
19500 12 2.865519 28.175260 4.044711 42.450436 0.675280 56.275110 
19550 11 3.371456 30.373063 3.993027 46.298821 0.796699 45.975704 
19600 11 3.399710 37.549967 3.981847 44.595227 0.792851 53.861892 
19650 11 3.244266 34.107532 3.992306 42.840581 0.628421 82.078039 
19700 11 3.106317 34.099168 3.984477 47.298054 0.607488 76.766268 
19750 11 3.362163 37.562632 3.953120 44.143631 0.575596 58.063308 
19800 12 3.155292 33.603214 3.960444 45.425349 0.733228 79.668966 
19850 11 3.465828 37.043960 3.960172 45.359568 0.607349 40.233579 
19900 11 3.213703 37.440866 3.926942 44.104880 0.669037 36.814897 
19950 11 3.040660 36.951695 3.911623 44.158816 0.727835 68.875508 
20000 11 2.970161 35.271752 3.900951 44.791939 0.675277 46.910403 
20050 11 3.118623 27.690801 3.905655 44.357976 0.731143 68.929458 
20100 11 3.382431 32.439364 3.858162 44.186372 0.639404 44.072658 
20150 10 2.950940 29.684697 3.875079 45.445236 0.703168 57.056113 
20200 11 3.094946 33.087588 3.842250 48.228914 0.678994 51.682387 
20250 11 3.199030 28.350403 3.788028 50.339810 0.777366 66.266467 
20300 11 2.961740 32.615131 3.741487 49.534347 0.680459 40.015199 
20350 11 2.991876 30.231673 3.791621 51.148430 0.568322 52.585417 
20400 10 3.219628 31.485464 3.816889 50.005204 0.752634 67.423456 
20450 13 3.038899 32.919958 3.828160 49.466941 0.636956 80.508816 
20500 12 2.983947 28.471944 3.857289 48.211848 0.621862 50.174117 
20550 11 3.139695 36.829596 3.885178 50.312729 0.668672 54.970508 
20600 11 2.892711 38.939017 3.928155 46.376372 0.687161 43.126173 
20650 11 3.113160 39.484483 3.882600 47.346908 0.735638 62.770613 
20700 11 3.735232 35.251710 3.867698 47.088214 0.608552 32.834309 
20750 12 3.512346 30.225960 3.857790 47.764204 0.734985 87.099594 
20800 12 2.967053 33.089575 3.801956 50.649499 0.625457 59.050748 
20850 11 3.329303 37.514020 3.786793 48.925690 0.714479 48.169880 
20900 11 3.366774 36.027362 3.787001 50.373564 0.714826 37.345190 
20950 11 3.578912 30.505214 3.784973 50.517063 0.630921 28.369015 
21000 11 3.152989 28.019512 3.779191 51.078242 0.572750 46.869167 
21050 12 3.703567 30.761984 3.778308 48.887187 0.675107 38.448923 
21100 12 3.477001 28.320186 3.794844 51.878341 0.725770 52.460109 
21150 11 3.191296 25.672982 3.824485 49.913891 0.686701 96.378873 
21200 11 3.311555 29.589177 3.841565 43.496104 0.542238 55.245416 
21250 11 3.356938 28.967777 3.870079 47.084325 0.809182 66.254926 
21300 11 2.913886 30.641737 3.839593 48.236958 0.704450 63.283194 
21350 13 3.071270 26.240234 3.865494 47.531111 0.793840 45.768724 
21400 10 2.814241 30.326557 3.889988 48.607644 0.618936 44.787409 
21450 11 2.989487 25.053649 3.881505 45.975933 0.705608 29.424731 
21500 11 3.173674 27.557152 3.906983 46.515778 0.730203 50.064760 
21550 11 3.272685 24.873132 3.938141 42.831125 0.666103 36.360568 
21600 11 3.238127 30.064440 3.930459 43.664789 0.698743 53.087334 
21650 11 3.454240 25.313072 3.959749 42.614928 0.713513 42.154220 
21700 11 3.184418 25.204094 3.966979 47.317320 0.562429 34.303954 
21750 11 3.419191 30.387347 3.952908 47.264972 0.556977 54.945140 
21800 11 3.424995 33.977653 3.919793 41.958215 0.733301 82.669192 
21850 11 3.471607 29.633899 3.938229 43.490244 0.660220 43.837231 
21900 10 3.548888 27.807091 3.935582 46.441386 0.652831 71.888270 
21950 11 3.116510 33.996061 3.981381 42.972822 0.592591 66.914390 
22000 11 3.242337 32.369951 3.925636 46.620418 0.641285 61.365437 
22050 11 3.059771 34.597067 3.922720 48.053433 0.632580 65.637494 
22100 12 3.284231 38.762085 3.975501 48.599821 0.651623 57.141664 
22150 11 3.155324 31.004557 3.993035 41.943301 0.847194 93.703573 
22200 11 3.156701 32.724779 4.018425 40.225726 0.783597 58.253928 
22250 11 2.976354 34.286791 4.038134 43.215608 0.679812 74.745913 
22300 12 3.288522 32.939591 4.005292 40.742814 0.644189 87.710084 
22350 11 3.048331 34.952517 4.027408 43.247946 0.708993 117.409674 
22400 11 2.982281 32.005965 4.045487 44.065327 0.778260 51.513613 
22450 11 2.958654 27.852008 4.047075 42.207980 0.769624 63.118568 
22500 11 2.971081 29.496782 4.010611 46.376547 0.688962 37.393853 
22550 12 2.691452 30.754992 4.050958 44.149239 0.631460 57.668974 
22600 11 2.848204 31.830684 4.034500 44.093203 0.680194 52.669184 
22650 12 3.025494 32.687585 4.007762 43.053212 0.731159 64.578774 
22700 10 3.169103 37.057728 4.013179 42.277205 0.822469 63.635237 
22750 11 3.269869 33.079899 4.012094 43.552032 0.770295 56.124756 
22800 11 3.435562 36.046467 4.043443 39.064433 0.582365 50.100430 
22850 11 3.360783 35.089809 4.000765 43.723366 0.633233 34.264575 
22900 11 3.597896 39.229546 3.991997 41.658892 0.715441 48.417211 
22950 11 3.442290 34.577876 4.021301 42.640867 0.652892 65.807530 
23000 11 3.295606 34.345053 4.002830 42.576021 0.558113 43.621085 
23050 11 3.595180 29.935250 4.008170 42.776970 0.867550 69.199301 
23100 11 3.461120 30.015038 4.041371 42.023048 0.582004 62.729483 
23150 10 3.165755 33.516977 4.065362 40.280944 0.661740 58.115848 
23200 11 3.110307 27.820994 4.114221 44.490373 0.794349 64.688199 
23250 11 3.123909 31.974697 4.082045 38.860475 0.702599 38.410231 
23300 11 3.043987 30.732778 4.030699 40.994220 0.808496 47.195359 
23350 11 3.067046 33.751880 4.022014 46.744115 0.714078 54.253408 
23400 10 3.131570 32.991817 3.962545 46.760503 0.724367 36.761434 
23450 11 3.016235 37.015578 3.955694 46.613521 0.849750 75.443298 
23500 13 3.150142 32.384589 3.981012 42.094865 0.543910 67.642355 
23550 10 3.274530 29.027343 3.981830 44.578439 0.629969 60.517953 
23600 11 3.239882 37.803253 3.981517 43.052704 0.607212 95.802669 
23650 11 3.240457 31.597131 3.953219 46.447437 0.734150 63.223347 
23700 11 3.094937 33.050003 3.977715 41.206474 0.651241 44.981708 
23750 11 3.263246 29.205625 3.954816 44.674003 0.720458 53.817302 
23800 11 3.477719 29.342751 3.953328 45.457038 0.720879 82.189061 
23850 11 2.983369 31.782893 3.935730 46.261679 0.651348 47.276413 
23900 11 2.900802 35.305857 3.913047 45.504941 0.752500 29.539499 
23950 10 3.226262 31.697882 3.924844 45.940099 0.794024 55.975350 
24000 11 3.345630 26.786849 3.913221 48.363802 0.674207 71.808820 
24050 11 3.214252 27.691136 3.900414 49.866717 0.627489 81.364751 
24100 11 3.362435 31.057689 3.876161 47.538722 0.635815 66.809533 
24150 11 3.532098 29.955944 3.867299 47.920597 0.835589 33.646187 
24200 11 3.414996 24.951135 3.885639 46.913052 0.591139 42.236010 
24250 11 3.100925 22.852221 3.928122 47.227286 0.666277 39.221804 
24300 11 3.463628 31.231857 3.962780 47.339637 0.615596 51.932307 
24350 11 3.041189 26.374122 3.967355 47.189220 0.712722 82.571323 
24400 11 3.050303 32.729601 3.977856 43.912899 0.702057 91.373133 
24450 12 2.782073 34.126428 3.973337 44.532876 0.708906 72.269003 
24500 10 3.247473 29.773386 4.000171 42.221723 0.839377 74.290643 
24550 11 3.119404 25.186654 3.958262 43.615424 0.635295 62.520737 
24600 11 3.050385 26.812324 3.960143 45.135767 0.805117 34.594537 
24650 11 3.234212 30.705047 3.951902 47.815360 0.706250 26.093676 
24700 11 3.256326 29.373210 3.916980 44.823240 0.711084 32.042555 
24750 11 3.164069 29.620806 3.860777 48.616422 0.574468 46.625855 
24800 11 3.157336 28.936017 3.840020 49.426680 0.738112 52.669485 
24850 11 3.203593 33.578428 3.816770 48.330444 0.756415 96.939185 
24900 12 2.983773 36.797146 3.848373 45.639088 0.913765 67.628061 
24950 11 3.267784 34.029604 3.818550 46.691007 0.703546 41.174514 
25000 11 3.128232 34.548865 3.818900 45.958014 0.675622 42.797767 
25050 11 3.105633 34.309745 3.845633 46.809114 0.701296 60.441181 
25100 11 3.175394 37.971365 3.883672 46.393923 0.756972 91.540519 
25150 11 2.869450 35.605599 3.930624 44.235553 0.656197 43.587316 
25200 11 3.330476 37.112643 3.971232 42.534265 0.798594 83.133660 
25250 11 3.035968 37.541247 3.915898 44.300529 0.596718 58.345431 
25300 11 3.392359 29.626370 3.899978 44.599811 0.525778 58.245592 
25350 11 3.287350 34.242899 3.909783 49.070370 0.689043 54.226952 
25400 10 3.105631 34.788359 3.910415 43.612890 0.725637 82.014912 
25450 12 3.120349 38.025859 3.934800 45.068336 0.669890 78.245869 
25500 11 3.159112 33.990633 3.946244 44.937718 0.663672 32.934722 
25550 11 3.480363 34.906503 3.982303 43.709753 0.749478 82.694488 
25600 11 3.221475 31.339139 3.956684 46.329501 0.775319 70.479725 
25650 11 3.387134 27.701455 3.893123 45.175083 0.598851 68.130804 
25700 13 3.316455 27.437072 3.847734 48.162895 0.657647 50.333340 
25750 11 3.034468 29.927794 3.839979 47.217483 0.644263 69.179458 
25800 11 3.242860 30.776479 3.848033 47.417104 0.770182 47.147511 
25850 11 3.266624 33.463617 3.821565 46.259279 0.714288 46.932446 
25900 11 3.323206 33.173294 3.799722 44.130918 0.738686 64.329074 
25950 11 2.990816 30.778467 3.801516 47.968807 0.683413 42.903833 
26000 11 2.667374 25.100435 3.760039 51.974383 0.698913 71.121574 
26050 11 2.968334 27.913792 3.813600 45.787075 0.600973 50.858709 
26100 11 3.008107 28.361902 3.837008 48.485678 0.738474 58.137688 
26150 11 2.944932 32.396430 3.833543 46.718178 0.593496 52.820772 
26200 11 3.137815 28.425917 3.865232 51.387761 0.746870 35.134381 
26250 11 3.371945 28.037076 3.875166 45.328579 0.672547 36.054727 
26300 10 3.215649 30.731373 3.828465 46.480720 0.734701 30.786620 
26350 10 2.567727 26.789803 3.862657 45.674352 0.672665 69.057036 
26400 12 2.968421 28.847740 3.874238 45.721548 0.676255 56.882638 
26450 11 2.922467 25.669782 3.903340 45.506330 0.608697 45.360953 
26500 12 3.202361 24.066397 3.904443 45.344865 0.540306 46.448084 
26550 12 3.617055 28.588179 3.902713 45.528130 0.574526 41.947368 
26600 11 3.253693 21.191310 3.895433 47.265594 0.762174 58.886866 
26650 11 3.427174 28.742298 3.897099 46.272266 0.685460 77.190478 
26700 11 3.341140 28.366851 3.926606 48.058500 0.715976 60.076900 
26750 11 3.178507 27.500493 3.926570 47.648384 0.741363 47.379704 
26800 12 2.994111 23.843062 3.924120 46.456930 0.729373 82.461453 
26850 12 3.382787 25.805152 3.907386 48.201407 0.614794 50.561980 
26900 11 3.201987 27.685423 3.925006 48.172491 0.703259 81.290100 
26950 10 2.984523 23.137527 3.914351 46.478691 0.853045 129.024941 
27000 11 2.964523 24.463008 3.957164 46.798682 0.671549 60.312156 
27050 11 3.047751 30.359494 3.924712 48.157250 0.643420 51.101475 
27100 12 2.970092 28.600794 3.945530 47.288160 0.628537 86.052301 
27150 12 3.017906 24.381252 3.944474 48.412405 0.811598 69.423767 
27200 11 2.782865 28.213619 3.958325 49.778771 0.583094 63.420528 
27250 11 2.937957 28.393308 3.957644 46.506805 0.722963 78.540644 
27300 12 3.047805 25.903939 3.918978 48.155378 0.790604 45.700516 
27350 11 2.894993 33.228146 3.894412 49.366972 0.777611 49.760826 
27400 11 2.970028 36.129132 3.925368 48.851801 0.666692 73.069312 
27450 10 3.202882 29.265353 3.889591 47.727251 0.723211 68.009674 
27500 11 2.995960 34.405520 3.875827 48.637038 0.753733 91.357037 
27550 11 3.349208 28.592001 3.905897 48.148699 0.566037 59.545719 
27600 11 3.245762 29.747591 3.965436 44.781566 0.681104 36.868843 
27650 11 3.013556 33.840152 3.883664 46.811100 0.656881 77.099233 
27700 11 3.372898 33.404301 3.917002 47.561784 0.713034 45.771546 
27750 11 3.554027 31.900218 3.926246 46.854451 0.683564 60.132290 
27800 11 3.470023 34.844912 3.895732 47.564468 0.782775 42.773342 
27850 11 3.655288 36.444565 3.869490 46.832392 0.695751 49.742873 
27900 11 3.457687 39.102759 3.868131 46.640029 0.671331 40.092962 
27950 12 3.355873 38.371495 3.875857 46.499857 0.568601 65.012772 
28000 11 3.529204 37.370603 3.847391 45.727717 0.610630 44.029599 
28050 11 3.725230 42.612448 3.868406 45.624050 0.662857 80.101749 
28100 11 3.268722 41.293164 3.873817 46.172190 0.677363 45.042688 
28150 11 3.611160 38.469140 3.921246 43.983996 0.808857 48.588742 
28200 11 3.552928 31.951124 3.937591 44.449559 0.503332 33.243378 
28250 10 3.351592 39.720715 3.885208 46.338798 0.906499 35.904809 
28300 12 3.393252 38.485819 3.846906 45.543923 0.655305 50.075474 
28350 11 3.298435 36.516278 3.869278 46.203282 0.580637 56.602696 
28400 10 3.456530 34.413049 3.885701 44.941059 0.687657 50.080139 
28450 11 3.414966 41.431945 3.898472 44.826690 0.696703 39.502169 
28500 11 3.674394 36.075998 3.902652 44.670450 0.863118 51.105139 
28550 11 3.175800 39.310256 3.882541 44.345324 0.617570 26.270353 
28600 11 3.166738 39.489254 3.912258 43.881842 0.612341 64.411249 
28650 11 3.255121 38.507190 3.909306 44.942423 0.755095 52.155027 
28700 11 3.173843 41.046826 3.936913 45.082997 0.665777 67.601255 
28750 11 2.905060 35.843092 3.962853 44.143980 0.747595 32.725183 
28800 11 2.868411 38.164038 3.948656 44.644862 0.619932 37.643953 
28850 11 3.130740 33.678078 3.932202 45.338284 0.728098 35.801244 
28900 11 3.378937 34.023210 3.949390 45.964437 0.798662 45.229678 
28950 11 3.388908 28.011679 3.959618 44.525966 0.753283 112.415505 
29000 11 3.465433 34.368995 3.957787 45.407945 0.814939 50.495958 
29050 11 3.292224 29.300371 3.954596 45.669436 0.585388 60.012787 
29100 10 3.156350 21.603119 3.942616 45.972192 0.680963 30.371935 
29150 11 3.184369 31.605893 3.943881 46.575124 0.808645 42.400215 
29200 11 3.123676 30.740420 3.964726 46.563346 0.627593 20.038117 
29250 11 2.835959 24.723964 3.990336 47.006724 0.637166 39.408261 
29300 10 3.004896 29.364434 3.971336 46.656646 0.537172 37.446680 
29350 10 2.888151 34.589172 3.955487 44.805566 0.784382 61.424858 
29400 11 3.060860 29.672265 3.965631 48.529283 0.665220 62.748613 
29450 11 2.967053 28.184894 3.976058 44.684706 0.671560 40.983828 
29500 10 2.719234 23.196918 3.949663 47.189046 0.712160 36.066037 
29550 11 2.612277 21.411009 4.018229 46.344102 0.679017 44.246790 
29600 11 2.382438 29.427391 3.936997 48.508844 0.655776 41.875868 
29650 11 2.790814 18.688650 3.956910 47.028172 0.596585 46.711001 
29700 11 3.065898 21.337685 3.988608 45.909617 0.804606 86.243794 
29750 11 3.147171 23.374506 3.953071 43.976640 0.694061 59.596440 
29800 10 3.547795 15.540818 3.920646 46.480054 0.589221 67.539524 
29850 11 3.507122 22.109234 3.899922 47.669168 0.793237 67.092469 
29900 11 3.421413 22.540176 3.889904 41.878552 0.660845 57.447143 
29950 10 3.118343 21.843005 3.909033 46.015217 0.711559 80.829638 
30000 12 3.210363 23.068192 3.910378 49.472143 0.619082 48.035103 
30050 10 3.396146 28.916871 3.903174 46.741446 0.745548 53.406515 
30100 11 3.215859 26.818074 3.936559 46.489530 0.627589 53.188997 
30150 11 3.084135 18.974843 3.959905 46.140614 0.768633 52.252566 
30200 11 2.880106 21.379816 3.963712 47.918575 0.903142 86.612765 
30250 11 2.855273 23.655253 3.905620 49.760065 0.685024 84.319904 
30300 11 3.054521 27.866606 3.925318 47.246697 0.749719 73.518260 
30350 11 2.970939 21.524007 3.947253 42.687610 0.578929 50.281084 
30400 11 3.028483 23.286375 3.993998 43.296755 0.603384 69.360504 
30450 11 2.913318 19.919559 4.016122 43.116090 0.655973 55.602912 
30500 11 3.269989 27.753737 4.001894 41.618069 0.615853 62.130613 
30550 11 2.739857 22.011948 3.952911 46.382906 0.690933 49.737686 
30600 11 3.151606 26.722177 3.923958 46.717051 0.749047 27.594421 
30650 11 3.193524 20.440806 3.962294 48.638483 0.600450 26.170604 
30700 11 2.918126 27.034765 3.956521 48.416116 0.808945 74.171720 
30750 11 2.801970 25.778258 3.909486 47.469320 0.747127 63.079007 
30800 11 2.931272 23.691934 3.879572 48.903716 0.780511 35.840798 
30850 12 2.989211 24.308692 3.854673 46.137210 0.632056 74.741858 
30900 12 3.301476 26.161050 3.813886 49.319420 0.748128 31.225042 
30950 11 3.237298 28.337020 3.823798 48.014552 0.657329 26.815397 
31000 11 2.763318 32.433821 3.825204 49.181920 0.608838 45.916747 
31050 10 2.967202 27.797264 3.813082 47.674596 0.766350 36.167744 
31100 11 2.800057 32.029223 3.789253 51.670576 0.644918 40.270729 
31150 11 2.938269 29.575104 3.833021 47.877345 0.561297 63.718786 
31200 11 2.926614 29.396397 3.844639 48.950148 0.810280 43.986711 
31250 11 2.970525 28.265813 3.828354 48.736624 0.712470 49.262405 
31300 11 3.063327 39.012781 3.804997 47.566365 0.672734 70.647788 
31350 11 3.193613 36.604898 3.769997 48.776297 0.628714 67.062473 
31400 11 3.253447 32.740662 3.782824 52.285551 0.752207 52.075600 
31450 11 3.364554 25.246285 3.749169 51.020736 0.704759 66.641238 
31500 12 2.759053 30.902970 3.745431 51.689128 0.552148 71.390458 
31550 12 3.005205 26.494467 3.799387 53.229744 0.694469 75.862940 
31600 10 2.625911 25.074365 3.827091 48.474435 0.581013 75.120102 
31650 11 3.023394 20.964540 3.861111 46.568805 0.743368 42.777775 
31700 11 3.249342 22.695195 3.832803 48.527625 0.698785 40.654751 
31750 11 3.204382 24.184010 3.813184 51.164223 0.649819 68.075559 
31800 11 3.519967 27.368424 3.883827 47.255926 0.798635 40.693517 
31850 12 3.037136 30.900643 3.940242 46.056956 0.664866 79.244281 
31900 11 2.900553 30.936804 3.928470 46.058284 0.736683 43.630983 
31950 12 2.959502 25.531888 3.981493 42.259387 0.652694 71.172570 
32000 11 3.160496 25.797228 4.022104 42.410656 0.726441 68.377089 
32050 11 3.102928 30.009074 4.034821 36.921131 0.637128 48.221131 
32100 12 2.989511 32.716133 3.935265 46.189639 0.532573 42.603214 
32150 11 3.087458 31.722929 3.881003 48.330014 0.646668 96.011421 
32200 11 2.779902 24.586054 3.878821 49.479526 0.698625 48.188878 
32250 13 2.969698 29.160987 3.904428 48.109093 0.725854 64.480615 
32300 11 2.960193 24.136791 3.894390 48.391362 0.542038 44.693987 
32350 10 3.514419 27.646341 3.863021 46.606908 0.630388 61.310354 
32400 11 3.189965 24.908964 3.876325 42.047085 0.592508 67.396645 
32450 11 2.966787 25.747011 3.892108 47.809150 0.687406 88.507031 
32500 11 3.163203 25.923025 3.914842 44.870241 0.663605 98.129828 
32550 11 2.997270 26.098440 3.922583 47.194197 0.589183 42.437788 
32600 11 2.722979 27.760856 3.931849 47.686478 0.581188 37.882240 
32650 11 2.539600 28.053262 3.924282 45.501327 0.663361 24.682486 
32700 11 3.116118 32.651313 3.885834 47.097804 0.692695 50.049736 
32750 11 3.357026 28.033736 3.905849 45.835018 0.755572 60.087782 
32800 11 3.155969 31.901661 3.875689 48.548574 0.594652 31.375672 
32850 11 3.273956 28.531099 3.878981 44.021631 0.771680 74.018009 
32900 11 3.068086 31.331731 3.902756 46.992404 0.699407 102.096162 
32950 11 2.985866 27.093417 3.943176 46.892082 0.803840 70.505603 
33000 11 3.080725 27.871865 3.984757 47.032003 0.794153 96.847644 
33050 11 3.294994 24.604975 3.965537 45.286010 0.651794 56.127160 
33100 12 3.554378 27.413567 3.976087 40.659806 0.714461 55.173174 
33150 11 3.174733 26.674951 3.941510 43.798166 0.568055 36.118986 
33200 11 3.140316 25.194669 3.930549 46.689803 0.535118 43.742218 
33250 11 3.030369 24.304715 3.915507 46.329059 0.550261 61.022644 
33300 11 2.995947 26.658175 3.951712 41.754394 0.720554 42.569594 
33350 11 2.857379 26.734537 3.947083 44.884889 0.749921 61.489327 
33400 11 3.219903 27.800426 4.001173 44.124675 0.662161 93.771708 
33450 10 3.032802 22.797364 4.009760 44.272209 0.626249 70.381554 
33500 11 3.094267 24.860863 3.971830 43.961857 0.599205 53.620235 
33550 11 3.016428 26.979749 3.966662 46.182056 0.845999 43.665674 
33600 11 3.077341 32.831328 4.004471 43.366421 0.580058 65.437528 
33650 11 3.054557 32.477401 3.978275 44.616842 0.662515 83.233237 
33700 11 3.261324 26.223035 3.994451 42.299932 0.734577 47.989660 
33750 11 2.712290 26.781331 4.002687 43.469549 0.709659 83.936918 
33800 11 2.674437 24.293289 4.027158 44.341766 0.674695 29.564575 
33850 11 2.950229 25.149585 4.022249 44.499186 0.736476 36.262756 
33900 11 3.006090 26.388938 4.011070 48.889163 0.585864 43.376554 
33950 10 2.876050 31.599603 3.956293 46.995901 0.777363 46.729401 
34000 12 2.672698 33.487019 3.906958 47.935917 0.686118 68.516702 
34050 10 2.559440 29.126211 3.883742 48.131915 0.650788 75.616389 
34100 11 2.636482 30.298177 3.946145 48.077696 0.765466 74.948847 
34150 11 2.793581 33.826938 3.941265 45.721745 0.748210 49.836017 
34200 11 2.858147 26.276374 3.900280 47.065961 0.722162 26.588256 
34250 11 3.030021 30.032485 3.910716 42.676509 0.623540 20.772995 
34300 11 2.762396 25.501484 3.877843 50.614139 0.803792 63.799576 
34350 11 3.167833 26.155863 3.849627 51.975899 0.654909 76.797764 
34400 11 2.867695 21.782942 3.845458 51.278120 0.847034 69.045578 
34450 11 2.926035 27.313519 3.833153 50.358176 0.743199 66.350715 
34500 11 3.137666 29.569696 3.836292 46.520124 0.594159 61.020941 
34550 12 3.238814 26.045725 3.837134 47.046759 0.738226 64.829026 
34600 12 2.793990 23.650623 3.794213 48.267458 0.643424 135.435859 
34650 11 3.091364 29.879516 3.840891 47.861617 0.613378 64.477069 
34700 11 2.961537 22.020373 3.827476 49.416608 0.607604 43.847739 
34750 10 3.155553 23.727668 3.885316 47.570021 0.785175 64.672610 
34800 12 2.995613 26.401686 3.865311 48.109109 0.657862 67.863424 
34850 11 3.101390 24.070883 3.842750 51.149608 0.630805 63.279917 
34900 11 2.974031 22.377920 3.841620 46.085651 0.753365 65.802824 
34950 10 2.948186 27.098790 3.847970 47.445589 0.729024 54.438624 
35000 11 3.086531 21.680345 3.886044 46.983233 0.719504 61.886991 
35050 11 3.176920 23.974479 3.924642 46.425341 0.632739 66.802697 
35100 11 3.358131 21.488339 3.933122 43.894453 0.712764 39.026476 
35150 11 3.145467 25.998939 3.887425 46.403059 0.631605 38.042157 
35200 11 3.003080 25.233538 3.935571 46.477770 0.808191 54.779816 
35250 11 3.217357 30.097090 3.949846 47.557095 0.832735 43.527314 
35300 10 3.028491 26.221686 3.981120 42.930678 0.748864 39.810242 
35350 11 2.979388 27.104712 3.969499 44.635490 0.625628 98.210025 
35400 11 3.170080 27.690540 3.916661 44.457035 0.663423 111.634859 
35450 11 2.718638 25.684096 3.924263 48.139641 0.679516 39.990986 
35500 12 2.849998 26.529854 3.960377 46.248268 0.718940 49.147745 
35550 12 2.940277 27.246850 3.946605 45.472921 0.741531 47.307457 
35600 11 2.904677 28.956208 3.919606 47.325249 0.629025 36.347700 
35650 11 2.886755 30.996843 3.950820 46.650652 0.641241 55.734269 
35700 11 3.097046 20.694939 3.948611 43.775356 0.612876 46.191592 
35750 11 3.010436 19.199362 3.933335 45.945743 0.546029 36.746473 
35800 11 3.101291 26.519757 3.932678 45.666959 0.697927 40.196890 
35850 11 2.945498 29.920971 3.939586 45.527564 0.564045 51.329784 
35900 10 3.052019 33.470655 3.931284 44.982471 0.689060 78.985035 
35950 10 2.909320 33.470432 3.950929 46.079533 0.618867 35.275496 
36000 11 3.038260 26.936375 3.971191 46.175455 0.592205 46.282760 
36050 11 3.158675 32.220028 3.937167 44.494809 0.612382 40.914956 
36100 11 3.165079 30.627979 3.965284 43.218572 0.692868 42.813886 
36150 11 3.170382 26.152901 3.974485 44.563599 0.893963 74.376825 
36200 11 2.790906 34.218744 3.987027 48.188112 0.700347 52.518902 
36250 10 2.640802 31.794049 4.015878 46.474264 0.664703 58.801030 
36300 11 2.718512 30.722650 4.022279 47.132497 0.801505 41.641199 
36350 11 3.291534 27.264501 4.031710 40.683496 0.828884 48.112160 
36400 11 2.806630 25.112082 4.049561 40.535743 0.650287 34.233356 
36450 11 3.399261 23.323796 4.060055 39.391958 0.754594 74.185951 
36500 11 3.076120 31.325756 4.038562 39.995371 0.633923 58.493738 
36550 11 2.729461 29.627969 4.058388 41.462693 0.690519 51.287328 
36600 11 2.769750 33.427824 4.026132 45.585299 0.630293 60.824257 
36650 11 2.659427 28.636750 4.020080 43.785906 0.809648 76.826952 
36700 11 2.611426 24.526978 4.006460 45.179588 0.866086 46.901334 
36750 11 2.800798 31.480391 4.036905 46.578395 0.593143 73.439740 
36800 11 2.418340 29.236430 4.039737 45.261301 0.726076 53.756842 
36850 12 2.519543 33.197980 3.984983 45.822690 0.715270 113.032587 
36900 11 2.844366 30.219871 3.967616 52.364900 0.692404 86.110497 
36950 11 2.912796 31.513612 3.939364 47.288426 0.750793 43.327589 
37000 11 3.165925 29.911477 3.936867 46.995528 0.669726 35.098714 
37050 10 2.858773 30.123897 3.914564 45.668277 0.533670 56.608008 
37100 12 2.671935 27.391080 3.899288 47.385177 0.605973 36.610802 
37150 11 2.972126 29.169850 3.895668 46.446466 0.769729 30.750660 
37200 11 3.104954 33.869796 3.866133 48.133416 0.570240 37.221428 
37250 12 3.468009 34.092502 3.884502 47.035195 0.683470 67.049493 
37300 11 3.091995 40.473141 3.912598 46.781550 0.721825 66.989822 
37350 11 3.115414 39.381525 3.877880 45.333214 0.777210 94.291172 
37400 11 3.471824 37.567437 3.865455 44.619908 0.633282 37.452520 
37450 11 3.219198 40.866154 3.826526 49.324920 0.735185 65.792168 
37500 10 2.979742 40.534029 3.896931 46.471471 0.536870 86.641226 
37550 11 3.257912 39.174410 3.882107 46.327266 0.789071 71.936712 
37600 11 2.910626 38.886335 3.864822 50.145255 0.520457 67.735484 
37650 11 2.828489 38.089873 3.837820 49.820695 0.653167 79.350829 
37700 12 2.904725 36.286119 3.831010 48.916461 0.730699 58.630362 
37750 11 3.124979 38.485794 3.744917 51.107045 0.790812 85.593957 
37800 11 2.926915 33.506328 3.737019 51.484847 0.587453 75.771118 
37850 11 3.546236 35.381728 3.721352 50.115394 0.634628 92.097547 
37900 11 3.063956 33.634879 3.722882 51.310896 0.730589 46.723495 
37950 11 3.441410 33.455179 3.730135 47.878231 0.696373 78.619670 
38000 12 3.004741 37.476521 3.708099 49.515478 0.643869 45.114357 
38050 11 2.825419 34.222126 3.726514 51.860864 0.689650 37.585814 
38100 11 2.544069 36.749194 3.730042 52.512935 0.684358 40.538512 
38150 11 2.846729 32.478020 3.703005 53.144144 0.712889 43.362055 
38200 11 2.717073 39.820684 3.750711 48.634949 0.774141 50.158671 
38250 12 2.943951 42.438377 3.813452 46.923796 0.777239 55.061341 
38300 11 3.277947 35.364166 3.841562 47.537557 0.689473 64.214863 
38350 11 3.598525 39.204975 3.860375 49.391500 0.654006 47.153005 
38400 11 3.478634 29.511011 3.892261 47.285103 0.633502 50.004949 
38450 12 3.959471 36.135095 3.888826 44.185741 0.626276 63.327187 
38500 11 3.960748 31.580128 3.838762 44.870904 0.569015 54.241272 
38550 11 3.383306 27.588328 3.811014 47.090115 0.760627 43.953880 
38600 12 2.943301 32.678099 3.826056 47.293240 0.607480 36.791485 
38650 11 3.175856 32.033469 3.843835 46.213981 0.578806 62.088427 
38700 10 2.851609 33.791766 3.861954 48.958235 0.692767 90.957230 
38750 11 2.970264 35.313195 3.850604 50.299224 0.698726 32.801253 
38800 11 3.416769 30.998671 3.847835 48.555112 0.768435 54.265734 
38850 10 3.263136 23.498113 3.852376 48.368317 0.607313 64.437560 
38900 12 3.322864 25.781024 3.815906 50.862015 0.592884 66.827842 
38950 11 3.181515 28.136540 3.777191 53.839722 0.603571 75.016522 
39000 12 3.381173 25.271755 3.779249 51.530019 0.680231 65.245296 
39050 10 3.225093 32.657587 3.800289 50.921706 0.866893 93.572828 
39100 11 3.421379 32.325929 3.799325 48.027048 0.767620 77.160591 
39150 10 3.195638 32.665289 3.851758 46.408364 0.625997 55.689709 
39200 11 2.967536 34.331974 3.846025 49.517396 0.705651 71.888526 
39250 12 3.614215 29.909506 3.844071 48.423413 0.787844 90.968536 
39300 12 3.601252 28.511307 3.829180 49.346293 0.686515 67.640173 
39350 11 3.160400 30.277702 3.810772 50.530541 0.723161 54.952332 
39400 11 3.019315 33.397521 3.835535 51.233952 0.734586 78.644491 
39450 10 3.593804 26.582545 3.831951 48.402513 0.627655 56.920604 
39500 10 3.586837 26.212760 3.875115 46.313082 0.766792 61.506786 
39550 11 3.034742 29.071639 3.923048 48.013713 0.555569 73.237699 
39600 11 2.978676 29.162626 3.906837 48.249465 0.505811 71.891948 
39650 11 2.625090 25.002012 3.831818 50.129162 0.638020 30.637106 
39700 12 2.532974 35.680909 3.833469 50.196728 0.698390 78.553617 
39750 11 3.075801 28.538026 3.795423 49.074695 0.646097 62.957862 
39800 11 2.758447 31.444128 3.785958 50.220839 0.718683 41.614392 
39850 11 3.104859 32.381596 3.805833 49.366255 0.728957 72.135631 
39900 11 3.402930 32.897992 3.779393 50.255346 0.768780 87.072621 
39950 10 3.248549 31.541452 3.801337 48.163285 0.594777 45.295678 
40000 11 3.180868 31.497143 3.813875 50.553627 0.618890 61.723107 
40050 11 2.857727 30.416018 3.803013 51.452463 0.753366 40.381896 
40100 11 2.896578 26.349657 3.818437 53.325587 0.518188 57.745995 
40150 11 2.871731 24.498364 3.858528 48.904737 0.699863 30.895265 
40200 11 2.811252 25.440051 3.830872 45.270811 0.759683 21.583382 
40250 11 3.202110 29.684459 3.887338 46.205108 0.824275 49.908459 
40300 11 3.288717 27.425655 3.945448 44.424203 0.644343 42.542899 
40350 11 3.169415 26.356457 3.961991 44.372722 0.567453 33.528003 
40400 11 3.206114 24.472829 4.000624 46.960779 0.617151 29.138627 
40450 10 3.259908 26.386938 3.985461 44.671668 0.655184 38.611097 
40500 11 3.329869 26.966012 3.957238 45.454575 0.615422 52.106121 
40550 11 3.094337 30.449208 3.976627 44.285150 0.681532 66.516632 
40600 11 3.011604 28.503445 4.012381 41.752805 0.719517 53.829552 
40650 11 3.180255 28.873650 4.040827 44.381341 0.849167 102.980924 
40700 11 3.294728 30.964261 4.033613 42.577335 0.727731 69.595340 
40750 11 3.245090 30.293309 3.996962 43.723887 0.682117 54.644347 
40800 10 3.155488 35.250096 4.017545 40.700626 0.621844 56.218402 
40850 11 3.158420 33.085765 3.937576 47.845194 0.685238 48.903249 
40900 11 3.187232 31.309327 3.974578 45.629340 0.567553 48.159552 
40950 10 3.251142 29.889160 4.021717 40.839648 0.581669 57.871659 
41000 11 3.443300 28.235706 4.044314 41.101286 0.723523 55.751628 
41050 11 3.254600 27.916893 3.991989 41.553243 0.836270 84.652045 
41100 11 2.938153 25.014274 4.015401 46.640921 0.635002 61.616220 
41150 10 3.053489 30.022298 4.027303 47.079622 0.633995 43.589959 
41200 11 2.973447 30.569371 3.999698 44.775269 0.688926 41.414690 
41250 11 2.969866 30.483826 4.010238 43.251970 0.727268 60.076177 
41300 10 3.088298 34.910043 3.973407 43.990678 0.639660 52.351714 
41350 11 3.009928 29.586592 3.979524 46.079085 0.598604 60.804014 
41400 11 2.766058 31.411810 3.940662 45.643302 0.648944 38.591709 
41450 11 2.820441 29.801666 3.884907 45.352799 0.689210 58.710298 
41500 10 2.818535 31.061910 3.905661 47.243255 0.685333 98.888904 
41550 12 3.255859 30.021033 3.916364 49.262769 0.770561 53.222169 
41600 11 3.426186 28.794125 3.901626 47.076795 0.785434 55.459519 
41650 11 3.424829 32.672448 3.912173 45.947748 0.664098 30.513373 
41700 12 3.402328 31.547465 3.971913 46.385595 0.834481 39.576096 
41750 11 3.552086 29.082442 3.965708 42.470689 0.899402 66.681904 
41800 11 3.277571 24.583357 3.970380 42.140811 0.747278 42.583116 
41850 11 3.071982 27.646750 3.931095 48.347458 0.688545 39.467680 
41900 11 3.533536 32.729651 3.946513 43.787858 0.601791 39.363588 
41950 11 3.173456 31.296197 3.941525 48.788047 0.543155 35.421545 
42000 11 3.299610 29.973299 3.971993 44.553366 0.539312 73.571552 
42050 12 3.239390 29.386120 3.944791 48.428539 0.620562 56.989996 
42100 10 3.070346 31.051260 3.938194 45.917834 0.655322 88.316778 
42150 11 3.297800 30.573597 3.900946 46.975012 0.754954 52.364958 
42200 11 3.552110 30.527714 3.918700 44.608525 0.677497 37.049463 
42250 11 2.992400 28.519742 3.952338 46.016024 0.643343 52.867577 
42300 11 3.113375 26.361952 3.959002 46.616069 0.650153 63.075531 
42350 11 2.759817 25.798838 3.966830 46.657117 0.656431 86.555207 
42400 11 2.796910 27.644075 3.954674 45.250010 0.560303 46.895741 
42450 11 3.136322 28.199580 3.936429 44.643248 0.761934 44.624834 
42500 11 3.097578 29.063775 3.908781 48.989867 0.578257 51.890069 
42550 11 3.121806 31.350887 3.885327 48.146057 0.726545 45.869318 
42600 10 3.115077 31.816726 3.911574 49.056460 0.826596 45.645826 
42650 11 3.122464 34.238008 3.934542 40.659959 0.711709 57.351305 
42700 10 3.222657 33.899098 3.924994 47.232268 0.713819 54.935776 
42750 11 3.123465 33.483025 3.931191 48.318253 0.821508 61.686514 
42800 11 3.066746 35.326279 3.941550 42.849504 0.598637 103.957392 
42850 11 3.279235 32.409543 3.925977 45.761640 0.775391 52.338649 
42900 12 3.270726 37.308117 3.903383 45.831529 0.721629 82.683966 
42950 11 3.394102 38.192007 3.919891 45.329380 0.686467 43.252307 
43000 11 3.390492 30.632175 3.912298 44.859689 0.752052 73.433509 
43050 11 3.432191 33.662958 3.922797 44.144014 0.826519 74.303409 
43100 11 3.539585 33.051634 3.896179 48.429499 0.709658 84.418701 
43150 10 3.636264 31.210324 3.890189 43.421851 0.718532 43.591735 
43200 11 3.512787 28.221657 3.897776 43.279994 0.804783 35.577116 
43250 11 3.445702 29.978226 3.929025 42.212413 0.729187 63.983705 
43300 12 3.425963 33.960486 3.916867 43.483987 0.687114 101.595413 
43350 12 3.092686 28.185673 3.916774 45.851402 0.674403 52.381932 
43400 11 2.786975 31.906413 3.863674 49.952477 0.557364 47.221592 
43450 11 3.188969 37.260864 3.864900 44.934227 0.717645 55.700818 
43500 12 3.135852 26.482454 3.881390 45.782263 0.714004 61.497435 
43550 11 2.633905 29.094474 3.893886 49.903008 0.833805 60.336064 
43600 11 2.605636 32.156869 3.895909 51.434689 0.642119 71.993341 
43650 11 2.911846 33.904350 3.910758 47.556327 0.717398 45.982514 
43700 11 2.961080 28.980688 3.902674 46.139813 0.679842 49.964912 
43750 11 2.721110 34.211170 3.896864 46.906636 0.719016 65.216187 
43800 11 2.722846 36.169178 3.886704 47.451280 0.765962 53.794933 
43850 11 3.103316 29.145006 3.884511 47.002525 0.793050 59.318591 
43900 11 3.115464 38.765973 3.883140 46.950358 0.549992 72.671478 
43950 11 3.047537 35.058379 3.879745 47.243818 0.695599 39.606325 
44000 11 2.880468 35.907690 3.956633 49.974012 0.745340 41.737119 
44050 11 3.201943 33.803661 3.908900 44.663960 0.590814 34.741429 
44100 11 3.039498 29.174448 3.894060 49.307799 0.794437 33.395615 
44150 11 3.128955 30.926912 3.872763 46.955954 0.785176 42.584493 
44200 11 2.986725 30.771679 3.912797 45.842365 0.581848 34.289618 
44250 11 3.099160 32.272994 3.927044 47.055889 0.723486 20.961844 
44300 11 3.175892 33.344748 3.977037 47.060949 0.754897 30.538943 
44350 11 2.978997 32.056955 3.986498 45.120175 0.669526 40.816317 
44400 11 2.889355 30.618517 3.988257 43.241479 0.609045 61.847496 
44450 11 3.009412 30.773944 3.983064 45.918339 0.658895 91.622785 
44500 11 3.195312 27.389901 3.960107 45.134192 0.673838 111.758609 
44550 12 3.175574 31.555281 3.981434 42.688413 0.620767 61.186801 
44600 12 3.302978 31.552212 3.987507 47.568692 0.693884 28.026509 
44650 10 2.884531 30.225756 3.913952 48.147611 0.674144 29.132757 
44700 10 2.803777 22.232200 3.870434 51.101681 0.654994 34.815050 
44750 11 2.983763 28.710168 3.879232 46.805654 0.756581 28.278169 
44800 12 3.030849 30.057116 3.923868 45.510089 0.624924 32.665068 
44850 10 3.141155 26.593363 3.883840 51.052887 0.537080 30.582590 
44900 11 3.206653 26.791262 3.884264 45.805013 0.745110 34.793281 
44950 10 3.208557 23.153157 3.945952 48.232885 0.669077 48.793388 
45000 11 3.125111 25.379551 3.948452 44.599775 0.744561 21.445535 
45050 12 3.307834 25.539970 3.964412 45.172849 0.663239 28.162808 
45100 11 3.105420 27.861420 3.922090 47.069861 0.582522 24.786950 
45150 11 3.136046 29.436563 3.922597 45.401395 0.829223 38.554986 
45200 11 2.993410 32.207663 3.921053 45.168488 0.657070 38.565175 
45250 11 2.813783 35.084936 3.887096 46.164404 0.656014 36.411894 
45300 11 3.674113 32.679610 3.883949 43.250755 0.652553 56.313036 
45350 11 3.484632 33.514844 3.958120 41.320244 0.661842 77.193613 
45400 12 2.974726 30.011949 3.988344 43.626535 0.794154 61.535833 
45450 11 2.903908 28.119709 4.013953 45.229580 0.684115 96.918676 
45500 10 2.995587 24.814343 3.997832 46.810911 0.611937 52.285770 
45550 11 3.006446 26.707648 4.059889 43.178784 0.619799 68.661180 
45600 11 3.209135 25.503364 4.041386 41.349805 0.658276 70.500651 
45650 11 3.472681 31.866200 4.030924 44.324787 0.652852 48.445455 
45700 11 2.775278 28.805619 4.001660 44.642736 0.652795 61.707838 
45750 11 2.897365 28.826403 4.054331 45.834193 0.725168 67.947370 
45800 11 2.730157 25.780207 4.056315 44.084003 0.665760 34.512781 
45850 11 2.773340 25.516441 4.014556 42.768499 0.732076 43.140212 
45900 11 2.985289 32.593701 4.041709 40.662638 0.787371 35.033942 
45950 11 2.833466 24.571128 4.063373 41.359142 0.832102 60.356106 
46000 12 3.179938 27.457439 4.016832 43.262848 0.575492 44.260679 
46050 11 3.045761 26.100921 4.005605 41.369200 1.026988 60.104256 
46100 11 3.207234 31.408263 3.988925 42.511091 0.729445 61.623679 
46150 11 3.123112 36.785934 3.973732 45.492007 0.625711 83.388489 
46200 11 2.843336 31.918904 3.945850 43.761258 0.635182 36.310934 
46250 11 3.207050 33.106203 3.965471 43.815497 0.732921 53.237229 
46300 12 2.901858 29.964156 3.922484 46.267618 0.601678 70.455033 
46350 11 2.776463 26.575974 3.986945 43.795460 0.608126 45.656480 
46400 11 2.672807 29.242702 3.966195 45.210721 0.790870 79.324291 
46450 11 3.033582 26.017716 3.901455 47.921093 0.715715 87.228458 
46500 11 3.059329 25.854239 3.874910 46.519645 0.810796 70.631820 
46550 11 2.986073 21.264452 3.850753 50.667329 0.769088 61.114121 
46600 11 2.742199 28.096764 3.914952 48.280985 0.598105 37.054125 
46650 11 2.588254 26.169307 3.922449 44.957133 0.823211 33.862413 
46700 12 2.746964 22.634556 3.957713 50.367378 0.802736 38.509461 
46750 11 2.905037 27.425151 4.002286 46.274570 0.650981 59.568621 
46800 11 3.098055 28.222867 3.976358 47.084045 0.532051 51.398074 
46850 11 3.050676 30.608487 4.015766 39.462014 0.647185 47.422808 
46900 13 3.060158 32.265111 4.008705 41.677830 0.839216 38.025551 
46950 11 2.715809 28.142420 4.043012 44.927538 0.605502 47.014240 
47000 11 3.003838 32.775796 4.049786 41.082630 0.846186 64.025319 
47050 11 3.091177 31.011266 4.028184 42.535765 0.599134 66.225394 
47100 11 2.980478 28.060332 4.030530 40.846955 0.880851 84.735146 
47150 11 3.224676 33.038782 4.022880 43.349546 0.660885 125.149694 
47200 11 3.332592 31.775891 3.975272 44.695409 0.613351 56.357767 
47250 12 3.214241 30.520093 3.970958 46.026703 0.806080 67.496282 
47300 11 3.023013 33.306518 3.928117 47.667047 0.611533 54.846338 
47350 10 3.360939 35.493931 3.986107 44.648641 0.737579 28.813627 
47400 11 3.348425 39.333369 3.960232 43.056507 0.716001 37.353639 
47450 11 3.291811 40.800290 3.985695 44.228762 0.756003 20.739932 
47500 11 3.730086 34.961326 3.985889 38.191645 0.813082 26.106099 
47550 11 3.624753 33.742118 4.091768 39.648366 0.771732 63.110550 
47600 11 3.305691 33.385611 4.088238 41.297265 0.536244 68.107760 
47650 11 3.077686 32.021723 4.087280 42.156039 0.658145 59.161410 
47700 11 3.061859 33.741416 4.082840 39.026835 0.652909 39.517122 
47750 11 3.186208 38.073698 4.091274 40.422023 0.654883 50.839102 
47800 11 3.216297 35.438875 4.057015 41.456094 0.611865 60.977761 
47850 10 3.234904 29.689385 4.071123 40.832732 0.661750 53.734181 
47900 11 3.061837 32.739776 4.015969 46.005315 0.679289 50.870334 
47950 11 2.805473 22.461314 4.011962 43.996907 0.644850 68.434690 
48000 11 2.571688 23.902733 4.021045 43.212434 0.542723 48.153116 
48050 10 2.601723 22.729122 4.071499 42.966080 0.646511 66.317784 
48100 11 2.673156 24.185219 3.991743 46.938197 0.661348 49.526472 
48150 11 2.966126 21.513789 3.992639 47.130040 0.709555 72.290733 
48200 10 2.697970 27.956195 3.950966 47.035218 0.568625 84.407174 
48250 11 2.716766 30.138653 3.942807 45.061600 0.821509 46.288532 
48300 12 3.017073 27.037887 3.973079 45.710898 0.702488 70.895973 
48350 11 3.061222 25.834632 3.969185 47.986691 0.717633 52.065432 
48400 11 2.986707 25.870945 3.957089 43.310060 0.813169 57.499466 
48450 11 3.451833 28.272891 3.949195 42.972910 0.710770 77.077962 
48500 11 3.321568 28.920099 3.973578 44.109968 0.749737 62.339495 
48550 11 3.100935 24.610489 3.970532 48.514483 0.701446 106.009127 
48600 11 2.807071 31.278397 3.952237 44.054023 0.765689 47.221089 
48650 10 3.174437 33.091678 3.920717 44.422485 0.583467 51.772163 
48700 11 2.809381 24.506354 3.944933 45.771618 0.548571 55.936837 
48750 11 3.114931 29.830005 3.910627 46.387327 0.741640 57.363990 
48800 11 3.207016 31.853011 3.918703 46.100164 0.618285 57.628689 
48850 10 2.910822 34.780275 3.998631 42.496071 0.683760 45.232494 
48900 11 2.829522 31.245673 4.010510 44.272515 0.748720 34.924008 
48950 11 2.854557 28.007154 3.976459 48.314556 0.653173 57.729913 
49000 12 2.823605 30.586393 3.953028 46.987716 0.671306 58.520342 
49050 11 3.115254 28.989765 3.909353 43.869792 0.666513 79.445809 
49100 11 2.739969 30.667665 3.859772 47.829024 0.643500 84.263632 
49150 11 2.899416 28.560828 3.860607 47.519202 0.685842 57.854149 
49200 12 2.882992 26.799252 3.847663 47.493054 0.634736 54.164769 
49250 11 2.875207 31.164803 3.904219 46.344035 0.673059 95.263461 
49300 11 3.069876 35.940682 3.928268 45.043574 1.022396 87.227147 
49350 12 2.928044 35.416862 3.950904 46.110643 0.783349 87.916350 
49400 11 3.256851 35.622610 3.930693 46.770258 0.731979 82.175866 
49450 11 2.990577 29.457704 3.920045 45.813655 0.640070 56.748974 
49500 11 3.003367 31.284339 3.875175 46.742044 0.773209 55.115708 
49550 11 3.408241 30.107124 3.896331 46.025355 0.767932 80.717537 
49600 11 3.169514 37.083013 3.939815 43.825311 0.607121 81.032013 
49650 11 2.738214 35.642316 3.967105 45.393192 0.764452 78.709021 
49700 10 2.807641 31.424215 3.963574 47.083645 0.816696 27.202953 
49750 11 3.000029 25.438454 3.949501 43.634868 0.748008 51.921375 
49800 11 3.213954 25.604418 3.916848 49.024532 0.790014 31.946366 
49850 11 3.444936 25.102157 3.940693 41.423242 0.747126 80.748243 
49900 10 3.509284 31.507914 3.919223 46.582560 0.713777 54.359110 
49950 11 3.585057 24.630544 3.920147 45.828180 0.628077 75.652167 
