0 6 2.830000 24.443844 3.716154 64.926823 1.000000 4.074829 
50 7 2.603121 24.338094 3.796642 90.911464 0.541991 12.788628 
100 9 2.629656 23.949198 3.750934 55.013280 0.616601 43.928500 
150 9 2.569717 23.773312 3.795508 54.925498 0.623957 79.028517 
200 8 2.412055 23.527523 3.819987 50.190081 0.596604 43.011438 
250 9 2.675131 23.360434 3.833088 43.972150 0.613316 58.043062 
300 8 2.921717 23.579166 3.770460 46.214861 0.874974 77.491107 
350 8 2.782375 23.777159 3.806433 45.070230 0.691920 118.284722 
400 10 2.788672 23.925385 3.855906 39.774416 0.583335 55.464040 
450 8 2.982754 23.895485 3.844779 42.080980 0.562498 43.081430 
500 9 3.326189 24.306038 3.822455 41.974407 0.741491 39.879566 
550 9 3.008378 24.028856 3.811227 38.844789 0.609430 40.091217 
600 8 3.056717 24.270658 3.761901 47.182760 0.721412 74.277700 
650 10 3.362800 24.495397 3.792414 47.295301 0.738046 93.731744 
700 11 3.168046 24.353824 3.786176 41.731596 0.531798 62.183243 
750 10 3.411982 24.286350 3.825707 42.578249 0.594536 65.485405 
800 10 3.157801 23.698616 3.842385 43.750383 0.638659 91.055484 
850 9 3.173751 24.077633 3.798755 45.199747 0.781426 81.110263 
900 8 3.069694 24.397825 3.767788 54.897289 0.725905 73.664422 
950 8 2.888846 24.299522 3.838738 43.743140 0.590878 44.831690 
1000 8 3.173915 24.332062 3.821737 40.729553 0.674110 40.740580 
1050 10 3.279105 23.962873 3.791860 45.834233 0.692035 38.336853 
1100 10 3.131519 24.333814 3.775818 49.329383 0.581499 38.290898 
1150 9 3.027932 24.598272 3.932200 36.447551 0.750180 57.730576 
1200 10 3.035326 24.644514 3.844553 40.126289 0.737429 48.790011 
1250 8 2.704192 24.666599 3.883053 43.461605 0.648464 47.064420 
1300 8 2.932384 25.103988 3.904058 40.481782 0.726966 57.157201 
1350 9 2.973520 24.488498 3.808882 45.953463 0.698845 60.519847 
1400 8 3.037068 23.905275 3.806716 41.790913 0.670800 73.902195 
1450 9 2.949908 24.353718 3.804785 45.340073 0.720705 86.538342 
1500 8 2.749285 25.664050 3.844395 42.902452 0.678758 86.278820 
1550 8 2.756185 21.980324 3.924038 39.543699 0.771778 66.599212 
1600 9 2.158763 25.164106 3.911206 41.604532 0.747001 92.141283 
1650 10 2.304594 23.723543 3.789374 46.326172 0.730589 62.801326 
1700 11 2.277989 25.578506 3.743776 46.084424 0.752669 43.438023 
1750 12 2.830633 26.557581 3.753782 52.539510 0.680664 55.941052 
1800 8 3.010185 25.582084 3.757226 48.358605 0.652601 106.655979 
1850 9 2.343705 26.043207 3.773105 53.002141 0.749247 42.210440 
1900 9 2.491798 26.747322 3.754976 48.154844 0.651085 60.498636 
1950 10 2.556078 26.767870 3.802568 43.086901 0.520944 43.120904 
2000 9 2.630122 25.904085 3.841189 42.766623 0.612741 74.381021 
2050 10 2.611793 24.780947 3.793257 41.534519 0.628144 123.099274 
2100 8 2.818498 27.133409 3.778212 49.138903 0.684223 50.693065 
2150 9 2.697911 27.367838 3.799954 51.325656 0.640838 61.231000 
2200 9 2.738542 27.021035 3.846158 42.360746 0.707958 57.414051 
2250 9 2.766880 27.532400 3.804976 44.872100 0.654860 66.669942 
2300 9 2.983622 27.624960 3.841057 39.409287 0.683640 43.344802 
2350 9 2.963093 27.569747 3.828108 43.343303 0.593241 53.012015 
2400 8 2.649638 27.510339 3.831598 42.313346 0.667230 53.240241 
2450 8 2.697694 27.510994 3.870754 38.625926 0.620906 40.180121 
2500 9 2.748100 27.619107 3.831303 44.546381 0.667746 75.868815 
2550 10 2.631079 27.255261 3.822155 44.153182 0.731533 79.357403 
2600 9 2.672811 27.263253 3.841031 43.679394 0.798005 63.004295 
2650 9 2.241648 27.430746 3.779536 46.645708 0.836710 49.708640 
2700 8 2.398317 26.200064 3.800122 47.551928 0.887920 61.935682 
2750 9 2.714892 26.130289 3.820291 49.553810 0.536246 76.281741 
2800 9 2.690938 26.354633 3.833454 47.075923 0.888297 99.259491 
2850 8 2.419412 25.371625 3.857604 44.708657 0.654947 131.616481 
2900 9 2.197146 26.275164 3.833875 46.747452 0.579290 113.975352 
2950 9 2.698317 26.917898 3.797256 47.558980 0.609813 76.467261 
3000 8 2.429829 26.709959 3.767581 47.972429 0.810255 57.315863 
3050 9 2.854250 26.333147 3.768399 50.146150 0.786195 62.145882 
3100 9 3.278052 26.577863 3.862379 43.266917 0.673333 36.154652 
3150 9 3.505225 27.769238 3.841267 39.290745 0.771587 47.410621 
3200 8 3.369644 29.007999 3.786736 50.202901 0.591497 65.413023 
3250 8 2.896960 29.994559 3.784980 42.499744 0.666199 61.695076 
3300 9 3.354199 28.280223 3.821205 38.645499 0.761392 26.719929 
3350 9 3.193441 27.696676 3.859788 44.540719 0.617071 45.769275 
3400 10 3.160017 26.265293 3.873828 41.217212 0.842895 72.244706 
3450 9 3.218409 25.179665 3.835781 41.410917 0.635628 39.325125 
3500 8 2.983371 25.729348 3.825557 41.395103 0.642764 57.038763 
3550 9 3.169937 31.034625 3.819153 43.615345 0.654977 56.106748 
3600 9 3.093760 23.570374 3.854288 37.411171 0.714566 45.870322 
3650 9 3.003547 21.901872 3.895563 41.022217 0.718004 40.270368 
3700 8 3.067716 28.187385 3.853221 41.793426 0.722142 66.907707 
3750 9 2.886898 23.550668 3.840518 46.063646 0.661901 72.636446 
3800 9 2.724735 26.329993 3.838584 48.121791 0.657997 33.930541 
3850 9 2.378070 26.100748 3.796719 50.639422 0.618636 75.441224 
3900 8 2.708848 26.748092 3.776878 47.942701 0.800824 31.391308 
3950 9 3.061345 29.280466 3.836600 43.536896 0.589982 52.450068 
4000 9 3.076876 31.106945 3.833037 45.002079 0.638416 45.563994 
4050 10 2.960869 29.596942 3.839452 42.731162 0.697552 39.331355 
4100 8 3.027544 29.844822 3.863063 46.290574 0.636151 57.476162 
4150 8 3.342917 29.634097 3.782891 52.782712 0.678848 67.068417 
4200 9 3.119271 27.172915 3.798415 44.853184 0.688751 52.553007 
4250 10 2.962164 28.554420 3.806069 42.280878 0.632055 57.448469 
4300 8 3.178493 27.175607 3.770561 47.126520 0.825813 108.347548 
4350 9 3.255356 25.185240 3.789341 43.703147 0.609531 69.321989 
4400 8 3.182019 26.039208 3.701284 45.628456 0.825975 74.791919 
4450 9 3.259075 29.470269 3.741544 42.781785 0.700037 60.897173 
4500 9 2.999598 27.389109 3.777450 45.213195 0.763113 58.198713 
4550 8 2.862556 25.120491 3.790705 43.758176 0.657406 60.793917 
4600 10 3.026244 26.209805 3.735932 44.182656 0.676949 24.268250 
4650 9 3.166464 28.048131 3.739380 48.503983 0.541381 32.301854 
4700 9 2.802360 29.344403 3.775414 47.835019 0.674367 38.012254 
4750 8 3.303958 27.770536 3.777970 45.008066 0.642440 32.399897 
4800 10 3.012539 27.285084 3.771693 45.711162 0.681037 40.657145 
4850 9 3.031051 32.592953 3.795234 46.075634 0.590715 47.706446 
4900 9 2.968834 29.252932 3.836803 42.571644 0.588968 55.322871 
4950 8 2.993715 30.734270 3.869931 41.936065 0.493271 48.691661 
5000 9 3.334918 30.389232 3.860453 41.188093 0.709006 78.687525 
5050 8 3.186567 27.517714 3.788729 44.179520 0.767937 64.826718 
5100 9 2.930976 30.248380 3.751405 49.191821 0.620002 69.638782 
5150 8 2.957323 24.396280 3.736597 44.726492 0.614673 35.383601 
5200 9 3.187365 23.850768 3.790327 45.285215 0.551826 86.152803 
5250 9 2.871023 20.309972 3.788757 46.518593 0.670886 66.623795 
5300 8 2.897279 19.511046 3.836079 48.608581 0.694909 65.943202 
5350 8 2.731532 23.467064 3.794533 45.954254 0.600310 132.745702 
5400 9 2.941968 21.869678 3.825342 44.574628 0.756896 56.737477 
5450 9 2.354352 25.293314 3.811571 48.246275 0.533329 37.922622 
5500 10 2.059552 25.796492 3.794313 46.646751 0.685787 80.827495 
5550 8 2.656546 21.815292 3.759623 49.233426 0.562313 54.147507 
5600 10 2.670063 26.581586 3.752749 45.885603 0.697381 54.825876 
5650 9 2.685626 28.261120 3.825883 44.664798 0.672153 52.003874 
5700 9 2.788007 27.866419 3.772127 47.057004 0.634611 44.124499 
5750 8 2.418219 25.491905 3.793474 48.935205 0.713362 58.196482 
5800 9 2.526900 25.618487 3.764926 46.473459 0.768142 71.563619 
5850 9 2.334103 28.158677 3.798598 47.693178 0.770393 96.260181 
5900 8 2.245540 29.338162 3.802367 46.583774 0.522429 58.472555 
5950 9 2.866717 30.183378 3.797558 45.800828 0.561264 84.234825 
6000 8 2.619286 30.424927 3.837393 45.860713 0.804330 82.136684 
6050 9 2.887339 30.016197 3.804742 45.947410 0.735149 55.604333 
6100 9 3.197675 34.148178 3.795355 43.874798 0.594104 54.105096 
6150 10 3.228744 34.233982 3.813498 43.112179 0.579923 65.971826 
6200 9 3.144797 35.620016 3.823057 45.565334 0.529294 55.871308 
6250 9 2.934092 32.407022 3.785443 47.902976 0.687570 55.719877 
6300 9 3.039081 33.457863 3.819874 45.845655 0.709707 73.132286 
6350 8 3.038674 33.721358 3.809066 44.653440 0.588159 36.006041 
6400 9 3.256092 33.597791 3.788058 43.458465 0.539013 61.072819 
6450 8 3.272380 30.610487 3.806192 40.910860 0.675519 91.811644 
6500 9 3.232036 32.921194 3.829235 43.798088 0.674849 87.885715 
6550 9 2.892064 32.495143 3.861609 45.737217 0.697319 59.976294 
6600 8 2.878370 29.908269 3.796504 48.984147 0.670884 53.721587 
6650 9 2.556766 31.863311 3.793335 44.292117 0.646051 62.595242 
6700 9 2.372326 37.965344 3.766770 46.356006 0.641031 63.958100 
6750 9 2.416402 35.502559 3.800820 43.405913 0.723551 77.595699 
6800 10 2.636991 33.242316 3.783199 44.306648 0.545668 57.346313 
6850 9 3.027430 31.716293 3.765679 43.675078 0.800211 45.663149 
6900 11 3.048716 31.611447 3.728106 43.495161 0.681247 51.984966 
6950 10 2.971845 32.885652 3.768942 43.108947 0.859349 70.924733 
7000 10 2.651436 34.337445 3.842622 40.525293 0.770969 58.741924 
7050 9 2.563560 33.036105 3.819749 43.968398 0.594373 91.936707 
7100 9 2.598344 32.829594 3.827922 43.090927 0.709895 92.590874 
7150 8 2.603183 30.759414 3.822166 49.754392 0.659622 56.371878 
7200 10 2.574197 24.362891 3.811634 47.323902 0.657269 49.246333 
7250 8 2.317696 23.623156 3.830066 46.696544 0.677899 37.054282 
7300 8 2.214745 24.136481 3.879563 46.132836 0.839480 91.148371 
7350 10 2.579297 28.614342 3.861840 44.282092 0.644401 57.201739 
7400 8 2.084832 31.172606 3.864411 43.270864 0.702001 59.795114 
7450 9 1.733067 24.292050 3.847013 48.343080 0.650519 43.900811 
7500 10 1.756208 26.277935 3.893753 49.010710 0.652230 66.963843 
7550 9 2.148114 19.225846 3.912782 41.486049 0.711931 53.182125 
7600 8 2.821806 27.908188 3.906089 43.258731 0.794125 107.831762 
7650 8 2.918871 25.269564 3.877023 48.440683 0.567721 36.300284 
7700 9 2.956196 27.349836 3.853018 45.256595 0.664346 44.538216 
7750 9 2.908532 28.623842 3.856287 50.326173 0.689004 43.330314 
7800 9 2.818152 28.490405 3.852919 45.890354 0.611263 55.056756 
7850 10 2.862856 27.677546 3.834730 44.066772 0.618413 57.299303 
7900 10 2.693605 34.585191 3.823246 50.152523 0.766533 83.315258 
7950 10 2.655344 29.687454 3.806175 49.993246 0.639446 82.180554 
8000 9 2.973515 30.882273 3.820128 47.746206 0.651350 59.432270 
8050 8 2.804443 33.469792 3.759772 48.684439 0.771776 71.837955 
8100 9 2.903291 34.872749 3.743922 48.025327 0.770116 56.259213 
8150 8 2.774264 31.975118 3.778756 47.639241 0.750922 63.834264 
8200 9 2.963365 27.942858 3.817416 47.361794 0.696793 53.087845 
8250 8 3.172155 28.975426 3.800888 47.537531 0.695041 71.193092 
8300 9 3.080402 22.520846 3.800949 48.399543 0.667148 61.640663 
8350 9 2.875344 27.811239 3.779554 48.090630 0.748942 97.147459 
8400 10 3.043023 29.748603 3.813527 48.258078 0.624320 38.374869 
8450 9 2.997623 28.606907 3.822234 43.548967 0.713854 69.557333 
8500 9 2.828857 29.554843 3.806850 48.135664 0.618952 74.551820 
8550 9 2.627661 30.392309 3.792722 49.951697 0.546469 54.398337 
8600 9 2.624358 29.858112 3.718668 48.083002 0.678944 52.764552 
8650 10 2.732525 27.916477 3.749786 41.942005 0.777511 34.836420 
8700 9 2.342690 31.591087 3.749323 49.881064 0.602117 28.205883 
8750 9 2.196357 30.555380 3.806066 42.330758 0.654240 36.101515 
8800 9 2.615482 32.769309 3.821071 44.364415 0.643461 72.898720 
8850 8 2.896511 37.205457 3.817992 44.194943 0.689570 54.310530 
8900 8 2.575133 36.827996 3.820241 44.827588 0.590482 62.612106 
8950 11 2.313022 40.562423 3.763001 44.782781 0.724693 56.301573 
9000 10 2.531612 40.388442 3.773891 44.391416 0.557115 70.029581 
9050 9 2.706234 37.521851 3.731808 45.726847 0.670824 48.261999 
9100 9 2.593422 39.138673 3.715728 50.495019 0.635668 29.818044 
9150 10 2.860590 39.344727 3.751032 48.479869 0.766130 46.289744 
9200 9 2.466719 38.211539 3.762766 46.128625 0.674612 41.253053 
9250 9 2.558249 37.903111 3.777739 41.929389 0.709129 49.011736 
9300 9 2.293782 40.394884 3.786947 54.368681 0.537903 42.500551 
9350 9 2.822699 37.818126 3.840248 44.951795 0.731484 51.616495 
9400 9 2.902544 37.136851 3.828856 47.629527 0.682700 79.419296 
9450 9 2.799443 37.412776 3.803433 45.108100 0.540756 67.906071 
9500 9 2.590764 35.702794 3.747821 48.358321 0.776414 61.148917 
9550 10 2.474002 33.624783 3.733643 50.251772 0.576887 44.943179 
9600 10 2.740303 37.346651 3.716212 50.142412 0.588010 38.568090 
9650 10 2.710469 37.822076 3.701229 46.246565 0.625333 70.716972 
9700 9 2.572635 34.591867 3.747607 49.538016 0.617512 90.188559 
9750 10 2.417199 39.682995 3.733846 48.423796 0.572220 72.155169 
9800 10 2.758329 37.383121 3.750966 46.825604 0.657023 43.226675 
9850 9 2.556378 33.045090 3.797050 48.690901 0.775042 43.808297 
9900 9 2.749090 32.170608 3.811019 44.931210 0.682396 57.190524 
9950 8 2.971238 31.307143 3.817254 42.484742 0.642856 59.384550 
10000 9 2.804782 29.961234 3.810510 46.091436 0.811547 75.632129 
10050 9 2.857566 28.736010 3.832667 46.182338 0.643790 91.185265 
10100 8 2.739002 32.447123 3.805330 45.376727 0.703955 28.743639 
10150 9 2.867856 33.183148 3.807838 42.304918 0.805633 31.147390 
10200 8 3.015986 35.836688 3.776632 47.797164 0.791412 26.385528 
10250 8 2.910892 32.679195 3.782755 46.404401 0.564345 51.020578 
10300 10 2.897179 35.660657 3.776191 47.163216 0.638272 31.792218 
10350 9 2.782357 35.754061 3.768902 46.426844 0.703719 61.841610 
10400 10 3.030753 40.326154 3.720622 46.431205 0.826042 30.146542 
10450 10 3.261611 32.482064 3.755051 42.499425 0.580576 48.070456 
10500 8 2.924503 32.282283 3.779642 47.749616 0.790446 104.512894 
10550 8 3.277227 32.497424 3.762244 43.802013 0.603073 62.700008 
10600 8 2.930186 35.421145 3.787308 48.118141 0.682934 51.797849 
10650 10 2.483905 30.289879 3.796541 46.419277 0.705474 47.705606 
10700 9 2.580811 34.850141 3.825752 42.089375 0.923794 78.593424 
10750 9 3.305885 42.150187 3.851950 48.304690 0.509304 40.400350 
10800 9 2.846748 35.957123 3.827663 43.108332 0.680433 50.604644 
10850 9 3.186626 36.779723 3.781726 44.778820 0.781661 84.606203 
10900 9 3.475655 34.846034 3.771708 48.114183 0.616408 47.255579 
10950 8 3.309507 35.729800 3.819104 48.487416 0.766019 32.287227 
11000 8 2.998817 34.431659 3.782888 46.274704 0.741010 44.458596 
11050 8 2.876314 36.065299 3.806554 45.825856 0.795817 31.204818 
11100 8 3.027531 36.479644 3.838420 43.892093 0.891094 48.046225 
11150 9 2.977975 36.118007 3.844962 45.901818 0.569225 40.108053 
11200 8 2.867171 36.801358 3.888027 47.490815 0.724682 47.822587 
11250 9 3.088848 37.757817 3.911272 39.096290 0.635192 37.331553 
11300 9 2.945811 37.741822 3.903428 46.462362 0.568927 45.370626 
11350 8 2.994323 39.245383 3.872639 40.455466 0.652453 60.793827 
11400 9 2.998246 40.103490 3.825902 40.939164 0.600905 62.736176 
11450 9 2.963199 39.736619 3.803812 47.485424 0.638073 32.300836 
11500 8 2.676897 31.122410 3.814668 42.368449 0.758209 44.330869 
11550 9 2.840461 26.948709 3.743893 49.378392 0.680962 46.197373 
11600 8 3.066955 27.749320 3.750063 51.576726 0.681941 72.383370 
11650 9 3.149053 34.086494 3.779498 45.587762 0.594635 67.525644 
11700 9 3.090750 34.811597 3.775673 42.403746 0.625440 104.092634 
11750 8 3.094613 33.378161 3.772018 48.311805 0.748164 91.961755 
11800 10 2.798179 33.709002 3.687062 52.761250 0.637323 85.048435 
11850 8 2.815739 33.469272 3.779479 48.082685 0.504514 30.611205 
11900 9 3.027461 31.961953 3.776273 46.463804 0.648744 46.417915 
11950 9 3.092301 25.078852 3.781273 48.065229 0.782981 33.705004 
12000 9 2.652044 26.133701 3.795482 46.591412 0.587407 34.482336 
12050 9 2.542512 32.557351 3.828121 51.211169 0.721810 55.373900 
12100 9 2.589303 36.273572 3.818862 47.321041 0.660590 41.462544 
12150 8 2.740658 30.296074 3.793505 45.664902 0.615528 67.275358 
12200 10 2.263665 33.314864 3.819072 52.877812 0.748426 40.272216 
12250 9 2.267149 33.102759 3.847095 45.616086 0.658723 41.108760 
12300 11 1.939446 30.217134 3.836810 48.964585 0.549439 45.611111 
12350 8 2.204493 29.031804 3.837034 47.402118 0.662070 51.500934 
12400 10 1.766121 28.695439 3.836792 49.270812 0.707321 62.638302 
12450 10 2.095867 29.900462 3.827643 46.170707 0.630659 54.339082 
12500 8 2.487549 28.665571 3.853119 44.136102 0.675553 67.852204 
12550 9 2.817201 37.017369 3.878517 43.976208 0.613042 33.243380 
12600 8 2.919889 37.878550 3.903181 42.788830 0.600649 46.359633 
12650 9 2.743638 35.182553 3.883558 46.309368 0.570365 51.750768 
12700 8 2.970596 40.775889 3.854533 46.453997 0.680714 46.785962 
12750 8 2.952490 35.650028 3.848112 45.533538 0.742280 45.165835 
12800 9 3.295261 35.590859 3.837098 45.877052 0.518909 68.813371 
12850 8 3.139412 36.314560 3.859551 46.436466 0.772101 38.906172 
12900 9 3.121695 35.467956 3.830303 45.142549 0.817547 63.968419 
12950 8 2.992790 33.349046 3.812389 40.508637 0.612957 134.908582 
13000 9 3.230907 34.152502 3.841941 45.279299 0.635057 54.929965 
13050 9 3.128317 36.384750 3.818766 42.701678 0.685654 70.873166 
13100 8 3.380475 39.573886 3.799676 49.673198 0.649695 80.680821 
13150 9 3.556239 40.459909 3.827288 45.250583 0.737561 111.614205 
13200 9 3.345308 39.581244 3.810658 43.845143 0.762016 50.792657 
13250 9 3.272047 39.916840 3.853910 46.793413 0.607527 40.701326 
13300 9 3.169675 38.587961 3.852916 44.031275 0.611551 51.682990 
13350 8 3.186993 36.881967 3.820159 48.877567 0.614341 59.269336 
13400 10 2.897530 37.061127 3.760783 46.938174 0.624820 69.279394 
13450 9 2.901883 36.702427 3.753876 45.622047 0.801179 59.891578 
13500 9 3.099986 34.956377 3.719098 49.974739 0.650751 32.340348 
13550 10 3.114376 35.676574 3.710311 48.071959 0.621418 44.524016 
13600 10 3.054546 36.164026 3.713140 45.757034 0.651598 86.975947 
13650 10 3.045571 37.114726 3.681963 44.670312 0.650700 45.001297 
13700 10 3.073949 34.968414 3.684737 50.598266 0.698218 49.635125 
13750 8 3.146853 34.633939 3.700296 46.777310 0.670361 74.950338 
13800 9 3.057003 34.030201 3.688393 53.367721 0.683119 62.885627 
13850 9 2.647502 36.639872 3.748162 53.268405 0.593281 45.310560 
13900 8 2.869205 38.924166 3.802220 44.773646 0.507280 67.591413 
13950 8 2.980236 36.021236 3.772126 45.211594 0.732941 54.499070 
14000 9 2.832913 35.424889 3.755905 50.892086 0.758042 42.100457 
14050 10 2.863442 34.581283 3.729054 47.096890 0.849211 71.541610 
14100 8 2.801789 38.727318 3.780181 46.668274 0.761759 84.018721 
14150 9 2.697251 39.405066 3.770238 48.870986 0.605085 41.144403 
14200 10 1.973371 39.730826 3.780343 48.408834 0.827544 40.948552 
14250 8 2.001086 38.308103 3.790827 50.702458 0.690971 77.051731 
14300 10 1.757176 38.772397 3.754590 50.201267 0.841655 97.830642 
14350 9 2.074953 40.207047 3.776017 52.240813 0.749646 72.020026 
14400 9 2.234793 37.033205 3.790802 47.752868 0.910028 74.059246 
14450 8 2.816524 33.621259 3.854068 41.601318 0.581180 44.440288 
14500 9 2.894936 35.490617 3.837528 39.498033 0.697516 49.936370 
14550 9 2.765692 39.920067 3.850616 43.015343 0.540746 46.931336 
14600 9 2.832378 36.554635 3.852248 42.600764 0.689489 73.036472 
14650 8 2.842355 38.742763 3.780182 45.702183 0.644081 85.715100 
14700 10 3.258499 38.324576 3.801697 46.429164 0.624442 82.622982 
14750 10 3.387378 35.694484 3.791658 45.518182 0.736485 50.126345 
14800 9 3.768400 42.201383 3.811346 44.679275 0.719254 65.885273 
14850 8 3.934322 42.265596 3.811505 42.796814 0.684756 37.953106 
14900 9 3.387295 41.292361 3.813698 44.132414 0.612911 64.479174 
14950 9 3.083932 43.158797 3.802165 45.160587 0.710207 79.506250 
15000 9 3.253638 42.806425 3.809677 45.833047 0.600165 46.863866 
15050 9 3.222936 42.908564 3.755745 46.733621 0.575066 40.950844 
15100 10 3.295981 38.551393 3.764227 46.218676 0.621395 43.345379 
15150 10 3.285004 42.717310 3.771305 44.895618 0.627351 49.435754 
15200 9 3.117477 42.651183 3.779012 47.204394 0.721691 31.952455 
15250 9 3.263997 36.449206 3.766040 46.461399 0.776703 38.401045 
15300 10 2.712994 37.270021 3.745696 46.992415 0.614876 29.856965 
15350 11 2.143340 39.463191 3.758592 49.329364 0.674894 50.696073 
15400 8 2.964177 43.690816 3.787388 44.200510 0.687713 42.192223 
15450 9 3.003733 38.126814 3.851946 43.951301 0.783374 87.465926 
15500 9 3.022302 42.431708 3.881282 41.960279 0.790620 54.582074 
15550 9 3.179013 40.428015 3.899172 42.871797 0.765698 52.461683 
15600 9 3.168124 35.673945 3.848960 41.451704 0.683900 43.921812 
15650 8 2.900778 39.748466 3.841198 43.151627 0.698367 39.303619 
15700 8 2.994611 36.157591 3.837384 43.317421 0.625760 30.227306 
15750 9 3.021093 35.579334 3.851524 43.958477 0.593522 39.049034 
15800 9 3.145323 39.532220 3.853487 39.442572 0.738016 54.011130 
15850 8 3.369711 30.432155 3.812537 43.312791 0.647895 46.085985 
15900 9 2.824584 28.791370 3.796174 48.896766 0.609427 25.351658 
15950 10 3.103285 35.837173 3.761568 44.913386 0.740357 47.292490 
16000 10 2.865585 32.510966 3.727714 45.180324 0.780880 69.231633 
16050 9 3.135973 28.658761 3.798629 40.409526 0.710354 49.760145 
16100 10 2.851355 31.018249 3.781422 45.938101 0.715714 67.985097 
16150 10 2.929037 34.825358 3.744685 43.209473 0.656330 34.980337 
16200 10 2.765062 29.968748 3.719416 47.367495 0.669049 70.111518 
16250 10 2.565412 28.028542 3.720469 44.811388 0.671426 44.508186 
16300 10 2.753540 27.742969 3.737978 50.023870 0.638565 38.510982 
16350 10 2.801263 32.038345 3.753037 48.496858 0.747457 33.064510 
16400 8 2.921638 31.866362 3.779089 44.915092 0.812223 66.279448 
16450 8 3.098441 35.187000 3.770481 46.219810 0.700851 38.955639 
16500 10 2.755313 37.126567 3.723719 46.322762 0.642639 51.455415 
16550 11 2.451821 31.532976 3.712626 45.568583 0.686892 56.763240 
16600 11 2.311300 30.694239 3.713698 47.010381 0.594452 78.625446 
16650 11 2.289325 28.286352 3.718817 47.107346 0.652339 35.648802 
16700 8 2.579144 29.961747 3.696990 46.631614 0.692050 39.518225 
16750 11 2.636594 30.237192 3.719277 46.356790 0.639540 69.361404 
16800 9 2.843519 30.344899 3.725672 45.633254 0.570464 81.875627 
16850 9 2.820788 28.456024 3.724704 45.241034 0.668204 57.078867 
16900 10 2.824650 27.074450 3.734424 45.292811 0.720822 51.005344 
16950 10 2.880556 29.859516 3.708645 45.791883 0.564438 60.404242 
17000 10 2.272798 28.692170 3.701570 46.060104 0.762216 79.786542 
17050 11 2.009211 34.125109 3.749168 47.085439 0.837924 81.700101 
17100 9 2.438198 28.660780 3.774779 45.115952 0.712672 118.250653 
17150 8 2.053582 29.187148 3.816866 47.860774 0.656092 74.534380 
17200 9 2.768781 24.200026 3.796775 44.119732 0.578461 89.891195 
17250 9 2.414966 26.220088 3.807549 47.461517 0.705238 90.372989 
17300 9 2.367154 27.586221 3.737407 45.354414 0.700136 94.583163 
17350 9 3.072604 30.955121 3.745265 45.561094 0.779267 63.559220 
17400 9 3.005302 27.489904 3.754252 45.555362 0.746994 54.567356 
17450 9 3.111630 27.774663 3.776442 45.434907 0.636597 63.011475 
17500 9 3.121815 27.205956 3.790277 45.232428 0.753452 84.040902 
17550 9 3.110012 28.184738 3.806438 45.060726 0.686698 130.914721 
17600 8 3.208724 29.642097 3.790643 47.220741 0.871712 63.897596 
17650 9 3.047135 29.901185 3.798076 45.702862 0.684682 35.254241 
17700 9 3.312128 32.120070 3.772996 46.511025 0.572799 55.813625 
17750 8 3.223497 36.398379 3.771710 48.239163 0.664733 54.725417 
17800 9 3.159767 38.855631 3.792050 47.510210 0.720160 77.858039 
17850 8 3.196374 33.632502 3.786315 45.593086 0.686501 66.946541 
17900 9 2.773295 39.211643 3.786927 46.542945 0.791442 53.823646 
17950 8 3.136548 37.831858 3.757897 47.413077 0.840155 52.817581 
18000 8 3.167670 34.345770 3.757238 47.026552 0.726058 58.568395 
18050 9 3.318131 34.778884 3.755008 46.826193 0.806476 42.418863 
18100 8 3.192120 37.244445 3.772793 46.769885 0.646970 82.996189 
18150 9 3.400653 32.720460 3.781956 46.499120 0.691260 85.813902 
18200 8 3.242037 31.063638 3.781358 46.210650 0.590579 39.348095 
18250 8 2.838213 29.217959 3.774302 46.470983 0.652276 55.968882 
18300 9 2.171102 30.608585 3.797833 47.539234 0.831148 64.262551 
18350 11 1.767733 29.822404 3.800137 46.520889 0.594667 76.419541 
18400 9 2.267567 27.910702 3.771970 46.202616 0.905135 43.960233 
18450 11 2.519206 31.731960 3.838196 44.960751 0.590177 47.143303 
18500 8 2.842982 27.715681 3.845760 44.851629 0.710716 38.909148 
18550 8 2.777880 30.953382 3.824510 45.392454 0.711666 59.549860 
18600 8 3.229828 32.617341 3.816875 46.299434 0.633294 60.104511 
18650 10 2.832990 30.462453 3.828261 45.278512 0.720249 50.002352 
18700 10 3.266707 35.467043 3.818000 45.727808 0.743436 60.239026 
18750 9 3.084334 29.580731 3.812032 45.162241 0.737662 52.607427 
18800 8 3.144481 35.507378 3.855311 46.189446 0.629392 33.807147 
18850 9 3.270527 29.707640 3.852142 42.954977 0.675669 44.555718 
18900 8 3.076263 30.355928 3.874153 47.768898 0.653531 42.630583 
18950 8 3.349932 37.397373 3.856548 45.443183 0.796873 83.949772 
19000 8 3.323328 36.148069 3.867728 46.454488 0.595736 51.476809 
19050 9 3.311376 27.700165 3.847148 47.185276 0.608792 60.666877 
19100 8 2.973614 31.886721 3.792184 46.865689 0.634851 119.595728 
19150 8 2.683195 30.203542 3.853322 42.834607 0.750715 68.080680 
19200 9 2.910126 31.921456 3.845925 43.531432 0.680552 48.440765 
19250 9 2.894793 33.266936 3.847928 46.610487 0.652763 122.618505 
19300 8 2.880363 39.076466 3.809020 46.944791 0.648744 94.693787 
19350 8 2.456614 33.946728 3.840302 44.755625 0.808251 46.349526 
19400 9 2.557779 33.827669 3.873820 42.713327 0.701578 53.398712 
19450 9 3.120315 31.684418 3.887966 44.646524 0.613723 60.733866 
19500 9 2.872181 29.156596 3.911038 39.532675 0.675280 56.275110 
19550 8 2.728581 33.272244 3.927102 43.080041 0.796699 45.975704 
19600 9 2.283262 29.847286 3.889077 39.515304 0.792851 53.861892 
19650 9 2.735667 33.470100 3.856093 45.781647 0.628421 82.078039 
19700 8 2.760615 34.712600 3.843367 44.903742 0.607488 76.766268 
19750 9 2.836242 38.929270 3.819458 44.368173 0.575596 58.063308 
19800 10 2.541901 38.649328 3.763832 45.436162 0.733228 79.668966 
19850 9 3.116204 39.077810 3.795307 45.916466 0.607349 40.233579 
19900 11 2.988359 35.208648 3.779164 44.537067 0.669037 36.814897 
19950 10 2.792888 34.129863 3.810420 44.235893 0.727835 68.875508 
20000 8 2.997176 30.233026 3.806343 43.811003 0.675277 46.910403 
20050 8 2.536775 33.956980 3.801417 46.090072 0.731143 68.929458 
20100 11 2.828448 35.356332 3.763066 41.945464 0.639404 44.072658 
20150 9 2.979577 35.394947 3.781343 45.358968 0.703168 57.056113 
20200 9 2.983698 29.996047 3.792327 46.591730 0.678994 51.682387 
20250 10 2.884793 31.435719 3.745417 47.479509 0.777366 66.266467 
20300 9 2.694319 29.608241 3.798221 45.581826 0.680459 40.015199 
20350 8 3.150579 31.278049 3.813639 45.987114 0.568322 52.585417 
20400 10 3.042607 31.697416 3.812605 44.473392 0.752634 67.423456 
20450 10 2.994556 30.124562 3.808551 41.101163 0.636956 80.508816 
20500 9 2.807440 32.262835 3.803993 44.300385 0.621862 50.174117 
20550 9 3.161350 32.355810 3.804839 45.735281 0.668672 54.970508 
20600 9 2.949401 34.665208 3.826251 43.071879 0.687161 43.126173 
20650 8 2.892518 37.702310 3.786339 46.989007 0.735638 62.770613 
20700 9 2.750502 40.581196 3.757787 51.063598 0.608552 32.834309 
20750 9 2.991414 30.903636 3.821669 47.964013 0.734985 87.099594 
20800 8 2.547398 30.318305 3.803860 46.210822 0.625457 59.050748 
20850 9 2.864091 32.527198 3.794483 49.218497 0.714479 48.169880 
20900 9 3.193332 27.237009 3.792754 48.828995 0.714826 37.345190 
20950 10 2.938786 27.962426 3.767644 49.811863 0.630921 28.369015 
21000 9 3.136443 26.958877 3.756256 47.809147 0.572750 46.869167 
21050 9 3.209208 25.027203 3.800584 46.444905 0.675107 38.448923 
21100 8 2.942904 25.973889 3.777894 47.223293 0.725770 52.460109 
21150 8 3.025771 28.368653 3.807951 49.659814 0.686701 96.378873 
21200 8 2.993293 27.373881 3.816574 41.612155 0.542238 55.245416 
21250 8 3.032561 26.422920 3.802992 42.728434 0.809182 66.254926 
21300 9 2.755835 22.245377 3.771548 47.615674 0.704450 63.283194 
21350 9 2.911789 28.067963 3.795167 46.368975 0.793840 45.768724 
21400 9 2.701173 24.681602 3.822625 41.635641 0.618936 44.787409 
21450 8 2.866659 23.473385 3.855678 46.637560 0.705608 29.424731 
21500 9 2.879489 24.548936 3.810229 43.677804 0.730203 50.064760 
21550 10 2.884724 22.002639 3.829994 41.140752 0.666103 36.360568 
21600 10 2.509813 25.016683 3.831058 44.113160 0.698743 53.087334 
21650 8 2.749831 26.043430 3.881607 39.012436 0.713513 42.154220 
21700 8 2.324948 29.176806 3.882341 47.800262 0.562429 34.303954 
21750 9 2.411298 29.474165 3.858726 48.082861 0.556977 54.945140 
21800 8 2.266200 29.184393 3.848651 46.058156 0.733301 82.669192 
21850 11 2.682358 24.877203 3.800465 43.659164 0.660220 43.837231 
21900 10 2.944760 26.341293 3.830927 44.946656 0.652831 71.888270 
21950 10 3.156216 29.935699 3.800832 45.114278 0.592591 66.914390 
22000 9 3.068139 33.172914 3.804997 43.048745 0.641285 61.365437 
22050 9 3.098129 31.897546 3.881283 45.656154 0.632580 65.637494 
22100 9 3.061614 32.393104 3.917314 42.930053 0.651623 57.141664 
22150 9 2.876347 31.512160 3.882750 41.906333 0.847194 93.703573 
22200 8 2.787081 30.011795 3.848891 45.662126 0.783597 58.253928 
22250 9 2.381334 32.282171 3.858054 39.225141 0.679812 74.745913 
22300 10 2.572838 33.897124 3.832095 50.402387 0.644189 87.710084 
22350 9 3.023118 33.752216 3.824564 42.852302 0.708993 117.409674 
22400 8 2.818943 31.729695 3.926679 40.636389 0.778260 51.513613 
22450 9 2.942747 32.322178 3.927654 41.424692 0.769624 63.118568 
22500 9 3.223119 29.634407 3.897134 43.453505 0.688962 37.393853 
22550 9 3.122400 32.794117 3.809899 44.846652 0.631460 57.668974 
22600 9 2.940243 28.187917 3.789025 44.632262 0.680194 52.669184 
22650 9 3.192864 29.724824 3.835655 46.093905 0.731159 64.578774 
22700 9 2.865432 35.219960 3.800761 42.493584 0.822469 63.635237 
22750 9 2.948141 30.400052 3.813960 42.654979 0.770295 56.124756 
22800 10 2.861442 38.894651 3.857527 43.563648 0.582365 50.100430 
22850 10 3.086222 34.804284 3.786700 43.570955 0.633233 34.264575 
22900 8 2.867954 33.589003 3.796321 46.066966 0.715441 48.417211 
22950 9 3.049952 34.474132 3.731541 50.663981 0.652892 65.807530 
23000 8 3.118631 37.109821 3.709612 49.750602 0.558113 43.621085 
23050 8 3.398058 30.832490 3.751577 43.706335 0.867550 69.199301 
23100 8 3.577024 24.327018 3.749383 52.428928 0.582004 62.729483 
23150 8 3.295115 26.091990 3.812623 46.322756 0.661740 58.115848 
23200 8 2.598197 31.160287 3.815253 49.172592 0.794349 64.688199 
23250 9 2.827196 28.124321 3.842729 44.902625 0.702599 38.410231 
23300 8 2.807820 31.295581 3.827132 48.598884 0.808496 47.195359 
23350 9 2.956901 35.334730 3.834833 43.349856 0.714078 54.253408 
23400 9 3.211277 38.085728 3.817438 44.206228 0.724367 36.761434 
23450 9 2.785500 31.439061 3.819160 41.647728 0.849750 75.443298 
23500 8 2.915236 33.949176 3.808998 43.646781 0.543910 67.642355 
23550 9 2.904064 28.484886 3.818772 46.987353 0.629969 60.517953 
23600 9 3.198189 30.011392 3.797675 44.700216 0.607212 95.802669 
23650 9 3.365566 32.202204 3.805665 44.027524 0.734150 63.223347 
23700 9 3.817635 35.800843 3.773823 41.800174 0.651241 44.981708 
23750 9 3.535871 36.523420 3.740517 49.459564 0.720458 53.817302 
23800 9 3.281396 37.677400 3.776343 43.137814 0.720879 82.189061 
23850 9 2.987170 33.631411 3.800269 43.518443 0.651348 47.276413 
23900 8 3.097266 27.533361 3.825553 45.411497 0.752500 29.539499 
23950 9 3.012663 27.368680 3.736364 46.895756 0.794024 55.975350 
24000 10 2.825724 19.546389 3.793772 45.893269 0.674207 71.808820 
24050 10 2.683615 18.271451 3.803315 45.789425 0.627489 81.364751 
24100 10 3.043045 26.919185 3.751023 49.112825 0.635815 66.809533 
24150 9 3.342562 25.508508 3.757405 49.734252 0.835589 33.646187 
24200 8 3.366460 24.055550 3.770716 48.274672 0.591139 42.236010 
24250 8 3.619182 29.806473 3.789642 48.625798 0.666277 39.221804 
24300 9 3.386602 25.654571 3.784396 47.733398 0.615596 51.932307 
24350 8 3.204188 26.667071 3.767772 49.872284 0.712722 82.571323 
24400 8 3.270866 28.484344 3.771118 47.708519 0.702057 91.373133 
24450 8 3.278529 29.070944 3.820202 42.852142 0.708906 72.269003 
24500 10 2.897887 26.888779 3.821520 43.371615 0.839377 74.290643 
24550 9 3.067135 29.033096 3.764219 48.130440 0.635295 62.520737 
24600 8 3.253451 31.991706 3.766700 49.908968 0.805117 34.594537 
24650 8 3.000339 28.684065 3.761146 50.738448 0.706250 26.093676 
24700 9 3.102365 27.973885 3.757701 53.293597 0.711084 32.042555 
24750 8 3.008794 33.037867 3.717472 47.103883 0.574468 46.625855 
24800 11 2.998862 24.929296 3.740758 47.186143 0.738112 52.669485 
24850 10 2.945447 29.848844 3.769819 42.898955 0.756415 96.939185 
24900 10 3.186939 33.045908 3.794414 45.805540 0.913765 67.628061 
24950 9 3.130679 37.464490 3.831247 46.019657 0.703546 41.174514 
25000 9 2.959932 36.337624 3.794322 43.140229 0.675622 42.797767 
25050 9 3.324815 33.530725 3.767094 45.977810 0.701296 60.441181 
25100 9 2.687591 38.600425 3.791925 45.765266 0.756972 91.540519 
25150 8 2.945258 37.637673 3.824609 46.630516 0.656197 43.587316 
25200 10 2.721670 38.520171 3.809690 39.629983 0.798594 83.133660 
25250 9 2.938479 29.837590 3.829369 45.178610 0.596718 58.345431 
25300 9 2.469804 29.562335 3.889912 45.474145 0.525778 58.245592 
25350 9 2.912855 26.374845 3.847102 44.118383 0.689043 54.226952 
25400 10 3.000419 33.087611 3.831685 41.306168 0.725637 82.014912 
25450 9 3.132994 32.788187 3.810384 48.146146 0.669890 78.245869 
25500 8 3.236159 33.858183 3.800440 45.874714 0.663672 32.934722 
25550 8 3.294537 26.533245 3.788739 49.416377 0.749478 82.694488 
25600 8 3.386304 27.092792 3.783067 45.063613 0.775319 70.479725 
25650 9 3.348197 24.225402 3.844208 40.426170 0.598851 68.130804 
25700 10 3.246420 24.534711 3.834148 46.545027 0.657647 50.333340 
25750 8 2.841195 24.558228 3.854817 46.242125 0.644263 69.179458 
25800 9 3.193579 31.875257 3.851402 44.535169 0.770182 47.147511 
25850 8 3.182967 33.493070 3.826622 44.996806 0.714288 46.932446 
25900 9 2.942195 31.056080 3.839280 46.605209 0.738686 64.329074 
25950 8 2.790269 31.118062 3.830680 43.880662 0.683413 42.903833 
26000 9 2.730288 34.941976 3.844566 46.364403 0.698913 71.121574 
26050 9 2.952406 32.216132 3.821649 47.269933 0.600973 50.858709 
26100 8 2.834465 28.797928 3.811802 49.436618 0.738474 58.137688 
26150 8 2.629304 28.804459 3.766627 49.207378 0.593496 52.820772 
26200 10 2.815628 36.460019 3.797329 49.033977 0.746870 35.134381 
26250 9 3.384754 27.915073 3.816672 46.032522 0.672547 36.054727 
26300 9 3.114191 20.804840 3.760245 45.232560 0.734701 30.786620 
26350 8 3.234201 24.574904 3.783746 45.998706 0.672665 69.057036 
26400 8 2.837862 24.765774 3.817624 46.490686 0.676255 56.882638 
26450 9 2.712139 23.954617 3.837363 45.755013 0.608697 45.360953 
26500 8 2.991418 23.562475 3.788318 45.322089 0.540306 46.448084 
26550 9 2.933704 23.112314 3.860398 43.657332 0.574526 41.947368 
26600 8 2.933143 24.990430 3.871728 44.403470 0.762174 58.886866 
26650 9 3.374528 30.953625 3.878247 42.853897 0.685460 77.190478 
26700 9 2.997690 31.593602 3.909509 45.768149 0.715976 60.076900 
26750 9 2.739852 30.889824 3.820095 51.322661 0.741363 47.379704 
26800 9 2.535216 29.260644 3.813042 47.874057 0.729373 82.461453 
26850 9 2.720052 29.001812 3.833520 48.472226 0.614794 50.561980 
26900 9 2.966296 25.089825 3.839145 48.741530 0.703259 81.290100 
26950 10 2.901773 31.139980 3.811474 43.792753 0.853045 129.024941 
27000 10 2.891108 33.817473 3.837491 43.504731 0.671549 60.312156 
27050 9 2.996805 24.469980 3.888353 46.019126 0.643420 51.101475 
27100 9 2.671597 31.596637 3.807668 43.768995 0.628537 86.052301 
27150 8 2.866558 25.076730 3.814409 47.727402 0.811598 69.423767 
27200 8 2.897544 27.919155 3.774053 50.382904 0.583094 63.420528 
27250 9 2.957772 30.855926 3.720086 50.325275 0.722963 78.540644 
27300 9 3.096737 25.794657 3.668613 47.180631 0.790604 45.700516 
27350 11 2.882937 32.897364 3.697596 48.876399 0.777611 49.760826 
27400 12 2.845906 37.092789 3.651337 48.185357 0.666692 73.069312 
27450 13 2.626733 29.866896 3.691997 47.460526 0.723211 68.009674 
27500 11 2.457818 29.608017 3.710221 45.617814 0.753733 91.357037 
27550 10 2.686454 36.058935 3.707999 47.173639 0.566037 59.545719 
27600 9 2.804168 30.097082 3.742299 50.910696 0.681104 36.868843 
27650 8 2.559507 28.659082 3.773820 47.407936 0.656881 77.099233 
27700 8 2.931155 32.650433 3.805810 46.753570 0.713034 45.771546 
27750 8 2.562672 34.437952 3.817869 47.616031 0.683564 60.132290 
27800 8 2.762987 29.445670 3.842113 47.050999 0.782775 42.773342 
27850 9 2.661986 39.531602 3.845487 46.892452 0.695751 49.742873 
27900 8 3.122074 34.263325 3.847355 46.791943 0.671331 40.092962 
27950 9 3.220157 28.037832 3.844659 45.807113 0.568601 65.012772 
28000 9 3.145389 31.571749 3.825747 46.535540 0.610630 44.029599 
28050 9 3.373323 38.382051 3.831036 46.854002 0.662857 80.101749 
28100 9 3.316439 44.911685 3.867147 45.183972 0.677363 45.042688 
28150 9 3.174417 43.300609 3.833755 46.945882 0.808857 48.588742 
28200 9 3.591463 39.251666 3.807387 45.049031 0.503332 33.243378 
28250 8 3.037716 38.095316 3.814912 46.263414 0.906499 35.904809 
28300 9 2.752881 37.701006 3.805327 45.030209 0.655305 50.075474 
28350 8 2.812146 36.418510 3.791625 45.506720 0.580637 56.602696 
28400 9 2.465845 31.673209 3.772003 44.777629 0.687657 50.080139 
28450 8 2.825574 36.955935 3.759255 44.619187 0.696703 39.502169 
28500 9 3.104408 31.808258 3.792050 44.451404 0.863118 51.105139 
28550 8 3.009195 40.012211 3.831768 44.622631 0.617570 26.270353 
28600 8 3.228330 41.039943 3.853043 44.287828 0.612341 64.411249 
28650 8 3.258560 41.557809 3.837615 45.473734 0.755095 52.155027 
28700 8 3.051285 41.688327 3.850836 44.930354 0.665777 67.601255 
28750 9 2.989331 40.476453 3.830933 44.416139 0.747595 32.725183 
28800 9 3.177240 34.710213 3.796875 45.332707 0.619932 37.643953 
28850 8 3.310970 30.439912 3.741107 45.418390 0.728098 35.801244 
28900 9 3.062807 30.341455 3.795867 43.309569 0.798662 45.229678 
28950 9 3.286890 33.427327 3.717437 44.909217 0.753283 112.415505 
29000 8 2.902933 29.987226 3.770523 44.765772 0.814939 50.495958 
29050 10 3.128192 29.929825 3.790533 46.681099 0.585388 60.012787 
29100 9 2.994823 32.685376 3.798320 45.891226 0.680963 30.371935 
29150 9 2.957807 30.969548 3.826999 45.658881 0.808645 42.400215 
29200 10 2.815152 30.646342 3.841785 46.792266 0.627593 20.038117 
29250 8 3.002147 29.598184 3.822971 46.880894 0.637166 39.408261 
29300 9 2.990939 23.801944 3.794619 47.181616 0.537172 37.446680 
29350 8 2.829559 26.030125 3.799191 44.186643 0.784382 61.424858 
29400 8 3.018493 30.756003 3.752125 43.884857 0.665220 62.748613 
29450 11 2.980043 30.894806 3.723812 48.251998 0.671560 40.983828 
29500 8 2.803058 26.129513 3.770884 44.525851 0.712160 36.066037 
29550 9 2.802139 29.642534 3.797356 46.151927 0.679017 44.246790 
29600 9 2.959610 28.548731 3.795584 47.828461 0.655776 41.875868 
29650 10 2.900917 27.045679 3.799912 45.599496 0.596585 46.711001 
29700 8 2.782125 18.498040 3.761805 52.831437 0.804606 86.243794 
29750 10 2.950970 21.412096 3.795592 45.623374 0.694061 59.596440 
29800 9 2.869360 26.215445 3.842970 48.328003 0.589221 67.539524 
29850 8 2.632154 24.896188 3.833632 42.641013 0.793237 67.092469 
29900 8 2.283992 18.838326 3.874155 45.582756 0.660845 57.447143 
29950 9 2.460078 26.488543 3.817872 49.560947 0.711559 80.829638 
30000 9 2.815914 23.515642 3.816104 45.397709 0.619082 48.035103 
30050 10 2.581173 25.079597 3.801868 47.684773 0.745548 53.406515 
30100 9 3.070154 23.404973 3.813154 45.635954 0.627589 53.188997 
30150 8 2.726133 20.260480 3.827486 46.832227 0.768633 52.252566 
30200 8 2.629891 25.322976 3.871027 45.156955 0.903142 86.612765 
30250 8 2.671976 22.807853 3.777325 51.234822 0.685024 84.319904 
30300 9 3.040258 21.370134 3.796144 49.389409 0.749719 73.518260 
30350 10 3.003858 21.414069 3.746566 44.342346 0.578929 50.281084 
30400 10 3.089795 26.355111 3.793005 42.524218 0.603384 69.360504 
30450 8 3.172190 24.712165 3.809716 48.680703 0.655973 55.602912 
30500 9 2.935522 23.343010 3.841258 43.935601 0.615853 62.130613 
30550 10 3.045444 26.908651 3.790472 41.570362 0.690933 49.737686 
30600 9 2.829554 26.258680 3.820213 45.831146 0.749047 27.594421 
30650 9 3.040024 23.156450 3.838549 47.658975 0.600450 26.170604 
30700 9 2.998008 27.306462 3.805965 48.771020 0.808945 74.171720 
30750 9 2.607509 23.034623 3.812463 47.096792 0.747127 63.079007 
30800 9 2.985186 20.940019 3.843845 47.901935 0.780511 35.840798 
30850 9 3.261563 26.475058 3.889069 47.642343 0.632056 74.741858 
30900 9 2.997170 27.065554 3.833766 48.039153 0.748128 31.225042 
30950 9 3.062078 31.911214 3.822391 47.699451 0.657329 26.815397 
31000 8 2.926893 33.240726 3.789445 45.132467 0.608838 45.916747 
31050 8 2.833912 33.941278 3.800865 47.280993 0.766350 36.167744 
31100 9 2.749617 31.366164 3.746848 49.645478 0.644918 40.270729 
31150 10 2.445425 24.155151 3.766387 47.862182 0.561297 63.718786 
31200 11 2.488309 25.767580 3.744860 48.943553 0.810280 43.986711 
31250 9 2.944033 28.845080 3.743129 50.645848 0.712470 49.262405 
31300 8 2.954486 34.457554 3.772501 49.785798 0.672734 70.647788 
31350 10 2.926301 37.906503 3.785149 48.733352 0.628714 67.062473 
31400 8 2.952674 24.383238 3.727880 48.545477 0.752207 52.075600 
31450 9 3.122591 25.422753 3.754824 49.225970 0.704759 66.641238 
31500 10 2.831783 20.520369 3.768460 49.615777 0.552148 71.390458 
31550 9 2.538829 27.745118 3.770396 51.604969 0.694469 75.862940 
31600 8 3.152779 28.682390 3.808675 47.153868 0.581013 75.120102 
31650 8 2.913087 22.380325 3.829963 46.486479 0.743368 42.777775 
31700 8 3.100582 24.507810 3.868228 48.339325 0.698785 40.654751 
31750 9 2.984479 23.048172 3.820099 48.753486 0.649819 68.075559 
31800 8 3.109612 22.671955 3.845811 43.475195 0.798635 40.693517 
31850 10 2.861120 29.537062 3.816241 41.038353 0.664866 79.244281 
31900 9 2.981481 30.543062 3.813602 48.574812 0.736683 43.630983 
31950 8 2.919077 29.303614 3.836932 47.122007 0.652694 71.172570 
32000 8 3.335695 26.841429 3.854584 44.453722 0.726441 68.377089 
32050 8 3.144130 27.439766 3.842158 38.435776 0.637128 48.221131 
32100 8 2.959580 29.325929 3.901919 42.437717 0.532573 42.603214 
32150 9 2.935239 31.202885 3.847848 43.767176 0.646668 96.011421 
32200 10 3.186413 27.154103 3.819946 47.655128 0.698625 48.188878 
32250 9 3.081800 29.511886 3.809061 47.583389 0.725854 64.480615 
32300 9 2.892127 18.768662 3.819754 48.193893 0.542038 44.693987 
32350 9 2.791149 27.772871 3.850462 45.156012 0.630388 61.310354 
32400 9 2.348091 26.165048 3.803985 47.934234 0.592508 67.396645 
32450 10 2.677915 23.015320 3.807660 49.081294 0.687406 88.507031 
32500 9 3.178932 22.610943 3.761923 46.188132 0.663605 98.129828 
32550 8 3.160512 25.297399 3.756749 46.437497 0.589183 42.437788 
32600 9 3.120644 31.580732 3.798385 46.901365 0.581188 37.882240 
32650 8 2.778463 29.057786 3.796043 45.702227 0.663361 24.682486 
32700 9 2.879533 26.534659 3.797193 48.092411 0.692695 50.049736 
32750 8 3.035894 31.002427 3.779637 44.046844 0.755572 60.087782 
32800 9 2.853889 26.817228 3.798366 47.727193 0.594652 31.375672 
32850 8 2.528861 33.988297 3.804670 47.684854 0.771680 74.018009 
32900 8 2.804074 24.368444 3.835556 46.181832 0.699407 102.096162 
32950 10 2.752581 26.823920 3.804547 49.483805 0.803840 70.505603 
33000 9 2.830862 30.635403 3.791907 47.743547 0.794153 96.847644 
33050 9 2.990058 29.493480 3.780535 47.226174 0.651794 56.127160 
33100 8 2.959231 25.411938 3.790803 41.644598 0.714461 55.173174 
33150 9 3.239999 24.405217 3.776971 44.332904 0.568055 36.118986 
33200 9 2.870912 21.036904 3.740940 49.352634 0.535118 43.742218 
33250 8 2.991427 22.699035 3.807260 42.136110 0.550261 61.022644 
33300 8 3.314163 28.396559 3.820718 41.868670 0.720554 42.569594 
33350 10 3.059822 33.192817 3.747259 42.198949 0.749921 61.489327 
33400 9 2.742931 28.295545 3.808842 45.809388 0.662161 93.771708 
33450 8 2.745054 31.287850 3.783419 50.451417 0.626249 70.381554 
33500 8 2.840333 32.599045 3.789034 46.010152 0.599205 53.620235 
33550 8 2.792266 29.000804 3.814226 46.626629 0.845999 43.665674 
33600 8 3.093386 27.623975 3.888271 40.882855 0.580058 65.437528 
33650 8 2.900040 26.800279 3.828238 47.221160 0.662515 83.233237 
33700 9 3.118346 33.077750 3.816140 44.691361 0.734577 47.989660 
33750 8 3.091503 31.582241 3.805762 46.948114 0.709659 83.936918 
33800 10 2.818802 29.935957 3.799146 45.101434 0.674695 29.564575 
33850 8 2.652405 32.469762 3.814283 44.959831 0.736476 36.262756 
33900 8 2.655027 29.403067 3.824194 50.132586 0.585864 43.376554 
33950 9 2.776941 29.612918 3.803395 47.885323 0.777363 46.729401 
34000 8 2.897470 30.565863 3.805403 46.731750 0.686118 68.516702 
34050 9 2.923683 32.852465 3.797078 49.445495 0.650788 75.616389 
34100 8 2.509887 33.503184 3.796991 46.383618 0.765466 74.948847 
34150 9 2.835482 31.011803 3.751909 48.817906 0.748210 49.836017 
34200 9 2.875024 33.048270 3.762892 47.645575 0.722162 26.588256 
34250 8 2.640678 27.894100 3.758590 52.952436 0.623540 20.772995 
34300 8 2.733822 26.198135 3.744203 46.566915 0.803792 63.799576 
34350 9 2.731938 29.911640 3.738943 50.659632 0.654909 76.797764 
34400 10 2.846298 26.043846 3.779249 46.970030 0.847034 69.045578 
34450 10 2.677315 25.720552 3.758806 48.647567 0.743199 66.350715 
34500 9 2.539264 24.635893 3.741354 47.935531 0.594159 61.020941 
34550 9 3.006678 22.677165 3.751180 45.780842 0.738226 64.829026 
34600 10 2.461703 29.714204 3.727412 47.990501 0.643424 135.435859 
34650 9 3.053588 22.564570 3.735395 48.963328 0.613378 64.477069 
34700 9 2.971897 26.147435 3.741351 48.205110 0.607604 43.847739 
34750 9 2.987840 19.450836 3.753215 49.775976 0.785175 64.672610 
34800 9 2.834321 24.509265 3.747108 48.015206 0.657862 67.863424 
34850 9 2.764228 23.621052 3.789004 47.060271 0.630805 63.279917 
34900 10 2.784910 19.618584 3.847817 42.634373 0.753365 65.802824 
34950 8 2.681482 19.721753 3.855907 42.059696 0.729024 54.438624 
35000 8 2.935803 17.872087 3.827619 46.156682 0.719504 61.886991 
35050 8 2.815565 22.444735 3.786466 48.313115 0.632739 66.802697 
35100 8 2.719541 31.096851 3.806233 48.972021 0.712764 39.026476 
35150 10 3.111772 25.964738 3.769236 46.144372 0.631605 38.042157 
35200 10 2.770006 26.298076 3.774272 46.943090 0.808191 54.779816 
35250 9 3.027797 24.877281 3.814277 47.125051 0.832735 43.527314 
35300 10 3.113419 29.091339 3.779169 46.360369 0.748864 39.810242 
35350 9 2.774994 27.773983 3.742676 45.479930 0.625628 98.210025 
35400 9 3.038889 28.420681 3.788810 45.385520 0.663423 111.634859 
35450 10 2.776527 27.694324 3.814163 47.550544 0.679516 39.990986 
35500 9 2.901514 24.757491 3.773442 45.578208 0.718940 49.147745 
35550 9 2.960899 28.426143 3.815345 46.300219 0.741531 47.307457 
35600 8 3.031225 32.161700 3.812637 46.440689 0.629025 36.347700 
35650 9 2.713194 31.287479 3.803405 47.563494 0.641241 55.734269 
35700 9 2.869840 26.281003 3.797288 45.456462 0.612876 46.191592 
35750 8 3.088628 25.319961 3.826428 46.132959 0.546029 36.746473 
35800 9 2.963920 24.131285 3.818566 46.520009 0.697927 40.196890 
35850 9 3.111760 26.208272 3.810717 45.609567 0.564045 51.329784 
35900 8 3.427044 26.876376 3.810207 46.365201 0.689060 78.985035 
35950 9 2.854109 32.590853 3.823109 46.896044 0.618867 35.275496 
36000 8 2.565106 26.528312 3.817471 45.984150 0.592205 46.282760 
36050 9 3.058725 24.713026 3.847479 48.405354 0.612382 40.914956 
36100 8 3.175158 33.315999 3.827888 47.994796 0.692868 42.813886 
36150 8 3.009410 31.662040 3.820933 46.059688 0.893963 74.376825 
36200 8 2.777859 29.974872 3.840509 46.897784 0.700347 52.518902 
36250 8 3.019306 26.386082 3.838970 44.537820 0.664703 58.801030 
36300 9 2.714004 31.655445 3.812484 47.133833 0.801505 41.641199 
36350 8 2.494185 29.481852 3.801538 45.718203 0.828884 48.112160 
36400 8 2.900898 27.210276 3.753988 46.883579 0.650287 34.233356 
36450 9 2.977070 31.911569 3.745035 47.033322 0.754594 74.185951 
36500 9 2.998541 29.534761 3.797012 48.009194 0.633923 58.493738 
36550 9 3.147337 33.108835 3.795689 43.971671 0.690519 51.287328 
36600 8 2.903126 28.871874 3.770832 49.377765 0.630293 60.824257 
36650 8 2.989548 28.090871 3.838203 46.258731 0.809648 76.826952 
36700 8 2.885979 27.525244 3.860654 45.729943 0.866086 46.901334 
36750 9 2.791535 25.886120 3.831865 48.475002 0.593143 73.439740 
36800 8 2.679315 30.158371 3.844178 44.958362 0.726076 53.756842 
36850 9 2.410510 27.332482 3.812118 48.800018 0.715270 113.032587 
36900 9 2.411281 32.905638 3.799266 43.566747 0.692404 86.110497 
36950 10 2.487327 31.894583 3.789515 46.076994 0.750793 43.327589 
37000 10 2.682976 29.375938 3.774886 45.613695 0.669726 35.098714 
37050 8 2.488044 27.469621 3.794635 46.428842 0.533670 56.608008 
37100 11 2.347514 28.784958 3.799332 50.067491 0.605973 36.610802 
37150 10 2.150642 31.070830 3.757764 49.489197 0.769729 30.750660 
37200 11 2.204854 37.954065 3.741236 48.176859 0.570240 37.221428 
37250 9 2.634090 34.454880 3.737362 47.809259 0.683470 67.049493 
37300 8 2.790326 45.521501 3.762411 47.609065 0.721825 66.989822 
37350 9 3.040586 39.938978 3.784331 45.489266 0.777210 94.291172 
37400 9 2.912810 38.563434 3.799236 47.915270 0.633282 37.452520 
37450 8 3.034855 34.773087 3.774733 47.021873 0.735185 65.792168 
37500 8 2.546060 33.755489 3.775215 45.476661 0.536870 86.641226 
37550 9 2.813622 41.785571 3.767817 44.172745 0.789071 71.936712 
37600 9 2.948179 35.064397 3.763334 51.724553 0.520457 67.735484 
37650 9 2.835530 44.272170 3.727250 47.056658 0.653167 79.350829 
37700 8 2.468407 37.114126 3.807471 46.956735 0.730699 58.630362 
37750 8 2.899919 39.667929 3.791067 49.970330 0.790812 85.593957 
37800 8 2.496837 37.790663 3.780809 50.858023 0.587453 75.771118 
37850 8 2.490553 39.001830 3.799616 45.149078 0.634628 92.097547 
37900 9 2.010850 30.900700 3.808084 51.293891 0.730589 46.723495 
37950 9 2.365515 31.642139 3.811827 47.344705 0.696373 78.619670 
38000 9 2.572118 34.426581 3.804934 48.385329 0.643869 45.114357 
38050 9 2.499269 38.381917 3.823015 48.596050 0.689650 37.585814 
38100 9 2.538141 39.950676 3.812367 52.694466 0.684358 40.538512 
38150 9 2.263630 34.918933 3.826945 42.769980 0.712889 43.362055 
38200 9 2.215946 33.892985 3.823031 44.096594 0.774141 50.158671 
38250 8 1.931698 34.314843 3.850445 47.330103 0.777239 55.061341 
38300 9 2.063890 33.764051 3.852312 46.191409 0.689473 64.214863 
38350 8 2.668738 36.134664 3.832941 49.351932 0.654006 47.153005 
38400 9 2.907900 31.518454 3.841235 45.548914 0.633502 50.004949 
38450 8 3.171255 28.074162 3.830130 45.378553 0.626276 63.327187 
38500 9 2.675583 26.981117 3.845931 46.663279 0.569015 54.241272 
38550 10 2.917717 29.794396 3.838245 45.492708 0.760627 43.953880 
38600 9 3.001884 36.690260 3.836027 46.730852 0.607480 36.791485 
38650 9 2.927822 37.184636 3.836494 45.097668 0.578806 62.088427 
38700 9 2.850375 29.957933 3.794589 49.587555 0.692767 90.957230 
38750 9 2.639571 26.554972 3.859184 44.941139 0.698726 32.801253 
38800 9 2.957603 21.843300 3.852830 47.509244 0.768435 54.265734 
38850 10 2.866167 26.119327 3.909847 45.332168 0.607313 64.437560 
38900 9 3.033002 25.849239 3.889604 41.755083 0.592884 66.827842 
38950 8 3.106792 21.062328 3.874549 43.039963 0.603571 75.016522 
39000 9 3.268552 24.260996 3.826276 44.223038 0.680231 65.245296 
39050 8 3.168342 27.895419 3.825479 49.467110 0.866893 93.572828 
39100 9 2.745445 29.589989 3.885345 47.602349 0.767620 77.160591 
39150 8 2.496134 30.537502 3.810910 45.094725 0.625997 55.689709 
39200 9 2.819562 29.433277 3.771153 46.765604 0.705651 71.888526 
39250 8 2.790673 25.771790 3.734422 50.515834 0.787844 90.968536 
39300 8 2.895553 23.224632 3.747182 47.968214 0.686515 67.640173 
39350 8 2.849733 25.650094 3.763060 49.148230 0.723161 54.952332 
39400 9 2.872443 25.398714 3.753471 50.058221 0.734586 78.644491 
39450 9 2.821300 32.114299 3.785593 50.152687 0.627655 56.920604 
39500 10 2.716499 25.437189 3.766995 46.197258 0.766792 61.506786 
39550 8 2.433752 30.462178 3.751809 50.170852 0.555569 73.237699 
39600 9 2.957178 28.293392 3.779562 47.985973 0.505811 71.891948 
39650 8 3.051338 32.269418 3.801723 42.126448 0.638020 30.637106 
39700 8 3.546935 28.534479 3.774131 46.583493 0.698390 78.553617 
39750 9 2.976172 31.570933 3.734389 44.300086 0.646097 62.957862 
39800 9 2.834706 36.438421 3.807927 42.925027 0.718683 41.614392 
39850 9 2.875566 29.142363 3.798710 45.597090 0.728957 72.135631 
39900 8 2.569775 32.181791 3.837467 48.841576 0.768780 87.072621 
39950 8 2.860321 29.963863 3.815635 45.395760 0.594777 45.295678 
40000 9 2.978852 29.385580 3.817795 43.331268 0.618890 61.723107 
40050 10 2.606655 30.558143 3.812565 43.533237 0.753366 40.381896 
40100 8 2.469437 27.722105 3.746045 49.800978 0.518188 57.745995 
40150 11 2.595699 28.629374 3.698330 46.631986 0.699863 30.895265 
40200 11 2.850701 27.471909 3.703361 45.680956 0.759683 21.583382 
40250 9 3.054960 32.326545 3.697317 46.320366 0.824275 49.908459 
40300 11 3.033461 28.796824 3.684304 45.491785 0.644343 42.542899 
40350 10 3.183335 29.344107 3.677628 44.880546 0.567453 33.528003 
40400 9 2.862983 32.790772 3.785833 45.210412 0.617151 29.138627 
40450 9 2.828482 33.383438 3.790273 43.829466 0.655184 38.611097 
40500 8 2.699198 32.095725 3.791929 49.327119 0.615422 52.106121 
40550 8 2.983218 34.266415 3.844868 37.793858 0.681532 66.516632 
40600 9 2.866029 34.654882 3.796531 51.697058 0.719517 53.829552 
40650 8 2.909467 33.261238 3.845623 43.822580 0.849167 102.980924 
40700 8 2.792565 31.197613 3.808687 46.683339 0.727731 69.595340 
40750 10 2.798232 30.291553 3.814128 43.346850 0.682117 54.644347 
40800 10 2.773051 32.019108 3.809331 41.043009 0.621844 56.218402 
40850 8 2.864749 31.401336 3.790015 48.917447 0.685238 48.903249 
40900 8 2.874234 31.960632 3.800596 47.026782 0.567553 48.159552 
40950 9 3.044283 30.479547 3.842956 40.804419 0.581669 57.871659 
41000 8 3.113150 32.192209 3.852414 47.420905 0.723523 55.751628 
41050 9 3.067861 30.116398 3.878836 45.545712 0.836270 84.652045 
41100 9 2.827518 31.653482 3.889853 43.985333 0.635002 61.616220 
41150 8 2.761304 30.573614 3.882506 45.175157 0.633995 43.589959 
41200 8 3.096710 30.223847 3.906818 40.625414 0.688926 41.414690 
41250 8 2.886376 30.942446 3.892116 39.467411 0.727268 60.076177 
41300 8 2.758790 29.585973 3.837993 45.166124 0.639660 52.351714 
41350 9 2.710512 31.303931 3.812486 46.539882 0.598604 60.804014 
41400 10 3.031489 29.307763 3.797679 45.566250 0.648944 38.591709 
41450 8 3.059217 31.682189 3.765595 47.702230 0.689210 58.710298 
41500 8 3.053099 27.243775 3.758014 48.007240 0.685333 98.888904 
41550 9 2.725425 29.330339 3.790587 44.539507 0.770561 53.222169 
41600 10 2.690049 32.140621 3.808608 45.740211 0.785434 55.459519 
41650 9 2.747878 27.330156 3.812967 49.557747 0.664098 30.513373 
41700 9 3.383794 29.375202 3.750748 46.281642 0.834481 39.576096 
41750 8 2.970893 34.062540 3.827550 46.602210 0.899402 66.681904 
41800 8 3.328994 33.715642 3.837724 47.384529 0.747278 42.583116 
41850 8 3.573783 31.370751 3.829505 46.744521 0.688545 39.467680 
41900 9 3.144178 34.428100 3.877824 43.090898 0.601791 39.363588 
41950 9 3.550016 35.405384 3.883498 47.149809 0.543155 35.421545 
42000 9 3.019703 32.601659 3.808373 47.628209 0.539312 73.571552 
42050 9 2.590112 31.539739 3.822338 49.991483 0.620562 56.989996 
42100 8 2.901419 34.346314 3.782785 49.662110 0.655322 88.316778 
42150 9 3.061925 32.332469 3.773378 47.928153 0.754954 52.364958 
42200 8 3.261164 30.302961 3.798905 46.837709 0.677497 37.049463 
42250 10 3.367172 30.764483 3.771649 45.651895 0.643343 52.867577 
42300 9 3.329457 31.766429 3.782709 47.249018 0.650153 63.075531 
42350 9 3.012543 33.269224 3.752558 47.362103 0.656431 86.555207 
42400 9 2.931360 33.152128 3.722852 47.282598 0.560303 46.895741 
42450 9 2.962523 33.682258 3.741387 42.962224 0.761934 44.624834 
42500 9 3.257826 30.905508 3.790523 42.730701 0.578257 51.890069 
42550 8 3.004975 30.436865 3.836435 38.743983 0.726545 45.869318 
42600 8 2.973395 33.935170 3.817954 47.390851 0.826596 45.645826 
42650 9 3.058216 38.691875 3.870850 44.493430 0.711709 57.351305 
42700 9 2.940876 38.434608 3.812948 44.184367 0.713819 54.935776 
42750 9 3.077926 37.773609 3.789736 46.092523 0.821508 61.686514 
42800 8 3.040616 37.861838 3.797933 42.168399 0.598637 103.957392 
42850 9 2.820894 34.221055 3.818789 44.824317 0.775391 52.338649 
42900 10 2.821982 35.684564 3.820463 49.079260 0.721629 82.683966 
42950 8 2.708368 30.698128 3.815262 46.019582 0.686467 43.252307 
43000 9 2.629772 29.178623 3.777070 46.243328 0.752052 73.433509 
43050 9 2.670224 30.506365 3.808101 47.435965 0.826519 74.303409 
43100 9 3.190847 28.751792 3.787786 48.919335 0.709658 84.418701 
43150 8 2.791756 29.204122 3.858646 44.654019 0.718532 43.591735 
43200 8 2.854274 30.438590 3.806450 44.021644 0.804783 35.577116 
43250 8 2.917005 26.557565 3.826634 46.022999 0.729187 63.983705 
43300 9 2.636028 32.762930 3.795548 46.915983 0.687114 101.595413 
43350 9 2.729437 26.398553 3.813590 47.547198 0.674403 52.381932 
43400 8 2.779428 31.394050 3.808468 45.616766 0.557364 47.221592 
43450 8 2.857308 33.588996 3.770051 48.725640 0.717645 55.700818 
43500 9 3.134474 29.050804 3.779443 43.670701 0.714004 61.497435 
43550 9 3.005705 24.609558 3.766197 47.866957 0.833805 60.336064 
43600 8 2.854223 30.897985 3.757940 50.656355 0.642119 71.993341 
43650 9 2.987724 25.733209 3.760327 49.555405 0.717398 45.982514 
43700 8 3.080724 29.121354 3.768946 45.800205 0.679842 49.964912 
43750 9 3.134645 28.479110 3.803556 45.346408 0.719016 65.216187 
43800 9 3.025373 32.306689 3.774872 49.061162 0.765962 53.794933 
43850 10 3.013505 31.230311 3.773986 49.300835 0.793050 59.318591 
43900 8 3.209699 33.112013 3.746744 49.625846 0.549992 72.671478 
43950 8 2.993675 34.851632 3.722912 50.594407 0.695599 39.606325 
44000 10 3.311221 35.610886 3.705532 46.462921 0.745340 41.737119 
44050 8 3.209116 32.513848 3.755546 49.928842 0.590814 34.741429 
44100 9 3.145907 26.668617 3.695384 50.648008 0.794437 33.395615 
44150 10 3.365578 32.576749 3.726481 45.802478 0.785176 42.584493 
44200 9 3.008292 28.212773 3.755141 48.064133 0.581848 34.289618 
44250 9 3.144182 28.455031 3.743457 45.048414 0.723486 20.961844 
44300 9 3.030815 30.000254 3.785045 46.664986 0.754897 30.538943 
44350 8 2.697892 23.700757 3.816557 49.741777 0.669526 40.816317 
44400 8 3.135514 25.057040 3.821448 49.120430 0.609045 61.847496 
44450 8 3.009611 38.528035 3.795898 44.463104 0.658895 91.622785 
44500 8 3.145511 31.564638 3.852336 46.777678 0.673838 111.758609 
44550 9 3.008965 33.647404 3.837413 40.552048 0.620767 61.186801 
44600 10 2.947031 35.318644 3.800811 48.083117 0.693884 28.026509 
44650 9 3.030854 29.469933 3.783473 49.913012 0.674144 29.132757 
44700 8 3.043635 30.048753 3.821407 47.383748 0.654994 34.815050 
44750 9 2.886939 28.809155 3.823177 48.986152 0.756581 28.278169 
44800 9 2.671233 26.193456 3.805474 45.140846 0.624924 32.665068 
44850 10 2.994269 27.863146 3.735740 50.085755 0.537080 30.582590 
44900 9 2.959657 29.229973 3.778536 44.931071 0.745110 34.793281 
44950 9 3.053901 29.956873 3.762430 45.760741 0.669077 48.793388 
45000 9 3.197148 25.218476 3.786281 44.225545 0.744561 21.445535 
45050 8 3.211444 28.512889 3.814498 42.274920 0.663239 28.162808 
45100 9 3.377952 29.188028 3.772660 48.453452 0.582522 24.786950 
45150 9 2.789564 29.579733 3.808839 47.710481 0.829223 38.554986 
45200 8 2.590147 31.278294 3.841039 50.228555 0.657070 38.565175 
45250 8 3.302912 31.559945 3.808020 40.935683 0.656014 36.411894 
45300 9 2.504733 34.758015 3.785768 47.148337 0.652553 56.313036 
45350 9 2.563487 28.644615 3.830249 48.724145 0.661842 77.193613 
45400 9 2.318998 30.841751 3.869212 48.044864 0.794154 61.535833 
45450 9 2.113908 25.733764 3.829868 45.293523 0.684115 96.918676 
45500 8 2.358472 32.225572 3.806911 50.409029 0.611937 52.285770 
45550 8 2.572759 28.056066 3.787140 51.971850 0.619799 68.661180 
45600 8 2.148875 26.418408 3.828099 51.368555 0.658276 70.500651 
45650 8 2.478492 28.493571 3.850729 48.548313 0.652852 48.445455 
45700 9 2.426329 35.855338 3.839468 50.584867 0.652795 61.707838 
45750 9 2.330512 32.483019 3.850149 47.753318 0.725168 67.947370 
45800 9 2.168947 25.644416 3.861981 47.772611 0.665760 34.512781 
45850 10 2.281096 25.864763 3.813395 43.146780 0.732076 43.140212 
45900 12 2.255518 29.264124 3.774920 48.539906 0.787371 35.033942 
45950 10 2.270180 25.601119 3.785745 46.037540 0.832102 60.356106 
46000 11 2.309825 27.767011 3.770964 46.268169 0.575492 44.260679 
46050 9 2.127206 28.736977 3.816664 48.303454 1.026988 60.104256 
46100 8 2.332320 29.233996 3.848909 46.542070 0.729445 61.623679 
46150 8 2.808459 23.551342 3.876936 42.648701 0.625711 83.388489 
46200 9 2.379823 30.079040 3.872359 43.274501 0.635182 36.310934 
46250 9 2.582625 30.619864 3.897806 40.409999 0.732921 53.237229 
46300 9 3.010817 24.999750 3.892043 42.898761 0.601678 70.455033 
46350 9 2.666562 24.760258 3.900919 44.358548 0.608126 45.656480 
46400 9 2.757299 24.209642 3.922275 38.171221 0.790870 79.324291 
46450 10 2.627308 22.967657 3.879255 38.641024 0.715715 87.228458 
46500 9 2.691405 29.058299 3.815893 48.906339 0.810796 70.631820 
46550 8 2.699775 28.571277 3.790401 46.289132 0.769088 61.114121 
46600 10 2.754413 22.653905 3.790664 42.117922 0.598105 37.054125 
46650 8 2.728709 28.078077 3.827176 42.680087 0.823211 33.862413 
46700 9 2.774275 29.846399 3.842065 42.148614 0.802736 38.509461 
46750 9 3.113358 28.945992 3.780064 47.663154 0.650981 59.568621 
46800 8 3.054545 23.699018 3.793420 46.169278 0.532051 51.398074 
46850 8 3.085744 22.543016 3.790032 47.232246 0.647185 47.422808 
46900 9 3.014446 27.107930 3.766574 46.407062 0.839216 38.025551 
46950 9 2.845555 30.611492 3.772783 42.945838 0.605502 47.014240 
47000 10 2.749487 29.622124 3.792519 37.713801 0.846186 64.025319 
47050 10 2.922742 27.421338 3.797360 46.019222 0.599134 66.225394 
47100 11 2.925944 24.330538 3.748742 47.089068 0.880851 84.735146 
47150 9 3.035482 37.869000 3.754483 44.894452 0.660885 125.149694 
47200 8 3.315925 38.546802 3.746002 46.414790 0.613351 56.357767 
47250 8 3.107434 38.440939 3.733749 44.871164 0.806080 67.496282 
47300 9 3.080825 33.599121 3.781867 44.204089 0.611533 54.846338 
47350 9 3.249307 35.285100 3.775529 43.085264 0.737579 28.813627 
47400 9 3.067151 37.419806 3.776747 45.371576 0.716001 37.353639 
47450 9 3.011443 33.489076 3.788807 40.882471 0.756003 20.739932 
47500 9 3.164416 33.266425 3.745485 53.135440 0.813082 26.106099 
47550 9 3.028027 36.921219 3.743762 48.042780 0.771732 63.110550 
47600 9 2.776316 37.821202 3.756537 44.685071 0.536244 68.107760 
47650 10 3.043903 40.041100 3.805248 43.952499 0.658145 59.161410 
47700 9 2.806610 28.291932 3.845438 41.307743 0.652909 39.517122 
47750 9 3.014950 35.569854 3.883580 41.103065 0.654883 50.839102 
47800 8 2.854626 36.319038 3.854926 41.626230 0.611865 60.977761 
47850 8 2.424432 30.068178 3.887285 38.937098 0.661750 53.734181 
47900 10 2.367139 28.688522 3.822642 47.374997 0.679289 50.870334 
47950 9 2.388934 26.894288 3.796885 43.891980 0.644850 68.434690 
48000 9 2.601621 25.173692 3.805220 44.573397 0.542723 48.153116 
48050 9 2.618139 21.836735 3.810864 46.491542 0.646511 66.317784 
48100 8 2.494551 23.120569 3.814075 44.180206 0.661348 49.526472 
48150 8 2.954053 23.987477 3.850990 43.214506 0.709555 72.290733 
48200 9 2.823798 23.296907 3.866566 43.328512 0.568625 84.407174 
48250 8 2.983846 22.751854 3.861131 46.208754 0.821509 46.288532 
48300 9 3.065428 32.592396 3.861305 42.846723 0.702488 70.895973 
48350 9 2.516860 27.189111 3.914554 44.268610 0.717633 52.065432 
48400 9 2.437480 27.486469 3.873392 37.963105 0.813169 57.499466 
48450 10 2.207959 27.246341 3.851889 43.031381 0.710770 77.077962 
48500 9 2.592131 26.827571 3.853166 44.734494 0.749737 62.339495 
48550 10 2.919399 30.216046 3.862846 44.111413 0.701446 106.009127 
48600 10 2.875591 27.660414 3.853362 46.024054 0.765689 47.221089 
48650 11 2.148861 29.866361 3.894207 45.527323 0.583467 51.772163 
48700 9 2.703885 25.586659 3.886721 46.498540 0.548571 55.936837 
48750 10 2.503551 26.004604 3.863125 47.429552 0.741640 57.363990 
48800 8 2.435617 29.496421 3.852250 44.968421 0.618285 57.628689 
48850 9 2.909830 29.473135 3.818645 45.913422 0.683760 45.232494 
48900 10 2.408502 32.403265 3.780531 44.514709 0.748720 34.924008 
48950 9 2.785876 29.658207 3.812798 47.521959 0.653173 57.729913 
49000 9 3.032178 30.589339 3.837665 44.874108 0.671306 58.520342 
49050 8 2.530145 25.560968 3.822725 43.972494 0.666513 79.445809 
49100 9 2.528094 31.055219 3.840137 45.028560 0.643500 84.263632 
49150 8 2.257271 34.443495 3.815860 44.955493 0.685842 57.854149 
49200 8 2.321458 34.321921 3.831710 46.390757 0.634736 54.164769 
49250 9 2.507567 31.120075 3.855316 43.696765 0.673059 95.263461 
49300 9 2.974342 30.668649 3.849710 38.135478 1.022396 87.227147 
49350 9 2.744371 25.028085 3.802521 44.956293 0.783349 87.916350 
49400 8 3.065242 23.571885 3.786805 47.974265 0.731979 82.175866 
49450 8 2.765130 28.962840 3.798310 46.038871 0.640070 56.748974 
49500 8 2.855244 29.970119 3.795613 43.598403 0.773209 55.115708 
49550 9 3.040653 31.579826 3.797617 46.723938 0.767932 80.717537 
49600 11 2.879022 34.486486 3.807652 41.231112 0.607121 81.032013 
49650 9 2.636335 30.855892 3.794558 46.102697 0.764452 78.709021 
49700 8 2.883974 26.016656 3.827623 44.542035 0.816696 27.202953 
49750 9 2.919179 28.486679 3.850799 45.310488 0.748008 51.921375 
49800 9 2.912628 30.484022 3.833003 41.043814 0.790014 31.946366 
49850 8 3.005579 25.539365 3.803037 44.708174 0.747126 80.748243 
49900 9 3.129786 29.850381 3.796873 47.372877 0.713777 54.359110 
49950 9 3.132520 26.458631 3.773828 42.817887 0.628077 75.652167 
