0 4 2.810000 25.191837 4.200000 20.000000
50 6 2.579011 25.820366 4.240174 61.191476
100 8 2.550586 25.982217 4.216359 60.402725
150 6 2.621147 25.838416 4.191936 53.573882
200 6 2.459445 26.061051 4.180061 62.249175
250 7 2.182722 25.945204 4.174786 57.925741
300 8 2.326466 25.851235 4.209990 58.453521
350 6 2.641740 25.874278 4.202229 58.053696
400 8 2.660853 26.087317 4.195857 58.295397
450 8 2.814148 25.895693 4.206282 50.132792
500 7 3.049617 25.750730 4.131580 53.635081
550 7 2.799360 25.326493 4.344552 43.712799
600 7 2.211313 25.276807 4.324041 60.485110
650 7 2.496166 25.631447 4.335567 58.864897
700 7 2.596099 26.753826 4.418905 48.322718
750 8 2.286584 26.261268 4.304272 50.550308
800 9 2.483589 25.383339 4.309417 46.936184
850 7 2.592579 24.557040 4.387910 42.588918
900 7 2.423616 24.774795 4.320482 55.295316
950 7 2.567435 21.750166 4.350841 40.669551
1000 7 2.868420 24.309268 4.396514 47.872561
1050 8 2.795636 24.473592 4.325538 46.044135
1100 7 2.721211 25.405128 4.404122 42.723460
1150 9 2.548252 26.415549 4.259463 44.742107
1200 8 2.581683 25.751696 4.294517 45.720515
1250 6 2.528945 25.287590 4.357701 53.665226
1300 6 2.476721 25.913296 4.522535 46.304493
1350 6 2.468311 27.259151 4.462363 48.407272
1400 8 2.630498 30.013744 4.478744 47.108340
1450 7 2.647928 31.223288 4.428528 47.619154
1500 8 2.587367 31.482980 4.341444 46.208233
1550 8 2.729789 30.322767 4.351365 45.499337
1600 7 2.681105 30.093626 4.302046 48.340374
1650 9 2.746702 30.531433 4.183434 47.914339
1700 7 2.862070 27.120210 4.193840 46.092563
1750 9 2.645774 28.495802 4.247427 49.720848
1800 7 2.931911 27.197794 4.263261 49.454457
1850 6 2.965719 22.803962 4.202155 47.300899
1900 7 2.862656 27.592616 4.190550 47.928509
1950 7 2.852703 29.480401 4.205914 47.955257
2000 7 2.949909 24.813010 4.161334 53.407184
2050 6 3.093138 22.770348 4.107267 52.772277
2100 7 2.936286 19.131575 4.231091 48.475325
2150 7 2.749980 25.862483 4.290083 45.235756
2200 6 2.784936 29.088303 4.219921 45.696283
2250 7 2.570446 32.065866 4.147744 47.511313
2300 6 3.074129 23.615218 4.273521 45.988107
2350 7 3.059020 22.680272 4.227312 49.361061
2400 8 3.228283 21.673014 4.294853 44.119050
2450 7 3.157493 28.566729 4.245746 49.102700
2500 7 3.188981 32.967529 4.333971 51.885849
2550 7 3.482733 31.162786 4.166419 41.415943
2600 9 2.677830 32.279308 4.331358 47.308490
2650 7 2.234620 31.922359 4.340581 59.570750
2700 9 2.399162 33.205210 4.395226 38.984446
2750 11 2.308756 34.179970 4.415956 51.974813
2800 8 2.228184 32.966179 4.456323 43.258609
2850 6 2.292796 31.010898 4.472678 45.306778
2900 6 2.402975 31.604712 4.526117 51.775094
2950 8 2.101103 33.341105 4.494190 51.462931
3000 9 2.384413 32.449558 4.446735 49.288705
3050 6 2.779565 33.044921 4.426257 58.272542
3100 5 2.668516 32.847365 4.285786 56.431606
3150 8 2.435195 33.108395 4.325016 43.927862
3200 9 2.427549 31.902566 4.423833 39.841338
3250 8 2.536880 33.127203 4.242302 49.256673
3300 8 2.806064 32.403908 4.393590 39.133824
3350 7 3.112175 32.129950 4.327232 38.213365
3400 7 3.028611 32.379468 4.352608 46.964717
3450 6 3.053319 33.130150 4.440895 45.323330
3500 8 2.835685 32.103607 4.428846 44.608979
3550 8 2.820439 32.565154 4.417999 43.962956
3600 9 2.706570 32.948497 4.409999 44.111225
3650 9 2.470136 32.823715 4.396464 44.616253
3700 8 2.502501 33.540879 4.485082 46.865277
3750 7 2.865061 33.091986 4.456761 44.219737
3800 7 2.728012 33.910637 4.336684 44.124118
3850 6 2.593111 33.033318 4.488830 42.639122
3900 8 2.605597 32.925951 4.470458 45.984209
3950 6 2.641875 33.769882 4.533353 46.054366
4000 8 2.520300 34.085165 4.553816 29.988092
4050 7 2.257304 33.051433 4.442026 42.601112
4100 8 2.218709 34.694493 4.513964 43.947241
4150 7 2.346806 33.973520 4.630389 38.033274
4200 8 2.243692 35.561002 4.663855 37.911447
4250 8 2.014499 31.633998 4.471016 48.098541
4300 8 2.210853 33.579514 4.565043 45.617273
4350 7 2.336418 34.894813 4.529338 44.382452
4400 9 2.638887 28.532115 4.426146 44.642840
4450 7 2.793558 27.127327 4.357465 45.836185
4500 7 2.781684 28.875731 4.295961 45.648451
4550 6 2.612358 32.684694 4.259116 45.968618
4600 7 2.629909 31.260819 4.222297 45.244911
4650 8 2.554279 29.127100 4.288884 46.926934
4700 6 2.906289 30.328355 4.275507 46.233338
4750 8 2.915200 30.069852 4.244389 47.401885
4800 7 2.954216 29.985748 4.244389 47.401885
4850 7 2.887759 30.499463 4.236568 47.578160
4900 8 2.695669 30.476150 4.258938 47.613105
4950 8 2.830709 29.943730 4.313945 47.769546
5000 6 2.916023 27.519932 4.330671 48.098886
5050 7 3.176940 29.299970 4.324840 47.134554
5100 8 3.081155 30.648510 4.329395 47.735296
5150 7 2.962483 31.935613 4.319770 47.325383
5200 6 2.938097 31.691178 4.308046 47.957589
5250 7 3.201054 25.138442 4.308046 47.957589
5300 7 3.228414 24.030234 4.293437 48.092396
5350 7 3.296230 30.511457 4.271693 47.955999
5400 6 3.121155 34.658589 4.300383 47.688418
5450 5 3.124245 42.616058 4.298710 47.927091
5500 6 2.980755 37.482037 4.326571 46.440782
5550 8 2.895635 35.291764 4.303619 47.254368
5600 8 2.416021 37.397284 4.301528 47.357941
5650 9 2.504183 37.325919 4.287552 46.539517
5700 7 2.556159 39.554730 4.362381 43.640212
5750 7 2.913523 42.908949 4.313087 43.733458
5800 7 3.283967 39.489117 4.387919 42.536849
5850 6 3.300701 41.115218 4.449490 42.130460
5900 7 3.250302 38.406386 4.446320 42.356887
5950 8 3.450366 39.214538 4.423376 34.698491
6000 8 2.842686 39.162811 4.476027 38.437015
6050 8 3.020923 38.500649 4.334766 40.703054
6100 9 3.070796 38.337667 4.316078 43.755242
6150 8 2.794108 36.784211 4.324078 44.507657
6200 8 2.832962 43.467909 4.382738 43.104179
6250 6 2.660478 40.061828 4.502822 38.318227
6300 8 2.496489 41.588607 4.582772 43.610540
6350 7 2.635089 43.035892 4.550944 41.146071
6400 7 2.932772 39.609560 4.499118 42.289922
6450 7 2.679582 41.000152 4.437476 42.700194
6500 8 2.653281 38.600067 4.407544 42.542029
6550 9 2.951488 45.879466 4.346926 44.564647
6600 6 3.112234 42.871260 4.354987 43.905322
6650 8 2.990357 37.339807 4.342867 41.149941
6700 9 2.801482 40.220560 4.349866 42.439555
6750 9 3.005526 37.441058 4.348391 42.472280
6800 7 3.245969 38.533959 4.312529 43.130358
6850 8 3.359601 37.954109 4.437981 44.957812
6900 5 3.036230 38.410403 4.420431 51.513105
6950 8 2.958909 45.883625 4.401347 39.509867
7000 8 2.775382 40.534242 4.408908 46.155798
7050 9 2.475006 34.574849 4.370713 46.583463
7100 8 2.491238 38.593572 4.424936 41.927394
7150 6 2.441026 43.842186 4.435201 50.606741
7200 7 2.626940 48.125674 4.519352 34.517580
7250 5 2.746715 52.652214 4.426227 47.019005
7300 8 2.751742 49.558217 4.401115 49.787605
7350 7 2.597240 49.277033 4.325477 43.203569
7400 7 2.858469 44.494249 4.238587 48.847176
7450 6 2.756824 47.576439 4.229781 50.351011
7500 8 2.645576 47.532245 4.226946 47.232757
7550 7 3.022185 49.737860 4.206625 41.941852
7600 7 3.239462 49.748056 4.212009 42.875492
7650 6 3.457489 49.855016 4.215468 43.427994
7700 7 3.482605 49.683671 4.178134 45.148450
7750 5 3.883870 50.213149 4.167232 52.230389
7800 8 3.947087 50.610325 4.132216 43.432516
7850 7 3.286018 50.264086 4.096464 52.422153
7900 7 3.687896 50.430255 4.175115 45.277102
7950 7 3.829610 53.303108 4.228944 41.919755
8000 6 3.759680 52.907119 4.300294 37.288487
8050 7 3.573581 52.308087 4.289525 40.915881
8100 9 3.008863 52.432849 4.289942 46.877368
8150 7 3.037815 53.718242 4.268409 45.934412
8200 6 2.994146 53.311597 4.227099 38.929577
8250 6 2.885053 53.446165 4.281520 50.610706
8300 7 2.718660 52.169662 4.349021 42.975756
8350 9 2.803212 49.911635 4.375123 33.034913
8400 7 2.573047 49.590915 4.322222 48.848539
8450 6 3.099041 50.987397 4.351944 46.539199
8500 6 2.781274 50.711649 4.296283 49.104135
8550 11 2.322019 52.237139 4.340697 37.495219
8600 10 2.038513 51.110474 4.299133 43.904891
8650 8 2.384169 48.335720 4.375859 43.181854
8700 7 2.445271 45.897866 4.358678 48.095994
8750 8 2.682768 44.907229 4.320388 47.267075
8800 6 2.856594 49.237035 4.282659 48.301860
8850 8 2.896297 49.330644 4.288509 47.759834
8900 8 3.406027 51.628187 4.258278 47.710245
8950 7 3.412836 45.654085 4.267023 48.355442
9000 8 3.165290 51.099105 4.223898 47.739597
9050 8 2.966990 52.357669 4.199303 47.753687
9100 7 3.178862 53.671323 4.182059 48.283798
9150 7 2.738070 47.250213 4.174642 48.734322
9200 7 3.062807 50.687209 4.164437 47.529848
9250 7 3.390448 52.650124 4.137835 44.777022
9300 7 3.234695 44.875750 4.186178 44.883689
9350 7 2.930421 48.546464 4.283296 42.909635
9400 6 3.251515 48.469683 4.249218 44.098714
9450 7 3.278369 48.034724 4.279429 39.013535
9500 7 3.363822 50.461818 4.343141 38.363385
9550 7 3.682998 45.621398 4.280097 37.341910
9600 6 3.481753 47.604802 4.250798 43.759174
9650 8 3.028025 44.774847 4.201683 40.902275
9700 7 2.959572 46.666922 4.262743 45.192542
9750 8 3.232078 47.616340 4.366858 43.064451
9800 8 3.201385 42.685631 4.376939 41.310627
9850 7 2.731969 50.505727 4.393991 39.593550
9900 7 3.012718 46.941546 4.368465 39.367919
9950 6 2.891626 40.522212 4.388196 39.747566
10000 8 2.978803 41.129214 4.321225 39.534100
10050 7 3.050344 39.343705 4.322321 40.228656
10100 7 3.322866 36.995908 4.354035 38.686359
10150 8 3.481384 43.022357 4.300199 39.695064
10200 6 3.305541 43.603613 4.289899 42.116954
10250 6 2.888312 44.962193 4.378441 42.794202
10300 6 3.042111 35.511787 4.315797 40.090919
10350 7 3.138247 43.426974 4.326993 47.901797
10400 7 3.071885 33.084050 4.291345 42.666066
10450 7 2.526269 30.842362 4.371437 49.937456
10500 8 2.475116 34.310362 4.284106 47.265002
10550 9 2.333337 42.941312 4.330349 47.779344
10600 8 2.533269 42.554572 4.341653 47.930866
10650 10 2.709550 39.724040 4.354340 42.874573
10700 6 2.755019 42.481299 4.424057 36.862155
10750 8 2.506511 37.498015 4.463902 44.017338
10800 6 2.405611 43.886565 4.612583 44.888225
10850 6 2.354553 40.962800 4.577931 49.652364
10900 7 2.586097 34.676801 4.594810 40.853047
10950 8 2.878866 36.919963 4.417206 40.323450
11000 6 3.046081 38.388129 4.393771 45.121420
11050 7 3.255495 45.557658 4.382110 46.424046
11100 7 3.456739 37.428500 4.312882 43.883604
11150 5 3.617675 35.784106 4.406959 50.844964
11200 5 3.514470 29.693376 4.451568 49.283821
11250 8 3.471151 31.408596 4.417608 41.567690
11300 6 3.810429 27.391415 4.401357 41.617722
11350 7 3.795612 27.171292 4.423343 43.436491
11400 6 3.875166 23.580216 4.401077 47.125291
11450 6 3.500049 25.502908 4.339410 42.296526
11500 6 2.849240 24.886053 4.359300 45.607249
11550 6 2.992781 23.341277 4.362382 44.125889
11600 7 2.958797 22.771010 4.253533 46.534424
11650 7 3.043762 31.198966 4.214014 46.823824
11700 8 2.720061 28.168521 4.244657 46.223355
11750 9 3.077332 27.923553 4.130666 39.866682
11800 7 3.203074 26.191008 4.075659 48.636469
11850 7 3.415943 30.509049 4.001566 47.056758
11900 6 2.946730 40.170458 3.925970 62.526628
11950 8 3.142637 33.435690 4.081968 55.743128
12000 7 2.960095 34.835141 4.029848 57.654630
12050 8 3.077939 25.128289 3.994403 59.723601
12100 6 3.029894 28.666825 3.988913 59.684274
12150 6 3.307260 25.700212 3.770486 72.360884
12200 6 3.006418 26.648771 3.825891 69.082574
12250 7 3.114571 27.469521 3.744293 75.716721
12300 7 2.900107 23.615080 3.793593 68.552207
12350 7 2.769437 28.347293 4.028152 61.060765
12400 8 2.901219 27.755835 4.091888 48.614252
12450 7 2.990366 20.103559 4.123114 47.510764
12500 7 3.090170 25.164361 4.174947 46.734671
12550 7 3.099536 22.325550 4.212758 47.305114
12600 6 3.207759 25.800261 4.308770 43.255963
12650 6 2.955101 29.603127 4.360791 40.149738
12700 7 2.905934 28.430310 4.418133 39.913417
12750 7 3.087290 35.361388 4.333637 42.773060
12800 6 3.173276 40.203268 4.270779 42.271368
12850 8 2.846808 41.809693 4.161311 47.274020
12900 7 2.903225 33.912930 4.219760 47.209559
12950 8 3.015317 39.134332 4.193942 42.232871
13000 7 2.773834 34.572954 4.149889 50.096324
13050 11 2.683286 30.964683 4.136884 41.418200
13100 8 2.856682 31.865358 4.117340 50.142900
13150 8 2.767261 36.609761 4.173261 45.499828
13200 7 2.751986 35.235549 4.131710 53.180323
13250 7 2.727232 32.536669 4.118034 50.704619
13300 6 2.837462 32.537803 4.285799 52.950799
13350 7 2.755189 29.478183 4.266161 45.474936
13400 7 2.590360 23.872167 4.322789 46.485289
13450 7 2.716588 22.395455 4.354543 45.766322
13500 6 2.455767 28.123976 4.519346 47.127318
13550 8 2.329495 26.203605 4.451169 46.654371
13600 10 2.052787 25.775834 4.447545 45.776883
13650 8 2.642258 29.370273 4.355688 42.894982
13700 8 2.902508 29.243572 4.390006 42.527369
13750 6 3.260376 26.398379 4.476571 42.359685
13800 6 3.586183 33.602674 4.355813 42.952465
13850 6 3.364483 27.897502 4.443595 44.297187
13900 7 3.268720 26.893181 4.421642 44.806163
13950 6 3.037397 34.527556 4.416471 39.193902
14000 8 3.140388 28.621681 4.355723 43.809281
14050 8 2.788574 27.706962 4.352474 47.384735
14100 7 2.804125 30.145961 4.354796 46.148590
14150 7 2.948633 35.793408 4.297605 50.440471
14200 7 2.742341 30.731383 4.319848 41.505071
14250 6 2.576398 31.243318 4.392216 45.353478
14300 7 2.569840 32.045471 4.461624 46.993533
14350 11 2.270965 32.277347 4.398451 43.909177
14400 10 2.293882 40.271028 4.417749 46.697359
14450 8 2.338736 41.721916 4.430899 41.434146
14500 7 2.425770 45.601553 4.446532 49.625767
14550 7 2.848227 37.977058 4.311001 41.294144
14600 8 3.258982 32.115710 4.361669 34.488050
14650 6 3.403135 29.532778 4.420924 36.722029
14700 7 3.341863 28.467704 4.322208 37.792631
14750 7 3.215857 30.276202 4.359816 35.729247
14800 8 3.116002 37.117108 4.272303 37.645601
14850 6 3.347913 40.548026 4.378657 37.895496
14900 7 3.369136 43.211060 4.399504 36.890520
14950 7 3.566914 30.640251 4.356471 38.905191
15000 8 3.328950 27.025043 4.338679 35.250476
15050 6 3.405218 28.520001 4.389478 35.743540
15100 6 3.406749 22.223188 4.446244 38.304712
15150 7 3.699055 34.196100 4.572911 33.077197
15200 7 3.731687 34.684010 4.499458 37.915793
15250 6 3.896360 31.253287 4.420448 32.424491
15300 6 3.621287 31.888095 4.381057 40.629745
15350 5 3.683503 36.810521 4.258477 44.039800
15400 7 3.422639 29.613533 4.277543 38.528371
15450 7 3.621995 32.787708 4.297448 38.717295
15500 7 3.298965 37.847920 4.285219 42.608166
15550 9 3.316694 48.515699 4.292577 40.263145
15600 7 3.675898 45.331968 4.294375 43.397754
15650 8 3.766134 40.702369 4.271477 41.342690
15700 6 3.694602 36.400639 4.289984 41.440727
15750 7 3.645186 41.663800 4.360444 39.805756
15800 7 3.455325 36.098283 4.370129 39.472239
15850 7 3.289683 35.852941 4.348027 41.933370
15900 7 3.432735 32.132278 4.391977 36.070571
15950 7 3.421720 31.165415 4.338684 41.331868
16000 7 2.997902 38.266406 4.294185 40.704056
16050 7 3.435544 39.707826 4.262725 47.399244
16100 6 3.598657 38.950768 4.233119 43.201185
16150 8 3.205779 36.822265 4.245528 41.456583
16200 7 2.973341 40.432367 4.310027 42.411329
16250 7 2.980691 43.607714 4.294250 43.734674
16300 10 2.719988 37.541606 4.283582 42.698552
16350 8 2.772824 37.616493 4.388915 42.265607
16400 7 2.967801 35.927670 4.381054 44.403291
16450 6 2.755932 31.360561 4.338195 42.076724
16500 8 2.288391 35.326702 4.316674 41.973214
16550 9 2.873785 28.909462 4.439412 43.101359
16600 6 2.744462 21.821238 4.368505 45.909130
16650 6 2.574087 27.814982 4.445127 50.784680
16700 7 2.653907 28.745284 4.352992 43.287879
16750 7 2.643319 24.541613 4.319356 39.223044
16800 7 2.964821 29.189941 4.392897 42.078390
16850 7 3.136368 29.243828 4.416875 39.799307
16900 8 3.230440 28.271925 4.409823 38.598036
16950 6 3.046692 26.393057 4.399317 38.757268
17000 7 3.092175 27.207497 4.387757 39.365179
17050 6 2.694995 26.491002 4.391510 41.202839
17100 9 2.770059 25.389647 4.391510 41.202839
17150 7 2.960425 30.150293 4.404665 40.017697
17200 8 2.800522 33.434702 4.397278 40.018244
17250 6 2.918256 33.735255 4.393434 40.180151
17300 7 3.150177 34.520847 4.334635 39.742094
17350 7 3.407317 35.136817 4.294937 40.497703
17400 8 3.346293 40.300419 4.283863 41.604724
17450 7 2.782476 40.038166 4.275762 41.316109
17500 8 2.597674 39.096148 4.310358 43.022159
17550 9 2.542774 43.976987 4.214378 41.627816
17600 9 2.587290 40.428143 4.244744 43.224904
17650 8 2.633846 39.470645 4.236283 48.345065
17700 7 3.036215 37.500260 4.311053 50.416855
17750 7 2.586160 40.748989 4.389753 49.908071
17800 6 2.716557 45.528653 4.384657 43.746580
17850 6 2.757817 47.478374 4.440771 48.271499
17900 8 2.695480 44.308842 4.468736 39.974564
17950 7 2.530174 38.867471 4.388321 49.059156
18000 7 2.636790 36.352676 4.364504 45.951146
18050 8 2.405817 36.099308 4.374196 54.172204
18100 8 2.484047 41.469475 4.533672 42.576664
18150 8 2.456593 42.800727 4.529099 37.037836
18200 7 2.724642 37.913828 4.544613 39.354578
18250 7 2.493628 36.390502 4.526838 39.576994
18300 7 2.561309 37.622380 4.524101 40.419127
18350 7 2.107191 44.356581 4.543455 39.483807
18400 7 2.303748 41.455386 4.378740 50.469711
18450 7 2.231616 48.011448 4.390801 49.574003
18500 8 2.274250 41.964777 4.389444 50.276223
18550 6 2.324283 45.862674 4.474283 43.061350
18600 7 2.827315 46.148958 4.486909 44.031117
18650 7 2.401970 49.037333 4.430599 44.494268
18700 9 2.341844 42.352356 4.349193 42.019970
18750 8 2.551012 44.139281 4.320145 44.020465
18800 8 2.636993 41.988266 4.198917 51.406423
18850 7 2.718666 40.643684 4.328472 43.141902
18900 8 3.013270 34.364461 4.439647 41.695548
18950 9 2.608546 35.817966 4.338336 46.359192
19000 6 2.675538 25.920892 4.493914 46.229344
19050 7 2.627937 27.150026 4.492643 40.472925
19100 6 2.516213 33.467237 4.431699 46.893754
19150 7 2.443907 35.670688 4.498615 42.216801
19200 7 2.372124 38.438584 4.468352 40.558657
19250 8 2.371585 39.823472 4.327111 48.384836
19300 5 2.577198 41.375789 4.394594 46.462851
19350 7 2.787921 35.932316 4.349470 46.966057
19400 7 2.540472 38.780867 4.432907 47.917473
19450 7 2.346578 36.731918 4.458020 42.978631
19500 7 2.283750 41.650984 4.473616 44.534282
19550 7 2.222672 39.987682 4.490818 45.540073
19600 6 2.283180 38.139797 4.498296 42.089647
19650 8 2.350680 35.935045 4.370411 47.012946
19700 8 2.689264 43.281596 4.291976 41.272512
19750 8 2.450456 43.015629 4.388733 47.484902
19800 7 2.660860 45.066568 4.396887 46.848916
19850 8 2.662472 42.245623 4.344939 40.673384
19900 8 2.564610 47.548064 4.358267 47.171757
19950 6 2.742745 42.772168 4.364973 42.113033
20000 6 2.489173 37.825264 4.557498 41.320995
20050 9 2.611493 24.613324 4.536240 43.787607
20100 6 2.685818 28.535646 4.510193 41.240148
20150 7 2.658703 26.648167 4.468863 40.210677
20200 6 2.737841 25.416578 4.423481 45.104032
20250 8 2.777687 38.463422 4.310086 43.748445
20300 8 2.871173 38.553093 4.366514 47.342705
20350 6 2.710490 40.534486 4.371433 43.855976
20400 7 3.025469 47.522724 4.447703 36.478619
20450 6 3.164261 45.587702 4.382509 41.639564
20500 7 2.886378 36.403857 4.326054 43.291533
20550 6 2.964949 34.413327 4.463546 40.236834
20600 6 2.993560 34.239960 4.472663 43.073485
20650 6 2.648292 34.483373 4.519410 46.112641
20700 10 2.837298 41.184330 4.407934 45.830773
20750 6 2.671308 41.146628 4.428042 47.302128
20800 8 2.897221 40.692979 4.427874 42.334684
20850 7 2.973879 43.120221 4.444824 43.968045
20900 8 2.821581 39.988170 4.321057 40.438881
20950 8 2.814529 44.105166 4.340781 43.223332
21000 7 3.010953 41.373242 4.397364 44.552068
21050 6 2.958551 40.127145 4.364895 47.102245
21100 9 3.111881 40.024847 4.297266 45.022091
21150 7 2.902918 34.990700 4.310593 42.178261
21200 8 2.724701 28.343441 4.202246 52.697354
21250 9 2.711771 38.885781 4.076518 51.938403
21300 8 2.697875 38.763245 4.204886 50.092559
21350 8 2.633538 37.136495 4.171652 48.937168
21400 7 2.792128 38.182172 4.271310 45.454312
21450 7 2.877008 39.004343 4.251003 47.754041
21500 7 3.067315 38.183833 4.274064 43.904608
21550 6 3.344140 38.040201 4.291576 47.841016
21600 5 3.256442 34.709806 4.419609 47.049053
21650 7 3.164633 35.940389 4.300394 46.896249
21700 7 3.029539 41.141623 4.208238 47.729756
21750 8 3.141852 33.413150 4.196664 45.604525
21800 8 2.999037 38.385429 4.053454 55.041278
21850 7 2.910014 39.678130 4.197087 44.409277
21900 9 2.793848 43.164343 4.249943 41.088598
21950 7 2.969773 44.250654 4.373106 50.817504
22000 7 2.957944 44.403459 4.431297 44.338476
22050 7 2.995314 41.626659 4.492183 43.017835
22100 7 2.951378 43.530556 4.496686 40.296699
22150 8 2.791785 44.396552 4.487805 40.205665
22200 7 2.803774 42.916158 4.523110 40.385815
22250 6 3.003056 40.720373 4.445869 43.799356
22300 9 2.764933 50.287265 4.272709 46.600119
22350 8 2.600058 41.855184 4.363737 39.480430
22400 7 2.799802 47.493186 4.301641 38.711050
22450 9 2.987116 42.976467 4.270459 40.558614
22500 7 3.263187 48.449644 4.223164 42.262163
22550 6 3.461830 52.755226 4.156953 50.119694
22600 8 3.332249 51.470259 4.125508 46.966552
22650 7 3.301601 52.552314 4.085904 47.200781
22700 7 3.385462 49.016673 4.221428 44.644494
22750 6 3.403204 48.054910 4.348454 46.501305
22800 6 3.125116 50.813282 4.414417 41.265322
22850 7 3.149406 54.329415 4.383017 48.275246
22900 8 3.150482 54.295392 4.300463 36.838308
22950 7 3.529754 48.394994 4.268312 38.381601
23000 7 3.540672 49.918545 4.180748 37.940378
23050 8 3.343405 42.345045 4.219880 38.851103
23100 6 3.612014 43.595435 4.224055 37.619424
23150 7 3.671359 41.084189 4.249354 39.365615
23200 8 3.262244 41.478665 4.227311 41.235006
23250 6 3.431735 40.915762 4.211748 45.974322
23300 9 3.306274 42.638578 4.177784 46.724156
23350 6 3.378960 40.245293 4.195918 47.481393
23400 7 2.962595 45.052585 4.218507 41.530856
23450 7 2.960290 47.102258 4.317111 42.065354
23500 8 3.129168 42.980627 4.399991 42.511495
23550 7 2.691944 31.659603 4.375690 47.548608
23600 6 3.007071 40.659869 4.381807 46.051113
23650 8 3.107907 42.082194 4.370730 43.632029
23700 7 2.982699 44.495797 4.375016 47.593447
23750 7 3.143324 46.203301 4.212139 46.452517
23800 9 3.242925 45.273186 4.359461 38.621742
23850 7 3.035078 45.754443 4.310118 44.690326
23900 7 2.806024 43.269243 4.259405 48.031782
23950 7 2.832139 39.793143 4.327236 41.860292
24000 7 2.885743 44.264404 4.387201 46.236994
24050 7 2.605251 40.613466 4.338880 45.236124
24100 8 2.742226 37.303418 4.322285 51.884326
24150 8 2.698393 33.953199 4.223019 54.174023
24200 6 2.955055 40.508180 4.351215 45.669745
24250 6 2.638610 52.649334 4.376701 47.045399
24300 7 2.643928 47.106673 4.380467 48.118222
24350 7 2.496822 44.411059 4.392441 47.943993
24400 8 2.610297 43.406342 4.473829 48.967417
24450 8 2.686020 33.957321 4.365166 49.239530
24500 7 2.559037 34.444126 4.300795 49.096673
24550 8 2.832781 32.917539 4.291818 46.240100
24600 7 2.844104 37.347479 4.221915 48.360015
24650 7 3.045662 39.991866 4.131195 49.405078
24700 9 3.132266 35.929735 4.006450 44.859392
24750 8 3.074532 35.979934 3.984870 47.037401
24800 8 3.137664 36.741455 4.161697 49.459964
24850 8 2.897064 29.922499 4.170880 47.309550
24900 9 2.786901 33.727896 4.071632 48.684573
24950 6 2.817436 37.384705 4.075424 70.177676
25000 8 2.928915 33.137314 4.151555 47.007347
25050 7 2.691596 31.364775 4.210706 45.680321
25100 6 2.973386 36.000779 4.244640 41.910683
25150 8 2.725974 26.047281 4.188543 50.227579
25200 8 2.746561 33.663428 4.229173 42.568922
25250 9 2.780947 36.056100 4.161597 40.364845
25300 8 3.014872 37.474092 4.183029 44.979297
25350 7 2.631238 33.680540 4.157861 47.790362
25400 7 2.714688 27.952574 4.190749 56.954361
25450 7 3.221063 29.120748 4.204582 43.909036
25500 7 3.137505 25.507528 4.344664 43.084780
25550 6 2.927726 30.505832 4.354080 41.026921
25600 7 2.942783 26.660301 4.364191 43.017900
25650 8 3.170337 21.684388 4.379778 43.427065
25700 7 2.628210 26.850602 4.374103 44.423400
25750 7 2.892741 27.034794 4.413732 43.251429
25800 6 2.457397 27.282497 4.407445 45.340763
25850 6 2.781534 36.350372 4.465420 45.599182
25900 7 2.893668 34.585494 4.475079 45.641648
25950 6 3.162894 35.587881 4.427440 44.506632
26000 7 3.163471 32.814537 4.379157 45.005855
26050 7 2.958161 24.345469 4.385663 45.736228
26100 7 2.796873 35.254068 4.285049 44.347968
26150 8 2.647979 31.267998 4.194501 50.621531
26200 8 2.949449 37.827798 4.250037 41.126080
26250 7 2.993994 39.080063 4.296293 41.247403
26300 7 3.179473 38.593335 4.278299 41.909112
26350 7 3.060937 42.075857 4.273576 40.785813
26400 6 3.116313 42.128194 4.233981 41.240941
26450 10 3.092782 44.822433 4.217790 43.336502
26500 8 3.092751 40.084847 4.228993 39.693423
26550 7 2.789566 36.106339 4.287317 41.951606
26600 6 2.718545 28.675389 4.347277 36.503317
26650 7 2.450540 24.515123 4.442138 46.483710
26700 9 2.382795 27.699998 4.370617 46.425482
26750 10 2.326044 36.824614 4.325077 52.645320
26800 8 2.105200 39.153854 4.337425 47.808614
26850 6 1.908398 37.964352 4.552419 43.980272
26900 8 2.335582 39.964116 4.487547 38.847588
26950 9 2.222549 32.141703 4.479120 40.783497
27000 8 2.382248 35.473585 4.427492 40.405565
27050 6 2.816506 35.454278 4.481704 41.066289
27100 8 2.585987 35.285593 4.449263 40.206148
27150 7 2.879617 33.017650 4.396798 42.351175
27200 7 3.131247 35.839999 4.376287 44.949491
27250 7 2.891240 38.725885 4.383731 45.332134
27300 7 2.736769 46.016851 4.395541 45.206780
27350 10 2.802349 35.361443 4.363787 39.613103
27400 10 2.974981 37.126634 4.326034 38.740493
27450 8 2.741355 35.880863 4.318900 44.526768
27500 7 2.900867 29.241790 4.346819 45.269140
27550 7 2.855911 43.628032 4.341598 42.812887
27600 7 2.881875 44.296875 4.352251 42.360684
27650 7 2.886660 38.464164 4.443648 41.564511
27700 7 2.862293 38.009950 4.496943 41.341944
27750 8 2.838235 37.136931 4.499653 42.378432
27800 9 2.810921 32.045982 4.507423 41.511649
27850 7 2.705219 28.064609 4.472471 38.910786
27900 6 2.642793 30.664695 4.433424 40.607744
27950 6 3.044652 27.588030 4.445354 40.246481
28000 9 2.956164 28.028516 4.470248 38.889708
28050 8 3.019011 30.090648 4.473070 41.636144
28100 7 2.628732 24.584484 4.464799 40.480296
28150 7 2.694719 25.495830 4.508745 40.314268
28200 6 2.866603 30.701979 4.527760 39.858314
28250 6 2.960430 35.153017 4.513800 39.511341
28300 7 2.903176 29.732721 4.438704 42.297804
28350 6 2.906484 20.520021 4.438990 38.406413
28400 7 2.933563 27.724689 4.437823 42.022962
28450 8 2.455388 24.753043 4.337175 44.765010
28500 7 2.575191 28.695061 4.273187 48.780617
28550 8 2.474633 21.395448 4.261956 53.223550
28600 7 2.502619 24.301545 4.199759 48.635530
28650 8 2.644785 22.946144 4.314117 43.212855
28700 6 2.614897 11.997182 4.354258 48.550659
28750 9 2.863794 21.086981 4.234400 44.803234
28800 7 2.906957 20.954018 4.198965 50.809537
28850 7 2.962212 23.258981 4.235685 44.925497
28900 7 2.862295 17.167404 4.146917 46.682998
28950 8 2.800209 23.269365 4.146917 46.682998
29000 7 3.045703 27.054262 4.146917 46.682998
29050 8 3.362617 25.752713 4.140729 46.527088
29100 7 3.243148 24.602932 4.264620 45.904770
29150 7 3.123902 11.067522 4.305830 44.001442
29200 7 2.946211 10.883344 4.287611 45.772723
29250 7 3.047220 12.086109 4.197387 44.982417
29300 6 3.240241 12.723766 4.205325 48.222143
29350 7 3.193758 10.350958 4.195476 44.731790
29400 7 3.115914 15.559862 4.130605 44.900523
29450 6 2.979948 16.945250 4.289782 51.686435
29500 7 2.751703 15.877482 4.224104 56.194704
29550 7 2.735562 17.342087 4.327504 52.633071
29600 6 2.952269 18.545592 4.552386 42.265756
29650 6 2.952015 17.669499 4.488665 43.948489
29700 5 2.811525 11.592040 4.532437 42.604698
29750 5 2.484735 14.221291 4.581130 49.173149
29800 7 2.597402 12.812675 4.564243 46.184644
29850 6 2.617614 20.230070 4.620951 41.256735
29900 7 3.250644 27.642881 4.534006 41.220082
29950 5 3.073803 28.410864 4.460205 42.949548
30000 8 2.787446 31.701777 4.386217 43.499001
30050 8 3.069387 32.936176 4.312308 48.396262
30100 7 3.057351 28.419974 4.319392 39.827331
30150 7 3.029917 34.848692 4.240722 46.807208
30200 8 2.794819 36.245448 4.380077 45.458908
30250 8 2.339665 22.320931 4.561541 44.174098
30300 6 2.312405 21.466261 4.665349 44.049421
30350 6 3.022201 27.018414 4.649477 43.423691
30400 8 3.252674 23.282491 4.575289 39.127554
30450 7 3.200770 31.787370 4.503908 42.933044
30500 8 3.129372 24.932496 4.480564 42.762100
30550 6 3.142598 31.967818 4.401919 47.748298
30600 8 2.831323 33.609187 4.338398 43.212662
30650 8 2.617678 27.800752 4.253222 43.555736
30700 8 2.706734 28.117320 4.293310 47.844543
30750 9 2.713279 29.950706 4.221336 37.965995
30800 7 2.851444 29.284024 4.161174 53.543858
30850 8 2.853845 23.067957 4.146922 50.922949
30900 7 2.980125 26.187912 4.214587 45.523346
30950 7 2.910501 24.934960 4.168475 46.468934
31000 7 2.953181 27.639780 4.242637 54.503539
31050 8 2.982617 30.802571 4.255309 48.973446
31100 8 2.899579 36.140484 4.247587 44.011617
31150 7 2.821815 34.290788 4.272036 51.636626
31200 6 2.930543 35.550137 4.282056 45.710818
31250 8 2.964829 32.056191 4.287977 46.827529
31300 7 2.970271 35.386176 4.343920 44.594289
31350 7 2.810686 41.318864 4.392204 43.781610
31400 7 2.870566 41.829134 4.393181 44.591770
31450 7 2.873387 42.038807 4.421333 44.475971
31500 7 3.410130 42.213361 4.462302 43.569700
31550 7 2.857589 38.853486 4.425973 43.137118
31600 7 2.755919 39.613004 4.411688 48.066095
31650 6 2.734176 43.723680 4.478634 38.745929
31700 6 2.785423 41.966871 4.460683 45.052454
31750 8 2.772723 41.242857 4.396038 40.702919
31800 7 2.629245 47.248887 4.275061 41.452325
31850 8 2.533005 44.725010 4.348492 37.431883
31900 5 3.294550 37.229391 4.393545 41.359270
31950 6 3.543316 40.557173 4.392136 34.975756
32000 7 3.534406 45.217596 4.304220 39.853683
32050 7 3.465241 50.011214 4.292070 43.040032
32100 5 3.563788 47.347182 4.315107 48.129981
32150 8 3.562563 51.184729 4.367172 38.576421
32200 7 3.266550 46.831988 4.312568 44.045389
32250 9 3.209427 52.487019 4.350168 40.195138
32300 7 3.283569 45.513611 4.322037 39.517151
32350 6 3.518791 52.893099 4.281969 37.443410
32400 5 3.692630 54.787136 4.216586 48.056370
32450 6 3.674480 56.759199 4.114668 49.176558
32500 7 3.093078 50.038572 4.284585 44.335907
32550 7 2.915014 48.026481 4.320178 45.630282
32600 8 3.103298 41.023870 4.233209 44.921792
32650 8 3.062927 49.038084 4.211884 44.624600
32700 7 2.896239 55.938632 4.274410 41.768573
32750 8 2.865094 59.891924 4.185993 45.699519
32800 8 2.777935 52.232959 4.149153 57.316624
32850 8 2.667638 52.977959 4.240107 43.711562
32900 6 2.583596 53.462094 4.251999 48.712169
32950 9 2.417403 47.059451 4.231874 49.403666
33000 10 2.279689 50.878504 4.225068 46.511492
33050 7 2.781201 52.388639 4.170313 49.426237
33100 7 2.763552 52.374145 4.206020 45.973261
33150 8 2.668777 44.472455 4.185740 46.344453
33200 9 2.304850 46.937697 4.166916 45.679926
33250 10 2.258600 51.107353 4.213658 45.308204
33300 9 2.548175 44.274483 4.179974 46.363904
33350 9 2.562259 46.161676 4.223962 45.055996
33400 7 2.914338 48.928143 4.286387 45.064186
33450 7 2.767540 45.855159 4.314386 42.396392
33500 7 2.914852 50.777644 4.280467 44.536287
33550 6 2.923231 49.978235 4.292875 55.096259
33600 7 2.819202 54.207161 4.321875 45.992510
33650 7 3.051575 45.199525 4.275163 47.414580
33700 7 3.021645 46.263570 4.266926 44.674509
33750 7 2.779879 46.845661 4.371007 49.215506
33800 6 2.858453 49.167936 4.401702 47.897014
33850 5 3.136778 50.793089 4.322462 42.694217
33900 5 3.017518 48.188559 4.432662 49.529228
33950 7 3.254080 48.942003 4.276101 38.789861
34000 7 3.165267 54.232407 4.274197 37.602579
34050 7 3.214009 56.098153 4.297869 44.122015
34100 6 3.001481 53.998088 4.278757 47.735496
34150 7 3.021975 47.321407 4.422559 43.739805
34200 7 3.123475 54.765350 4.303368 43.905496
34250 6 3.086424 58.910495 4.408419 38.293543
34300 7 2.755399 54.398300 4.440160 44.071132
34350 8 2.761551 60.565204 4.288257 43.802320
34400 7 2.704999 56.997352 4.306680 42.496143
34450 9 2.763857 60.665989 4.198025 42.438722
34500 8 3.001279 58.738475 4.154144 45.858092
34550 7 3.234897 57.846573 4.171226 39.561022
34600 8 3.432078 62.877551 4.220818 35.373491
34650 6 3.502553 59.622441 4.260159 41.072010
34700 6 3.772867 60.706873 4.248788 41.479079
34750 9 3.592719 57.919504 4.200328 43.371928
34800 9 3.469428 50.074685 4.255791 46.522851
34850 6 3.041432 50.352730 4.224804 48.392369
34900 7 2.887505 53.531654 4.252738 44.237338
34950 8 2.838269 58.720083 4.214672 45.024972
35000 9 2.601642 61.511634 4.228246 46.437232
35050 7 2.761484 58.688331 4.231920 53.066775
35100 7 2.796623 53.486010 4.234378 47.814371
35150 8 2.899807 54.490563 4.345702 36.989387
35200 6 3.147014 48.958866 4.369498 43.068539
35250 8 3.334715 45.892902 4.440250 38.305491
35300 5 3.223669 46.461188 4.515643 42.966360
35350 6 3.040459 48.814121 4.502151 47.944929
35400 6 2.700775 51.935225 4.458168 38.682467
35450 6 3.195947 50.230060 4.532285 33.645668
35500 6 3.376642 49.872340 4.384646 40.705581
35550 6 3.372992 47.546630 4.341130 44.074611
35600 7 2.807325 53.974767 4.321864 44.237709
35650 8 2.695638 57.072762 4.296124 45.194572
35700 7 2.836149 54.316108 4.302472 45.753568
35750 6 3.439815 54.540477 4.351571 45.247432
35800 6 3.338481 53.252305 4.414533 44.714579
35850 6 3.468168 52.099027 4.394704 46.583465
35900 6 3.541655 50.424885 4.401873 37.892869
35950 5 3.417568 49.737272 4.405137 44.168749
36000 8 3.397842 51.878814 4.431349 34.128537
36050 7 2.956469 51.675900 4.347952 44.038900
36100 7 2.895616 50.708179 4.213408 50.389400
36150 7 3.187302 49.666319 4.145972 41.994532
36200 6 3.344622 46.677036 4.197779 50.326779
36250 7 3.281735 43.926489 4.076542 49.874058
36300 7 3.344415 44.044828 4.018325 42.917299
36350 8 3.089139 43.139998 3.955168 51.935185
36400 7 2.869874 44.429262 4.116664 52.983516
36450 7 3.198450 44.083109 4.234292 40.871827
36500 7 3.196723 44.770419 4.223148 44.888132
36550 7 3.007103 44.337618 4.288111 40.315803
36600 7 2.834725 39.822614 4.245963 56.104045
36650 8 2.611290 39.232686 4.148762 46.606976
36700 8 2.765249 41.595844 4.222018 44.287181
36750 8 2.694540 41.865515 4.263804 51.539861
36800 8 2.704589 45.661506 4.314130 47.117430
36850 6 2.768283 56.727514 4.368564 45.284501
36900 5 2.996107 42.447081 4.304479 47.665055
36950 9 2.464092 45.310176 4.301535 46.044402
37000 6 2.518803 43.712039 4.300188 46.178235
37050 7 2.723614 48.786516 4.277654 46.576776
37100 7 3.112290 45.774726 4.294034 46.343953
37150 7 2.566921 40.800724 4.294034 46.343953
37200 8 2.527795 51.575334 4.261285 47.313464
37250 7 3.439579 54.355727 4.248908 46.038274
37300 9 2.653126 48.853473 4.180390 47.109138
37350 6 2.833531 45.426634 4.180077 46.289836
37400 7 3.189566 39.199496 4.119445 49.062531
37450 7 3.467577 33.843607 4.147942 49.161799
37500 7 2.968871 42.245516 4.109792 48.543401
37550 9 2.865767 43.374889 4.100165 49.292001
37600 7 2.840495 49.060805 4.100165 49.292001
37650 7 2.979798 43.126217 4.100165 49.292001
37700 8 3.226588 43.608154 4.091199 48.929457
37750 7 2.900735 37.025248 4.088321 48.573636
37800 8 2.840075 38.577336 4.088321 48.573636
37850 9 2.746334 33.159771 4.088321 48.573636
37900 8 2.730732 33.831273 4.088231 48.438741
37950 8 2.934472 35.625541 4.088231 48.438741
38000 8 2.791003 37.111554 4.090847 48.473245
38050 8 2.863015 38.217874 4.090847 48.473245
38100 7 3.143984 42.854880 4.090847 48.473245
38150 8 2.993258 38.893305 4.090847 48.473245
38200 8 3.053072 48.838053 4.090847 48.473245
38250 7 2.855805 47.048691 4.090847 48.473245
38300 8 2.866837 42.271750 4.073027 48.673233
38350 9 3.228030 50.781363 4.073027 48.673233
38400 8 3.064995 43.727963 4.073027 48.673233
38450 8 2.988451 44.442669 4.073027 48.673233
38500 7 3.320681 42.705374 4.061543 48.953437
38550 7 3.410102 43.060562 4.061543 48.953437
38600 7 2.805856 42.499722 4.061543 48.953437
38650 8 2.931881 39.665022 4.073628 49.208521
38700 10 2.780701 36.773698 4.044018 48.859377
38750 8 2.877322 40.572442 4.149680 49.130054
38800 7 2.833654 40.720998 4.149680 49.130054
38850 7 2.597711 38.760789 4.158465 48.953061
38900 7 2.750438 34.012152 4.158465 48.953061
38950 8 3.173822 32.254817 4.234097 48.728347
39000 7 2.758180 26.985897 4.232957 48.749037
39050 6 2.811959 32.222310 4.297177 50.709807
39100 8 2.478069 33.008826 4.298566 41.414792
39150 6 2.652376 30.207822 4.329398 46.153760
39200 10 2.643624 32.743533 4.329545 49.287158
39250 8 2.901332 33.461446 4.269564 46.032845
39300 6 2.747594 36.478477 4.235036 47.243807
39350 10 2.892742 34.375061 4.221277 46.663541
39400 7 2.859288 26.082030 4.271616 47.339552
39450 7 2.835622 34.970079 4.290102 47.242806
39500 6 2.923540 28.006885 4.341939 47.087469
39550 7 2.693904 26.528753 4.341939 47.087469
39600 7 3.082836 28.779960 4.342133 45.665010
39650 8 2.902581 38.132422 4.287213 45.835214
39700 7 2.701571 35.262123 4.313959 45.417547
39750 6 2.777781 38.516195 4.298505 45.208416
39800 9 2.646086 26.653181 4.298505 45.208416
39850 9 2.758248 26.816213 4.298505 45.208416
39900 7 2.807092 29.822052 4.298505 45.208416
39950 7 2.640226 32.630535 4.298505 45.208416
40000 6 2.710607 34.879022 4.298505 45.208416
40050 7 2.884535 32.928190 4.298505 45.208416
40100 9 2.387767 38.066966 4.286633 44.835597
40150 9 2.425458 33.480829 4.286724 45.286305
40200 8 2.613483 40.568606 4.286724 45.286305
40250 7 2.783271 37.455197 4.278340 45.350116
40300 7 2.873606 40.469312 4.272451 45.122000
40350 9 2.937353 36.052709 4.305979 45.097799
40400 8 2.816759 42.620556 4.286421 45.134657
40450 8 2.759658 38.236348 4.299764 45.077658
40500 7 2.572857 40.877242 4.303753 45.044699
40550 7 2.688218 41.081138 4.303753 45.044699
40600 8 2.244766 36.098453 4.303753 45.044699
40650 11 2.263235 33.065962 4.303753 45.044699
40700 9 2.358714 26.234690 4.325408 45.212859
40750 8 2.248785 21.248738 4.361469 45.239922
40800 8 2.041432 25.455386 4.361469 45.239922
40850 8 2.446002 29.648169 4.361469 45.239922
40900 9 2.063314 37.178852 4.361469 45.239922
40950 9 1.883084 31.480087 4.361469 45.239922
41000 7 2.207207 25.881105 4.361469 45.239922
41050 7 2.496436 27.134743 4.361469 45.239922
41100 7 2.752520 31.537382 4.361469 45.239922
41150 7 2.593854 34.917330 4.361469 45.239922
41200 8 2.414010 25.820095 4.361469 45.239922
41250 7 2.567887 29.161368 4.347124 45.095761
41300 7 2.548615 27.597764 4.348525 45.147874
41350 8 2.417048 24.007919 4.330953 45.337445
41400 7 2.325740 29.733631 4.341626 45.321719
41450 7 2.678568 35.461839 4.359080 45.481086
41500 7 2.771024 36.279928 4.359080 45.481086
41550 7 2.857747 38.462052 4.359080 45.481086
41600 8 2.894316 34.154942 4.359080 45.481086
41650 6 2.932301 44.056970 4.359080 45.481086
41700 9 2.480686 36.714092 4.359080 45.481086
41750 6 2.527647 45.378210 4.371695 45.539292
41800 10 2.365878 40.623572 4.340287 45.417303
41850 9 2.393866 40.637417 4.377252 45.413597
41900 7 2.232288 43.757872 4.408549 45.474709
41950 8 2.369347 46.297405 4.408549 45.474709
42000 7 2.282090 46.777456 4.408549 45.474709
42050 6 2.206055 46.183983 4.408549 45.474709
42100 10 1.937845 46.489282 4.381788 45.311205
42150 10 1.681418 47.175729 4.440509 45.396199
42200 8 1.794949 44.962812 4.440509 45.396199
42250 7 1.726234 43.523733 4.429959 45.739286
42300 9 1.871923 34.389173 4.399429 45.697772
42350 8 2.197644 43.080116 4.399429 45.697772
42400 7 2.181779 42.590517 4.383246 45.931295
42450 7 2.751030 47.332391 4.428144 47.030051
42500 6 2.769801 51.974386 4.400556 46.655523
42550 6 3.001792 48.257774 4.430158 44.634253
42600 7 2.908275 45.072949 4.474726 43.410146
42650 8 2.876435 39.354802 4.323712 42.351276
42700 7 2.853782 39.352622 4.175558 49.596201
42750 7 2.992360 41.798487 4.152331 42.657487
42800 7 3.138059 38.921494 4.320644 46.644435
42850 8 3.063331 36.739828 4.428847 43.297875
42900 6 3.051832 41.728372 4.392528 37.608843
42950 6 2.891514 34.954340 4.336023 44.285663
43000 6 2.994566 40.932074 4.406688 45.021079
43050 8 2.582758 51.046254 4.391484 47.377791
43100 10 2.208707 48.102473 4.257585 40.759953
43150 9 2.273205 52.461132 4.184774 49.244370
43200 10 2.083164 51.818485 4.298762 41.418959
43250 8 2.042402 52.752859 4.211739 53.011165
43300 8 2.262108 56.004319 4.278856 47.941309
43350 9 2.351008 55.039026 4.255917 45.367413
43400 10 2.372415 46.157179 4.240039 47.961623
43450 9 2.593406 47.695456 4.247896 50.079125
43500 9 2.665865 54.293217 4.307454 40.239563
43550 6 3.039611 43.909622 4.328230 37.385480
43600 9 3.177919 40.429000 4.269165 45.184289
43650 7 2.855538 41.876363 4.364955 45.831304
43700 6 2.795801 38.695436 4.300776 51.021049
43750 8 2.822738 44.687972 4.374783 49.322455
43800 7 2.930863 48.020695 4.360790 51.063746
43850 6 2.890140 42.078945 4.127945 56.508933
43900 6 3.183443 39.280698 4.279903 41.772044
43950 6 3.298393 40.527685 4.255862 52.250395
44000 7 2.755058 38.364917 4.323084 39.993941
44050 7 2.653067 43.075433 4.370044 36.693276
44100 7 3.207586 43.040663 4.389792 40.895986
44150 7 3.154125 39.773651 4.429059 41.227508
44200 7 3.260545 33.252394 4.466915 40.086909
44250 7 3.496217 37.054229 4.458181 39.566657
44300 7 2.797875 31.417307 4.515949 39.223676
44350 7 2.574596 40.161115 4.493544 42.369816
44400 7 2.390175 45.674048 4.547860 41.789212
44450 8 2.721476 54.473536 4.477952 39.847274
44500 6 2.773777 49.381364 4.515112 39.314130
44550 7 2.418173 53.751970 4.514145 37.118516
44600 8 2.725907 52.627778 4.572167 39.369003
44650 7 2.928818 53.826995 4.625723 43.855970
44700 5 3.008980 49.510272 4.466212 43.610949
44750 7 3.319862 47.417995 4.269449 48.125399
44800 7 3.113036 52.237041 4.271217 40.770544
44850 7 3.023772 50.525925 4.138298 49.067748
44900 8 2.963587 50.843605 4.147642 48.762673
44950 8 3.251384 47.957215 4.190201 45.140131
45000 7 3.227825 54.923662 4.140114 45.591889
45050 8 3.058737 52.095893 4.183575 42.623894
45100 7 2.990336 50.038427 4.185884 45.722844
45150 7 2.983685 50.951294 4.231430 48.158022
45200 8 2.699288 51.099353 4.147507 58.071206
45250 8 2.926085 54.109517 4.150170 47.754962
45300 7 2.943488 54.781547 4.289186 46.091340
45350 7 3.134922 57.553357 4.452534 43.892431
45400 7 3.286681 52.818962 4.445273 41.870484
45450 7 2.882559 53.373155 4.396269 47.238205
45500 7 3.117376 49.779153 4.335127 42.359247
45550 7 2.778822 46.016381 4.212235 49.232229
45600 8 2.879653 47.304697 4.198377 48.829561
45650 7 2.881948 55.147436 4.278245 54.790565
45700 8 2.802725 50.267423 4.268277 58.713165
45750 6 2.936017 45.145625 4.278813 52.272834
45800 7 2.869131 46.780640 4.023883 51.488089
45850 7 3.205309 42.752101 4.106083 42.313376
45900 8 3.091690 38.537519 4.093038 53.432981
45950 7 2.934962 33.728824 4.125071 56.212610
46000 7 3.071406 34.779398 4.239184 50.365363
46050 8 2.946703 28.308641 4.227476 50.920703
46100 7 2.913111 38.964248 4.280321 53.151297
46150 7 3.130321 40.983989 4.196249 52.011344
46200 6 2.977787 42.320483 4.141179 50.929590
46250 7 2.755231 43.134269 4.126746 51.491720
46300 10 2.550137 50.644110 4.129926 50.789750
46350 8 2.303122 44.660283 4.148012 50.552749
46400 7 2.540881 36.145301 4.164054 49.959369
46450 8 2.415546 41.259284 4.202598 51.999083
46500 10 1.980595 40.015402 4.150698 50.402751
46550 10 1.984537 40.490247 4.183384 49.763984
46600 10 1.975091 34.018598 4.165749 48.906959
46650 9 2.063147 37.542962 4.244540 49.212848
46700 11 1.971423 39.723355 4.278812 47.877270
46750 7 1.952527 42.806326 4.266083 54.092587
46800 7 2.262507 35.932355 4.260822 52.110730
46850 7 2.616947 42.409689 4.318215 58.088283
46900 9 2.438422 43.057748 4.199272 44.885789
46950 8 2.666054 37.707113 4.193317 52.009393
47000 8 2.783219 36.208687 4.240838 51.516692
47050 7 2.910707 36.285659 4.144448 50.775259
47100 7 2.562797 33.765572 4.127610 50.512673
47150 7 2.622830 31.786951 4.237941 51.650128
47200 7 2.671185 35.061132 4.235630 46.348415
47250 8 3.087415 35.534762 4.211455 55.431788
47300 7 2.904730 40.699435 4.271207 50.029159
47350 7 2.921915 43.575022 4.155578 49.470659
47400 7 2.782879 38.639526 4.212238 47.496036
47450 7 2.830700 35.387273 4.302108 45.681067
47500 7 2.902676 38.138806 4.258183 47.433835
47550 10 3.239651 32.976593 4.206358 48.358146
47600 7 2.930717 36.288376 4.200563 44.942360
47650 8 2.744647 35.609576 4.226827 44.231264
47700 8 3.051621 31.655731 4.200394 47.750689
47750 8 2.811539 36.520298 4.175956 46.355996
47800 8 2.834423 35.777030 4.170401 46.276686
47850 7 2.958816 30.247862 4.197010 49.170244
47900 7 2.942132 33.735085 4.228162 52.994957
47950 6 2.994233 36.399900 4.230424 48.250962
48000 8 2.792547 32.659377 4.182666 54.089200
48050 8 2.865807 36.290467 4.286928 47.945163
48100 8 2.719888 37.438428 4.169465 48.644775
48150 10 2.883395 32.251728 4.257377 36.964013
48200 7 3.180071 31.823829 4.224138 54.060074
48250 8 3.037305 34.596903 4.288556 38.008255
48300 8 2.972429 32.331131 4.258848 45.503717
48350 6 2.866268 38.764127 4.275516 48.928605
48400 7 2.936129 44.209781 4.359998 47.716679
48450 7 3.108533 38.023772 4.351904 43.966264
48500 7 2.975557 42.792552 4.360218 45.574374
48550 6 3.021899 35.938479 4.299065 42.283487
48600 7 3.052532 34.620679 4.204446 47.402915
48650 7 2.896636 32.001049 4.140464 44.632789
48700 6 3.117017 41.432325 4.225614 50.385991
48750 8 2.681284 37.492035 4.235726 48.819853
48800 6 2.656805 31.445121 4.252082 49.467246
48850 9 2.558884 32.111751 4.219850 40.048020
48900 8 2.519228 32.697112 4.235929 54.526895
48950 8 3.021071 36.376300 4.228090 45.665083
49000 7 2.977953 38.689100 4.250419 44.715770
49050 8 2.844973 44.749436 4.209746 43.685459
49100 7 2.657822 37.198800 4.216405 54.250148
49150 7 3.092741 38.001499 4.386713 42.806829
49200 6 2.888685 46.483175 4.335367 42.368914
49250 7 2.794834 43.240387 4.306869 41.809255
49300 9 2.576760 47.941823 4.282524 42.519387
49350 9 2.824996 48.673234 4.280288 41.663869
49400 8 2.722725 41.088179 4.344248 41.235649
49450 8 2.451649 31.234345 4.330577 44.044966
49500 7 2.399856 37.793773 4.415370 42.566620
49550 8 2.662078 37.587020 4.480238 40.126658
49600 7 2.520269 43.088205 4.357457 48.689657
49650 6 2.406599 37.486672 4.319744 55.753988
49700 8 2.633599 41.306242 4.289378 49.436670
49750 6 2.994604 37.147377 4.254806 43.096180
49800 7 2.666564 37.822698 4.350453 46.960112
49850 6 2.669550 33.033180 4.406701 47.820972
49900 7 2.460904 37.727779 4.348458 45.863926
49950 7 2.452184 37.743468 4.397225 46.987661
