0 9 2.830000 24.210000 3.691071 56.026652 1.000000 4.074829 
50 12 2.728482 23.790429 3.769917 73.847652 0.541991 12.788628 
100 13 2.607859 23.475230 3.778056 75.523108 0.616601 43.928500 
150 13 2.549477 24.208605 3.813930 69.058878 0.623957 79.028517 
200 14 2.317252 23.601296 3.893098 68.687307 0.596604 43.011438 
250 11 2.487659 23.620045 4.107995 49.862459 0.613316 58.043062 
300 12 2.858913 23.896443 4.115328 51.322752 0.874974 77.491107 
350 11 3.090727 23.680597 4.075760 55.039943 0.691920 118.284722 
400 12 2.924029 23.189626 4.120267 48.601251 0.583335 55.464040 
450 12 2.632423 23.547875 4.181653 49.886092 0.562498 43.081430 
500 13 2.710922 24.028090 4.193585 46.566822 0.741491 39.879566 
550 14 2.784987 24.195093 4.290163 40.687553 0.609430 40.091217 
600 12 2.771376 24.267876 4.335290 45.336954 0.721412 74.277700 
650 12 2.689327 24.560221 4.297955 43.265756 0.738046 93.731744 
700 12 2.647314 24.333038 4.314862 39.170195 0.531798 62.183243 
750 13 2.478959 24.261241 4.239073 47.016956 0.594536 65.485405 
800 12 2.599578 24.333704 4.222460 48.218939 0.638659 91.055484 
850 12 2.851408 24.427782 4.261101 46.544092 0.781426 81.110263 
900 11 2.604012 24.502745 4.236138 49.429408 0.725905 73.664422 
950 11 3.113357 24.408801 4.187912 44.991596 0.590878 44.831690 
1000 12 2.918024 24.354694 4.121048 47.368313 0.674110 40.740580 
1050 13 3.096766 24.163990 4.219293 41.128437 0.692035 38.336853 
1100 12 3.053100 24.535263 4.249123 38.974438 0.581499 38.290898 
1150 12 2.969646 24.568492 4.301536 38.783839 0.750180 57.730576 
1200 12 2.847187 24.546849 4.277798 44.846065 0.737429 48.790011 
1250 11 2.848125 24.704220 4.222624 47.573999 0.648464 47.064420 
1300 12 2.814265 24.589462 4.259805 43.159212 0.726966 57.157201 
1350 11 3.105755 24.612796 4.194482 48.671077 0.698845 60.519847 
1400 12 3.021309 23.231799 4.254191 43.913274 0.670800 73.902195 
1450 12 2.940319 23.840403 4.260703 44.931441 0.720705 86.538342 
1500 11 3.075032 23.796572 4.283339 40.549590 0.678758 86.278820 
1550 11 2.992579 25.396372 4.242644 47.071388 0.771778 66.599212 
1600 11 2.732583 24.850324 4.204251 48.623262 0.747001 92.141283 
1650 11 2.734859 25.532206 4.219051 47.748484 0.730589 62.801326 
1700 13 2.547145 24.129419 4.289017 42.641873 0.752669 43.438023 
1750 13 2.550615 25.131229 4.229276 50.742559 0.680664 55.941052 
1800 12 2.241172 25.771777 4.245368 50.248654 0.652601 106.655979 
1850 11 2.372088 26.268584 4.246705 48.213545 0.749247 42.210440 
1900 11 2.896719 26.248819 4.231758 45.298044 0.651085 60.498636 
1950 11 2.770308 26.849933 4.233589 45.233562 0.520944 43.120904 
2000 12 2.676109 26.185153 4.300201 49.150964 0.612741 74.381021 
2050 13 2.446624 26.931431 4.209574 41.364173 0.628144 123.099274 
2100 12 2.519639 25.619157 4.250363 44.412169 0.684223 50.693065 
2150 13 2.638746 27.322482 4.230844 46.863783 0.640838 61.231000 
2200 13 2.624084 27.087704 4.158911 49.147800 0.707958 57.414051 
2250 12 2.886058 27.442725 4.153047 49.259408 0.654860 66.669942 
2300 13 2.965777 27.553709 4.175860 47.054920 0.683640 43.344802 
2350 11 2.945079 27.618818 4.172903 47.703409 0.593241 53.012015 
2400 12 2.523800 27.483504 4.170869 51.557190 0.667230 53.240241 
2450 11 2.711382 27.447551 4.131806 51.090411 0.620906 40.180121 
2500 12 2.702241 27.434367 4.168437 46.100678 0.667746 75.868815 
2550 11 3.341418 27.703431 4.133073 46.179438 0.731533 79.357403 
2600 12 3.278649 27.230451 4.168973 46.100256 0.798005 63.004295 
2650 12 2.988398 27.770085 4.198493 45.087569 0.836710 49.708640 
2700 11 2.864643 26.374297 4.322870 44.489329 0.887920 61.935682 
2750 12 2.722031 26.189337 4.276900 43.008148 0.536246 76.281741 
2800 11 2.560912 26.999821 4.246823 47.078268 0.888297 99.259491 
2850 13 2.227570 25.707661 4.146606 50.164607 0.654947 131.616481 
2900 12 2.291756 26.525377 4.226517 46.836233 0.579290 113.975352 
2950 12 1.750252 26.874792 4.314109 46.093503 0.609813 76.467261 
3000 11 2.616716 26.707497 4.311868 44.208718 0.810255 57.315863 
3050 12 2.564416 26.465285 4.285357 45.093627 0.786195 62.145882 
3100 12 2.944695 26.698240 4.254649 43.114351 0.673333 36.154652 
3150 11 3.156611 28.254404 4.188990 45.694677 0.771587 47.410621 
3200 12 3.317265 28.984885 4.238315 40.689288 0.591497 65.413023 
3250 11 3.156260 28.507835 4.225046 41.271256 0.666199 61.695076 
3300 12 3.113919 26.499386 4.182659 43.425656 0.761392 26.719929 
3350 12 2.995314 29.175058 4.171754 42.933073 0.617071 45.769275 
3400 12 3.007485 26.011111 4.150111 46.762608 0.842895 72.244706 
3450 12 2.879227 25.624614 4.170805 44.243395 0.635628 39.325125 
3500 12 2.924254 24.793875 4.181523 40.784072 0.642764 57.038763 
3550 11 3.084018 20.920718 4.127470 46.362322 0.654977 56.106748 
3600 12 3.322513 27.137099 4.102638 47.185970 0.714566 45.870322 
3650 11 3.084102 28.346608 4.073594 49.491702 0.718004 40.270368 
3700 11 3.163185 28.492185 4.024259 47.114264 0.722142 66.907707 
3750 13 2.924167 25.572023 4.083915 45.290542 0.661901 72.636446 
3800 12 3.000659 27.846935 4.077479 47.065758 0.657997 33.930541 
3850 12 2.832044 29.470725 4.121228 47.598469 0.618636 75.441224 
3900 12 2.917302 32.445658 4.148408 46.544914 0.800824 31.391308 
3950 13 2.779256 29.265763 4.169665 48.839154 0.589982 52.450068 
4000 13 3.062586 30.984227 4.225488 42.155836 0.638416 45.563994 
4050 12 3.035629 30.517610 4.203125 48.088267 0.697552 39.331355 
4100 12 3.029953 31.594050 4.194314 46.752213 0.636151 57.476162 
4150 12 3.051076 30.257326 4.227424 43.389621 0.678848 67.068417 
4200 12 3.206700 29.644802 4.269626 44.915220 0.688751 52.553007 
4250 12 3.186294 28.487949 4.308584 40.341179 0.632055 57.448469 
4300 12 2.782135 28.830762 4.352489 44.071773 0.825813 108.347548 
4350 12 3.091788 28.685429 4.264924 43.767955 0.609531 69.321989 
4400 11 2.784516 25.824934 4.240013 45.212446 0.825975 74.791919 
4450 12 2.939796 26.320780 4.261276 46.020503 0.700037 60.897173 
4500 11 2.994320 25.449798 4.207249 45.263296 0.763113 58.198713 
4550 12 2.923837 27.070474 4.206348 44.608892 0.657406 60.793917 
4600 11 2.818614 31.257468 4.193873 45.246664 0.676949 24.268250 
4650 12 3.200222 29.572422 4.203074 47.303995 0.541381 32.301854 
4700 13 3.075128 28.485719 4.192050 45.063639 0.674367 38.012254 
4750 11 2.739373 27.559138 4.238535 44.179930 0.642440 32.399897 
4800 12 2.798103 29.749112 4.291733 41.231970 0.681037 40.657145 
4850 11 2.495094 25.935305 4.267101 47.323826 0.590715 47.706446 
4900 12 3.038840 29.185783 4.278355 46.733816 0.588968 55.322871 
4950 11 2.788499 31.449573 4.270059 45.066160 0.493271 48.691661 
5000 13 2.746907 30.263985 4.339341 43.127577 0.709006 78.687525 
5050 12 2.836955 29.831123 4.337732 44.109887 0.767937 64.826718 
5100 12 2.795924 25.357881 4.343476 46.877984 0.620002 69.638782 
5150 12 2.685078 26.529695 4.286096 47.106336 0.614673 35.383601 
5200 13 3.094878 26.276255 4.288483 44.225359 0.551826 86.152803 
5250 12 3.055644 23.123909 4.308652 46.054807 0.670886 66.623795 
5300 12 2.756086 22.678133 4.323249 44.165647 0.694909 65.943202 
5350 12 2.734820 22.807488 4.269008 46.540779 0.600310 132.745702 
5400 12 2.861341 23.520405 4.294104 44.530811 0.756896 56.737477 
5450 11 2.763702 26.683708 4.270025 46.984246 0.533329 37.922622 
5500 12 2.929463 26.033350 4.338269 47.538252 0.685787 80.827495 
5550 12 2.792009 26.679410 4.309443 44.210729 0.562313 54.147507 
5600 12 2.132343 24.382674 4.290329 44.911416 0.697381 54.825876 
5650 11 2.072891 25.051921 4.280206 45.645710 0.672153 52.003874 
5700 12 2.329603 24.194049 4.273951 49.500308 0.634611 44.124499 
5750 11 2.373075 27.015574 4.317724 48.532880 0.713362 58.196482 
5800 12 1.790764 29.178502 4.308578 46.806009 0.768142 71.563619 
5850 13 2.094327 24.839006 4.307375 47.314475 0.770393 96.260181 
5900 13 2.356393 25.289481 4.242386 45.867082 0.522429 58.472555 
5950 13 2.213168 30.610792 4.280204 47.325497 0.561264 84.234825 
6000 12 2.724254 28.248094 4.260373 44.901444 0.804330 82.136684 
6050 12 2.632492 31.900076 4.255017 46.725531 0.735149 55.604333 
6100 11 2.754209 30.023184 4.225560 49.371946 0.594104 54.105096 
6150 11 2.793425 33.657447 4.186873 50.311700 0.579923 65.971826 
6200 13 2.886326 33.538638 4.198699 44.361203 0.529294 55.871308 
6250 12 3.078482 34.456429 4.178691 46.542305 0.687570 55.719877 
6300 11 2.802257 32.593655 4.204890 45.584684 0.709707 73.132286 
6350 11 3.056489 29.808332 4.209526 44.244192 0.588159 36.006041 
6400 11 2.849660 31.748258 4.154769 46.611904 0.539013 61.072819 
6450 12 2.829108 31.934936 4.180270 45.732102 0.675519 91.811644 
6500 11 3.068688 30.652648 4.248041 45.671378 0.674849 87.885715 
6550 12 2.940661 32.732855 4.239270 46.744212 0.697319 59.976294 
6600 12 2.611175 30.815634 4.242572 47.085932 0.670884 53.721587 
6650 12 2.805963 28.538562 4.204975 45.391454 0.646051 62.595242 
6700 12 2.801946 29.899512 4.202754 46.666069 0.641031 63.958100 
6750 13 2.545670 29.770494 4.201288 46.122711 0.723551 77.595699 
6800 12 2.974665 29.172901 4.193238 45.153960 0.545668 57.346313 
6850 11 3.029860 31.601187 4.215031 43.444820 0.800211 45.663149 
6900 12 3.144010 31.935932 4.192690 45.914392 0.681247 51.984966 
6950 11 3.491468 33.091167 4.161443 47.219006 0.859349 70.924733 
7000 12 3.286510 32.408608 4.177540 45.267471 0.770969 58.741924 
7050 13 2.944752 27.943438 4.200105 42.894723 0.594373 91.936707 
7100 12 2.822148 32.450074 4.149340 46.761420 0.709895 92.590874 
7150 11 2.820576 29.527197 4.129989 47.262620 0.659622 56.371878 
7200 12 2.871255 25.300661 4.137445 45.974279 0.657269 49.246333 
7250 12 3.475797 20.121010 4.176993 46.429552 0.677899 37.054282 
7300 12 2.830802 25.181127 4.168564 45.861309 0.839480 91.148371 
7350 12 2.574526 27.020463 4.230839 46.786984 0.644401 57.201739 
7400 12 3.334620 29.689138 4.201764 41.754757 0.702001 59.795114 
7450 11 3.506208 26.541411 4.159329 45.133679 0.650519 43.900811 
7500 12 2.911665 27.311333 4.029282 56.717661 0.652230 66.963843 
7550 13 2.826304 20.899021 4.000841 57.219374 0.711931 53.182125 
7600 14 2.581082 26.774239 3.962770 51.945187 0.794125 107.831762 
7650 12 2.743539 26.779813 3.968104 52.410674 0.567721 36.300284 
7700 12 2.983976 25.642912 3.997437 50.988065 0.664346 44.538216 
7750 12 2.969309 29.379525 4.008014 49.985163 0.689004 43.330314 
7800 12 2.641290 34.226137 4.118578 46.649005 0.611263 55.056756 
7850 12 3.018213 37.003009 4.139317 44.382985 0.618413 57.299303 
7900 12 2.927932 36.235162 4.101249 48.366547 0.766533 83.315258 
7950 12 2.705074 35.011925 4.147293 47.341270 0.639446 82.180554 
8000 12 2.564322 30.285448 4.154747 47.310658 0.651350 59.432270 
8050 12 2.733076 28.216412 4.152580 47.931735 0.771776 71.837955 
8100 12 2.797551 28.654318 4.158430 47.966928 0.770116 56.259213 
8150 11 2.958074 29.042436 4.138413 46.122124 0.750922 63.834264 
8200 13 2.936276 27.367895 4.139246 47.055656 0.696793 53.087845 
8250 12 3.131837 23.663851 4.127714 48.046841 0.695041 71.193092 
8300 12 2.911064 23.269545 4.085657 48.513339 0.667148 61.640663 
8350 12 3.034974 24.553823 4.072508 48.712948 0.748942 97.147459 
8400 12 3.178731 26.971800 4.074831 53.528766 0.624320 38.374869 
8450 11 3.066703 28.455168 4.065938 48.575849 0.713854 69.557333 
8500 11 2.975433 29.463203 4.066956 48.675283 0.618952 74.551820 
8550 11 2.571034 30.539228 4.079789 49.868276 0.546469 54.398337 
8600 11 2.813748 30.497307 4.071670 47.801533 0.678944 52.764552 
8650 12 2.684178 28.598252 4.152093 48.674224 0.777511 34.836420 
8700 13 2.935798 28.491599 4.144750 46.881159 0.602117 28.205883 
8750 12 2.569149 27.800705 4.110283 49.991241 0.654240 36.101515 
8800 13 2.689408 31.856580 4.105206 48.825197 0.643461 72.898720 
8850 12 2.385689 31.629985 4.086319 44.913700 0.689570 54.310530 
8900 13 2.899229 33.069358 4.083005 47.003993 0.590482 62.612106 
8950 12 3.046091 39.234716 4.091389 48.247371 0.724693 56.301573 
9000 12 2.677515 35.678354 4.072285 48.104824 0.557115 70.029581 
9050 11 2.648810 35.824114 4.083026 50.328494 0.670824 48.261999 
9100 11 2.917683 32.411530 4.117096 48.906933 0.635668 29.818044 
9150 12 2.965666 35.918371 4.135484 47.561368 0.766130 46.289744 
9200 11 2.933806 41.907650 4.167245 47.478946 0.674612 41.253053 
9250 12 2.894876 36.964889 4.164997 47.432098 0.709129 49.011736 
9300 11 2.850504 39.041561 4.170128 44.303570 0.537903 42.500551 
9350 12 2.599597 40.236303 4.205220 49.711710 0.731484 51.616495 
9400 11 2.865892 38.299047 4.187497 43.666351 0.682700 79.419296 
9450 12 2.489806 35.598050 4.202056 45.926189 0.540756 67.906071 
9500 11 2.579639 37.454258 4.149323 51.927371 0.776414 61.148917 
9550 11 2.637593 36.030397 4.160225 47.910113 0.576887 44.943179 
9600 13 2.462444 33.491357 4.123553 52.021043 0.588010 38.568090 
9650 12 2.573314 35.144395 4.115628 49.269580 0.625333 70.716972 
9700 12 2.626232 33.891582 4.112000 52.813290 0.617512 90.188559 
9750 13 2.334600 38.052569 4.121993 52.705735 0.572220 72.155169 
9800 12 2.931210 32.993261 4.164464 46.145907 0.657023 43.226675 
9850 12 2.611747 34.253380 4.186981 45.694449 0.775042 43.808297 
9900 12 2.852106 33.510670 4.192566 47.195955 0.682396 57.190524 
9950 12 3.062968 31.920923 4.234100 43.305939 0.642856 59.384550 
10000 12 2.825761 32.493200 4.231517 46.847838 0.811547 75.632129 
10050 11 2.981600 30.613909 4.238441 41.807666 0.643790 91.185265 
10100 12 3.085819 27.873934 4.282943 43.419676 0.703955 28.743639 
10150 12 2.896661 31.175426 4.287752 46.648672 0.805633 31.147390 
10200 12 2.883107 31.805497 4.262296 49.618330 0.791412 26.385528 
10250 12 2.609061 36.239540 4.200243 48.030738 0.564345 51.020578 
10300 12 2.684292 34.483323 4.209850 49.882249 0.638272 31.792218 
10350 12 2.551912 33.630240 4.193255 47.377015 0.703719 61.841610 
10400 12 2.696198 34.235656 4.180054 43.656875 0.826042 30.146542 
10450 12 2.866081 33.520524 4.185682 42.661496 0.580576 48.070456 
10500 12 2.957088 38.194966 4.177215 44.701197 0.790446 104.512894 
10550 12 3.122407 36.165034 4.179774 44.603751 0.603073 62.700008 
10600 13 3.046783 32.958138 4.158231 45.672993 0.682934 51.797849 
10650 12 2.761715 30.863969 4.156649 48.285552 0.705474 47.705606 
10700 12 2.645772 29.218668 4.219716 43.786005 0.923794 78.593424 
10750 11 2.917066 35.962312 4.188241 47.125913 0.509304 40.400350 
10800 11 3.247917 32.745273 4.169987 47.617616 0.680433 50.604644 
10850 11 3.124696 30.182155 4.165792 44.203150 0.781661 84.606203 
10900 13 2.833133 34.536421 4.179769 49.039954 0.616408 47.255579 
10950 11 2.771351 33.506287 4.145517 49.026029 0.766019 32.287227 
11000 11 2.691268 36.511142 4.151614 46.580499 0.741010 44.458596 
11050 12 2.713919 36.162341 4.170675 44.259530 0.795817 31.204818 
11100 12 2.961560 35.030063 4.155826 45.428902 0.891094 48.046225 
11150 12 2.655629 35.130918 4.180927 45.977345 0.569225 40.108053 
11200 12 3.085641 34.826769 4.147735 46.404588 0.724682 47.822587 
11250 12 3.309599 35.183977 4.139052 47.139551 0.635192 37.331553 
11300 12 2.952800 38.239697 4.126945 45.871445 0.568927 45.370626 
11350 11 3.134467 37.094070 4.079213 47.732124 0.652453 60.793827 
11400 12 3.427843 36.608887 4.087143 42.995949 0.600905 62.736176 
11450 12 2.947325 34.616382 4.086109 48.770602 0.638073 32.300836 
11500 12 3.005550 28.260907 4.058308 54.167416 0.758209 44.330869 
11550 12 3.215378 29.859148 4.117293 48.128686 0.680962 46.197373 
11600 12 2.664438 29.438353 4.140369 46.546358 0.681941 72.383370 
11650 11 3.181436 31.730148 4.145105 48.002103 0.594635 67.525644 
11700 12 3.302448 34.898884 4.177330 46.829819 0.625440 104.092634 
11750 11 3.129045 31.850160 4.212079 48.805060 0.748164 91.961755 
11800 12 2.823990 31.123831 4.182674 50.575181 0.637323 85.048435 
11850 11 2.623211 33.140936 4.204175 43.844406 0.504514 30.611205 
11900 12 2.844050 27.993804 4.181089 49.273443 0.648744 46.417915 
11950 11 2.794549 24.162086 4.190421 49.857286 0.782981 33.705004 
12000 12 2.823431 26.846266 4.203769 46.931149 0.587407 34.482336 
12050 12 2.657435 28.425503 4.218278 49.100027 0.721810 55.373900 
12100 11 2.752515 27.545986 4.194728 50.109192 0.660590 41.462544 
12150 13 2.558655 30.511290 4.163303 46.073165 0.615528 67.275358 
12200 13 2.946946 32.011338 4.140332 51.760290 0.748426 40.272216 
12250 11 2.159551 28.749642 4.165865 46.781908 0.658723 41.108760 
12300 11 2.406830 26.411474 4.183770 48.896750 0.549439 45.611111 
12350 12 2.618146 27.618600 4.165451 47.970344 0.662070 51.500934 
12400 12 2.665440 29.335710 4.149993 47.871863 0.707321 62.638302 
12450 12 2.901951 29.656244 4.126114 48.162495 0.630659 54.339082 
12500 12 2.963441 31.516484 4.112533 47.181373 0.675553 67.852204 
12550 12 3.035402 35.010198 4.145663 47.825587 0.613042 33.243380 
12600 12 3.321945 35.327578 4.146548 47.239356 0.600649 46.359633 
12650 12 2.952227 34.495095 4.141113 48.022075 0.570365 51.750768 
12700 11 3.363111 36.785462 4.154392 45.862534 0.680714 46.785962 
12750 12 3.125676 38.957098 4.132440 45.432753 0.742280 45.165835 
12800 12 3.130741 34.961894 4.113419 46.484922 0.518909 68.813371 
12850 12 3.090584 34.728640 4.103493 47.220106 0.772101 38.906172 
12900 12 3.276696 34.802087 4.087159 45.737745 0.817547 63.968419 
12950 13 3.037231 38.080084 4.059472 47.032174 0.612957 134.908582 
13000 11 2.904882 38.031804 4.032260 53.139922 0.635057 54.929965 
13050 11 3.131213 37.405574 4.073841 49.075893 0.685654 70.873166 
13100 11 2.833585 38.989994 4.106592 47.773788 0.649695 80.680821 
13150 13 2.949715 39.502465 4.162252 41.110606 0.737561 111.614205 
13200 12 3.002250 38.637699 4.204455 43.754551 0.762016 50.792657 
13250 12 3.220396 40.081616 4.172788 46.980100 0.607527 40.701326 
13300 12 2.962643 38.559415 4.172397 44.364494 0.611551 51.682990 
13350 11 3.056218 39.333952 4.160130 46.249606 0.614341 59.269336 
13400 12 3.126087 39.916396 4.186922 43.497975 0.624820 69.279394 
13450 11 3.050060 39.778591 4.180933 46.127687 0.801179 59.891578 
13500 11 3.059597 40.712313 4.177529 45.317513 0.650751 32.340348 
13550 12 3.049661 40.751538 4.204872 43.843445 0.621418 44.524016 
13600 12 2.899908 41.259038 4.179650 45.818153 0.651598 86.975947 
13650 12 2.828871 41.032952 4.155330 49.980939 0.650700 45.001297 
13700 11 2.824711 40.315285 4.152525 49.148120 0.698218 49.635125 
13750 11 2.978239 41.964073 4.125924 45.917371 0.670361 74.950338 
13800 12 3.135897 41.470182 4.135938 44.195883 0.683119 62.885627 
13850 12 3.084138 43.271805 4.151216 45.418629 0.593281 45.310560 
13900 13 2.787453 42.559569 4.130884 50.079451 0.507280 67.591413 
13950 12 3.013445 42.508933 4.122965 47.007065 0.732941 54.499070 
14000 12 3.599844 39.883327 4.151286 45.141595 0.758042 42.100457 
14050 11 2.733570 37.647489 4.134338 48.779835 0.849211 71.541610 
14100 12 2.692167 40.755685 4.146748 50.561035 0.761759 84.018721 
14150 12 2.460606 39.699625 4.137410 46.248321 0.605085 41.144403 
14200 12 2.936615 38.867093 4.085385 50.802831 0.827544 40.948552 
14250 12 2.199485 40.834369 4.083250 48.769920 0.690971 77.051731 
14300 13 2.504699 38.741636 4.111925 49.669638 0.841655 97.830642 
14350 11 2.271477 38.549329 4.130593 47.908060 0.749646 72.020026 
14400 11 2.761188 39.898295 4.164524 47.082844 0.910028 74.059246 
14450 11 2.934701 35.607123 4.203667 48.934909 0.581180 44.440288 
14500 12 2.857697 35.887604 4.218408 42.394821 0.697516 49.936370 
14550 12 2.824459 43.411262 4.189578 45.292142 0.540746 46.931336 
14600 12 2.744031 44.663356 4.180668 46.122120 0.689489 73.036472 
14650 12 2.701919 40.075443 4.202799 48.828394 0.644081 85.715100 
14700 12 2.708659 36.365052 4.188729 45.520046 0.624442 82.622982 
14750 12 2.487988 38.596028 4.174083 47.353359 0.736485 50.126345 
14800 11 2.792491 36.137976 4.183613 44.879179 0.719254 65.885273 
14850 12 2.681494 36.725068 4.207172 47.210965 0.684756 37.953106 
14900 12 3.094718 40.221278 4.263475 47.681606 0.612911 64.479174 
14950 12 2.859760 40.892881 4.212115 46.132207 0.710207 79.506250 
15000 12 3.119763 40.975656 4.194043 44.568426 0.600165 46.863866 
15050 12 2.650711 41.776047 4.229406 46.029540 0.575066 40.950844 
15100 13 2.527091 43.837856 4.268957 44.351609 0.621395 43.345379 
15150 12 2.719197 43.755470 4.265601 46.225565 0.627351 49.435754 
15200 12 3.065558 40.271899 4.309399 44.835461 0.721691 31.952455 
15250 12 3.018225 39.085042 4.314339 40.290314 0.776703 38.401045 
15300 12 2.945808 42.753290 4.357472 42.040651 0.614876 29.856965 
15350 12 2.707182 38.157720 4.386465 44.383404 0.674894 50.696073 
15400 12 3.085752 40.443061 4.316508 44.997996 0.687713 42.192223 
15450 12 2.924691 40.312128 4.298993 45.575409 0.783374 87.465926 
15500 12 2.942923 39.877386 4.262969 43.093996 0.790620 54.582074 
15550 11 2.742184 38.954966 4.187750 48.045477 0.765698 52.461683 
15600 12 2.914354 37.162748 4.200954 45.259929 0.683900 43.921812 
15650 11 2.925424 39.611694 4.195162 47.733711 0.698367 39.303619 
15700 11 3.122154 39.890627 4.166049 49.388371 0.625760 30.227306 
15750 11 2.923547 40.286059 4.237898 45.260960 0.593522 39.049034 
15800 12 3.002867 34.619218 4.246577 44.766308 0.738016 54.011130 
15850 12 2.793982 37.455692 4.257464 45.717379 0.647895 46.085985 
15900 13 2.412284 34.357834 4.171643 51.474015 0.609427 25.351658 
15950 12 2.855364 26.712152 4.178479 47.290462 0.740357 47.292490 
16000 11 2.994994 34.026947 4.206987 42.226002 0.780880 69.231633 
16050 13 2.956498 30.138334 4.192132 44.904692 0.710354 49.760145 
16100 12 3.082303 34.567443 4.178227 43.400317 0.715714 67.985097 
16150 12 2.977137 34.318663 4.201169 47.898846 0.656330 34.980337 
16200 13 2.438779 31.408683 4.252896 45.011971 0.669049 70.111518 
16250 12 2.619032 30.116048 4.238868 44.770733 0.671426 44.508186 
16300 12 2.804953 33.003657 4.248544 47.377195 0.638565 38.510982 
16350 12 2.775109 33.756162 4.261751 48.962685 0.747457 33.064510 
16400 12 2.522002 35.954544 4.288994 44.248650 0.812223 66.279448 
16450 11 2.594439 34.631645 4.275260 49.091711 0.700851 38.955639 
16500 12 2.965483 33.362246 4.286894 46.477937 0.642639 51.455415 
16550 12 2.873126 27.903343 4.251448 46.698562 0.686892 56.763240 
16600 12 2.624860 29.309806 4.274815 46.798495 0.594452 78.625446 
16650 12 2.563176 26.754264 4.279112 46.975487 0.652339 35.648802 
16700 11 2.595874 31.463565 4.285078 46.758313 0.692050 39.518225 
16750 12 2.945073 32.961752 4.277401 46.567664 0.639540 69.361404 
16800 12 2.638480 30.083484 4.251200 46.014066 0.570464 81.875627 
16850 11 2.331173 31.591612 4.250874 45.274207 0.668204 57.078867 
16900 12 2.677204 30.121041 4.267491 45.271174 0.720822 51.005344 
16950 12 2.808282 29.841585 4.280738 44.032255 0.564438 60.404242 
17000 11 2.641453 33.386687 4.258498 46.703201 0.762216 79.786542 
17050 12 2.558685 31.979390 4.214609 44.451971 0.837924 81.700101 
17100 12 2.845306 30.573982 4.250087 42.713027 0.712672 118.250653 
17150 12 2.587574 28.116792 4.253240 43.688673 0.656092 74.534380 
17200 12 2.514658 27.405169 4.246277 44.739227 0.578461 89.891195 
17250 11 2.698167 27.275772 4.244009 46.423168 0.705238 90.372989 
17300 12 2.683758 29.462663 4.255307 45.292143 0.700136 94.583163 
17350 12 2.814154 31.455258 4.268723 45.666564 0.779267 63.559220 
17400 12 3.058655 27.796458 4.266667 45.437102 0.746994 54.567356 
17450 12 3.120323 28.027399 4.259904 45.554725 0.636597 63.011475 
17500 11 3.103722 30.153882 4.237669 45.991016 0.753452 84.040902 
17550 12 3.055164 30.948808 4.203701 46.492580 0.686698 130.914721 
17600 12 3.461917 33.308236 4.208245 45.887864 0.871712 63.897596 
17650 11 3.208674 32.741604 4.181474 45.644236 0.684682 35.254241 
17700 12 3.400819 32.776142 4.159832 45.090606 0.572799 55.813625 
17750 11 3.034366 32.148301 4.216350 44.688731 0.664733 54.725417 
17800 12 3.063662 34.752931 4.219992 46.363150 0.720160 77.858039 
17850 12 3.031224 37.236548 4.222766 46.324917 0.686501 66.946541 
17900 12 2.781263 37.107696 4.243334 47.832557 0.791442 53.823646 
17950 12 2.858695 40.025138 4.237043 46.980311 0.840155 52.817581 
18000 11 3.096776 36.111091 4.227009 47.049630 0.726058 58.568395 
18050 11 3.299395 32.830536 4.220956 47.436542 0.806476 42.418863 
18100 12 3.050045 33.729988 4.246210 46.737561 0.646970 82.996189 
18150 11 2.693761 35.188307 4.247008 46.275259 0.691260 85.813902 
18200 14 2.443051 28.179581 4.238446 46.036220 0.590579 39.348095 
18250 12 2.408312 29.255541 4.224386 46.122469 0.652276 55.968882 
18300 12 2.595046 27.869998 4.184382 47.183227 0.831148 64.262551 
18350 12 2.083496 32.403775 4.206523 46.936312 0.594667 76.419541 
18400 13 2.126988 33.237669 4.226452 44.933039 0.905135 43.960233 
18450 12 2.538106 33.694723 4.217425 44.222394 0.590177 47.143303 
18500 12 2.731334 32.421966 4.234271 43.778512 0.710716 38.909148 
18550 11 2.890330 30.420401 4.227356 46.313698 0.711666 59.549860 
18600 12 2.897596 30.461346 4.238945 44.512667 0.633294 60.104511 
18650 12 2.667278 36.572023 4.247929 46.120871 0.720249 50.002352 
18700 12 2.883425 36.589570 4.251098 44.584204 0.743436 60.239026 
18750 11 3.312022 32.613124 4.236359 43.230042 0.737662 52.607427 
18800 12 3.183368 36.925482 4.226466 44.497443 0.629392 33.807147 
18850 13 3.119957 36.453603 4.260094 40.433558 0.675669 44.555718 
18900 12 3.048489 32.109282 4.253188 46.559571 0.653531 42.630583 
18950 13 2.930955 31.841726 4.258379 46.936389 0.796873 83.949772 
19000 12 2.492644 31.161298 4.251303 47.542175 0.595736 51.476809 
19050 13 2.856848 30.675845 4.280501 46.774309 0.608792 60.666877 
19100 11 2.605582 27.938172 4.284747 46.388020 0.634851 119.595728 
19150 11 2.384055 33.346545 4.271339 42.981106 0.750715 68.080680 
19200 11 2.655260 27.642139 4.222096 46.405739 0.680552 48.440765 
19250 11 2.482646 31.565198 4.185539 47.538851 0.652763 122.618505 
19300 12 2.724207 31.226670 4.199293 47.885409 0.648744 94.693787 
19350 11 2.701530 28.931790 4.202124 48.707042 0.808251 46.349526 
19400 12 2.868683 28.354983 4.210013 47.209839 0.701578 53.398712 
19450 13 2.816571 31.483622 4.234378 43.092904 0.613723 60.733866 
19500 13 2.927086 28.358943 4.248092 42.087548 0.675280 56.275110 
19550 12 3.155748 30.184014 4.214376 44.399710 0.796699 45.975704 
19600 12 2.942802 30.529175 4.240273 44.607785 0.792851 53.861892 
19650 11 2.990728 28.901282 4.249066 47.196505 0.628421 82.078039 
19700 11 2.643910 31.795890 4.257298 45.549872 0.607488 76.766268 
19750 12 2.944678 30.679202 4.245816 44.869632 0.575596 58.063308 
19800 12 3.004319 27.304000 4.209689 45.681626 0.733228 79.668966 
19850 11 2.571698 34.699543 4.179121 45.790731 0.607349 40.233579 
19900 12 2.833116 37.436833 4.197339 44.337843 0.669037 36.814897 
19950 12 2.905345 33.857340 4.152811 44.360074 0.727835 68.875508 
20000 12 2.917154 27.097176 4.153128 45.326601 0.675277 46.910403 
20050 13 2.711057 34.901935 4.140935 46.590388 0.731143 68.929458 
20100 11 2.979425 34.008564 4.159792 46.363536 0.639404 44.072658 
20150 12 2.846590 34.630218 4.109110 45.774051 0.703168 57.056113 
20200 12 3.335087 29.264252 4.114472 47.270931 0.678994 51.682387 
20250 11 2.944306 32.822835 4.074087 51.305581 0.777366 66.266467 
20300 11 2.557268 31.545745 4.106509 47.399670 0.680459 40.015199 
20350 12 3.024522 28.689801 4.103218 49.467415 0.568322 52.585417 
20400 13 3.126194 26.627969 4.134918 48.192643 0.752634 67.423456 
20450 12 2.880820 30.043992 4.107020 48.145240 0.636956 80.508816 
20500 14 2.454887 31.543011 4.082394 51.086564 0.621862 50.174117 
20550 12 2.632675 33.755842 4.039955 50.596332 0.668672 54.970508 
20600 13 2.406077 35.935095 4.051602 47.785281 0.687161 43.126173 
20650 12 2.767253 39.133878 4.105759 49.914205 0.735638 62.770613 
20700 11 2.720636 33.507295 4.121247 52.838041 0.608552 32.834309 
20750 12 2.449729 26.707638 4.122943 48.899504 0.734985 87.099594 
20800 11 2.277468 29.135003 4.111687 52.300062 0.625457 59.050748 
20850 12 2.506514 28.632862 4.197473 51.221876 0.714479 48.169880 
20900 13 2.662619 32.937778 4.185990 48.026102 0.714826 37.345190 
20950 11 2.295548 32.686392 4.163472 51.373508 0.630921 28.369015 
21000 12 2.813396 23.420607 4.177543 45.860450 0.572750 46.869167 
21050 13 3.134959 23.708065 4.240877 44.448157 0.675107 38.448923 
21100 13 3.358169 31.141074 4.261396 42.389232 0.725770 52.460109 
21150 11 3.033874 29.753921 4.259372 44.145065 0.686701 96.378873 
21200 12 3.194835 27.277174 4.249230 45.059184 0.542238 55.245416 
21250 11 3.344073 28.704210 4.272886 43.709072 0.809182 66.254926 
21300 12 3.026359 26.674535 4.301144 47.534786 0.704450 63.283194 
21350 12 2.712692 29.968750 4.273340 44.370690 0.793840 45.768724 
21400 12 2.735365 26.773793 4.300769 45.042058 0.618936 44.787409 
21450 12 3.019113 24.099755 4.310349 44.971242 0.705608 29.424731 
21500 12 2.679946 20.000120 4.293119 45.655845 0.730203 50.064760 
21550 12 3.135110 22.000969 4.239395 47.745365 0.666103 36.360568 
21600 12 3.184163 20.545513 4.241107 46.695130 0.698743 53.087334 
21650 12 3.132008 29.454272 4.210630 47.414892 0.713513 42.154220 
21700 13 2.607045 28.089302 4.169367 49.289419 0.562429 34.303954 
21750 12 2.543588 24.091252 4.183656 47.775037 0.556977 54.945140 
21800 12 2.730812 35.025694 4.172141 49.033739 0.733301 82.669192 
21850 12 2.917193 26.626240 4.178902 47.904995 0.660220 43.837231 
21900 12 2.884979 30.316056 4.180409 46.849885 0.652831 71.888270 
21950 12 2.885232 27.659542 4.169621 47.884861 0.592591 66.914390 
22000 11 3.164115 30.291865 4.115560 46.320645 0.641285 61.365437 
22050 12 3.167083 35.621430 4.104113 46.967511 0.632580 65.637494 
22100 12 2.971902 36.200586 4.098842 46.933443 0.651623 57.141664 
22150 12 2.792949 32.521391 4.078939 46.992794 0.847194 93.703573 
22200 12 2.929466 29.509701 4.048968 50.477777 0.783597 58.253928 
22250 11 3.390605 30.322248 4.072088 51.897409 0.679812 74.745913 
22300 12 2.760339 32.392969 4.121281 46.308975 0.644189 87.710084 
22350 13 2.960663 34.538850 4.095302 49.981358 0.708993 117.409674 
22400 12 3.039270 30.971355 4.069920 52.898987 0.778260 51.513613 
22450 12 2.926171 30.473860 4.039944 47.799220 0.769624 63.118568 
22500 11 2.979745 30.431617 4.060134 47.809030 0.688962 37.393853 
22550 12 3.020676 31.292336 4.086092 45.375581 0.631460 57.668974 
22600 12 3.217557 28.791855 4.108994 44.857142 0.680194 52.669184 
22650 12 3.059262 31.006585 4.150060 48.230473 0.731159 64.578774 
22700 12 3.169935 31.980223 4.202565 44.404845 0.822469 63.635237 
22750 13 3.030989 31.710287 4.215054 38.525486 0.770295 56.124756 
22800 13 3.403450 35.123088 4.219392 38.509940 0.582365 50.100430 
22850 13 3.426496 36.112760 4.259392 41.097870 0.633233 34.264575 
22900 13 3.136155 30.782739 4.204254 46.907532 0.715441 48.417211 
22950 12 2.695347 29.387568 4.179999 45.800967 0.652892 65.807530 
23000 12 2.752394 33.877289 4.222624 46.657807 0.558113 43.621085 
23050 12 2.925340 30.263460 4.237549 48.260480 0.867550 69.199301 
23100 11 2.979808 26.293449 4.226600 48.149618 0.582004 62.729483 
23150 12 2.635206 27.806940 4.247413 47.615290 0.661740 58.115848 
23200 13 2.459457 29.710625 4.260693 40.443770 0.794349 64.688199 
23250 13 2.904313 30.025255 4.231229 38.563869 0.702599 38.410231 
23300 12 2.828646 29.846804 4.230072 47.288678 0.808496 47.195359 
23350 12 2.971346 31.966083 4.232555 46.525562 0.714078 54.253408 
23400 12 2.833056 33.985220 4.168370 44.366531 0.724367 36.761434 
23450 11 2.776247 33.021342 4.177846 49.639208 0.849750 75.443298 
23500 11 3.030297 32.339663 4.162546 45.400602 0.543910 67.642355 
23550 12 3.073077 34.845488 4.143408 46.208186 0.629969 60.517953 
23600 12 2.929145 34.118279 4.180417 46.530257 0.607212 95.802669 
23650 11 3.342984 29.752569 4.194611 45.197377 0.734150 63.223347 
23700 12 3.477369 31.414879 4.208076 45.371591 0.651241 44.981708 
23750 12 3.766934 32.118706 4.198514 44.317463 0.720458 53.817302 
23800 12 2.578557 28.437501 4.215213 49.793687 0.720879 82.189061 
23850 11 2.889772 28.376886 4.214279 43.775969 0.651348 47.276413 
23900 11 2.749810 29.579652 4.220255 46.266051 0.752500 29.539499 
23950 11 2.940385 28.752106 4.230312 49.601530 0.794024 55.975350 
24000 12 2.967479 24.842804 4.269208 44.387109 0.674207 71.808820 
24050 11 2.565479 21.628348 4.309243 46.840349 0.627489 81.364751 
24100 11 2.355920 24.162270 4.297390 48.999931 0.635815 66.809533 
24150 12 2.870201 28.453200 4.317875 45.406415 0.835589 33.646187 
24200 11 3.097287 23.607347 4.291607 43.843479 0.591139 42.236010 
24250 12 2.995954 27.905013 4.292341 47.336442 0.666277 39.221804 
24300 12 3.142095 26.764921 4.258607 48.277920 0.615596 51.932307 
24350 12 2.985761 27.106728 4.252654 48.671187 0.712722 82.571323 
24400 12 2.580271 30.451187 4.224193 45.160999 0.702057 91.373133 
24450 12 3.029105 26.501459 4.181775 50.703613 0.708906 72.269003 
24500 12 2.671549 31.828379 4.102381 48.894746 0.839377 74.290643 
24550 13 3.024075 25.236441 4.098742 47.573911 0.635295 62.520737 
24600 12 2.626371 35.348914 4.098172 46.502055 0.805117 34.594537 
24650 12 2.755443 28.056928 4.070824 48.219591 0.706250 26.093676 
24700 12 2.602511 27.205390 4.136259 45.003337 0.711084 32.042555 
24750 12 2.556926 24.280320 4.109246 50.177848 0.574468 46.625855 
24800 12 2.682056 27.322543 4.110701 47.558925 0.738112 52.669485 
24850 12 2.996768 32.209298 4.157661 46.634545 0.756415 96.939185 
24900 12 2.950735 33.567453 4.135917 43.773163 0.913765 67.628061 
24950 11 3.105233 27.559061 4.135080 47.158767 0.703546 41.174514 
25000 12 3.141740 24.851850 4.127472 49.258472 0.675622 42.797767 
25050 12 3.401954 36.976008 4.201824 44.156050 0.701296 60.441181 
25100 12 2.955523 36.328953 4.194090 44.518925 0.756972 91.540519 
25150 12 2.736881 32.381661 4.201657 44.496129 0.656197 43.587316 
25200 12 2.521534 32.953633 4.212209 46.452684 0.798594 83.133660 
25250 12 3.077068 33.132442 4.201779 44.277761 0.596718 58.345431 
25300 11 2.921917 30.152418 4.171988 49.848598 0.525778 58.245592 
25350 12 3.510341 33.945293 4.178895 47.182362 0.689043 54.226952 
25400 13 3.139117 29.984941 4.189252 44.561298 0.725637 82.014912 
25450 12 3.113965 26.287004 4.147855 47.402214 0.669890 78.245869 
25500 11 3.029752 30.541312 4.174949 47.191279 0.663672 32.934722 
25550 11 3.367872 27.353536 4.176361 45.517009 0.749478 82.694488 
25600 13 3.009556 31.568815 4.177601 46.360742 0.775319 70.479725 
25650 14 3.020703 23.394154 4.123720 45.762428 0.598851 68.130804 
25700 12 3.167591 26.249111 4.119690 48.423640 0.657647 50.333340 
25750 12 3.312337 30.445455 4.136940 47.568697 0.644263 69.179458 
25800 11 3.347479 25.208184 4.145789 45.769711 0.770182 47.147511 
25850 12 3.079332 32.481211 4.165367 47.116902 0.714288 46.932446 
25900 13 3.053174 26.660961 4.133887 46.819691 0.738686 64.329074 
25950 11 3.154740 26.514396 4.188381 45.158210 0.683413 42.903833 
26000 11 3.405699 28.571599 4.186371 48.118367 0.698913 71.121574 
26050 12 3.122460 26.545748 4.169261 46.070966 0.600973 50.858709 
26100 11 3.088012 32.923887 4.126585 47.388412 0.738474 58.137688 
26150 12 2.775586 29.680071 4.088677 48.070266 0.593496 52.820772 
26200 13 2.702527 32.015836 4.097888 47.881712 0.746870 35.134381 
26250 15 2.941514 27.123386 4.146026 47.186231 0.672547 36.054727 
26300 11 3.094722 33.178893 4.166837 47.170619 0.734701 30.786620 
26350 12 2.866497 26.301324 4.166158 45.592163 0.672665 69.057036 
26400 12 2.883478 23.937533 4.192705 46.407673 0.676255 56.882638 
26450 11 2.888461 26.722288 4.181832 45.467768 0.608697 45.360953 
26500 12 3.002054 20.546963 4.235767 46.501329 0.540306 46.448084 
26550 12 2.950889 20.734760 4.243583 45.352033 0.574526 41.947368 
26600 12 2.744571 23.467003 4.266525 45.236082 0.762174 58.886866 
26650 11 2.977264 24.445945 4.199782 45.870034 0.685460 77.190478 
26700 12 3.110080 30.851672 4.135482 47.456406 0.715976 60.076900 
26750 12 2.631141 29.352823 4.092769 51.851620 0.741363 47.379704 
26800 12 2.738604 24.340452 4.094941 50.256252 0.729373 82.461453 
26850 12 2.947474 30.715822 4.097973 49.338102 0.614794 50.561980 
26900 12 2.536558 28.482279 4.103252 47.696985 0.703259 81.290100 
26950 12 2.716464 25.995401 4.109927 51.805862 0.853045 129.024941 
27000 11 2.849093 28.072786 4.090863 49.950084 0.671549 60.312156 
27050 11 2.833365 28.086612 4.097325 50.593484 0.643420 51.101475 
27100 12 2.972340 27.498895 4.093344 51.855507 0.628537 86.052301 
27150 12 2.743585 22.513125 4.091960 48.481086 0.811598 69.423767 
27200 12 2.855379 28.397016 4.065133 51.630227 0.583094 63.420528 
27250 11 3.086654 26.096125 4.059246 49.354678 0.722963 78.540644 
27300 11 2.782071 24.719962 4.025758 49.452829 0.790604 45.700516 
27350 12 2.747855 32.719439 4.046755 49.156488 0.777611 49.760826 
27400 11 3.012622 35.555093 4.030211 48.567942 0.666692 73.069312 
27450 12 2.928629 30.675991 4.037927 49.586411 0.723211 68.009674 
27500 13 2.879707 30.418309 4.054282 47.064736 0.753733 91.357037 
27550 11 3.098621 33.004556 4.060391 48.409862 0.566037 59.545719 
27600 13 3.014510 29.474264 4.125971 45.728858 0.681104 36.868843 
27650 11 2.686983 28.619876 4.140447 49.399553 0.656881 77.099233 
27700 11 2.871717 33.229314 4.205648 46.502964 0.713034 45.771546 
27750 12 2.896757 35.401083 4.193242 47.224745 0.683564 60.132290 
27800 12 2.649973 31.549966 4.188122 46.663587 0.782775 42.773342 
27850 12 2.430788 31.167858 4.190097 46.888991 0.695751 49.742873 
27900 11 2.441989 37.836949 4.204961 46.430481 0.671331 40.092962 
27950 12 3.074279 34.902670 4.212453 45.965178 0.568601 65.012772 
28000 12 3.218651 37.345942 4.204359 46.048621 0.610630 44.029599 
28050 12 2.712820 35.982793 4.186050 48.373638 0.662857 80.101749 
28100 12 2.640775 35.215396 4.178105 47.264997 0.677363 45.042688 
28150 11 2.712261 39.813090 4.227111 45.872794 0.808857 48.588742 
28200 11 2.855450 32.273342 4.242344 45.572845 0.503332 33.243378 
28250 11 2.734969 29.955525 4.301776 43.717437 0.906499 35.904809 
28300 12 2.422943 40.838372 4.302533 44.340471 0.655305 50.075474 
28350 12 2.307445 38.484187 4.278685 45.445195 0.580637 56.602696 
28400 12 2.024002 36.280985 4.277430 45.922882 0.687657 50.080139 
28450 13 1.735978 32.826952 4.291834 44.459176 0.696703 39.502169 
28500 11 2.129132 35.740990 4.282807 44.705301 0.863118 51.105139 
28550 13 2.379981 36.426343 4.275977 44.705680 0.617570 26.270353 
28600 11 2.917933 34.740497 4.274719 44.192762 0.612341 64.411249 
28650 12 2.878424 37.956556 4.275206 44.813659 0.755095 52.155027 
28700 11 2.868027 39.486626 4.299940 45.202687 0.665777 67.601255 
28750 12 2.285161 35.385524 4.276377 44.849358 0.747595 32.725183 
28800 12 2.646941 39.468461 4.272677 44.404739 0.619932 37.643953 
28850 11 2.890700 30.580100 4.281050 42.257882 0.728098 35.801244 
28900 12 2.728717 32.091271 4.273538 46.417130 0.798662 45.229678 
28950 12 2.614762 34.735171 4.226235 44.947376 0.753283 112.415505 
29000 11 2.616759 28.386629 4.225743 45.723047 0.814939 50.495958 
29050 11 2.795081 26.380994 4.202673 46.316190 0.585388 60.012787 
29100 11 2.801460 31.894506 4.212956 45.939872 0.680963 30.371935 
29150 13 2.470231 29.911706 4.213528 45.728875 0.808645 42.400215 
29200 13 2.782405 29.027116 4.183230 46.667960 0.627593 20.038117 
29250 12 2.945654 31.271527 4.172211 46.586471 0.637166 39.408261 
29300 11 3.213684 25.016764 4.156507 45.746671 0.537172 37.446680 
29350 13 2.806912 29.235189 4.145659 47.413931 0.784382 61.424858 
29400 12 3.164558 29.207559 4.136114 46.554361 0.665220 62.748613 
29450 12 2.766027 24.772283 4.111115 47.380209 0.671560 40.983828 
29500 13 2.230303 27.584927 4.149601 46.871871 0.712160 36.066037 
29550 12 2.582143 25.405011 4.167086 46.468073 0.679017 44.246790 
29600 13 2.663357 26.967657 4.189817 45.399504 0.655776 41.875868 
29650 12 2.604573 16.176389 4.168698 46.855003 0.596585 46.711001 
29700 11 2.502459 20.868175 4.145545 51.844369 0.804606 86.243794 
29750 12 2.540577 20.196534 4.118800 47.426522 0.694061 59.596440 
29800 12 2.918155 19.010137 4.147227 47.444146 0.589221 67.539524 
29850 13 2.447382 19.212884 4.158620 47.542692 0.793237 67.092469 
29900 12 2.415078 26.630313 4.135024 49.024576 0.660845 57.447143 
29950 11 2.663386 25.553969 4.173296 47.020120 0.711559 80.829638 
30000 12 2.872592 24.189338 4.189798 45.037769 0.619082 48.035103 
30050 12 3.010402 17.775112 4.220297 47.339644 0.745548 53.406515 
30100 11 3.003752 15.892906 4.180687 47.098260 0.627589 53.188997 
30150 11 2.989669 19.419743 4.190260 47.986471 0.768633 52.252566 
30200 12 2.647233 25.723673 4.182256 47.097855 0.903142 86.612765 
30250 13 2.942832 24.838740 4.155363 50.532237 0.685024 84.319904 
30300 12 3.123313 28.521402 4.140584 45.370003 0.749719 73.518260 
30350 13 3.102305 21.881626 4.166283 44.685861 0.578929 50.281084 
30400 11 3.118806 22.529697 4.131428 49.389428 0.603384 69.360504 
30450 11 3.163742 25.471023 4.148333 46.861024 0.655973 55.602912 
30500 11 2.952624 25.400152 4.147842 47.642837 0.615853 62.130613 
30550 12 3.301361 29.673992 4.135042 46.548879 0.690933 49.737686 
30600 11 2.896365 28.805310 4.114144 49.106767 0.749047 27.594421 
30650 11 2.525501 25.745850 4.094654 50.566615 0.600450 26.170604 
30700 11 2.917569 20.459212 4.084907 47.390711 0.808945 74.171720 
30750 13 3.023651 16.600205 4.137449 46.638196 0.747127 63.079007 
30800 12 2.833107 18.212762 4.130629 47.498657 0.780511 35.840798 
30850 12 3.020189 22.860278 4.144679 46.896168 0.632056 74.741858 
30900 12 2.953911 22.629233 4.182621 47.379201 0.748128 31.225042 
30950 12 3.055749 28.056459 4.152153 48.455467 0.657329 26.815397 
31000 12 2.896413 27.333697 4.169495 51.661594 0.608838 45.916747 
31050 11 2.829815 36.827740 4.138471 51.309577 0.766350 36.167744 
31100 12 2.897529 32.016178 4.133804 51.119857 0.644918 40.270729 
31150 12 2.875444 24.570020 4.140534 48.358343 0.561297 63.718786 
31200 11 2.921540 28.994205 4.153258 48.538899 0.810280 43.986711 
31250 12 2.656737 38.361753 4.167600 49.821052 0.712470 49.262405 
31300 12 2.713835 35.515805 4.128005 49.375472 0.672734 70.647788 
31350 13 2.708470 30.599290 4.147901 47.452655 0.628714 67.062473 
31400 12 2.570316 21.197870 4.148214 50.245434 0.752207 52.075600 
31450 11 2.967245 21.806885 4.153136 49.375249 0.704759 66.641238 
31500 11 2.970668 21.853794 4.138475 50.816776 0.552148 71.390458 
31550 12 2.574646 25.599319 4.116488 52.072629 0.694469 75.862940 
31600 12 2.662485 23.921914 4.090631 52.008040 0.581013 75.120102 
31650 12 3.074672 19.833119 4.086680 50.847547 0.743368 42.777775 
31700 12 2.961948 23.528955 4.120516 49.610131 0.698785 40.654751 
31750 11 2.900242 20.513129 4.109744 49.723910 0.649819 68.075559 
31800 12 3.095261 15.926669 4.097977 46.785147 0.798635 40.693517 
31850 11 2.965822 20.817710 4.135279 47.933963 0.664866 79.244281 
31900 12 3.083847 27.352491 4.205206 46.210118 0.736683 43.630983 
31950 12 3.151462 23.168131 4.195040 43.172817 0.652694 71.172570 
32000 12 3.289089 22.733828 4.197547 50.402639 0.726441 68.377089 
32050 12 3.079219 25.992183 4.215891 42.375336 0.637128 48.221131 
32100 13 2.970979 22.296193 4.197373 44.820880 0.532573 42.603214 
32150 12 2.666339 23.598547 4.227680 45.544136 0.646668 96.011421 
32200 12 2.687636 27.582102 4.194050 50.793828 0.698625 48.188878 
32250 11 2.949368 24.697840 4.218269 48.645390 0.725854 64.480615 
32300 12 3.151662 28.604258 4.200778 48.219574 0.542038 44.693987 
32350 12 2.985334 26.005634 4.205229 48.837046 0.630388 61.310354 
32400 12 2.960816 23.497473 4.161163 47.144921 0.592508 67.396645 
32450 11 2.910271 26.615702 4.146461 48.799416 0.687406 88.507031 
32500 12 2.912063 22.315210 4.124893 45.600115 0.663605 98.129828 
32550 12 3.083777 21.045202 4.104715 47.212106 0.589183 42.437788 
32600 11 3.086757 24.201457 4.110584 47.316660 0.581188 37.882240 
32650 13 2.925638 30.094209 4.137515 43.446251 0.663361 24.682486 
32700 13 2.801754 34.196508 4.125928 47.272497 0.692695 50.049736 
32750 12 2.891717 30.789562 4.219125 48.625835 0.755572 60.087782 
32800 11 2.584572 26.601680 4.244352 48.471137 0.594652 31.375672 
32850 12 2.799165 29.324215 4.206617 47.250478 0.771680 74.018009 
32900 13 2.652318 30.465979 4.191987 49.007902 0.699407 102.096162 
32950 12 2.486663 31.823982 4.228869 47.697997 0.803840 70.505603 
33000 11 2.192895 28.725275 4.247904 46.585545 0.794153 96.847644 
33050 12 2.500712 23.834847 4.266169 44.909893 0.651794 56.127160 
33100 12 2.659820 23.605526 4.274724 45.212906 0.714461 55.173174 
33150 12 2.346986 23.433052 4.254109 49.666880 0.568055 36.118986 
33200 11 2.862784 23.951618 4.221826 46.819679 0.535118 43.742218 
33250 12 2.653107 27.354119 4.270898 47.653541 0.550261 61.022644 
33300 12 2.623742 30.554777 4.257178 46.342230 0.720554 42.569594 
33350 13 2.491940 24.958032 4.242420 48.124302 0.749921 61.489327 
33400 13 2.730603 25.728571 4.206491 50.428227 0.662161 93.771708 
33450 12 2.588167 26.631232 4.240959 45.923696 0.626249 70.381554 
33500 12 2.563946 26.958961 4.248987 46.879562 0.599205 53.620235 
33550 13 2.825721 23.855057 4.271672 46.628586 0.845999 43.665674 
33600 13 2.860016 21.894113 4.178610 47.693183 0.580058 65.437528 
33650 11 2.902950 22.035352 4.227677 48.103723 0.662515 83.233237 
33700 12 2.708767 22.006315 4.169327 50.367868 0.734577 47.989660 
33750 12 2.585069 27.781641 4.206026 49.044214 0.709659 83.936918 
33800 11 2.727214 29.535773 4.208805 47.489034 0.674695 29.564575 
33850 12 2.852855 30.397884 4.177329 47.381484 0.736476 36.262756 
33900 12 2.665015 28.926156 4.159711 50.569984 0.585864 43.376554 
33950 11 2.668151 26.667361 4.115972 48.374331 0.777363 46.729401 
34000 12 2.709478 25.063471 4.117241 46.716888 0.686118 68.516702 
34050 11 2.887655 25.340791 4.124205 49.158335 0.650788 75.616389 
34100 12 2.562782 29.569690 4.094412 48.597946 0.765466 74.948847 
34150 11 2.495994 27.957410 4.088548 49.910106 0.748210 49.836017 
34200 12 2.810236 27.551708 4.118032 48.019632 0.722162 26.588256 
34250 12 2.621848 28.385814 4.137154 47.773570 0.623540 20.772995 
34300 11 2.380323 23.150474 4.187636 50.015458 0.803792 63.799576 
34350 12 2.722944 21.037397 4.141920 50.430454 0.654909 76.797764 
34400 12 3.113184 23.491110 4.171019 45.612578 0.847034 69.045578 
34450 12 2.678999 30.103766 4.170936 47.182771 0.743199 66.350715 
34500 13 2.961843 26.002153 4.173777 47.372054 0.594159 61.020941 
34550 12 2.815111 23.887082 4.157995 46.316044 0.738226 64.829026 
34600 13 2.974486 24.933156 4.150067 48.157764 0.643424 135.435859 
34650 11 2.848534 30.242481 4.138216 48.072133 0.613378 64.477069 
34700 12 3.001845 25.157392 4.123002 46.749194 0.607604 43.847739 
34750 12 2.863525 20.315333 4.112238 47.441214 0.785175 64.672610 
34800 12 2.419229 23.703526 4.115704 50.158262 0.657862 67.863424 
34850 11 2.870561 23.864389 4.117018 44.852059 0.630805 63.279917 
34900 11 2.367507 25.483125 4.115666 49.253161 0.753365 65.802824 
34950 12 2.455514 22.932483 4.110768 48.571241 0.729024 54.438624 
35000 12 2.333096 15.123871 4.162784 50.855227 0.719504 61.886991 
35050 12 2.458387 25.638326 4.089640 51.798978 0.632739 66.802697 
35100 11 2.510491 27.699963 4.105631 47.473548 0.712764 39.026476 
35150 11 2.994150 22.665019 4.126602 45.936908 0.631605 38.042157 
35200 11 2.920416 24.085835 4.147809 47.539250 0.808191 54.779816 
35250 13 2.833094 25.342983 4.126196 52.092870 0.832735 43.527314 
35300 12 2.910361 23.507003 4.125527 47.892618 0.748864 39.810242 
35350 12 2.684592 23.064842 4.109304 49.014165 0.625628 98.210025 
35400 12 2.802662 24.961072 4.152644 46.067191 0.663423 111.634859 
35450 13 2.874631 18.390677 4.098782 48.317390 0.679516 39.990986 
35500 13 2.870967 22.278721 4.079500 49.375432 0.718940 49.147745 
35550 11 2.977843 20.855268 4.092254 47.272196 0.741531 47.307457 
35600 11 3.001848 24.363244 4.103044 46.485915 0.629025 36.347700 
35650 11 2.579104 19.415869 4.132671 46.862986 0.641241 55.734269 
35700 12 2.688635 17.890028 4.154448 45.811644 0.612876 46.191592 
35750 13 2.846573 20.424219 4.168179 45.827782 0.546029 36.746473 
35800 12 3.068737 28.153890 4.146304 45.853237 0.697927 40.196890 
35850 12 3.105436 28.429092 4.154900 44.901464 0.564045 51.329784 
35900 12 2.802410 33.289714 4.183730 44.761036 0.689060 78.985035 
35950 12 3.179029 29.426027 4.212944 43.304393 0.618867 35.275496 
36000 13 2.799574 32.067442 4.164060 48.009898 0.592205 46.282760 
36050 11 2.703961 31.485419 4.177128 49.343461 0.612382 40.914956 
36100 11 2.354651 31.743001 4.165526 48.910899 0.692868 42.813886 
36150 11 2.489840 24.030455 4.169520 46.056926 0.893963 74.376825 
36200 12 2.741327 21.855365 4.154453 51.231323 0.700347 52.518902 
36250 11 2.616991 24.131988 4.189832 47.347064 0.664703 58.801030 
36300 12 2.514272 27.942908 4.159793 47.285370 0.801505 41.641199 
36350 12 2.681505 31.245000 4.131820 49.339721 0.828884 48.112160 
36400 12 2.714557 28.606766 4.188526 46.828212 0.650287 34.233356 
36450 12 2.824724 29.094018 4.248991 40.386992 0.754594 74.185951 
36500 11 2.544459 29.036004 4.291887 43.229082 0.633923 58.493738 
36550 11 2.680836 25.765184 4.242715 45.426633 0.690519 51.287328 
36600 12 2.614359 31.119551 4.172794 45.684368 0.630293 60.824257 
36650 12 2.572898 30.680316 4.155011 47.373793 0.809648 76.826952 
36700 14 3.065006 26.881829 4.162864 46.998147 0.866086 46.901334 
36750 12 2.798298 23.198942 4.152945 47.621876 0.593143 73.439740 
36800 11 2.445307 32.369856 4.179297 47.942715 0.726076 53.756842 
36850 12 2.654845 32.802172 4.162118 46.389360 0.715270 113.032587 
36900 12 2.638329 34.985629 4.154337 48.331287 0.692404 86.110497 
36950 13 2.653186 37.742676 4.179862 47.083072 0.750793 43.327589 
37000 12 2.733899 29.577924 4.194382 43.613651 0.669726 35.098714 
37050 12 2.709726 29.686615 4.192607 49.474441 0.533670 56.608008 
37100 12 2.895141 31.934846 4.215616 47.086351 0.605973 36.610802 
37150 13 2.634084 27.322426 4.212363 48.903155 0.769729 30.750660 
37200 12 2.495289 32.176122 4.198601 47.675595 0.570240 37.221428 
37250 12 2.620952 40.659006 4.175393 47.601828 0.683470 67.049493 
37300 12 3.078130 39.433026 4.185122 47.547531 0.721825 66.989822 
37350 12 2.832392 44.074495 4.188337 46.905344 0.777210 94.291172 
37400 13 2.852581 39.467427 4.195468 45.551528 0.633282 37.452520 
37450 12 2.893118 39.941367 4.171369 42.925118 0.735185 65.792168 
37500 13 3.024565 41.365000 4.193167 41.233017 0.536870 86.641226 
37550 11 3.020438 40.991164 4.200659 45.099557 0.789071 71.936712 
37600 11 2.959249 41.741895 4.147636 46.856049 0.520457 67.735484 
37650 12 2.834913 41.487201 4.148849 46.640759 0.653167 79.350829 
37700 12 2.633481 35.897948 4.164342 46.014410 0.730699 58.630362 
37750 12 2.382152 35.178103 4.202158 45.294633 0.790812 85.593957 
37800 11 2.424133 41.463292 4.163261 49.238503 0.587453 75.771118 
37850 11 3.035328 34.065139 4.164705 49.856361 0.634628 92.097547 
37900 11 2.882771 29.018303 4.190590 51.084487 0.730589 46.723495 
37950 12 2.718752 34.098062 4.217605 48.674463 0.696373 78.619670 
38000 12 2.468134 39.408180 4.161369 47.946207 0.643869 45.114357 
38050 11 2.841833 32.585721 4.144237 49.416067 0.689650 37.585814 
38100 11 2.814582 30.475598 4.100695 48.498077 0.684358 40.538512 
38150 12 2.691964 35.369438 4.107763 51.500034 0.712889 43.362055 
38200 12 2.929074 39.717454 4.141180 44.498873 0.774141 50.158671 
38250 12 2.797830 35.290939 4.216424 47.263205 0.777239 55.061341 
38300 12 2.571335 37.864587 4.207137 47.628019 0.689473 64.214863 
38350 11 2.589982 35.501974 4.228946 49.414377 0.654006 47.153005 
38400 12 2.775888 34.675698 4.187235 47.348026 0.633502 50.004949 
38450 12 2.933078 29.379410 4.139422 47.429845 0.626276 63.327187 
38500 11 2.695335 32.146380 4.097985 47.801240 0.569015 54.241272 
38550 12 2.844114 33.743064 4.137426 46.767155 0.760627 43.953880 
38600 14 2.597592 36.126264 4.139418 47.309197 0.607480 36.791485 
38650 13 2.743591 32.433029 4.154050 47.191923 0.578806 62.088427 
38700 12 2.927269 36.707205 4.120769 48.991679 0.692767 90.957230 
38750 12 3.300757 34.012239 4.112102 49.198989 0.698726 32.801253 
38800 12 2.975978 27.063269 4.137366 45.777871 0.768435 54.265734 
38850 13 2.393077 28.115180 4.167684 50.528400 0.607313 64.437560 
38900 12 2.760069 24.705524 4.200992 47.975837 0.592884 66.827842 
38950 12 3.126399 31.356357 4.224969 45.551692 0.603571 75.016522 
39000 12 3.176668 22.747574 4.223443 48.794650 0.680231 65.245296 
39050 11 2.871217 24.580932 4.201174 47.448121 0.866893 93.572828 
39100 11 2.912246 28.282595 4.250510 47.283104 0.767620 77.160591 
39150 13 2.683742 32.975319 4.236869 48.399321 0.625997 55.689709 
39200 12 2.531823 32.705843 4.221316 47.896244 0.705651 71.888526 
39250 12 2.665741 33.058768 4.196785 52.950293 0.787844 90.968536 
39300 12 2.836522 28.538121 4.220220 51.028879 0.686515 67.640173 
39350 12 2.406726 30.900756 4.206253 48.615213 0.723161 54.952332 
39400 12 2.385463 27.009785 4.230696 49.798066 0.734586 78.644491 
39450 11 2.285357 28.991462 4.255835 47.674984 0.627655 56.920604 
39500 12 2.369707 32.758927 4.272472 47.358768 0.766792 61.506786 
39550 12 2.462868 29.881123 4.240791 45.847395 0.555569 73.237699 
39600 12 2.250812 35.592046 4.206131 49.814466 0.505811 71.891948 
39650 12 2.113029 27.783840 4.154500 53.284035 0.638020 30.637106 
39700 11 2.503560 27.281218 4.172561 48.318158 0.698390 78.553617 
39750 13 2.722804 27.212120 4.177721 44.868479 0.646097 62.957862 
39800 12 2.499041 32.241293 4.137829 50.725817 0.718683 41.614392 
39850 12 2.545724 30.796323 4.163777 49.655979 0.728957 72.135631 
39900 12 2.591209 33.977596 4.248629 43.685012 0.768780 87.072621 
39950 14 2.673136 30.122252 4.247905 43.300178 0.594777 45.295678 
40000 11 2.480879 23.780934 4.243025 45.671968 0.618890 61.723107 
40050 13 2.356703 31.471630 4.277891 41.112550 0.753366 40.381896 
40100 11 2.427685 30.495026 4.242119 47.903152 0.518188 57.745995 
40150 12 2.792933 30.302611 4.253192 43.974930 0.699863 30.895265 
40200 12 2.623876 27.975284 4.298543 44.040588 0.759683 21.583382 
40250 12 2.754429 26.113182 4.312431 41.302489 0.824275 49.908459 
40300 12 2.916365 28.444769 4.343793 43.926628 0.644343 42.542899 
40350 13 2.516350 33.608200 4.324654 40.985321 0.567453 33.528003 
40400 12 2.551900 31.199259 4.361152 42.530571 0.617151 29.138627 
40450 11 2.460740 30.187685 4.331672 43.502280 0.655184 38.611097 
40500 11 2.920630 32.347433 4.374833 44.113542 0.615422 52.106121 
40550 12 2.635100 30.798551 4.333664 44.381113 0.681532 66.516632 
40600 11 2.561001 32.704324 4.333446 44.099227 0.719517 53.829552 
40650 13 2.284672 28.872864 4.326137 44.355227 0.849167 102.980924 
40700 11 2.377801 33.051963 4.272915 52.220428 0.727731 69.595340 
40750 11 2.627104 33.879545 4.315827 45.417105 0.682117 54.644347 
40800 12 2.540202 35.345162 4.288897 43.913999 0.621844 56.218402 
40850 12 2.790744 30.501647 4.253738 47.254912 0.685238 48.903249 
40900 13 2.793118 28.259816 4.252149 44.559503 0.567553 48.159552 
40950 12 2.751974 28.736926 4.215442 45.936442 0.581669 57.871659 
41000 14 2.809557 30.382683 4.231389 48.431735 0.723523 55.751628 
41050 12 2.558145 31.821766 4.208285 50.759761 0.836270 84.652045 
41100 12 2.743258 29.672298 4.197003 46.077894 0.635002 61.616220 
41150 11 2.887222 34.366999 4.226405 43.602284 0.633995 43.589959 
41200 12 2.818025 31.243165 4.236508 46.506935 0.688926 41.414690 
41250 13 2.999177 29.323533 4.218083 47.542698 0.727268 60.076177 
41300 11 2.967147 33.726572 4.173788 50.145855 0.639660 52.351714 
41350 12 2.686602 34.983684 4.196309 45.604813 0.598604 60.804014 
41400 11 2.562794 29.141480 4.191996 49.219249 0.648944 38.591709 
41450 11 3.183924 28.058488 4.175273 44.260189 0.689210 58.710298 
41500 12 2.748027 25.306021 4.179492 49.857752 0.685333 98.888904 
41550 12 2.716373 31.159486 4.156322 49.993224 0.770561 53.222169 
41600 13 2.581271 28.585735 4.124314 49.365997 0.785434 55.459519 
41650 12 2.763446 29.093410 4.118991 51.222585 0.664098 30.513373 
41700 11 2.746519 28.768851 4.136692 47.385251 0.834481 39.576096 
41750 12 2.898492 30.938350 4.128476 47.281396 0.899402 66.681904 
41800 12 3.016806 29.515534 4.105912 49.350200 0.747278 42.583116 
41850 11 2.983935 29.635763 4.131568 48.349784 0.688545 39.467680 
41900 12 2.990104 31.053734 4.111867 45.433234 0.601791 39.363588 
41950 12 2.995381 32.771710 4.117421 48.593939 0.543155 35.421545 
42000 12 2.599540 33.995356 4.152432 46.022733 0.539312 73.571552 
42050 12 2.525340 31.455346 4.161920 47.252423 0.620562 56.989996 
42100 11 2.764844 33.381228 4.143240 47.606172 0.655322 88.316778 
42150 11 2.995081 32.864643 4.123858 51.567352 0.754954 52.364958 
42200 12 2.919502 30.537207 4.166052 47.139057 0.677497 37.049463 
42250 11 2.754404 30.603062 4.199119 47.656074 0.643343 52.867577 
42300 12 2.523095 32.992398 4.186311 48.084955 0.650153 63.075531 
42350 12 2.510669 30.647883 4.170350 47.840433 0.656431 86.555207 
42400 12 2.844166 33.867638 4.156642 47.138334 0.560303 46.895741 
42450 11 3.064406 34.621794 4.113447 47.154715 0.761934 44.624834 
42500 12 2.812496 34.032186 4.114716 45.071866 0.578257 51.890069 
42550 12 2.831762 37.512114 4.111921 51.278125 0.726545 45.869318 
42600 13 2.489422 39.134131 4.124761 52.452357 0.826596 45.645826 
42650 11 2.887607 35.994901 4.160574 45.230462 0.711709 57.351305 
42700 12 2.798389 37.663401 4.144821 47.647521 0.713819 54.935776 
42750 11 3.131074 36.195027 4.169588 46.494349 0.821508 61.686514 
42800 12 3.141505 34.055239 4.172979 44.866394 0.598637 103.957392 
42850 12 2.754712 36.858295 4.210823 44.355266 0.775391 52.338649 
42900 13 2.949014 32.421015 4.179109 44.205968 0.721629 82.683966 
42950 12 2.887498 30.192078 4.141585 50.669552 0.686467 43.252307 
43000 13 2.840266 31.453173 4.109496 47.511378 0.752052 73.433509 
43050 13 3.135302 34.186555 4.136866 49.833385 0.826519 74.303409 
43100 12 2.807908 28.715791 4.162411 49.862258 0.709658 84.418701 
43150 12 3.022032 30.765024 4.188522 44.787381 0.718532 43.591735 
43200 12 3.159069 28.070370 4.206408 46.361820 0.804783 35.577116 
43250 11 2.897261 28.409334 4.210805 47.531591 0.729187 63.983705 
43300 12 3.118647 31.571487 4.181685 47.044327 0.687114 101.595413 
43350 12 3.219826 33.985831 4.217468 41.337466 0.674403 52.381932 
43400 11 2.740659 28.499717 4.217375 51.105111 0.557364 47.221592 
43450 11 2.698987 27.521571 4.228807 46.977365 0.717645 55.700818 
43500 12 2.836844 29.346086 4.194995 52.022810 0.714004 61.497435 
43550 12 2.771447 30.207333 4.199110 45.766209 0.833805 60.336064 
43600 12 2.706104 24.265017 4.217886 44.855430 0.642119 71.993341 
43650 11 2.426913 26.260742 4.243677 47.785380 0.717398 45.982514 
43700 12 2.512693 31.473157 4.225491 44.667122 0.679842 49.964912 
43750 11 2.187507 34.953291 4.203298 46.111394 0.719016 65.216187 
43800 12 2.840950 27.607330 4.195416 48.790538 0.765962 53.794933 
43850 11 2.892953 30.321692 4.248687 43.575106 0.793050 59.318591 
43900 12 2.847719 30.522681 4.217858 46.278333 0.549992 72.671478 
43950 11 2.651602 38.941436 4.207068 47.023329 0.695599 39.606325 
44000 12 2.522032 37.111832 4.177995 48.517121 0.745340 41.737119 
44050 12 2.961185 33.399213 4.148130 48.781847 0.590814 34.741429 
44100 12 2.403409 25.878070 4.145386 50.635912 0.794437 33.395615 
44150 12 2.440571 24.618830 4.207354 52.188792 0.785176 42.584493 
44200 11 2.339840 28.792839 4.218348 47.235193 0.581848 34.289618 
44250 13 2.307851 28.132786 4.166721 44.672544 0.723486 20.961844 
44300 12 2.546118 23.421785 4.210022 44.521528 0.754897 30.538943 
44350 12 2.107962 23.535204 4.271268 50.119184 0.669526 40.816317 
44400 12 2.471599 31.139099 4.295429 47.641861 0.609045 61.847496 
44450 13 2.652559 22.320480 4.277965 45.785263 0.658895 91.622785 
44500 12 2.553263 23.090682 4.234742 45.087039 0.673838 111.758609 
44550 11 2.920680 29.302675 4.239875 46.133544 0.620767 61.186801 
44600 12 2.946843 29.327123 4.191189 48.785621 0.693884 28.026509 
44650 12 2.709971 26.804017 4.150650 47.024432 0.674144 29.132757 
44700 12 2.963367 26.250579 4.130119 51.193672 0.654994 34.815050 
44750 13 2.763085 22.571084 4.155729 44.730213 0.756581 28.278169 
44800 12 2.879976 23.989314 4.128452 50.895477 0.624924 32.665068 
44850 12 2.777656 25.179028 4.105386 49.277071 0.537080 30.582590 
44900 12 2.754636 28.757610 4.053021 54.570559 0.745110 34.793281 
44950 12 2.931864 28.201108 4.070762 52.249135 0.669077 48.793388 
45000 12 2.988572 24.087512 4.053480 51.201638 0.744561 21.445535 
45050 11 2.906317 28.014341 4.073626 48.772979 0.663239 28.162808 
45100 11 2.669892 26.503439 4.075065 51.464445 0.582522 24.786950 
45150 12 2.336701 31.478200 4.085530 52.757872 0.829223 38.554986 
45200 13 2.833860 33.012134 4.037811 49.850629 0.657070 38.565175 
45250 12 2.727410 33.179166 4.036796 49.407142 0.656014 36.411894 
45300 12 3.074443 31.445491 4.085665 51.377589 0.652553 56.313036 
45350 12 3.008380 27.542131 4.067539 52.262519 0.661842 77.193613 
45400 12 2.791801 28.047893 4.093811 52.164334 0.794154 61.535833 
45450 11 2.607396 21.837708 4.108390 52.605265 0.684115 96.918676 
45500 12 2.476376 26.064404 4.148125 53.685075 0.611937 52.285770 
45550 12 2.561529 26.462708 4.108257 49.319915 0.619799 68.661180 
45600 13 2.749677 24.761690 4.053433 51.636002 0.658276 70.500651 
45650 12 2.690616 24.829886 4.110060 50.493484 0.652852 48.445455 
45700 12 2.845500 26.388736 4.157854 51.191394 0.652795 61.707838 
45750 12 2.923002 26.552588 4.141792 43.752192 0.725168 67.947370 
45800 12 3.224709 31.052172 4.144685 48.138983 0.665760 34.512781 
45850 12 3.099994 27.434571 4.130530 46.867950 0.732076 43.140212 
45900 12 3.154233 29.957680 4.155052 42.165428 0.787371 35.033942 
45950 11 3.122579 29.810728 4.180748 42.343467 0.832102 60.356106 
46000 12 2.740369 27.190470 4.174715 48.341276 0.575492 44.260679 
46050 12 2.941067 30.302063 4.167863 47.673079 1.026988 60.104256 
46100 11 2.753108 27.381688 4.172944 47.688876 0.729445 61.623679 
46150 12 2.723530 33.477502 4.225440 47.438638 0.625711 83.388489 
46200 12 2.943403 32.168301 4.241480 43.617898 0.635182 36.310934 
46250 12 2.607074 28.962537 4.321601 41.909445 0.732921 53.237229 
46300 12 2.532984 29.437997 4.334144 43.282960 0.601678 70.455033 
46350 12 2.601987 24.051047 4.314311 42.764070 0.608126 45.656480 
46400 11 2.925838 24.274099 4.359661 37.462902 0.790870 79.324291 
46450 12 2.966078 20.299994 4.404163 42.218540 0.715715 87.228458 
46500 12 2.684673 20.455902 4.421597 41.747538 0.810796 70.631820 
46550 11 2.683779 21.912271 4.410709 43.151392 0.769088 61.114121 
46600 14 2.841094 24.905330 4.323660 41.215129 0.598105 37.054125 
46650 12 2.783613 29.369541 4.297613 47.914791 0.823211 33.862413 
46700 12 2.843668 26.627238 4.239938 43.064493 0.802736 38.509461 
46750 11 3.041755 32.595148 4.274625 43.150433 0.650981 59.568621 
46800 11 2.983452 29.182309 4.326538 39.461038 0.532051 51.398074 
46850 11 2.983363 30.088297 4.295541 39.158532 0.647185 47.422808 
46900 13 3.008656 25.241304 4.305740 39.697608 0.839216 38.025551 
46950 12 2.957209 26.841324 4.284072 42.616135 0.605502 47.014240 
47000 12 2.975892 25.394070 4.283570 43.141214 0.846186 64.025319 
47050 12 2.694405 22.077807 4.252380 48.615252 0.599134 66.225394 
47100 11 2.930652 27.586836 4.243109 44.144074 0.880851 84.735146 
47150 11 3.061116 31.075462 4.217695 47.706706 0.660885 125.149694 
47200 11 3.096956 31.757852 4.235670 47.555602 0.613351 56.357767 
47250 12 2.733320 33.868447 4.239578 44.176861 0.806080 67.496282 
47300 12 2.998611 29.619946 4.300922 41.559266 0.611533 54.846338 
47350 12 3.078569 34.950013 4.294689 44.733108 0.737579 28.813627 
47400 12 2.909985 32.989141 4.314054 42.869401 0.716001 37.353639 
47450 12 2.536230 27.521969 4.319202 43.205869 0.756003 20.739932 
47500 12 2.556995 35.663793 4.243931 41.807971 0.813082 26.106099 
47550 13 2.476369 30.203824 4.297075 43.087074 0.771732 63.110550 
47600 12 2.779540 32.837174 4.294842 43.937458 0.536244 68.107760 
47650 12 2.699236 38.297781 4.292999 44.848919 0.658145 59.161410 
47700 12 2.987005 37.393033 4.315066 40.457026 0.652909 39.517122 
47750 13 2.915221 35.932090 4.336174 43.287645 0.654883 50.839102 
47800 13 3.203479 32.631647 4.265588 43.113654 0.611865 60.977761 
47850 12 3.151834 30.965528 4.255931 45.471338 0.661750 53.734181 
47900 12 2.915244 27.721099 4.248927 46.508146 0.679289 50.870334 
47950 12 2.694100 24.942114 4.267541 41.899672 0.644850 68.434690 
48000 15 2.489895 15.295439 4.295401 41.128524 0.542723 48.153116 
48050 12 2.769622 20.452294 4.303092 43.161756 0.646511 66.317784 
48100 11 2.668671 19.938186 4.295512 43.667111 0.661348 49.526472 
48150 11 2.722539 19.925119 4.328132 44.693365 0.709555 72.290733 
48200 12 3.071239 23.782783 4.307730 43.520013 0.568625 84.407174 
48250 13 3.114052 23.323142 4.362127 44.039756 0.821509 46.288532 
48300 12 3.087556 21.734017 4.353048 37.492617 0.702488 70.895973 
48350 12 2.947558 25.123207 4.268930 43.728879 0.717633 52.065432 
48400 11 3.323591 25.562172 4.275880 45.401145 0.813169 57.499466 
48450 13 2.875030 24.695152 4.255947 41.869023 0.710770 77.077962 
48500 11 2.591807 23.365052 4.313243 42.890367 0.749737 62.339495 
48550 11 2.298200 27.636238 4.302929 42.404790 0.701446 106.009127 
48600 11 2.009222 26.990992 4.276984 48.037559 0.765689 47.221089 
48650 13 2.037593 28.186337 4.276425 47.454464 0.583467 51.772163 
48700 13 2.036013 32.287279 4.234863 47.881237 0.548571 55.936837 
48750 12 1.975859 27.260938 4.278701 46.406036 0.741640 57.363990 
48800 12 2.560110 35.319126 4.264928 45.985129 0.618285 57.628689 
48850 12 2.912230 33.324235 4.232702 45.173374 0.683760 45.232494 
48900 12 2.930066 28.779156 4.267169 45.534479 0.748720 34.924008 
48950 12 2.955219 30.457879 4.236953 45.063095 0.653173 57.729913 
49000 12 3.127822 28.551774 4.221843 45.627035 0.671306 58.520342 
49050 14 2.585384 34.176174 4.188223 50.654392 0.666513 79.445809 
49100 11 3.284058 32.020428 4.196141 46.922744 0.643500 84.263632 
49150 11 3.153002 27.077028 4.180768 46.791741 0.685842 57.854149 
49200 12 3.022548 26.642507 4.191247 46.355407 0.634736 54.164769 
49250 11 2.943826 29.076919 4.259946 45.851303 0.673059 95.263461 
49300 12 3.326925 27.879992 4.253763 43.414644 1.022396 87.227147 
49350 12 3.131679 35.388527 4.250384 46.027496 0.783349 87.916350 
49400 12 2.707367 27.692619 4.246951 47.148717 0.731979 82.175866 
49450 13 2.891057 32.411100 4.242546 43.402421 0.640070 56.748974 
49500 11 3.094261 31.946446 4.222993 43.249888 0.773209 55.115708 
49550 11 2.844753 33.271069 4.191523 46.612464 0.767932 80.717537 
49600 11 2.484511 32.567739 4.194156 50.394247 0.607121 81.032013 
49650 11 2.532709 29.793068 4.200977 45.986256 0.764452 78.709021 
49700 12 2.611923 26.569312 4.221986 45.801612 0.816696 27.202953 
49750 11 2.930138 20.747245 4.194585 46.753127 0.748008 51.921375 
49800 11 2.848511 21.497886 4.201569 48.483423 0.790014 31.946366 
49850 11 2.905142 30.723678 4.206514 48.403201 0.747126 80.748243 
49900 13 2.531718 22.684790 4.158221 46.331905 0.713777 54.359110 
49950 12 2.856904 29.444174 4.145177 48.440918 0.628077 75.652167 
