0 12 2.830000 24.174428 3.611134 52.150859 1.000000 4.074829 
50 13 2.711250 23.429028 3.746360 92.580944 0.541991 12.788628 
100 13 2.701188 23.886337 3.778778 91.501691 0.616601 43.928500 
150 15 2.480338 24.007047 3.760930 82.357789 0.623957 79.028517 
200 13 2.511304 23.785249 3.791317 78.838567 0.596604 43.011438 
250 15 2.676556 23.667135 3.850075 74.191445 0.613316 58.043062 
300 13 2.852275 23.622672 3.954259 59.370849 0.874974 77.491107 
350 13 2.726489 23.540587 4.027813 55.496881 0.691920 118.284722 
400 12 3.081740 23.287447 4.083548 56.601963 0.583335 55.464040 
450 13 3.318550 24.018477 4.028355 54.419591 0.562498 43.081430 
500 15 2.858484 24.041764 4.031387 54.826295 0.741491 39.879566 
550 13 3.229008 24.554292 3.992107 59.754143 0.609430 40.091217 
600 14 3.102585 24.255211 3.987450 55.634409 0.721412 74.277700 
650 14 3.579510 24.505066 3.964206 54.504622 0.738046 93.731744 
700 12 3.504688 24.198531 4.001628 56.742626 0.531798 62.183243 
750 13 3.182407 24.055056 4.036346 59.792007 0.594536 65.485405 
800 12 3.152407 24.206273 4.049087 60.965414 0.638659 91.055484 
850 12 2.913020 24.349924 4.069715 59.196906 0.781426 81.110263 
900 12 2.963133 24.449980 4.095928 54.212877 0.725905 73.664422 
950 13 3.278133 24.340635 4.082427 57.066154 0.590878 44.831690 
1000 13 3.505761 24.374855 4.107383 55.486213 0.674110 40.740580 
1050 14 3.019729 24.427256 4.084574 54.055012 0.692035 38.336853 
1100 12 3.070379 24.341781 4.118496 56.190710 0.581499 38.290898 
1150 12 2.975247 24.482456 4.115984 54.374937 0.750180 57.730576 
1200 13 3.073944 24.557065 4.123063 53.891342 0.737429 48.790011 
1250 13 3.036477 24.568122 4.239829 48.992103 0.648464 47.064420 
1300 12 3.080663 25.167003 4.192313 53.284816 0.726966 57.157201 
1350 13 2.924985 24.268793 4.210309 55.595502 0.698845 60.519847 
1400 13 3.078783 23.142364 4.193932 55.411435 0.670800 73.902195 
1450 13 3.012227 23.591247 4.178896 54.626098 0.720705 86.538342 
1500 13 3.082780 25.878983 4.138773 59.201261 0.678758 86.278820 
1550 12 3.075861 24.280511 4.198458 53.791423 0.771778 66.599212 
1600 14 2.942734 23.140144 4.182821 50.814234 0.747001 92.141283 
1650 13 3.151471 25.699774 4.251447 48.489587 0.730589 62.801326 
1700 12 3.282690 26.478853 4.259137 48.843690 0.752669 43.438023 
1750 13 3.317786 25.955804 4.160759 51.787986 0.680664 55.941052 
1800 13 3.032839 26.370048 4.179520 52.593039 0.652601 106.655979 
1850 14 3.754782 26.425401 4.097647 53.160086 0.749247 42.210440 
1900 13 3.624095 26.749227 4.071040 51.395344 0.651085 60.498636 
1950 14 2.927129 26.276127 4.084657 53.315685 0.520944 43.120904 
2000 13 3.211086 26.764934 4.095998 55.470511 0.612741 74.381021 
2050 13 2.969956 24.972618 4.150498 51.023830 0.628144 123.099274 
2100 13 2.884859 26.104380 4.184017 55.733419 0.684223 50.693065 
2150 13 2.744571 27.211678 4.160898 50.953256 0.640838 61.231000 
2200 12 2.771283 27.646869 4.184805 50.959210 0.707958 57.414051 
2250 12 2.865583 27.553126 4.242883 55.568645 0.654860 66.669942 
2300 13 3.198294 27.577165 4.170110 55.592277 0.683640 43.344802 
2350 13 3.019718 27.556788 4.179784 51.494697 0.593241 53.012015 
2400 13 2.768955 27.556788 4.142243 55.712327 0.667230 53.240241 
2450 13 2.889693 27.398951 4.172124 53.280204 0.620906 40.180121 
2500 13 2.783326 27.275889 4.184068 56.024692 0.667746 75.868815 
2550 13 2.588788 27.556696 4.194236 56.311809 0.731533 79.357403 
2600 13 2.548662 27.242588 4.156953 57.354579 0.798005 63.004295 
2650 14 2.268360 26.716458 4.120271 58.961924 0.836710 49.708640 
2700 13 2.774999 26.768276 4.164779 55.088440 0.887920 61.935682 
2750 13 2.937374 26.063787 4.164173 52.664223 0.536246 76.281741 
2800 13 3.107110 26.449991 4.239243 53.325332 0.888297 99.259491 
2850 13 3.210745 26.200088 4.238208 48.833838 0.654947 131.616481 
2900 13 3.257172 26.500852 4.204551 49.279904 0.579290 113.975352 
2950 13 3.215922 26.708544 4.202487 51.755608 0.609813 76.467261 
3000 13 3.558088 26.696531 4.191137 53.232508 0.810255 57.315863 
3050 12 3.462913 26.693776 4.240696 51.422027 0.786195 62.145882 
3100 14 3.756288 27.014644 4.193349 48.457264 0.673333 36.154652 
3150 13 3.661621 28.418464 4.256009 45.108616 0.771587 47.410621 
3200 12 3.452461 30.414355 4.223891 46.040718 0.591497 65.413023 
3250 13 3.237491 27.522486 4.215644 49.623194 0.666199 61.695076 
3300 13 3.275594 29.204488 4.249210 48.649491 0.761392 26.719929 
3350 14 3.157978 29.318161 4.271688 48.047331 0.617071 45.769275 
3400 14 3.265348 27.977729 4.311579 45.576126 0.842895 72.244706 
3450 13 3.325394 27.578626 4.367950 47.450111 0.635628 39.325125 
3500 13 3.294546 25.825660 4.356639 43.901575 0.642764 57.038763 
3550 13 3.396600 26.508525 4.356813 44.716953 0.654977 56.106748 
3600 12 3.311637 30.565766 4.332935 47.122769 0.714566 45.870322 
3650 12 3.346970 27.831866 4.214246 48.103714 0.718004 40.270368 
3700 13 3.203298 27.358374 4.241811 46.534374 0.722142 66.907707 
3750 15 3.167462 26.140289 4.274372 49.513279 0.661901 72.636446 
3800 14 3.171986 27.400996 4.236476 49.702493 0.657997 33.930541 
3850 13 3.325958 30.716243 4.252065 47.515681 0.618636 75.441224 
3900 13 3.466233 31.645345 4.256626 49.312775 0.800824 31.391308 
3950 12 3.559964 30.593302 4.238409 48.725634 0.589982 52.450068 
4000 15 2.922263 32.126370 4.278616 50.879284 0.638416 45.563994 
4050 14 2.972932 29.529706 4.298465 47.375117 0.697552 39.331355 
4100 13 3.298316 30.596757 4.308514 46.962894 0.636151 57.476162 
4150 13 3.413116 29.965839 4.254734 49.659151 0.678848 67.068417 
4200 13 3.235039 29.663891 4.257634 47.566008 0.688751 52.553007 
4250 13 3.157818 29.875484 4.342814 49.246936 0.632055 57.448469 
4300 12 3.170410 26.694602 4.356294 47.417292 0.825813 108.347548 
4350 13 3.012809 26.990677 4.383541 45.226497 0.609531 69.321989 
4400 13 2.848774 28.352882 4.423359 48.593393 0.825975 74.791919 
4450 13 2.938694 27.124198 4.429523 44.086737 0.700037 60.897173 
4500 12 3.392931 27.105451 4.406128 45.208102 0.763113 58.198713 
4550 12 3.321086 27.969311 4.393222 44.420093 0.657406 60.793917 
4600 12 3.225144 25.124143 4.390487 44.064601 0.676949 24.268250 
4650 13 2.674094 25.766550 4.354591 47.987104 0.541381 32.301854 
4700 14 3.108262 25.461216 4.346852 44.766546 0.674367 38.012254 
4750 14 3.622463 23.626371 4.290201 44.663931 0.642440 32.399897 
4800 13 3.526305 29.356785 4.269269 45.127893 0.681037 40.657145 
4850 14 3.261233 28.049940 4.270959 46.690731 0.590715 47.706446 
4900 14 3.098089 32.015915 4.277294 46.963991 0.588968 55.322871 
4950 14 2.749678 30.967790 4.307371 48.660699 0.493271 48.691661 
5000 13 2.877042 32.718754 4.263197 49.086862 0.709006 78.687525 
5050 14 2.624271 30.914683 4.294269 47.311581 0.767937 64.826718 
5100 14 2.877303 30.194085 4.288548 46.153698 0.620002 69.638782 
5150 14 3.383992 24.209940 4.252885 47.861137 0.614673 35.383601 
5200 14 3.480405 26.495275 4.236388 48.760675 0.551826 86.152803 
5250 13 3.643082 26.728273 4.236082 46.042400 0.670886 66.623795 
5300 13 3.656795 25.745764 4.214266 49.542151 0.694909 65.943202 
5350 12 3.370767 25.191677 4.245091 48.336512 0.600310 132.745702 
5400 13 3.690268 21.571568 4.222542 46.269366 0.756896 56.737477 
5450 14 3.914143 25.844840 4.259731 47.856403 0.533329 37.922622 
5500 12 3.934706 25.238425 4.262033 44.918836 0.685787 80.827495 
5550 13 3.537929 24.664331 4.242401 47.473925 0.562313 54.147507 
5600 13 3.671168 25.033736 4.230507 45.604390 0.697381 54.825876 
5650 13 3.968932 28.425014 4.265976 47.913450 0.672153 52.003874 
5700 13 3.900633 23.966578 4.230663 46.251571 0.634611 44.124499 
5750 13 3.797754 23.797796 4.280153 47.307079 0.713362 58.196482 
5800 12 3.780164 29.469371 4.321779 45.846408 0.768142 71.563619 
5850 13 3.707216 31.431914 4.326899 46.400289 0.770393 96.260181 
5900 12 3.489165 29.534099 4.333796 45.216520 0.522429 58.472555 
5950 12 3.356335 28.632826 4.310351 47.562770 0.561264 84.234825 
6000 13 3.424540 29.709996 4.304825 47.452165 0.804330 82.136684 
6050 13 3.294239 33.153263 4.327160 45.513057 0.735149 55.604333 
6100 12 3.164927 31.070658 4.318332 50.782969 0.594104 54.105096 
6150 14 3.468034 36.247863 4.303965 42.252065 0.579923 65.971826 
6200 13 3.337158 35.728007 4.274828 45.781189 0.529294 55.871308 
6250 13 3.178496 34.751408 4.285134 47.703021 0.687570 55.719877 
6300 12 3.045306 34.874517 4.339089 46.516657 0.709707 73.132286 
6350 12 2.947884 32.791629 4.279189 45.017041 0.588159 36.006041 
6400 13 3.457818 30.171176 4.289756 47.223307 0.539013 61.072819 
6450 12 3.070085 32.953822 4.257616 49.761296 0.675519 91.811644 
6500 12 3.105906 30.920577 4.264390 47.562282 0.674849 87.885715 
6550 14 3.050255 33.477229 4.231532 43.770428 0.697319 59.976294 
6600 12 3.156001 32.699845 4.246695 47.906562 0.670884 53.721587 
6650 13 2.933138 30.075184 4.241387 50.774912 0.646051 62.595242 
6700 13 2.677894 35.384223 4.241712 49.503398 0.641031 63.958100 
6750 12 2.794650 33.121602 4.332933 45.260057 0.723551 77.595699 
6800 13 3.097197 35.408419 4.353529 46.529186 0.545668 57.346313 
6850 12 3.167827 33.717482 4.344143 43.651504 0.800211 45.663149 
6900 13 3.188962 30.946870 4.320354 46.108665 0.681247 51.984966 
6950 13 3.434890 31.807484 4.322361 45.201888 0.859349 70.924733 
7000 13 3.601210 30.652980 4.348660 44.904177 0.770969 58.741924 
7050 12 3.332293 27.282214 4.328019 46.252066 0.594373 91.936707 
7100 12 3.051080 30.375847 4.334254 46.362881 0.709895 92.590874 
7150 12 2.986002 29.627585 4.321175 48.315291 0.659622 56.371878 
7200 13 2.978013 22.526582 4.347498 47.773753 0.657269 49.246333 
7250 13 3.375860 23.146112 4.388119 46.929614 0.677899 37.054282 
7300 13 3.128218 24.918238 4.377602 46.369971 0.839480 91.148371 
7350 13 3.098755 28.727205 4.385725 47.140990 0.644401 57.201739 
7400 12 3.087043 30.090980 4.382063 45.127640 0.702001 59.795114 
7450 13 2.847876 30.639743 4.409088 44.514152 0.650519 43.900811 
7500 13 3.304260 28.644279 4.415143 47.520812 0.652230 66.963843 
7550 13 2.755094 30.678259 4.410177 47.843617 0.711931 53.182125 
7600 13 2.649560 34.523023 4.393555 46.138546 0.794125 107.831762 
7650 12 2.926945 28.782767 4.376466 48.459300 0.567721 36.300284 
7700 13 2.858230 25.955836 4.396516 49.198766 0.664346 44.538216 
7750 13 2.911960 30.804948 4.391569 46.759459 0.689004 43.330314 
7800 13 3.031288 32.202289 4.376348 47.468103 0.611263 55.056756 
7850 14 2.650448 33.670534 4.365438 46.712147 0.618413 57.299303 
7900 13 2.833429 28.499489 4.372812 49.865414 0.766533 83.315258 
7950 13 2.829986 28.561032 4.373561 48.221135 0.639446 82.180554 
8000 13 2.705568 25.424189 4.386833 47.369427 0.651350 59.432270 
8050 14 2.953774 25.663540 4.381034 48.546015 0.771776 71.837955 
8100 13 3.156589 30.904483 4.381934 47.874251 0.770116 56.259213 
8150 13 3.596647 32.888336 4.371018 46.847737 0.750922 63.834264 
8200 13 3.343790 31.258835 4.349422 47.135761 0.696793 53.087845 
8250 12 3.243568 33.062239 4.371461 47.376138 0.695041 71.193092 
8300 13 3.183370 26.244683 4.370348 47.422510 0.667148 61.640663 
8350 13 2.975629 25.618588 4.329067 47.083814 0.748942 97.147459 
8400 13 3.114660 27.175157 4.348183 48.571038 0.624320 38.374869 
8450 13 3.070418 32.278880 4.336345 47.249259 0.713854 69.557333 
8500 12 3.067198 33.173607 4.311354 49.453423 0.618952 74.551820 
8550 12 2.970623 31.288283 4.346695 48.493026 0.546469 54.398337 
8600 13 3.341998 31.200267 4.327387 47.873749 0.678944 52.764552 
8650 13 3.236099 26.712097 4.322450 45.403133 0.777511 34.836420 
8700 13 3.544041 31.381544 4.339369 46.644356 0.602117 28.205883 
8750 13 3.778838 31.553960 4.297743 46.278901 0.654240 36.101515 
8800 12 3.388524 32.475941 4.275599 45.804264 0.643461 72.898720 
8850 12 3.384131 35.166880 4.268633 44.838116 0.689570 54.310530 
8900 13 2.930510 35.675975 4.293869 50.924404 0.590482 62.612106 
8950 13 3.187028 39.329180 4.268201 46.164375 0.724693 56.301573 
9000 13 3.458035 39.732225 4.273870 44.573317 0.557115 70.029581 
9050 12 3.413136 38.438245 4.254159 47.952281 0.670824 48.261999 
9100 12 3.107420 39.401589 4.229265 50.040261 0.635668 29.818044 
9150 12 3.728002 40.128540 4.260274 46.920439 0.766130 46.289744 
9200 13 3.851436 42.746548 4.291243 44.414652 0.674612 41.253053 
9250 13 4.177074 40.697529 4.210375 44.710162 0.709129 49.011736 
9300 12 4.167810 39.741436 4.233169 43.796090 0.537903 42.500551 
9350 13 3.944194 41.983280 4.233393 45.732385 0.731484 51.616495 
9400 13 4.020040 38.659094 4.233331 47.751221 0.682700 79.419296 
9450 13 4.465209 37.420278 4.266255 45.174316 0.540756 67.906071 
9500 13 4.854983 35.013736 4.274147 42.378558 0.776414 61.148917 
9550 13 4.480405 43.623890 4.308075 42.637543 0.576887 44.943179 
9600 12 4.585386 36.416354 4.320929 41.144021 0.588010 38.568090 
9650 14 3.824377 36.575850 4.308514 46.149389 0.625333 70.716972 
9700 13 3.629844 38.053580 4.307609 45.942549 0.617512 90.188559 
9750 14 3.491153 37.294612 4.321105 48.020509 0.572220 72.155169 
9800 13 3.339966 38.463823 4.294835 47.718181 0.657023 43.226675 
9850 13 3.147032 37.802341 4.343153 47.607437 0.775042 43.808297 
9900 14 2.792972 34.656051 4.317933 49.635539 0.682396 57.190524 
9950 14 3.043518 33.547367 4.291492 49.753664 0.642856 59.384550 
10000 13 3.115798 29.933051 4.309084 46.553794 0.811547 75.632129 
10050 14 2.869841 30.440495 4.350344 49.553613 0.643790 91.185265 
10100 13 2.925429 29.706948 4.386501 45.816579 0.703955 28.743639 
10150 13 3.049834 39.231157 4.358212 48.985474 0.805633 31.147390 
10200 14 3.123075 36.170038 4.380548 47.636065 0.791412 26.385528 
10250 12 2.859878 35.463012 4.370980 49.859475 0.564345 51.020578 
10300 13 3.157479 36.024509 4.363982 47.621581 0.638272 31.792218 
10350 12 3.081605 39.409939 4.389364 48.154111 0.703719 61.841610 
10400 13 3.155734 37.382725 4.380230 46.920058 0.826042 30.146542 
10450 13 3.506969 37.825319 4.377838 44.571822 0.580576 48.070456 
10500 13 3.209784 38.125992 4.345558 44.308704 0.790446 104.512894 
10550 14 3.186885 39.845991 4.358056 48.127659 0.603073 62.700008 
10600 15 3.418283 32.040359 4.353476 44.771145 0.682934 51.797849 
10650 12 3.451538 33.446369 4.391004 44.219268 0.705474 47.705606 
10700 13 3.140801 38.761220 4.365394 44.940588 0.923794 78.593424 
10750 14 3.423430 38.140865 4.377344 44.977985 0.509304 40.400350 
10800 13 3.427577 37.101834 4.345582 47.465125 0.680433 50.604644 
10850 12 3.623787 37.064321 4.354270 45.921353 0.781661 84.606203 
10900 12 3.636534 39.304036 4.360724 41.388807 0.616408 47.255579 
10950 13 3.332983 35.352137 4.355374 45.467667 0.766019 32.287227 
11000 13 3.361433 35.475685 4.352399 44.794128 0.741010 44.458596 
11050 13 3.768343 31.912742 4.439853 42.961713 0.795817 31.204818 
11100 13 3.673365 32.888869 4.413098 42.567685 0.891094 48.046225 
11150 13 3.449216 34.319403 4.386284 46.913934 0.569225 40.108053 
11200 12 3.148501 35.249658 4.391990 47.354338 0.724682 47.822587 
11250 13 3.458743 34.238071 4.372667 44.824679 0.635192 37.331553 
11300 13 3.316991 35.943098 4.389612 44.636006 0.568927 45.370626 
11350 14 3.272326 33.658248 4.435668 42.675299 0.652453 60.793827 
11400 13 3.098140 36.008001 4.428703 44.415692 0.600905 62.736176 
11450 13 3.248020 33.119555 4.432210 44.561143 0.638073 32.300836 
11500 14 3.110657 30.438127 4.412701 45.022404 0.758209 44.330869 
11550 14 3.155254 29.524074 4.399417 46.854304 0.680962 46.197373 
11600 15 3.177640 34.859379 4.427071 45.378171 0.681941 72.383370 
11650 12 3.293065 34.206792 4.441550 43.833459 0.594635 67.525644 
11700 13 3.445482 33.357061 4.354980 44.620562 0.625440 104.092634 
11750 13 3.117450 32.149932 4.310549 46.950007 0.748164 91.961755 
11800 12 3.024132 32.206062 4.337466 48.931147 0.637323 85.048435 
11850 13 3.014319 31.258629 4.310297 48.420361 0.504514 30.611205 
11900 14 2.743131 32.148659 4.305047 48.538371 0.648744 46.417915 
11950 14 2.916811 31.673798 4.311738 49.346626 0.782981 33.705004 
12000 14 2.735249 31.498472 4.299340 49.981643 0.587407 34.482336 
12050 14 2.561023 27.567414 4.299555 49.698641 0.721810 55.373900 
12100 14 2.565353 30.048091 4.252858 50.002934 0.660590 41.462544 
12150 12 2.972423 37.005851 4.268578 49.899827 0.615528 67.275358 
12200 13 3.589513 29.540623 4.271642 47.712268 0.748426 40.272216 
12250 12 3.725277 30.628786 4.274572 47.189823 0.658723 41.108760 
12300 13 4.062778 33.120215 4.241374 47.827230 0.549439 45.611111 
12350 13 3.799812 29.643618 4.257682 46.421359 0.662070 51.500934 
12400 12 3.577432 29.998779 4.265647 45.448409 0.707321 62.638302 
12450 13 3.482180 28.455732 4.245052 46.441327 0.630659 54.339082 
12500 13 3.256719 37.483712 4.236949 48.334696 0.675553 67.852204 
12550 13 3.253231 27.991004 4.283149 47.870939 0.613042 33.243380 
12600 13 3.287676 31.362333 4.305270 47.239408 0.600649 46.359633 
12650 14 2.953127 32.440991 4.379324 48.875661 0.570365 51.750768 
12700 13 2.931691 33.338292 4.355245 48.382033 0.680714 46.785962 
12750 13 2.989370 34.149568 4.351391 45.119919 0.742280 45.165835 
12800 13 3.260890 33.171868 4.339641 46.219610 0.518909 68.813371 
12850 13 3.296508 32.594514 4.309376 46.958122 0.772101 38.906172 
12900 12 3.294978 35.129479 4.299267 46.336404 0.817547 63.968419 
12950 12 3.375223 35.719196 4.286799 47.352087 0.612957 134.908582 
13000 12 3.399767 36.441354 4.294032 47.365824 0.635057 54.929965 
13050 13 3.153539 37.463798 4.345553 45.946026 0.685654 70.873166 
13100 13 3.293421 37.630783 4.307874 47.578703 0.649695 80.680821 
13150 13 2.936035 38.742168 4.349828 48.807141 0.737561 111.614205 
13200 12 3.099962 37.630052 4.308334 48.644629 0.762016 50.792657 
13250 14 3.251673 37.775965 4.304343 46.576350 0.607527 40.701326 
13300 13 2.976340 36.867197 4.300595 46.323437 0.611551 51.682990 
13350 13 3.006471 36.189462 4.281670 43.560546 0.614341 59.269336 
13400 13 3.142816 36.444493 4.324063 50.352052 0.624820 69.279394 
13450 14 3.065996 36.325518 4.358018 46.963200 0.801179 59.891578 
13500 14 3.099955 35.957874 4.372359 48.729899 0.650751 32.340348 
13550 15 2.976549 36.443853 4.367705 49.453796 0.621418 44.524016 
13600 13 2.838949 36.156687 4.325374 49.937319 0.651598 86.975947 
13650 12 3.145273 36.822472 4.320737 45.379800 0.650700 45.001297 
13700 12 3.485596 37.972592 4.339405 42.873852 0.698218 49.635125 
13750 13 3.088179 39.143152 4.315467 45.794196 0.670361 74.950338 
13800 14 2.893788 35.732223 4.289787 50.997423 0.683119 62.885627 
13850 14 3.034498 38.410855 4.270879 47.974831 0.593281 45.310560 
13900 13 3.262742 37.940681 4.270420 49.874090 0.507280 67.591413 
13950 14 3.234958 39.114429 4.254705 47.081003 0.732941 54.499070 
14000 12 3.178827 38.987949 4.251739 47.550541 0.758042 42.100457 
14050 14 2.450254 37.825177 4.187377 54.261311 0.849211 71.541610 
14100 14 3.076784 36.281961 4.229167 52.992710 0.761759 84.018721 
14150 14 3.300835 37.248006 4.222646 48.486726 0.605085 41.144403 
14200 13 2.724074 35.708763 4.164269 54.551418 0.827544 40.948552 
14250 13 3.017848 36.052379 4.203519 49.733761 0.690971 77.051731 
14300 13 2.643095 39.135935 4.170921 50.030202 0.841655 97.830642 
14350 13 3.107252 36.939984 4.202519 51.122556 0.749646 72.020026 
14400 13 3.116966 36.497882 4.180388 50.643172 0.910028 74.059246 
14450 14 2.983999 37.918158 4.200975 49.603782 0.581180 44.440288 
14500 13 2.708729 41.318640 4.203382 57.232899 0.697516 49.936370 
14550 13 2.962498 37.626815 4.224395 52.220415 0.540746 46.931336 
14600 12 3.644637 38.087464 4.237050 44.223763 0.689489 73.036472 
14650 13 3.540366 38.751485 4.207039 44.828530 0.644081 85.715100 
14700 13 3.787195 40.663956 4.201629 47.404054 0.624442 82.622982 
14750 12 3.501543 41.623333 4.190880 50.839911 0.736485 50.126345 
14800 13 3.458121 35.394210 4.192775 47.629193 0.719254 65.885273 
14850 13 3.376014 39.550878 4.196369 49.519696 0.684756 37.953106 
14900 12 3.434312 44.987934 4.233650 49.730307 0.612911 64.479174 
14950 13 3.373043 44.363632 4.171020 49.214495 0.710207 79.506250 
15000 12 3.352918 42.001032 4.104143 54.123592 0.600165 46.863866 
15050 12 3.341448 44.280966 4.092020 49.276817 0.575066 40.950844 
15100 13 3.206434 47.868466 4.078871 50.726964 0.621395 43.345379 
15150 13 3.377336 48.296814 4.084360 49.784654 0.627351 49.435754 
15200 12 3.312665 44.854184 4.137213 48.613561 0.721691 31.952455 
15250 13 3.646653 40.103767 4.181613 49.640842 0.776703 38.401045 
15300 12 3.246183 41.069585 4.220031 48.898116 0.614876 29.856965 
15350 13 3.547569 36.992372 4.180549 49.747402 0.674894 50.696073 
15400 13 3.672198 39.854005 4.196129 46.216295 0.687713 42.192223 
15450 13 3.111513 43.327737 4.146172 46.386855 0.783374 87.465926 
15500 13 3.251679 42.927549 4.138677 48.535734 0.790620 54.582074 
15550 13 3.292484 36.408420 4.106206 51.792725 0.765698 52.461683 
15600 12 3.127828 40.163326 4.127675 50.404540 0.683900 43.921812 
15650 14 3.033083 43.263286 4.129513 47.607712 0.698367 39.303619 
15700 15 3.226544 36.457705 4.141294 45.650694 0.625760 30.227306 
15750 14 2.982545 42.729048 4.142927 46.700977 0.593522 39.049034 
15800 13 3.105049 34.367188 4.136091 52.674489 0.738016 54.011130 
15850 13 3.278993 37.813847 4.143935 50.605466 0.647895 46.085985 
15900 13 3.480443 35.274533 4.181635 48.758311 0.609427 25.351658 
15950 14 3.113762 32.466274 4.235714 46.318946 0.740357 47.292490 
16000 13 3.062000 34.763443 4.207598 46.596386 0.780880 69.231633 
16050 14 2.902489 29.253700 4.240644 48.858962 0.710354 49.760145 
16100 14 3.144316 27.226318 4.217070 50.983908 0.715714 67.985097 
16150 13 3.301098 32.157292 4.294589 47.109725 0.656330 34.980337 
16200 14 3.027577 32.421969 4.275964 46.728290 0.669049 70.111518 
16250 13 3.072708 31.362772 4.305570 46.958952 0.671426 44.508186 
16300 12 3.328895 29.743475 4.290807 48.124592 0.638565 38.510982 
16350 13 3.270177 32.718950 4.285574 49.562570 0.747457 33.064510 
16400 13 3.226109 31.542142 4.337711 45.760053 0.812223 66.279448 
16450 13 3.270093 29.871484 4.323159 46.244179 0.700851 38.955639 
16500 13 3.410955 35.892073 4.281406 46.426931 0.642639 51.455415 
16550 13 3.563380 33.908104 4.266185 47.095442 0.686892 56.763240 
16600 15 3.349486 32.354762 4.285585 46.857252 0.594452 78.625446 
16650 12 3.231597 28.126960 4.285585 46.857252 0.652339 35.648802 
16700 13 3.216586 31.919089 4.284867 46.892395 0.692050 39.518225 
16750 12 3.208372 31.219255 4.310994 46.360029 0.639540 69.361404 
16800 13 3.385804 30.311489 4.308502 45.531926 0.570464 81.875627 
16850 12 3.305745 31.544320 4.313670 45.976986 0.668204 57.078867 
16900 14 2.859381 31.876049 4.318142 45.739812 0.720822 51.005344 
16950 14 2.994114 34.439358 4.341353 46.758883 0.564438 60.404242 
17000 14 3.045297 32.222688 4.290514 45.387800 0.762216 79.786542 
17050 13 3.582226 32.569405 4.288492 45.198635 0.837924 81.700101 
17100 12 3.564275 29.883453 4.297735 44.221231 0.712672 118.250653 
17150 12 3.452291 33.744888 4.267704 48.195513 0.656092 74.534380 
17200 13 3.867937 31.140475 4.303102 45.560215 0.578461 89.891195 
17250 13 3.889041 32.076406 4.281735 44.123422 0.705238 90.372989 
17300 13 3.688780 33.610202 4.298467 45.432234 0.700136 94.583163 
17350 13 3.548318 31.227250 4.301179 45.756709 0.779267 63.559220 
17400 12 3.317271 33.848664 4.331541 45.348967 0.746994 54.567356 
17450 13 3.148052 33.454441 4.333342 46.055515 0.636597 63.011475 
17500 13 3.202249 33.987295 4.329653 45.662614 0.753452 84.040902 
17550 13 3.464957 33.481567 4.311133 45.908379 0.686698 130.914721 
17600 14 3.301554 32.959955 4.335543 45.875568 0.871712 63.897596 
17650 14 3.467387 31.289214 4.343687 46.088841 0.684682 35.254241 
17700 14 3.530720 30.966357 4.343002 44.865318 0.572799 55.813625 
17750 12 3.315302 31.114930 4.285761 47.089082 0.664733 54.725417 
17800 12 3.152436 37.356699 4.288022 45.606974 0.720160 77.858039 
17850 13 3.273354 37.689644 4.322347 46.122281 0.686501 66.946541 
17900 14 3.129772 37.334881 4.308582 46.696932 0.791442 53.823646 
17950 13 3.149420 35.243879 4.301024 47.256989 0.840155 52.817581 
18000 13 3.264637 30.040013 4.305291 47.140918 0.726058 58.568395 
18050 12 3.445342 34.644860 4.300548 46.997611 0.806476 42.418863 
18100 13 3.485193 38.165365 4.312230 46.980413 0.646970 82.996189 
18150 13 3.624696 33.700393 4.313475 46.520129 0.691260 85.813902 
18200 13 3.716794 33.577193 4.318495 46.343584 0.590579 39.348095 
18250 13 3.504802 30.057436 4.306610 44.261473 0.652276 55.968882 
18300 14 3.693245 32.388956 4.304472 48.218023 0.831148 64.262551 
18350 13 3.786850 28.503443 4.313605 44.108975 0.594667 76.419541 
18400 13 3.585473 34.053686 4.303276 46.746907 0.905135 43.960233 
18450 12 3.308190 34.561876 4.309490 47.997870 0.590177 47.143303 
18500 13 3.193487 35.892963 4.295872 45.722932 0.710716 38.909148 
18550 12 3.574720 34.014827 4.289555 44.818633 0.711666 59.549860 
18600 13 3.270866 34.593435 4.287460 45.158475 0.633294 60.104511 
18650 12 3.515373 33.850462 4.287076 45.445815 0.720249 50.002352 
18700 12 2.885119 34.951395 4.284494 47.376820 0.743436 60.239026 
18750 13 3.089879 34.093370 4.265105 49.558841 0.737662 52.607427 
18800 12 3.051758 38.629923 4.272526 46.338346 0.629392 33.807147 
18850 13 3.231931 28.013861 4.270470 46.495895 0.675669 44.555718 
18900 13 2.878532 31.483325 4.272459 46.461624 0.653531 42.630583 
18950 13 3.177827 27.846969 4.299555 46.835059 0.796873 83.949772 
19000 12 3.125547 28.108303 4.261711 48.098436 0.595736 51.476809 
19050 15 2.962042 28.070100 4.269495 47.067373 0.608792 60.666877 
19100 14 2.954709 24.101213 4.264000 46.785119 0.634851 119.595728 
19150 14 2.850096 31.065596 4.284143 49.330452 0.750715 68.080680 
19200 12 3.309939 28.718136 4.235311 49.188457 0.680552 48.440765 
19250 13 3.198027 34.618469 4.205565 47.648928 0.652763 122.618505 
19300 13 3.407658 33.651001 4.226667 46.215934 0.648744 94.693787 
19350 13 3.371510 34.320933 4.217455 47.815272 0.808251 46.349526 
19400 12 3.138117 32.599881 4.217509 48.002584 0.701578 53.398712 
19450 14 3.128414 24.910394 4.231986 49.425139 0.613723 60.733866 
19500 12 2.900165 36.301111 4.244369 53.284072 0.675280 56.275110 
19550 14 3.062329 29.772470 4.262534 49.204269 0.796699 45.975704 
19600 12 3.256008 27.380767 4.256645 50.815189 0.792851 53.861892 
19650 14 2.790575 34.802344 4.253679 48.082250 0.628421 82.078039 
19700 14 3.346635 33.017061 4.264161 45.960092 0.607488 76.766268 
19750 14 3.190115 36.654925 4.301434 45.626805 0.575596 58.063308 
19800 13 3.769360 29.669980 4.297625 45.830533 0.733228 79.668966 
19850 13 3.363752 32.800583 4.300055 45.941075 0.607349 40.233579 
19900 13 3.333498 38.946556 4.315802 44.252369 0.669037 36.814897 
19950 14 3.076196 36.587707 4.316639 44.383633 0.727835 68.875508 
20000 13 3.429085 32.967312 4.311424 44.316877 0.675277 46.910403 
20050 13 3.485743 30.499310 4.309366 44.457122 0.731143 68.929458 
20100 13 3.335681 34.521219 4.290042 45.830504 0.639404 44.072658 
20150 13 2.982302 33.383955 4.311181 46.067795 0.703168 57.056113 
20200 13 2.363861 33.148546 4.328606 48.412829 0.678994 51.682387 
20250 14 2.783704 30.275314 4.320259 48.312370 0.777366 66.266467 
20300 13 2.739904 30.985908 4.274480 53.993066 0.680459 40.015199 
20350 14 2.947757 32.807456 4.249714 53.695589 0.568322 52.585417 
20400 13 3.150494 33.582043 4.262680 47.907192 0.752634 67.423456 
20450 14 2.794127 30.284695 4.234309 48.465635 0.636956 80.508816 
20500 14 2.975882 34.575680 4.213538 53.302703 0.621862 50.174117 
20550 14 2.993278 33.933041 4.199582 51.128843 0.668672 54.970508 
20600 13 3.186926 37.398466 4.210899 47.441983 0.687161 43.126173 
20650 14 3.331637 30.748210 4.231746 47.954987 0.735638 62.770613 
20700 13 3.102376 33.520997 4.217186 51.582465 0.608552 32.834309 
20750 12 3.598537 28.106877 4.231785 46.407367 0.734985 87.099594 
20800 12 3.669363 28.234729 4.228687 48.022881 0.625457 59.050748 
20850 13 3.211330 32.070408 4.220575 49.090488 0.714479 48.169880 
20900 14 3.329766 30.805956 4.243015 48.085973 0.714826 37.345190 
20950 14 3.475107 31.023992 4.256058 47.995832 0.630921 28.369015 
21000 14 3.419609 35.165949 4.237300 48.550540 0.572750 46.869167 
21050 14 3.742715 25.229381 4.231416 49.906983 0.675107 38.448923 
21100 12 3.766957 28.717869 4.237024 48.200489 0.725770 52.460109 
21150 13 3.340387 28.655131 4.212004 51.599352 0.686701 96.378873 
21200 13 3.290596 27.599376 4.200672 51.907311 0.542238 55.245416 
21250 13 3.266733 26.095240 4.213711 50.643836 0.809182 66.254926 
21300 12 3.145237 30.646667 4.208722 49.910786 0.704450 63.283194 
21350 12 2.800661 30.241195 4.324891 50.347467 0.793840 45.768724 
21400 12 3.118839 25.847870 4.364832 47.445818 0.618936 44.787409 
21450 12 3.571381 21.978326 4.353284 44.262964 0.705608 29.424731 
21500 13 3.442984 28.861804 4.334406 46.478921 0.730203 50.064760 
21550 12 3.253631 26.567995 4.333252 50.333142 0.666103 36.360568 
21600 14 3.573204 29.477404 4.349186 44.992630 0.698743 53.087334 
21650 13 3.251603 26.567107 4.378470 48.026187 0.713513 42.154220 
21700 13 3.351099 25.026464 4.330957 47.069581 0.562429 34.303954 
21750 12 3.300864 30.363630 4.324104 47.188660 0.556977 54.945140 
21800 13 3.830282 31.520749 4.356247 42.962744 0.733301 82.669192 
21850 12 3.883716 33.723494 4.352402 41.552475 0.660220 43.837231 
21900 13 3.458781 34.878612 4.354753 45.971126 0.652831 71.888270 
21950 13 3.505402 31.346772 4.348899 48.774148 0.592591 66.914390 
22000 14 3.365944 31.175964 4.356350 46.086890 0.641285 61.365437 
22050 14 3.345879 35.361846 4.340103 48.014210 0.632580 65.637494 
22100 12 3.154431 32.809641 4.360323 42.294142 0.651623 57.141664 
22150 12 3.165645 30.571240 4.363014 46.050831 0.847194 93.703573 
22200 13 2.861985 29.712774 4.367574 46.591803 0.783597 58.253928 
22250 13 2.880033 29.682046 4.345268 49.542076 0.679812 74.745913 
22300 13 2.741118 28.964785 4.383258 46.197197 0.644189 87.710084 
22350 13 2.983460 28.850109 4.368007 48.444863 0.708993 117.409674 
22400 14 2.914422 33.173575 4.350453 49.786229 0.778260 51.513613 
22450 13 2.966564 28.093382 4.395309 46.438967 0.769624 63.118568 
22500 13 3.083298 34.671489 4.412551 45.790678 0.688962 37.393853 
22550 14 2.755630 32.390254 4.429452 44.531711 0.631460 57.668974 
22600 13 2.619950 30.082932 4.411447 46.969117 0.680194 52.669184 
22650 12 3.533928 31.242481 4.388350 45.148717 0.731159 64.578774 
22700 14 3.361586 32.302842 4.391919 46.358397 0.822469 63.635237 
22750 13 3.450787 29.861919 4.343025 48.098060 0.770295 56.124756 
22800 13 3.285018 34.631283 4.333385 46.913798 0.582365 50.100430 
22850 13 3.485095 36.120923 4.345541 45.374892 0.633233 34.264575 
22900 12 3.469173 39.638041 4.337088 48.740871 0.715441 48.417211 
22950 13 3.344687 29.947983 4.324363 46.411130 0.652892 65.807530 
23000 13 3.162798 29.659640 4.289981 48.079533 0.558113 43.621085 
23050 13 3.407111 28.359167 4.295175 51.120909 0.867550 69.199301 
23100 14 3.484779 32.427151 4.245411 47.801749 0.582004 62.729483 
23150 12 3.433050 30.173854 4.230022 53.213340 0.661740 58.115848 
23200 13 2.932728 27.879703 4.258231 50.615934 0.794349 64.688199 
23250 12 2.693510 32.282571 4.228401 52.688292 0.702599 38.410231 
23300 13 2.868962 31.498327 4.230922 50.266830 0.808496 47.195359 
23350 12 3.030698 31.105296 4.232540 49.476013 0.714078 54.253408 
23400 12 3.036112 35.518401 4.230795 47.431459 0.724367 36.761434 
23450 13 2.838229 32.617160 4.216204 51.334043 0.849750 75.443298 
23500 12 2.747960 33.906689 4.254319 52.850574 0.543910 67.642355 
23550 15 2.894522 31.886963 4.280410 47.706745 0.629969 60.517953 
23600 13 3.286962 35.435666 4.280895 47.843464 0.607212 95.802669 
23650 13 3.056180 34.935810 4.238182 49.906291 0.734150 63.223347 
23700 13 2.974294 40.092783 4.275601 50.170218 0.651241 44.981708 
23750 14 3.337266 35.591420 4.275656 46.935927 0.720458 53.817302 
23800 13 3.480275 35.809560 4.343137 44.214875 0.720879 82.189061 
23850 12 3.133010 29.044014 4.343781 47.066931 0.651348 47.276413 
23900 14 3.360264 29.583416 4.366792 43.306364 0.752500 29.539499 
23950 13 3.445148 28.216863 4.293408 48.510972 0.794024 55.975350 
24000 13 3.557175 24.509876 4.283089 46.635869 0.674207 71.808820 
24050 14 3.374477 29.252207 4.278901 48.371330 0.627489 81.364751 
24100 13 3.553496 26.083873 4.264414 47.172371 0.635815 66.809533 
24150 13 3.514877 26.998338 4.242890 49.064304 0.835589 33.646187 
24200 13 3.520387 25.623823 4.222167 47.621551 0.591139 42.236010 
24250 12 3.415775 27.922400 4.195696 48.984794 0.666277 39.221804 
24300 14 3.111466 31.155131 4.179886 44.038849 0.615596 51.932307 
24350 12 3.389556 29.692585 4.211913 49.175095 0.712722 82.571323 
24400 13 3.451922 28.525924 4.274303 43.388407 0.702057 91.373133 
24450 14 3.179250 28.768020 4.252231 48.414772 0.708906 72.269003 
24500 13 3.285383 32.515512 4.229095 52.297709 0.839377 74.290643 
24550 14 2.970370 31.546517 4.208922 52.195093 0.635295 62.520737 
24600 12 2.932238 27.563422 4.194244 53.233219 0.805117 34.594537 
24650 13 2.871434 33.791671 4.169136 53.534209 0.706250 26.093676 
24700 13 2.762478 30.370172 4.189559 50.278908 0.711084 32.042555 
24750 13 3.016209 31.951028 4.213038 49.656000 0.574468 46.625855 
24800 13 3.103852 31.100720 4.206263 52.887931 0.738112 52.669485 
24850 12 3.180152 33.774812 4.171838 50.795832 0.756415 96.939185 
24900 14 3.112758 34.970906 4.253869 49.319262 0.913765 67.628061 
24950 14 3.220284 34.678195 4.248541 43.215401 0.703546 41.174514 
25000 13 3.128886 34.969755 4.192857 51.697343 0.675622 42.797767 
25050 13 3.369964 36.338779 4.181843 51.074449 0.701296 60.441181 
25100 13 3.438537 38.277943 4.207733 49.623388 0.756972 91.540519 
25150 12 3.257296 34.159884 4.208979 46.060829 0.656197 43.587316 
25200 13 3.434676 35.580863 4.187661 47.834762 0.798594 83.133660 
25250 14 3.427226 30.641816 4.181869 53.270109 0.596718 58.345431 
25300 14 3.090635 28.834882 4.205323 47.817988 0.525778 58.245592 
25350 13 2.968987 35.701951 4.237200 51.619364 0.689043 54.226952 
25400 14 3.448977 34.155897 4.230240 48.442373 0.725637 82.014912 
25450 13 3.863001 30.438580 4.248815 48.476409 0.669890 78.245869 
25500 13 3.285471 33.345179 4.239541 45.291368 0.663672 32.934722 
25550 13 3.588037 30.454719 4.216635 47.788641 0.749478 82.694488 
25600 12 3.281657 33.343259 4.203942 46.108454 0.775319 70.479725 
25650 13 3.120184 29.288822 4.253343 48.169095 0.598851 68.130804 
25700 13 3.532141 24.731045 4.262257 50.990046 0.657647 50.333340 
25750 13 3.385185 33.218742 4.242519 47.567026 0.644263 69.179458 
25800 13 3.271346 28.921950 4.257475 46.788720 0.770182 47.147511 
25850 13 3.348692 35.689143 4.282724 46.835658 0.714288 46.932446 
25900 13 3.136765 36.484585 4.306002 47.469488 0.738686 64.329074 
25950 13 3.444723 33.302436 4.307880 47.948432 0.683413 42.903833 
26000 14 2.977843 35.099204 4.273679 44.589789 0.698913 71.121574 
26050 14 3.026087 37.568937 4.253448 47.154783 0.600973 50.858709 
26100 14 3.157829 32.647972 4.199948 47.630611 0.738474 58.137688 
26150 14 3.305393 31.702998 4.211548 48.437542 0.593496 52.820772 
26200 12 3.389328 30.997597 4.212223 49.398320 0.746870 35.134381 
26250 13 3.375762 26.109706 4.196907 49.047720 0.672547 36.054727 
26300 13 3.222916 32.723490 4.226593 45.384798 0.734701 30.786620 
26350 13 3.117698 28.845340 4.230338 45.952968 0.672665 69.057036 
26400 13 3.225834 30.954441 4.242726 46.265392 0.676255 56.882638 
26450 13 3.110565 27.553480 4.252604 44.709195 0.608697 45.360953 
26500 12 3.144703 26.898787 4.276943 47.619559 0.540306 46.448084 
26550 13 3.202039 21.286442 4.284066 47.956354 0.574526 41.947368 
26600 12 2.892571 21.961122 4.260079 47.015176 0.762174 58.886866 
26650 14 3.322839 31.942198 4.250562 47.837127 0.685460 77.190478 
26700 13 3.197214 29.822540 4.249432 45.099554 0.715976 60.076900 
26750 13 3.363899 28.554483 4.240603 47.596748 0.741363 47.379704 
26800 13 3.372153 27.722626 4.227563 47.205107 0.729373 82.461453 
26850 13 3.055854 22.694595 4.225891 48.454328 0.614794 50.561980 
26900 13 3.273959 33.601413 4.232160 45.430708 0.703259 81.290100 
26950 12 2.904345 28.477275 4.200120 53.179896 0.853045 129.024941 
27000 13 3.005706 21.097278 4.150132 51.338487 0.671549 60.312156 
27050 14 3.084744 26.751754 4.128461 49.199868 0.643420 51.101475 
27100 14 3.295531 27.266150 4.142561 49.614069 0.628537 86.052301 
27150 13 2.727605 24.972014 4.168083 49.520427 0.811598 69.423767 
27200 14 3.085585 28.565380 4.196916 50.722315 0.583094 63.420528 
27250 12 3.323388 32.646796 4.223027 48.818824 0.722963 78.540644 
27300 12 3.119438 28.228660 4.231016 49.124046 0.790604 45.700516 
27350 13 2.870603 34.378806 4.250954 48.699414 0.777611 49.760826 
27400 13 2.883398 29.899722 4.246711 49.833219 0.666692 73.069312 
27450 13 3.546087 27.864897 4.267404 47.864606 0.723211 68.009674 
27500 14 3.049886 30.062942 4.258439 47.132974 0.753733 91.357037 
27550 14 2.864086 26.817309 4.265909 48.035458 0.566037 59.545719 
27600 14 2.892704 35.967378 4.244578 49.255471 0.681104 36.868843 
27650 14 3.222038 34.489921 4.268833 45.944308 0.656881 77.099233 
27700 13 3.308986 33.327424 4.307829 47.940610 0.713034 45.771546 
27750 13 3.383546 36.046492 4.270594 47.666362 0.683564 60.132290 
27800 13 3.420384 31.047561 4.240876 47.431348 0.782775 42.773342 
27850 13 3.672139 36.834504 4.235822 47.312408 0.695751 49.742873 
27900 13 3.368265 40.924583 4.263596 46.661392 0.671331 40.092962 
27950 13 3.334004 36.082961 4.280255 46.605894 0.568601 65.012772 
28000 13 3.724021 39.729158 4.295478 46.562960 0.610630 44.029599 
28050 13 3.591436 35.728984 4.308130 47.019476 0.662857 80.101749 
28100 12 3.558795 42.504949 4.257717 47.418401 0.677363 45.042688 
28150 12 3.191093 40.783532 4.288425 46.794466 0.808857 48.588742 
28200 15 2.854382 38.539132 4.301751 44.334985 0.503332 33.243378 
28250 13 3.078024 36.276966 4.305912 43.578139 0.906499 35.904809 
28300 13 3.234116 37.629501 4.310614 44.916709 0.655305 50.075474 
28350 14 3.280334 40.719137 4.322037 45.437821 0.580637 56.602696 
28400 13 3.795917 39.350682 4.309197 45.739716 0.687657 50.080139 
28450 12 3.722923 40.071657 4.295762 44.352925 0.696703 39.502169 
28500 13 3.558726 40.806048 4.293962 44.446806 0.863118 51.105139 
28550 13 3.220786 35.293404 4.294628 44.671904 0.617570 26.270353 
28600 15 3.081036 41.406545 4.301423 44.471681 0.612341 64.411249 
28650 13 3.277530 38.982863 4.293420 44.958577 0.755095 52.155027 
28700 13 3.455163 42.705289 4.251559 45.238339 0.665777 67.601255 
28750 14 3.194158 42.776027 4.226556 45.366844 0.747595 32.725183 
28800 13 3.119409 36.429854 4.253428 45.675401 0.619932 37.643953 
28850 13 2.987635 32.275854 4.303038 45.835285 0.728098 35.801244 
28900 13 3.460336 32.533726 4.347208 46.531696 0.798662 45.229678 
28950 13 3.427344 31.649047 4.345445 44.037916 0.753283 112.415505 
29000 13 3.277724 35.203816 4.366182 44.251912 0.814939 50.495958 
29050 12 3.136310 30.184592 4.377666 46.190111 0.585388 60.012787 
29100 13 3.115322 34.303109 4.395628 45.914546 0.680963 30.371935 
29150 13 2.900758 31.023543 4.421927 46.449135 0.808645 42.400215 
29200 13 2.936950 31.720574 4.461465 47.460110 0.627593 20.038117 
29250 13 3.043978 26.201459 4.455160 46.681530 0.637166 39.408261 
29300 13 3.246286 28.778426 4.472217 45.766747 0.537172 37.446680 
29350 13 2.612569 23.900023 4.439826 47.695347 0.784382 61.424858 
29400 13 2.399968 23.713206 4.448156 47.031437 0.665220 62.748613 
29450 12 3.044329 29.379121 4.390650 46.021921 0.671560 40.983828 
29500 13 3.011588 26.834611 4.387018 46.505598 0.712160 36.066037 
29550 14 2.900976 30.049801 4.372333 46.201855 0.679017 44.246790 
29600 13 2.845024 18.372412 4.322656 46.831419 0.655776 41.875868 
29650 13 3.031085 21.364788 4.292147 47.446215 0.596585 46.711001 
29700 13 3.156019 18.813906 4.286968 48.611756 0.804606 86.243794 
29750 13 3.015122 17.141018 4.323748 48.774717 0.694061 59.596440 
29800 13 3.168176 22.095954 4.299915 45.807948 0.589221 67.539524 
29850 13 2.859431 20.604463 4.269847 51.467806 0.793237 67.092469 
29900 14 2.940543 19.880677 4.250324 50.182512 0.660845 57.447143 
29950 14 2.994957 19.635379 4.250003 48.537606 0.711559 80.829638 
30000 15 3.410894 19.319010 4.244255 48.709523 0.619082 48.035103 
30050 14 3.411577 21.313299 4.263314 48.071965 0.745548 53.406515 
30100 14 3.017028 23.612212 4.293058 46.823860 0.627589 53.188997 
30150 14 3.225139 23.602080 4.284107 47.914763 0.768633 52.252566 
30200 12 3.018166 22.240003 4.237825 54.009071 0.903142 86.612765 
30250 12 3.139225 23.708625 4.225334 53.051972 0.685024 84.319904 
30300 12 3.033115 27.960747 4.247379 49.753002 0.749719 73.518260 
30350 13 3.145581 25.382599 4.209053 53.736878 0.578929 50.281084 
30400 13 3.116599 32.190878 4.239107 48.806545 0.603384 69.360504 
30450 12 3.037691 24.195290 4.234083 48.769138 0.655973 55.602912 
30500 13 3.070551 28.673264 4.226915 50.242952 0.615853 62.130613 
30550 12 3.367346 29.579335 4.242419 46.592653 0.690933 49.737686 
30600 13 3.350244 25.479847 4.218390 48.192901 0.749047 27.594421 
30650 12 3.460964 23.554694 4.215152 49.695977 0.600450 26.170604 
30700 14 3.031736 21.742442 4.237032 47.657103 0.808945 74.171720 
30750 14 3.081969 25.275098 4.212115 48.298674 0.747127 63.079007 
30800 12 3.116191 26.049297 4.224135 48.899510 0.780511 35.840798 
30850 13 2.940441 25.465566 4.223772 47.852099 0.632056 74.741858 
30900 13 3.195621 29.741626 4.208187 49.148733 0.748128 31.225042 
30950 14 3.332457 30.466636 4.254856 47.007739 0.657329 26.815397 
31000 12 2.780134 31.243153 4.303316 49.806292 0.608838 45.916747 
31050 13 2.837574 29.710368 4.289160 51.392633 0.766350 36.167744 
31100 12 2.865064 35.280018 4.289924 50.757707 0.644918 40.270729 
31150 13 2.965508 29.494533 4.303419 48.956668 0.561297 63.718786 
31200 14 3.176117 29.973361 4.299040 48.750459 0.810280 43.986711 
31250 12 3.237889 33.954023 4.262870 49.727328 0.712470 49.262405 
31300 15 2.833966 36.402590 4.248008 49.222004 0.672734 70.647788 
31350 13 3.085734 35.814072 4.223612 51.078614 0.628714 67.062473 
31400 15 3.200993 30.594912 4.185521 49.397724 0.752207 52.075600 
31450 14 3.039098 29.102561 4.192760 52.938173 0.704759 66.641238 
31500 14 2.902759 26.361452 4.187298 50.717154 0.552148 71.390458 
31550 13 2.975853 26.408508 4.186192 54.221602 0.694469 75.862940 
31600 12 3.066278 27.609060 4.210305 48.286658 0.581013 75.120102 
31650 13 3.189450 30.324249 4.196501 49.802567 0.743368 42.777775 
31700 14 3.162852 27.313271 4.239163 48.353735 0.698785 40.654751 
31750 13 3.117197 27.114506 4.271942 49.310664 0.649819 68.075559 
31800 13 3.292135 26.162499 4.270532 49.378607 0.798635 40.693517 
31850 12 3.155814 27.576383 4.263942 51.806473 0.664866 79.244281 
31900 13 3.198416 30.296547 4.235683 47.054912 0.736683 43.630983 
31950 12 3.125017 29.705687 4.267082 48.983189 0.652694 71.172570 
32000 13 3.394402 25.889210 4.246460 48.719939 0.726441 68.377089 
32050 13 3.081273 20.929848 4.262612 49.462793 0.637128 48.221131 
32100 14 3.086429 29.508593 4.225478 54.112462 0.532573 42.603214 
32150 14 3.001771 24.702015 4.221227 50.194052 0.646668 96.011421 
32200 13 2.951706 29.506762 4.266511 47.828964 0.698625 48.188878 
32250 12 2.887752 27.920603 4.182671 52.052976 0.725854 64.480615 
32300 14 3.057334 22.242674 4.187647 50.380595 0.542038 44.693987 
32350 12 3.254340 31.845646 4.211049 49.895713 0.630388 61.310354 
32400 12 3.484785 25.474741 4.224454 50.606747 0.592508 67.396645 
32450 13 3.511076 21.126476 4.214358 48.764803 0.687406 88.507031 
32500 12 3.774626 24.010117 4.247738 46.312524 0.663605 98.129828 
32550 12 3.795888 29.487361 4.234272 46.572289 0.589183 42.437788 
32600 12 3.787834 29.299959 4.233634 47.497741 0.581188 37.882240 
32650 12 3.665045 34.072061 4.222240 46.480922 0.663361 24.682486 
32700 13 3.938531 29.743013 4.238665 47.113975 0.692695 50.049736 
32750 12 3.571910 29.421657 4.299777 44.493611 0.755572 60.087782 
32800 13 3.208107 30.513218 4.295565 46.946521 0.594652 31.375672 
32850 13 3.295468 28.892513 4.301244 47.383228 0.771680 74.018009 
32900 13 3.103093 31.160330 4.307928 47.701037 0.699407 102.096162 
32950 13 2.867638 34.443778 4.318624 47.595971 0.803840 70.505603 
33000 14 2.900966 32.170991 4.285614 49.125977 0.794153 96.847644 
33050 14 2.977975 31.717718 4.258531 47.514096 0.651794 56.127160 
33100 13 2.621055 29.461100 4.269077 50.708268 0.714461 55.173174 
33150 12 2.869490 25.986825 4.305969 47.569498 0.568055 36.118986 
33200 13 2.624693 25.102622 4.272384 54.006810 0.535118 43.742218 
33250 12 2.491550 28.434626 4.260212 56.078547 0.550261 61.022644 
33300 13 3.082593 28.078164 4.181266 53.934745 0.720554 42.569594 
33350 13 2.946696 30.067233 4.162590 51.272126 0.749921 61.489327 
33400 12 2.797920 31.156697 4.189117 60.014043 0.662161 93.771708 
33450 14 2.749007 29.309099 4.257914 52.531794 0.626249 70.381554 
33500 13 2.665326 30.585604 4.278899 48.092952 0.599205 53.620235 
33550 13 2.829094 30.631522 4.308074 50.080316 0.845999 43.665674 
33600 14 2.785208 23.316546 4.219843 47.878996 0.580058 65.437528 
33650 12 2.550465 24.691828 4.207127 51.528106 0.662515 83.233237 
33700 13 2.796913 23.825258 4.227819 49.058968 0.734577 47.989660 
33750 13 2.714190 25.334987 4.280594 49.977318 0.709659 83.936918 
33800 13 2.795941 23.495667 4.276793 48.405048 0.674695 29.564575 
33850 14 2.982904 25.558227 4.278153 46.005310 0.736476 36.262756 
33900 14 2.858125 26.330278 4.250820 49.736086 0.585864 43.376554 
33950 13 3.018958 28.049926 4.277268 48.990921 0.777363 46.729401 
34000 15 2.945530 27.181316 4.285336 48.847310 0.686118 68.516702 
34050 13 2.720980 28.170442 4.291756 48.309825 0.650788 75.616389 
34100 13 3.009729 28.489846 4.283905 49.017611 0.765466 74.948847 
34150 14 2.678841 24.376086 4.275450 49.616074 0.748210 49.836017 
34200 14 2.921199 26.800080 4.270670 50.531732 0.722162 26.588256 
34250 15 3.040634 27.345152 4.247792 49.253541 0.623540 20.772995 
34300 14 3.034596 27.740214 4.261398 50.674360 0.803792 63.799576 
34350 12 3.103342 31.856876 4.271616 52.099528 0.654909 76.797764 
34400 13 3.091696 28.175973 4.319127 47.571964 0.847034 69.045578 
34450 12 3.134704 25.942996 4.353473 47.884742 0.743199 66.350715 
34500 14 2.796924 18.163712 4.302852 48.429244 0.594159 61.020941 
34550 15 2.661763 25.555200 4.292872 47.044260 0.738226 64.829026 
34600 15 2.834874 26.037222 4.278860 48.344204 0.643424 135.435859 
34650 12 2.940986 29.869119 4.256227 48.929659 0.613378 64.477069 
34700 13 2.779616 33.491013 4.257385 47.941521 0.607604 43.847739 
34750 12 2.891464 28.070581 4.291254 50.203919 0.785175 64.672610 
34800 13 2.848160 28.423753 4.315782 46.517103 0.657862 67.863424 
34850 15 3.283253 23.622787 4.291042 46.467084 0.630805 63.279917 
34900 14 3.556341 22.975635 4.276060 47.134263 0.753365 65.802824 
34950 14 2.955722 20.818243 4.276022 51.294595 0.729024 54.438624 
35000 14 3.321468 26.607292 4.319859 47.792243 0.719504 61.886991 
35050 13 3.322804 17.944602 4.333356 49.454140 0.632739 66.802697 
35100 13 3.346464 20.658997 4.407605 47.681837 0.712764 39.026476 
35150 13 3.244718 27.201031 4.373396 45.264625 0.631605 38.042157 
35200 14 3.312103 31.009992 4.360484 44.074211 0.808191 54.779816 
35250 12 3.217332 23.580572 4.413950 45.406605 0.832735 43.527314 
35300 15 3.325078 24.515201 4.408850 45.309102 0.748864 39.810242 
35350 14 3.760963 25.925107 4.401331 44.379695 0.625628 98.210025 
35400 13 3.721491 23.951606 4.334479 45.423742 0.663423 111.634859 
35450 13 3.600421 23.738919 4.378759 47.462755 0.679516 39.990986 
35500 12 3.297675 24.583373 4.365916 44.325606 0.718940 49.147745 
35550 12 3.217226 25.756833 4.385066 45.922790 0.741531 47.307457 
35600 12 2.926840 23.172865 4.382834 46.935184 0.629025 36.347700 
35650 13 3.002258 24.129727 4.383178 46.952721 0.641241 55.734269 
35700 13 3.144585 24.144089 4.385348 45.883579 0.612876 46.191592 
35750 13 3.124919 24.659922 4.398287 46.239688 0.546029 36.746473 
35800 14 3.100601 24.707275 4.392546 46.798259 0.697927 40.196890 
35850 14 3.301236 23.735406 4.375905 45.413995 0.564045 51.329784 
35900 13 3.255693 28.258467 4.353677 45.191319 0.689060 78.985035 
35950 15 2.752403 26.461726 4.347604 46.470460 0.618867 35.275496 
36000 14 2.836593 27.609391 4.323342 46.619690 0.592205 46.282760 
36050 14 2.852848 30.319571 4.321087 47.459727 0.612382 40.914956 
36100 13 2.656000 29.846661 4.320939 48.029161 0.692868 42.813886 
36150 13 2.968778 32.298456 4.319588 48.203291 0.893963 74.376825 
36200 13 2.838685 28.444517 4.330597 49.683838 0.700347 52.518902 
36250 12 2.805170 31.067240 4.331214 45.480087 0.664703 58.801030 
36300 12 3.149439 32.900043 4.323422 45.491433 0.801505 41.641199 
36350 12 3.064469 32.536813 4.347356 47.077759 0.828884 48.112160 
36400 13 3.093912 31.063899 4.291470 46.559049 0.650287 34.233356 
36450 13 3.354998 32.892499 4.239064 49.676949 0.754594 74.185951 
36500 14 3.280949 28.772360 4.301342 48.733125 0.633923 58.493738 
36550 14 3.409520 27.416608 4.297593 48.804776 0.690519 51.287328 
36600 13 2.895910 30.493421 4.315722 49.935542 0.630293 60.824257 
36650 13 3.091038 33.235134 4.272028 47.990255 0.809648 76.826952 
36700 13 3.020534 26.520199 4.258320 48.565707 0.866086 46.901334 
36750 13 2.849345 29.528383 4.235084 47.807028 0.593143 73.439740 
36800 13 2.741163 29.433920 4.325539 47.791922 0.726076 53.756842 
36850 13 2.758921 28.400583 4.316476 46.857247 0.715270 113.032587 
36900 13 2.544388 36.185139 4.317031 48.095388 0.692404 86.110497 
36950 13 2.834145 31.583503 4.279466 48.794382 0.750793 43.327589 
37000 12 3.600680 32.390811 4.306274 45.464765 0.669726 35.098714 
37050 14 3.443844 27.846284 4.266586 44.060212 0.533670 56.608008 
37100 12 3.200494 26.201254 4.239786 49.366422 0.605973 36.610802 
37150 13 3.266805 32.322396 4.289670 49.215293 0.769729 30.750660 
37200 13 3.414563 29.153620 4.295370 47.861435 0.570240 37.221428 
37250 13 3.041049 32.935866 4.259453 47.887450 0.683470 67.049493 
37300 13 3.374195 35.306831 4.229758 48.635647 0.721825 66.989822 
37350 14 3.175441 38.216584 4.219018 46.450868 0.777210 94.291172 
37400 15 3.093722 40.082767 4.182644 47.412270 0.633282 37.452520 
37450 12 2.909251 38.148620 4.208401 52.199381 0.735185 65.792168 
37500 14 3.243910 45.355683 4.206701 51.140238 0.536870 86.641226 
37550 12 2.823607 43.028423 4.164883 49.896815 0.789071 71.936712 
37600 12 3.150087 39.886229 4.163970 50.039177 0.520457 67.735484 
37650 14 3.011138 39.336786 4.192713 48.344995 0.653167 79.350829 
37700 12 3.117748 37.597648 4.231167 49.035220 0.730699 58.630362 
37750 12 3.308544 33.380762 4.248163 49.288140 0.790812 85.593957 
37800 13 3.656465 36.492854 4.235397 49.178457 0.587453 75.771118 
37850 13 3.804526 36.265288 4.260330 45.549108 0.634628 92.097547 
37900 13 3.282474 37.428766 4.291989 47.366512 0.730589 46.723495 
37950 12 3.177132 32.961606 4.285001 49.167356 0.696373 78.619670 
38000 12 3.411451 31.065702 4.328061 46.974633 0.643869 45.114357 
38050 13 3.532269 33.109490 4.339660 47.273215 0.689650 37.585814 
38100 13 3.658738 37.760070 4.366541 42.414940 0.684358 40.538512 
38150 14 3.549341 37.942141 4.376202 42.561399 0.712889 43.362055 
38200 13 3.504322 40.478409 4.355253 47.490620 0.774141 50.158671 
38250 13 3.038628 35.606096 4.354215 47.859583 0.777239 55.061341 
38300 12 3.086116 34.550014 4.348199 45.833186 0.689473 64.214863 
38350 13 3.075961 36.698014 4.317264 48.992316 0.654006 47.153005 
38400 13 3.359657 32.077676 4.324850 46.449471 0.633502 50.004949 
38450 13 3.337823 32.493591 4.320709 48.698538 0.626276 63.327187 
38500 14 3.332050 32.268883 4.307966 45.592164 0.569015 54.241272 
38550 13 3.128687 35.624338 4.298527 46.958277 0.760627 43.953880 
38600 13 3.544086 31.867395 4.246613 47.335509 0.607480 36.791485 
38650 13 3.134520 33.575102 4.271077 47.761844 0.578806 62.088427 
38700 13 3.307733 33.885240 4.278473 49.039576 0.692767 90.957230 
38750 12 3.071199 33.111084 4.292844 48.236624 0.698726 32.801253 
38800 12 2.989500 24.483643 4.310842 48.875088 0.768435 54.265734 
38850 13 2.855952 28.669980 4.235038 51.632582 0.607313 64.437560 
38900 12 3.303538 26.761339 4.287502 49.184075 0.592884 66.827842 
38950 13 3.034867 29.692427 4.267653 47.732338 0.603571 75.016522 
39000 13 3.257085 27.978445 4.239243 49.817734 0.680231 65.245296 
39050 13 2.901896 28.988193 4.237050 50.293209 0.866893 93.572828 
39100 12 2.994495 29.387698 4.272182 51.330861 0.767620 77.160591 
39150 13 3.112096 31.296385 4.253088 54.560129 0.625997 55.689709 
39200 13 3.168867 29.603081 4.223660 50.985748 0.705651 71.888526 
39250 13 3.082540 28.711828 4.244215 50.380118 0.787844 90.968536 
39300 13 2.955973 37.506261 4.273745 51.604669 0.686515 67.640173 
39350 13 3.008874 31.234939 4.277729 50.153257 0.723161 54.952332 
39400 12 3.208330 32.659219 4.310778 48.362861 0.734586 78.644491 
39450 13 3.414008 29.508589 4.286267 48.699278 0.627655 56.920604 
39500 13 3.278607 24.540593 4.313969 49.870455 0.766792 61.506786 
39550 13 2.888659 27.196495 4.301741 50.195863 0.555569 73.237699 
39600 12 3.647667 25.914200 4.350312 44.976909 0.505811 71.891948 
39650 13 3.676766 34.621356 4.360130 46.550289 0.638020 30.637106 
39700 12 3.521970 36.325591 4.358398 43.547432 0.698390 78.553617 
39750 12 3.452214 34.403492 4.328317 44.850460 0.646097 62.957862 
39800 13 3.293827 34.952657 4.266427 47.294372 0.718683 41.614392 
39850 13 3.168474 35.875067 4.296828 50.221200 0.728957 72.135631 
39900 13 3.333557 33.425855 4.325342 47.006554 0.768780 87.072621 
39950 14 3.365675 27.609826 4.355612 50.454015 0.594777 45.295678 
40000 14 2.808350 31.480681 4.369029 45.070408 0.618890 61.723107 
40050 14 2.850294 27.911624 4.400088 46.268770 0.753366 40.381896 
40100 13 2.789531 32.104394 4.440111 44.619461 0.518188 57.745995 
40150 12 2.953558 28.773484 4.390660 45.267054 0.699863 30.895265 
40200 12 2.885267 28.472022 4.360169 50.151538 0.759683 21.583382 
40250 14 2.527119 29.586126 4.329227 45.088603 0.824275 49.908459 
40300 14 2.565522 28.752418 4.351210 48.988779 0.644343 42.542899 
40350 14 2.907421 32.810311 4.352426 47.311920 0.567453 33.528003 
40400 14 2.969364 32.631427 4.382238 47.714393 0.617151 29.138627 
40450 13 2.736897 33.671438 4.426900 45.874387 0.655184 38.611097 
40500 12 3.240759 32.623050 4.456468 42.425996 0.615422 52.106121 
40550 13 3.326554 32.239768 4.460608 42.228726 0.681532 66.516632 
40600 13 3.482604 33.125423 4.447389 45.172614 0.719517 53.829552 
40650 13 3.208474 31.372368 4.467665 42.932636 0.849167 102.980924 
40700 14 2.922065 31.286972 4.441235 41.667979 0.727731 69.595340 
40750 15 2.435665 30.022183 4.403185 45.653024 0.682117 54.644347 
40800 12 2.967064 28.772105 4.397146 44.324781 0.621844 56.218402 
40850 12 2.801373 31.512902 4.351387 49.890525 0.685238 48.903249 
40900 12 3.028561 29.083213 4.292266 47.809939 0.567553 48.159552 
40950 12 2.956825 27.803765 4.324248 43.064816 0.581669 57.871659 
41000 13 2.958728 28.801144 4.287751 47.025934 0.723523 55.751628 
41050 13 3.321165 27.581043 4.272536 45.477188 0.836270 84.652045 
41100 13 2.929539 28.201713 4.254151 47.397631 0.635002 61.616220 
41150 13 3.037675 28.123616 4.176275 48.194878 0.633995 43.589959 
41200 12 3.030556 26.769320 4.216748 51.179861 0.688926 41.414690 
41250 14 3.105242 24.069860 4.226706 51.733131 0.727268 60.076177 
41300 12 3.213930 27.102497 4.184513 52.354365 0.639660 52.351714 
41350 14 3.285346 27.065145 4.178720 47.595273 0.598604 60.804014 
41400 13 3.159089 27.848390 4.214223 49.134976 0.648944 38.591709 
41450 14 3.059532 28.900138 4.236517 46.046692 0.689210 58.710298 
41500 14 3.812262 29.022580 4.236427 46.806055 0.685333 98.888904 
41550 14 3.108934 28.478298 4.263325 46.206448 0.770561 53.222169 
41600 14 3.009152 30.471295 4.301959 43.420407 0.785434 55.459519 
41650 13 3.242205 23.611814 4.274418 47.519487 0.664098 30.513373 
41700 13 3.125263 27.638198 4.315690 43.818018 0.834481 39.576096 
41750 14 3.126708 28.679496 4.331867 45.666952 0.899402 66.681904 
41800 12 3.363253 31.847224 4.316399 46.831586 0.747278 42.583116 
41850 15 2.923765 37.310195 4.271802 45.651360 0.688545 39.467680 
41900 14 2.956659 38.172447 4.297786 46.593024 0.601791 39.363588 
41950 14 3.256867 34.340084 4.302650 48.550728 0.543155 35.421545 
42000 12 2.924996 33.625766 4.361750 47.369410 0.539312 73.571552 
42050 13 3.118289 33.283789 4.412026 46.222471 0.620562 56.989996 
42100 14 3.420389 34.181813 4.329629 48.400409 0.655322 88.316778 
42150 12 3.316229 34.105305 4.302366 48.364590 0.754954 52.364958 
42200 13 3.291308 35.920208 4.304370 48.599802 0.677497 37.049463 
42250 15 3.249502 32.677275 4.309870 46.289482 0.643343 52.867577 
42300 14 3.261125 31.876827 4.262458 45.645080 0.650153 63.075531 
42350 14 3.039280 34.529682 4.252896 46.975762 0.656431 86.555207 
42400 13 2.952069 34.833597 4.246338 49.154243 0.560303 46.895741 
42450 12 3.178543 35.554282 4.255377 49.535701 0.761934 44.624834 
42500 13 3.040313 35.955148 4.222402 53.815657 0.578257 51.890069 
42550 13 3.158732 36.880678 4.164477 50.382784 0.726545 45.869318 
42600 13 3.173278 30.669114 4.175626 51.261067 0.826596 45.645826 
42650 13 2.973542 31.427430 4.179878 49.743792 0.711709 57.351305 
42700 13 2.996715 32.220748 4.107474 52.981236 0.713819 54.935776 
42750 13 2.866038 35.579556 4.095695 51.778959 0.821508 61.686514 
42800 13 3.224566 35.434854 4.047700 56.565334 0.598637 103.957392 
42850 13 2.952795 36.362416 4.028790 58.384548 0.775391 52.338649 
42900 12 3.204695 34.155450 4.106384 55.956651 0.721629 82.683966 
42950 13 2.972278 30.256414 4.132584 50.392414 0.686467 43.252307 
43000 13 3.022968 30.069419 4.124167 51.392865 0.752052 73.433509 
43050 14 3.006091 32.011616 4.132051 50.285888 0.826519 74.303409 
43100 15 3.207153 38.546271 4.166837 49.943616 0.709658 84.418701 
43150 14 3.278194 34.504094 4.170205 48.882403 0.718532 43.591735 
43200 13 3.062619 31.823245 4.174043 51.961304 0.804783 35.577116 
43250 13 3.742747 29.804007 4.165956 48.936033 0.729187 63.983705 
43300 12 3.429969 31.039387 4.184130 50.124356 0.687114 101.595413 
43350 14 3.449811 30.860485 4.195531 50.629982 0.674403 52.381932 
43400 13 2.950774 34.061848 4.184972 49.617625 0.557364 47.221592 
43450 13 3.362809 30.730616 4.197991 50.405025 0.717645 55.700818 
43500 13 3.679545 34.135316 4.210412 47.637334 0.714004 61.497435 
43550 13 3.307604 33.168554 4.215173 47.760544 0.833805 60.336064 
43600 13 3.721394 32.179072 4.153449 53.675333 0.642119 71.993341 
43650 13 3.516990 32.827772 4.102204 51.472442 0.717398 45.982514 
43700 14 3.527415 35.615190 4.101346 50.586404 0.679842 49.964912 
43750 13 3.406067 28.668440 4.124474 51.159911 0.719016 65.216187 
43800 13 3.741553 35.689723 4.133761 48.866412 0.765962 53.794933 
43850 14 3.332516 30.837291 4.150613 51.924209 0.793050 59.318591 
43900 13 3.343199 36.377579 4.105136 51.603242 0.549992 72.671478 
43950 15 3.068252 36.410418 4.118152 54.572183 0.695599 39.606325 
44000 14 3.169432 37.998033 4.104542 51.161417 0.745340 41.737119 
44050 14 3.272367 38.288808 4.132806 49.936413 0.590814 34.741429 
44100 12 3.315646 34.085690 4.161147 52.058726 0.794437 33.395615 
44150 13 3.351247 31.020361 4.129375 53.505682 0.785176 42.584493 
44200 12 3.216914 29.242207 4.135529 54.781078 0.581848 34.289618 
44250 14 3.155823 32.565198 4.156055 54.417959 0.723486 20.961844 
44300 13 3.500479 29.844739 4.173036 51.563401 0.754897 30.538943 
44350 14 3.145024 34.935089 4.176555 51.898181 0.669526 40.816317 
44400 13 3.620959 35.014296 4.210395 49.429037 0.609045 61.847496 
44450 13 3.511067 28.322741 4.227933 48.257399 0.658895 91.622785 
44500 13 3.493573 28.983495 4.220469 49.229008 0.673838 111.758609 
44550 13 3.328075 31.923945 4.220050 49.138538 0.620767 61.186801 
44600 13 3.457915 31.331959 4.277623 50.287164 0.693884 28.026509 
44650 14 3.322636 30.202062 4.268286 46.921978 0.674144 29.132757 
44700 14 2.813709 28.445799 4.251871 51.391553 0.654994 34.815050 
44750 14 3.216783 23.482430 4.189398 52.204034 0.756581 28.278169 
44800 14 3.246490 30.050967 4.208823 50.825398 0.624924 32.665068 
44850 13 2.958577 26.477272 4.223713 50.003327 0.537080 30.582590 
44900 13 2.779844 29.287747 4.213520 51.185687 0.745110 34.793281 
44950 14 3.064372 25.069297 4.275140 46.091557 0.669077 48.793388 
45000 12 3.130291 28.689448 4.241070 47.698528 0.744561 21.445535 
45050 12 3.324634 29.248220 4.263981 47.784896 0.663239 28.162808 
45100 14 3.360948 32.340338 4.253197 50.459461 0.582522 24.786950 
45150 13 3.657404 32.351510 4.241281 47.844338 0.829223 38.554986 
45200 13 3.006021 34.512131 4.294477 48.965384 0.657070 38.565175 
45250 13 3.727077 32.106358 4.272968 45.217994 0.656014 36.411894 
45300 12 3.866585 32.205706 4.282102 46.111605 0.652553 56.313036 
45350 12 3.442325 29.661564 4.230024 47.202702 0.661842 77.193613 
45400 12 3.437355 28.522431 4.206973 50.693482 0.794154 61.535833 
45450 13 3.062385 30.063015 4.182494 53.482521 0.684115 96.918676 
45500 12 3.314221 26.454560 4.209184 48.156649 0.611937 52.285770 
45550 12 3.665640 28.665026 4.233366 50.072041 0.619799 68.661180 
45600 13 3.194609 31.756387 4.218527 51.121671 0.658276 70.500651 
45650 12 3.152862 30.018089 4.264439 46.337707 0.652852 48.445455 
45700 13 3.077163 29.967186 4.252950 53.080884 0.652795 61.707838 
45750 13 3.178923 31.859857 4.241331 50.383155 0.725168 67.947370 
45800 13 3.445533 27.850717 4.287253 43.835198 0.665760 34.512781 
45850 14 3.424812 23.281440 4.257512 45.895589 0.732076 43.140212 
45900 12 3.202086 27.261626 4.238618 48.650017 0.787371 35.033942 
45950 13 3.499972 25.545888 4.273827 48.759554 0.832102 60.356106 
46000 13 3.453172 32.026521 4.228244 49.265998 0.575492 44.260679 
46050 15 3.369195 25.499295 4.238343 50.819446 1.026988 60.104256 
46100 13 3.430902 28.216439 4.315182 46.474199 0.729445 61.623679 
46150 13 3.198160 30.702521 4.301192 50.517138 0.625711 83.388489 
46200 13 2.919143 32.472952 4.343586 53.626008 0.635182 36.310934 
46250 13 3.144410 28.129678 4.305577 46.806962 0.732921 53.237229 
46300 13 2.849902 27.952261 4.275681 51.636369 0.601678 70.455033 
46350 12 2.832096 22.463766 4.282707 52.368947 0.608126 45.656480 
46400 13 2.750795 29.718067 4.249636 53.845346 0.790870 79.324291 
46450 13 2.794281 25.795570 4.210886 54.598141 0.715715 87.228458 
46500 13 2.643971 23.690339 4.197293 49.429013 0.810796 70.631820 
46550 12 2.999393 24.819152 4.172499 49.767288 0.769088 61.114121 
46600 14 2.602401 26.925809 4.223753 51.659351 0.598105 37.054125 
46650 13 2.753549 30.800653 4.226766 53.557753 0.823211 33.862413 
46700 13 2.760696 28.890145 4.207507 51.674362 0.802736 38.509461 
46750 13 2.960196 24.566676 4.252933 52.830057 0.650981 59.568621 
46800 14 2.898647 23.581451 4.250120 49.433570 0.532051 51.398074 
46850 15 3.174653 21.555098 4.246401 48.433013 0.647185 47.422808 
46900 13 2.927359 28.509463 4.275403 49.657968 0.839216 38.025551 
46950 12 2.810689 27.736490 4.313112 50.802238 0.605502 47.014240 
47000 13 2.757768 32.753490 4.347263 48.727832 0.846186 64.025319 
47050 12 3.104947 29.909575 4.346175 47.905928 0.599134 66.225394 
47100 13 3.031190 32.453103 4.327925 45.824289 0.880851 84.735146 
47150 12 3.108230 34.067947 4.333053 42.459911 0.660885 125.149694 
47200 13 3.380988 36.535003 4.340221 44.821050 0.613351 56.357767 
47250 12 3.055601 34.982962 4.315204 49.644206 0.806080 67.496282 
47300 13 2.981417 35.514203 4.314386 47.088854 0.611533 54.846338 
47350 13 3.304728 34.263528 4.268403 46.174632 0.737579 28.813627 
47400 14 3.569824 32.066511 4.321603 46.948455 0.716001 37.353639 
47450 13 3.805464 35.215764 4.359412 44.721687 0.756003 20.739932 
47500 13 3.815326 35.947344 4.326611 47.773058 0.813082 26.106099 
47550 12 3.634811 34.994935 4.315537 47.957051 0.771732 63.110550 
47600 13 3.612051 33.367356 4.333629 46.079246 0.536244 68.107760 
47650 13 3.503035 34.736688 4.308256 44.087983 0.658145 59.161410 
47700 13 3.353162 32.948989 4.291640 47.929298 0.652909 39.517122 
47750 12 3.006934 30.127363 4.293546 46.986888 0.654883 50.839102 
47800 13 3.303620 31.031541 4.306740 47.045784 0.611865 60.977761 
47850 13 2.945113 30.924757 4.346981 45.762070 0.661750 53.734181 
47900 13 3.037245 26.528523 4.317914 47.766171 0.679289 50.870334 
47950 13 3.255923 27.778806 4.256454 44.239771 0.644850 68.434690 
48000 12 2.957353 23.303857 4.272487 49.306640 0.542723 48.153116 
48050 12 3.016265 16.648725 4.256509 51.096532 0.646511 66.317784 
48100 13 2.848734 16.800598 4.293780 52.074126 0.661348 49.526472 
48150 13 3.081980 21.969405 4.282305 46.009957 0.709555 72.290733 
48200 13 3.536966 22.951671 4.306959 49.611817 0.568625 84.407174 
48250 14 3.356893 22.070467 4.277113 46.444089 0.821509 46.288532 
48300 13 3.205208 26.659548 4.236809 50.071469 0.702488 70.895973 
48350 13 3.371777 26.311744 4.199890 48.471743 0.717633 52.065432 
48400 14 3.577481 24.017486 4.161082 50.948976 0.813169 57.499466 
48450 13 2.963668 24.779348 4.166060 54.092223 0.710770 77.077962 
48500 12 3.190902 30.727470 4.112113 52.375673 0.749737 62.339495 
48550 13 3.368980 29.848427 4.133550 53.175850 0.701446 106.009127 
48600 13 3.417306 32.930347 4.136036 48.894678 0.765689 47.221089 
48650 12 3.297345 33.167735 4.157399 48.348844 0.583467 51.772163 
48700 13 3.131321 32.467492 4.147349 49.070859 0.548571 55.936837 
48750 14 3.417664 31.149323 4.143141 47.286953 0.741640 57.363990 
48800 14 3.539682 30.715276 4.180652 48.277036 0.618285 57.628689 
48850 13 3.308538 29.115475 4.222436 49.467019 0.683760 45.232494 
48900 13 3.201181 31.917459 4.217197 46.358733 0.748720 34.924008 
48950 14 2.937193 32.425541 4.188240 47.437956 0.653173 57.729913 
49000 12 2.894774 30.432546 4.210385 49.134155 0.671306 58.520342 
49050 13 2.937240 31.886721 4.166187 51.168933 0.666513 79.445809 
49100 12 2.922649 29.746020 4.159435 48.418189 0.643500 84.263632 
49150 13 3.030554 29.806544 4.197411 49.742560 0.685842 57.854149 
49200 12 3.047175 29.805721 4.261581 46.202492 0.634736 54.164769 
49250 12 3.348280 31.526788 4.290692 46.345967 0.673059 95.263461 
49300 15 3.479073 33.843191 4.283203 47.384160 1.022396 87.227147 
49350 14 2.975129 33.294895 4.272821 45.070236 0.783349 87.916350 
49400 14 3.103219 32.436728 4.284083 44.982433 0.731979 82.175866 
49450 14 2.931778 30.705430 4.270696 49.442227 0.640070 56.748974 
49500 13 3.160675 35.442985 4.255470 47.113460 0.773209 55.115708 
49550 13 3.248662 29.902344 4.265199 50.234885 0.767932 80.717537 
49600 13 2.795007 28.781483 4.303677 49.119960 0.607121 81.032013 
49650 14 2.936473 34.621355 4.280314 51.045273 0.764452 78.709021 
49700 14 2.879279 26.637214 4.238602 49.152273 0.816696 27.202953 
49750 14 2.960242 24.364318 4.192446 50.353125 0.748008 51.921375 
49800 13 3.046817 29.363525 4.155734 51.227823 0.790014 31.946366 
49850 13 3.096609 24.560812 4.218014 50.764744 0.747126 80.748243 
49900 13 2.961037 23.234286 4.224739 47.830751 0.713777 54.359110 
49950 13 2.940978 24.673724 4.212843 48.168569 0.628077 75.652167 
