0 3 2.810000 24.920000 4.200000 20.000000
50 9 2.620407 24.778411 4.083712 39.101039
100 7 2.986541 24.187337 4.160911 44.267308
150 6 2.810979 24.604817 4.169296 52.397762
200 6 2.700032 24.330727 4.161151 48.514448
250 8 2.683136 24.275171 4.200908 32.337176
300 6 2.936115 24.039020 4.184644 45.479339
350 6 2.778948 24.395802 4.209179 48.055261
400 7 2.737924 24.339158 4.148233 40.139219
450 6 2.657999 25.244742 4.188564 33.393879
500 7 2.792824 24.742459 4.277922 47.725879
550 7 2.633785 25.207044 4.212860 35.421202
600 7 2.708694 25.575160 4.206977 39.910874
650 7 2.764745 24.814426 4.192471 38.696419
700 5 2.866891 24.831534 4.244175 43.922917
750 7 2.806776 24.952060 4.179800 45.799144
800 6 2.900018 23.850492 4.126162 41.902114
850 7 2.856547 24.720222 4.150583 35.610207
900 6 2.695033 25.726157 4.148143 44.280575
950 6 2.724688 22.525642 4.113163 44.344502
1000 6 2.876363 23.742575 4.039285 44.876454
1050 9 2.484107 25.021786 4.044784 45.627838
1100 7 3.069216 25.830131 4.029090 44.731179
1150 6 3.190030 25.952895 3.966754 45.871390
1200 7 3.318404 25.900488 4.046254 41.607563
1250 7 3.177586 25.621352 3.996050 47.038298
1300 6 3.509717 25.776396 4.041876 43.572379
1350 7 3.066216 27.285827 3.954909 46.150841
1400 7 2.974932 31.256528 3.824399 49.849369
1450 6 3.027210 30.115205 3.925252 57.897865
1500 6 3.104905 29.000880 3.932611 45.704769
1550 6 3.407895 30.995421 3.948615 47.332555
1600 6 3.449796 32.369313 3.966574 43.294432
1650 7 3.614286 29.088296 3.905432 48.863126
1700 6 3.521319 28.923415 3.968462 47.410555
1750 6 3.372046 28.896546 3.928538 47.758133
1800 6 3.433026 29.213885 4.015656 49.351727
1850 6 3.093493 32.590369 3.995011 48.743356
1900 7 2.261575 28.485085 4.083104 48.514599
1950 6 2.913894 28.274228 4.006039 48.779164
2000 7 2.958570 26.792396 3.982655 41.851354
2050 6 2.910659 24.913714 3.935429 49.196063
2100 7 2.739852 25.927635 3.960493 58.844968
2150 6 3.174445 24.351986 4.029633 47.983274
2200 6 3.286871 26.300716 4.025200 44.212880
2250 6 3.170716 26.969069 4.062933 43.131192
2300 9 2.746604 31.272045 4.063889 42.101465
2350 7 3.262603 33.630918 4.000769 45.483159
2400 6 2.985085 34.141535 4.143891 32.722411
2450 7 3.526435 29.139589 4.124271 46.447116
2500 6 3.905312 33.049206 4.076955 39.027697
2550 6 3.772186 31.715493 3.970682 43.516275
2600 7 3.216514 31.393558 4.035955 41.344254
2650 7 3.334154 33.165907 3.940155 50.548935
2700 7 3.673324 33.578668 3.950834 44.753706
2750 6 3.886061 34.205774 3.897560 39.949122
2800 6 4.125840 32.475622 3.872069 43.789688
2850 6 3.981021 32.261921 3.910206 48.400132
2900 6 4.043774 33.191243 4.046050 37.190196
2950 6 3.710417 32.445779 3.997314 42.282127
3000 6 3.764307 32.534658 4.049230 42.386575
3050 6 3.464733 33.028221 3.968218 48.027589
3100 7 3.563652 32.649997 4.040972 42.358967
3150 7 3.468076 33.181318 4.072881 35.913063
3200 6 3.643796 32.378028 4.074327 35.938712
3250 7 3.823782 32.681443 3.929332 41.790392
3300 8 3.865181 33.066391 4.025045 41.460519
3350 6 3.645636 32.360122 4.088131 39.165424
3400 6 3.677928 32.639852 4.093072 35.968343
3450 6 3.691063 32.338107 3.953124 42.766601
3500 6 3.414149 31.478010 3.976967 43.491873
3550 7 3.458717 31.477430 4.009778 44.572676
3600 6 3.533707 32.884832 4.050145 43.785152
3650 6 3.440320 33.267306 4.050145 43.785152
3700 6 3.276720 33.954400 4.136214 45.335995
3750 7 3.140583 33.623240 4.217825 44.303957
3800 7 3.135102 34.034863 4.216230 41.078132
3850 6 3.125645 32.862692 4.105459 40.613384
3900 6 3.047649 32.813583 4.156618 45.478699
3950 6 3.478342 32.902209 4.123415 38.526366
4000 6 3.380857 34.616442 4.225747 37.840468
4050 7 3.353562 31.980259 4.197695 41.862619
4100 6 3.412192 36.659524 4.007604 43.611946
4150 6 3.058438 33.853807 3.906203 49.715836
4200 9 3.279703 33.831447 3.867064 38.123855
4250 6 3.506550 32.257199 3.770554 46.075133
4300 7 3.266755 29.877394 3.720023 49.044556
4350 8 2.995107 33.368204 3.732679 46.523825
4400 9 2.727891 31.271203 3.643005 46.542123
4450 9 2.690397 31.429955 3.709222 46.431446
4500 9 2.987064 29.034097 3.742616 45.106924
4550 8 2.785519 27.561315 3.751553 46.369596
4600 7 2.971210 26.540799 3.798135 46.711669
4650 7 2.624251 29.385686 3.859903 46.190567
4700 9 2.601652 29.869457 3.859580 47.314548
4750 6 2.992839 32.619131 3.875597 46.971955
4800 6 3.072433 29.023700 3.875089 47.732224
4850 8 2.981162 29.240849 3.797326 47.410541
4900 7 3.138826 25.621987 3.806160 47.308551
4950 7 3.148171 30.141237 3.806160 47.308551
5000 8 3.258111 30.472524 3.828460 47.622710
5050 6 3.412760 36.811493 3.857718 47.555378
5100 6 3.294009 32.477926 3.865843 47.484250
5150 6 3.246029 29.150133 3.865843 47.484250
5200 6 3.140073 32.397728 3.855617 47.650569
5250 7 3.396130 30.059014 3.865488 47.914750
5300 6 3.418635 28.931329 3.865488 47.914750
5350 6 3.410558 34.369080 3.847948 47.951745
5400 7 3.335142 31.749300 3.867926 47.799745
5450 7 2.951337 35.703199 3.899168 47.263512
5500 7 2.805555 39.309021 3.887766 46.766914
5550 6 2.818614 39.851590 3.923478 46.888184
5600 6 2.940355 35.447457 3.967277 48.023117
5650 6 2.754950 37.432086 3.961631 48.196038
5700 9 3.075191 39.141587 3.985346 46.235627
5750 7 3.046149 40.896268 4.082004 44.926955
5800 6 3.398037 42.882817 4.109274 41.276748
5850 6 3.234349 45.175722 4.155568 38.723580
5900 6 3.263247 42.921881 4.087980 45.292551
5950 6 3.148410 40.771136 4.148945 31.673511
6000 7 3.714311 37.855683 4.139713 37.714057
6050 6 3.597981 36.681119 4.061232 40.704829
6100 7 3.623486 38.318682 4.112315 42.248733
6150 6 3.414067 42.563123 4.111879 41.298284
6200 6 3.386604 46.753410 4.023033 41.866805
6250 8 3.315154 39.705149 4.022199 38.773610
6300 7 3.339434 42.854661 4.014828 42.397075
6350 6 3.289207 45.015951 4.098965 43.019228
6400 6 3.333539 47.102553 4.098965 43.019228
6450 6 3.226350 43.043969 4.100953 42.958443
6500 6 3.068404 39.476699 4.181149 42.712822
6550 6 3.238096 44.094127 4.214723 43.288159
6600 7 3.029030 47.353652 4.152820 44.164618
6650 6 3.153866 41.374985 4.146651 41.354101
6700 7 3.186790 38.479820 4.150637 42.224627
6750 7 3.378683 41.532448 4.148563 41.031744
6800 6 3.272841 44.098618 4.173529 37.151538
6850 9 2.697668 43.158603 4.184600 41.492195
6900 7 2.825702 46.528644 4.063380 45.416504
6950 7 2.693792 48.142073 4.099114 41.329262
7000 7 2.775940 45.841791 4.194139 45.607505
7050 7 2.893082 42.821453 4.202259 46.429373
7100 6 2.883020 41.249476 4.178367 40.415254
7150 6 2.776751 48.645635 4.106393 39.861439
7200 8 2.834133 45.826958 4.020589 42.803236
7250 8 2.899210 48.155759 3.988867 37.054053
7300 7 3.032674 50.797391 3.991699 43.312420
7350 9 2.959614 48.832569 4.002787 43.622621
7400 8 2.670086 50.977916 3.992589 44.126742
7450 7 3.252645 47.967361 4.075774 47.777124
7500 6 3.039227 49.366748 4.033561 40.949518
7550 6 2.839046 50.026770 3.981193 44.679753
7600 7 3.098814 51.593132 4.006344 43.413685
7650 6 3.389298 52.304512 4.038492 41.573309
7700 6 3.346283 51.725181 4.001852 42.790898
7750 6 3.435896 51.294092 3.894773 54.979041
7800 6 3.421376 50.490685 3.844498 41.536125
7850 6 3.528831 47.984292 3.919965 40.506526
7900 6 3.463014 47.685241 3.842572 44.581818
7950 7 3.506241 47.162718 3.894177 47.060529
8000 7 3.674759 47.030358 4.035912 37.652613
8050 6 3.743550 46.455312 4.028707 41.809060
8100 7 4.015172 46.107674 3.980915 40.900521
8150 6 3.658591 48.612732 4.040351 41.954193
8200 6 3.894284 50.586645 4.067271 40.258560
8250 7 4.127962 47.166213 4.043778 41.829535
8300 6 4.161210 46.132231 4.025655 40.580244
8350 6 4.001132 46.664227 4.013590 42.228222
8400 6 4.011061 46.338083 3.991830 44.230401
8450 8 3.726929 45.548879 3.963328 40.744915
8500 6 3.880626 46.553640 3.963391 42.905616
8550 6 3.949194 51.210135 4.074951 37.692558
8600 7 3.584687 47.740939 4.044842 44.026145
8650 7 3.619988 45.670595 4.001743 44.921676
8700 7 3.796617 52.219961 3.980407 48.104587
8750 7 3.750504 49.872435 3.979070 48.035021
8800 6 3.723785 51.351843 3.969770 48.018382
8850 6 3.465369 47.226477 3.981716 48.241526
8900 7 3.560046 50.833434 3.946904 47.945566
8950 6 3.048433 46.139162 3.946904 47.945566
9000 7 3.035588 50.583920 3.999019 46.271247
9050 6 3.138021 47.397077 4.026258 48.626951
9100 6 2.858206 49.094481 4.081548 48.135109
9150 7 2.642559 45.213151 4.121858 47.945063
9200 7 2.473401 47.486288 4.152582 49.291886
9250 5 2.775471 48.901261 4.175900 47.501533
9300 6 3.139457 54.560751 4.122312 45.015515
9350 6 3.097037 52.575144 4.122062 43.236546
9400 7 2.946891 51.101827 4.125261 35.292231
9450 9 3.093887 55.677552 4.202501 37.009165
9500 6 3.207271 54.604683 4.202970 37.231618
9550 6 3.234131 51.575982 4.246643 42.047229
9600 6 3.143282 48.580547 4.210644 39.360716
9650 6 3.282223 43.805675 4.207987 37.993012
9700 6 3.189997 43.457503 4.205094 40.841400
9750 6 3.152453 44.929877 4.143505 41.721470
9800 8 2.995044 46.810079 4.146758 40.254087
9850 7 3.136166 42.270811 4.208314 39.927001
9900 7 3.008652 43.392177 4.201894 39.626794
9950 7 2.998309 45.412007 4.201894 39.626794
10000 7 2.998798 49.603487 4.255339 39.261026
10050 7 3.059097 53.191312 4.323744 38.239049
10100 5 2.999620 47.884465 4.348298 39.551599
10150 7 3.057351 45.754906 4.317579 36.156518
10200 7 2.824484 51.175043 4.365250 37.986498
10250 7 2.660950 50.109063 4.323459 38.605160
10300 6 2.657431 43.021364 4.252578 46.377071
10350 6 2.911769 40.753766 4.156603 43.238745
10400 6 2.656611 36.270064 4.114781 41.734090
10450 6 2.638860 49.197701 4.073247 53.291418
10500 7 2.684769 39.881130 4.033080 43.941698
10550 7 2.721897 38.145195 4.086596 40.875762
10600 6 2.803967 54.005353 4.061936 46.904229
10650 8 2.898933 46.039468 3.951788 45.048650
10700 8 2.744382 48.016378 4.071397 37.387388
10750 7 2.944257 41.636171 4.078729 41.069825
10800 8 3.305278 27.290841 4.058125 43.295589
10850 6 2.916581 28.461100 3.985980 47.709613
10900 7 3.063222 29.601157 3.966415 44.313067
10950 6 3.436184 31.045162 3.883482 46.502224
11000 6 3.435596 24.206557 3.839652 46.714290
11050 7 3.554821 36.384347 3.865293 45.190942
11100 8 3.641265 38.925190 3.927155 43.264736
11150 7 3.604438 33.902653 3.877869 45.845770
11200 6 3.582707 41.275478 3.818857 47.347205
11250 8 3.723010 32.948993 3.819127 43.525758
11300 7 3.539728 27.871016 3.814057 42.999417
11350 7 3.984224 27.396591 3.830501 44.362031
11400 8 3.575590 22.511536 3.855755 45.355609
11450 6 3.434222 21.942219 3.973843 42.245304
11500 6 3.303548 27.348118 3.932915 41.633475
11550 6 3.098311 21.595148 3.915658 47.474480
11600 6 3.036732 32.859522 3.846289 48.376445
11650 6 3.219856 35.493167 3.859486 48.693620
11700 6 3.094947 31.015074 3.906232 43.784418
11750 6 3.649232 32.448444 3.900003 46.915678
11800 7 3.359725 27.068469 3.934672 48.609511
11850 6 3.171084 21.181303 3.983904 43.177485
11900 7 3.274925 28.595613 4.086622 37.397172
11950 7 3.090984 27.978469 4.094878 44.724107
12000 6 3.268749 24.625869 4.034613 46.130971
12050 6 3.045314 24.941608 4.072773 47.031254
12100 6 3.147704 31.046378 4.121701 44.882662
12150 7 3.176274 28.373898 4.235948 31.951204
12200 7 3.203993 25.326241 4.197012 36.728133
12250 6 3.482247 21.870258 4.132775 39.788525
12300 7 3.440424 27.389167 4.005769 43.551324
12350 6 3.147159 24.801704 3.952632 41.591593
12400 7 2.814779 25.269479 4.021240 49.670962
12450 7 2.747595 20.837483 4.207025 35.666964
12500 7 2.520390 20.839979 4.221915 37.790211
12550 6 2.885143 16.766243 4.134143 41.770734
12600 7 3.091415 26.956720 4.076468 38.782673
12650 6 3.402888 26.889649 4.065443 41.120374
12700 7 3.622026 25.661996 4.026021 37.106372
12750 7 3.025414 34.820463 4.090034 46.459991
12800 7 2.842821 36.075439 4.161562 44.661972
12850 8 2.799875 33.647793 4.133230 41.810476
12900 7 2.985402 26.994799 4.129295 44.595617
12950 6 3.352979 27.770543 4.190597 38.787651
13000 7 2.992390 31.001330 4.111074 34.155729
13050 6 3.122878 31.326339 4.059047 37.900336
13100 7 3.156663 35.142302 3.983138 44.066418
13150 7 3.063949 35.400875 4.073833 45.683245
13200 6 3.228603 35.325581 4.045233 39.476751
13250 6 3.375326 33.705572 3.904576 39.686353
13300 7 3.108336 34.941396 3.867116 45.875503
13350 6 3.204646 34.943907 4.006201 45.102776
13400 6 2.958953 31.992816 3.970034 46.412995
13450 7 3.172931 28.311969 4.045337 37.916262
13500 6 2.875960 29.975409 4.024735 50.237087
13550 6 3.069731 35.613985 4.071396 49.472732
13600 6 3.088570 31.546915 4.126750 39.468288
13650 6 3.278295 30.861593 4.111309 40.344180
13700 6 3.408574 30.511313 4.136833 41.981932
13750 7 2.961347 31.924353 4.023379 42.953303
13800 6 3.119925 32.404653 4.016458 41.121079
13850 6 3.045154 32.887663 3.984683 43.975664
13900 8 2.896403 31.006568 4.086944 42.735286
13950 7 3.295024 31.229755 4.095802 37.580187
14000 7 3.144966 32.713606 4.108553 49.741912
14050 7 3.101793 27.146461 4.086039 45.493543
14100 7 2.810482 32.777118 4.108714 45.514125
14150 5 2.748310 31.234074 4.133982 50.756789
14200 6 2.462619 35.352994 4.094564 48.284101
14250 7 2.761914 35.282163 3.950383 47.474002
14300 7 3.722674 34.308078 4.003364 45.621342
14350 6 3.848046 29.685510 3.920278 46.443909
14400 8 3.807642 31.547395 3.927149 45.120640
14450 6 3.599392 35.736668 3.944025 42.780220
14500 6 3.483465 30.272828 3.977252 44.884758
14550 6 3.602734 28.982668 4.066082 38.408972
14600 7 3.614010 32.070989 4.104111 36.511851
14650 6 3.891115 33.665421 4.161285 34.396217
14700 6 3.631807 40.153493 4.169833 38.016481
14750 7 3.191515 34.846931 4.171228 37.584637
14800 6 3.375609 31.432050 4.037437 40.708053
14850 7 3.285826 39.893351 4.044538 40.059177
14900 6 3.261659 33.435799 4.131745 41.057401
14950 8 3.312333 32.305989 4.052491 42.421051
15000 6 3.377996 36.511500 4.103252 38.723999
15050 6 3.698999 33.623196 4.155749 38.771017
15100 7 3.947179 27.974074 3.991114 41.349822
15150 6 3.697672 33.643624 4.086730 35.613262
15200 6 3.385456 32.603396 4.087704 35.303465
15250 6 3.051420 32.058799 4.119626 42.201541
15300 5 3.456855 36.085878 4.098257 42.083934
15350 8 3.274198 36.310615 4.105585 42.776715
15400 7 3.392106 32.286598 4.071893 38.960234
15450 6 3.654578 34.777501 4.096908 38.590576
15500 6 3.756091 35.891858 4.060794 39.777380
15550 7 3.356360 36.893098 4.009397 36.255109
15600 6 3.402688 35.917503 3.955219 42.882453
15650 6 3.423701 44.210712 4.052905 39.394836
15700 6 3.374383 41.483902 4.063164 44.378920
15750 6 2.821137 37.863810 4.066345 41.277432
15800 6 3.391920 35.391764 4.002578 35.364709
15850 7 3.499442 45.332744 3.997191 41.112352
15900 7 3.502616 39.421311 4.100769 39.954844
15950 6 3.417938 35.783816 3.986984 42.811116
16000 6 3.511437 38.898490 3.964139 42.126077
16050 6 3.570344 42.342837 3.946868 45.295766
16100 7 3.706440 45.528279 3.993503 45.854187
16150 7 3.765545 46.399306 3.967740 42.043300
16200 6 3.802256 39.599026 3.948971 42.712021
16250 7 3.522743 36.098271 3.935427 43.917065
16300 6 3.278821 38.472825 3.963076 42.795708
16350 9 3.140661 25.343685 3.970812 42.917749
16400 7 3.280948 32.328234 4.045002 43.249045
16450 7 3.274366 26.063082 4.032492 43.597742
16500 6 3.239524 30.453184 4.091483 40.377858
16550 6 3.022546 27.448279 4.102529 42.847958
16600 7 3.133017 20.523639 4.069084 42.480637
16650 7 3.134970 24.485662 4.078129 42.537450
16700 6 3.128007 26.590316 4.077447 40.462013
16750 5 3.034758 29.498644 4.064591 41.736979
16800 6 3.179019 34.777168 3.963818 41.749879
16850 9 3.038458 31.604342 4.015417 37.833916
16900 6 3.145835 29.097020 4.087174 38.416301
16950 8 2.903140 32.762415 4.087174 38.416301
17000 6 3.001425 29.423472 4.108863 39.575943
17050 8 2.645383 22.265475 4.108534 40.648364
17100 7 2.943452 23.307336 4.139709 41.134164
17150 8 2.825528 25.140612 4.181760 39.449509
17200 6 2.746836 23.858234 4.195965 40.511967
17250 7 2.959905 28.208297 4.181927 39.584483
17300 6 3.100894 34.497878 4.182885 39.762469
17350 6 3.047091 30.587835 4.170019 41.150502
17400 6 3.145830 27.970493 4.182915 40.866155
17450 6 3.300701 28.477409 4.094377 42.773114
17500 6 3.169302 30.127095 4.020087 39.073388
17550 7 3.464242 29.967722 4.085477 41.159320
17600 7 2.989341 29.232878 4.100312 40.587935
17650 6 3.214600 34.707827 4.124369 45.336258
17700 7 3.506674 30.344646 4.140241 39.955564
17750 6 3.566429 27.986516 4.025264 43.125690
17800 7 3.271030 27.954055 4.104651 43.145431
17850 7 3.078952 33.546232 4.028384 47.904745
17900 7 3.289323 32.200277 3.979675 41.676778
17950 6 3.139198 28.757965 4.063173 41.811454
18000 6 2.823955 31.527692 4.094123 49.311173
18050 6 2.866598 41.977283 4.154192 46.380653
18100 6 2.828510 38.232056 4.014941 50.688335
18150 9 2.748364 40.157644 4.010229 39.725317
18200 7 2.936797 34.528481 3.930566 40.360451
18250 9 2.963832 39.150828 3.909212 41.177029
18300 9 2.250018 34.889525 3.906960 46.997037
18350 10 2.600726 32.825042 3.958829 38.856014
18400 6 3.338110 41.066376 4.002079 40.102638
18450 6 3.297178 46.144748 3.992403 43.953422
18500 6 3.372589 44.133132 4.130855 47.243628
18550 6 3.413182 50.240296 4.124845 42.153770
18600 6 3.145200 49.200291 4.111265 42.586344
18650 6 2.843564 42.333214 4.157871 44.726015
18700 6 2.744279 42.986159 4.178546 43.931207
18750 7 2.611732 39.377026 4.126431 43.732699
18800 8 2.644813 35.045074 4.144311 53.263039
18850 6 2.747180 32.912115 4.220201 50.282897
18900 7 2.769166 28.565322 4.232566 33.593782
18950 7 2.732168 32.840421 4.178643 32.322508
19000 8 3.166247 32.833480 4.131724 42.712889
19050 7 2.688714 38.840752 4.243397 41.522709
19100 9 2.665468 40.546667 4.193577 30.720931
19150 8 2.544468 42.545463 4.009909 41.420048
19200 7 2.687455 37.762261 4.199814 41.979114
19250 8 2.744496 39.104985 4.119442 39.195555
19300 5 2.968140 43.632583 4.063280 45.199679
19350 6 3.115441 46.551904 4.049765 47.068125
19400 6 3.546797 43.890917 3.998669 46.886772
19450 6 3.581324 47.754597 4.077522 42.632428
19500 6 3.199836 45.067823 3.989931 42.977293
19550 6 3.244932 38.320565 3.901655 44.505681
19600 6 3.397609 35.868427 3.885475 47.937595
19650 6 3.560456 36.410248 3.802582 48.564466
19700 6 3.374504 35.319275 3.907139 48.015641
19750 6 3.472429 41.290949 3.935334 42.648081
19800 7 3.151406 43.132991 4.036145 38.575893
19850 6 3.120472 44.599845 4.064249 39.545425
19900 6 2.840507 42.596915 4.166978 41.960854
19950 7 2.856488 43.189866 4.134123 39.497503
20000 8 2.756868 39.060784 4.050424 50.057442
20050 7 2.754389 36.097962 4.046616 43.060854
20100 6 3.039882 26.543035 4.069175 42.196062
20150 6 3.286822 33.163103 4.176992 36.838262
20200 7 3.422566 34.846437 4.120374 35.797091
20250 8 3.795967 37.130362 4.193975 35.669894
20300 6 4.020957 39.351462 4.068876 35.979304
20350 5 3.999034 36.723770 4.152569 35.623639
20400 6 3.937021 34.581294 4.212350 36.558126
20450 6 3.755810 41.789296 4.231402 37.259724
20500 7 3.681332 46.144930 4.161717 35.204834
20550 6 3.265182 42.096718 4.105691 41.341376
20600 7 3.045016 44.686190 4.070076 42.668424
20650 9 3.074708 43.661124 4.063135 41.282280
20700 6 2.699760 42.579315 4.000092 44.859856
20750 6 3.175272 46.194155 4.002592 46.984255
20800 7 3.257432 42.888556 4.107923 35.770587
20850 5 3.311436 43.213358 4.132349 39.898199
20900 6 3.185599 35.989524 4.021587 40.825785
20950 7 2.895542 39.896587 4.027253 38.639173
21000 7 2.989040 30.785452 3.984317 48.433427
21050 7 2.816628 27.617191 3.992668 47.428829
21100 7 2.814078 32.457098 4.117528 46.103196
21150 8 2.790717 37.572373 4.132175 39.831688
21200 7 2.944117 36.890232 4.056820 49.302469
21250 8 2.794770 33.075284 3.976625 44.529405
21300 7 2.679224 31.527453 4.034556 46.588853
21350 7 2.899181 36.719123 4.036611 50.637076
21400 6 2.831792 37.317679 3.973189 48.891277
21450 8 2.930000 41.122301 3.885911 43.911104
21500 8 2.969025 42.200560 3.819527 46.351161
21550 6 3.154290 36.286976 3.842659 51.125571
21600 6 3.345088 40.711325 3.930954 45.299186
21650 7 3.252978 45.556254 3.826651 55.210060
21700 6 3.318239 47.216786 3.904376 44.755153
21750 6 3.238892 50.933776 3.871176 46.939855
21800 8 2.853942 47.522352 4.025699 45.864450
21850 9 2.807328 38.959890 3.948969 44.298773
21900 8 2.881233 37.956188 3.939861 40.291062
21950 6 2.971208 38.953760 4.123934 48.046654
22000 6 3.495072 39.838266 4.096734 36.451673
22050 7 3.353049 48.089236 4.045520 41.852825
22100 7 3.398623 37.330878 4.122385 40.100249
22150 7 3.099277 38.164599 4.039303 41.665504
22200 8 2.830443 45.534308 4.060453 43.453650
22250 6 3.167788 44.686783 4.002303 45.195974
22300 6 3.250278 39.854338 4.036615 45.547906
22350 6 3.176525 41.748640 4.100784 37.411898
22400 6 3.302980 44.883343 4.075562 40.303702
22450 8 3.548926 51.225383 4.063500 40.398213
22500 5 3.963002 52.295080 4.133051 41.184544
22550 5 3.756536 55.010348 4.225014 35.228880
22600 7 3.537731 46.000488 4.171034 34.621007
22650 6 3.214887 51.443967 4.143677 44.633948
22700 6 3.319648 47.949939 4.141682 41.400169
22750 8 3.447119 49.541135 3.939775 39.079657
22800 6 3.047699 54.974090 3.975122 42.377347
22850 9 2.895466 50.355257 4.054894 43.906650
22900 7 2.930142 52.580485 4.112305 36.708592
22950 6 2.828556 55.368572 4.170793 37.844057
23000 6 3.058108 43.184263 4.151678 37.607133
23050 6 2.943875 43.010372 4.152447 38.496200
23100 7 2.570167 42.094280 4.231230 39.733506
23150 7 2.797337 48.365150 4.202363 40.607918
23200 7 2.529792 37.753718 4.149324 40.938081
23250 8 2.881723 42.183307 4.201271 39.261358
23300 7 3.015909 40.890016 4.223654 35.945126
23350 7 2.789019 36.134794 4.138556 45.941067
23400 6 2.946257 33.784380 4.254224 42.655028
23450 6 2.904783 36.278123 4.184642 38.480225
23500 5 2.893864 33.314059 4.207154 45.532549
23550 6 2.856757 39.515079 4.193220 44.924358
23600 6 3.152841 33.672722 4.219960 38.403803
23650 7 3.186403 34.175388 4.080071 44.718622
23700 6 3.117855 40.364332 4.030656 45.629017
23750 8 3.108298 35.502764 4.075026 41.481009
23800 6 2.900670 38.234698 4.049980 44.808864
23850 8 2.877491 33.306615 3.985204 46.776470
23900 6 2.874155 23.209984 4.003027 47.353652
23950 6 3.020768 31.218549 4.046403 43.165483
24000 7 2.740266 40.038819 4.090884 46.845951
24050 7 2.673315 40.040666 4.124648 46.600441
24100 6 2.739596 29.740331 4.195148 38.181646
24150 7 2.839734 40.310013 4.085263 47.327261
24200 6 2.932650 35.461462 4.144664 42.025641
24250 8 2.595855 37.221216 4.080908 44.087512
24300 7 2.766095 42.666252 4.181978 43.921913
24350 7 2.858548 34.306146 4.237860 48.255876
24400 6 2.519314 32.797130 4.210301 45.992553
24450 5 2.375607 37.732001 4.316356 50.805169
24500 6 2.534095 39.913797 4.319144 51.040741
24550 6 2.619463 34.209741 4.260321 42.985850
24600 6 2.376013 38.985461 4.268098 47.079489
24650 6 2.568879 32.711595 4.267366 46.926453
24700 6 2.539963 28.463019 4.254918 43.719651
24750 6 2.643573 33.839535 4.230974 42.164130
24800 6 2.664327 37.413980 4.360908 40.798299
24850 7 2.843027 33.901275 4.253035 41.963355
24900 6 2.835444 38.439736 4.281867 41.721738
24950 7 2.841007 32.271232 4.189107 35.813401
25000 6 2.939615 29.439999 4.093454 42.614949
25050 7 2.804269 29.836765 4.138568 43.961756
25100 6 3.037889 23.192751 4.223392 42.671751
25150 6 2.976537 24.530218 4.318515 39.328175
25200 7 3.203637 31.739131 4.245820 38.220254
25250 6 3.026353 37.371409 4.237889 39.888344
25300 8 2.749106 43.621680 4.136978 40.765841
25350 6 3.387462 36.298307 4.188136 38.115125
25400 6 3.360112 29.009255 4.176288 42.013462
25450 7 3.513351 25.712983 4.113180 36.818556
25500 8 3.260820 28.720904 4.121786 42.536227
25550 8 3.079913 30.638185 4.102339 42.979507
25600 7 2.624956 34.454294 3.984347 44.710175
25650 7 3.258091 33.675135 3.868579 45.864454
25700 6 2.837169 32.738333 3.866316 49.066478
25750 6 3.127845 27.121840 3.990266 43.731913
25800 6 3.222486 29.586756 4.018880 45.572392
25850 6 3.070121 26.331617 4.059299 44.708276
25900 7 2.773055 29.385520 4.040211 46.742942
25950 6 2.983783 34.664836 4.043154 44.117972
26000 7 3.000265 43.282207 4.101675 44.595724
26050 8 3.517762 36.493677 4.114572 43.705264
26100 6 3.587741 33.407933 4.098227 40.793664
26150 7 3.751615 33.547082 3.966456 42.256404
26200 7 3.677140 41.396537 3.864139 40.383798
26250 6 3.285867 37.836741 4.007534 44.168094
26300 6 3.275776 34.986700 4.064070 37.364550
26350 6 3.407661 39.837622 4.075644 44.231299
26400 7 3.463088 36.169560 4.146638 42.222097
26450 7 3.507785 35.273458 4.173909 39.594383
26500 6 3.559292 34.015421 4.187533 39.926457
26550 7 3.206459 35.665088 4.186316 42.696960
26600 6 3.273006 31.663800 4.227555 42.245080
26650 6 3.297189 29.379406 4.231224 36.980458
26700 7 3.083031 31.277411 4.185152 40.167181
26750 7 3.015214 30.176048 4.320503 36.449894
26800 6 3.077201 26.563601 4.296901 37.771895
26850 6 3.004664 37.399231 4.331288 39.864478
26900 6 2.744762 36.155953 4.375331 41.440599
26950 5 2.666025 41.835586 4.309565 43.469482
27000 5 2.653876 36.180197 4.244885 36.053304
27050 6 2.835555 30.463645 4.254189 41.050865
27100 7 2.933805 28.089548 4.254746 41.042527
27150 6 2.794435 36.120062 4.232597 42.154597
27200 7 2.835387 32.655190 4.201895 42.756012
27250 6 2.788907 33.541009 4.174647 43.482841
27300 8 2.692669 31.321886 4.228276 42.261775
27350 6 2.666378 34.413963 4.312713 39.436932
27400 6 3.126245 39.602773 4.248629 37.659028
27450 6 3.102936 39.529755 4.197860 41.666825
27500 6 3.052847 33.751731 4.134902 41.451109
27550 6 3.043734 35.888780 4.145023 43.762681
27600 6 2.948811 32.974124 4.127359 40.541735
27650 6 3.014045 26.795798 4.140572 43.593557
27700 6 3.042984 31.850227 4.143588 39.726890
27750 8 3.042052 37.987185 4.127789 44.048236
27800 7 2.941960 33.648510 4.117708 40.701598
27850 6 2.989619 30.555893 4.118766 39.122358
27900 8 3.433487 33.757993 4.148636 40.912517
27950 6 3.384374 34.856887 4.144109 41.164028
28000 6 3.453632 29.715767 4.147949 39.365616
28050 6 3.375998 27.102160 4.163149 41.915316
28100 6 3.180098 22.338192 4.177327 41.413285
28150 6 3.619024 26.772232 4.093317 39.575010
28200 7 3.386583 28.410060 4.046319 41.704507
28250 6 3.434479 35.211753 4.160871 41.643302
28300 7 3.391911 27.869000 4.122512 38.196675
28350 6 3.555724 23.036994 4.029400 40.105808
28400 7 3.310426 24.500439 4.081674 38.788473
28450 6 3.111895 25.451820 4.115980 43.744773
28500 7 2.801310 25.445777 4.148861 36.276041
28550 7 2.344457 16.282291 4.145955 50.604952
28600 6 2.576588 13.851241 4.196729 41.186352
28650 6 2.811245 11.136570 4.196482 46.118098
28700 6 3.055704 18.439735 4.234444 45.182679
28750 6 3.225325 15.933507 4.149425 38.171788
28800 6 3.188583 24.202985 3.994627 44.450975
28850 6 3.248982 14.327778 3.908196 48.611271
28900 7 3.444178 20.603597 4.003582 46.920795
28950 6 3.268228 16.871649 4.013121 46.816483
29000 6 2.920095 19.918944 4.070682 46.774003
29050 7 2.876773 18.655300 4.034637 48.251057
29100 7 2.977519 8.838428 4.109105 43.728172
29150 6 2.662540 11.504160 4.186291 47.759969
29200 6 2.961875 18.203417 4.221603 42.507612
29250 6 2.619632 13.491844 4.307204 43.866209
29300 5 2.496100 15.066319 4.312548 46.563040
29350 7 2.322187 13.037360 4.248451 45.273100
29400 6 2.508560 16.047749 4.140635 40.299880
29450 7 2.621767 10.140039 4.107172 36.022222
29500 7 2.887341 14.220973 4.085259 51.129486
29550 7 2.747178 16.948583 4.173658 34.734514
29600 6 2.998313 15.446461 4.118875 46.881733
29650 6 2.999917 17.348804 4.106369 40.238831
29700 8 2.894570 18.581598 4.104919 42.355794
29750 6 2.922311 23.911824 4.078076 48.053474
29800 6 3.061508 26.699981 4.015553 47.972814
29850 6 3.151945 27.501886 4.031668 39.589418
29900 7 3.217059 21.911076 3.963647 46.916257
29950 7 3.298489 22.075788 3.973714 42.850003
30000 6 3.437336 21.810101 3.985594 44.518518
30050 7 3.441832 25.618802 4.007539 42.991239
30100 5 3.024696 25.889309 4.047471 41.911729
30150 7 2.740783 30.221001 4.091050 44.192667
30200 10 2.762865 27.523955 4.109062 45.992714
30250 6 2.757847 28.806089 4.157539 43.340724
30300 8 2.514570 31.246015 4.178107 45.810314
30350 7 2.686082 29.720148 4.099029 44.106692
30400 8 2.732919 21.785278 4.076227 38.876804
30450 7 2.987302 35.339909 4.047906 41.525347
30500 7 3.482734 31.540790 3.968930 44.981386
30550 6 3.706082 31.847634 4.009013 47.058313
30600 6 3.461851 30.602803 3.983961 40.768828
30650 6 3.415721 29.584114 4.098667 35.116341
30700 7 3.683902 27.126543 4.195336 32.537853
30750 6 3.790111 22.077613 4.061251 38.616219
30800 6 3.619877 27.600771 3.978698 36.959589
30850 6 3.863454 29.473467 3.990947 34.684338
30900 6 3.805163 35.855170 4.073002 38.782055
30950 6 3.692806 34.549430 4.049450 41.789460
31000 6 3.690758 29.603103 3.936782 42.234977
31050 6 3.516317 30.114395 3.890251 49.214619
31100 6 3.358584 33.189822 3.887104 56.093911
31150 8 3.225013 37.825706 3.958092 42.551523
31200 7 3.279072 30.818492 3.929239 47.550772
31250 6 3.319361 34.769899 4.034426 40.419790
31300 8 3.423809 40.440547 4.035797 42.787306
31350 6 3.385445 40.125661 4.062248 43.733830
31400 6 3.059892 40.498125 4.080576 44.274476
31450 7 2.917662 38.776176 4.092017 43.834215
31500 7 2.872980 40.944717 3.997155 43.011655
31550 7 3.208817 37.346171 4.002412 44.574114
31600 6 3.591765 39.181360 4.029733 47.033943
31650 7 3.537997 40.059271 4.090812 35.009084
31700 7 3.447727 41.844119 3.996782 41.434087
31750 7 3.286889 48.224785 3.883822 40.856514
31800 7 3.272149 39.645765 3.901402 40.246748
31850 6 3.482398 47.460034 3.882953 48.813408
31900 8 3.610809 42.413617 3.949929 34.877599
31950 6 3.290850 41.963645 4.029285 35.178905
32000 7 3.753426 49.216553 4.036597 37.634864
32050 7 3.891124 47.313834 3.993929 43.204312
32100 6 3.516139 46.083199 3.910116 47.207832
32150 8 3.293125 43.747763 3.952660 47.490496
32200 7 3.258888 48.354423 4.116770 41.862732
32250 6 3.392560 46.497458 4.168232 37.089533
32300 6 3.276161 41.756628 4.203138 39.046970
32350 5 3.506154 40.091907 4.182982 36.160300
32400 7 3.109341 42.124487 4.082496 46.320444
32450 6 2.860708 48.411945 4.110525 49.448341
32500 7 3.045733 41.885769 4.091626 39.822933
32550 7 3.130695 46.518710 4.084312 47.686631
32600 6 3.226001 47.143300 3.908114 43.000739
32650 7 3.374451 51.178458 3.883238 40.204412
32700 6 3.263586 49.875001 3.949327 44.389549
32750 6 3.311131 45.196045 3.956762 47.001839
32800 7 3.385677 45.702601 3.971990 41.057977
32850 6 3.307382 51.192778 4.029920 47.025677
32900 7 3.128516 48.432044 3.938678 46.531452
32950 6 2.787777 56.269158 3.910882 52.097318
33000 7 3.013407 47.703290 3.930720 46.585027
33050 6 3.093363 40.022386 4.069120 47.153174
33100 6 2.747034 46.319525 3.957987 48.916068
33150 6 2.882613 50.077342 3.933378 48.615754
33200 6 2.936558 41.370178 3.909115 45.359494
33250 9 3.199912 43.457257 3.940076 44.054350
33300 6 3.160362 49.331221 3.942374 44.334622
33350 7 3.448942 42.672091 3.915011 44.401069
33400 8 3.321413 41.266109 3.945405 38.940042
33450 6 3.279330 41.165768 4.055669 41.001905
33500 6 3.223131 43.436903 4.044736 45.333703
33550 6 2.922319 44.481316 4.043120 51.267222
33600 7 2.808203 45.755961 4.077957 46.141623
33650 7 2.807118 44.761282 4.082465 45.944105
33700 7 2.956510 52.197527 3.975462 46.845478
33750 7 3.148734 47.272342 4.050624 41.747398
33800 6 3.142946 44.172700 4.013284 43.761426
33850 6 3.115111 41.835130 4.084336 41.933158
33900 7 3.055439 37.459516 4.034219 47.220936
33950 7 3.375513 36.557690 3.982667 39.435256
34000 8 3.281340 42.451190 4.096183 35.456211
34050 7 3.366016 51.042534 4.081147 40.172614
34100 7 3.177122 47.251231 4.098424 44.782113
34150 7 3.120270 46.012933 4.136589 39.632733
34200 6 3.012277 51.101498 4.144901 33.607580
34250 7 3.015334 49.218027 4.122414 39.419659
34300 7 2.933754 49.675731 4.166308 41.804079
34350 5 2.936537 47.229350 4.212031 40.058375
34400 7 3.258707 48.577910 4.213620 41.921881
34450 6 3.164644 53.078231 4.241491 40.372229
34500 6 3.229960 55.862659 4.209419 41.847989
34550 7 3.041218 50.437590 4.160632 41.419278
34600 6 2.807163 49.336014 4.063385 39.602311
34650 6 2.981023 43.961913 4.068340 40.371041
34700 6 2.838023 48.525870 4.127206 41.381916
34750 5 2.759718 51.763623 4.092312 41.483835
34800 9 2.680584 52.210560 4.063565 45.837698
34850 6 2.523687 52.476085 4.091316 45.451163
34900 7 2.715874 50.786316 4.066895 48.034662
34950 8 2.487459 56.074227 4.038847 43.379277
35000 7 2.688344 54.673190 3.999738 43.674005
35050 6 2.989022 52.856640 4.117842 41.921607
35100 6 3.018605 50.912847 4.074744 48.939968
35150 7 3.345492 54.917622 4.140204 42.867932
35200 7 3.162893 52.158318 4.067744 42.633129
35250 6 3.002101 47.387471 4.101942 34.260131
35300 6 2.853684 40.875284 4.211803 50.451455
35350 6 3.303155 45.868256 4.227983 41.521012
35400 7 3.391167 43.691650 4.259575 34.038812
35450 6 3.380348 52.303528 4.227876 39.844684
35500 6 3.017683 46.723858 4.154413 41.226599
35550 6 2.772275 45.940723 4.173415 44.035346
35600 6 2.910953 44.207228 4.179930 43.850996
35650 7 2.937172 45.044572 4.063456 46.787278
35700 7 2.782643 43.443008 4.074814 44.323017
35750 6 3.283675 44.553136 4.186108 39.987852
35800 7 3.290057 43.408606 4.199956 40.116172
35850 7 3.513648 46.756665 4.171046 33.851282
35900 8 3.149147 46.123076 4.102007 32.959205
35950 6 3.288494 47.945395 4.042829 38.484247
36000 6 3.377593 51.203149 4.030712 41.137257
36050 6 3.445432 49.925895 3.948079 43.245577
36100 7 3.457421 49.333911 3.964530 42.156543
36150 6 3.517072 47.648265 4.008932 43.122132
36200 7 3.831177 51.036397 4.109390 34.916436
36250 6 3.913895 51.492290 4.103132 41.827275
36300 5 4.072031 51.766416 4.108436 32.875385
36350 6 3.973878 50.256075 4.143093 35.027504
36400 7 3.816584 50.119633 4.098986 33.464969
36450 6 4.083833 53.238656 3.993961 38.157687
36500 6 3.702667 50.566384 4.044978 41.477944
36550 6 3.541456 50.227359 3.979164 39.495485
36600 7 3.658457 50.629625 3.963497 37.345196
36650 6 3.312074 51.677930 3.906763 45.189877
36700 7 3.399012 43.593264 3.897648 41.829569
36750 6 3.447883 48.412711 3.933565 45.248770
36800 7 3.702268 43.743896 3.877516 44.516772
36850 7 3.740495 49.466149 3.817741 47.056751
36900 6 3.584142 37.370719 3.836170 44.814818
36950 6 3.549257 42.041518 3.878058 47.015599
37000 7 3.386968 47.134870 3.852547 46.392156
37050 7 3.610665 41.601741 3.814571 46.119617
37100 6 3.762921 53.019497 3.807541 46.073807
37150 7 3.833452 57.141285 3.798689 46.581724
37200 6 3.862839 57.067397 3.850525 47.110428
37250 7 3.530840 56.301758 3.857370 48.065376
37300 6 3.439393 53.144829 3.846082 46.959068
37350 7 3.435171 41.807284 3.895081 47.699815
37400 6 3.547019 43.441007 3.951800 48.847776
37450 7 3.379389 42.861624 3.936079 49.194815
37500 7 3.169464 44.358210 3.957983 48.829189
37550 6 2.909920 40.265753 3.957983 48.829189
37600 7 2.972639 43.584164 3.973503 49.259683
37650 6 2.968195 44.064035 3.973503 49.259683
37700 6 2.985698 53.783453 3.942509 48.916581
37750 7 3.250849 45.182115 3.930729 47.920214
37800 6 3.222799 39.423069 3.906043 48.329980
37850 7 3.035504 42.822797 3.887443 48.370572
37900 7 3.408918 40.175746 3.887443 48.370572
37950 6 3.255724 40.604928 3.887443 48.370572
38000 8 3.123163 36.937130 3.887443 48.370572
38050 6 3.090129 40.289885 3.887443 48.370572
38100 7 2.956550 43.042933 3.898382 48.372475
38150 6 3.247209 46.724340 3.954132 48.515422
38200 7 3.256669 45.796167 3.920019 48.624096
38250 7 3.469693 42.889749 3.920019 48.624096
38300 7 3.411377 38.271466 3.928842 48.656768
38350 6 3.110970 43.704522 3.928842 48.656768
38400 6 3.561915 48.878396 3.928842 48.656768
38450 6 3.360160 44.889358 3.928987 48.556529
38500 7 2.871389 41.927091 3.921961 48.457461
38550 8 2.592364 35.193819 3.921961 48.457461
38600 8 2.824639 38.034262 3.927109 48.994810
38650 6 2.933421 38.053894 3.907356 48.688396
38700 6 2.841000 39.198785 3.893178 48.751241
38750 9 2.676158 38.398138 3.834928 49.355513
38800 8 2.736195 40.648838 3.875079 49.412176
38850 8 2.893287 38.125787 3.851054 48.690816
38900 6 2.967526 37.956483 3.899939 48.512723
38950 6 3.163257 34.251571 3.962049 47.930925
39000 7 2.918827 31.177721 3.993798 46.440521
39050 7 2.976759 32.071701 3.940025 47.351747
39100 7 2.842192 38.283137 3.995952 49.606852
39150 7 2.947833 32.873638 4.043198 39.993590
39200 6 2.856959 29.006275 3.954287 53.143965
39250 7 2.654342 27.557645 3.975825 45.283197
39300 7 2.459961 28.281368 4.039729 48.235007
39350 7 2.760969 26.950787 4.034067 48.260345
39400 8 2.871692 29.015787 4.026860 46.303311
39450 8 2.819338 29.147664 4.019664 47.603675
39500 6 2.785019 32.565998 4.029775 46.264157
39550 7 2.775772 26.530172 4.029775 46.264157
39600 7 2.733459 29.809777 4.023824 45.278549
39650 7 2.662235 30.914356 4.041481 45.179149
39700 6 2.570755 27.490309 4.035737 45.378027
39750 6 2.771980 36.417045 3.977489 45.483014
39800 7 2.799626 28.821817 3.977489 45.483014
39850 8 2.689536 27.328786 3.955006 45.305031
39900 6 2.917027 32.034361 3.955006 45.305031
39950 6 3.245805 31.795671 3.955006 45.305031
40000 6 3.269025 31.244028 3.955006 45.305031
40050 6 3.113627 34.954920 3.955006 45.305031
40100 7 3.056146 38.820257 3.955006 45.305031
40150 7 2.916666 35.717880 3.955006 45.305031
40200 6 2.951401 37.817906 3.918683 45.130689
40250 7 3.118764 49.143299 3.905683 45.186336
40300 6 3.292790 47.486156 3.905683 45.186336
40350 6 3.265122 47.017364 3.905683 45.186336
40400 8 3.361005 38.508610 3.905683 45.186336
40450 7 3.438490 32.587216 3.905683 45.186336
40500 7 3.192457 39.289647 3.926762 45.014706
40550 6 3.229485 43.692770 3.926762 45.014706
40600 6 3.263627 42.643773 3.926762 45.014706
40650 7 3.434266 36.569770 3.926762 45.014706
40700 6 3.794339 34.282441 3.926762 45.014706
40750 7 3.492428 36.816106 3.927271 45.046539
40800 6 3.383561 32.608031 3.927271 45.046539
40850 6 3.427059 32.621208 3.927271 45.046539
40900 7 3.448765 32.941815 3.927271 45.046539
40950 6 3.525423 29.994032 3.929543 45.127665
41000 6 3.639639 35.060305 3.929543 45.127665
41050 6 3.414861 28.344148 3.929543 45.127665
41100 6 3.420645 26.784553 3.942961 45.068734
41150 6 3.245886 28.317421 3.942961 45.068734
41200 7 3.313316 29.960083 3.942961 45.068734
41250 6 3.278698 35.986874 3.931626 45.152986
41300 7 3.361295 35.580288 3.931626 45.152986
41350 6 3.530882 37.728762 3.917233 45.432099
41400 6 3.583006 30.660072 3.949643 45.352018
41450 6 3.736865 36.309778 3.949643 45.352018
41500 6 3.646456 34.538269 3.949643 45.352018
41550 7 3.961333 37.222331 3.949643 45.352018
41600 6 3.813006 44.465656 3.922922 45.431583
41650 7 3.407257 43.558729 3.960261 45.806324
41700 7 3.426083 50.057955 3.960261 45.806324
41750 6 3.299607 40.958665 3.962995 45.382930
41800 6 3.183060 35.814429 3.970327 45.256341
41850 6 3.230019 39.357702 3.925073 45.314309
41900 6 3.226966 40.533244 3.925073 45.314309
41950 6 3.421610 43.382810 3.925073 45.314309
42000 7 3.157636 45.665170 3.923137 45.611754
42050 6 3.252349 43.623488 3.949866 45.723739
42100 6 3.294508 52.317436 3.949866 45.723739
42150 6 3.333893 41.477912 3.949866 45.723739
42200 7 3.745223 42.787486 3.922250 45.252642
42250 7 3.684233 40.190180 3.889876 45.118784
42300 6 3.731282 43.457085 3.925596 45.677976
42350 6 3.447112 41.558722 3.925596 45.677976
42400 6 3.473748 42.976759 3.903612 46.473016
42450 8 3.309660 37.387226 3.903520 44.694724
42500 6 3.445123 38.487685 3.816776 44.917452
42550 6 3.503165 45.106624 3.898396 51.631237
42600 6 3.660474 45.682811 3.816308 46.537443
42650 6 3.706305 44.911814 3.890004 44.299850
42700 6 3.841435 42.370945 3.894266 37.139317
42750 8 3.748850 40.032122 4.058419 39.859767
42800 7 3.568915 38.200004 3.935562 43.095972
42850 6 3.503510 43.290825 3.955939 50.179957
42900 6 3.862951 41.818057 4.150854 37.088376
42950 7 3.720272 43.973121 4.150623 39.271224
43000 6 3.611972 43.447816 4.152131 38.478101
43050 7 3.335048 47.975517 4.073674 43.883511
43100 7 3.428757 50.802511 4.011329 46.271887
43150 7 3.589783 51.467210 3.946298 42.618952
43200 7 3.442920 46.641542 3.895447 42.640783
43250 7 3.918125 53.205641 3.863796 42.917663
43300 6 4.232997 54.148698 3.813165 43.187104
43350 7 3.603941 50.161390 3.801380 45.569385
43400 6 3.379080 45.134709 3.856643 49.390041
43450 6 3.360258 51.453337 4.086662 46.093015
43500 5 3.847144 49.118074 4.022397 42.312141
43550 6 3.462707 45.972063 4.011464 41.979576
43600 6 3.677106 43.253609 4.033158 41.890913
43650 6 3.508842 41.615765 4.074771 48.254314
43700 6 3.594268 42.987248 3.891852 51.579204
43750 6 3.325430 45.319700 3.871586 53.419381
43800 6 3.402002 37.230510 3.971442 48.144781
43850 5 3.428521 36.309889 4.068951 30.970833
43900 6 3.580613 26.435544 4.017469 41.077930
43950 7 3.508580 40.906701 4.036664 34.476056
44000 7 3.276678 41.494836 4.208378 38.281981
44050 6 3.128548 49.639598 4.109164 40.366053
44100 6 3.481067 47.343077 4.105561 41.397203
44150 7 3.131770 49.822941 4.081516 40.917761
44200 7 3.151413 48.423700 4.102055 36.346853
44250 7 2.946285 50.807484 4.177274 38.140280
44300 6 3.214389 45.627715 4.184396 42.256749
44350 5 2.994426 53.190303 4.152189 44.469340
44400 6 3.093146 42.736234 4.152341 47.567776
44450 5 3.321602 44.466985 4.198781 39.140908
44500 6 3.174676 44.850472 4.172862 39.151511
44550 6 3.259732 47.198168 4.081404 38.361572
44600 6 3.283069 47.179554 4.105776 42.651290
44650 6 3.301433 51.452640 4.176595 39.724987
44700 6 2.800300 48.288114 4.123574 50.208212
44750 6 3.335306 49.224809 3.958399 52.237624
44800 7 2.779577 49.449319 3.940488 51.679004
44850 7 2.741340 53.712603 3.883665 48.525916
44900 7 2.900975 42.429588 4.040952 43.100843
44950 8 3.079078 44.937993 4.047747 39.167982
45000 7 2.869710 50.190420 4.040720 43.961214
45050 6 3.031293 47.741563 4.107048 41.878555
45100 6 3.133821 43.338828 4.218873 35.193412
45150 9 2.884429 45.049846 4.109145 37.503468
45200 6 2.879959 49.446070 4.274702 36.199916
45250 6 2.919230 53.380529 4.244498 32.982366
45300 6 3.156771 57.609279 4.066466 43.154591
45350 6 3.237228 53.158218 4.133003 38.345142
45400 7 3.145200 56.680901 4.097906 41.760422
45450 7 3.106390 52.252345 4.017670 48.042836
45500 6 2.873078 52.275637 3.956861 43.271009
45550 6 2.832435 50.645932 4.052756 48.687975
45600 6 3.093143 49.154892 4.038386 44.617014
45650 6 2.959972 50.590437 4.018336 51.328219
45700 6 3.046658 38.805034 3.971954 47.022196
45750 6 2.811575 38.736644 3.979565 51.643173
45800 7 2.982351 43.248324 4.084015 43.848129
45850 6 2.936997 42.437619 4.042423 46.348391
45900 6 3.180293 38.016136 4.002581 45.230550
45950 7 3.212682 36.190588 3.981854 37.209686
46000 7 3.596282 39.036460 3.949913 43.542810
46050 7 3.540144 37.295268 3.822543 50.057812
46100 6 3.802183 36.369542 3.833041 51.006223
46150 6 3.601259 36.661654 3.914997 50.146251
46200 6 3.061392 45.503965 3.955448 50.656068
46250 6 2.911484 43.729831 3.941016 50.812868
46300 6 2.837556 39.306330 3.958767 50.880664
46350 6 2.724297 38.554153 3.954076 50.456173
46400 8 2.501302 37.118086 3.930640 49.062610
46450 8 2.636707 41.769650 3.957487 50.475159
46500 6 2.942630 36.108334 3.950109 51.533238
46550 7 2.894946 30.403507 3.893814 49.559688
46600 7 2.629004 34.980398 3.921602 53.173751
46650 7 2.787461 36.879921 4.020338 49.926746
46700 7 2.969454 42.663188 4.048087 46.988519
46750 7 2.626220 39.669220 3.986001 53.021898
46800 6 2.879101 41.709415 3.979833 53.884929
46850 8 2.513165 36.143277 3.931999 52.787317
46900 9 2.418785 36.489511 3.831197 53.564184
46950 8 2.536351 39.908929 3.894492 53.950256
47000 7 2.569246 38.040768 3.964653 50.939694
47050 7 2.718266 38.056835 3.920598 51.342550
47100 6 3.049602 38.849599 3.878769 50.460192
47150 9 3.204973 40.390474 3.953931 45.409464
47200 6 2.977562 40.447749 3.824925 60.100198
47250 9 2.917267 34.801291 3.898492 46.472227
47300 7 3.290697 40.552408 4.035185 45.913388
47350 7 3.538494 38.238754 3.954710 49.642735
47400 6 3.122342 40.714980 3.838717 52.181966
47450 6 3.155745 43.644780 3.855611 46.221854
47500 6 3.233218 37.748360 3.848897 46.412105
47550 9 2.883812 37.450743 3.846201 47.368027
47600 6 3.005756 39.483403 3.857007 45.813341
47650 7 3.198944 38.065157 3.770302 47.855954
47700 6 3.450821 38.635483 3.828165 46.232250
47750 7 3.446256 35.515603 3.821154 45.994167
47800 7 3.205014 42.060427 3.877440 46.583036
47850 6 3.038576 39.199817 3.808802 51.641948
47900 6 3.239155 41.028988 3.827508 51.381862
47950 7 3.510760 34.511382 3.880977 50.030984
48000 8 3.616328 31.109749 3.924419 48.861635
48050 6 3.782353 26.117855 3.956366 43.195010
48100 7 3.557534 20.825828 3.983111 44.180895
48150 6 3.618571 21.861555 3.990754 40.939233
48200 6 3.442958 30.642974 3.974047 47.079396
48250 7 3.400933 32.268242 4.100589 39.540634
48300 7 3.460751 41.040850 4.105850 33.902636
48350 6 3.692049 48.360108 4.105035 42.888338
48400 7 3.674044 39.993066 4.059348 42.558656
48450 8 3.308919 34.974159 4.077308 44.536624
48500 7 3.040951 39.967442 3.942488 42.419930
48550 7 3.113705 42.220425 3.975127 41.910494
48600 6 3.451600 39.939619 4.056860 42.805047
48650 6 3.734307 33.617500 4.123205 38.203720
48700 7 3.874986 35.024195 4.091129 38.023856
48750 7 3.926316 35.031994 4.044142 40.487642
48800 6 3.693102 37.315759 3.981741 43.064046
48850 8 3.591818 36.477396 3.976834 39.308290
48900 7 3.520854 37.668998 3.999396 49.028207
48950 7 3.516890 37.213892 3.931337 46.950625
49000 6 3.377083 41.960807 4.055434 45.662381
49050 6 3.283427 49.054317 4.078649 42.797853
49100 6 3.701329 44.079998 4.158431 34.008248
49150 7 2.840875 47.594329 4.129119 42.885684
49200 7 3.061681 45.417144 4.164618 42.877096
49250 7 2.926388 48.277229 4.131150 42.144736
49300 6 3.160969 41.768116 4.107309 41.136538
49350 7 3.052782 46.395784 4.140723 40.598260
49400 6 3.177445 50.736001 4.063786 43.535882
49450 6 3.244430 40.455070 4.113164 42.662245
49500 6 3.149431 34.674030 4.058153 39.900748
49550 6 3.520527 38.811872 4.157568 40.611053
49600 6 3.586802 33.752921 4.179505 42.394059
49650 7 3.438145 41.948023 4.130537 36.593307
49700 7 3.501716 43.661511 4.060417 45.685341
49750 7 3.554326 39.002300 4.107388 33.122926
49800 7 3.078709 38.513498 4.190832 46.495033
49850 5 2.895992 38.241667 4.141142 41.446541
49900 7 3.014434 33.034183 4.045020 42.453177
49950 7 2.994217 38.755095 4.016754 46.668403
