0 3 2.810000 25.304359 4.200000 20.000000
50 8 2.671499 25.295103 4.201598 56.060883
100 8 2.757172 25.581536 4.276245 54.741290
150 9 2.532157 25.309767 4.154199 51.851975
200 8 2.756619 25.226455 4.187889 46.434400
250 8 2.755674 25.266320 4.189562 44.278418
300 10 2.756297 25.784681 4.199259 42.138446
350 9 2.723625 25.757435 4.202019 46.060520
400 9 2.746001 25.700942 4.180679 48.425333
450 9 2.605194 26.000202 4.121415 59.500011
500 9 2.305576 25.680207 4.078525 54.356136
550 8 2.600136 25.293350 4.182752 49.582850
600 8 2.850569 24.847048 4.380997 41.932900
650 8 2.850191 24.797731 4.279544 47.212644
700 8 2.755075 25.941636 4.172969 46.951046
750 8 2.697721 25.478449 4.131840 46.811929
800 10 2.864304 26.285817 4.045136 44.632786
850 8 2.812586 25.401661 4.133648 51.599948
900 9 2.724374 24.228537 4.016224 52.766586
950 8 2.728146 23.583620 4.097157 49.014451
1000 9 2.594173 23.931399 4.206704 44.798285
1050 10 2.810903 24.727193 4.201134 44.464860
1100 8 2.924250 25.750215 4.293559 43.256667
1150 9 2.892431 26.237074 4.229371 41.038963
1200 8 2.848675 25.413532 4.237986 46.493965
1250 9 2.905938 25.881087 4.163405 42.239362
1300 8 2.731076 27.108099 4.142865 48.678041
1350 10 2.535021 26.399496 4.201037 43.949197
1400 8 2.557998 27.612641 4.181213 50.754935
1450 8 2.620782 31.031278 4.203320 50.861992
1500 8 2.544207 28.914886 4.175956 46.335816
1550 9 2.309630 28.325234 4.228415 45.756719
1600 8 2.414767 27.740246 4.354089 49.942010
1650 8 2.269662 26.680560 4.394236 50.101202
1700 7 2.440053 27.911520 4.457584 46.575656
1750 8 2.607485 29.957559 4.439790 43.986366
1800 7 2.562346 28.522717 4.510776 49.641913
1850 9 2.279513 30.395211 4.434372 46.571763
1900 8 2.318638 31.943301 4.545398 49.322984
1950 8 1.991461 34.086462 4.566275 49.355509
2000 9 2.015578 37.686454 4.556860 42.166017
2050 7 1.948393 34.271312 4.610816 48.743915
2100 8 2.029338 36.711097 4.470292 50.873562
2150 9 2.162661 32.676688 4.605931 40.060029
2200 10 2.113757 32.184896 4.496627 44.091751
2250 9 2.521904 29.314168 4.451594 43.212621
2300 8 2.785647 31.185685 4.507257 39.094204
2350 8 3.028417 31.508991 4.389377 39.174024
2400 8 3.149576 30.515771 4.307399 42.937283
2450 8 3.191523 32.047801 4.155618 46.815439
2500 8 2.970449 32.668782 4.258238 43.676114
2550 9 2.592887 31.534063 4.278003 46.624042
2600 9 2.409878 32.596543 4.311081 46.595618
2650 9 2.260668 32.741461 4.362938 49.819628
2700 9 2.212400 33.436010 4.436421 52.664360
2750 9 2.091724 34.030064 4.398378 53.167282
2800 11 2.060941 32.831403 4.287034 47.454733
2850 12 2.089299 30.908049 4.349844 49.384668
2900 8 2.226546 32.625815 4.329127 53.486888
2950 8 2.583443 30.562287 4.288074 43.447208
3000 8 2.786317 31.904695 4.334431 46.321741
3050 9 2.529488 32.923348 4.328396 46.277193
3100 8 2.711163 31.966160 4.232694 47.251341
3150 8 2.711433 33.035582 4.377804 38.325735
3200 9 2.866696 32.186481 4.339568 41.832730
3250 9 2.918485 32.517528 4.340031 36.734386
3300 8 3.078133 31.408722 4.334005 41.239506
3350 8 3.087468 32.118977 4.312655 36.108684
3400 8 3.090776 32.684163 4.337674 38.112311
3450 10 2.772615 32.255746 4.365743 42.709883
3500 8 2.825845 31.446869 4.312026 43.549710
3550 9 3.058688 31.734829 4.327698 44.836315
3600 8 3.107832 33.083366 4.323955 43.995835
3650 8 3.154668 33.049316 4.244931 44.113618
3700 8 3.010850 34.034556 4.214525 42.742008
3750 9 2.879574 34.103476 4.193744 43.562950
3800 8 2.761033 33.668024 4.255973 43.201853
3850 8 2.861234 32.784142 4.234838 43.637101
3900 9 2.764036 32.829789 4.266317 46.951381
3950 8 2.695406 33.393038 4.213708 43.428473
4000 8 2.825530 33.782182 4.300703 45.083758
4050 8 2.967855 33.075506 4.420392 40.516322
4100 8 2.750614 33.912718 4.460903 44.068030
4150 9 2.735456 35.362957 4.534791 40.356906
4200 10 2.515853 34.682193 4.542496 45.791292
4250 8 2.398504 35.258710 4.500795 45.505521
4300 9 2.332262 30.799545 4.572084 45.795390
4350 9 2.059326 32.226845 4.589145 45.132678
4400 9 2.393012 31.412090 4.501415 46.170683
4450 9 2.196165 30.580594 4.422262 45.914577
4500 9 2.393616 31.703148 4.387891 46.879612
4550 8 2.281715 24.984823 4.360102 46.905612
4600 9 2.419443 28.129406 4.362064 46.689972
4650 8 2.488060 30.480668 4.363651 47.045439
4700 8 2.639360 27.974492 4.340196 46.561941
4750 9 2.572018 32.025424 4.353956 47.103180
4800 8 2.661124 30.851292 4.353956 47.103180
4850 9 2.301578 28.282201 4.341249 47.582998
4900 8 2.524724 27.313717 4.360019 47.575770
4950 8 2.659657 33.048760 4.360672 47.659155
5000 8 2.673154 39.027485 4.360672 47.659155
5050 9 2.357169 32.881247 4.354744 47.687830
5100 9 2.411933 28.785658 4.354744 47.687830
5150 8 2.578351 30.410113 4.392055 47.350462
5200 9 2.410516 31.910732 4.367886 47.384430
5250 8 2.688556 31.165369 4.367886 47.384430
5300 9 2.550191 33.989663 4.366348 48.036693
5350 9 2.617832 37.357581 4.366348 48.036693
5400 10 2.894573 36.593676 4.369287 47.379853
5450 8 2.495361 40.301907 4.376485 48.588800
5500 9 2.612070 34.717525 4.396542 46.257608
5550 8 2.086772 33.527715 4.377806 46.705241
5600 9 2.667563 31.138421 4.349279 48.209021
5650 8 2.880660 40.869551 4.290903 46.365963
5700 8 2.686462 39.849634 4.355043 46.252406
5750 8 3.030307 43.841131 4.362594 42.711913
5800 8 3.168470 41.500266 4.313116 42.143700
5850 10 3.180895 40.743182 4.302761 40.624207
5900 9 3.233885 42.257841 4.441705 39.580601
5950 9 3.229374 40.186737 4.373684 38.843339
6000 9 2.993282 42.598390 4.266575 43.871720
6050 8 3.026170 42.576464 4.288723 42.197609
6100 9 3.014653 41.094346 4.265516 42.950672
6150 8 2.923682 43.857038 4.276689 44.623822
6200 8 3.134010 45.711817 4.205839 42.138619
6250 9 3.326679 47.661485 4.178890 41.572527
6300 9 3.453852 53.820597 4.179512 41.042097
6350 8 3.325964 41.586788 4.129394 42.314549
6400 8 3.086822 46.171435 4.111310 41.976842
6450 8 2.996012 49.123353 4.078302 41.865160
6500 8 3.072238 48.330873 4.111595 42.581132
6550 8 3.497474 41.722337 4.110599 43.444062
6600 8 3.389585 48.552777 4.102076 43.443685
6650 9 3.339325 44.744822 4.123002 41.279336
6700 9 3.414745 43.995428 4.132038 41.516185
6750 9 3.145909 46.385822 4.097720 41.522423
6800 8 3.299731 52.595233 4.129877 38.962960
6850 8 3.367753 51.397777 4.071908 43.181446
6900 10 3.360884 49.361482 4.133087 39.234374
6950 10 3.217185 47.103462 4.152241 41.146746
7000 8 3.121387 48.345715 4.122845 46.264207
7050 8 2.983076 47.963541 4.176972 41.835721
7100 8 2.978334 41.588444 4.183316 42.403600
7150 8 2.805276 50.697346 4.296981 48.650678
7200 8 2.825881 51.600125 4.318299 39.150263
7250 8 3.235573 51.152801 4.326820 42.397933
7300 8 3.392715 52.561313 4.319502 35.433152
7350 9 3.426597 46.201832 4.419983 42.241106
7400 8 3.209830 41.207041 4.343099 39.183674
7450 8 2.999026 44.843506 4.264461 48.747821
7500 8 2.469848 43.536834 4.247897 48.064776
7550 8 3.053466 45.519066 4.197509 38.328887
7600 8 3.014769 45.834098 4.190892 42.192334
7650 8 3.101364 45.309558 4.218624 44.724164
7700 9 2.961574 45.645394 4.143914 45.507508
7750 8 2.936964 45.166522 4.181109 43.512806
7800 8 2.715958 45.384853 4.150441 50.039302
7850 8 3.076600 43.497463 4.355632 39.957764
7900 8 3.013305 42.853342 4.331159 41.685067
7950 9 2.825515 41.731700 4.280307 42.262154
8000 8 3.218156 40.136478 4.348301 39.315403
8050 10 3.170620 41.521294 4.293464 41.273852
8100 9 3.168926 39.723637 4.203002 36.924149
8150 8 3.253146 41.918479 4.267875 41.697948
8200 8 3.057204 40.367888 4.274745 39.083372
8250 8 3.156741 40.737280 4.306548 33.346005
8300 9 2.856835 40.758826 4.231852 49.445232
8350 10 2.739486 40.853304 4.242439 48.814011
8400 8 2.681349 41.976226 4.209370 37.361688
8450 9 2.739578 42.446677 4.271971 50.951667
8500 9 2.785596 43.289904 4.231600 47.218389
8550 8 2.959290 46.965126 4.255528 42.660613
8600 9 2.912522 52.189851 4.260419 44.119934
8650 9 2.932628 52.197506 4.292216 43.836402
8700 9 2.546339 53.060902 4.270007 47.098100
8750 10 2.524575 48.450064 4.336958 47.116575
8800 9 2.341671 53.784529 4.321271 48.007189
8850 8 2.615758 51.344319 4.295835 47.682094
8900 8 2.714307 56.200009 4.260440 47.701892
8950 8 2.846298 56.622403 4.257225 47.637265
9000 9 2.807975 52.240158 4.318058 48.153847
9050 9 2.796361 45.592106 4.296853 47.889627
9100 9 2.767000 50.619573 4.272794 48.224815
9150 8 2.804141 49.694449 4.255173 48.184060
9200 8 2.866351 53.356082 4.252302 47.725160
9250 8 2.999111 50.154447 4.251872 43.543544
9300 9 2.882629 49.472769 4.244358 45.316771
9350 9 2.824758 53.920729 4.260126 44.940028
9400 8 3.018596 48.186639 4.277072 46.303508
9450 9 3.360001 54.946703 4.298643 39.168660
9500 8 3.458433 54.646798 4.309403 36.401709
9550 8 3.424251 45.534295 4.287778 38.653387
9600 8 3.429434 43.778115 4.335492 36.505990
9650 8 3.063261 47.706226 4.424032 36.551417
9700 8 3.174205 47.533289 4.333843 38.901722
9750 8 3.360662 46.865824 4.308372 41.605295
9800 8 3.269970 44.434399 4.273968 38.633224
9850 9 3.297038 50.529811 4.252115 39.729429
9900 9 3.413689 42.521150 4.250815 39.001064
9950 8 3.374474 42.057961 4.283941 39.621700
10000 8 3.194811 46.902413 4.283941 39.621700
10050 8 3.127286 53.216865 4.344010 37.470650
10100 8 3.108272 54.479767 4.276576 40.416425
10150 8 3.197172 55.765971 4.315917 39.996162
10200 8 2.729280 55.924540 4.321392 38.078911
10250 10 2.692202 57.300805 4.247763 45.561125
10300 9 3.030397 47.960145 4.249781 49.274811
10350 9 2.893442 39.048238 4.297306 42.700483
10400 8 2.492889 41.641109 4.311333 41.354659
10450 9 2.396247 45.452536 4.338439 50.502863
10500 8 2.393796 37.309889 4.318337 46.097279
10550 9 2.547611 36.583880 4.226062 43.699182
10600 8 2.908507 47.697248 4.236629 47.512063
10650 9 3.093953 47.488299 4.223652 46.986521
10700 8 3.038519 49.253601 4.198377 44.457125
10750 9 2.955164 45.484873 4.181786 47.317871
10800 8 2.898645 46.729365 4.169890 44.028630
10850 9 2.883452 42.548419 4.191295 48.068570
10900 8 2.788664 33.650368 4.228992 44.314201
10950 8 3.065083 22.315396 4.164513 47.156141
11000 8 2.875969 35.547020 4.168767 46.054551
11050 8 2.766440 30.299450 4.203769 44.788845
11100 10 3.207318 31.058798 4.268072 42.972269
11150 8 3.149494 33.531391 4.203681 44.133933
11200 8 2.872570 35.048170 4.234003 45.809814
11250 8 3.157299 34.095965 4.217258 42.648649
11300 8 3.092388 32.596742 4.303538 42.394923
11350 8 3.065864 29.190882 4.350860 45.886839
11400 7 3.242307 26.987465 4.399044 45.646140
11450 8 2.825974 21.918163 4.245546 44.850232
11500 9 2.680778 19.381542 4.143327 42.319441
11550 9 2.733365 26.048225 4.150893 51.322788
11600 8 2.748102 22.035856 4.187352 44.027310
11650 9 3.069743 19.879052 4.219559 47.927851
11700 8 3.232974 26.445068 4.300855 38.761579
11750 8 3.623317 23.591011 4.318033 36.600803
11800 8 3.395920 21.576623 4.224323 36.148786
11850 8 3.215319 26.912012 4.216781 45.953315
11900 9 3.300204 26.068393 4.211022 41.373527
11950 9 3.197043 34.071501 4.162628 46.441206
12000 8 3.121584 30.702586 4.105801 46.531994
12050 9 3.151244 28.375849 4.025372 52.311187
12100 8 3.208676 23.402982 3.985766 54.470683
12150 9 3.119048 27.383259 4.023010 47.619419
12200 8 3.158761 36.575894 4.010670 57.436547
12250 8 3.003357 29.509795 3.958431 52.266144
12300 9 3.313679 29.258884 3.997228 47.048906
12350 9 3.300499 31.569793 4.076162 46.420813
12400 10 3.356533 35.595552 4.080222 44.578447
12450 9 3.321584 36.991221 4.093124 44.157366
12500 9 3.271671 39.881853 4.025319 37.368853
12550 9 3.101437 34.857133 4.110619 48.704609
12600 8 3.211233 36.654170 4.178273 39.858364
12650 9 3.220982 37.877993 4.154059 41.742542
12700 9 3.258705 36.219523 4.181361 38.737571
12750 9 3.046945 35.954886 4.156538 42.951951
12800 9 3.069465 37.113175 4.190281 44.726947
12850 8 3.266110 36.334713 4.085063 40.372364
12900 9 3.491658 35.231991 4.091363 45.160064
12950 8 3.385534 34.819035 4.064024 38.847307
13000 8 3.415764 36.495737 3.985050 47.288785
13050 9 3.233090 38.980056 4.055871 54.965755
13100 9 3.182526 38.256957 4.187158 44.966661
13150 8 3.136321 39.791749 4.208390 41.453002
13200 10 3.153634 42.605104 4.164574 41.739158
13250 9 2.753230 43.137234 4.186913 45.469731
13300 8 2.892416 35.615777 4.269786 44.965116
13350 8 2.932044 36.022151 4.256248 43.816440
13400 9 2.472327 32.584804 4.224810 44.814592
13450 12 2.364403 34.185442 4.241874 37.971950
13500 9 2.522262 32.722957 4.316173 41.799415
13550 10 2.738256 30.917365 4.227946 46.686443
13600 9 2.680163 30.020967 4.288372 47.815772
13650 11 2.495708 32.253348 4.229716 44.250424
13700 8 3.130604 31.018584 4.174377 43.104005
13750 9 2.777764 34.197003 4.295357 45.539426
13800 8 2.548424 38.042981 4.254202 44.553894
13850 9 2.420888 40.327499 4.388067 43.195709
13900 8 2.405997 36.710579 4.406074 43.920219
13950 8 2.398473 28.007670 4.429789 42.674701
14000 9 2.441973 27.943402 4.374783 41.714356
14050 7 2.485844 28.894815 4.309789 47.987726
14100 9 2.633943 32.213856 4.253522 47.011060
14150 9 2.632942 27.860282 4.232052 48.605659
14200 8 2.687512 37.647014 4.231567 47.503730
14250 9 2.963904 30.663211 4.184458 46.521822
14300 9 2.884689 34.744044 4.227756 48.262040
14350 10 2.984801 31.943398 4.256938 47.544753
14400 8 2.950297 26.644317 4.240253 44.036754
14450 8 3.047616 36.019492 4.228884 42.485878
14500 9 3.091826 30.807066 4.183786 44.107969
14550 9 3.328160 26.650391 4.245804 39.717707
14600 8 3.289161 26.471821 4.324601 35.450904
14650 8 3.354146 28.191328 4.275299 35.905023
14700 8 3.374418 31.214798 4.332790 33.568924
14750 9 3.254216 29.775217 4.287811 35.914253
14800 8 3.277574 38.684692 4.320594 34.651797
14850 8 3.205218 32.278540 4.300626 36.333646
14900 8 3.311499 33.683499 4.314293 40.048196
14950 8 3.107535 32.881610 4.323925 40.034753
15000 8 3.058346 21.378569 4.287531 38.388329
15050 8 3.153214 30.666843 4.306430 41.456744
15100 8 3.276418 34.267284 4.236743 39.828783
15150 8 3.575538 28.441923 4.205503 40.373682
15200 9 3.434460 22.465488 4.130669 45.662797
15250 9 3.131214 28.336903 4.167110 45.982754
15300 9 3.178224 32.254649 4.016621 47.989603
15350 8 3.052335 30.699711 4.204766 40.121230
15400 11 2.995731 31.460026 4.271543 37.051230
15450 8 3.193361 30.614997 4.240628 38.147551
15500 8 3.211266 39.840072 4.310424 38.779668
15550 8 3.149578 30.769496 4.079415 46.429551
15600 8 3.161570 30.273425 4.126714 42.669510
15650 8 3.015574 32.241681 4.238918 46.687160
15700 9 3.343167 37.617930 4.240080 39.833883
15750 8 3.173688 38.458830 4.252718 40.613487
15800 8 3.307838 41.633750 4.276580 37.779836
15850 8 3.094136 38.125669 4.264512 39.325172
15900 9 3.150750 32.643364 4.317901 40.437609
15950 9 2.922773 40.864106 4.266379 42.730963
16000 8 2.881813 41.964417 4.325838 44.400252
16050 8 2.771468 40.616376 4.288090 46.488398
16100 9 2.751276 44.471419 4.352685 44.717431
16150 9 2.830899 39.767352 4.267254 42.845917
16200 8 2.795272 42.223025 4.252519 42.937791
16250 8 2.618711 33.622985 4.265751 43.101158
16300 8 2.976157 31.305828 4.265751 43.101158
16350 9 3.039554 40.142993 4.331447 43.036566
16400 10 3.050935 38.351049 4.310900 43.346382
16450 9 2.927459 27.270176 4.295433 43.855698
16500 8 2.456597 30.217489 4.296827 42.847900
16550 8 2.383748 27.069424 4.286002 43.948523
16600 9 2.332606 30.452227 4.354630 41.756549
16650 10 2.601431 29.108942 4.312163 41.347237
16700 9 2.552505 30.164946 4.493883 42.516566
16750 9 2.359989 31.252994 4.525269 40.065329
16800 9 2.199645 32.419007 4.635723 39.240064
16850 8 2.566888 29.636625 4.654031 38.314780
16900 8 2.489381 34.947361 4.640478 38.695550
16950 8 2.917342 31.185452 4.690320 38.747494
17000 7 2.871845 34.373144 4.695826 39.148988
17050 8 2.713165 32.039551 4.696990 41.697524
17100 6 2.940586 20.309791 4.707617 41.127272
17150 8 2.817343 22.688243 4.654245 40.554468
17200 7 2.704193 29.363090 4.638398 39.753903
17250 8 2.634473 32.396420 4.556041 40.714307
17300 8 2.388630 29.095096 4.546274 40.544462
17350 8 2.709594 26.414970 4.519757 40.950384
17400 9 2.269672 29.918279 4.477071 41.596371
17450 8 2.605971 32.877236 4.487874 42.286076
17500 9 2.535740 35.246326 4.486236 41.696940
17550 9 2.762122 35.055533 4.474672 41.442080
17600 8 2.940787 33.226488 4.457664 42.488700
17650 8 2.903288 33.760056 4.481573 43.858636
17700 9 3.204305 41.095943 4.419381 44.844531
17750 9 2.828361 43.364601 4.404790 39.420197
17800 9 2.584781 38.882641 4.362225 42.295660
17850 9 2.849339 38.477904 4.247553 49.476094
17900 9 3.107915 38.439469 4.318174 44.970887
17950 8 3.011463 34.543306 4.367625 43.079739
18000 8 3.095029 36.724778 4.309453 46.107181
18050 8 2.979725 40.502883 4.319380 43.965210
18100 8 2.841218 36.004802 4.267185 40.502312
18150 8 3.081557 34.655485 4.385474 41.692740
18200 8 3.174262 38.151184 4.410810 39.459176
18250 8 2.939602 36.862679 4.356150 42.165696
18300 9 2.686287 36.185253 4.368826 36.142303
18350 9 2.801740 40.288244 4.367061 43.657894
18400 8 3.325542 39.408236 4.460091 36.381832
18450 9 2.982418 45.668341 4.388853 41.235674
18500 9 3.162395 39.230166 4.347443 39.714748
18550 8 2.649153 45.846655 4.248174 41.633764
18600 11 2.725587 49.620545 4.305017 42.954593
18650 9 2.960443 47.162582 4.253471 43.307314
18700 8 3.272253 45.401126 4.257160 42.475192
18750 8 3.228161 39.301108 4.244313 41.522276
18800 8 3.358881 34.348101 4.269734 45.811534
18850 8 3.390158 32.276620 4.248028 41.200640
18900 8 3.471700 32.925552 4.199667 40.773601
18950 8 3.423406 36.004720 4.155429 39.281521
19000 8 3.315631 35.423103 4.214078 42.668823
19050 8 3.573959 41.871758 4.125301 42.112018
19100 9 3.694628 34.685109 4.032194 37.843872
19150 8 3.652782 38.971654 4.057162 40.992422
19200 8 3.856395 37.341539 3.919928 38.960812
19250 9 3.756614 43.820020 3.874566 43.685205
19300 8 3.584135 50.608913 3.883521 44.573861
19350 8 3.500824 38.762228 3.928087 48.947600
19400 8 3.499462 44.164711 3.905282 48.627843
19450 8 3.806506 45.736828 3.955878 42.115069
19500 8 3.708517 51.477064 3.941465 42.540878
19550 9 3.699718 47.749153 3.827181 45.423496
19600 8 3.668023 45.773149 3.796295 48.760627
19650 8 3.777853 46.030044 3.809298 47.976021
19700 9 3.828890 44.482531 3.938085 47.438571
19750 8 3.522187 41.900206 3.974748 40.709507
19800 8 3.845550 43.020846 4.097387 38.247937
19850 8 3.791819 44.956952 4.075094 42.934700
19900 8 3.942579 39.851403 4.113218 41.499129
19950 9 3.525341 44.419965 4.078159 41.183544
20000 8 3.840365 34.480453 4.188076 32.357069
20050 8 3.559421 40.990404 4.162002 38.812537
20100 9 3.609962 34.537535 4.198090 38.929696
20150 8 3.301533 39.966620 4.183259 36.791086
20200 8 2.997609 42.367047 4.292953 39.959123
20250 9 3.025959 43.556322 4.303626 38.465997
20300 9 3.070275 40.824927 4.373936 44.558859
20350 9 3.013506 39.973473 4.384070 44.731099
20400 8 3.047044 38.858249 4.345533 42.534495
20450 9 3.114637 46.571104 4.154239 37.837619
20500 8 3.431842 44.944430 4.151263 44.551942
20550 8 3.126470 35.985522 4.199415 40.247315
20600 8 3.155669 42.166819 4.241579 41.318257
20650 9 3.195999 39.944968 4.178322 46.096317
20700 10 2.828157 38.732637 4.251990 41.977078
20750 8 2.704405 35.617004 4.305814 46.358635
20800 8 2.691970 33.341226 4.334162 40.033414
20850 9 2.994735 42.430623 4.408257 40.066790
20900 9 3.168660 36.900424 4.455068 33.822057
20950 9 3.008250 34.717710 4.411168 36.771793
21000 9 3.070038 31.802249 4.383740 34.127226
21050 7 2.804591 33.034276 4.451069 46.508834
21100 9 2.710419 28.647119 4.412261 43.479082
21150 8 2.631421 35.142855 4.479538 38.973249
21200 8 2.554027 33.651046 4.386135 46.199182
21250 9 2.599457 34.454652 4.291908 33.849156
21300 8 2.703445 37.953064 4.352012 52.738542
21350 10 2.366602 43.803105 4.319712 49.566791
21400 8 2.477611 37.474636 4.395478 46.039473
21450 9 2.468819 36.942632 4.342834 43.626117
21500 8 2.454537 44.373962 4.350380 48.827763
21550 9 2.192866 48.798993 4.372080 56.492081
21600 8 2.397032 52.729878 4.438427 46.232801
21650 8 2.286248 37.368645 4.358677 49.630751
21700 9 2.167095 37.500572 4.306779 45.152473
21750 8 2.136474 47.256943 4.309769 48.848221
21800 9 2.238699 47.763216 4.291547 46.145837
21850 9 2.307295 42.875594 4.333876 47.391672
21900 9 2.570343 45.736457 4.323582 42.421277
21950 9 2.624983 37.831852 4.234259 50.375698
22000 8 2.982820 48.708849 4.362597 43.972635
22050 9 2.834506 42.984749 4.393358 41.783762
22100 7 2.941715 44.645598 4.462886 39.694687
22150 9 3.021159 44.964653 4.472921 39.665930
22200 8 2.937813 37.962467 4.500545 40.513915
22250 8 2.624253 48.308185 4.348365 46.080474
22300 9 2.848861 39.038842 4.324583 41.397519
22350 9 2.615521 39.236908 4.432241 40.881039
22400 9 2.853264 51.122446 4.419483 40.163764
22450 8 2.732511 53.926338 4.378250 41.488723
22500 9 2.807813 54.620137 4.379527 41.007557
22550 8 3.142584 51.557336 4.159119 42.016285
22600 10 3.102052 50.431880 4.113936 40.156880
22650 8 3.316594 43.636592 4.177670 42.781295
22700 9 3.128336 42.830502 4.130203 44.215972
22750 11 3.420921 44.238925 4.179243 42.060454
22800 8 3.436387 46.059983 4.278230 43.719178
22850 9 3.679138 47.227701 4.314433 35.849480
22900 9 3.749080 47.603032 4.233937 38.960025
22950 8 3.952176 48.628447 4.247634 34.453609
23000 9 3.730969 52.502458 4.182978 38.300211
23050 10 3.604600 50.808005 4.171413 38.421849
23100 8 3.706371 47.082649 4.152694 38.898689
23150 10 3.648294 40.263559 4.130257 39.120462
23200 9 3.534639 43.566792 4.091801 40.356266
23250 9 3.551293 42.578335 4.150445 40.355836
23300 10 3.321707 42.450402 4.016233 50.117055
23350 8 3.335433 46.276926 3.915954 48.487543
23400 9 3.263129 45.009398 3.998955 45.789756
23450 9 3.123948 34.973704 4.024642 40.531780
23500 9 3.225460 40.361571 3.946688 42.806748
23550 8 3.319620 45.840889 4.006570 48.455913
23600 8 3.077032 45.371367 4.087427 49.179188
23650 8 3.335896 37.079451 4.068455 44.083501
23700 9 3.163838 33.793519 4.119764 43.799846
23750 8 3.220160 33.106440 4.152973 47.494182
23800 8 3.263456 35.058340 4.097187 42.971926
23850 8 3.202699 34.634586 4.158545 44.393107
23900 9 3.108423 35.952950 4.191991 46.153575
23950 8 3.064699 37.176440 4.238651 43.714481
24000 8 3.070458 35.683732 4.240842 47.477358
24050 9 2.970890 34.725717 4.265134 47.732177
24100 8 2.931439 33.915971 4.294122 44.229451
24150 8 2.877396 36.619697 4.238163 41.578127
24200 8 3.137991 38.714569 4.198828 45.598095
24250 8 2.918372 43.101672 4.094543 44.667252
24300 9 2.785866 37.267008 4.018984 43.424551
24350 9 2.836577 33.557018 3.982243 47.605357
24400 9 2.801237 33.770168 4.030616 50.651914
24450 8 2.945684 41.017529 4.011565 53.174117
24500 8 2.987010 44.593710 4.035302 49.489779
24550 9 3.207049 37.943459 3.959115 47.619293
24600 10 3.265452 36.204920 4.008048 47.947169
24650 8 3.113343 33.668369 3.946730 47.362628
24700 9 3.202982 25.097365 4.012178 48.704508
24750 8 3.284435 30.696445 4.006077 46.523074
24800 8 3.118528 28.132643 3.990548 44.210400
24850 9 2.971445 30.165269 3.994236 48.660721
24900 10 2.986875 32.978346 4.041402 55.148408
24950 9 2.838895 35.459357 4.053240 55.587072
25000 8 2.880772 28.203948 4.045450 52.507563
25050 9 2.919537 30.826901 4.151096 48.016536
25100 8 2.916093 25.209383 4.129448 45.970235
25150 9 3.060912 35.712723 4.120804 51.283502
25200 8 3.347641 33.901211 4.205797 42.416883
25250 9 3.272445 29.399344 4.170890 41.115880
25300 9 3.098547 27.514856 4.173432 39.329840
25350 8 2.971153 35.815140 4.132137 42.591450
25400 9 3.282637 35.504269 4.065945 52.194823
25450 8 3.498346 35.502104 4.126832 36.752127
25500 8 3.194165 26.931483 4.152352 42.616478
25550 8 2.843309 31.189960 4.335106 44.500517
25600 8 2.699115 30.023501 4.279856 43.288617
25650 9 3.304858 28.564486 4.264413 39.328060
25700 9 2.722864 37.895293 4.236599 47.675196
25750 9 2.975546 35.186640 4.289012 44.156413
25800 8 2.868632 34.665449 4.264036 45.235642
25850 9 2.849884 32.866510 4.245841 46.493710
25900 8 3.015538 36.067612 4.302661 44.821043
25950 8 3.056160 30.199509 4.229612 44.043173
26000 8 2.849581 30.558711 4.216400 44.480749
26050 8 2.994018 37.918664 4.262193 44.628059
26100 9 3.130988 39.892537 4.180232 45.336158
26150 9 3.056813 40.903457 4.218542 52.533063
26200 8 3.254291 46.961122 4.337289 35.534219
26250 8 3.229617 39.103402 4.342392 42.797344
26300 8 3.216922 41.132107 4.341506 41.939325
26350 8 3.287535 38.232320 4.309372 42.802651
26400 8 3.394504 41.942858 4.301711 39.287990
26450 8 3.273011 35.279606 4.353935 35.799145
26500 8 3.056081 34.224514 4.379228 41.306237
26550 8 3.150606 32.548724 4.376565 41.334607
26600 9 3.259372 36.295328 4.420728 36.418419
26650 8 3.137293 34.384028 4.418028 41.761567
26700 8 3.049706 32.096257 4.380640 36.044158
26750 9 2.619085 34.587213 4.346947 45.127295
26800 8 2.809212 29.573606 4.441145 39.987097
26850 8 2.853029 41.360001 4.307865 45.247876
26900 9 2.753127 43.732428 4.375949 42.469794
26950 9 2.675970 36.700388 4.432664 41.635543
27000 8 2.700040 30.885239 4.401878 38.638635
27050 9 2.724972 30.051040 4.393342 40.154179
27100 9 2.442546 30.066989 4.403898 40.365189
27150 8 2.949761 27.103793 4.413266 41.271705
27200 8 2.534896 30.750794 4.418453 43.004068
27250 9 2.863493 30.259605 4.378916 42.835729
27300 9 3.018779 30.486867 4.371654 43.717853
27350 9 3.237130 42.955855 4.341861 39.763060
27400 8 3.345059 41.941673 4.248011 41.992889
27450 8 3.207389 45.805540 4.103182 41.320196
27500 9 3.198962 48.364857 4.160187 40.567652
27550 9 3.525646 46.903091 4.088185 42.909599
27600 8 3.675992 41.114465 4.138254 42.258972
27650 8 3.576643 35.524366 4.170606 43.134892
27700 8 3.243075 36.392706 4.072103 45.022560
27750 9 3.083277 36.585024 4.195771 40.853852
27800 8 3.161423 36.395557 4.189638 40.340665
27850 8 2.972659 29.366422 4.254293 40.319139
27900 8 2.893730 32.063389 4.292246 39.787770
27950 9 2.723818 27.811744 4.258433 43.173434
28000 8 2.875098 27.889762 4.212216 40.724190
28050 8 2.734166 37.093838 4.183603 42.606972
28100 9 2.943010 33.607896 4.186491 41.988193
28150 8 3.057610 35.655492 4.189314 43.600735
28200 9 2.994957 28.084490 4.228266 40.936028
28250 8 3.221116 26.506723 4.209849 40.578091
28300 8 3.152827 32.028806 4.254825 39.129988
28350 8 3.206521 25.527604 4.158241 38.851770
28400 8 3.227659 26.703285 4.198810 41.927070
28450 10 3.076313 27.441690 4.132738 41.573079
28500 9 3.043057 28.704111 4.072273 45.634744
28550 9 3.142339 23.569164 4.016687 48.643428
28600 9 3.080487 26.955982 4.002586 54.233937
28650 8 3.088858 17.992253 4.080338 45.510669
28700 9 3.064329 18.207820 4.101653 46.496996
28750 8 3.370005 23.789721 4.152628 44.570281
28800 8 3.409689 21.322005 4.058744 43.419802
28850 11 3.382193 21.520781 4.029419 44.649628
28900 8 3.168865 14.460924 4.029229 48.025490
28950 9 3.075344 18.992177 4.148798 46.771043
29000 9 3.220288 23.006133 4.167946 47.254756
29050 8 3.355753 21.715102 4.156094 44.882828
29100 8 2.914251 20.949095 4.101675 46.921355
29150 8 2.900112 19.235082 4.145475 42.629394
29200 8 2.827520 18.453811 4.160094 44.652600
29250 9 3.239761 12.664093 4.138717 45.410615
29300 10 3.233004 24.825419 3.998064 45.732707
29350 8 3.428939 24.739947 3.997146 42.885277
29400 8 3.414387 21.872805 4.028168 46.993031
29450 8 3.483727 19.404263 4.060666 46.361781
29500 9 3.499388 15.494269 4.012153 49.298155
29550 9 3.391031 15.320998 4.046804 44.786597
29600 8 3.019171 17.845001 4.115994 47.169467
29650 8 3.185106 18.840097 4.147237 46.952167
29700 9 3.330381 19.731662 4.080919 40.900269
29750 9 3.395019 17.561442 4.125924 44.039371
29800 9 3.135677 25.180168 4.213904 46.216233
29850 8 3.297442 27.167555 4.223351 39.270862
29900 8 3.198747 27.654831 4.280697 43.212245
29950 8 3.476039 29.225658 4.350891 41.245038
30000 8 3.025169 30.466466 4.296657 46.288086
30050 8 3.196215 33.677892 4.241877 44.960067
30100 10 2.994686 31.384258 4.261688 44.250965
30150 8 2.844869 25.886669 4.200717 45.666937
30200 8 2.799572 28.457589 4.126160 45.128617
30250 9 2.636736 21.458276 4.078407 43.541501
30300 8 3.176579 24.883463 4.089295 44.153298
30350 9 2.827649 26.867561 4.123780 43.335927
30400 9 2.764786 33.972709 4.164204 48.642595
30450 8 2.975104 35.913899 4.138068 43.448136
30500 8 3.043651 27.774810 4.160589 40.100971
30550 9 3.787359 21.767888 4.160047 39.240630
30600 8 3.528776 31.827112 4.257469 36.599805
30650 9 3.334066 22.392457 4.245650 41.064797
30700 8 3.369125 32.371196 4.118804 43.402985
30750 8 3.442099 37.400923 4.224707 40.390153
30800 9 3.598513 33.617239 4.168675 41.243228
30850 8 3.792382 35.471208 4.061799 42.667767
30900 9 3.494999 30.169130 4.177828 43.448750
30950 8 3.629227 36.411878 4.101183 44.747285
31000 9 3.648724 39.345069 4.164505 38.654406
31050 9 3.277145 34.262108 4.197224 43.511144
31100 8 3.129848 28.235054 4.306758 49.430954
31150 8 2.764319 28.105499 4.234474 42.469725
31200 9 2.631370 32.268327 4.150069 50.331424
31250 8 2.720309 32.880349 4.122389 49.407005
31300 8 2.745113 38.017271 4.053026 45.385490
31350 8 2.808711 44.519879 4.097716 45.849221
31400 9 2.917102 37.276723 4.062275 44.385009
31450 8 3.418679 36.043815 4.054413 45.611458
31500 9 3.548491 36.990553 4.115659 43.171408
31550 8 3.357192 36.255217 4.102794 42.477916
31600 8 3.439109 44.683880 4.220362 40.191483
31650 9 3.360483 52.237049 4.171586 46.221954
31700 7 3.299744 53.170650 4.225315 43.737742
31750 8 3.068190 45.383832 4.286502 44.179858
31800 9 2.935165 46.764185 4.350246 41.700062
31850 10 2.741901 47.020351 4.369060 47.379731
31900 8 2.426859 43.235912 4.406764 43.038833
31950 9 2.310160 39.054576 4.337899 48.113714
32000 9 2.383835 46.134144 4.254566 46.642373
32050 8 2.558795 44.304076 4.178993 52.600451
32100 8 2.451974 47.304381 4.093657 54.879586
32150 8 2.745157 54.771780 4.118502 49.425519
32200 8 2.662238 48.779330 4.149161 46.137107
32250 9 2.737996 48.081533 4.280010 40.056527
32300 9 3.107919 51.967104 4.274837 40.237197
32350 8 2.818828 40.885488 4.219505 41.570289
32400 9 2.905345 48.217075 4.242246 45.281468
32450 9 2.744261 54.655425 4.192852 37.805490
32500 8 3.242522 46.629823 4.160850 43.174672
32550 8 3.218826 41.389194 4.212266 44.785134
32600 9 3.185294 44.247757 4.165522 40.150707
32650 10 3.081909 41.984135 4.169461 45.230800
32700 9 3.224582 52.543808 4.081104 46.607753
32750 8 3.534703 52.000456 4.141894 41.966420
32800 8 3.835975 52.555778 4.133532 38.770543
32850 9 3.524251 51.832728 4.072448 39.764155
32900 8 3.424237 48.998873 3.980228 47.448204
32950 8 3.347408 51.008628 3.984976 51.546409
33000 8 3.208355 51.971564 4.052499 47.454347
33050 9 3.155416 39.928027 4.147415 47.290875
33100 9 3.139868 47.713707 4.092271 46.573678
33150 8 3.328908 43.128384 4.102133 47.083516
33200 8 2.994538 44.952845 4.129501 44.887112
33250 8 3.083984 45.470573 4.117781 44.789046
33300 9 3.047209 48.135474 4.179282 44.404109
33350 8 3.205420 43.833237 4.204379 45.540647
33400 9 3.238379 47.458856 4.209692 42.505969
33450 9 3.431403 50.830163 4.156533 42.435387
33500 9 3.339553 45.248123 4.178431 47.460744
33550 8 3.467860 38.208498 4.099274 46.970874
33600 9 3.477196 39.389620 4.055692 43.371656
33650 8 3.421528 47.671449 4.036341 46.492067
33700 8 3.338203 51.498453 4.028082 43.908856
33750 8 3.549787 48.603016 4.040223 42.140802
33800 9 3.356997 42.866052 4.104741 45.062494
33850 8 3.349564 51.691157 4.108814 42.935463
33900 8 3.244333 54.416931 4.111922 46.220447
33950 8 3.264907 47.540627 4.143663 40.166774
34000 8 3.294183 40.043406 4.190368 37.978083
34050 10 3.189649 46.659372 4.202081 39.062841
34100 8 3.200025 47.607601 4.200270 39.690469
34150 9 2.995879 47.840702 4.191102 45.596418
34200 8 3.045427 51.316094 4.257623 42.635430
34250 8 3.179133 51.898355 4.136830 42.252387
34300 8 3.424939 52.584784 4.078896 42.769035
34350 8 3.352579 50.163744 3.960089 45.283803
34400 9 3.490433 55.730830 4.033977 42.799877
34450 8 3.629820 56.117973 4.077337 42.522053
34500 8 3.787214 51.028610 4.103787 39.087940
34550 10 3.475494 48.394524 4.110573 41.036871
34600 8 3.275808 47.494500 4.058347 45.712390
34650 9 3.217076 49.511350 4.108646 42.263491
34700 8 3.173030 50.460423 4.150956 40.144128
34750 9 3.401478 45.941684 4.124889 42.559369
34800 9 3.206641 48.619723 4.177812 49.874942
34850 9 3.027878 51.255979 4.189706 46.267299
34900 8 3.018539 45.384713 4.237716 44.912002
34950 8 3.173027 57.899704 4.177597 42.679978
35000 8 3.106451 52.003023 4.133229 44.760768
35050 8 3.313477 49.560694 4.021363 43.527258
35100 8 3.070698 50.184725 4.040884 46.835310
35150 9 2.990641 52.533422 4.056626 46.677883
35200 8 3.255043 48.014634 4.002611 49.374400
35250 9 3.194997 51.149058 3.943340 53.459210
35300 9 3.091473 44.821768 3.979233 51.648535
35350 8 3.379880 44.053684 3.982370 41.246197
35400 8 3.350469 47.154090 3.992134 46.062562
35450 9 3.390407 39.481249 3.947665 52.288981
35500 8 3.159207 41.512360 3.964361 40.641934
35550 8 3.323603 47.067629 3.974390 43.021152
35600 8 3.852276 51.005678 4.010352 45.561170
35650 8 3.961538 51.708978 3.989392 42.336329
35700 9 3.432141 51.413760 4.032314 45.314492
35750 8 3.276447 52.144957 4.047816 42.910409
35800 8 3.361711 52.005618 4.080057 51.097149
35850 7 3.434364 50.306307 4.190671 45.753381
35900 9 3.415413 51.189191 4.221872 40.709658
35950 8 3.303268 52.716715 4.177780 41.427199
36000 8 3.384057 53.083539 4.286858 43.530881
36050 9 3.411233 52.954472 4.323410 40.733572
36100 9 3.506268 52.378803 4.284807 37.890432
36150 9 3.486691 53.821182 4.238883 36.861775
36200 9 3.424460 50.381121 4.214601 42.048583
36250 8 3.649322 50.328446 4.141589 41.558782
36300 9 3.405035 49.703897 4.123410 43.207808
36350 9 3.134969 47.119918 4.205754 46.838358
36400 9 3.056226 49.784068 4.122941 46.348008
36450 9 3.075546 49.906881 4.181935 40.509484
36500 8 3.224295 51.976530 4.105708 41.886362
36550 8 3.208618 55.771958 4.056161 45.547378
36600 9 3.058751 61.259454 4.097001 54.583477
36650 8 2.953588 51.052644 4.202112 47.450268
36700 8 2.924147 48.197900 4.219654 45.828574
36750 8 2.792032 45.231106 4.218061 47.293301
36800 8 2.947693 44.281037 4.144974 44.791434
36850 9 2.838410 45.576179 4.159831 49.324853
36900 8 2.806498 46.631245 4.143738 49.019922
36950 9 3.059521 49.545907 4.137654 46.260577
37000 8 3.216213 51.658659 4.149987 46.518121
37050 8 3.253577 51.837466 4.093021 45.681539
37100 9 3.241791 49.939690 4.111074 46.016018
37150 8 3.187024 51.486595 4.161599 46.617539
37200 8 3.436675 55.736503 4.178007 47.725585
37250 10 3.182975 53.195804 4.194176 47.308798
37300 9 3.051217 53.992313 4.213297 46.070229
37350 10 3.160467 47.561855 4.202600 48.275858
37400 9 3.432182 44.948292 4.107886 49.227607
37450 9 3.080581 41.376359 4.064929 49.465819
37500 8 2.915809 43.014905 4.085232 49.078178
37550 9 2.730028 35.626635 4.078105 49.601303
37600 8 2.689798 43.897406 4.069367 49.288009
37650 10 2.521889 38.665114 4.074591 48.522725
37700 9 2.726526 47.513391 4.074547 48.374881
37750 9 3.124026 36.631914 4.088535 48.541409
37800 8 3.091480 36.276213 4.063418 48.537505
37850 8 2.924859 40.804899 4.063418 48.537505
37900 8 3.249600 39.260501 4.063418 48.537505
37950 9 2.754912 44.494575 4.067135 48.281847
38000 9 2.675223 38.833911 4.061246 48.325952
38050 9 2.526126 44.668725 4.061246 48.325952
38100 9 2.640601 49.196803 4.131075 48.322116
38150 9 2.779878 48.811915 4.138124 48.499243
38200 8 2.853099 43.694806 4.115938 48.513179
38250 9 2.861164 49.347697 4.142987 48.645864
38300 8 2.975332 50.690727 4.168428 48.672684
38350 8 3.023529 44.848132 4.168428 48.672684
38400 8 2.899725 39.269982 4.168428 48.672684
38450 8 2.743907 44.889546 4.168428 48.672684
38500 8 2.932189 42.711035 4.168428 48.672684
38550 8 2.994932 35.970573 4.149420 48.340131
38600 8 3.018997 38.662977 4.168609 48.707346
38650 8 3.039107 31.086944 4.168609 48.707346
38700 8 2.662602 25.827937 4.192873 48.610716
38750 8 2.833963 26.189834 4.214878 49.124054
38800 8 2.770752 27.026333 4.231332 48.838336
38850 9 2.715857 29.688259 4.225067 48.852320
38900 9 2.725306 29.603595 4.196991 48.555954
38950 8 2.726064 30.537152 4.251348 49.166120
39000 8 2.863154 32.174022 4.219189 50.051300
39050 9 2.875676 28.253649 4.233497 44.547805
39100 9 2.462914 30.234730 4.246325 47.558886
39150 8 2.328099 25.050590 4.171323 49.055542
39200 9 2.421657 22.769248 4.168168 56.917821
39250 9 2.580253 29.333649 4.288801 45.741209
39300 8 2.756271 32.711058 4.231065 47.098923
39350 9 2.769380 34.880457 4.127267 46.532429
39400 8 2.702623 34.321200 4.102404 47.515931
39450 9 2.654853 32.281133 4.126272 47.106913
39500 8 2.673833 30.318113 4.165498 47.022560
39550 9 2.905829 32.291936 4.173934 47.120073
39600 8 3.212984 28.810765 4.149196 44.973397
39650 9 3.199408 30.294590 4.199738 45.817828
39700 9 3.150820 35.523552 4.172831 45.518226
39750 8 3.247424 32.229455 4.202943 45.347088
39800 8 3.198140 34.371828 4.150627 45.474243
39850 8 3.083168 36.859609 4.130148 45.259470
39900 8 2.932141 38.219041 4.130148 45.259470
39950 9 2.889932 39.752366 4.130148 45.259470
40000 8 2.990303 44.048217 4.130148 45.259470
40050 8 3.173121 33.898244 4.130148 45.259470
40100 8 3.224021 34.423681 4.112030 45.099660
40150 8 3.406381 41.131856 4.110124 45.065915
40200 9 3.213525 42.744919 4.110124 45.065915
40250 9 3.179716 33.672102 4.132806 45.147671
40300 8 3.185967 33.955612 4.157501 45.120679
40350 8 2.835675 34.742800 4.157501 45.120679
40400 8 2.822830 33.962397 4.157501 45.120679
40450 8 3.332639 39.951660 4.143521 45.173706
40500 8 3.156426 38.281101 4.143521 45.173706
40550 8 3.080485 32.986061 4.172556 45.034426
40600 11 3.179187 35.390990 4.172556 45.034426
40650 9 3.079067 31.266975 4.172556 45.034426
40700 8 3.177005 37.901104 4.172556 45.034426
40750 9 3.117797 30.759049 4.172556 45.034426
40800 8 3.070550 32.849107 4.172556 45.034426
40850 9 3.294798 36.107068 4.162215 45.152827
40900 8 2.915860 33.272128 4.127236 45.235473
40950 9 3.078232 29.745532 4.127236 45.235473
41000 8 3.160031 22.850434 4.141743 45.234349
41050 8 3.135937 24.147168 4.141743 45.234349
41100 10 3.169146 19.938273 4.112950 45.144357
41150 9 3.291071 27.368093 4.112950 45.144357
41200 8 3.244451 33.135760 4.112950 45.144357
41250 10 3.272187 29.410070 4.109120 45.380566
41300 9 3.286726 25.609208 4.109120 45.380566
41350 8 3.288957 31.777958 4.097362 45.139189
41400 8 3.141327 35.244351 4.057032 45.206672
41450 8 3.080612 38.712970 4.057032 45.206672
41500 8 3.147562 44.359385 4.114719 45.616427
41550 8 3.224987 48.437721 4.114719 45.616427
41600 9 3.149115 49.610072 4.099371 45.537610
41650 8 3.193565 42.369356 4.144434 45.317757
41700 8 3.260182 40.391946 4.144434 45.317757
41750 9 3.184953 40.450363 4.154123 45.567504
41800 8 3.069906 42.497110 4.154123 45.567504
41850 9 3.023882 43.567455 4.158829 45.351354
41900 8 2.759707 47.393838 4.190310 45.462457
41950 8 2.697843 42.447660 4.190310 45.462457
42000 8 2.882552 46.078339 4.191355 45.659823
42050 10 2.879170 37.950991 4.218402 45.569453
42100 10 3.033728 36.685653 4.202061 45.644825
42150 9 3.179450 39.345636 4.203588 45.734688
42200 8 2.891447 50.018355 4.228561 45.728475
42250 8 2.945722 43.711820 4.225892 45.528843
42300 8 2.959798 49.157531 4.276293 45.869362
42350 8 2.899036 40.694659 4.269476 45.758783
42400 9 2.711230 44.225612 4.269476 45.758783
42450 8 2.759050 45.843910 4.264304 47.132441
42500 9 2.436240 42.541725 4.297069 46.128329
42550 9 2.275523 42.720333 4.250629 56.034411
42600 10 2.405325 44.424082 4.199935 47.081468
42650 9 2.580233 43.382530 4.244110 43.917094
42700 8 2.392449 42.699753 4.236959 55.930756
42750 8 2.497329 44.110851 4.071728 55.118283
42800 8 2.432585 45.728644 4.230685 51.333104
42850 9 2.715241 43.585335 4.206607 45.129767
42900 10 2.642483 42.606538 4.206705 52.733561
42950 9 2.581079 47.111599 4.305435 41.414156
43000 9 2.720820 44.742347 4.251506 44.908377
43050 8 2.648562 50.852304 4.218686 45.356990
43100 9 2.951011 43.355450 4.173328 44.611375
43150 9 3.013627 52.454688 4.093821 44.684311
43200 8 2.822596 57.103911 4.180931 41.389255
43250 8 2.633302 48.235601 4.363484 43.058204
43300 9 2.852029 47.619898 4.326056 43.518779
43350 8 2.977552 43.587557 4.315387 41.621382
43400 10 2.926761 37.685190 4.271650 36.873173
43450 8 3.329501 37.366738 4.243821 39.585704
43500 8 3.198305 45.873992 4.193935 41.238211
43550 8 3.123018 48.123994 4.152569 43.295272
43600 8 3.290838 43.630642 4.211758 40.406822
43650 8 3.320693 39.179298 4.274320 44.627152
43700 9 3.013087 41.880839 4.327616 41.618106
43750 8 2.838607 41.704282 4.317778 45.135377
43800 8 2.315929 37.029678 4.321434 48.435907
43850 8 2.383375 32.325491 4.426949 47.713648
43900 8 2.680881 37.311816 4.299853 38.423638
43950 9 2.942620 36.075454 4.371000 41.385699
44000 8 2.984262 38.549310 4.387506 38.308208
44050 9 3.059313 46.154969 4.271589 43.060263
44100 9 3.130368 45.645754 4.174076 38.197332
44150 8 3.364390 43.423849 4.159870 41.218118
44200 8 3.534188 43.767297 4.088243 41.435054
44250 8 3.462787 48.184678 4.149285 40.592103
44300 8 3.152232 44.765253 4.114593 43.373807
44350 8 3.112321 46.487727 4.173372 44.602470
44400 9 3.188788 43.383276 4.171010 43.502658
44450 8 3.308931 46.074204 4.183058 39.655213
44500 8 3.027596 46.979152 4.141196 41.755558
44550 8 3.312147 56.352329 4.169604 37.745460
44600 8 3.060357 50.083917 4.193960 41.993017
44650 9 2.976568 46.712301 4.194731 42.813398
44700 9 3.493311 45.610871 4.176115 43.518349
44750 8 3.265758 47.895412 4.246776 45.753501
44800 9 3.461521 53.077857 4.111317 41.459524
44850 8 3.581965 54.657176 4.114544 45.257364
44900 9 3.580500 51.718761 4.007899 43.341173
44950 9 3.698088 52.756486 4.028011 37.083000
45000 9 3.795660 55.068307 4.038207 39.748413
45050 9 3.500307 58.681468 4.053829 43.735453
45100 7 3.441050 55.747315 4.190602 46.650092
45150 8 3.175936 55.451488 4.206622 38.176651
45200 8 3.047157 55.742429 4.172736 52.402012
45250 8 3.046344 59.428765 4.091126 50.790702
45300 9 2.918283 60.553475 4.037745 46.343842
45350 8 2.947273 55.915175 4.013609 49.275539
45400 8 2.910032 47.420238 3.988250 50.295927
45450 8 3.061315 54.056228 3.998649 47.157476
45500 10 3.078705 49.397422 3.933051 54.577316
45550 9 3.011294 49.208312 3.999088 53.383507
45600 10 2.889869 50.519542 4.051638 56.035648
45650 8 2.965014 48.143291 4.021040 53.792869
45700 9 3.113748 43.733361 4.053557 48.579115
45750 7 2.854902 46.344777 4.110203 62.997585
45800 9 2.927858 43.963042 4.133111 41.786868
45850 9 2.810488 37.884639 4.137341 48.483583
45900 9 2.923872 43.543013 4.053931 52.242253
45950 8 3.005623 43.319518 4.122012 43.334639
46000 9 2.847260 39.822939 4.028233 52.374995
46050 10 3.136537 34.400117 4.055310 48.621497
46100 8 3.143041 38.491438 4.021312 53.463936
46150 8 3.240906 47.062428 3.949700 51.873007
46200 8 3.200923 37.940128 3.981705 51.329961
46250 9 3.347870 27.640230 3.981223 50.958648
46300 9 2.863353 33.829352 4.006730 51.209737
46350 9 2.957541 40.937425 3.974745 50.748024
46400 10 2.926348 33.292783 3.994987 50.107039
46450 9 2.751894 40.869382 4.082729 51.057099
46500 9 2.871497 39.862551 4.114865 52.006552
46550 8 2.857236 38.131918 4.084300 51.830915
46600 9 2.765951 42.385310 4.152823 54.016585
46650 8 2.737301 43.779243 3.995864 52.596023
46700 8 2.640885 37.522384 4.037778 56.596362
46750 8 2.650414 37.921567 3.977982 55.013483
46800 8 2.691074 44.050187 3.947394 64.623611
46850 8 2.322405 49.443230 3.932710 63.229949
46900 9 2.297568 42.693741 4.012882 61.555301
46950 9 2.605973 43.263300 4.110526 50.821724
47000 8 2.948142 41.243580 4.191582 44.347173
47050 8 2.822280 42.729906 4.067371 50.724477
47100 8 3.143795 42.836303 4.040265 48.613435
47150 8 2.980165 41.355496 4.029284 53.844426
47200 9 2.953381 37.828087 4.112527 47.650237
47250 8 3.096201 46.463854 4.032314 51.072988
47300 8 3.198232 39.343733 3.997880 46.060884
47350 8 3.411590 36.209312 4.032573 48.725640
47400 10 3.079901 35.231069 4.105945 47.411385
47450 8 3.386208 29.969666 4.100946 47.472400
47500 9 3.154791 29.848036 4.114595 48.060504
47550 8 3.149995 34.504265 4.165475 46.525408
47600 8 3.068563 34.555544 4.187154 46.639868
47650 9 3.058892 34.330839 4.202990 48.669406
47700 10 2.726364 37.437299 4.247708 45.532393
47750 8 2.838656 40.194379 4.250037 46.414446
47800 8 2.917921 31.554130 4.222533 46.810104
47850 8 2.867831 36.333659 4.165289 49.304735
47900 7 2.692445 36.694197 4.205907 51.707132
47950 8 3.022650 25.270252 4.171371 49.425400
48000 8 2.934500 31.031179 4.188241 44.980624
48050 8 2.752097 27.164481 4.244399 44.964835
48100 8 2.923728 27.534005 4.315139 44.716372
48150 8 3.073416 35.717068 4.393691 43.786350
48200 8 2.828410 36.071050 4.325675 55.904838
48250 9 2.868721 41.993329 4.392587 40.901277
48300 8 2.536187 36.823464 4.380215 50.932124
48350 8 2.306011 36.610320 4.378549 45.992173
48400 8 2.745724 33.768246 4.351226 42.555595
48450 8 3.042133 35.886594 4.375210 40.692318
48500 9 2.922435 39.643198 4.370516 43.300267
48550 8 2.514606 31.068504 4.315925 43.270849
48600 9 2.750915 32.780515 4.339374 50.645339
48650 8 2.878716 35.325036 4.325197 37.611582
48700 9 2.452359 37.007927 4.251082 43.475020
48750 8 2.418048 32.694313 4.269892 46.031243
48800 9 2.265349 39.193130 4.268540 48.662917
48850 8 2.306268 32.160965 4.296599 45.263154
48900 8 1.944336 32.476096 4.390228 59.788884
48950 10 2.233334 31.660157 4.328718 45.000370
49000 8 2.341993 34.245869 4.250437 45.734344
49050 8 2.336609 38.865664 4.317373 49.240086
49100 10 2.379797 39.136334 4.307387 42.061465
49150 8 2.780437 38.615428 4.287054 41.553625
49200 9 2.944210 37.532303 4.327085 42.671467
49250 8 3.025194 37.537177 4.366717 42.633338
49300 11 2.832315 35.018096 4.387955 41.708151
49350 9 3.037235 32.847431 4.351179 43.180568
49400 9 2.907783 38.009538 4.309226 42.107393
49450 9 3.143629 33.988605 4.141746 49.522384
49500 8 3.228399 44.856282 4.176532 40.515218
49550 9 3.182583 40.194232 4.270484 40.936383
49600 10 3.185707 44.800039 4.193984 39.598904
49650 8 3.084959 47.269402 4.166741 42.083254
49700 8 3.005310 46.772307 4.131905 42.907138
49750 8 3.004428 41.373343 4.134847 43.145676
49800 8 2.922568 37.155873 4.133139 49.409563
49850 8 3.269381 40.702130 4.177577 50.387302
49900 9 3.301631 38.730578 4.098984 41.095018
49950 8 3.324268 42.106302 4.057077 42.263455
