0 3 2.810000 24.519140 4.200000 20.000000
50 6 2.635017 25.213641 4.243402 35.488668
100 7 2.537726 25.372560 4.204616 50.331142
150 7 2.889556 25.131962 4.179386 41.459823
200 7 2.889583 25.265793 4.191151 36.846779
250 7 2.755557 25.643592 4.179932 42.141247
300 7 2.955577 25.550460 4.190973 47.455794
350 9 2.752745 24.913839 4.203954 39.695523
400 8 2.844401 25.105133 4.192814 41.145752
450 8 2.807451 25.293559 4.072298 44.318799
500 7 2.851663 25.155948 4.113801 51.816964
550 8 2.750179 24.496723 4.112525 44.736003
600 7 2.495658 24.813123 4.011266 48.053897
650 8 2.768569 24.428073 3.882871 55.379542
700 8 2.461459 24.315222 3.922658 59.492287
750 7 2.438937 23.677619 4.019635 52.634298
800 10 2.244100 24.381360 4.013261 49.847153
850 10 2.424879 24.079017 4.054197 47.214540
900 7 2.482426 24.492387 4.113454 45.577614
950 8 2.555380 22.983644 4.210810 40.178339
1000 9 2.670495 23.748961 4.052400 37.882983
1050 9 2.412951 25.293268 4.170100 44.909378
1100 7 2.917807 25.391689 4.109658 41.853881
1150 8 2.952218 25.967820 4.057744 44.169102
1200 8 3.047736 25.715241 4.045875 45.773362
1250 7 2.976499 25.657338 4.160368 47.925425
1300 7 2.970748 25.644782 4.193328 46.152183
1350 8 2.753968 26.456278 4.055950 43.509467
1400 8 2.887181 31.916035 3.945457 50.176102
1450 8 3.037808 31.241118 3.952850 48.446748
1500 8 3.059345 34.055751 4.001434 46.458265
1550 7 3.070670 31.527875 3.978239 44.867547
1600 9 3.183532 29.689243 3.920068 47.307909
1650 9 3.159942 31.055722 3.860591 47.746361
1700 7 3.164798 28.057584 3.865212 47.834691
1750 9 3.005138 31.099970 3.857052 47.576709
1800 10 2.953121 24.820605 3.837161 47.792295
1850 9 2.731641 31.335850 3.859935 49.632276
1900 7 3.432072 31.386757 3.869569 49.989612
1950 9 3.085786 26.478043 3.890941 46.554399
2000 8 2.901966 27.774336 3.945168 46.943017
2050 7 3.036646 25.995299 3.964778 42.957731
2100 8 3.000331 28.739735 3.852009 51.930423
2150 7 3.068773 32.858857 3.908822 49.398031
2200 8 3.040322 36.151090 3.964632 42.255252
2250 7 2.917296 31.858954 3.845026 43.783773
2300 9 2.894952 32.006855 3.888227 42.894097
2350 12 2.409015 31.393708 3.829396 44.746401
2400 8 2.808445 31.814576 4.030828 47.744816
2450 8 2.688409 28.403808 3.975017 44.140065
2500 8 3.181461 31.913577 3.931197 49.428523
2550 9 2.934319 31.346637 3.775790 56.406127
2600 8 2.999070 32.018941 3.780274 58.641746
2650 8 3.142848 32.226705 3.878386 61.085828
2700 8 2.884226 33.324289 3.943133 48.529025
2750 7 3.032550 34.220022 3.921203 51.570623
2800 8 3.421252 32.834326 4.051537 37.674007
2850 8 3.291241 32.682078 3.970809 44.661312
2900 8 3.281995 32.390528 3.942688 47.065325
2950 8 3.452656 32.874500 3.774417 48.791199
3000 9 3.353285 32.535481 3.658631 51.847737
3050 8 3.444567 32.858276 3.656194 54.815880
3100 8 3.778475 32.362003 3.759160 49.899784
3150 7 3.907193 32.812524 3.980341 33.139318
3200 7 3.921368 32.660332 4.025177 44.690154
3250 7 3.808843 32.964577 3.889900 40.267906
3300 7 3.775817 32.271748 3.921554 39.172151
3350 7 3.592886 32.115320 3.764261 38.727438
3400 7 3.565361 32.446798 3.722666 45.690436
3450 8 2.928802 32.814355 3.895730 41.377723
3500 7 3.013828 31.775184 3.930575 45.453124
3550 7 3.382003 32.725899 3.946167 43.793896
3600 7 3.290285 32.997304 3.955997 44.604294
3650 7 3.431143 32.935460 3.975381 44.123844
3700 7 3.689970 33.417228 3.850754 45.089778
3750 7 3.773977 33.840521 3.872371 43.094423
3800 7 3.694879 33.842050 3.930830 38.873570
3850 9 3.749655 33.054491 3.919726 44.622220
3900 7 3.629569 33.030614 3.944976 49.454334
3950 7 3.494040 34.001713 4.070191 42.602565
4000 8 3.391219 32.201059 3.986673 33.865731
4050 7 3.436991 33.702255 4.015099 47.012401
4100 8 3.368665 33.014422 3.954602 44.102304
4150 8 3.163838 31.488492 3.908158 43.700000
4200 8 3.122445 33.914480 3.863008 47.019519
4250 7 3.327752 33.101736 3.934456 44.841373
4300 8 3.737508 32.075319 3.923373 47.015332
4350 8 3.857008 34.452119 3.913374 44.967064
4400 8 3.272588 31.905637 3.930844 45.454623
4450 7 2.862904 31.103351 3.876605 46.103983
4500 10 2.643068 34.858866 3.870870 45.658666
4550 9 2.503259 29.706791 3.913825 46.824629
4600 8 2.798852 27.468968 3.859964 47.248948
4650 8 2.771857 28.827638 3.885344 48.147058
4700 8 3.365144 29.636643 3.862938 47.739229
4750 8 3.272572 30.097636 3.828130 46.948354
4800 8 3.498074 32.137221 3.852341 47.302327
4850 8 3.633823 31.089092 3.852341 47.302327
4900 7 3.636768 32.356596 3.852341 47.302327
4950 7 3.696350 38.823827 3.857974 47.384940
5000 7 3.703888 38.884610 3.857974 47.384940
5050 7 3.590598 33.335391 3.857974 47.384940
5100 8 3.555943 34.942127 3.857974 47.384940
5150 7 3.479315 29.322167 3.828029 47.587211
5200 8 3.724669 27.427450 3.858161 47.775352
5250 7 3.598781 31.899657 3.858161 47.775352
5300 7 3.459896 31.023759 3.874849 47.703365
5350 7 3.325196 35.016391 3.874849 47.703365
5400 8 3.624208 35.601841 3.878883 47.642379
5450 7 3.530993 37.350462 3.916394 47.362847
5500 7 3.386614 39.654549 3.953970 46.545258
5550 8 3.307873 43.448639 3.997719 46.459477
5600 7 3.176389 41.189453 3.964361 47.910919
5650 8 3.073049 37.778181 3.885139 48.012109
5700 9 3.069667 38.720399 3.930667 43.935413
5750 8 3.307252 45.676641 3.921149 41.306815
5800 9 3.141488 42.129489 3.983846 40.147801
5850 9 3.837220 41.121405 3.928047 37.907223
5900 7 3.849769 43.505648 3.941795 44.045974
5950 9 3.850377 47.055087 3.972209 40.385099
6000 9 3.761679 45.768479 4.005733 37.836743
6050 9 3.826938 43.185579 3.995569 38.949261
6100 7 3.562985 44.238918 3.992790 41.714423
6150 7 3.445882 40.891430 3.998350 43.402465
6200 8 3.168645 39.567037 3.998350 43.402465
6250 9 2.770192 44.452944 3.988164 40.026505
6300 9 2.884667 44.016140 3.985183 41.162914
6350 9 2.730733 43.490955 4.016658 42.954660
6400 9 2.709242 41.248479 4.027007 42.754244
6450 7 2.969603 49.168098 4.049752 42.046350
6500 7 3.014104 48.804059 4.007767 42.767830
6550 7 3.180083 48.759799 4.006810 44.180724
6600 7 3.146265 49.112930 4.029329 44.148665
6650 8 3.251656 48.746916 4.002151 41.153608
6700 7 3.370092 51.778432 3.988748 43.345168
6750 7 3.464985 48.737888 4.002975 42.134199
6800 8 3.392243 44.516886 4.053629 40.693292
6850 12 2.530241 46.785594 3.976004 43.547974
6900 9 2.692482 48.148385 3.937045 37.933301
6950 8 2.799182 43.228493 4.095720 41.961756
7000 8 2.769346 44.019102 4.094094 44.647420
7050 7 2.747029 46.841339 4.037565 50.413866
7100 8 2.627390 47.040967 4.056973 45.521295
7150 7 2.912339 42.644248 4.054195 45.122839
7200 8 2.819681 40.405260 4.073185 50.603950
7250 10 2.725574 43.403482 4.064833 45.193833
7300 8 2.887439 43.837153 4.002742 45.715464
7350 8 2.769765 37.748868 4.036951 45.382434
7400 7 2.547589 41.890335 3.934633 55.784475
7450 7 2.461572 40.935631 3.989411 55.367217
7500 9 2.977210 42.688336 3.895870 43.010655
7550 8 3.051727 42.127080 3.910312 40.582738
7600 9 3.118164 41.597830 3.873652 44.656202
7650 7 2.900774 41.922185 3.787347 56.144150
7700 9 2.830316 41.951512 3.965544 42.395299
7750 8 2.622206 41.968935 3.880072 52.047558
7800 10 2.762060 41.605382 3.849083 54.641042
7850 9 3.111266 44.453703 3.955592 37.787982
7900 8 2.979172 44.555008 3.875706 44.366322
7950 8 2.860409 43.628192 3.869244 52.262368
8000 7 3.383604 43.579422 3.817880 40.955842
8050 7 3.889308 45.873232 3.850574 43.314320
8100 7 3.844764 48.860828 3.892535 50.355140
8150 9 3.678207 45.533303 3.972427 42.788352
8200 7 3.668702 46.342577 4.001979 38.998419
8250 8 4.242046 46.834262 4.023915 30.197261
8300 7 4.098414 46.870860 4.080879 39.282136
8350 7 4.076503 47.085772 3.934743 39.781154
8400 9 3.889397 47.270606 3.788351 45.045634
8450 8 3.648444 48.544027 3.805103 40.205269
8500 9 3.534752 48.301187 3.892616 44.202176
8550 8 3.343392 44.183932 3.860917 47.312877
8600 7 3.413673 38.209205 3.853262 46.740710
8650 8 3.318411 43.579625 3.911299 44.872381
8700 8 3.345014 51.963045 3.848434 48.665568
8750 7 2.619773 44.488244 3.866133 48.090636
8800 9 2.979122 45.029451 3.860592 48.087482
8850 8 3.010159 44.984353 3.860592 48.087482
8900 7 3.061768 52.545948 3.881576 47.810076
8950 8 3.570687 51.606176 3.881576 47.810076
9000 7 3.381866 50.865404 3.885645 46.678263
9050 7 3.322126 49.718163 3.857189 47.590692
9100 7 3.538087 44.334259 3.867169 48.341890
9150 7 3.415355 41.104887 3.867169 48.341890
9200 8 3.393486 47.900394 3.842142 47.946344
9250 7 3.498932 51.103691 3.882307 43.890763
9300 7 3.295789 58.019566 3.876156 46.088973
9350 7 3.398356 57.061490 3.809172 43.733476
9400 7 3.279893 54.586060 3.878112 46.557619
9450 8 3.278517 52.953774 3.839877 43.088692
9500 8 3.191961 50.479262 3.862417 38.139188
9550 9 3.097081 55.861420 3.869156 41.681671
9600 8 3.114823 50.030397 3.890416 46.347095
9650 8 3.128001 48.591863 3.879805 42.537734
9700 7 3.166869 49.041958 3.888855 42.346750
9750 8 3.308122 46.126673 3.817464 45.136854
9800 7 3.209514 45.081365 3.840836 39.278830
9850 7 3.173484 46.915515 3.911968 39.071718
9900 9 3.000390 52.276809 3.959300 39.171068
9950 9 3.050988 51.091394 3.944861 39.256757
10000 8 3.022395 61.148634 3.978017 40.013723
10050 8 3.200808 53.820070 4.009981 38.432080
10100 8 2.786521 46.914111 4.032941 37.918623
10150 7 3.518485 48.831261 4.072820 40.233970
10200 7 3.380497 50.571095 4.009666 38.840053
10250 7 3.575800 49.675184 3.974294 37.655296
10300 7 3.391612 42.457608 3.966599 42.251262
10350 8 3.582228 53.289535 3.950915 46.480276
10400 8 3.502527 54.361078 4.087890 39.341043
10450 8 3.820101 47.571421 4.108475 40.157429
10500 7 3.807704 46.887964 4.163820 36.082692
10550 9 3.629140 44.410897 4.146901 36.413562
10600 7 3.822934 39.265452 4.119746 37.916201
10650 7 3.747493 45.350237 4.083221 38.304051
10700 7 3.769859 40.381161 4.080171 35.995926
10750 9 3.745232 35.913576 4.079463 32.211059
10800 9 3.448501 33.697480 3.999440 48.570776
10850 9 3.226099 28.426826 4.019414 49.046416
10900 7 3.176461 24.727873 4.066189 41.484300
10950 7 2.811980 36.423651 4.004802 42.360772
11000 8 3.062030 36.141629 3.970006 45.877661
11050 8 3.188674 33.589750 3.975121 44.835652
11100 8 3.052267 38.057152 4.010993 43.470875
11150 7 2.923574 44.005477 4.008150 47.213554
11200 7 2.959159 36.367143 4.029532 47.769381
11250 8 3.300214 36.010993 4.060639 42.898865
11300 8 3.203628 27.362102 3.998153 43.522687
11350 7 2.889910 24.264217 3.978607 45.818571
11400 8 3.050719 16.697309 3.941579 47.760341
11450 7 3.138806 23.614614 3.924900 47.259880
11500 7 3.110486 26.805775 3.889900 43.413324
11550 9 3.134772 28.958358 3.876529 45.957935
11600 8 3.134482 27.750933 3.961050 44.613730
11650 8 3.265542 31.545907 3.955565 43.257898
11700 7 3.388345 36.418634 3.948989 41.484921
11750 7 3.427854 39.989339 3.981808 34.728645
11800 8 3.611247 30.446628 4.035426 34.949287
11850 7 3.252745 23.233364 4.093210 46.414322
11900 7 3.036087 36.883532 4.094487 39.148769
11950 7 3.205437 27.479045 4.121549 43.283639
12000 8 2.708684 28.782499 4.099187 52.359428
12050 8 2.874774 20.029265 3.932640 50.763256
12100 7 2.846060 18.385884 3.910828 51.829777
12150 8 2.789220 27.459858 3.858627 55.140226
12200 8 2.856450 27.445154 3.885473 47.160972
12250 7 3.050102 29.467455 3.788919 50.431050
12300 7 2.996355 31.429041 3.870112 46.183376
12350 7 3.288496 23.311410 3.871192 48.260457
12400 7 3.301461 29.533536 4.046784 39.929284
12450 7 3.584777 40.223011 4.136229 33.279450
12500 9 3.432060 41.875959 4.133053 27.969923
12550 8 3.209456 36.082921 4.072350 41.893212
12600 7 2.968799 32.951180 4.025088 43.761633
12650 7 3.148954 34.424758 4.065154 41.483765
12700 8 2.962775 39.043354 4.224887 40.837630
12750 7 2.611063 39.234113 4.213339 51.837773
12800 8 2.546552 36.171157 4.179988 41.993325
12850 9 2.750854 39.870780 4.125461 48.535366
12900 7 2.841428 38.568419 4.140213 45.984487
12950 7 2.812956 38.825795 4.031797 40.625602
13000 8 2.969823 39.949006 3.990207 48.618282
13050 8 3.449025 35.556024 4.081499 44.601156
13100 10 3.457753 33.973998 4.086605 35.506891
13150 9 2.835572 32.454072 4.083430 43.251665
13200 8 2.987074 36.388455 3.999590 47.114483
13250 7 3.059536 34.619051 3.979875 47.816903
13300 7 3.122323 35.482524 3.844183 55.075430
13350 7 3.112504 37.675781 3.787565 47.356626
13400 7 3.404156 36.687387 3.929702 48.627930
13450 8 3.238116 36.587261 4.018771 37.922739
13500 7 3.138093 32.537340 4.033652 45.069524
13550 8 3.372223 34.239231 4.150057 47.966720
13600 8 3.536503 34.916586 4.276565 39.612186
13650 7 3.511821 37.376729 4.024132 43.980370
13700 8 2.856590 36.368682 4.031717 45.910651
13750 7 3.203073 35.710183 3.999331 45.842634
13800 8 3.406728 34.042094 4.019405 38.484858
13850 9 3.128295 35.625815 3.991540 44.908820
13900 7 2.999612 33.246799 3.966165 42.238499
13950 7 3.130423 33.634319 3.966063 40.672346
14000 9 2.796527 32.296521 3.982415 47.139850
14050 7 2.963947 33.673119 3.895288 47.472230
14100 10 2.838407 36.481089 3.891201 43.846228
14150 7 2.955382 38.489202 3.998233 45.431945
14200 7 3.355895 41.434147 3.865654 45.177672
14250 7 3.205822 33.759248 3.810042 48.528665
14300 9 3.059311 38.761035 3.698505 47.150465
14350 8 3.721898 37.188974 3.739605 44.573668
14400 10 3.689341 30.246368 3.707327 46.025463
14450 7 3.063466 30.332226 3.640956 43.295840
14500 8 3.353607 28.069423 3.729145 47.524260
14550 7 3.693333 33.899179 3.746988 45.381562
14600 7 3.405788 37.098649 3.948025 38.848328
14650 8 3.817236 30.023946 3.890335 35.944717
14700 8 3.542255 35.661949 3.871992 38.599758
14750 8 3.475505 29.039962 3.914812 37.962339
14800 8 3.654912 27.645446 3.964270 40.747432
14850 9 3.794769 23.490764 4.035865 33.848789
14900 7 3.261278 27.679312 3.970240 44.460177
14950 7 3.324421 26.667541 3.846940 45.293631
15000 8 3.070200 24.890397 3.908567 42.354457
15050 9 2.971938 23.815580 3.894420 39.805284
15100 8 2.942846 26.455373 3.875196 40.972515
15150 8 2.974795 25.583544 3.846633 49.956153
15200 9 2.533106 38.600451 3.839111 42.311833
15250 8 2.717043 31.556662 3.913779 44.879471
15300 7 2.991508 32.204167 3.959321 46.230391
15350 7 2.950411 30.455334 4.028871 42.711557
15400 8 3.120304 30.677204 4.102403 37.316151
15450 8 2.983718 32.991856 4.181247 38.466398
15500 10 2.924314 27.392953 4.180789 39.330065
15550 8 2.935952 36.904126 4.192809 41.117133
15600 8 2.706110 35.416494 4.146493 38.541904
15650 9 2.738014 41.458211 3.987828 39.813523
15700 7 2.781606 40.518427 4.049110 43.449144
15750 7 2.889865 39.882978 3.989459 42.640226
15800 8 3.113704 33.305880 4.081421 38.063074
15850 7 2.826808 34.351338 4.059990 38.444018
15900 7 3.038029 35.601578 4.161624 41.151623
15950 7 3.146479 35.366429 4.140735 42.557069
16000 8 3.226613 29.562298 4.145857 40.182983
16050 8 3.034654 32.782217 4.044874 42.964799
16100 7 2.892670 36.036464 4.057679 45.203155
16150 8 3.131301 35.095471 3.998579 42.785547
16200 8 3.425167 25.187913 3.975116 43.392102
16250 7 3.284935 31.583405 3.975116 43.392102
16300 9 3.318055 28.968424 3.911079 43.229403
16350 7 3.223078 29.142308 3.921538 43.168584
16400 8 3.294030 25.968094 3.921538 43.168584
16450 9 3.637019 21.073895 3.989432 41.555289
16500 8 3.322829 29.804932 4.007966 40.955848
16550 7 3.371917 24.987436 4.043831 43.762170
16600 7 3.503792 32.103898 3.980778 41.535014
16650 8 3.659359 29.731528 3.916526 41.305616
16700 7 3.499072 29.589370 3.990389 43.179043
16750 7 3.469985 30.688441 4.104750 36.582062
16800 7 3.409767 43.416710 4.026654 37.935948
16850 7 3.549029 29.577329 4.028909 38.641344
16900 9 3.447542 27.008506 3.993107 37.894427
16950 9 3.169542 31.093510 3.997111 40.079303
17000 10 3.182632 23.096484 3.997111 40.079303
17050 8 3.321112 30.672653 4.020029 41.018113
17100 8 3.250388 25.837542 4.020029 41.018113
17150 8 3.320543 28.641289 4.061550 40.329976
17200 9 3.082786 27.545351 4.053055 40.828652
17250 9 2.950523 34.604522 4.080943 40.371567
17300 9 3.007650 37.835498 4.048715 40.045937
17350 8 2.917452 37.635461 4.042235 39.817568
17400 8 2.883351 39.412324 4.028875 42.442407
17450 9 3.049045 42.748052 3.954871 41.720683
17500 11 2.967857 38.303027 3.928423 41.513548
17550 8 2.723342 36.099666 3.918456 41.736864
17600 7 2.950663 41.588385 3.929037 43.338662
17650 8 2.799782 41.881704 3.950490 44.749302
17700 10 2.821270 38.513374 4.013097 50.005353
17750 8 2.798563 38.572276 4.077944 46.057366
17800 8 2.789972 40.501416 4.121132 44.048354
17850 8 2.568290 41.218931 4.046053 47.554291
17900 8 2.533379 35.918446 4.068069 44.086562
17950 8 2.544157 38.742647 4.187907 42.996354
18000 7 2.343012 36.213987 4.242665 47.060064
18050 7 2.428990 37.756948 4.282034 45.767413
18100 9 2.700847 34.041938 4.180940 39.566956
18150 8 2.457205 37.457555 4.178081 46.097006
18200 9 2.752280 33.511118 4.131774 40.108654
18250 8 2.577421 35.224225 4.146460 42.851935
18300 9 2.736565 32.190413 4.122908 43.623853
18350 8 3.231005 31.430678 4.044417 46.144350
18400 8 2.992086 34.066782 4.110229 39.444097
18450 7 2.780273 35.068735 4.033566 46.233493
18500 8 2.611741 43.886018 4.092034 42.758575
18550 9 2.361140 45.690185 4.116978 43.741789
18600 7 2.454339 35.234585 4.107876 44.074499
18650 9 2.857469 47.970641 4.056835 44.391202
18700 7 2.620331 49.585711 4.022497 45.441662
18750 9 2.621420 44.248573 3.950211 44.931986
18800 8 2.600882 41.389742 3.833905 54.702132
18850 8 2.364818 34.266186 3.882920 42.434686
18900 8 2.775082 38.170114 3.932932 39.455614
18950 8 3.293711 40.454354 3.898687 41.270115
19000 8 3.044406 35.445638 3.819761 47.845198
19050 7 3.519574 35.866424 3.857694 43.973355
19100 8 3.945971 35.820107 3.909241 41.135103
19150 8 3.833413 29.886899 3.773887 42.053127
19200 8 3.865212 37.966214 3.700599 43.264796
19250 8 3.867961 39.875529 3.770938 43.579233
19300 8 3.427302 42.182431 3.808365 43.502916
19350 9 3.544072 47.351979 3.857690 44.569952
19400 8 3.716174 49.701990 3.863702 44.174189
19450 7 3.548311 44.890194 3.885867 42.422028
19500 8 3.784162 42.579946 3.810838 44.006116
19550 7 3.680772 38.172084 3.776441 45.519783
19600 8 3.691261 37.011753 3.789728 50.876220
19650 7 3.303229 37.149522 3.837577 47.360756
19700 8 3.121014 38.868193 3.905196 45.506826
19750 7 3.024497 33.882709 3.974484 45.342849
19800 7 2.964501 43.050864 3.980529 39.849980
19850 8 3.055953 44.818262 3.919627 40.319022
19900 8 3.219561 44.667284 3.992644 42.965221
19950 10 2.981716 35.843227 4.123055 36.232379
20000 7 2.902780 31.707686 4.073743 42.364137
20050 9 2.915379 41.214006 4.062442 45.935756
20100 8 2.920164 39.486894 4.125494 40.211176
20150 8 3.079722 34.895933 4.029187 41.113466
20200 9 2.960211 35.060431 4.100104 42.004756
20250 7 2.999473 39.643397 4.089747 43.662085
20300 7 2.827785 37.134871 4.096104 44.203364
20350 10 2.807386 43.819434 4.106729 38.024768
20400 7 2.914468 42.645194 4.124729 42.041326
20450 9 2.978011 43.569383 4.109072 37.412963
20500 7 3.257687 42.357735 4.064091 42.039091
20550 10 3.220932 34.155104 4.045196 41.968290
20600 7 3.000999 35.908176 4.123517 43.191510
20650 8 2.982681 32.256075 4.072794 41.361318
20700 7 3.018730 29.459169 4.095119 43.193797
20750 9 3.171386 32.903313 3.959028 42.667935
20800 8 3.270944 35.068580 3.920231 42.039225
20850 10 3.275205 42.829191 3.954480 42.699827
20900 9 3.151428 41.091178 3.962125 45.592040
20950 8 2.983329 39.575352 3.891434 47.379788
21000 8 2.869980 37.817172 3.953293 50.971269
21050 8 3.207610 38.137583 4.016438 47.094471
21100 10 2.891405 39.273952 3.983551 43.921011
21150 9 2.606806 31.666891 3.954985 42.477068
21200 8 2.425378 33.949707 3.772959 69.356961
21250 11 2.772982 44.878005 3.739313 47.812918
21300 7 2.746844 44.792597 3.857931 53.439491
21350 9 2.942930 37.676038 3.930816 48.487462
21400 7 3.091083 44.456664 3.973665 47.675371
21450 7 3.061636 33.052790 4.010073 43.589240
21500 9 3.014497 37.377300 4.093909 46.845236
21550 7 3.113688 34.977461 3.917932 51.716854
21600 8 3.162986 35.419658 3.869718 47.326036
21650 8 3.367015 39.753779 3.748889 58.101267
21700 8 3.860230 41.948708 3.830937 41.863695
21750 8 4.096059 36.112827 3.817547 41.571964
21800 9 4.046450 33.926024 3.790724 38.446462
21850 8 4.080836 38.237097 3.817952 41.647308
21900 8 3.923807 43.273474 3.813401 41.639977
21950 10 3.832280 52.307255 3.872271 38.120671
22000 7 3.394422 49.611168 3.896600 41.099150
22050 8 3.357590 43.551244 3.919413 42.023537
22100 9 3.587048 39.564050 3.906661 39.526529
22150 8 3.610675 48.959669 3.965512 42.776423
22200 8 3.581670 45.944248 3.991616 40.676113
22250 8 3.386302 50.320581 4.077707 43.731069
22300 11 3.015977 41.429927 4.055557 44.660536
22350 10 2.890942 45.528526 3.985607 36.487243
22400 10 2.668694 46.532209 3.881771 42.247327
22450 7 2.660622 47.847473 3.948795 43.305998
22500 8 2.506964 49.762640 3.972081 42.433881
22550 8 2.386870 50.628204 3.902371 42.960367
22600 8 2.536156 45.695208 3.980700 49.041849
22650 8 2.535264 51.231786 4.005701 46.456520
22700 7 2.651315 56.359082 4.047911 49.560893
22750 9 2.543648 55.825042 4.129646 41.786129
22800 9 2.589097 56.423336 4.084249 45.914270
22850 11 2.687996 51.996815 4.048374 37.320925
22900 8 3.159005 45.607587 4.194489 36.369473
22950 9 3.293521 40.814300 4.052827 35.922966
23000 7 3.319984 36.345398 4.041595 37.981304
23050 8 3.425851 44.591064 4.130766 37.559960
23100 8 3.430714 39.590847 4.130335 37.579008
23150 7 3.260927 39.889629 4.133407 40.149655
23200 9 2.954036 36.235562 4.041780 37.584798
23250 8 3.019787 41.956456 3.987630 41.913036
23300 7 3.082559 36.853708 4.052402 44.819527
23350 7 3.076698 42.776559 4.056912 50.333850
23400 8 2.922009 31.954606 4.119412 42.253446
23450 8 2.847207 32.699647 4.085494 40.430422
23500 9 3.058780 37.894807 3.895869 50.255474
23550 6 3.363953 34.289199 3.913669 48.008861
23600 8 3.315111 33.191447 3.935214 40.465411
23650 7 3.245305 34.958142 3.912462 43.748453
23700 8 3.129595 39.052754 3.928957 45.558872
23750 7 3.241725 40.273996 3.960032 41.655554
23800 10 2.893224 40.611690 4.000481 42.644156
23850 9 2.865027 38.406668 3.967170 46.094660
23900 9 2.819288 37.225542 3.975578 47.274252
23950 8 3.047189 42.522560 3.961958 44.020861
24000 9 2.847393 44.169840 4.056441 42.794030
24050 7 2.732934 41.105997 4.005413 45.680972
24100 8 2.837564 34.325360 4.023327 43.879314
24150 7 3.181889 37.597319 4.136567 38.896204
24200 8 2.979658 33.549753 4.088282 39.824177
24250 8 2.901955 29.842422 3.976077 46.429192
24300 7 3.089186 35.990335 4.066722 48.087414
24350 7 2.881838 41.461186 4.012729 48.207589
24400 8 2.720238 43.532116 4.045884 50.426014
24450 8 2.575302 41.447742 4.119753 51.261173
24500 7 2.662917 44.166057 4.047499 48.988817
24550 7 2.781301 42.933677 4.067875 45.979672
24600 8 2.876223 44.099318 4.100122 48.103647
24650 7 2.927133 29.703338 4.106963 46.805156
24700 8 2.985906 30.253925 4.052115 45.602223
24750 7 3.035201 31.473723 3.994928 49.845273
24800 7 3.085258 27.508377 4.034213 38.505104
24850 8 3.081261 34.361213 4.075777 49.700931
24900 8 2.998978 31.844123 3.957380 45.680032
24950 8 3.465743 36.479467 3.962137 36.619392
25000 8 3.400083 38.055688 4.029958 39.106096
25050 8 3.272027 30.202949 4.078101 40.574186
25100 7 3.156074 33.292277 4.040059 44.851360
25150 7 3.159418 25.394577 3.950345 44.863348
25200 8 2.960837 33.480239 3.917854 42.538706
25250 8 2.996674 44.026917 3.887713 40.419641
25300 9 3.030706 41.635399 3.920631 29.954459
25350 7 2.847827 40.279344 3.973719 49.802706
25400 7 3.161900 28.211519 3.964274 50.151506
25450 7 3.269135 34.955777 3.838249 43.503885
25500 7 2.783411 27.484611 3.866050 50.312476
25550 7 3.065532 32.580654 3.881319 43.863123
25600 9 2.695395 30.085482 3.907509 47.660699
25650 8 2.752964 32.126113 3.862068 44.613138
25700 7 3.308217 29.430023 3.780040 42.549655
25750 8 3.415155 29.832175 3.729745 46.790719
25800 8 3.910282 32.300628 3.710623 46.036604
25850 9 3.705178 40.447665 3.677220 46.050650
25900 8 3.861986 36.729790 3.675104 44.544558
25950 7 4.000249 36.099775 3.650874 43.537208
26000 8 4.131641 24.901092 3.666622 44.431702
26050 7 3.992623 34.271412 3.746979 45.528598
26100 8 3.941423 35.497647 3.815748 42.873431
26150 7 4.159024 38.747859 3.943179 37.732246
26200 7 4.450791 31.619904 3.866132 35.491560
26250 7 4.141633 28.881207 3.860142 39.809780
26300 8 3.924484 42.052102 3.925985 40.185457
26350 7 3.783863 34.852509 3.913637 38.316489
26400 7 3.753185 34.220154 3.912617 40.539739
26450 7 3.835082 32.826283 3.918046 41.142075
26500 7 3.935305 33.699051 3.908313 40.459179
26550 8 3.938860 33.119246 3.872044 40.677551
26600 8 3.612273 38.860925 3.951305 43.078160
26650 9 3.424536 38.878017 3.880857 43.688141
26700 8 3.184635 39.212985 3.930144 47.961568
26750 8 3.530232 35.556186 3.987169 43.137987
26800 7 3.409354 34.869618 3.956443 47.660460
26850 8 3.801280 39.378617 3.920278 37.092545
26900 9 3.804325 36.270049 3.932718 39.628251
26950 7 3.785358 39.181699 3.891147 43.125660
27000 8 3.599851 40.368400 3.832262 37.925490
27050 8 3.512448 38.668474 3.794043 41.500798
27100 8 3.313450 41.057332 3.774391 39.962241
27150 8 3.758994 42.513822 3.855571 41.981286
27200 7 3.523698 39.034983 4.002717 43.663162
27250 8 3.201347 41.570897 4.029929 44.191914
27300 7 3.159423 39.158429 4.067655 41.345414
27350 7 3.153565 35.079853 4.028634 38.251504
27400 9 3.121733 39.781393 4.061457 43.931942
27450 8 3.235861 32.968470 4.088622 38.934779
27500 8 3.239873 34.043737 4.014582 48.019996
27550 8 3.217833 37.779661 4.025874 42.563674
27600 8 3.157641 32.641596 3.986474 41.076933
27650 9 3.116201 33.408550 4.047722 40.851386
27700 7 2.942521 34.739423 4.075450 41.955384
27750 7 3.129565 31.310820 4.140046 45.986476
27800 9 3.020186 28.612511 4.084057 39.986304
27850 8 3.213895 27.346436 4.122792 40.090345
27900 8 3.157586 33.995378 4.077214 40.700844
27950 8 2.950500 24.963836 4.069049 41.009128
28000 8 3.227428 38.158662 4.053104 40.152944
28050 9 2.944556 28.846165 4.079683 41.046148
28100 8 3.079441 29.104734 4.079683 41.046148
28150 7 3.365503 38.614275 4.048030 41.890863
28200 7 3.372317 30.080779 3.956334 42.955425
28250 7 3.267970 29.691804 3.859904 44.661606
28300 7 3.231802 27.908053 3.803306 44.381243
28350 8 3.321731 28.524504 3.853137 48.234875
28400 7 3.301373 29.347925 3.991881 40.886379
28450 8 3.064162 35.978636 4.075286 44.115226
28500 9 2.992431 31.208450 4.094257 43.854219
28550 7 2.741777 25.939745 4.080018 46.314416
28600 7 2.763348 21.843087 4.127213 47.781718
28650 9 2.892347 18.318110 4.067759 45.128543
28700 9 2.673469 23.376691 4.029846 44.484238
28750 7 2.647845 25.299337 4.121413 39.441412
28800 7 2.626947 18.178648 4.094816 44.902641
28850 9 2.558522 13.712681 4.098944 41.839424
28900 8 2.766396 22.148382 4.056354 46.093073
28950 8 2.834527 22.460247 4.028199 47.053385
29000 8 2.971953 25.540692 4.028199 47.053385
29050 8 3.219816 21.973391 4.033698 47.676522
29100 7 3.017577 15.597303 4.054397 47.221001
29150 7 2.859459 16.181189 4.192290 42.594203
29200 8 3.021113 17.545162 4.172099 43.811931
29250 8 2.827629 16.958060 4.116718 46.823829
29300 7 2.731896 16.450690 4.012047 48.384508
29350 7 2.780988 21.707588 4.024670 45.412952
29400 10 2.492457 23.282185 3.997706 43.373057
29450 7 2.786268 24.917902 3.990093 53.284457
29500 7 2.763545 19.853353 4.187957 46.245520
29550 7 2.824723 18.336749 4.112593 50.739348
29600 7 2.879776 7.853734 4.136154 48.411561
29650 8 2.788477 8.599366 4.158118 44.255842
29700 8 2.930303 13.625909 4.118209 39.762121
29750 9 3.119247 13.725571 4.030938 41.883240
29800 7 3.014913 16.598881 4.071855 48.814161
29850 8 2.628455 18.950391 4.112535 41.599209
29900 9 2.392960 21.476673 4.174782 45.763041
29950 8 2.445336 22.241951 4.174528 47.059542
30000 9 2.566881 25.143194 4.165271 39.218602
30050 7 2.850509 21.925452 4.121593 39.026394
30100 8 3.185714 22.227084 4.064176 42.113344
30150 9 3.240156 27.970013 3.949644 39.568115
30200 8 2.763445 30.279592 4.011067 47.116161
30250 11 2.993568 33.642645 3.996476 44.628619
30300 10 2.678638 29.484847 4.040283 43.608101
30350 7 3.011358 23.410446 4.031532 45.764433
30400 9 3.047826 25.645804 3.944939 48.993549
30450 9 2.821942 29.741504 3.947583 48.073347
30500 8 2.736326 30.307148 4.014782 41.119892
30550 8 3.045373 34.919307 4.033567 35.534228
30600 8 3.236819 28.805092 3.995929 42.771292
30650 8 2.894073 29.048766 4.057714 42.764645
30700 9 2.908367 25.432965 3.961335 40.079919
30750 7 2.739466 24.235894 3.930546 44.278861
30800 9 2.977549 30.245019 3.840778 48.349134
30850 8 3.024318 26.937039 3.836242 52.895899
30900 7 3.070828 27.391223 3.927010 45.967824
30950 8 2.848250 26.815123 3.919527 55.434565
31000 8 2.676560 27.255608 3.891951 47.717288
31050 8 2.732354 18.036170 3.904193 41.752277
31100 8 2.619110 20.847254 3.974774 53.753196
31150 9 2.785267 32.519343 4.037569 42.892650
31200 8 2.903919 36.734188 3.969967 50.570916
31250 8 3.015523 32.864214 3.987310 52.594870
31300 7 3.154222 35.670426 3.983422 45.318011
31350 7 3.185113 39.061491 4.012816 44.365029
31400 7 3.638760 34.349332 4.025236 44.859077
31450 7 3.349704 39.666015 4.032667 42.597751
31500 10 2.996945 40.018645 3.978193 42.354466
31550 8 3.076968 39.536642 3.868421 45.099382
31600 7 3.258516 47.063889 3.894437 45.419377
31650 9 3.300521 49.745764 3.865664 39.705293
31700 8 3.532366 47.556270 3.855441 47.748317
31750 7 3.472008 45.279195 3.836060 44.384866
31800 8 3.638187 47.191220 3.974547 38.033344
31850 7 3.789081 46.616944 4.172343 33.361914
31900 9 3.536447 47.421967 4.123772 33.998850
31950 8 3.811102 51.813417 4.111878 37.156923
32000 8 4.325685 60.615602 4.347320 33.748330
32050 6 4.067024 56.446391 4.289808 37.027292
32100 8 3.809171 48.347472 4.154128 31.116252
32150 7 3.549835 44.372114 4.121244 37.464962
32200 8 3.518553 49.039373 3.902223 43.731948
32250 7 3.722948 48.857044 3.904048 40.784050
32300 8 3.665297 51.127133 3.847773 45.190618
32350 7 3.654753 52.366329 3.879669 38.124297
32400 7 3.408496 50.227262 3.907144 41.644562
32450 8 3.520554 45.245594 3.920547 41.110168
32500 7 3.719915 45.099579 3.883737 43.422618
32550 9 3.782188 43.461525 3.992417 46.022461
32600 8 3.824681 40.698300 4.006509 37.275893
32650 7 3.765994 43.381473 3.942427 43.255650
32700 8 3.662469 51.442351 3.950980 40.503136
32750 7 3.905397 54.208079 4.043160 40.603774
32800 7 3.218070 53.891016 4.064078 39.259952
32850 7 3.413412 58.131710 4.090329 40.403064
32900 8 3.167352 47.036812 4.080150 48.894728
32950 8 2.839277 50.819503 4.049076 43.320840
33000 7 3.052088 52.911041 4.028186 46.129942
33050 8 3.063650 49.010663 3.973545 47.846139
33100 7 2.963598 46.114067 3.966839 47.734048
33150 7 3.308151 51.126499 3.886816 46.884137
33200 7 2.969870 48.398582 3.898512 45.889765
33250 8 3.016614 50.318447 3.864647 44.546234
33300 8 2.885946 46.023870 3.883842 44.739788
33350 8 2.789065 41.175221 3.898931 47.733945
33400 10 3.246366 50.721913 3.853717 45.091753
33450 8 3.145186 42.553357 3.832283 43.562242
33500 8 3.004977 42.263461 3.775378 43.868479
33550 8 2.829521 42.282040 4.004098 43.552322
33600 10 2.668077 46.394132 3.879773 44.410045
33650 8 2.844693 47.878448 3.945023 44.925743
33700 7 2.987254 50.805537 4.039100 47.550926
33750 7 3.105402 53.514000 4.045936 39.500685
33800 8 2.880143 43.004985 3.998044 50.080247
33850 7 3.069450 50.820554 4.106642 42.543946
33900 8 3.375113 58.329044 3.971171 41.548509
33950 7 3.306505 62.755156 3.975624 38.776047
34000 8 3.082321 58.105638 3.974676 44.819428
34050 8 3.051896 49.945295 3.950885 35.780963
34100 7 3.026241 50.895397 4.015083 43.538784
34150 7 3.131767 54.038878 3.973460 41.026153
34200 8 2.910920 51.050093 4.110090 37.895127
34250 9 3.066939 54.967595 4.129308 37.306317
34300 9 3.432719 56.831853 4.095617 42.254527
34350 8 3.514433 51.167204 4.086648 40.999274
34400 7 3.587055 56.797597 4.060719 42.930409
34450 7 3.349805 54.824324 4.032579 38.743708
34500 9 3.251171 50.883990 4.050880 40.122065
34550 7 3.197375 53.872093 4.127044 41.321781
34600 7 3.076534 51.333952 4.087429 43.066454
34650 9 3.069375 54.440239 4.036039 39.589081
34700 7 3.312001 49.964465 4.050590 39.855230
34750 8 3.133315 51.403000 3.924914 44.098451
34800 9 2.982801 44.691442 3.902019 45.620051
34850 8 3.144772 58.678225 3.872163 48.063454
34900 7 2.952593 53.807839 3.920465 45.814072
34950 8 3.038049 52.105026 3.928404 42.469877
35000 10 2.965101 51.049591 3.970638 46.908636
35050 8 3.308520 53.341621 3.962810 50.556238
35100 7 3.245732 52.749039 3.980598 51.408718
35150 7 3.166896 43.320138 4.015377 46.402176
35200 9 3.127584 48.444161 3.948575 43.834875
35250 7 3.355339 50.745459 4.041566 41.947115
35300 7 3.532026 43.744111 3.985107 40.457544
35350 8 3.535024 43.591056 3.992993 46.497508
35400 8 3.714857 42.680295 3.995626 36.680209
35450 8 3.374208 43.576300 3.921154 42.318207
35500 8 3.389289 40.980332 3.986230 42.449960
35550 10 3.140772 44.371058 3.965754 43.686408
35600 7 2.828625 43.734000 3.965824 44.226155
35650 10 3.317237 45.077603 3.926566 43.572780
35700 8 3.339750 43.100761 3.965986 45.602317
35750 7 3.546283 42.659657 3.977228 40.575577
35800 7 3.429055 45.050088 3.961142 40.678206
35850 7 3.409152 49.557453 3.866242 41.296110
35900 7 3.392505 46.910615 4.056798 39.728276
35950 7 3.306226 44.640818 3.999962 36.468551
36000 8 3.309450 46.581092 3.898755 45.737058
36050 8 3.600102 45.149475 3.966338 43.632319
36100 7 3.495650 48.407827 3.999541 44.017417
36150 8 3.121004 46.850407 3.973734 44.617660
36200 7 3.125980 47.667781 3.945895 46.964808
36250 7 3.175980 47.634385 3.965928 40.087155
36300 9 3.350802 48.033455 3.853002 45.619836
36350 8 3.111268 47.591718 3.928474 44.161456
36400 7 3.404735 47.494000 3.929704 46.387023
36450 9 4.100547 52.121580 3.895726 34.724844
36500 7 3.883286 51.184630 3.924491 35.223121
36550 7 3.850667 54.201383 3.932582 39.282335
36600 8 3.538992 45.798196 3.905837 44.524566
36650 7 3.525776 48.987392 3.860819 44.125907
36700 10 3.327928 51.986401 3.856312 47.846556
36750 7 3.367509 49.790735 3.886516 45.048621
36800 7 3.386288 45.988178 3.964433 44.197756
36850 8 3.459542 46.166080 3.869975 45.824112
36900 8 3.342654 45.733525 3.881772 45.698126
36950 8 3.241543 46.964032 3.921252 46.119836
37000 7 3.383535 46.481186 3.921252 46.119836
37050 7 3.513888 43.612388 3.902025 45.831901
37100 7 3.177956 51.383676 3.901757 47.100418
37150 7 3.173130 49.051273 3.890342 46.895276
37200 7 2.829596 42.313919 3.890572 47.768567
37250 8 2.989103 50.097321 3.933781 47.349069
37300 7 3.314538 48.836220 3.926807 46.146129
37350 8 3.181807 43.666918 3.978518 45.719449
37400 7 3.263203 50.004195 3.978005 48.810929
37450 8 3.097023 57.391384 3.973076 48.961435
37500 7 3.142575 46.567696 4.006485 49.030887
37550 7 3.121345 38.760639 3.997553 49.025899
37600 8 3.043607 48.402940 3.997553 49.025899
37650 8 2.858023 46.979718 4.021983 49.082784
37700 7 2.772901 41.357702 4.037197 48.742615
37750 7 3.282366 40.829029 4.037197 48.742615
37800 7 3.208233 38.193130 4.055438 48.463258
37850 8 3.271075 42.577279 4.055438 48.463258
37900 7 3.313113 46.783501 4.055438 48.463258
37950 7 3.081792 48.627832 4.055438 48.463258
38000 8 3.250782 43.998381 4.066259 48.503775
38050 7 2.925883 42.694570 4.066259 48.503775
38100 8 2.868704 33.047480 4.050280 48.211063
38150 7 3.166010 34.739501 4.022665 48.615737
38200 7 2.872563 43.198657 4.022665 48.615737
38250 8 2.904548 41.832820 4.048226 48.669984
38300 7 3.139431 39.692325 4.059465 48.811002
38350 8 3.012018 43.553874 4.059465 48.811002
38400 8 3.094512 40.871344 4.035551 48.371723
38450 8 3.311438 36.868138 4.024361 48.826217
38500 8 3.116831 36.457487 3.984310 48.586130
38550 8 3.116745 31.434131 3.949647 48.374103
38600 8 2.876771 36.047299 3.949647 48.374103
38650 8 3.009663 26.801245 3.886106 48.465219
38700 7 2.834193 27.001473 3.885185 48.768490
38750 8 2.871184 32.912902 3.885185 48.768490
38800 7 2.991500 38.698829 3.885185 48.768490
38850 7 3.016822 36.307094 3.903051 48.501915
38900 8 2.971671 30.856694 3.932878 49.111377
38950 11 2.469661 30.421373 3.924187 49.143043
39000 8 2.655442 29.860799 3.915219 44.896563
39050 8 3.218701 27.605524 3.944937 44.825813
39100 9 2.847329 23.941645 3.964447 44.834312
39150 8 2.811980 33.102397 4.028703 45.058194
39200 9 2.728257 35.348214 4.037497 52.049464
39250 13 2.672553 35.300413 3.944798 46.322790
39300 9 2.539235 35.033566 3.993452 47.533040
39350 7 2.695528 34.166094 3.998917 47.061192
39400 9 2.540057 30.140029 4.008520 47.931827
39450 7 2.651951 31.036417 4.038489 46.210915
39500 7 3.148453 30.429567 4.009152 45.907803
39550 7 2.827773 26.692585 4.069809 46.523633
39600 8 2.618621 22.147690 4.058174 46.023570
39650 9 2.414001 28.146863 4.029901 45.026083
39700 8 2.467050 33.933567 4.024278 45.470944
39750 9 2.655037 32.394937 4.076896 44.810755
39800 9 2.574693 35.191326 4.105321 45.474324
39850 8 2.830056 29.969500 4.123015 45.258870
39900 10 2.524044 31.008146 4.123015 45.258870
39950 7 2.675185 25.328416 4.123015 45.258870
40000 9 2.599699 29.751610 4.123015 45.258870
40050 7 2.359372 27.767966 4.123015 45.258870
40100 8 2.470359 31.645695 4.130548 45.189544
40150 7 2.560586 36.385203 4.130548 45.189544
40200 7 2.925991 41.150387 4.130548 45.189544
40250 8 2.798753 42.392237 4.130548 45.189544
40300 7 2.997571 36.581982 4.130548 45.189544
40350 7 2.701519 37.083263 4.130548 45.189544
40400 8 2.881330 39.233127 4.130548 45.189544
40450 7 3.063839 37.524655 4.116084 44.897659
40500 9 2.789240 42.792635 4.049827 45.130579
40550 9 2.744284 36.215463 4.049827 45.130579
40600 8 2.697380 34.985835 4.049827 45.130579
40650 8 2.825801 26.723564 4.037077 45.061891
40700 10 2.954609 28.794250 4.037077 45.061891
40750 7 2.850880 29.418553 4.037077 45.061891
40800 7 3.357124 28.380195 4.037077 45.061891
40850 7 3.011034 33.825892 4.027754 45.139006
40900 9 3.012716 31.935211 4.027754 45.139006
40950 7 3.117579 36.350666 4.027754 45.139006
41000 8 3.138168 27.626330 4.027754 45.139006
41050 9 2.834054 20.500744 4.027754 45.139006
41100 8 2.927664 26.985519 4.044445 45.178324
41150 7 2.983752 29.579535 4.027066 45.084171
41200 8 3.286242 27.189323 4.047438 45.193988
41250 8 2.917175 30.368923 4.061928 45.334917
41300 7 3.309802 30.997505 4.073128 45.177218
41350 7 3.198340 30.371648 4.120732 45.063812
41400 8 2.755169 28.110868 4.092928 45.455296
41450 8 2.615655 32.245703 4.092928 45.455296
41500 9 2.456015 38.409159 4.092928 45.455296
41550 7 2.818282 32.403362 4.092928 45.455296
41600 7 2.558398 41.138853 4.066552 45.551596
41650 7 2.832635 40.581869 4.046413 45.639411
41700 10 2.887209 45.182379 4.046413 45.639411
41750 9 2.920600 35.276743 4.037370 45.244458
41800 8 2.840304 39.400204 4.040346 45.343452
41850 7 2.606228 40.674860 4.040346 45.343452
41900 8 2.907017 42.676569 4.056440 45.509825
41950 7 3.059143 43.332158 4.039905 45.284585
42000 8 3.084171 53.895887 4.039905 45.284585
42050 9 2.888747 53.789955 4.011129 45.659877
42100 7 3.080860 54.874397 4.028278 45.440797
42150 8 3.123779 52.526507 4.030188 45.351501
42200 7 3.082194 46.415188 4.038250 45.806255
42250 8 3.243876 44.869635 4.038250 45.806255
42300 7 3.167090 43.526882 4.038250 45.806255
42350 8 2.824200 39.911941 4.035383 45.769224
42400 7 3.073729 48.732970 4.035383 45.769224
42450 7 3.020701 42.646165 3.981509 46.390260
42500 7 2.940442 47.006817 4.054293 48.161861
42550 7 2.971472 44.443983 4.107419 44.183349
42600 7 3.174044 40.970259 4.103693 41.322629
42650 8 3.310834 33.169132 4.036798 40.043848
42700 7 3.353701 39.234283 3.967055 49.745007
42750 8 3.164210 31.713975 3.909273 47.619143
42800 10 3.548994 32.305957 3.963041 40.451813
42850 7 3.413176 31.210040 3.835373 48.459715
42900 10 3.459138 37.030258 3.857155 46.211820
42950 9 3.431938 42.487457 3.798579 41.480323
43000 8 3.185062 45.657093 3.830926 43.822915
43050 7 3.798939 42.810053 3.814248 42.156148
43100 7 4.058867 53.447304 3.842781 44.049457
43150 7 4.084365 46.784380 3.871625 44.696801
43200 7 3.859510 52.779505 3.935184 39.323035
43250 8 3.501604 45.318099 3.900820 43.126374
43300 7 3.620630 48.118977 3.904850 43.383389
43350 9 3.652910 46.709616 3.866603 44.487302
43400 8 3.568261 38.481940 3.829434 46.645058
43450 7 3.278255 37.847041 3.918719 45.907985
43500 7 3.651236 41.103876 3.991186 40.868601
43550 8 3.663879 35.719087 3.940908 42.613951
43600 8 3.311950 39.769845 3.887450 43.736952
43650 8 3.174746 35.996994 3.830168 44.382964
43700 7 3.162882 44.839464 3.899332 50.736440
43750 7 2.958914 31.688237 3.977850 51.644897
43800 8 3.067133 33.418572 4.107655 44.616368
43850 10 3.048019 32.951217 4.013230 38.638431
43900 9 2.973749 35.552856 3.994831 42.266717
43950 7 3.181034 37.317192 4.124240 35.019152
44000 8 3.261139 42.572337 4.179374 42.845286
44050 7 3.345298 44.262049 4.183962 38.811961
44100 7 2.756001 45.933899 4.239475 39.058896
44150 7 2.962405 53.945102 4.173769 40.037650
44200 8 3.048541 46.810444 4.004917 39.274097
44250 9 3.220908 46.438520 3.946778 43.277936
44300 7 3.034024 51.977233 4.028161 43.732445
44350 7 2.864825 54.685707 4.113162 42.607700
44400 7 2.561582 51.683843 4.204502 43.604974
44450 9 3.117824 46.581945 4.210759 39.428329
44500 8 2.994282 45.465655 4.221786 39.151205
44550 9 2.813343 52.940761 4.274733 39.926117
44600 8 3.286405 49.803215 4.198875 37.279597
44650 10 2.832522 51.380399 4.155537 38.386699
44700 7 2.754082 54.874046 4.159797 42.163822
44750 9 2.866245 53.059544 3.993338 52.012845
44800 9 2.844120 55.472935 4.074295 39.379588
44850 7 2.883589 51.840412 4.049554 44.565093
44900 7 2.970460 51.563470 4.024497 44.405054
44950 7 2.955244 54.044040 4.005667 40.251492
45000 7 3.223240 52.346194 4.055303 43.546779
45050 8 3.126532 49.167952 4.099195 40.854539
45100 7 2.990106 41.769782 4.124195 46.149050
45150 7 2.970402 40.908299 4.069185 52.518356
45200 8 2.850857 35.604476 4.056353 44.736997
45250 7 2.552613 45.957405 3.905136 58.560802
45300 7 3.037646 43.539507 3.972113 46.334131
45350 8 2.977663 54.585079 4.055628 39.895196
45400 8 2.749542 59.272010 3.921467 41.072408
45450 8 2.674158 62.237667 3.982676 50.529079
45500 7 2.840351 49.255078 3.988237 38.585874
45550 7 3.088307 58.770698 4.004556 44.943993
45600 8 2.831229 44.404772 3.938663 46.482162
45650 9 3.102970 46.590572 3.773067 47.689170
45700 7 3.399415 40.830974 3.757261 45.804496
45750 9 3.140343 44.361888 3.754895 57.401947
45800 7 3.019861 39.708143 3.867022 54.817599
45850 11 2.798024 36.922311 3.799814 45.290351
45900 9 2.862891 36.647656 3.800630 50.910869
45950 8 3.096225 44.324491 3.761035 55.878011
46000 7 3.308282 50.461973 3.765205 48.961005
46050 7 3.263669 41.938317 3.759983 50.333031
46100 8 3.183874 36.962300 3.710870 52.140697
46150 7 3.201677 37.278106 3.778736 51.356205
46200 8 3.479776 39.097639 3.772168 50.923392
46250 10 3.440829 31.495779 3.779669 51.311961
46300 9 3.138443 43.467419 3.803368 51.838515
46350 8 2.993595 37.886810 3.853640 50.167316
46400 9 2.949156 38.278450 3.842016 50.719886
46450 8 3.103818 39.154991 3.716452 52.687642
46500 7 3.121421 38.170211 3.708857 51.315297
46550 8 3.174762 37.926901 3.690971 50.168870
46600 7 3.256845 34.506122 3.828297 51.909217
46650 7 3.487999 35.829044 3.858187 50.150879
46700 9 3.215027 38.426070 3.953240 48.237837
46750 7 2.944689 37.804734 3.873814 55.620280
46800 7 2.776739 36.573118 3.996287 51.854040
46850 7 2.667551 39.280660 3.936451 57.335723
46900 8 2.665442 42.496625 3.877131 61.131746
46950 8 2.650225 36.504663 3.877639 51.540229
47000 8 2.695022 37.769390 3.882080 50.900006
47050 9 2.669397 41.977543 3.753701 51.993107
47100 10 2.842935 42.307890 3.763779 50.966727
47150 8 2.959252 38.559117 3.818219 49.461869
47200 8 3.150662 37.311891 3.751934 57.292410
47250 7 3.129132 38.276126 3.761247 52.272574
47300 7 3.307702 31.128474 3.816928 43.351057
47350 7 3.422778 32.232026 3.857648 50.198642
47400 8 3.269877 36.157233 3.908670 51.317175
47450 7 3.131643 33.123924 3.958492 46.738601
47500 8 3.211698 31.476916 3.958492 46.738601
47550 8 3.461449 28.972064 3.957944 47.534098
47600 9 3.408107 31.867533 3.955494 46.562004
47650 8 3.460835 32.641769 3.943014 47.284455
47700 9 3.280773 33.821814 3.863739 47.409873
47750 8 3.320551 32.514773 3.839864 46.981419
47800 8 3.188858 36.322163 3.839864 46.981419
47850 7 3.234332 41.324895 3.913690 49.325825
47900 8 2.811323 34.126075 3.921038 50.371728
47950 8 2.830359 29.167917 3.883669 47.981301
48000 8 2.877988 31.491889 3.812158 46.820673
48050 8 2.911144 31.895629 3.948997 42.503911
48100 9 3.113993 32.579318 4.001124 39.720403
48150 8 3.256447 35.009735 4.008846 42.021317
48200 7 3.497009 30.592179 3.993987 45.927407
48250 7 3.335759 30.040799 3.916400 40.884506
48300 7 3.040977 32.817688 3.879799 44.819640
48350 7 2.994352 35.071676 3.937524 44.720112
48400 7 3.319937 35.802918 3.899747 43.174987
48450 8 3.736519 35.543293 3.916305 45.242238
48500 7 3.860845 38.455002 3.881738 42.961252
48550 7 3.618388 31.173684 3.868305 40.817954
48600 8 3.740569 32.980833 3.972223 37.432226
48650 7 3.925880 25.176696 3.845226 45.583674
48700 8 3.535341 30.115103 3.852945 45.395425
48750 7 3.687230 36.316433 3.818720 45.066457
48800 8 3.735975 36.889495 3.841744 45.931219
48850 7 3.441967 40.152975 3.843336 45.358660
48900 7 3.242650 40.223665 3.895729 49.157923
48950 7 3.406248 36.824919 3.912522 42.699364
49000 10 3.703247 33.419035 3.844889 44.754501
49050 9 3.166121 31.791006 3.690148 47.037319
49100 8 3.717174 32.668615 3.676988 45.383599
49150 7 3.362922 37.196277 3.780201 46.957900
49200 11 3.756375 42.609808 3.788277 42.444298
49250 8 3.364570 36.504783 3.774377 43.409188
49300 7 3.606347 40.568761 3.754782 43.414190
49350 9 3.396302 44.544214 3.832721 41.790245
49400 8 3.437216 41.243440 3.795065 42.357762
49450 9 3.561651 50.735132 3.867830 45.920745
49500 8 3.315989 41.635928 3.791197 46.963300
49550 8 3.650842 46.257866 3.752379 42.185393
49600 8 3.589821 40.232391 3.771945 49.944504
49650 7 3.613137 38.699222 3.840175 39.435120
49700 7 3.682263 36.829772 3.827343 43.695244
49750 7 3.629390 38.788689 3.937068 44.014129
49800 8 3.481259 38.765272 3.910781 42.175387
49850 9 3.366972 37.002652 3.862778 46.429120
49900 8 3.261652 34.751144 3.804267 45.379130
49950 7 3.218922 37.097095 3.861549 45.453308
