0 8 2.810000 24.920000 4.200000 20.000000
50 7 2.602562 24.696293 4.236141 67.315035
100 8 2.812365 24.400937 4.261272 53.506774
150 10 3.013591 24.220294 4.173624 53.279983
200 8 2.765288 24.169947 4.167086 59.607169
250 8 2.803926 24.536610 4.198346 65.509281
300 11 2.774977 24.538403 4.188548 50.830907
350 9 3.103127 24.538101 4.165454 53.601012
400 8 2.741903 24.153225 4.198119 60.401444
450 10 2.742685 24.595616 4.230682 59.157783
500 7 2.886689 24.330125 4.374832 57.322733
550 10 2.422954 25.059173 4.287811 50.637437
600 9 2.602881 24.739921 4.368313 45.261131
650 8 3.033054 24.769907 4.356925 49.963391
700 7 2.939478 25.588043 4.363690 47.511696
750 8 2.968096 25.040188 4.379869 47.070369
800 9 2.711000 24.672836 4.433778 49.503275
850 9 2.718455 24.563605 4.662066 36.948233
900 9 2.615881 24.333546 4.541325 44.968470
950 9 2.648990 24.284524 4.498176 42.928727
1000 8 2.668729 23.833687 4.390054 47.358123
1050 9 2.896235 24.819297 4.444430 43.787295
1100 8 2.963047 25.144174 4.257603 47.065703
1150 9 2.895488 26.445172 4.311375 46.204802
1200 8 3.016592 26.005955 4.355515 45.131042
1250 9 2.829215 25.820904 4.428143 45.653091
1300 9 2.573095 27.469139 4.457413 43.644558
1350 9 2.732612 28.058301 4.484518 50.135528
1400 7 2.814746 29.727914 4.527376 42.029358
1450 9 2.934835 29.440414 4.395999 50.159944
1500 8 2.971258 31.891971 4.400338 47.023009
1550 9 3.128222 27.762603 4.387856 43.852508
1600 8 3.150454 26.272673 4.279173 48.045599
1650 8 3.122458 29.869929 4.252911 49.722535
1700 8 2.964312 28.412363 4.179773 47.952188
1750 8 3.012070 30.026267 4.179773 47.952188
1800 8 3.320715 33.666973 4.095336 47.836994
1850 8 3.450056 32.973878 4.095336 47.836994
1900 9 2.733499 29.150981 4.145004 49.641129
1950 8 2.843900 27.503961 4.241621 50.704654
2000 8 2.938385 26.674175 4.241054 51.638667
2050 8 3.116402 30.757487 4.317414 42.551167
2100 7 2.757876 30.291473 4.350776 55.404731
2150 8 2.762248 29.582221 4.352812 52.389473
2200 8 2.991182 31.282028 4.353034 43.354777
2250 9 2.969109 28.382592 4.384154 44.367282
2300 8 3.041918 27.116099 4.321671 45.912319
2350 8 2.975387 27.097999 4.256113 55.266802
2400 9 2.622127 27.911376 4.197128 55.912339
2450 8 2.697539 30.123982 4.140012 54.700628
2500 8 3.045572 31.885735 4.224792 51.008569
2550 8 2.895074 31.235853 4.190959 56.066224
2600 10 2.403255 31.877148 4.302339 57.752502
2650 8 2.609357 32.220324 4.292579 50.304283
2700 8 2.429408 33.161054 4.283531 55.159467
2750 8 2.441734 34.621335 4.313097 53.847255
2800 8 2.703853 32.939254 4.398017 49.089524
2850 8 2.827842 31.336068 4.332879 58.900244
2900 9 2.759733 32.375120 4.287417 50.758719
2950 8 2.748292 32.377646 4.330947 46.118639
3000 8 2.811393 32.429759 4.315517 49.672820
3050 10 2.782919 32.917222 4.249067 48.590917
3100 9 3.256644 32.890991 4.377864 51.058858
3150 8 3.125107 32.929288 4.337030 50.705048
3200 8 3.212301 32.202340 4.438934 43.075364
3250 8 3.294896 32.741766 4.337687 39.860259
3300 8 3.417331 32.539367 4.337827 45.091446
3350 8 3.368751 32.192829 4.307398 38.876581
3400 8 3.212765 32.647233 4.250783 49.360258
3450 9 3.167965 32.821535 4.388952 45.709245
3500 8 3.298670 32.144432 4.275330 44.545179
3550 9 3.216858 31.650950 4.271338 44.779687
3600 9 3.138839 32.903016 4.319172 43.749819
3650 8 3.229677 33.160583 4.242816 45.804541
3700 9 3.045006 33.593767 4.313783 43.395617
3750 8 3.185581 33.128882 4.313022 42.371590
3800 9 3.239155 32.991932 4.300758 42.181931
3850 9 3.358460 33.213153 4.320267 41.583248
3900 9 3.223974 33.123904 4.326109 45.378481
3950 8 3.058447 34.366210 4.451476 37.824757
4000 9 3.139514 34.168951 4.366151 48.220335
4050 8 3.069670 33.319070 4.377272 41.056764
4100 8 2.946608 34.719088 4.447189 40.288184
4150 8 2.663396 30.301978 4.521385 40.407891
4200 10 2.646606 33.038195 4.576995 48.646026
4250 8 2.605664 35.707324 4.485004 42.917242
4300 8 2.716032 34.397395 4.460410 48.606467
4350 9 2.484571 32.597590 4.478602 47.705508
4400 8 2.395658 33.019749 4.515825 46.193449
4450 8 2.685476 35.408172 4.512392 46.224797
4500 9 2.673614 33.218423 4.498775 46.093765
4550 8 2.552844 29.959521 4.535560 46.047113
4600 8 2.742619 31.646110 4.559154 46.752121
4650 8 2.881149 32.022339 4.564061 47.008463
4700 7 2.477328 34.936980 4.562730 47.593414
4750 8 3.220208 28.642161 4.550399 47.371750
4800 7 2.858941 34.755138 4.553470 47.330741
4850 7 2.683025 31.120754 4.542122 47.728708
4900 8 2.682253 29.376554 4.539532 47.847620
4950 7 2.475615 29.294733 4.552292 47.649229
5000 9 2.319234 28.301497 4.552292 47.649229
5050 9 2.269547 28.482560 4.552292 47.649229
5100 8 2.276985 30.065441 4.534812 47.479714
5150 9 2.631538 29.879923 4.546964 47.011061
5200 9 2.739753 29.826690 4.563243 48.032638
5250 8 2.477788 32.466108 4.534693 47.638988
5300 9 2.293237 33.606844 4.534693 47.638988
5350 8 2.309156 33.685000 4.534693 47.638988
5400 8 2.244307 37.786708 4.537668 47.817527
5450 7 2.412442 40.556442 4.553211 47.938916
5500 8 2.335463 40.176373 4.619524 45.942995
5550 9 2.176158 36.860266 4.625489 46.305995
5600 7 2.167426 40.336070 4.645584 48.012949
5650 8 2.624154 42.610237 4.606922 46.465821
5700 9 2.327745 37.559222 4.562573 43.829901
5750 8 1.890681 39.021903 4.589642 46.591596
5800 8 2.292274 35.153360 4.638290 42.283581
5850 9 2.477509 39.273026 4.695708 39.373856
5900 8 2.356070 40.236001 4.717578 43.549383
5950 9 2.669461 38.124546 4.653741 35.791382
6000 9 2.501502 40.849721 4.639716 39.661353
6050 9 2.571781 41.703641 4.661320 41.299590
6100 7 2.210542 43.601198 4.711654 42.912491
6150 8 2.284604 50.658023 4.716290 43.339289
6200 6 2.530507 43.162067 4.723028 43.488209
6250 9 2.366704 43.847902 4.620471 41.910611
6300 8 2.500392 48.009891 4.692783 40.162453
6350 9 2.448698 45.776430 4.680088 43.094692
6400 8 2.512080 39.141022 4.680432 42.101661
6450 7 2.949492 37.016848 4.680432 42.101661
6500 8 2.601186 40.338700 4.636469 43.603900
6550 8 2.575922 39.216701 4.601186 42.871104
6600 7 2.425732 39.907064 4.612170 44.051721
6650 9 2.515502 38.835791 4.607614 40.868974
6700 8 2.538090 45.252518 4.613279 42.237999
6750 8 2.633991 47.452003 4.600289 41.919083
6800 8 2.252946 48.145583 4.620092 39.109211
6850 7 2.221632 47.581261 4.630076 41.059928
6900 8 2.277658 48.720358 4.639054 48.492897
6950 8 2.418445 45.094229 4.583912 38.919959
7000 11 2.315212 43.620973 4.557578 45.876014
7050 10 2.203804 44.307162 4.471250 49.954776
7100 8 2.708909 44.270482 4.498771 43.683719
7150 9 2.508913 47.067954 4.519906 49.885829
7200 10 2.526467 49.906600 4.473504 49.659317
7250 8 2.576418 44.398931 4.403810 54.872062
7300 9 2.323066 38.506562 4.404214 53.522945
7350 11 1.999740 45.159381 4.336966 41.663348
7400 10 2.313636 48.288324 4.337524 52.838794
7450 8 2.476869 52.443278 4.413069 52.190319
7500 9 2.665762 49.264581 4.472628 42.495010
7550 8 2.803803 51.026074 4.495261 40.497286
7600 8 2.564441 51.511190 4.623171 44.234639
7650 8 2.828679 51.539030 4.514378 41.509999
7700 8 3.124931 51.589308 4.534532 45.384971
7750 8 3.002033 51.689404 4.501690 50.273243
7800 8 3.465035 51.073622 4.539694 38.452269
7850 8 3.201699 49.478012 4.487574 38.927015
7900 8 2.842341 50.555741 4.478492 45.412681
7950 10 2.901877 50.136808 4.491654 46.443247
8000 10 2.795354 48.113758 4.598935 41.717395
8050 7 2.701660 48.022375 4.654299 40.045891
8100 9 2.936686 47.929722 4.623330 40.789826
8150 9 2.756778 45.465987 4.604910 46.788999
8200 10 3.293797 48.040703 4.593715 41.647580
8250 8 3.217220 46.442332 4.559904 38.327707
8300 8 3.123198 46.424816 4.494282 37.512391
8350 9 3.279994 46.097032 4.497045 51.572153
8400 7 2.609624 45.125518 4.453821 49.688875
8450 8 2.650047 47.216270 4.360646 45.193822
8500 9 2.763186 47.418735 4.299663 47.705999
8550 9 3.306110 47.991739 4.258810 43.647953
8600 10 2.932405 42.152256 4.307709 48.373770
8650 9 3.029980 47.032909 4.249827 45.023249
8700 9 3.366972 47.273798 4.212223 48.319926
8750 8 2.850263 51.056269 4.220138 47.886512
8800 10 2.879534 47.759126 4.245296 47.784534
8850 9 2.833596 45.974173 4.245296 47.784534
8900 8 3.170021 54.195418 4.223544 47.793982
8950 8 3.192076 55.123419 4.250597 47.867287
9000 10 3.202613 53.455555 4.307305 45.575185
9050 8 3.006397 50.875725 4.318945 46.773781
9100 8 3.248413 52.264577 4.321990 48.239459
9150 8 3.095810 48.793146 4.285351 48.397828
9200 8 3.188695 48.032526 4.298399 48.833564
9250 8 3.500083 46.580545 4.322887 45.634095
9300 9 3.197533 50.464265 4.294354 46.501163
9350 8 3.079457 53.697485 4.288944 45.361107
9400 9 3.206355 52.925931 4.401240 40.018257
9450 9 3.380455 50.852396 4.404177 41.260727
9500 9 3.529499 56.939619 4.407246 37.006125
9550 9 3.517610 49.364979 4.360968 39.224378
9600 10 3.455168 49.542842 4.437135 37.674268
9650 8 3.172850 55.995511 4.402619 39.284593
9700 10 3.540243 59.631712 4.419315 41.660662
9750 9 3.234391 59.816288 4.355716 43.605234
9800 8 3.380724 48.240140 4.323549 40.811878
9850 9 3.761875 39.945515 4.383044 38.684783
9900 8 3.201438 39.626056 4.364093 39.703709
9950 8 3.328782 45.169868 4.400463 38.893136
10000 8 3.434238 48.858350 4.397834 38.889235
10050 8 3.389162 49.769036 4.443364 39.115490
10100 9 3.271474 54.912047 4.506566 38.887655
10150 8 3.462194 51.139987 4.496805 38.024944
10200 8 3.366800 51.300584 4.499660 37.576254
10250 7 3.071932 44.618379 4.499885 45.513063
10300 8 2.580576 40.762532 4.454684 47.433137
10350 9 2.387399 46.044064 4.453262 48.277305
10400 11 2.214565 46.290484 4.467189 43.320406
10450 8 2.342017 46.809971 4.442634 44.274444
10500 10 2.004809 43.144577 4.623581 39.308605
10550 10 1.979172 36.370656 4.600904 39.922911
10600 8 2.150398 27.316739 4.621868 40.804089
10650 8 2.271774 35.037397 4.648945 41.819361
10700 9 2.702593 44.389279 4.631659 38.898685
10750 8 2.495175 45.504248 4.549037 52.451851
10800 8 2.375441 35.696397 4.562715 47.964874
10850 10 2.147442 43.006076 4.582085 47.135859
10900 8 2.380842 35.236975 4.518839 42.616122
10950 9 2.542238 35.360474 4.541042 47.731934
11000 7 2.727216 39.174646 4.534603 44.957547
11050 9 2.822252 30.984920 4.565815 45.770351
11100 8 3.051001 34.678770 4.565811 41.613432
11150 8 3.439228 35.791783 4.494260 41.699540
11200 9 3.519648 30.962245 4.422115 47.877299
11250 10 3.241603 31.780249 4.410416 42.977615
11300 9 3.177167 31.583217 4.403584 41.607071
11350 8 2.782423 28.522745 4.459120 45.132548
11400 9 2.502683 18.899961 4.469031 48.911975
11450 8 2.624444 21.027848 4.459309 44.118546
11500 8 2.872365 23.001989 4.440379 41.016248
11550 9 2.932677 30.412449 4.424792 41.610349
11600 8 3.001547 28.509091 4.412953 48.782823
11650 9 2.929859 27.706107 4.364336 43.676789
11700 9 2.947344 30.904087 4.438710 43.093472
11750 9 2.786751 27.426568 4.357318 46.346177
11800 8 2.897331 29.280849 4.416729 38.816110
11850 8 2.895287 20.016513 4.412137 41.700311
11900 9 3.266658 18.218607 4.383412 40.510717
11950 8 3.204354 23.264324 4.331802 44.399683
12000 8 2.821664 23.604640 4.317283 51.895945
12050 9 2.620976 31.328033 4.299233 48.337446
12100 8 2.412110 26.677302 4.371411 52.471123
12150 9 2.464267 25.332143 4.585143 49.350190
12200 8 2.497081 30.556563 4.575758 49.115749
12250 8 2.744954 27.510667 4.652485 36.673434
12300 8 2.284446 33.304013 4.658115 52.404546
12350 8 2.287173 24.786049 4.584064 43.292402
12400 8 2.544954 28.652522 4.458231 51.386446
12450 7 2.615162 28.645772 4.535131 37.133129
12500 8 2.653797 29.766216 4.451176 43.531703
12550 8 2.910457 32.369628 4.405172 47.388401
12600 9 2.560162 24.959803 4.426181 40.751993
12650 8 2.765061 27.950389 4.459771 39.530674
12700 9 2.821741 26.065687 4.458548 41.322520
12750 8 2.885620 26.304771 4.463575 50.957713
12800 8 2.743921 28.972598 4.386274 46.195446
12850 10 2.747833 30.816299 4.258782 46.270401
12900 8 2.614325 36.449310 4.199504 54.272440
12950 9 2.556913 35.400326 4.220693 51.870903
13000 9 2.803695 32.407591 4.240955 51.926709
13050 8 2.589649 36.865395 4.206907 58.549111
13100 10 2.582732 37.582698 4.260361 43.160750
13150 10 2.405558 40.856001 4.302126 52.181252
13200 8 2.713272 37.752218 4.233826 48.830252
13250 8 2.974677 40.486440 4.355996 39.812468
13300 9 2.934679 47.734275 4.362053 49.520850
13350 9 2.655373 41.837298 4.376336 41.305675
13400 8 2.238628 38.791084 4.394611 48.238306
13450 10 2.213253 35.639579 4.515274 40.935879
13500 9 2.378976 33.387471 4.543913 39.648305
13550 9 2.136613 30.606310 4.550385 47.555887
13600 11 2.019941 33.984339 4.648296 43.802453
13650 8 2.341346 32.050787 4.600169 43.529173
13700 10 2.259190 28.127779 4.638868 44.567349
13750 8 2.618447 26.557209 4.520789 41.889427
13800 8 2.669832 25.742327 4.455239 50.448447
13850 8 2.673604 27.958793 4.530623 45.268880
13900 10 2.673187 26.392572 4.401032 43.206803
13950 8 2.976956 31.650309 4.569939 46.305068
14000 8 3.347955 30.898285 4.638451 35.636194
14050 8 3.163396 31.494698 4.405452 44.959180
14100 9 3.079677 37.507825 4.446716 45.771645
14150 8 2.963593 31.351774 4.356377 46.329170
14200 9 2.509989 34.594421 4.371036 51.016757
14250 8 2.414016 37.981228 4.523333 48.897406
14300 9 2.593966 35.682740 4.436316 46.334035
14350 8 2.318598 30.304870 4.501091 47.057983
14400 10 2.775061 29.696478 4.585428 46.130821
14450 7 2.573485 32.419365 4.625125 44.818469
14500 9 2.380315 36.929236 4.621289 47.038338
14550 6 2.929388 35.591275 4.604727 46.532895
14600 8 3.048126 33.497077 4.667418 36.629448
14650 8 2.974445 45.086561 4.616777 36.522624
14700 8 3.072718 43.081181 4.670234 36.769123
14750 7 3.342261 40.078162 4.668421 35.817618
14800 8 3.206583 35.557521 4.706102 35.748718
14850 9 3.223571 37.433515 4.666145 33.130560
14900 8 2.913497 42.781275 4.617231 42.971903
14950 9 2.959796 33.041856 4.512719 40.083338
15000 9 2.827181 29.299919 4.563228 37.636089
15050 9 2.801582 28.523469 4.606769 35.534487
15100 8 3.003564 37.433515 4.585141 35.687802
15150 8 2.842200 30.716671 4.709046 33.520199
15200 9 2.975920 29.698011 4.701272 35.234563
15250 8 2.595467 25.116581 4.523124 43.469817
15300 8 2.797128 24.641948 4.456546 47.161209
15350 9 2.894226 31.584943 4.391338 42.124847
15400 8 3.294721 29.993181 4.431245 40.707117
15450 9 3.138886 33.008322 4.385948 38.821396
15500 8 3.204937 34.118624 4.386854 40.354730
15550 9 3.489667 32.704648 4.388067 46.103631
15600 8 3.639568 31.704717 4.316075 42.684778
15650 8 3.496548 46.041588 4.334556 42.639061
15700 9 3.517981 47.835714 4.400815 40.255844
15750 10 3.548978 45.289771 4.478093 42.134773
15800 8 3.267022 43.625318 4.475289 39.468823
15850 8 3.128557 38.482113 4.444089 35.795894
15900 8 2.932303 36.481213 4.545624 37.136292
15950 9 2.738341 40.690261 4.577058 43.355813
16000 8 2.729912 45.266417 4.563843 43.255407
16050 8 2.699882 41.461929 4.513902 47.629268
16100 10 2.330788 37.420024 4.666620 40.895580
16150 8 2.565228 38.086265 4.586975 41.728669
16200 8 2.634912 33.832771 4.575845 43.232980
16250 7 2.689402 35.248636 4.591805 43.040649
16300 10 2.819886 50.179304 4.567442 43.817816
16350 7 2.688458 39.022428 4.536781 42.385650
16400 7 3.039328 41.819543 4.540988 43.342186
16450 8 2.785296 36.681117 4.528457 43.236081
16500 7 2.737969 29.254294 4.626313 41.873833
16550 8 2.751483 26.281586 4.646396 45.147047
16600 8 2.516192 26.603060 4.572234 46.888127
16650 7 2.460981 36.304518 4.615053 46.157239
16700 7 2.640741 32.192006 4.616221 41.384122
16750 8 2.675913 25.144844 4.668240 36.392482
16800 9 2.734761 30.074034 4.698541 38.809447
16850 10 2.833747 36.293863 4.723077 37.588028
16900 9 2.664753 37.490393 4.676435 38.304669
16950 8 2.866296 32.907712 4.704106 39.280086
17000 8 2.892962 28.262208 4.726852 40.376208
17050 8 2.756244 32.113790 4.702333 40.997729
17100 8 2.623355 26.775455 4.716021 41.530260
17150 7 2.334882 33.868122 4.746165 40.987162
17200 11 2.313870 34.278384 4.672575 41.048654
17250 8 2.246174 40.088697 4.674095 39.457560
17300 8 2.443915 40.526147 4.593761 40.556801
17350 8 2.425478 32.784984 4.578318 40.726257
17400 8 2.626377 31.212927 4.640937 44.283902
17450 9 2.822573 36.300017 4.544368 40.882234
17500 10 2.638173 36.084544 4.593646 41.016867
17550 9 2.262138 36.928248 4.545546 42.027616
17600 9 2.085245 34.655534 4.523716 39.258905
17650 8 2.347923 30.825609 4.453385 42.327803
17700 9 2.068871 29.636207 4.372596 59.891240
17750 8 2.567177 34.094780 4.473707 46.049566
17800 8 2.981040 36.712312 4.478091 40.521559
17850 8 2.927691 42.423319 4.387370 47.676833
17900 9 2.915887 40.791593 4.428495 44.213511
17950 9 2.898108 37.067561 4.389282 41.048527
18000 8 3.130543 37.756548 4.316217 45.211178
18050 8 3.151657 35.569530 4.228388 51.371529
18100 8 3.065396 42.908673 4.367771 44.699351
18150 9 3.208420 47.242310 4.438099 40.081116
18200 8 3.149006 42.227312 4.401943 41.368926
18250 8 3.063086 39.168156 4.384462 43.674987
18300 8 2.649960 39.947517 4.440504 42.608467
18350 8 2.230891 41.192187 4.463504 49.486129
18400 9 2.209591 36.326257 4.482459 43.557464
18450 8 2.555164 29.989175 4.452870 46.693334
18500 8 2.892076 27.551686 4.578807 40.498357
18550 9 2.790412 40.073678 4.588714 40.355071
18600 7 2.956331 46.530974 4.529674 42.472957
18650 9 2.590087 46.157391 4.561323 42.041427
18700 9 2.243852 47.715881 4.442247 46.077689
18750 9 2.451420 43.286804 4.429395 47.104531
18800 9 2.547813 32.520667 4.382543 50.308989
18850 8 2.601892 28.966193 4.481422 41.608244
18900 8 2.878644 28.389900 4.481135 42.086614
18950 9 3.112658 22.622242 4.624953 35.169498
19000 8 2.981784 31.085860 4.551631 42.181433
19050 8 2.871213 22.382910 4.448328 52.467429
19100 7 2.861166 27.090251 4.326209 46.053593
19150 10 2.944903 32.082810 4.419079 40.859639
19200 9 2.815682 37.380819 4.445249 41.047579
19250 9 2.682731 35.172205 4.564832 46.225394
19300 10 2.489586 34.594302 4.517616 46.257146
19350 9 2.243848 40.395243 4.500741 51.006139
19400 8 2.416234 43.553351 4.576651 50.662470
19450 7 2.636063 35.792394 4.588890 43.024170
19500 9 2.630586 33.906945 4.572382 41.496457
19550 9 2.672104 40.923633 4.548793 43.545992
19600 8 2.979602 42.420057 4.542581 40.545125
19650 8 3.008565 46.101854 4.477610 46.517356
19700 9 2.927635 47.023167 4.529738 39.786209
19750 7 2.772588 44.191548 4.615031 36.016339
19800 8 2.590511 45.165585 4.541197 45.617554
19850 8 2.780918 42.427106 4.541368 39.928616
19900 9 2.472707 48.721195 4.368762 45.110230
19950 8 2.681342 37.845130 4.331735 42.444430
20000 9 2.694004 33.590401 4.329556 48.649421
20050 8 2.950464 30.831536 4.466793 40.854176
20100 8 3.118854 29.376411 4.406575 40.352707
20150 8 3.145642 25.943047 4.413289 40.324241
20200 8 3.076693 29.601225 4.490123 41.862924
20250 9 2.968321 33.582357 4.543527 40.090388
20300 8 2.967490 37.487599 4.528098 38.907977
20350 9 2.986052 41.520995 4.575345 37.949943
20400 8 2.861906 38.727422 4.480931 40.671290
20450 9 2.698684 42.134347 4.464179 41.157871
20500 8 2.600453 41.095570 4.431474 42.630650
20550 9 2.954978 44.090775 4.454905 39.040974
20600 8 3.055047 46.243832 4.491981 41.923409
20650 8 3.213759 48.725643 4.538000 41.529268
20700 8 2.813289 40.407937 4.477697 47.338883
20750 9 2.676711 41.557640 4.502927 43.731046
20800 9 2.386598 41.402844 4.536506 41.268850
20850 8 2.398263 39.297634 4.559426 38.063707
20900 8 2.610578 38.401877 4.633419 42.142787
20950 8 2.688442 43.022084 4.527865 44.872050
21000 8 2.674726 44.311510 4.480215 39.030450
21050 9 2.792917 40.744608 4.488913 43.356230
21100 8 2.820917 38.463458 4.486019 41.354519
21150 8 2.776027 36.825356 4.409519 39.773018
21200 9 2.418421 34.862991 4.332650 53.960562
21250 11 2.613295 37.873515 4.277574 49.618008
21300 9 2.425878 38.578586 4.308012 62.272866
21350 8 2.616799 35.448077 4.412304 47.666917
21400 8 2.553441 38.410137 4.433923 46.748654
21450 8 2.851753 41.464261 4.475389 43.662312
21500 9 2.901619 41.691034 4.541238 44.005170
21550 8 3.173836 35.952013 4.449164 38.094022
21600 8 3.153523 38.735422 4.517610 36.334459
21650 9 3.518696 38.399898 4.431434 35.618099
21700 8 3.168660 44.016585 4.381668 44.056971
21750 9 3.035692 49.555396 4.398312 42.513627
21800 8 3.207835 46.733969 4.335787 50.232277
21850 8 3.099608 48.259447 4.346651 46.357410
21900 9 3.057375 49.478490 4.378999 42.217552
21950 8 3.455352 37.047009 4.400151 42.302655
22000 8 3.514095 28.945155 4.401382 40.462189
22050 9 3.607424 39.892159 4.326470 41.247773
22100 9 3.474835 42.727719 4.389195 38.434165
22150 8 3.454924 47.801819 4.333849 42.779257
22200 9 3.284507 47.321773 4.343586 41.937470
22250 9 3.145532 46.206629 4.335134 42.166659
22300 8 3.158158 46.355403 4.393427 44.886816
22350 9 3.331531 46.137658 4.408236 39.487995
22400 9 3.441151 47.700411 4.302672 40.529040
22450 9 3.595234 47.304883 4.283704 42.535520
22500 8 3.615759 50.347652 4.272303 37.949830
22550 8 3.583906 52.906137 4.280126 41.129327
22600 8 3.690531 47.357795 4.366830 44.554514
22650 8 3.653373 53.174429 4.294913 43.342610
22700 8 3.514555 50.219747 4.355727 39.713107
22750 10 3.848201 49.814378 4.246891 37.799691
22800 8 3.757834 56.370170 4.312519 40.276223
22850 9 3.966111 60.618683 4.284003 37.386724
22900 8 3.677176 57.334826 4.425664 37.586733
22950 8 4.048490 52.545755 4.308818 37.155238
23000 8 4.036991 49.752568 4.309841 38.294829
23050 9 3.776101 50.343598 4.322053 38.903237
23100 9 3.832372 42.720720 4.261377 37.563748
23150 9 4.002249 52.506487 4.212456 39.154801
23200 9 3.987282 50.121880 4.282652 38.887312
23250 9 3.687222 46.573993 4.255292 39.830944
23300 9 3.580391 39.933266 4.272327 51.594899
23350 8 3.443106 37.287172 4.273507 38.950240
23400 9 3.402219 44.432101 4.295297 38.885169
23450 9 3.623455 33.776413 4.232471 40.409378
23500 8 3.546974 37.269078 4.237858 41.663827
23550 8 3.715128 36.437326 4.250542 43.181436
23600 8 3.596397 39.399471 4.260231 43.462077
23650 7 3.643870 35.010484 4.371165 40.196051
23700 8 3.410760 34.308501 4.360517 44.315231
23750 9 3.174060 40.211332 4.348435 45.811847
23800 9 2.978087 41.499679 4.228735 51.087224
23850 9 2.821191 41.936761 4.320282 49.395186
23900 10 2.647589 37.846713 4.386523 44.835374
23950 10 2.631987 37.038349 4.474085 42.742574
24000 8 2.502875 44.111615 4.524004 47.171556
24050 8 2.283105 36.087678 4.572892 48.129002
24100 8 2.916094 42.958123 4.502451 45.372083
24150 8 2.888063 46.241456 4.332691 46.813038
24200 9 2.770292 47.828233 4.309715 45.367498
24250 8 2.863876 33.924060 4.270915 50.531175
24300 8 2.699123 33.809596 4.309660 47.356976
24350 9 2.974689 36.325134 4.301709 48.544326
24400 9 3.088589 46.322604 4.265212 50.904314
24450 8 3.033237 43.973549 4.308047 48.213580
24500 8 2.952732 43.692162 4.363080 48.838828
24550 8 3.196393 49.895908 4.398479 45.600475
24600 7 3.333024 46.182291 4.384444 48.096057
24650 8 3.396798 40.350427 4.369631 46.817726
24700 8 3.120421 38.558222 4.460059 43.042707
24750 8 3.331663 36.487898 4.449852 44.035977
24800 8 3.460867 32.613140 4.390593 40.970572
24850 8 3.417837 36.320880 4.413359 47.093859
24900 7 3.453622 33.461409 4.444837 37.461249
24950 9 3.477163 36.922406 4.380634 38.710957
25000 8 3.395091 27.897802 4.459365 35.016255
25050 8 3.167803 27.235000 4.573411 40.753047
25100 8 2.817586 19.877833 4.578776 44.778287
25150 9 2.791636 21.913913 4.576143 41.539755
25200 9 3.008246 33.250798 4.512693 40.416113
25250 8 3.188873 39.064975 4.429919 40.526216
25300 8 2.970561 38.653086 4.473709 39.091402
25350 9 2.643386 30.424290 4.330258 58.577742
25400 8 2.388953 29.328860 4.360621 53.610625
25450 10 2.349218 27.401074 4.444078 45.150023
25500 9 2.255456 30.704467 4.485327 45.970080
25550 8 2.715542 28.409256 4.417239 47.486064
25600 10 3.122161 26.831428 4.341907 41.077119
25650 9 3.068899 27.573791 4.331261 42.528481
25700 9 2.851917 30.315696 4.361490 51.190072
25750 9 3.207970 31.025812 4.284449 46.448896
25800 8 2.883243 38.176579 4.354109 46.277023
25850 8 2.679033 37.818017 4.347541 45.829005
25900 8 2.659890 33.188379 4.408159 44.023285
25950 9 2.717710 25.951931 4.377697 43.550978
26000 8 2.572520 35.280212 4.399426 44.812709
26050 8 2.625598 29.119120 4.433818 46.347491
26100 8 3.014248 34.042657 4.507878 38.984615
26150 7 3.128130 35.244362 4.563033 44.305799
26200 7 3.105911 30.376851 4.643314 33.357539
26250 8 2.793703 33.480613 4.570773 41.264398
26300 8 2.953966 35.288280 4.651480 38.594645
26350 8 3.026957 40.924372 4.599097 38.861497
26400 9 3.349340 33.908295 4.540682 40.702044
26450 8 3.106037 39.171766 4.571338 41.534495
26500 7 3.008160 37.450220 4.544003 39.827154
26550 8 3.220224 37.689887 4.520110 41.232087
26600 6 3.132923 32.890158 4.529910 42.781306
26650 8 2.654704 31.913141 4.411025 48.146948
26700 9 2.459555 23.274918 4.357485 51.696288
26750 8 2.706151 26.276465 4.449665 41.560272
26800 7 2.812813 27.965719 4.510454 48.060235
26850 8 3.007265 31.769340 4.530176 42.231833
26900 8 2.804134 36.757553 4.604379 37.599286
26950 8 2.490628 32.966016 4.546759 43.284544
27000 8 2.490236 32.950703 4.501777 41.867316
27050 10 2.869064 34.554911 4.457637 40.235172
27100 9 2.553387 35.986759 4.467679 41.105886
27150 9 2.870375 43.840738 4.442829 41.098933
27200 8 2.781718 43.853629 4.497688 45.529632
27250 9 2.862732 42.261844 4.453483 42.524074
27300 10 2.934744 43.014264 4.463415 46.310936
27350 8 2.697927 45.918439 4.474173 38.383069
27400 8 2.945513 40.510114 4.515584 39.252754
27450 9 2.792061 38.568546 4.527804 40.776648
27500 8 2.706596 35.231217 4.516227 49.226607
27550 8 2.708866 44.205655 4.546465 42.617502
27600 8 2.833854 31.217511 4.489289 42.167210
27650 9 2.892181 34.506555 4.413512 40.242584
27700 8 2.832686 34.009340 4.517880 38.525178
27750 9 2.712544 34.640123 4.508303 42.052071
27800 8 2.756825 37.610046 4.525401 40.611649
27850 8 2.828260 27.577681 4.543230 39.983090
27900 8 2.722653 24.155604 4.522026 41.145627
27950 9 2.614803 31.902578 4.506039 43.410947
28000 11 2.668116 35.270449 4.520956 41.770328
28050 9 2.499213 41.810151 4.597789 41.347579
28100 8 2.743162 37.217407 4.532989 41.286857
28150 8 2.766496 27.996130 4.544529 42.773983
28200 8 2.861987 26.132301 4.466242 39.505206
28250 8 2.849627 24.900940 4.476943 41.581251
28300 8 3.038387 25.735873 4.391498 41.534990
28350 8 2.801082 20.453977 4.496169 43.094767
28400 8 2.928543 19.752359 4.417884 41.639487
28450 8 2.895426 16.811947 4.424041 43.403526
28500 9 2.854517 26.467884 4.416387 45.401189
28550 9 2.714191 20.727652 4.355827 45.937635
28600 8 3.218617 27.004309 4.401918 35.264310
28650 8 3.352441 25.980568 4.400609 47.589145
28700 10 3.234788 20.217836 4.431461 40.296733
28750 9 3.137959 20.098483 4.439815 49.398187
28800 9 3.254629 18.770288 4.360982 44.856855
28850 8 3.195975 18.851216 4.294775 45.064792
28900 9 2.827368 13.495196 4.271598 47.250974
28950 9 2.922370 18.713220 4.292404 47.306572
29000 9 3.034638 23.670404 4.243331 46.854457
29050 9 3.549006 23.880464 4.257278 47.033572
29100 8 3.613754 22.473599 4.269127 44.057483
29150 9 3.283117 21.987981 4.234821 43.953507
29200 9 3.239414 16.789326 4.307070 47.214615
29250 8 3.280518 15.091106 4.322669 46.541292
29300 9 2.990172 15.655993 4.365185 47.501604
29350 9 3.073838 14.970880 4.304060 45.356005
29400 9 3.085994 15.415393 4.313989 42.508837
29450 8 2.985540 19.162744 4.296404 53.684383
29500 9 2.467386 20.084255 4.287203 61.370794
29550 8 2.772832 18.633640 4.310751 56.001060
29600 8 2.682843 17.028149 4.267313 48.787916
29650 9 2.730047 20.694138 4.389625 44.964008
29700 9 2.839715 20.497550 4.386309 40.318086
29750 8 2.655761 13.303060 4.318828 52.608700
29800 9 2.566593 17.305948 4.347159 47.613175
29850 8 2.662195 20.632378 4.491866 41.417332
29900 8 2.437179 27.135921 4.487475 47.198158
29950 9 2.480496 20.690521 4.493175 44.755070
30000 8 2.676656 22.960009 4.483589 44.914255
30050 9 2.514007 28.253082 4.336480 43.346683
30100 10 2.696555 26.630916 4.399527 43.468659
30150 8 2.523956 27.073377 4.483278 48.557183
30200 10 2.432962 24.766153 4.412669 43.495604
30250 8 2.176387 27.181939 4.410057 40.896981
30300 11 2.108016 26.411500 4.394323 43.366111
30350 9 1.940298 28.899830 4.429918 44.778505
30400 10 1.731710 23.461281 4.547675 47.991335
30450 10 1.996758 27.674603 4.532735 49.049712
30500 11 2.054011 28.698619 4.676057 44.134466
30550 9 2.529034 28.150026 4.605344 40.728660
30600 8 2.489463 26.379600 4.663792 40.575938
30650 8 2.535057 26.188445 4.571119 48.970371
30700 8 2.691855 32.447171 4.543474 42.087338
30750 9 2.846398 33.148712 4.627920 35.936504
30800 8 2.580189 32.610549 4.531165 42.257464
30850 10 2.797847 29.859989 4.353452 50.826783
30900 8 2.943923 25.429471 4.411202 40.887028
30950 8 2.683023 26.424765 4.390985 44.906671
31000 8 2.862033 28.425566 4.323308 55.795123
31050 9 2.909353 31.896101 4.350680 50.305382
31100 8 3.254772 30.045073 4.300632 46.568455
31150 8 3.526334 34.642357 4.364954 39.069075
31200 8 3.318397 41.062878 4.372393 44.765248
31250 8 3.187910 27.286933 4.474727 36.212074
31300 8 3.371628 34.075845 4.407095 42.206330
31350 8 3.374884 42.100836 4.317458 44.013232
31400 8 3.260321 30.816066 4.361677 44.430396
31450 9 2.519341 41.432659 4.386642 43.472401
31500 8 2.752411 42.230464 4.329041 45.510226
31550 8 2.705197 38.421681 4.320016 43.834912
31600 8 2.578639 39.012321 4.381165 43.777154
31650 8 2.452372 41.379185 4.432953 49.409912
31700 9 2.518898 42.217458 4.474630 44.956766
31750 9 2.487716 38.440971 4.544344 43.936019
31800 10 2.440646 34.621806 4.491028 44.459517
31850 9 2.369991 39.566109 4.587100 42.047908
31900 8 2.657150 38.339843 4.612919 40.770720
31950 8 3.066848 32.113723 4.573213 38.329894
32000 9 3.357469 37.664085 4.516632 38.077872
32050 11 3.385838 44.653480 4.460724 47.436841
32100 7 3.366975 40.146427 4.579851 41.800501
32150 7 3.438989 46.369587 4.551628 38.152800
32200 8 3.267388 43.804423 4.639543 39.090213
32250 6 3.448927 45.252037 4.599508 36.652232
32300 7 3.463946 50.584456 4.575829 41.460194
32350 8 3.420744 52.363865 4.470921 39.850288
32400 7 3.171735 51.056254 4.456622 40.641701
32450 8 3.215081 49.925957 4.498285 43.648042
32500 8 2.985155 38.443610 4.348537 45.349987
32550 9 2.921378 47.877775 4.212551 49.072310
32600 8 3.030882 50.519882 4.144226 43.144443
32650 9 2.861738 45.341175 4.203699 48.457363
32700 8 2.881735 48.494561 4.051126 57.639410
32750 9 3.120108 53.522777 4.041447 57.118339
32800 8 3.331207 50.971804 4.188950 48.873668
32850 9 3.407780 50.363197 4.297775 43.043604
32900 9 3.265473 50.672982 4.322594 47.772572
32950 9 3.095888 54.221565 4.311747 47.107777
33000 9 3.226508 54.778727 4.310811 47.525353
33050 9 3.217470 44.600039 4.266595 45.977317
33100 8 2.982899 44.270847 4.300314 49.734288
33150 8 3.022191 40.019747 4.309160 47.156143
33200 8 3.368152 46.535658 4.324898 46.270629
33250 8 3.092341 54.766807 4.395738 45.425604
33300 8 2.866939 45.576686 4.424314 46.193527
33350 9 2.942907 52.405410 4.343180 47.713854
33400 8 3.052685 41.747094 4.435242 44.902071
33450 8 3.051964 41.893537 4.470347 42.608062
33500 8 3.129498 48.655804 4.383771 41.179375
33550 8 3.161163 40.270640 4.364631 43.203338
33600 9 3.091937 46.836997 4.364251 43.962958
33650 8 2.972756 45.500533 4.422911 46.202159
33700 7 2.759804 43.575682 4.495176 49.966112
33750 8 2.788868 44.163053 4.401550 43.204468
33800 8 2.719396 45.994600 4.422244 44.879585
33850 9 2.690132 47.654819 4.341660 48.737713
33900 8 2.712734 43.754954 4.485713 49.561322
33950 9 3.165802 48.724646 4.521083 42.607503
34000 8 3.295384 49.818093 4.451814 36.853950
34050 8 3.467671 44.208095 4.372904 40.629448
34100 9 3.176101 50.330870 4.350120 45.893365
34150 8 2.949989 54.584504 4.393456 41.872018
34200 10 3.184795 53.293118 4.461349 41.851778
34250 10 3.325358 51.752208 4.559220 36.674323
34300 8 3.120002 56.215379 4.546447 42.622866
34350 7 3.135889 54.536658 4.495498 50.399207
34400 9 2.665149 67.057902 4.432793 42.609121
34450 10 2.614328 56.723741 4.445448 41.816857
34500 8 2.593741 56.953058 4.375168 41.818721
34550 10 2.889786 58.165880 4.364901 40.935086
34600 8 3.213601 54.704887 4.313222 40.101349
34650 8 3.345637 53.909053 4.314362 41.794805
34700 8 3.281679 55.668026 4.299183 41.469144
34750 8 3.370033 46.833344 4.324969 44.243114
34800 8 3.287489 49.501746 4.240298 48.368352
34850 9 3.453644 59.261874 4.212409 47.448386
34900 8 3.675529 51.763567 4.264069 44.568971
34950 9 3.589645 53.164461 4.193913 43.015547
35000 8 3.449888 54.972406 4.236460 45.252904
35050 9 3.559674 49.913696 4.214705 44.553119
35100 9 3.604070 50.349739 4.139179 47.085601
35150 8 3.451935 44.736059 4.226661 46.981830
35200 8 2.745025 35.936525 4.218811 45.488756
35250 8 3.164272 40.457660 4.218040 47.070993
35300 10 2.941349 44.698993 4.193695 44.424418
35350 8 3.228687 50.832325 4.257811 49.920770
35400 8 3.185258 41.156397 4.261172 42.625898
35450 8 3.165401 45.336183 4.447979 35.073725
35500 9 3.217584 43.770333 4.440511 42.836954
35550 8 2.742160 43.080620 4.456529 43.918580
35600 8 3.018174 40.943556 4.388930 44.920418
35650 9 3.292681 36.717847 4.412008 41.313083
35700 8 3.190926 34.316760 4.375923 42.248154
35750 9 3.336306 35.587979 4.226606 46.584924
35800 9 3.253133 38.741648 4.236787 43.905302
35850 9 3.133232 39.536838 4.258404 45.404297
35900 8 3.111145 41.529786 4.281462 46.522229
35950 9 3.158432 40.411748 4.316167 43.435222
36000 9 3.228062 39.835715 4.274564 39.702369
36050 9 3.384375 41.672486 4.263694 44.601357
36100 8 3.366550 42.736112 4.335079 48.522484
36150 9 3.262224 43.985715 4.335999 44.166912
36200 8 3.030917 44.850431 4.309982 51.025805
36250 9 2.972263 43.595402 4.339816 38.805797
36300 9 3.209306 41.792880 4.441942 44.155894
36350 8 3.286765 40.668583 4.271964 48.770065
36400 8 3.648227 38.313177 4.210709 45.489513
36450 9 3.529251 40.642665 4.296106 32.946475
36500 8 3.794962 41.730093 4.279497 45.894575
36550 8 3.542584 46.616702 4.219981 45.437178
36600 8 3.308345 42.495557 4.162214 47.171335
36650 8 3.538443 48.678647 4.323189 40.560445
36700 10 3.684541 43.628338 4.201694 41.475563
36750 9 3.461603 40.882944 4.151695 49.306067
36800 9 3.562928 43.755562 4.272569 41.200869
36850 8 3.607693 50.122891 4.275667 46.972192
36900 9 3.485948 42.886172 4.265278 47.908429
36950 8 3.780375 42.763565 4.290922 44.897097
37000 8 3.738254 46.814017 4.317834 46.092803
37050 8 3.553554 52.445599 4.317834 46.092803
37100 9 3.969962 52.910473 4.329614 46.483072
37150 9 3.705597 51.206145 4.301171 46.478432
37200 8 3.230115 49.429872 4.313692 46.954773
37250 9 3.016632 54.599138 4.294250 47.851664
37300 9 3.624421 45.622382 4.217980 46.783906
37350 8 3.012808 48.867987 4.227538 47.302899
37400 8 2.822828 43.537373 4.291236 49.709580
37450 8 2.947744 47.491884 4.297866 49.087127
37500 8 3.040597 46.302434 4.260918 48.536047
37550 9 3.114612 50.311105 4.271510 48.902285
37600 8 2.898499 34.191497 4.305549 48.531445
37650 8 2.866230 30.115131 4.309219 48.962013
37700 8 2.858198 42.154781 4.351748 48.496760
37750 10 2.886943 36.212302 4.351748 48.496760
37800 8 2.905835 38.856004 4.337711 48.388036
37850 8 2.778152 44.920140 4.337711 48.388036
37900 9 2.976414 45.573248 4.337711 48.388036
37950 9 2.847729 48.550764 4.337711 48.388036
38000 10 3.139486 44.808072 4.337711 48.388036
38050 8 3.154959 35.524851 4.337711 48.388036
38100 8 2.986074 36.613259 4.337711 48.388036
38150 8 3.047610 44.852518 4.337711 48.388036
38200 8 3.086149 42.503452 4.334152 48.612558
38250 10 2.996808 47.197749 4.338375 48.527896
38300 8 2.948329 34.618492 4.393873 48.577955
38350 8 3.099459 35.644700 4.389882 48.629387
38400 8 3.139683 40.338132 4.389882 48.629387
38450 8 2.959835 43.764475 4.389882 48.629387
38500 8 2.748737 41.728226 4.389882 48.629387
38550 8 2.948384 33.746180 4.382564 48.626993
38600 8 2.933372 28.012416 4.354418 48.082039
38650 8 2.958326 31.622320 4.352060 48.922032
38700 9 2.875196 32.375069 4.364941 49.001441
38750 9 2.862659 28.206807 4.364941 49.001441
38800 9 2.711917 28.100532 4.364941 49.001441
38850 8 2.626585 31.115726 4.346451 49.102713
38900 9 2.646242 27.614246 4.354390 48.344298
38950 8 2.573576 24.182727 4.332406 49.786839
39000 8 2.675251 31.299833 4.380768 48.264397
39050 9 2.513226 31.948888 4.410287 45.115249
39100 8 2.585289 28.072973 4.453127 47.785825
39150 11 2.376948 29.973649 4.442673 49.505680
39200 10 2.297310 30.666270 4.449295 51.629386
39250 8 2.587237 33.464488 4.468830 43.776409
39300 10 2.588262 30.713606 4.420233 47.536582
39350 9 2.422719 20.222274 4.420233 47.536582
39400 8 2.491112 31.687354 4.454075 47.791484
39450 9 2.521438 27.892809 4.477376 46.854059
39500 8 2.920330 22.431596 4.440556 46.685517
39550 9 2.824217 28.494350 4.440556 46.685517
39600 8 3.143876 27.744046 4.420844 45.650623
39650 9 3.048653 38.806891 4.397238 45.356418
39700 9 2.904070 38.622205 4.397816 45.136954
39750 8 2.584367 30.840920 4.428679 45.373215
39800 8 2.634427 32.273740 4.461120 45.269851
39850 9 2.872227 26.299291 4.461120 45.269851
39900 7 3.010420 32.752579 4.479211 45.257776
39950 8 2.960913 35.321985 4.479211 45.257776
40000 8 2.893154 41.041739 4.479211 45.257776
40050 8 2.719656 40.192956 4.482791 45.074751
40100 9 2.568221 37.346657 4.485826 45.500367
40150 8 2.735114 38.500018 4.485826 45.500367
40200 8 2.471283 37.580098 4.492725 45.153166
40250 8 2.351971 32.209906 4.458277 45.090802
40300 10 2.290669 36.116626 4.483553 44.961272
40350 8 2.322420 38.209121 4.480936 45.162035
40400 8 2.621691 28.425050 4.480936 45.162035
40450 10 2.581218 36.097014 4.480936 45.162035
40500 8 2.487244 41.606015 4.451418 45.062235
40550 9 2.543262 40.001926 4.440751 44.949875
40600 10 2.556299 36.975251 4.446506 45.118083
40650 9 2.679898 31.154621 4.446506 45.118083
40700 8 2.840935 35.677969 4.446506 45.118083
40750 9 2.981018 34.196944 4.446506 45.118083
40800 9 3.080714 24.034296 4.438479 44.983699
40850 9 2.860177 32.433251 4.445581 45.059759
40900 9 2.846626 30.617593 4.461362 45.130770
40950 9 2.523076 21.310453 4.436050 45.255286
41000 9 2.671954 21.726340 4.436050 45.255286
41050 9 2.617367 29.130332 4.420069 45.080161
41100 9 2.384889 30.808373 4.420069 45.080161
41150 9 2.523619 32.899830 4.397104 45.236158
41200 10 2.672335 29.070698 4.397104 45.236158
41250 8 2.638779 28.138079 4.374697 45.290154
41300 9 2.630932 39.015180 4.374697 45.290154
41350 8 2.829169 36.381074 4.374697 45.290154
41400 8 2.786925 26.330782 4.381012 45.021224
41450 8 2.793398 33.721572 4.427012 45.469120
41500 9 2.833524 35.260089 4.427012 45.469120
41550 10 2.690934 43.101347 4.427012 45.469120
41600 9 2.519196 50.002222 4.395381 45.582879
41650 8 2.376344 40.637993 4.434300 45.535185
41700 8 2.389936 46.833923 4.428652 45.623288
41750 8 2.555374 41.965790 4.438728 45.385911
41800 8 2.555764 44.370811 4.438728 45.385911
41850 8 2.793493 34.738108 4.408041 45.498777
41900 9 2.757718 34.964309 4.380438 45.562608
41950 9 2.576683 36.965199 4.380438 45.562608
42000 8 2.689468 48.521401 4.368485 45.527782
42050 8 2.460905 45.666672 4.368485 45.527782
42100 8 2.681831 48.806636 4.359134 45.883988
42150 8 2.555321 41.874116 4.369731 45.886972
42200 7 2.784215 42.616257 4.369731 45.886972
42250 9 3.020114 44.731287 4.369731 45.886972
42300 8 2.900898 35.828332 4.417857 45.355790
42350 8 2.798635 39.819334 4.431915 45.297183
42400 8 3.030673 38.519429 4.431915 45.297183
42450 8 3.237402 41.173063 4.440925 45.442337
42500 9 3.214176 43.830576 4.441764 44.989346
42550 8 3.138160 47.316791 4.511323 40.825460
42600 8 3.243998 39.670240 4.406792 44.359467
42650 7 3.135931 38.441464 4.416544 42.732766
42700 10 3.015258 46.996990 4.518087 42.072720
42750 9 3.134277 48.397644 4.601814 38.557011
42800 8 3.058470 45.514703 4.530842 36.702524
42850 8 2.829736 43.927905 4.516904 44.021427
42900 9 2.987148 40.238263 4.391725 43.809233
42950 8 2.687476 44.776079 4.470865 44.520163
43000 8 2.736616 46.256444 4.475015 43.903063
43050 9 2.902817 52.680689 4.395595 52.063866
43100 8 3.029659 42.637188 4.478934 42.933548
43150 7 2.684913 44.294067 4.477852 48.234026
43200 10 2.528115 46.968030 4.497538 40.040160
43250 7 2.480729 48.191709 4.578840 41.167728
43300 7 2.721460 49.280254 4.647318 45.422022
43350 8 2.890710 47.777452 4.572185 44.201625
43400 8 2.748656 47.751069 4.537071 42.801266
43450 9 2.916611 43.658212 4.574397 31.939673
43500 10 2.366225 49.213169 4.529928 41.423054
43550 10 2.309983 43.596652 4.565324 42.831646
43600 9 2.443953 35.675880 4.535622 42.643516
43650 8 2.643022 37.485227 4.527901 44.265505
43700 9 2.528388 38.391534 4.452957 56.319666
43750 7 2.612684 44.439277 4.470110 52.364580
43800 8 2.532181 31.917487 4.448607 56.373024
43850 7 2.816520 34.159609 4.483956 43.971237
43900 8 2.764672 40.875938 4.423956 43.779304
43950 9 2.704085 43.406642 4.423148 47.408358
44000 9 2.372860 41.529968 4.461353 47.805659
44050 8 2.244263 39.881146 4.487243 43.384306
44100 9 2.599415 41.495979 4.486666 37.383322
44150 9 2.622565 40.659784 4.489766 43.583630
44200 9 2.712990 44.532664 4.460082 42.704490
44250 8 2.966210 41.854208 4.467105 43.208391
44300 8 2.720951 43.543991 4.533682 44.567515
44350 7 2.401354 46.422434 4.671029 52.716371
44400 9 2.391363 47.012845 4.662024 41.820291
44450 9 2.777036 54.880088 4.677638 38.481280
44500 8 2.681225 50.591521 4.656677 40.053560
44550 8 2.736610 55.173998 4.701706 39.625169
44600 8 2.609494 54.697381 4.624984 39.880442
44650 7 2.634687 49.697321 4.638159 39.892377
44700 8 3.020851 52.461053 4.487092 43.514977
44750 8 3.165330 52.617412 4.601076 34.762243
44800 8 3.226253 47.581970 4.403848 41.023111
44850 8 3.330518 47.169005 4.296944 46.455786
44900 8 3.405797 49.440302 4.271661 44.223948
44950 7 3.736268 50.867980 4.295684 50.000863
45000 8 3.701664 45.565616 4.202100 42.713567
45050 9 3.520067 40.824380 4.134543 51.428940
45100 9 3.293986 45.205968 4.126354 46.542095
45150 8 3.152923 52.434295 4.041242 53.310062
45200 8 3.091178 54.758869 4.127791 42.479495
45250 8 2.964861 56.589429 4.245349 53.196307
45300 9 3.127095 53.314611 4.246683 48.777996
45350 8 3.164292 54.165349 4.281536 43.932991
45400 8 3.556436 57.055721 4.286234 42.347938
45450 8 3.729840 59.567587 4.273613 43.135686
45500 8 4.131379 55.001136 4.243439 37.425154
45550 8 3.611772 45.075013 4.218692 43.241991
45600 8 3.611979 45.922422 4.208357 49.618243
45650 7 3.510312 47.425386 4.249549 50.470764
45700 8 3.559675 42.066109 4.190167 47.989703
45750 8 3.221784 35.374331 4.288754 48.062672
45800 9 3.012940 38.882726 4.373762 48.334696
45850 9 2.899110 48.724535 4.221141 47.598001
45900 8 2.966161 46.669204 4.302911 51.694435
45950 8 3.047158 44.297381 4.261790 47.239211
46000 8 2.964391 42.043858 4.355623 49.571747
46050 9 2.810185 38.539476 4.294723 49.611214
46100 8 2.584435 34.696073 4.320251 50.804989
46150 8 2.709224 39.519147 4.343389 51.393838
46200 9 2.833268 37.947696 4.286720 51.254174
46250 9 2.772892 46.280709 4.286720 51.254174
46300 8 2.810384 49.162114 4.291851 53.363392
46350 10 2.819977 42.715824 4.297657 50.050709
46400 9 2.909005 41.734681 4.300302 49.492323
46450 8 2.829759 45.100065 4.325425 50.244094
46500 8 2.688583 44.931890 4.263923 51.605809
46550 8 2.669794 38.220721 4.348608 52.248241
46600 9 2.423204 35.306484 4.331286 53.132444
46650 8 2.560755 29.721467 4.225955 51.439928
46700 8 2.813661 33.315982 4.247646 52.887565
46750 8 2.667529 30.616243 4.299151 51.811794
46800 8 2.589276 33.755202 4.309147 51.993777
46850 9 2.510445 30.006160 4.321736 61.822329
46900 8 2.641169 38.650909 4.346922 63.389729
46950 8 2.605051 39.988498 4.492776 50.646543
47000 9 2.624299 37.900811 4.374979 47.966360
47050 8 2.892355 44.965954 4.218491 50.826311
47100 10 2.732008 42.381886 4.166862 51.649673
47150 8 2.619491 41.160292 4.167268 57.123734
47200 9 2.733052 36.739464 4.107538 61.206728
47250 9 2.400684 34.584751 4.262593 60.123267
47300 8 2.559559 36.087859 4.353555 49.295760
47350 8 2.746862 37.686422 4.409505 47.744814
47400 9 2.805317 41.685079 4.412897 51.091959
47450 9 2.933223 41.293707 4.360673 46.296865
47500 8 3.241377 38.423459 4.347584 46.556974
47550 8 3.068707 42.311947 4.311344 48.149804
47600 8 2.953062 37.901725 4.368225 47.475419
47650 8 2.794919 37.829721 4.400423 48.939195
47700 8 2.812390 38.070027 4.414396 45.820953
47750 9 3.103037 38.618724 4.394708 47.194865
47800 9 3.153049 35.700737 4.340591 46.913985
47850 9 2.833594 33.119152 4.328620 49.264988
47900 8 2.969063 33.117722 4.248313 51.408504
47950 9 3.093198 31.706081 4.267943 48.513292
48000 9 2.908015 31.773551 4.409286 49.627601
48050 9 2.682725 29.782339 4.388245 43.566789
48100 8 2.933699 37.279274 4.133121 52.307901
48150 10 3.025805 42.305607 4.183258 46.965954
48200 8 3.117144 33.182471 4.070328 54.406240
48250 9 3.443529 34.984442 4.177746 41.810890
48300 8 3.072539 32.257564 4.258434 50.807361
48350 8 3.459642 30.757042 4.137947 44.682284
48400 8 3.823489 35.903056 4.251432 45.274123
48450 9 3.920786 46.984228 4.287995 42.799452
48500 8 3.785198 45.975516 4.262723 44.204763
48550 8 3.788375 44.916053 4.218117 44.210336
48600 8 3.852500 42.743609 4.099154 42.118015
48650 8 3.997272 40.048627 4.084184 47.561037
48700 8 3.920678 36.629946 4.246111 41.515840
48750 9 3.773082 32.790047 4.309086 42.229953
48800 8 3.464769 31.676082 4.310581 44.727430
48850 9 3.755787 28.322097 4.425188 42.851194
48900 8 3.520103 30.970555 4.284209 53.027913
48950 8 3.694899 32.304799 4.223503 44.407243
49000 8 3.177116 31.705147 4.226991 44.848825
49050 10 3.208309 25.738549 4.202988 41.345883
49100 9 3.095918 30.286040 4.254958 48.046416
49150 8 3.031403 39.303904 4.313597 44.843607
49200 8 3.460177 45.383091 4.326128 41.656129
49250 10 3.579001 50.846210 4.361654 40.809878
49300 10 3.760045 47.425875 4.401856 42.226636
49350 9 3.675008 48.591092 4.435241 41.723999
49400 9 3.577081 53.123561 4.418467 42.394999
49450 8 3.499665 47.627894 4.404419 43.710754
49500 9 3.543127 38.280305 4.426126 38.617188
49550 8 3.355348 41.997503 4.383244 40.113562
49600 7 3.685151 40.072433 4.373514 43.256842
49650 9 3.735428 42.211234 4.307651 44.597118
49700 9 3.723410 39.277763 4.351039 45.386224
49750 9 3.465414 39.198370 4.294596 46.666578
49800 8 3.564455 36.231296 4.444236 37.746261
49850 8 3.180539 40.776360 4.367717 47.487562
49900 9 3.196656 36.027278 4.397573 41.798889
49950 9 2.923035 35.361486 4.323016 46.415250
