0 11 2.853116 24.446742 3.700000 47.000000 1.000000 4.074829 
50 10 2.701462 24.088981 3.781423 69.009031 0.541991 12.788628 
100 12 2.671945 23.917905 3.733390 60.413397 0.616601 43.928500 
150 11 2.655609 23.873042 3.768853 57.517524 0.623957 79.028517 
200 12 2.423395 23.533410 3.670306 64.185638 0.596604 43.011438 
250 11 2.574870 23.425782 3.751419 53.573236 0.613316 58.043062 
300 10 2.756713 23.737160 3.831133 51.346030 0.874974 77.491107 
350 11 2.891479 23.557410 3.890050 48.197001 0.691920 118.284722 
400 11 3.135206 23.589820 3.872407 48.888907 0.583335 55.464040 
450 11 3.270228 23.730856 3.875384 47.246004 0.562498 43.081430 
500 11 3.009880 24.279746 3.817492 51.931441 0.741491 39.879566 
550 11 2.586617 23.821756 3.831146 49.908438 0.609430 40.091217 
600 10 2.916066 24.171024 3.797385 50.623968 0.721412 74.277700 
650 10 3.046284 24.325417 3.753667 54.479716 0.738046 93.731744 
700 11 2.833954 24.285865 3.744990 53.969561 0.531798 62.183243 
750 11 2.894842 24.083437 3.822343 49.883747 0.594536 65.485405 
800 11 2.765946 24.586801 3.819568 49.770687 0.638659 91.055484 
850 11 2.701245 24.494077 3.776373 54.766686 0.781426 81.110263 
900 11 2.797648 24.289702 3.794522 50.759141 0.725905 73.664422 
950 10 3.059874 24.208708 3.857173 45.894781 0.590878 44.831690 
1000 10 2.862139 24.424802 3.815783 51.214491 0.674110 40.740580 
1050 11 3.320210 24.229215 3.794870 50.395330 0.692035 38.336853 
1100 11 3.244661 24.362424 3.795616 45.017087 0.581499 38.290898 
1150 11 3.164050 24.693486 3.826493 48.744009 0.750180 57.730576 
1200 11 3.164215 24.543042 3.837935 49.835079 0.737429 48.790011 
1250 11 3.072969 24.653750 3.730108 52.577424 0.648464 47.064420 
1300 11 2.865945 24.634715 3.799990 49.917891 0.726966 57.157201 
1350 11 2.924555 24.183026 3.830057 51.257194 0.698845 60.519847 
1400 11 2.922359 25.148716 3.804785 48.674424 0.670800 73.902195 
1450 11 3.167268 24.479815 3.707080 52.674152 0.720705 86.538342 
1500 11 3.106150 26.978723 3.768763 48.431740 0.678758 86.278820 
1550 11 3.161290 25.345380 3.800098 46.511468 0.771778 66.599212 
1600 11 3.269031 24.694762 3.737211 52.503073 0.747001 92.141283 
1650 12 3.042094 23.805436 3.711193 53.102592 0.730589 62.801326 
1700 11 2.707190 25.780766 3.824734 52.788002 0.752669 43.438023 
1750 12 2.544747 24.776240 3.758171 52.268065 0.680664 55.941052 
1800 11 2.909161 25.793003 3.777968 49.880978 0.652601 106.655979 
1850 11 2.890177 27.274420 3.752698 52.773394 0.749247 42.210440 
1900 13 2.641841 26.629585 3.744904 52.425936 0.651085 60.498636 
1950 11 2.802013 26.703188 3.794444 54.743689 0.520944 43.120904 
2000 10 2.901728 26.408596 3.831403 51.678933 0.612741 74.381021 
2050 10 2.652910 27.041106 3.873703 49.600818 0.628144 123.099274 
2100 11 2.901848 26.370829 3.760009 53.989849 0.684223 50.693065 
2150 12 2.695175 27.019729 3.746524 55.157628 0.640838 61.231000 
2200 12 2.747630 27.645404 3.668776 57.875638 0.707958 57.414051 
2250 12 2.635971 27.433030 3.620634 62.988157 0.654860 66.669942 
2300 12 2.771131 27.584940 3.609145 60.265353 0.683640 43.344802 
2350 12 2.887272 27.569284 3.547180 62.313675 0.593241 53.012015 
2400 11 2.990648 27.489435 3.536772 61.966852 0.667230 53.240241 
2450 12 2.710202 27.489435 3.584029 60.600532 0.620906 40.180121 
2500 12 2.761907 27.298844 3.546222 61.097196 0.667746 75.868815 
2550 13 2.566793 27.264348 3.559242 62.090911 0.731533 79.357403 
2600 13 2.546635 27.333354 3.587843 59.563717 0.798005 63.004295 
2650 12 2.707317 28.007279 3.590076 56.267965 0.836710 49.708640 
2700 11 2.922442 26.305153 3.590054 58.820158 0.887920 61.935682 
2750 12 2.680500 26.241820 3.660763 49.888044 0.536246 76.281741 
2800 12 3.217827 26.901825 3.614467 57.676532 0.888297 99.259491 
2850 11 2.797964 26.332685 3.691674 52.441726 0.654947 131.616481 
2900 11 2.767356 26.523121 3.727713 50.073311 0.579290 113.975352 
2950 10 2.832062 26.768491 3.742618 50.570649 0.609813 76.467261 
3000 11 2.748570 26.601924 3.781498 50.834373 0.810255 57.315863 
3050 11 3.044451 26.712408 3.849904 51.459558 0.786195 62.145882 
3100 11 3.083550 26.572597 3.917703 48.403615 0.673333 36.154652 
3150 11 3.307181 26.174697 3.908388 44.249447 0.771587 47.410621 
3200 11 3.064704 29.170775 3.872034 45.666166 0.591497 65.413023 
3250 11 3.131017 28.759363 3.837018 53.219633 0.666199 61.695076 
3300 11 3.146323 29.813824 3.852386 45.516275 0.761392 26.719929 
3350 11 2.951144 29.724382 3.880987 49.645734 0.617071 45.769275 
3400 11 3.298810 27.575132 3.829996 47.831075 0.842895 72.244706 
3450 11 3.389841 27.075860 3.863135 45.557064 0.635628 39.325125 
3500 11 3.200614 26.165894 3.856380 47.876752 0.642764 57.038763 
3550 10 3.188930 23.847146 3.819030 50.630560 0.654977 56.106748 
3600 12 3.055640 23.202487 3.818454 47.782046 0.714566 45.870322 
3650 10 3.022140 27.850151 3.822532 47.446404 0.718004 40.270368 
3700 11 3.127799 26.940468 3.774926 48.693852 0.722142 66.907707 
3750 12 3.071230 29.623119 3.832059 53.363933 0.661901 72.636446 
3800 11 2.915812 31.929186 3.829180 51.133750 0.657997 33.930541 
3850 11 3.011330 32.278419 3.845292 50.886956 0.618636 75.441224 
3900 10 3.090606 28.957607 3.782108 46.954155 0.800824 31.391308 
3950 11 3.132063 26.410746 3.807967 46.870838 0.589982 52.450068 
4000 10 3.143827 28.035644 3.840371 49.550461 0.638416 45.563994 
4050 11 3.121984 30.232902 3.856109 47.633927 0.697552 39.331355 
4100 11 3.155789 31.539706 3.874115 47.271631 0.636151 57.476162 
4150 10 3.098910 29.579797 3.849301 52.841867 0.678848 67.068417 
4200 11 3.381652 30.679813 3.822850 49.978144 0.688751 52.553007 
4250 11 3.330369 31.464421 3.845465 45.403164 0.632055 57.448469 
4300 11 3.225640 26.359568 3.893897 44.361387 0.825813 108.347548 
4350 11 2.910428 26.231295 3.959586 44.514093 0.609531 69.321989 
4400 11 3.280950 25.049776 3.895739 44.782258 0.825975 74.791919 
4450 10 3.200833 22.145238 3.846878 47.406639 0.700037 60.897173 
4500 11 3.091557 27.329826 3.871171 46.061016 0.763113 58.198713 
4550 11 3.171372 27.315513 3.786211 46.470462 0.657406 60.793917 
4600 11 3.353591 26.010358 3.828435 44.649746 0.676949 24.268250 
4650 11 3.185214 28.062065 3.793749 50.579002 0.541381 32.301854 
4700 11 3.150917 27.718480 3.783423 48.578711 0.674367 38.012254 
4750 10 3.398315 26.936496 3.787575 47.163615 0.642440 32.399897 
4800 11 3.292658 28.757000 3.756822 47.470286 0.681037 40.657145 
4850 11 3.403261 27.013670 3.760323 49.526389 0.590715 47.706446 
4900 11 3.301258 31.986954 3.754798 50.037997 0.588968 55.322871 
4950 11 3.208431 31.014760 3.754206 50.694984 0.493271 48.691661 
5000 13 2.693493 31.502709 3.786284 47.086170 0.709006 78.687525 
5050 11 3.267120 29.994129 3.730989 49.313809 0.767937 64.826718 
5100 11 2.898479 28.123611 3.775187 48.288202 0.620002 69.638782 
5150 10 2.956179 26.039903 3.824334 46.761442 0.614673 35.383601 
5200 11 2.938585 27.335268 3.814758 49.021281 0.551826 86.152803 
5250 11 3.594872 27.080127 3.824575 46.829321 0.670886 66.623795 
5300 11 3.425975 23.643275 3.819535 49.383063 0.694909 65.943202 
5350 11 3.650754 24.120577 3.812945 47.295377 0.600310 132.745702 
5400 11 3.141309 26.703809 3.803331 45.832519 0.756896 56.737477 
5450 11 3.105868 29.196449 3.811245 45.990605 0.533329 37.922622 
5500 10 3.381089 23.986684 3.761890 50.059357 0.685787 80.827495 
5550 11 3.584889 27.482761 3.782367 48.757409 0.562313 54.147507 
5600 11 3.532562 26.181093 3.736224 52.470011 0.697381 54.825876 
5650 11 3.917809 27.301648 3.759152 45.452556 0.672153 52.003874 
5700 12 3.169817 27.416356 3.789806 49.761213 0.634611 44.124499 
5750 10 3.191460 27.684579 3.914644 47.180952 0.713362 58.196482 
5800 11 3.310427 29.421898 3.908936 46.554288 0.768142 71.563619 
5850 10 3.184687 27.568694 3.874667 47.448210 0.770393 96.260181 
5900 11 3.129944 30.734415 3.895780 44.870599 0.522429 58.472555 
5950 12 3.544445 29.573584 3.919367 46.208450 0.561264 84.234825 
6000 11 3.283666 31.253725 3.901547 46.178377 0.804330 82.136684 
6050 11 3.277101 31.901509 3.863501 45.900196 0.735149 55.604333 
6100 10 2.881936 32.117816 3.879141 48.511226 0.594104 54.105096 
6150 11 3.027005 34.425237 3.852768 50.815860 0.579923 65.971826 
6200 11 3.177889 34.588020 3.805818 45.833254 0.529294 55.871308 
6250 12 3.014835 34.276041 3.803531 48.100549 0.687570 55.719877 
6300 11 3.083829 34.319646 3.813601 47.611428 0.709707 73.132286 
6350 11 3.172023 32.995645 3.856237 44.965233 0.588159 36.006041 
6400 11 3.329192 32.137254 3.842203 51.015469 0.539013 61.072819 
6450 11 3.151479 31.192774 3.848797 47.982809 0.675519 91.811644 
6500 11 3.111508 34.762692 3.855298 48.018536 0.674849 87.885715 
6550 10 2.952919 32.638830 3.861290 50.328338 0.697319 59.976294 
6600 12 2.714730 36.122258 3.852800 49.146167 0.670884 53.721587 
6650 10 2.816020 35.949612 3.842820 47.811166 0.646051 62.595242 
6700 11 3.058186 35.406642 3.816561 45.983282 0.641031 63.958100 
6750 10 3.165979 32.464641 3.856671 46.902608 0.723551 77.595699 
6800 11 3.068243 29.236669 3.806182 47.646383 0.545668 57.346313 
6850 12 2.918055 33.078246 3.791976 47.060851 0.800211 45.663149 
6900 11 2.835821 30.648212 3.842139 47.635650 0.681247 51.984966 
6950 10 3.092669 32.611871 3.825113 46.795545 0.859349 70.924733 
7000 11 3.418466 33.052805 3.863195 43.657308 0.770969 58.741924 
7050 11 3.312868 32.113361 3.855532 46.765537 0.594373 91.936707 
7100 11 2.981665 29.809850 3.837479 49.596292 0.709895 92.590874 
7150 10 2.806657 28.646057 3.822930 51.707040 0.659622 56.371878 
7200 11 2.743184 22.911617 3.877352 48.627262 0.657269 49.246333 
7250 11 3.229586 21.700098 3.875056 46.169302 0.677899 37.054282 
7300 10 3.058355 25.048054 3.861628 49.814289 0.839480 91.148371 
7350 11 3.281283 32.921422 3.859551 47.082993 0.644401 57.201739 
7400 11 3.769641 25.125874 3.859477 49.063894 0.702001 59.795114 
7450 11 3.137673 30.456619 3.862945 46.961022 0.650519 43.900811 
7500 11 2.332379 25.031938 3.882289 50.776542 0.652230 66.963843 
7550 11 2.962318 30.579851 3.838765 48.580405 0.711931 53.182125 
7600 12 2.767474 28.237071 3.829054 51.192343 0.794125 107.831762 
7650 11 2.814090 29.443276 3.854191 53.263244 0.567721 36.300284 
7700 11 3.075735 30.778637 3.811075 48.187463 0.664346 44.538216 
7750 11 2.896404 30.354716 3.833828 48.664535 0.689004 43.330314 
7800 10 2.947979 29.026205 3.825452 48.802754 0.611263 55.056756 
7850 12 2.759760 31.999203 3.802300 47.368766 0.618413 57.299303 
7900 11 2.955057 33.812961 3.861703 48.451822 0.766533 83.315258 
7950 11 2.863482 26.182624 3.854521 47.408727 0.639446 82.180554 
8000 11 2.877411 33.892218 3.886481 47.749402 0.651350 59.432270 
8050 11 2.922961 32.073581 3.883978 47.599968 0.771776 71.837955 
8100 11 2.992673 29.027143 3.845142 47.703976 0.770116 56.259213 
8150 11 2.780137 32.944368 3.885741 48.334124 0.750922 63.834264 
8200 11 3.242934 27.420400 3.874802 45.857152 0.696793 53.087845 
8250 10 3.139160 28.560002 3.885382 46.279511 0.695041 71.193092 
8300 11 3.235745 29.202610 3.891607 48.153312 0.667148 61.640663 
8350 11 2.917415 26.396986 3.906065 48.501072 0.748942 97.147459 
8400 11 2.866830 29.370684 3.860201 52.224488 0.624320 38.374869 
8450 10 2.967177 27.874121 3.899494 48.266564 0.713854 69.557333 
8500 11 2.957602 26.088195 3.849684 48.195268 0.618952 74.551820 
8550 11 2.787220 28.497025 3.856539 49.851121 0.546469 54.398337 
8600 11 3.134420 28.996500 3.843129 48.965161 0.678944 52.764552 
8650 11 3.306242 35.131595 3.887722 44.380839 0.777511 34.836420 
8700 11 3.561667 33.424482 3.862865 49.289114 0.602117 28.205883 
8750 11 3.150852 35.700240 3.858801 48.357323 0.654240 36.101515 
8800 11 3.114249 32.914405 3.858689 47.895406 0.643461 72.898720 
8850 11 3.289210 38.661926 3.813700 51.775120 0.689570 54.310530 
8900 11 3.397536 37.397534 3.817739 49.228184 0.590482 62.612106 
8950 11 3.160273 36.397372 3.776491 48.905422 0.724693 56.301573 
9000 11 2.934264 37.907002 3.797740 50.567366 0.557115 70.029581 
9050 11 3.170888 37.254750 3.805844 50.939511 0.670824 48.261999 
9100 12 2.892007 37.568549 3.813652 48.310183 0.635668 29.818044 
9150 10 2.974272 42.403026 3.827600 46.996607 0.766130 46.289744 
9200 11 3.517652 39.550678 3.828324 46.883095 0.674612 41.253053 
9250 11 3.182921 41.743888 3.810159 51.185846 0.709129 49.011736 
9300 11 3.167998 40.795761 3.824092 46.108524 0.537903 42.500551 
9350 11 3.137586 38.287432 3.794277 51.311131 0.731484 51.616495 
9400 10 3.136052 36.327114 3.791941 49.824628 0.682700 79.419296 
9450 11 2.847587 39.209321 3.844462 48.219272 0.540756 67.906071 
9500 11 2.844863 37.147199 3.815420 49.524119 0.776414 61.148917 
9550 10 3.287977 40.652194 3.785687 47.757959 0.576887 44.943179 
9600 11 3.437512 39.640791 3.807023 51.442170 0.588010 38.568090 
9650 10 3.175571 36.413268 3.766978 47.874607 0.625333 70.716972 
9700 11 2.988936 41.031086 3.771010 48.404738 0.617512 90.188559 
9750 11 3.256688 36.081618 3.837033 49.280775 0.572220 72.155169 
9800 10 3.408320 39.774739 3.852253 46.775408 0.657023 43.226675 
9850 11 3.136919 32.700970 3.874453 46.456993 0.775042 43.808297 
9900 12 3.041555 31.711697 3.867005 44.649716 0.682396 57.190524 
9950 11 3.215919 33.328738 3.907631 43.804996 0.642856 59.384550 
10000 11 2.839594 38.789042 3.932508 43.406834 0.811547 75.632129 
10050 11 3.060569 33.784798 3.880950 45.264561 0.643790 91.185265 
10100 11 3.071782 37.798691 3.864270 46.762564 0.703955 28.743639 
10150 12 2.924510 38.023457 3.845183 48.472925 0.805633 31.147390 
10200 12 3.017220 33.149862 3.799384 51.866088 0.791412 26.385528 
10250 11 2.904789 36.832697 3.869807 47.688247 0.564345 51.020578 
10300 12 2.931958 31.483427 3.867130 48.657432 0.638272 31.792218 
10350 11 3.188551 37.928701 3.854453 49.276081 0.703719 61.841610 
10400 11 2.721421 39.212757 3.864437 44.855888 0.826042 30.146542 
10450 11 3.219656 33.706665 3.858896 46.902509 0.580576 48.070456 
10500 11 3.291964 31.663660 3.839592 48.341671 0.790446 104.512894 
10550 11 3.419559 33.871292 3.825274 45.755569 0.603073 62.700008 
10600 11 3.141187 36.274799 3.839887 50.268710 0.682934 51.797849 
10650 11 3.560269 38.191044 3.852479 46.312596 0.705474 47.705606 
10700 11 3.938608 31.284659 3.843122 45.902891 0.923794 78.593424 
10750 11 3.571255 42.778469 3.794639 45.647966 0.509304 40.400350 
10800 11 3.529374 36.276165 3.862320 43.456699 0.680433 50.604644 
10850 11 3.315199 37.123046 3.831201 47.207031 0.781661 84.606203 
10900 11 3.306149 36.860125 3.793479 51.399848 0.616408 47.255579 
10950 11 2.766020 37.042280 3.840631 47.756822 0.766019 32.287227 
11000 11 3.188542 37.100592 3.873198 46.735882 0.741010 44.458596 
11050 11 3.535806 34.547654 3.825251 48.339036 0.795817 31.204818 
11100 11 3.393795 36.161575 3.870302 46.371844 0.891094 48.046225 
11150 11 3.268132 38.659505 3.850590 45.250005 0.569225 40.108053 
11200 12 3.428017 37.489096 3.860520 47.475371 0.724682 47.822587 
11250 11 3.460892 40.142843 3.852400 47.068785 0.635192 37.331553 
11300 11 3.664106 35.453543 3.869696 45.916170 0.568927 45.370626 
11350 11 3.309117 37.576059 3.867401 48.163622 0.652453 60.793827 
11400 11 3.420205 40.970952 3.858294 46.063613 0.600905 62.736176 
11450 10 3.194134 33.912015 3.860351 48.365315 0.638073 32.300836 
11500 11 2.768524 34.382168 3.871612 51.877594 0.758209 44.330869 
11550 12 2.970663 30.848255 3.871824 49.463176 0.680962 46.197373 
11600 11 3.102492 36.635228 3.895203 45.121815 0.681941 72.383370 
11650 11 3.239781 36.595128 3.879047 45.985863 0.594635 67.525644 
11700 11 3.218101 35.828936 3.877175 48.853881 0.625440 104.092634 
11750 11 2.739755 32.657596 3.808952 48.113835 0.748164 91.961755 
11800 11 3.145535 33.803777 3.805228 49.864359 0.637323 85.048435 
11850 11 3.479408 31.792631 3.826605 50.817601 0.504514 30.611205 
11900 11 2.656536 31.229823 3.812897 48.788589 0.648744 46.417915 
11950 11 2.966117 29.627095 3.800170 49.881924 0.782981 33.705004 
12000 11 3.044799 27.593829 3.777752 48.251093 0.587407 34.482336 
12050 10 3.075384 27.484232 3.767820 52.905957 0.721810 55.373900 
12100 11 3.204267 33.103380 3.777911 48.462301 0.660590 41.462544 
12150 10 3.055408 31.524859 3.785139 47.948779 0.615528 67.275358 
12200 11 3.262828 31.522760 3.761930 49.805063 0.748426 40.272216 
12250 11 2.926603 30.763788 3.767201 51.169816 0.658723 41.108760 
12300 11 2.800773 29.363904 3.796213 49.655151 0.549439 45.611111 
12350 11 3.071100 27.279892 3.783005 47.933938 0.662070 51.500934 
12400 11 3.409508 29.806591 3.756209 50.734965 0.707321 62.638302 
12450 11 2.699239 27.604986 3.742644 51.368276 0.630659 54.339082 
12500 12 2.804842 32.796599 3.727006 51.758302 0.675553 67.852204 
12550 11 3.561917 31.484688 3.722945 49.906545 0.613042 33.243380 
12600 11 3.280184 34.490141 3.730011 51.401672 0.600649 46.359633 
12650 11 2.876648 32.351090 3.767161 54.487439 0.570365 51.750768 
12700 11 2.814044 38.447993 3.839100 49.791944 0.680714 46.785962 
12750 11 3.064771 35.435779 3.890167 45.813537 0.742280 45.165835 
12800 11 2.963654 37.316610 3.885337 46.369121 0.518909 68.813371 
12850 11 3.224686 37.724353 3.876632 45.919630 0.772101 38.906172 
12900 11 3.309983 38.800860 3.875905 46.523464 0.817547 63.968419 
12950 11 3.404431 38.020812 3.825662 47.685803 0.612957 134.908582 
13000 10 3.475316 38.026987 3.820098 47.094350 0.635057 54.929965 
13050 11 3.237156 39.215755 3.788707 52.007131 0.685654 70.873166 
13100 11 3.369189 39.653070 3.771298 49.345685 0.649695 80.680821 
13150 11 3.658469 40.042784 3.752634 48.886468 0.737561 111.614205 
13200 11 3.494935 41.912677 3.764367 46.228197 0.762016 50.792657 
13250 11 3.300235 43.762102 3.747168 47.911299 0.607527 40.701326 
13300 12 3.172461 43.165687 3.715955 50.477449 0.611551 51.682990 
13350 11 3.020908 43.450129 3.708653 50.275588 0.614341 59.269336 
13400 11 3.031737 42.623128 3.680800 52.668795 0.624820 69.279394 
13450 12 3.042527 41.670578 3.653183 52.258795 0.801179 59.891578 
13500 11 3.080797 41.134496 3.647106 51.376030 0.650751 32.340348 
13550 12 3.155144 39.683219 3.676361 51.696007 0.621418 44.524016 
13600 12 3.061604 40.489497 3.638298 51.902235 0.651598 86.975947 
13650 12 3.005667 41.822586 3.724087 50.397884 0.650700 45.001297 
13700 10 3.010487 41.114415 3.727658 51.680460 0.698218 49.635125 
13750 12 3.174099 42.297512 3.698198 50.801710 0.670361 74.950338 
13800 12 3.122656 40.829844 3.668295 51.401128 0.683119 62.885627 
13850 12 3.104340 41.769509 3.647275 52.899266 0.593281 45.310560 
13900 12 2.902125 40.338725 3.626621 57.985708 0.507280 67.591413 
13950 10 3.235992 44.446842 3.661961 54.006992 0.732941 54.499070 
14000 11 3.440611 42.047533 3.692956 53.547681 0.758042 42.100457 
14050 12 2.764089 43.267321 3.657740 55.653820 0.849211 71.541610 
14100 11 3.358951 42.739482 3.623784 54.784547 0.761759 84.018721 
14150 12 3.364502 42.351660 3.660870 51.981670 0.605085 41.144403 
14200 12 2.887064 42.294134 3.673209 54.993927 0.827544 40.948552 
14250 12 2.491579 43.506940 3.691370 49.266954 0.690971 77.051731 
14300 12 2.325075 43.416977 3.703167 53.572500 0.841655 97.830642 
14350 12 2.805292 44.791698 3.680731 53.024984 0.749646 72.020026 
14400 12 3.005642 37.461580 3.688077 53.444444 0.910028 74.059246 
14450 12 3.015578 38.368396 3.643698 55.572603 0.581180 44.440288 
14500 11 3.081482 37.442914 3.621714 56.225790 0.697516 49.936370 
14550 12 3.048946 35.136588 3.614943 56.636878 0.540746 46.931336 
14600 12 3.172385 35.870313 3.659947 57.799830 0.689489 73.036472 
14650 12 2.874440 38.641263 3.608389 59.503461 0.644081 85.715100 
14700 12 3.576899 41.909158 3.647491 50.268063 0.624442 82.622982 
14750 11 3.237795 44.023783 3.633180 52.144480 0.736485 50.126345 
14800 11 3.620076 38.895519 3.664681 50.047769 0.719254 65.885273 
14850 12 3.624376 41.737582 3.615452 50.149816 0.684756 37.953106 
14900 13 3.067985 47.343676 3.597811 50.781213 0.612911 64.479174 
14950 12 3.085202 43.479982 3.649208 52.754524 0.710207 79.506250 
15000 12 3.280075 41.120624 3.678986 49.025096 0.600165 46.863866 
15050 12 3.170699 41.541929 3.679057 50.587851 0.575066 40.950844 
15100 11 2.786908 45.294893 3.743261 52.057986 0.621395 43.345379 
15150 11 3.181266 45.802812 3.786863 48.859096 0.627351 49.435754 
15200 11 3.119219 50.199620 3.749448 45.637361 0.721691 31.952455 
15250 11 2.941010 41.593754 3.775995 48.231801 0.776703 38.401045 
15300 11 3.225445 43.706227 3.751609 51.463256 0.614876 29.856965 
15350 10 3.079818 41.884573 3.813236 47.456715 0.674894 50.696073 
15400 11 3.115009 46.636518 3.811373 45.766473 0.687713 42.192223 
15450 10 3.132182 41.524688 3.831330 45.900704 0.783374 87.465926 
15500 10 3.202553 38.028316 3.786968 49.185326 0.790620 54.582074 
15550 11 3.320641 43.821434 3.802585 48.039435 0.765698 52.461683 
15600 11 3.083200 41.597509 3.779937 50.080702 0.683900 43.921812 
15650 11 3.008663 38.594341 3.781707 47.388547 0.698367 39.303619 
15700 10 3.004806 40.059312 3.828679 46.731127 0.625760 30.227306 
15750 11 2.971667 39.567995 3.900243 44.957834 0.593522 39.049034 
15800 11 3.008299 42.949062 3.901734 43.447897 0.738016 54.011130 
15850 10 2.931643 37.816307 3.941817 48.673355 0.647895 46.085985 
15900 11 3.008466 33.729398 3.872587 49.278079 0.609427 25.351658 
15950 10 3.025198 36.099586 3.889739 46.577078 0.740357 47.292490 
16000 10 2.926727 31.331686 3.864281 46.982857 0.780880 69.231633 
16050 10 3.002958 33.636218 3.884027 47.026806 0.710354 49.760145 
16100 13 3.050327 32.583554 3.876103 48.301756 0.715714 67.985097 
16150 11 3.095775 34.341502 3.839738 46.415300 0.656330 34.980337 
16200 11 2.949544 27.234303 3.834778 48.454858 0.669049 70.111518 
16250 11 3.280844 31.067801 3.844723 48.626481 0.671426 44.508186 
16300 11 3.471386 30.977524 3.817227 49.806968 0.638565 38.510982 
16350 11 3.252464 29.435369 3.798368 49.842295 0.747457 33.064510 
16400 11 2.978841 30.585906 3.812328 51.317399 0.812223 66.279448 
16450 11 3.272942 32.263733 3.863754 45.654249 0.700851 38.955639 
16500 12 3.204054 33.702871 3.877608 45.985687 0.642639 51.455415 
16550 11 2.996469 37.338377 3.835754 46.693414 0.686892 56.763240 
16600 10 3.146165 34.402917 3.804693 47.008457 0.594452 78.625446 
16650 11 3.589009 34.910932 3.806782 46.881290 0.652339 35.648802 
16700 11 3.200679 38.092655 3.814690 46.597015 0.692050 39.518225 
16750 11 3.108833 37.372014 3.810392 46.592553 0.639540 69.361404 
16800 11 2.760920 36.618917 3.822645 45.791041 0.570464 81.875627 
16850 11 2.966581 33.667233 3.837001 45.626784 0.668204 57.078867 
16900 11 3.268617 34.211489 3.865935 45.529547 0.720822 51.005344 
16950 10 3.309052 33.318039 3.864813 45.497675 0.564438 60.404242 
17000 10 3.401620 32.144179 3.855862 46.325711 0.762216 79.786542 
17050 12 3.011455 34.511240 3.833736 45.763035 0.837924 81.700101 
17100 11 3.409189 34.231337 3.842151 46.509931 0.712672 118.250653 
17150 10 3.448130 30.172748 3.862061 45.777500 0.656092 74.534380 
17200 11 3.808739 31.901324 3.849384 45.426748 0.578461 89.891195 
17250 11 3.437677 33.224947 3.840860 44.538692 0.705238 90.372989 
17300 11 3.365208 40.703159 3.855697 46.039883 0.700136 94.583163 
17350 11 3.543418 36.415388 3.881880 45.353229 0.779267 63.559220 
17400 10 3.388476 37.359977 3.871589 45.365054 0.746994 54.567356 
17450 11 2.957960 34.946133 3.864420 45.809070 0.636597 63.011475 
17500 10 3.249250 34.117535 3.887232 45.758682 0.753452 84.040902 
17550 11 3.284413 35.908751 3.912109 45.919770 0.686698 130.914721 
17600 11 3.455169 38.337031 3.873796 45.447501 0.871712 63.897596 
17650 11 3.379341 35.215939 3.875022 46.649110 0.684682 35.254241 
17700 11 3.078755 35.540654 3.868937 45.307148 0.572799 55.813625 
17750 11 3.260106 34.057329 3.847200 46.475682 0.664733 54.725417 
17800 10 3.114864 33.694060 3.828121 47.231687 0.720160 77.858039 
17850 11 3.514266 34.642959 3.820500 46.176938 0.686501 66.946541 
17900 12 2.868891 38.637551 3.837886 47.169335 0.791442 53.823646 
17950 11 3.321724 32.915187 3.828356 46.854263 0.840155 52.817581 
18000 12 2.944673 36.840743 3.832740 46.217048 0.726058 58.568395 
18050 11 3.186665 37.592725 3.823086 47.198758 0.806476 42.418863 
18100 11 3.267271 37.349653 3.830853 46.976100 0.646970 82.996189 
18150 10 2.995038 35.618224 3.828531 46.369440 0.691260 85.813902 
18200 11 3.162996 31.454245 3.833401 45.920144 0.590579 39.348095 
18250 11 3.464490 32.924654 3.828477 49.099857 0.652276 55.968882 
18300 12 2.907281 25.730080 3.809976 48.129324 0.831148 64.262551 
18350 12 2.692007 35.601119 3.813951 47.319927 0.594667 76.419541 
18400 11 3.186087 35.468276 3.825199 48.158861 0.905135 43.960233 
18450 11 3.134430 35.441477 3.819991 47.193171 0.590177 47.143303 
18500 11 3.090204 27.470118 3.814634 47.324310 0.710716 38.909148 
18550 11 3.168993 35.703890 3.825842 46.262900 0.711666 59.549860 
18600 11 3.493241 33.992598 3.798834 44.444974 0.633294 60.104511 
18650 11 3.290316 41.690562 3.792666 47.626777 0.720249 50.002352 
18700 11 3.314197 35.128504 3.811096 47.167068 0.743436 60.239026 
18750 12 3.544428 36.286669 3.828588 50.559188 0.737662 52.607427 
18800 11 3.305561 35.328229 3.813224 50.146615 0.629392 33.807147 
18850 12 3.308698 30.756796 3.746487 50.623042 0.675669 44.555718 
18900 10 3.149427 38.477277 3.736946 50.447031 0.653531 42.630583 
18950 12 3.071307 29.736401 3.778933 46.753962 0.796873 83.949772 
19000 11 3.118040 28.391208 3.831456 48.653295 0.595736 51.476809 
19050 11 3.241131 29.743816 3.830980 47.192870 0.608792 60.666877 
19100 11 3.112236 30.279642 3.837839 46.523148 0.634851 119.595728 
19150 12 3.338659 31.678618 3.797540 44.196592 0.750715 68.080680 
19200 11 2.782886 37.938289 3.800767 48.588747 0.680552 48.440765 
19250 11 3.112497 31.649201 3.783837 49.666815 0.652763 122.618505 
19300 12 2.765085 36.000966 3.826579 47.779656 0.648744 94.693787 
19350 11 2.705204 35.658318 3.809771 47.581367 0.808251 46.349526 
19400 11 2.528916 35.647070 3.797753 47.920019 0.701578 53.398712 
19450 12 3.016524 31.792782 3.795410 48.189848 0.613723 60.733866 
19500 13 3.055333 33.922560 3.803447 50.084065 0.675280 56.275110 
19550 11 3.102027 36.015843 3.790500 47.955097 0.796699 45.975704 
19600 11 3.056826 34.909623 3.808592 44.989977 0.792851 53.861892 
19650 11 3.365249 32.422216 3.830749 46.127322 0.628421 82.078039 
19700 11 3.245671 41.586335 3.839868 46.644831 0.607488 76.766268 
19750 11 3.487995 36.974952 3.853357 45.909635 0.575596 58.063308 
19800 12 3.131011 33.372417 3.878443 45.342992 0.733228 79.668966 
19850 11 3.483564 31.393037 3.809871 45.274140 0.607349 40.233579 
19900 11 3.315975 33.441696 3.809871 45.274140 0.669037 36.814897 
19950 11 3.008054 31.393689 3.825246 43.868966 0.727835 68.875508 
20000 11 3.369854 31.678508 3.836922 44.524182 0.675277 46.910403 
20050 10 3.271455 34.112417 3.831572 48.202778 0.731143 68.929458 
20100 11 3.082062 35.702018 3.819587 47.939797 0.639404 44.072658 
20150 11 3.322849 32.152010 3.833007 44.408103 0.703168 57.056113 
20200 11 2.853368 29.727263 3.804865 47.651508 0.678994 51.682387 
20250 12 2.658921 30.521894 3.762772 49.411711 0.777366 66.266467 
20300 10 2.721652 29.235183 3.698888 51.896275 0.680459 40.015199 
20350 11 2.986606 34.553725 3.724177 50.609678 0.568322 52.585417 
20400 12 2.944614 31.131885 3.711918 50.700112 0.752634 67.423456 
20450 12 2.883626 32.033950 3.680978 49.518745 0.636956 80.508816 
20500 12 2.897400 34.728817 3.721345 49.623935 0.621862 50.174117 
20550 10 2.673423 29.165141 3.710659 51.066568 0.668672 54.970508 
20600 12 2.901579 31.691838 3.716634 50.797276 0.687161 43.126173 
20650 12 2.947676 36.862937 3.710592 51.704446 0.735638 62.770613 
20700 11 3.598087 39.458407 3.708871 47.069688 0.608552 32.834309 
20750 11 3.723041 38.342947 3.667599 51.373964 0.734985 87.099594 
20800 12 3.644773 33.545503 3.680177 47.351701 0.625457 59.050748 
20850 11 3.921015 35.086753 3.669326 56.506087 0.714479 48.169880 
20900 11 3.603639 33.233874 3.692956 51.478574 0.714826 37.345190 
20950 12 3.535307 34.156888 3.630960 50.357298 0.630921 28.369015 
21000 12 3.158049 34.207915 3.626232 53.555596 0.572750 46.869167 
21050 13 2.825023 33.088271 3.639674 52.436936 0.675107 38.448923 
21100 11 3.056138 29.553395 3.635372 55.594401 0.725770 52.460109 
21150 11 3.166783 27.816375 3.658378 53.449326 0.686701 96.378873 
21200 13 3.249055 29.655369 3.690628 53.126880 0.542238 55.245416 
21250 12 3.009627 30.461307 3.690730 51.688740 0.809182 66.254926 
21300 12 3.086517 27.232578 3.683143 54.438506 0.704450 63.283194 
21350 12 2.874454 32.706229 3.680152 54.488070 0.793840 45.768724 
21400 12 3.191335 21.862756 3.635827 56.355913 0.618936 44.787409 
21450 12 3.060534 27.557103 3.631602 56.285164 0.705608 29.424731 
21500 12 3.089708 24.452351 3.631427 55.069119 0.730203 50.064760 
21550 12 3.045924 24.637336 3.644897 54.024015 0.666103 36.360568 
21600 12 3.345867 26.501377 3.616100 54.432648 0.698743 53.087334 
21650 12 2.961383 21.966207 3.661696 50.276387 0.713513 42.154220 
21700 12 3.152100 25.560721 3.657537 50.034731 0.562429 34.303954 
21750 12 3.059329 35.247028 3.689291 48.114157 0.556977 54.945140 
21800 10 3.435827 34.109887 3.753198 45.878513 0.733301 82.669192 
21850 10 3.375889 31.160103 3.812414 44.595870 0.660220 43.837231 
21900 11 3.225063 30.309559 3.789966 45.616408 0.652831 71.888270 
21950 11 3.400680 32.763205 3.794911 47.279652 0.592591 66.914390 
22000 11 3.255933 32.465064 3.833618 49.435947 0.641285 61.365437 
22050 11 3.179890 34.146791 3.828123 48.047241 0.632580 65.637494 
22100 11 3.294289 36.041623 3.843904 47.655606 0.651623 57.141664 
22150 11 3.113475 32.616862 3.827626 49.925518 0.847194 93.703573 
22200 11 3.188706 37.897992 3.843723 43.925788 0.783597 58.253928 
22250 11 3.118604 35.503099 3.844431 48.031852 0.679812 74.745913 
22300 11 2.956158 33.655159 3.874916 47.350787 0.644189 87.710084 
22350 11 3.030474 35.566256 3.894059 48.259008 0.708993 117.409674 
22400 10 3.054762 33.591089 3.908266 47.362875 0.778260 51.513613 
22450 11 2.983193 27.019326 3.908943 49.681977 0.769624 63.118568 
22500 13 3.228175 32.365970 3.880106 45.856292 0.688962 37.393853 
22550 11 3.197917 39.801793 3.864727 47.402677 0.631460 57.668974 
22600 12 3.057975 35.795115 3.877071 43.774455 0.680194 52.669184 
22650 11 2.978160 34.970014 3.866689 47.287675 0.731159 64.578774 
22700 11 3.099285 31.533946 3.841233 46.640233 0.822469 63.635237 
22750 10 3.039561 35.079313 3.843301 51.165399 0.770295 56.124756 
22800 10 3.106681 32.285529 3.846569 51.201702 0.582365 50.100430 
22850 12 2.949830 36.395032 3.756285 49.585088 0.633233 34.264575 
22900 13 3.276579 35.456054 3.737261 48.925159 0.715441 48.417211 
22950 11 3.226268 35.706369 3.761650 50.763695 0.652892 65.807530 
23000 11 3.389554 33.755573 3.749311 47.929553 0.558113 43.621085 
23050 11 3.319865 33.215697 3.767933 48.911026 0.867550 69.199301 
23100 10 3.440396 31.189489 3.795303 42.925787 0.582004 62.729483 
23150 11 3.214426 33.843124 3.752360 48.849656 0.661740 58.115848 
23200 11 2.818646 28.839968 3.782829 48.730348 0.794349 64.688199 
23250 10 2.843447 29.593534 3.798232 53.418366 0.702599 38.410231 
23300 12 2.920172 28.572642 3.787587 50.764055 0.808496 47.195359 
23350 11 2.881739 32.059199 3.764871 50.817912 0.714078 54.253408 
23400 12 3.120173 39.422719 3.772161 49.644177 0.724367 36.761434 
23450 10 3.003626 36.940601 3.753481 49.417160 0.849750 75.443298 
23500 11 3.080116 32.803924 3.741771 50.017532 0.543910 67.642355 
23550 11 3.128465 36.862042 3.792098 46.425519 0.629969 60.517953 
23600 11 2.982483 32.999498 3.841330 47.276041 0.607212 95.802669 
23650 11 3.019981 26.574377 3.892160 46.706851 0.734150 63.223347 
23700 11 3.208818 34.290888 3.883762 45.235846 0.651241 44.981708 
23750 11 3.134135 30.816327 3.859661 43.383409 0.720458 53.817302 
23800 10 3.115091 36.442898 3.809443 50.222399 0.720879 82.189061 
23850 11 2.939631 32.822099 3.828639 47.997624 0.651348 47.276413 
23900 10 3.048153 32.531467 3.822218 49.873186 0.752500 29.539499 
23950 11 3.149917 28.269546 3.771029 47.418468 0.794024 55.975350 
24000 11 3.089016 26.132250 3.791050 49.299422 0.674207 71.808820 
24050 11 3.213822 20.193700 3.831164 49.609138 0.627489 81.364751 
24100 11 3.176528 28.779698 3.799413 50.103687 0.635815 66.809533 
24150 11 3.796827 28.327428 3.783723 50.114642 0.835589 33.646187 
24200 11 3.123948 30.106650 3.792768 49.697989 0.591139 42.236010 
24250 12 2.958529 21.361913 3.746139 48.266203 0.666277 39.221804 
24300 12 2.782538 29.101062 3.704903 47.858374 0.615596 51.932307 
24350 12 2.761884 31.975901 3.702073 50.351903 0.712722 82.571323 
24400 10 2.914135 31.973561 3.759494 51.761266 0.702057 91.373133 
24450 12 2.721043 32.735512 3.710898 49.489099 0.708906 72.269003 
24500 12 2.960230 28.954352 3.714200 54.848534 0.839377 74.290643 
24550 11 3.121406 30.151720 3.744050 51.939851 0.635295 62.520737 
24600 11 3.221177 30.868245 3.780315 48.749100 0.805117 34.594537 
24650 11 2.854206 29.574200 3.775853 49.542064 0.706250 26.093676 
24700 10 2.785933 33.717613 3.783098 47.472666 0.711084 32.042555 
24750 11 2.872799 36.364270 3.768801 47.700599 0.574468 46.625855 
24800 11 2.824073 33.201376 3.815078 48.904484 0.738112 52.669485 
24850 12 3.022871 28.262711 3.870424 46.552165 0.756415 96.939185 
24900 11 3.103081 37.173120 3.871799 49.438956 0.913765 67.628061 
24950 11 3.072745 33.266827 3.886479 49.843663 0.703546 41.174514 
25000 11 3.157015 32.930753 3.868906 46.586649 0.675622 42.797767 
25050 11 3.358893 36.084748 3.821308 49.044776 0.701296 60.441181 
25100 12 3.325819 41.403440 3.854486 47.573858 0.756972 91.540519 
25150 11 3.144386 33.769652 3.782577 46.350019 0.656197 43.587316 
25200 11 3.236803 35.304838 3.788160 46.496142 0.798594 83.133660 
25250 11 3.177885 37.404025 3.810075 45.736766 0.596718 58.345431 
25300 10 3.095068 30.165947 3.838818 47.975477 0.525778 58.245592 
25350 11 3.015979 30.717234 3.845011 49.991674 0.689043 54.226952 
25400 11 3.225760 33.876239 3.838555 51.520372 0.725637 82.014912 
25450 11 3.221801 31.953867 3.870169 51.044831 0.669890 78.245869 
25500 12 3.216160 31.787382 3.827045 46.425529 0.663672 32.934722 
25550 11 3.330602 31.182099 3.824284 46.594869 0.749478 82.694488 
25600 11 3.312411 35.446613 3.824246 48.736581 0.775319 70.479725 
25650 10 3.042733 31.474709 3.833605 48.579392 0.598851 68.130804 
25700 11 3.373379 28.632445 3.834914 46.236625 0.657647 50.333340 
25750 11 3.428718 31.689484 3.833867 50.779708 0.644263 69.179458 
25800 11 3.211910 29.802742 3.831131 48.253752 0.770182 47.147511 
25850 10 3.156285 31.401141 3.841094 46.470132 0.714288 46.932446 
25900 10 3.128482 31.324458 3.862843 50.505632 0.738686 64.329074 
25950 11 3.074175 32.741568 3.874278 44.017630 0.683413 42.903833 
26000 11 2.878315 36.028021 3.863964 45.089719 0.698913 71.121574 
26050 11 2.988264 30.822809 3.816017 46.242257 0.600973 50.858709 
26100 12 3.198722 29.638996 3.792520 48.258224 0.738474 58.137688 
26150 11 3.005521 31.480058 3.798170 49.248981 0.593496 52.820772 
26200 10 3.225093 28.603020 3.824148 48.799440 0.746870 35.134381 
26250 11 3.277622 31.520432 3.845495 45.954242 0.672547 36.054727 
26300 11 3.193764 30.826060 3.870958 49.825585 0.734701 30.786620 
26350 11 3.284203 32.118809 3.877283 46.123374 0.672665 69.057036 
26400 11 3.267848 31.577409 3.880675 45.038056 0.676255 56.882638 
26450 11 3.086507 27.514285 3.837558 45.318715 0.608697 45.360953 
26500 11 3.289901 27.329977 3.849020 48.457574 0.540306 46.448084 
26550 11 3.174256 28.283076 3.847342 46.347614 0.574526 41.947368 
26600 10 3.200172 27.768152 3.902030 44.332878 0.762174 58.886866 
26650 10 3.024713 34.809384 3.874818 45.639338 0.685460 77.190478 
26700 11 3.219597 31.397094 3.829748 48.500346 0.715976 60.076900 
26750 11 3.296617 26.181976 3.808526 51.400262 0.741363 47.379704 
26800 11 3.017602 26.377916 3.772714 47.187411 0.729373 82.461453 
26850 11 2.997111 28.491687 3.769509 49.148226 0.614794 50.561980 
26900 12 2.845060 23.890298 3.777103 50.949277 0.703259 81.290100 
26950 12 2.981173 26.925979 3.797767 50.328857 0.853045 129.024941 
27000 11 2.893485 23.465199 3.760930 53.013248 0.671549 60.312156 
27050 11 2.801649 22.412586 3.770079 49.837598 0.643420 51.101475 
27100 11 3.396993 22.413066 3.786068 48.703578 0.628537 86.052301 
27150 11 3.218534 25.568380 3.797782 48.083706 0.811598 69.423767 
27200 11 3.080003 28.384513 3.799879 50.462636 0.583094 63.420528 
27250 11 3.122378 30.125103 3.766375 47.784135 0.722963 78.540644 
27300 11 3.073057 36.151250 3.790167 47.517858 0.790604 45.700516 
27350 11 2.796293 34.319215 3.796534 49.998011 0.777611 49.760826 
27400 11 3.376057 34.099229 3.792635 49.847892 0.666692 73.069312 
27450 11 2.809232 30.362634 3.771751 46.812503 0.723211 68.009674 
27500 11 2.991145 32.699963 3.793945 46.954164 0.753733 91.357037 
27550 12 2.922066 31.724333 3.801088 48.233185 0.566037 59.545719 
27600 11 3.051938 31.252538 3.790124 51.922569 0.681104 36.868843 
27650 11 2.969809 31.660914 3.812858 49.011838 0.656881 77.099233 
27700 11 2.910298 33.201757 3.807215 47.993519 0.713034 45.771546 
27750 11 3.212185 35.984192 3.801700 47.245998 0.683564 60.132290 
27800 11 3.713752 35.533329 3.835622 46.747933 0.782775 42.773342 
27850 11 3.760992 40.474539 3.832258 46.496036 0.695751 49.742873 
27900 11 3.776904 34.102213 3.811585 46.363207 0.671331 40.092962 
27950 11 3.867310 33.666715 3.798616 46.376901 0.568601 65.012772 
28000 11 3.700083 40.898630 3.791918 46.648748 0.610630 44.029599 
28050 10 3.673635 38.183463 3.777522 46.120092 0.662857 80.101749 
28100 11 3.399364 36.043115 3.773347 47.838161 0.677363 45.042688 
28150 12 3.106926 42.394628 3.812414 47.880847 0.808857 48.588742 
28200 12 3.638703 35.176913 3.810364 44.776818 0.503332 33.243378 
28250 11 3.327118 38.809207 3.828466 46.296677 0.906499 35.904809 
28300 11 3.200842 45.738912 3.872337 46.393000 0.655305 50.075474 
28350 11 3.354527 39.080865 3.893988 47.738206 0.580637 56.602696 
28400 10 3.195029 38.810623 3.877895 45.957937 0.687657 50.080139 
28450 11 3.373960 35.409483 3.906867 45.011121 0.696703 39.502169 
28500 11 3.720934 36.225196 3.872634 44.212807 0.863118 51.105139 
28550 11 3.738646 35.970703 3.867975 44.277784 0.617570 26.270353 
28600 11 3.410704 40.737728 3.874178 44.799037 0.612341 64.411249 
28650 11 3.543814 42.418818 3.866876 44.365867 0.755095 52.155027 
28700 11 3.357376 39.329288 3.836902 44.364188 0.665777 67.601255 
28750 10 3.276890 40.965501 3.844064 44.329688 0.747595 32.725183 
28800 10 3.105996 42.236038 3.825198 42.483592 0.619932 37.643953 
28850 11 2.901248 38.595791 3.868363 47.246710 0.728098 35.801244 
28900 10 2.809741 35.710612 3.866477 47.008001 0.798662 45.229678 
28950 11 3.053601 34.564518 3.883134 45.449059 0.753283 112.415505 
29000 10 3.189620 37.235489 3.840104 45.625770 0.814939 50.495958 
29050 11 3.128081 36.342600 3.885104 45.763303 0.585388 60.012787 
29100 11 2.843722 31.142562 3.936541 46.029429 0.680963 30.371935 
29150 11 2.866645 29.951327 3.913024 46.375595 0.808645 42.400215 
29200 11 2.823045 30.379602 3.933182 47.384962 0.627593 20.038117 
29250 11 3.173658 33.452938 3.926557 47.310379 0.637166 39.408261 
29300 12 3.085463 32.958629 3.918295 46.045685 0.537172 37.446680 
29350 11 3.089157 31.342696 3.960901 46.749731 0.784382 61.424858 
29400 11 3.301346 28.094548 3.945297 47.317584 0.665220 62.748613 
29450 10 2.878825 29.840391 3.933960 45.993869 0.671560 40.983828 
29500 11 2.769385 29.457525 3.913514 47.053746 0.712160 36.066037 
29550 11 2.730337 33.133325 3.921719 47.179442 0.679017 44.246790 
29600 10 2.708630 27.504185 3.943199 44.645518 0.655776 41.875868 
29650 10 2.829472 22.732722 3.965915 45.487243 0.596585 46.711001 
29700 11 2.715526 22.599253 3.963068 49.307827 0.804606 86.243794 
29750 11 2.849450 23.238278 3.941861 47.568852 0.694061 59.596440 
29800 11 2.898983 23.301836 3.906143 47.404311 0.589221 67.539524 
29850 11 2.646416 21.911598 3.946361 50.211351 0.793237 67.092469 
29900 10 2.816448 25.877872 3.860635 48.820430 0.660845 57.447143 
29950 11 3.428931 27.560093 3.857383 44.418247 0.711559 80.829638 
30000 12 3.262380 26.920289 3.855826 47.508222 0.619082 48.035103 
30050 12 3.309928 34.795604 3.825714 45.891581 0.745548 53.406515 
30100 11 3.205442 26.400170 3.784634 46.423256 0.627589 53.188997 
30150 11 2.976250 25.487667 3.767804 49.056904 0.768633 52.252566 
30200 11 3.472358 27.957972 3.749341 53.173996 0.903142 86.612765 
30250 11 3.318043 25.068982 3.779290 52.243510 0.685024 84.319904 
30300 12 3.033683 28.050973 3.801759 51.569692 0.749719 73.518260 
30350 10 3.144864 21.938141 3.805634 52.148700 0.578929 50.281084 
30400 12 3.209400 21.536573 3.820362 52.247347 0.603384 69.360504 
30450 11 3.105387 25.950985 3.838769 51.008450 0.655973 55.602912 
30500 11 3.091925 26.154612 3.844236 48.746775 0.615853 62.130613 
30550 11 3.087951 25.689580 3.868946 50.096386 0.690933 49.737686 
30600 10 3.225276 28.838237 3.859617 46.312318 0.749047 27.594421 
30650 11 3.181718 25.286317 3.847002 47.755546 0.600450 26.170604 
30700 11 3.274888 24.839246 3.862463 48.315262 0.808945 74.171720 
30750 11 3.300301 31.966844 3.836405 47.987256 0.747127 63.079007 
30800 11 3.278866 21.608449 3.869731 48.645709 0.780511 35.840798 
30850 11 3.034056 26.863493 3.882623 47.578078 0.632056 74.741858 
30900 11 2.992674 26.126567 3.881764 47.030660 0.748128 31.225042 
30950 11 3.352430 27.668079 3.906055 46.911915 0.657329 26.815397 
31000 11 2.909379 35.425601 3.859594 47.691427 0.608838 45.916747 
31050 11 2.908781 32.687678 3.816908 50.780600 0.766350 36.167744 
31100 11 2.871103 34.595095 3.841347 47.367873 0.644918 40.270729 
31150 11 2.998755 30.521471 3.839673 48.184760 0.561297 63.718786 
31200 11 2.974434 30.167546 3.793203 48.925391 0.810280 43.986711 
31250 12 3.022858 36.245782 3.798102 49.145373 0.712470 49.262405 
31300 11 3.314949 36.228419 3.750393 47.676941 0.672734 70.647788 
31350 11 2.922933 32.237290 3.780950 49.796213 0.628714 67.062473 
31400 11 3.257687 26.835739 3.777996 50.365140 0.752207 52.075600 
31450 10 3.212757 26.799081 3.782530 50.192145 0.704759 66.641238 
31500 12 2.949064 25.195982 3.756866 49.325912 0.552148 71.390458 
31550 11 2.837439 25.014738 3.761016 51.086485 0.694469 75.862940 
31600 11 3.176919 24.852603 3.760364 55.280915 0.581013 75.120102 
31650 11 3.085073 25.404659 3.764813 50.482708 0.743368 42.777775 
31700 11 3.011133 30.299709 3.789163 48.898461 0.698785 40.654751 
31750 11 2.995938 32.566179 3.796980 50.468884 0.649819 68.075559 
31800 10 2.807176 29.589345 3.754010 54.451792 0.798635 40.693517 
31850 11 3.025221 28.298036 3.789411 49.273201 0.664866 79.244281 
31900 11 3.273785 32.472079 3.765852 48.755878 0.736683 43.630983 
31950 11 3.469089 28.182993 3.751813 48.018097 0.652694 71.172570 
32000 11 3.248816 30.587362 3.756931 51.339910 0.726441 68.377089 
32050 12 3.153073 28.968356 3.742744 51.370500 0.637128 48.221131 
32100 11 3.257536 32.548799 3.748267 51.376727 0.532573 42.603214 
32150 11 3.149564 33.464223 3.792701 48.708602 0.646668 96.011421 
32200 11 3.099319 30.213981 3.795276 49.137982 0.698625 48.188878 
32250 10 2.869345 34.148544 3.759300 50.721271 0.725854 64.480615 
32300 13 2.989279 28.738248 3.778915 49.797395 0.542038 44.693987 
32350 11 2.980497 29.024847 3.796346 49.221365 0.630388 61.310354 
32400 11 3.215034 28.131323 3.781294 49.533254 0.592508 67.396645 
32450 11 3.523523 26.127791 3.801391 46.243560 0.687406 88.507031 
32500 11 3.073892 26.757324 3.804930 46.706656 0.663605 98.129828 
32550 11 3.304729 30.922263 3.821038 47.095446 0.589183 42.437788 
32600 11 3.416707 31.231434 3.831638 47.671195 0.581188 37.882240 
32650 11 3.468012 30.617493 3.835537 45.391129 0.663361 24.682486 
32700 11 2.958427 31.292013 3.844143 47.867091 0.692695 50.049736 
32750 11 3.166488 29.959227 3.818709 49.435734 0.755572 60.087782 
32800 10 3.173943 25.624868 3.889181 47.213014 0.594652 31.375672 
32850 11 3.261487 30.801299 3.907137 46.457346 0.771680 74.018009 
32900 11 3.043194 32.935665 3.927331 45.467786 0.699407 102.096162 
32950 10 3.044892 32.988974 3.943122 47.319826 0.803840 70.505603 
33000 11 2.947136 33.357750 3.894501 48.123318 0.794153 96.847644 
33050 10 2.768909 31.657316 3.909976 47.646058 0.651794 56.127160 
33100 10 2.622296 29.097408 3.876217 49.707545 0.714461 55.173174 
33150 10 2.913687 30.043934 3.861638 49.761539 0.568055 36.118986 
33200 11 3.016014 24.914306 3.806827 49.240649 0.535118 43.742218 
33250 11 2.873042 31.301541 3.788770 51.028019 0.550261 61.022644 
33300 11 3.108231 31.052661 3.763100 54.462007 0.720554 42.569594 
33350 10 3.099384 29.226021 3.744412 50.269913 0.749921 61.489327 
33400 11 2.900483 29.567124 3.775890 51.141660 0.662161 93.771708 
33450 11 3.049680 31.015060 3.743548 49.056377 0.626249 70.381554 
33500 12 3.098259 31.719371 3.743402 56.992995 0.599205 53.620235 
33550 12 3.507553 32.179786 3.757128 47.763000 0.845999 43.665674 
33600 12 3.529941 34.023683 3.817326 47.511942 0.580058 65.437528 
33650 11 3.883840 33.578896 3.849563 44.824071 0.662515 83.233237 
33700 11 3.316939 31.098262 3.803079 45.966041 0.734577 47.989660 
33750 13 3.022038 25.205794 3.786968 54.117017 0.709659 83.936918 
33800 10 2.705283 27.566641 3.791473 49.679249 0.674695 29.564575 
33850 11 2.724486 31.647989 3.789940 51.243092 0.736476 36.262756 
33900 11 3.037436 27.724280 3.836145 47.974108 0.585864 43.376554 
33950 11 3.372424 24.037284 3.870565 51.324286 0.777363 46.729401 
34000 11 2.795351 31.704949 3.862403 47.918525 0.686118 68.516702 
34050 11 2.926710 31.817291 3.934817 48.904528 0.650788 75.616389 
34100 11 3.036688 30.319295 3.884345 48.483497 0.765466 74.948847 
34150 11 2.868717 29.581329 3.874581 50.701198 0.748210 49.836017 
34200 11 2.901464 23.986568 3.879663 49.270825 0.722162 26.588256 
34250 12 2.632505 32.469741 3.873423 47.167010 0.623540 20.772995 
34300 11 2.756046 26.329646 3.830210 52.875513 0.803792 63.799576 
34350 11 2.846737 28.428738 3.828218 50.061347 0.654909 76.797764 
34400 11 2.949246 27.234950 3.817466 50.425444 0.847034 69.045578 
34450 12 2.970739 25.745386 3.819690 50.374818 0.743199 66.350715 
34500 10 2.980692 30.665255 3.859231 47.189884 0.594159 61.020941 
34550 11 3.061565 24.645297 3.874958 46.797509 0.738226 64.829026 
34600 11 3.243921 23.047487 3.893279 47.516859 0.643424 135.435859 
34650 11 3.055175 28.607918 3.905262 48.715010 0.613378 64.477069 
34700 11 2.984093 24.014042 3.883917 47.688902 0.607604 43.847739 
34750 11 3.025034 24.982420 3.866151 50.085563 0.785175 64.672610 
34800 11 2.793033 25.124969 3.863589 48.034260 0.657862 67.863424 
34850 11 3.071145 20.474780 3.867300 47.140700 0.630805 63.279917 
34900 12 2.641302 15.258772 3.918921 45.620190 0.753365 65.802824 
34950 11 2.973331 27.237437 3.859769 48.797700 0.729024 54.438624 
35000 11 2.931319 24.527696 3.827097 48.810239 0.719504 61.886991 
35050 12 2.725081 21.441755 3.767529 52.543325 0.632739 66.802697 
35100 11 3.440592 30.412407 3.739654 49.154118 0.712764 39.026476 
35150 11 3.186941 23.722384 3.794421 49.483432 0.631605 38.042157 
35200 11 3.053463 29.812353 3.760840 50.847417 0.808191 54.779816 
35250 12 3.014844 28.125922 3.757521 51.112190 0.832735 43.527314 
35300 11 2.960328 30.425280 3.815375 48.418444 0.748864 39.810242 
35350 11 3.042899 29.720378 3.785966 50.673387 0.625628 98.210025 
35400 11 2.890455 28.860099 3.814002 50.620760 0.663423 111.634859 
35450 12 3.338191 22.786187 3.854061 46.128551 0.679516 39.990986 
35500 11 3.415262 25.634656 3.848191 44.328388 0.718940 49.147745 
35550 11 3.181736 29.094967 3.835873 46.599880 0.741531 47.307457 
35600 11 3.365735 31.098980 3.888517 45.653194 0.629025 36.347700 
35650 11 2.971833 30.678248 3.856107 47.804610 0.641241 55.734269 
35700 10 2.976244 27.869409 3.906485 45.045516 0.612876 46.191592 
35750 12 2.876779 24.349643 3.922823 45.136932 0.546029 36.746473 
35800 12 3.186024 25.364447 3.902623 46.375139 0.697927 40.196890 
35850 11 3.302214 22.535901 3.893632 45.843377 0.564045 51.329784 
35900 11 3.273186 30.236509 3.858761 45.054143 0.689060 78.985035 
35950 11 3.131745 34.012785 3.887332 47.695229 0.618867 35.275496 
36000 11 3.067491 30.914687 3.889046 46.479331 0.592205 46.282760 
36050 12 2.648593 29.043202 3.871987 48.078763 0.612382 40.914956 
36100 10 2.494471 25.542796 3.831263 48.376807 0.692868 42.813886 
36150 11 2.802500 32.302791 3.836899 46.511394 0.893963 74.376825 
36200 11 2.833628 26.883242 3.838198 49.363899 0.700347 52.518902 
36250 13 2.532213 28.026421 3.834513 47.842084 0.664703 58.801030 
36300 11 3.303326 35.834079 3.818385 48.214939 0.801505 41.641199 
36350 10 3.409948 33.608421 3.807729 48.023873 0.828884 48.112160 
36400 11 3.377433 31.253168 3.767463 46.560199 0.650287 34.233356 
36450 11 3.592388 29.586999 3.739102 51.490661 0.754594 74.185951 
36500 11 3.195274 29.883453 3.725083 50.307749 0.633923 58.493738 
36550 11 3.457575 28.550000 3.737075 52.543835 0.690519 51.287328 
36600 11 3.379793 31.361708 3.787638 50.942468 0.630293 60.824257 
36650 11 3.077991 37.853011 3.763917 49.014732 0.809648 76.826952 
36700 12 3.018438 32.812304 3.790326 45.489210 0.866086 46.901334 
36750 11 2.885771 26.362066 3.816072 47.575303 0.593143 73.439740 
36800 11 2.821329 34.112616 3.822365 49.424456 0.726076 53.756842 
36850 11 2.988689 35.054065 3.815711 51.723420 0.715270 113.032587 
36900 11 3.100060 32.988014 3.761844 54.338508 0.692404 86.110497 
36950 11 2.996755 26.311594 3.784143 52.704683 0.750793 43.327589 
37000 11 2.736931 31.165421 3.795376 51.170804 0.669726 35.098714 
37050 12 3.135808 30.320707 3.730398 50.543041 0.533670 56.608008 
37100 12 2.929146 28.176896 3.735522 48.981446 0.605973 36.610802 
37150 11 2.745216 33.206226 3.746728 49.831490 0.769729 30.750660 
37200 11 2.765129 29.782337 3.798454 48.363223 0.570240 37.221428 
37250 11 2.688590 34.317832 3.807797 48.489161 0.683470 67.049493 
37300 11 3.292694 38.456378 3.794496 47.192933 0.721825 66.989822 
37350 10 3.463503 46.995762 3.819154 44.995155 0.777210 94.291172 
37400 12 3.239483 35.531547 3.777319 52.155518 0.633282 37.452520 
37450 11 3.185913 36.277484 3.744063 51.189964 0.735185 65.792168 
37500 12 2.751073 40.352367 3.711523 50.998945 0.536870 86.641226 
37550 11 3.027214 41.189991 3.761107 51.180451 0.789071 71.936712 
37600 11 2.988279 43.641443 3.767318 49.646684 0.520457 67.735484 
37650 11 2.912891 44.495549 3.721742 50.928153 0.653167 79.350829 
37700 11 3.293370 37.919878 3.646318 53.212252 0.730699 58.630362 
37750 12 2.932917 39.697250 3.626918 50.320278 0.790812 85.593957 
37800 11 3.144431 40.959815 3.599874 57.454347 0.587453 75.771118 
37850 12 3.463330 38.127880 3.577730 51.956905 0.634628 92.097547 
37900 12 3.349160 38.188812 3.582176 51.914585 0.730589 46.723495 
37950 12 3.687032 30.917047 3.580308 49.959069 0.696373 78.619670 
38000 12 3.540240 36.973533 3.606450 48.539871 0.643869 45.114357 
38050 12 3.650244 40.521642 3.612162 53.072063 0.689650 37.585814 
38100 12 3.254110 35.958624 3.664064 47.827207 0.684358 40.538512 
38150 12 3.133125 41.701784 3.644275 49.612756 0.712889 43.362055 
38200 11 3.031434 36.697793 3.676281 51.079670 0.774141 50.158671 
38250 11 3.201899 38.256728 3.703106 48.649491 0.777239 55.061341 
38300 11 3.349666 37.992623 3.688990 49.687012 0.689473 64.214863 
38350 12 2.743851 32.926885 3.654640 50.945597 0.654006 47.153005 
38400 13 3.079801 35.115948 3.694596 47.281896 0.633502 50.004949 
38450 11 3.379525 33.598049 3.731751 49.470240 0.626276 63.327187 
38500 11 3.831389 33.744900 3.709034 50.390760 0.569015 54.241272 
38550 11 3.370258 29.671337 3.729186 46.760901 0.760627 43.953880 
38600 12 3.263209 32.925117 3.723332 46.559943 0.607480 36.791485 
38650 11 3.568028 33.317796 3.753037 47.465504 0.578806 62.088427 
38700 12 3.188427 30.672962 3.787499 47.783993 0.692767 90.957230 
38750 11 3.093686 30.882852 3.853836 48.739835 0.698726 32.801253 
38800 12 2.884577 26.425719 3.886880 48.206994 0.768435 54.265734 
38850 11 3.121900 26.767034 3.863324 48.452799 0.607313 64.437560 
38900 11 3.052487 31.995713 3.889658 47.021225 0.592884 66.827842 
38950 11 3.220573 27.576966 3.865023 44.079687 0.603571 75.016522 
39000 11 3.198672 29.599787 3.813511 49.808527 0.680231 65.245296 
39050 11 3.223469 30.386336 3.832845 46.135057 0.866893 93.572828 
39100 11 3.442521 33.807346 3.796749 48.812804 0.767620 77.160591 
39150 11 3.186943 33.420562 3.738863 52.839568 0.625997 55.689709 
39200 10 3.174272 34.003648 3.769877 49.788480 0.705651 71.888526 
39250 11 3.194693 28.347760 3.788775 50.163455 0.787844 90.968536 
39300 11 3.414497 32.262565 3.801480 50.269427 0.686515 67.640173 
39350 11 3.248744 33.907340 3.779799 49.090876 0.723161 54.952332 
39400 11 3.164888 29.147150 3.775111 49.527816 0.734586 78.644491 
39450 11 3.281545 29.333425 3.749493 50.689521 0.627655 56.920604 
39500 12 2.832473 25.730673 3.784760 47.505118 0.766792 61.506786 
39550 12 3.076736 25.272543 3.769196 50.122084 0.555569 73.237699 
39600 10 3.019410 29.653911 3.793619 51.281480 0.505811 71.891948 
39650 12 3.245541 26.506473 3.776773 49.569260 0.638020 30.637106 
39700 11 3.561307 29.577690 3.763948 48.917979 0.698390 78.553617 
39750 11 3.585063 32.810633 3.740156 52.538447 0.646097 62.957862 
39800 10 3.297839 33.485634 3.782596 46.093510 0.718683 41.614392 
39850 11 2.763413 38.176223 3.778463 52.526452 0.728957 72.135631 
39900 11 2.913806 34.564789 3.786842 50.193148 0.768780 87.072621 
39950 12 3.197826 28.467651 3.783383 49.214388 0.594777 45.295678 
40000 10 3.292119 31.351058 3.715063 50.787993 0.618890 61.723107 
40050 11 3.279236 37.666973 3.731254 49.465993 0.753366 40.381896 
40100 10 2.605829 32.598712 3.676406 56.019876 0.518188 57.745995 
40150 12 2.492383 34.996983 3.673840 56.639636 0.699863 30.895265 
40200 12 2.601006 33.056858 3.680121 52.765253 0.759683 21.583382 
40250 11 3.071412 30.856914 3.693498 55.484025 0.824275 49.908459 
40300 12 3.336963 29.771691 3.666438 51.463609 0.644343 42.542899 
40350 11 3.129150 30.107859 3.694596 55.597628 0.567453 33.528003 
40400 11 3.529808 33.032062 3.730559 48.147107 0.617151 29.138627 
40450 12 3.435889 35.386383 3.705850 52.362661 0.655184 38.611097 
40500 12 3.111081 33.249879 3.691817 53.217828 0.615422 52.106121 
40550 12 3.029373 35.696590 3.696867 54.023831 0.681532 66.516632 
40600 11 2.894161 30.172718 3.721039 55.579115 0.719517 53.829552 
40650 11 2.928994 31.944765 3.773594 54.417016 0.849167 102.980924 
40700 11 2.665685 33.905769 3.803049 52.073294 0.727731 69.595340 
40750 11 2.726221 33.000604 3.784295 50.242400 0.682117 54.644347 
40800 11 2.431342 31.497701 3.750513 55.505118 0.621844 56.218402 
40850 11 3.143155 33.316888 3.749030 51.950027 0.685238 48.903249 
40900 10 3.260989 31.318793 3.790352 52.486607 0.567553 48.159552 
40950 12 3.131084 31.094219 3.760207 48.483371 0.581669 57.871659 
41000 11 3.387587 31.067169 3.798313 51.397441 0.723523 55.751628 
41050 12 3.296881 31.456743 3.804954 47.647302 0.836270 84.652045 
41100 11 3.138242 31.516130 3.809358 50.999403 0.635002 61.616220 
41150 11 2.954155 33.486745 3.812512 47.557610 0.633995 43.589959 
41200 11 2.991334 32.941057 3.827744 48.436211 0.688926 41.414690 
41250 11 3.040867 27.495218 3.843854 48.555801 0.727268 60.076177 
41300 11 2.956530 29.929066 3.896672 48.071747 0.639660 52.351714 
41350 10 3.215575 31.757115 3.904726 46.939678 0.598604 60.804014 
41400 11 2.829092 31.599347 3.916712 46.731835 0.648944 38.591709 
41450 11 3.132549 30.489054 3.884688 46.282254 0.689210 58.710298 
41500 11 3.156622 33.650466 3.829343 48.490685 0.685333 98.888904 
41550 12 2.588580 30.385067 3.770521 53.648122 0.770561 53.222169 
41600 11 2.570019 30.157957 3.767051 48.073813 0.785434 55.459519 
41650 11 3.031993 30.507935 3.794409 49.490982 0.664098 30.513373 
41700 10 2.745001 29.597437 3.862516 45.037411 0.834481 39.576096 
41750 11 3.207384 29.742257 3.909538 47.870182 0.899402 66.681904 
41800 11 3.266502 28.894399 3.852824 49.375800 0.747278 42.583116 
41850 12 3.191128 28.858898 3.821113 51.895557 0.688545 39.467680 
41900 11 3.125863 28.028702 3.814609 51.678361 0.601791 39.363588 
41950 11 3.326446 32.954097 3.812926 48.760847 0.543155 35.421545 
42000 12 3.050744 35.666959 3.798747 52.464892 0.539312 73.571552 
42050 11 2.954016 36.608580 3.842614 47.263754 0.620562 56.989996 
42100 11 2.900439 35.961614 3.841288 45.991862 0.655322 88.316778 
42150 11 3.291251 35.905265 3.864837 46.553480 0.754954 52.364958 
42200 11 3.010790 36.528879 3.885611 45.703425 0.677497 37.049463 
42250 10 3.228820 36.960109 3.885280 46.709221 0.643343 52.867577 
42300 11 3.367068 37.686529 3.882257 47.456369 0.650153 63.075531 
42350 11 2.949075 36.684050 3.888008 48.663677 0.656431 86.555207 
42400 11 3.059500 37.446279 3.888437 47.145663 0.560303 46.895741 
42450 10 2.895939 36.601236 3.917436 46.618519 0.761934 44.624834 
42500 11 3.156962 34.495999 3.915266 44.947988 0.578257 51.890069 
42550 11 3.323092 35.639889 3.918714 40.473755 0.726545 45.869318 
42600 11 3.241281 36.059895 3.913592 46.914312 0.826596 45.645826 
42650 11 3.039037 36.131659 3.901222 50.690771 0.711709 57.351305 
42700 10 3.207106 36.883803 3.910246 48.233694 0.713819 54.935776 
42750 11 3.050362 36.113686 3.874951 50.367997 0.821508 61.686514 
42800 11 3.029275 35.800841 3.874297 48.072519 0.598637 103.957392 
42850 11 3.479876 34.187158 3.796241 53.425205 0.775391 52.338649 
42900 11 3.393345 31.805902 3.803479 48.085635 0.721629 82.683966 
42950 11 3.061885 32.658310 3.791187 48.076267 0.686467 43.252307 
43000 10 3.274602 30.678053 3.815078 46.874684 0.752052 73.433509 
43050 12 3.464166 33.710787 3.807699 47.583968 0.826519 74.303409 
43100 11 3.211685 32.694597 3.737626 52.512086 0.709658 84.418701 
43150 11 3.126951 30.005096 3.711212 48.243137 0.718532 43.591735 
43200 11 3.452020 27.037846 3.685064 51.639255 0.804783 35.577116 
43250 11 3.189028 31.895116 3.695692 48.979714 0.729187 63.983705 
43300 11 3.236709 34.225452 3.691540 48.850139 0.687114 101.595413 
43350 10 3.068570 34.316230 3.700091 51.163639 0.674403 52.381932 
43400 11 3.033677 33.566716 3.714144 53.287367 0.557364 47.221592 
43450 11 3.343181 35.368576 3.753455 50.248220 0.717645 55.700818 
43500 11 3.206831 37.449946 3.734499 52.119933 0.714004 61.497435 
43550 11 3.354526 29.437635 3.741671 52.616767 0.833805 60.336064 
43600 11 3.661616 28.001874 3.716341 54.567657 0.642119 71.993341 
43650 11 3.396333 29.846113 3.749644 51.072151 0.717398 45.982514 
43700 10 3.179619 32.179949 3.761364 51.393078 0.679842 49.964912 
43750 10 3.672732 31.026947 3.755649 49.101029 0.719016 65.216187 
43800 12 3.086366 33.438743 3.771955 49.969361 0.765962 53.794933 
43850 11 3.184774 34.548563 3.780743 49.777593 0.793050 59.318591 
43900 11 2.998846 35.342609 3.798305 53.188448 0.549992 72.671478 
43950 11 3.167128 37.007065 3.789406 48.874237 0.695599 39.606325 
44000 11 3.162359 41.547816 3.809386 50.094601 0.745340 41.737119 
44050 11 3.275066 33.817106 3.808760 49.612789 0.590814 34.741429 
44100 11 2.934915 31.469674 3.814544 51.347912 0.794437 33.395615 
44150 10 2.788863 32.386144 3.878725 49.182917 0.785176 42.584493 
44200 11 2.793335 30.842445 3.900939 48.037939 0.581848 34.289618 
44250 12 2.814930 31.678436 3.866135 49.112531 0.723486 20.961844 
44300 11 3.178388 23.832472 3.863406 50.439100 0.754897 30.538943 
44350 11 2.935914 28.855035 3.902232 50.325964 0.669526 40.816317 
44400 11 3.054505 29.745886 3.934417 45.905688 0.609045 61.847496 
44450 11 2.760941 29.699684 3.965522 45.538874 0.658895 91.622785 
44500 11 2.989022 34.571400 3.985376 43.590003 0.673838 111.758609 
44550 11 2.932775 33.818535 3.979660 45.076596 0.620767 61.186801 
44600 11 3.160327 27.742101 3.918866 46.149957 0.693884 28.026509 
44650 11 2.878048 27.897172 3.906826 45.998214 0.674144 29.132757 
44700 11 2.933388 25.275479 3.936568 49.340469 0.654994 34.815050 
44750 10 2.874836 29.007940 3.934100 42.256709 0.756581 28.278169 
44800 10 2.931541 30.651566 3.968218 43.307881 0.624924 32.665068 
44850 11 2.556587 30.138926 3.915746 45.686956 0.537080 30.582590 
44900 10 2.782246 26.750349 3.874741 48.780937 0.745110 34.793281 
44950 11 3.220621 23.403749 3.865522 50.621231 0.669077 48.793388 
45000 11 2.976104 26.439799 3.853638 49.368031 0.744561 21.445535 
45050 11 3.078599 27.738039 3.814426 50.795336 0.663239 28.162808 
45100 11 2.744489 34.179490 3.877170 51.121827 0.582522 24.786950 
45150 10 3.802637 37.237760 3.908259 44.487048 0.829223 38.554986 
45200 11 3.550947 37.692929 3.913987 44.519167 0.657070 38.565175 
45250 11 3.340635 32.329359 3.885745 49.336167 0.656014 36.411894 
45300 11 3.110102 34.049268 3.872189 49.354866 0.652553 56.313036 
45350 11 3.401421 32.319588 3.875630 48.394957 0.661842 77.193613 
45400 12 3.162570 36.410378 3.872327 50.520790 0.794154 61.535833 
45450 10 3.263710 36.700357 3.865967 45.108328 0.684115 96.918676 
45500 10 3.372351 24.162019 3.852131 47.444506 0.611937 52.285770 
45550 11 3.309437 28.157275 3.868170 47.239686 0.619799 68.661180 
45600 11 2.785005 28.482051 3.871179 50.702113 0.658276 70.500651 
45650 12 3.246541 34.266328 3.883535 47.622287 0.652852 48.445455 
45700 11 2.994129 33.233909 3.901488 49.348772 0.652795 61.707838 
45750 11 3.246557 29.559201 3.893295 48.348631 0.725168 67.947370 
45800 11 2.821814 31.397926 3.921990 47.254831 0.665760 34.512781 
45850 11 2.964892 32.426519 3.854978 52.913268 0.732076 43.140212 
45900 11 3.049337 26.541371 3.824202 55.925309 0.787371 35.033942 
45950 10 2.761989 27.358733 3.908139 50.189616 0.832102 60.356106 
46000 11 3.174540 28.238046 3.918500 44.024303 0.575492 44.260679 
46050 11 3.088693 33.017604 3.920716 49.348398 1.026988 60.104256 
46100 11 3.143501 31.398997 3.913104 47.368683 0.729445 61.623679 
46150 11 2.946756 33.925593 3.894053 47.854495 0.625711 83.388489 
46200 12 3.174477 37.319585 3.894528 40.683662 0.635182 36.310934 
46250 11 3.085262 37.839224 3.855657 49.319894 0.732921 53.237229 
46300 11 2.716269 24.303733 3.843109 45.067875 0.601678 70.455033 
46350 12 2.967761 28.027249 3.837601 49.063091 0.608126 45.656480 
46400 12 2.874570 24.156709 3.840653 52.861995 0.790870 79.324291 
46450 11 2.912439 29.560847 3.828878 52.122132 0.715715 87.228458 
46500 11 3.131422 33.436515 3.841614 42.746585 0.810796 70.631820 
46550 11 3.580032 30.789067 3.823346 46.510130 0.769088 61.114121 
46600 11 2.977226 31.449696 3.834373 45.237678 0.598105 37.054125 
46650 10 2.760482 30.695139 3.773731 48.639540 0.823211 33.862413 
46700 10 2.735055 27.888290 3.811258 53.864246 0.802736 38.509461 
46750 11 2.968317 26.185993 3.778515 49.689654 0.650981 59.568621 
46800 10 3.252583 25.952338 3.754703 54.374346 0.532051 51.398074 
46850 11 2.904757 28.021622 3.783773 50.104359 0.647185 47.422808 
46900 11 3.096256 31.313785 3.809919 52.466989 0.839216 38.025551 
46950 11 3.029294 32.397713 3.811150 54.600663 0.605502 47.014240 
47000 11 3.057408 29.000108 3.828480 49.909038 0.846186 64.025319 
47050 11 3.041703 28.092918 3.821681 52.323230 0.599134 66.225394 
47100 11 3.058212 32.885549 3.825935 47.805589 0.880851 84.735146 
47150 11 3.027913 29.809854 3.839295 47.684111 0.660885 125.149694 
47200 11 3.199006 37.278726 3.809442 47.681421 0.613351 56.357767 
47250 11 2.927788 31.072985 3.808449 49.075660 0.806080 67.496282 
47300 11 3.083033 33.971023 3.821834 52.759188 0.611533 54.846338 
47350 11 3.192570 34.662348 3.824646 49.499423 0.737579 28.813627 
47400 11 3.346404 36.414040 3.838947 47.622664 0.716001 37.353639 
47450 11 2.827680 36.473264 3.822357 51.064756 0.756003 20.739932 
47500 10 2.890282 35.073856 3.827308 55.694162 0.813082 26.106099 
47550 11 2.953645 39.250022 3.829487 51.953777 0.771732 63.110550 
47600 11 2.903404 33.635888 3.843387 50.602541 0.536244 68.107760 
47650 11 3.093756 41.695873 3.816760 49.403469 0.658145 59.161410 
47700 11 2.691470 34.318168 3.775207 50.695100 0.652909 39.517122 
47750 12 2.566989 35.046361 3.815627 52.618900 0.654883 50.839102 
47800 11 3.160920 32.625993 3.813029 47.967510 0.611865 60.977761 
47850 11 3.399006 33.766806 3.752480 49.517649 0.661750 53.734181 
47900 10 3.581384 35.241960 3.782234 48.438873 0.679289 50.870334 
47950 12 3.477708 38.330056 3.747129 47.366295 0.644850 68.434690 
48000 11 3.322542 27.879323 3.744681 53.318366 0.542723 48.153116 
48050 11 2.983517 27.239718 3.751490 52.097395 0.646511 66.317784 
48100 11 3.138856 26.910286 3.732409 53.638962 0.661348 49.526472 
48150 12 3.023307 22.660736 3.740079 58.023072 0.709555 72.290733 
48200 12 3.121301 28.177796 3.711003 55.075742 0.568625 84.407174 
48250 11 3.106252 24.995963 3.736101 52.338459 0.821509 46.288532 
48300 11 2.835382 23.718583 3.749131 50.931734 0.702488 70.895973 
48350 11 2.786247 26.040156 3.754585 51.287374 0.717633 52.065432 
48400 11 3.240951 26.999248 3.805195 51.095495 0.813169 57.499466 
48450 12 3.214711 27.741598 3.848638 49.157091 0.710770 77.077962 
48500 12 2.771942 26.301500 3.838371 51.964312 0.749737 62.339495 
48550 11 2.911049 30.681151 3.896233 46.949052 0.701446 106.009127 
48600 10 2.867111 31.548640 3.906435 46.875805 0.765689 47.221089 
48650 11 2.750719 34.613871 3.922819 44.642246 0.583467 51.772163 
48700 10 3.041412 29.153107 3.888821 48.004410 0.548571 55.936837 
48750 11 2.653434 30.060133 3.915358 48.974994 0.741640 57.363990 
48800 11 2.851273 30.531609 3.912024 45.146048 0.618285 57.628689 
48850 11 3.103952 35.487052 3.923879 46.574567 0.683760 45.232494 
48900 11 2.939961 31.161607 3.914380 46.451535 0.748720 34.924008 
48950 11 3.077049 30.452321 3.886132 45.170486 0.653173 57.729913 
49000 11 2.996219 33.189145 3.828558 46.614500 0.671306 58.520342 
49050 11 3.364758 37.104241 3.810595 46.028048 0.666513 79.445809 
49100 11 3.402799 39.269303 3.812310 48.239812 0.643500 84.263632 
49150 11 3.357044 28.137449 3.753415 47.683917 0.685842 57.854149 
49200 11 3.756824 38.387746 3.793586 47.367876 0.634736 54.164769 
49250 10 3.369424 35.095990 3.799017 47.949796 0.673059 95.263461 
49300 11 3.013648 36.155952 3.807998 51.083988 1.022396 87.227147 
49350 11 3.080085 37.986422 3.760917 47.518158 0.783349 87.916350 
49400 11 3.217018 36.826005 3.781571 46.218056 0.731979 82.175866 
49450 11 2.947739 32.470511 3.761566 51.375956 0.640070 56.748974 
49500 12 2.996673 31.580649 3.711551 51.740486 0.773209 55.115708 
49550 11 3.169201 33.180116 3.754897 47.239516 0.767932 80.717537 
49600 12 3.012814 28.409936 3.770516 51.293948 0.607121 81.032013 
49650 11 3.054245 29.465278 3.749896 48.924253 0.764452 78.709021 
49700 11 3.174623 27.254036 3.775397 48.749702 0.816696 27.202953 
49750 11 3.052719 28.950756 3.813793 47.015242 0.748008 51.921375 
49800 11 2.978988 28.619937 3.824949 50.428926 0.790014 31.946366 
49850 11 3.149233 31.976706 3.851737 48.255078 0.747126 80.748243 
49900 11 2.944331 26.848092 3.824175 49.010225 0.713777 54.359110 
49950 10 2.590058 26.812541 3.846720 48.843924 0.628077 75.652167 
