0 12 2.830000 24.210000 3.700000 47.000000 1.000000 4.074829 
50 12 2.589191 24.437255 3.681413 68.031356 0.541991 12.788628 
100 12 2.536922 24.268411 3.762059 63.288733 0.616601 43.928500 
150 11 2.749162 24.093491 3.870694 52.797721 0.623957 79.028517 
200 11 2.551493 24.236683 3.899045 48.357195 0.596604 43.011438 
250 11 2.839763 23.352977 3.894280 49.062304 0.613316 58.043062 
300 13 2.786611 23.645297 3.923021 45.760365 0.874974 77.491107 
350 11 3.324082 23.975498 3.937055 43.607269 0.691920 118.284722 
400 12 3.283646 23.547941 3.937055 43.607269 0.583335 55.464040 
450 11 3.218608 23.780294 3.931737 41.385250 0.562498 43.081430 
500 11 3.688703 24.207588 3.931737 41.385250 0.741491 39.879566 
550 12 3.193457 23.854530 3.986039 39.410895 0.609430 40.091217 
600 11 2.830496 24.278231 3.977904 44.629411 0.721412 74.277700 
650 12 2.894243 24.361371 3.964956 42.791878 0.738046 93.731744 
700 11 2.697819 24.212119 4.007431 38.179961 0.531798 62.183243 
750 11 2.923260 24.346915 3.962271 41.002365 0.594536 65.485405 
800 12 3.006881 25.077134 3.976825 42.028032 0.638659 91.055484 
850 11 3.089965 24.322912 4.014301 41.242638 0.781426 81.110263 
900 12 3.043752 24.401405 4.047969 39.975730 0.725905 73.664422 
950 11 3.221074 24.366357 4.063228 39.219148 0.590878 44.831690 
1000 11 3.262493 24.377338 4.001386 41.965196 0.674110 40.740580 
1050 13 3.199329 24.355992 3.936456 42.248286 0.692035 38.336853 
1100 11 3.135106 24.510639 3.980248 39.129050 0.581499 38.290898 
1150 13 2.794068 24.543301 4.039607 39.366502 0.750180 57.730576 
1200 12 2.736406 24.519209 4.013350 42.605939 0.737429 48.790011 
1250 11 3.186572 24.489650 3.959381 42.365449 0.648464 47.064420 
1300 13 3.043926 24.476097 4.061956 40.119667 0.726966 57.157201 
1350 11 2.971008 24.246973 3.999605 42.044723 0.698845 60.519847 
1400 11 3.125241 23.908218 3.969341 43.968136 0.670800 73.902195 
1450 11 3.018555 24.295039 3.987237 45.707799 0.720705 86.538342 
1500 11 3.241574 24.392296 3.960551 43.783660 0.678758 86.278820 
1550 11 3.422639 21.125543 3.960115 45.492886 0.771778 66.599212 
1600 11 3.790684 22.598053 3.929930 39.902546 0.747001 92.141283 
1650 11 3.571568 26.075829 3.909852 42.069471 0.730589 62.801326 
1700 12 3.545711 24.727956 3.874681 41.820723 0.752669 43.438023 
1750 11 3.528452 27.061081 3.880250 43.613283 0.680664 55.941052 
1800 11 3.258411 25.992798 3.922286 43.951167 0.652601 106.655979 
1850 12 3.126873 25.427865 3.925890 47.264429 0.749247 42.210440 
1900 12 3.035910 26.698693 3.877875 45.283229 0.651085 60.498636 
1950 12 2.684921 26.474529 3.885703 43.014249 0.520944 43.120904 
2000 11 2.974241 27.467412 3.868713 49.839154 0.612741 74.381021 
2050 11 3.068018 24.716846 3.876913 49.083153 0.628144 123.099274 
2100 10 2.754038 24.846115 3.933751 46.640971 0.684223 50.693065 
2150 11 2.791086 28.089636 3.975814 45.009392 0.640838 61.231000 
2200 12 2.688646 27.384329 3.968159 44.399603 0.707958 57.414051 
2250 12 2.910930 27.407583 3.915610 45.813796 0.654860 66.669942 
2300 12 3.179342 27.561007 3.942311 41.773919 0.683640 43.344802 
2350 11 3.114062 27.546634 3.974168 42.853635 0.593241 53.012015 
2400 11 3.005601 27.521997 3.951863 44.116134 0.667230 53.240241 
2450 11 3.016174 27.574910 3.954563 42.410478 0.620906 40.180121 
2500 12 3.162632 27.525129 3.997214 40.554443 0.667746 75.868815 
2550 11 3.476778 27.484424 4.011235 39.231051 0.731533 79.357403 
2600 11 2.744144 27.179811 3.941695 45.496799 0.798005 63.004295 
2650 11 2.846732 26.839033 3.933994 47.995517 0.836710 49.708640 
2700 11 2.730630 26.667677 3.919370 48.170869 0.887920 61.935682 
2750 12 3.106638 25.904626 3.964228 43.009629 0.536246 76.281741 
2800 11 3.289684 26.381603 3.973355 44.365431 0.888297 99.259491 
2850 11 3.148957 26.055794 3.964184 43.625334 0.654947 131.616481 
2900 12 3.299591 26.438670 3.996714 42.012231 0.579290 113.975352 
2950 11 2.801955 26.786167 3.949063 42.351659 0.609813 76.467261 
3000 11 3.216337 26.757453 3.962723 43.477429 0.810255 57.315863 
3050 11 3.422212 26.947488 3.914449 44.968501 0.786195 62.145882 
3100 12 3.929834 26.520408 3.877554 43.178526 0.673333 36.154652 
3150 11 3.706461 26.875501 3.915021 42.417516 0.771587 47.410621 
3200 11 3.143355 27.408696 3.912423 42.445756 0.591497 65.413023 
3250 12 3.338185 26.809767 3.962367 39.220785 0.666199 61.695076 
3300 11 3.336239 29.090046 3.988617 39.217400 0.761392 26.719929 
3350 12 3.252087 31.176792 3.938193 42.428593 0.617071 45.769275 
3400 11 2.955451 30.710470 3.966977 43.883334 0.842895 72.244706 
3450 12 3.329459 25.970034 3.956582 43.392911 0.635628 39.325125 
3500 12 3.291134 27.865785 3.977198 43.526255 0.642764 57.038763 
3550 11 3.369254 30.847259 4.002366 41.163693 0.654977 56.106748 
3600 11 3.355436 25.624640 4.000595 41.344499 0.714566 45.870322 
3650 12 3.300421 26.933400 3.964421 45.700344 0.718004 40.270368 
3700 12 2.968547 24.798214 3.933896 43.221703 0.722142 66.907707 
3750 12 3.058377 27.614900 3.995728 43.794778 0.661901 72.636446 
3800 11 3.072163 25.265932 4.068410 40.613787 0.657997 33.930541 
3850 11 3.170865 30.785876 3.998111 38.599958 0.618636 75.441224 
3900 11 2.979191 33.408575 4.010879 41.539589 0.800824 31.391308 
3950 11 2.818136 28.570225 4.019342 43.045797 0.589982 52.450068 
4000 12 2.999618 26.429985 4.000940 40.274445 0.638416 45.563994 
4050 11 2.993744 29.657520 3.956684 45.358406 0.697552 39.331355 
4100 11 3.033841 28.649873 3.964211 45.008305 0.636151 57.476162 
4150 11 3.425507 26.702887 3.994061 40.209156 0.678848 67.068417 
4200 12 3.422323 28.010474 3.944403 43.413143 0.688751 52.553007 
4250 11 3.227149 25.787147 3.959197 44.786154 0.632055 57.448469 
4300 12 3.032992 25.159515 3.973330 45.090059 0.825813 108.347548 
4350 12 2.414280 24.142206 3.969792 46.048786 0.609531 69.321989 
4400 12 3.150458 26.931998 3.936379 44.173400 0.825975 74.791919 
4450 12 3.387433 29.468178 3.935787 41.638612 0.700037 60.897173 
4500 12 3.423739 29.543905 3.889914 44.956380 0.763113 58.198713 
4550 11 3.198700 23.627609 3.906125 44.462408 0.657406 60.793917 
4600 11 3.049788 28.140847 3.847026 44.853929 0.676949 24.268250 
4650 11 3.185172 30.878085 3.813322 47.160455 0.541381 32.301854 
4700 11 3.124251 28.544993 3.800302 46.930659 0.674367 38.012254 
4750 11 3.307773 26.305560 3.860220 46.445729 0.642440 32.399897 
4800 11 3.143382 29.748148 3.820127 45.010261 0.681037 40.657145 
4850 11 2.916566 27.088695 3.794870 45.990738 0.590715 47.706446 
4900 12 3.189401 30.053797 3.836820 43.845199 0.588968 55.322871 
4950 12 3.402168 32.670722 3.909388 41.412008 0.493271 48.691661 
5000 11 3.179582 29.416579 3.957925 40.170856 0.709006 78.687525 
5050 11 3.391767 27.956681 3.907584 45.323720 0.767937 64.826718 
5100 11 3.020443 28.381048 3.895254 47.938548 0.620002 69.638782 
5150 11 3.055797 26.053547 3.905993 46.386298 0.614673 35.383601 
5200 12 3.118052 22.392994 3.912287 44.442597 0.551826 86.152803 
5250 11 3.176704 25.494513 3.920877 46.606964 0.670886 66.623795 
5300 11 3.416965 25.453640 3.913718 44.712617 0.694909 65.943202 
5350 11 3.405262 25.363130 3.902736 46.916527 0.600310 132.745702 
5400 11 3.080158 23.337344 3.921750 43.491925 0.756896 56.737477 
5450 11 2.694212 25.846049 3.911015 42.559512 0.533329 37.922622 
5500 11 3.497174 27.080610 3.870727 46.072075 0.685787 80.827495 
5550 12 2.932700 24.725049 3.817142 49.964649 0.562313 54.147507 
5600 11 2.327535 25.724480 3.827651 49.844731 0.697381 54.825876 
5650 12 2.597073 25.624493 3.843068 48.548720 0.672153 52.003874 
5700 12 2.250035 24.298759 3.837851 48.158253 0.634611 44.124499 
5750 12 2.453924 27.951084 3.883133 48.951437 0.713362 58.196482 
5800 13 2.735980 29.380401 3.894506 47.222723 0.768142 71.563619 
5850 12 3.047888 25.787701 3.888481 47.897758 0.770393 96.260181 
5900 13 2.679281 24.517264 3.885766 45.153259 0.522429 58.472555 
5950 12 2.955802 27.091405 3.942489 45.755682 0.561264 84.234825 
6000 11 2.886686 28.325059 3.968272 44.975910 0.804330 82.136684 
6050 12 3.269995 30.289738 4.018444 40.059406 0.735149 55.604333 
6100 12 3.171267 31.515748 4.042542 40.316917 0.594104 54.105096 
6150 12 3.105705 34.419894 4.052290 41.663429 0.579923 65.971826 
6200 11 3.065885 34.390592 4.078449 39.177702 0.529294 55.871308 
6250 12 3.102995 31.042668 4.088795 40.058177 0.687570 55.719877 
6300 12 3.013840 32.820803 4.064410 44.307652 0.709707 73.132286 
6350 11 3.148308 32.218178 4.073456 41.835799 0.588159 36.006041 
6400 11 3.331879 31.703616 4.031477 38.257647 0.539013 61.072819 
6450 11 3.199667 31.538524 4.019854 41.427854 0.675519 91.811644 
6500 11 2.904350 34.281169 4.038378 39.055310 0.674849 87.885715 
6550 11 2.893932 33.279703 4.005308 42.814641 0.697319 59.976294 
6600 11 2.969344 31.131894 3.973537 42.938395 0.670884 53.721587 
6650 12 2.658179 36.834294 4.013716 41.635411 0.646051 62.595242 
6700 12 3.077372 36.907082 4.001695 44.797941 0.641031 63.958100 
6750 12 2.862860 34.238388 4.042103 45.472439 0.723551 77.595699 
6800 11 3.009559 31.569905 4.082160 41.554770 0.545668 57.346313 
6850 11 2.992299 34.101588 3.998243 42.361069 0.800211 45.663149 
6900 11 2.912328 32.760877 4.003236 43.536759 0.681247 51.984966 
6950 12 2.850498 32.395206 4.064277 44.039910 0.859349 70.924733 
7000 12 3.160120 25.964396 4.074034 40.052912 0.770969 58.741924 
7050 12 3.094594 28.675832 4.091716 40.645441 0.594373 91.936707 
7100 11 3.139416 26.167657 4.100928 41.977572 0.709895 92.590874 
7150 12 3.251077 26.751872 4.091780 38.556070 0.659622 56.371878 
7200 11 3.293306 24.322021 4.046489 44.834049 0.657269 49.246333 
7250 11 3.281498 24.647602 3.969505 43.965140 0.677899 37.054282 
7300 12 3.005072 23.576507 3.911825 43.830304 0.839480 91.148371 
7350 11 2.927898 24.784174 3.904584 45.524041 0.644401 57.201739 
7400 12 2.691482 25.414586 3.898077 43.602289 0.702001 59.795114 
7450 11 2.679786 27.312131 3.911468 44.964084 0.650519 43.900811 
7500 12 3.480098 28.950255 3.946618 39.626577 0.652230 66.963843 
7550 11 3.637734 27.295372 3.946521 42.729414 0.711931 53.182125 
7600 11 3.271330 22.040763 3.912672 42.569090 0.794125 107.831762 
7650 11 3.042755 25.418283 3.925541 45.000152 0.567721 36.300284 
7700 11 3.089834 26.545300 3.909105 42.906459 0.664346 44.538216 
7750 11 2.948202 27.554318 3.871471 46.760796 0.689004 43.330314 
7800 12 2.855560 26.548450 3.876368 48.116552 0.611263 55.056756 
7850 12 2.601070 30.885132 3.906638 45.347064 0.618413 57.299303 
7900 12 2.750487 31.168861 3.877422 49.969686 0.766533 83.315258 
7950 11 3.164272 32.029994 3.827419 47.050713 0.639446 82.180554 
8000 12 2.880501 28.261124 3.850798 47.233359 0.651350 59.432270 
8050 12 2.982319 35.675136 3.839736 47.230102 0.771776 71.837955 
8100 12 3.029136 32.301506 3.812396 47.497010 0.770116 56.259213 
8150 12 2.847986 28.324607 3.834718 45.889679 0.750922 63.834264 
8200 11 2.989945 29.593383 3.816137 46.839405 0.696793 53.087845 
8250 12 3.210206 26.817016 3.828527 48.175512 0.695041 71.193092 
8300 11 3.185856 26.511959 3.794402 47.767227 0.667148 61.640663 
8350 11 3.250651 24.059776 3.823911 47.491053 0.748942 97.147459 
8400 11 2.576492 23.448448 3.860026 47.332581 0.624320 38.374869 
8450 11 2.874050 29.376671 3.901680 46.316269 0.713854 69.557333 
8500 12 3.081112 28.294777 3.905924 48.232611 0.618952 74.551820 
8550 11 2.874296 25.884288 3.901908 49.426735 0.546469 54.398337 
8600 11 3.206515 28.878115 3.878300 46.875612 0.678944 52.764552 
8650 11 3.712168 28.019009 3.924083 46.065696 0.777511 34.836420 
8700 11 3.401432 36.928307 3.910073 45.799961 0.602117 28.205883 
8750 12 3.483390 36.160721 3.921490 42.877188 0.654240 36.101515 
8800 11 3.114173 31.824662 3.913082 44.696575 0.643461 72.898720 
8850 12 2.854407 35.413467 3.873597 46.793256 0.689570 54.310530 
8900 12 3.295442 35.923950 3.864319 46.295471 0.590482 62.612106 
8950 12 4.092628 40.394341 3.895881 41.593753 0.724693 56.301573 
9000 11 4.007191 39.220293 3.903351 39.791547 0.557115 70.029581 
9050 12 3.299550 35.010374 3.927968 42.151917 0.670824 48.261999 
9100 11 3.046758 40.170060 3.925333 43.503184 0.635668 29.818044 
9150 11 2.763654 37.174854 3.936643 46.567879 0.766130 46.289744 
9200 11 3.413746 39.465546 3.929914 41.600757 0.674612 41.253053 
9250 11 3.978438 39.666474 3.914521 40.369242 0.709129 49.011736 
9300 11 3.707635 43.955291 3.942228 38.528316 0.537903 42.500551 
9350 11 3.039493 41.107458 3.899265 44.109236 0.731484 51.616495 
9400 11 3.119119 40.993926 3.901103 46.446042 0.682700 79.419296 
9450 12 3.204141 39.004399 3.858779 44.281252 0.540756 67.906071 
9500 11 3.439887 39.054053 3.893069 42.606673 0.776414 61.148917 
9550 11 3.820371 40.461214 3.939283 40.643843 0.576887 44.943179 
9600 11 3.106507 33.952688 3.938400 42.733731 0.588010 38.568090 
9650 12 2.898984 34.255134 3.979758 42.032437 0.625333 70.716972 
9700 12 3.025373 36.932563 3.979398 44.209075 0.617512 90.188559 
9750 12 3.037182 41.461736 3.973120 44.789142 0.572220 72.155169 
9800 12 2.908015 35.895944 3.974119 45.905046 0.657023 43.226675 
9850 12 2.796386 36.157058 4.006883 45.680270 0.775042 43.808297 
9900 11 3.219819 30.703612 3.987708 42.399119 0.682396 57.190524 
9950 11 2.850693 33.299261 3.985514 43.380575 0.642856 59.384550 
10000 11 3.179902 31.501513 3.968285 45.310986 0.811547 75.632129 
10050 12 2.967140 31.591526 3.951961 43.467079 0.643790 91.185265 
10100 11 3.010292 26.327415 3.967957 44.294381 0.703955 28.743639 
10150 10 3.159682 32.806775 3.897628 47.426057 0.805633 31.147390 
10200 10 2.985232 36.184089 3.853823 50.404440 0.791412 26.385528 
10250 10 2.821430 32.289238 3.904269 49.245156 0.564345 51.020578 
10300 12 2.987853 37.556026 3.855415 48.080903 0.638272 31.792218 
10350 10 3.263920 35.320376 3.872445 47.788355 0.703719 61.841610 
10400 11 3.104722 34.967244 3.831807 50.314124 0.826042 30.146542 
10450 10 3.140332 38.062456 3.849399 49.407212 0.580576 48.070456 
10500 10 3.010272 36.377427 3.816431 51.106166 0.790446 104.512894 
10550 11 3.194439 37.418877 3.824622 47.274676 0.603073 62.700008 
10600 10 3.099614 39.551130 3.805013 50.771478 0.682934 51.797849 
10650 10 3.449698 34.828989 3.852057 50.537374 0.705474 47.705606 
10700 10 2.899375 33.057490 3.873734 47.396695 0.923794 78.593424 
10750 10 3.257316 34.745933 3.845508 47.771871 0.509304 40.400350 
10800 10 3.251977 36.998136 3.818900 48.265720 0.680433 50.604644 
10850 11 3.193257 33.199542 3.776503 48.656619 0.781661 84.606203 
10900 10 3.153399 29.971946 3.796057 51.790299 0.616408 47.255579 
10950 11 3.194184 37.220012 3.777394 56.019260 0.766019 32.287227 
11000 10 3.518784 35.776312 3.789572 50.920471 0.741010 44.458596 
11050 11 3.182536 34.747573 3.750315 50.328565 0.795817 31.204818 
11100 11 3.458879 36.786521 3.762481 47.655581 0.891094 48.046225 
11150 11 3.178672 37.792160 3.771844 49.037436 0.569225 40.108053 
11200 12 3.345822 37.762554 3.751026 47.433542 0.724682 47.822587 
11250 11 2.622989 39.467749 3.736827 53.720000 0.635192 37.331553 
11300 10 3.051844 39.343177 3.751825 50.298595 0.568927 45.370626 
11350 11 3.217672 33.272255 3.746222 49.033657 0.652453 60.793827 
11400 11 2.949958 34.995532 3.787414 51.142413 0.600905 62.736176 
11450 10 2.869491 36.816420 3.774708 51.249085 0.638073 32.300836 
11500 10 3.114082 36.646722 3.730241 50.453744 0.758209 44.330869 
11550 11 2.690349 33.528959 3.698786 55.301174 0.680962 46.197373 
11600 11 3.067973 35.672563 3.762544 50.476488 0.681941 72.383370 
11650 10 3.194028 37.780816 3.803437 50.694971 0.594635 67.525644 
11700 10 3.368310 33.417998 3.849404 52.118897 0.625440 104.092634 
11750 11 3.637679 30.555736 3.875273 47.922154 0.748164 91.961755 
11800 10 3.172837 35.507618 3.877348 47.117370 0.637323 85.048435 
11850 9 3.122838 29.618849 3.903042 47.989304 0.504514 30.611205 
11900 11 2.964280 24.816006 3.854394 49.097543 0.648744 46.417915 
11950 12 2.888273 25.047982 3.819864 45.779731 0.782981 33.705004 
12000 11 3.128765 30.584234 3.827927 48.957607 0.587407 34.482336 
12050 11 2.855865 31.512877 3.843477 49.249032 0.721810 55.373900 
12100 11 2.672038 26.902427 3.894957 47.554478 0.660590 41.462544 
12150 11 3.101218 28.895903 3.841254 46.344522 0.615528 67.275358 
12200 12 3.113653 25.643710 3.854071 42.324774 0.748426 40.272216 
12250 12 3.331173 29.370997 3.926466 42.081883 0.658723 41.108760 
12300 11 3.365041 23.997153 3.897862 47.543476 0.549439 45.611111 
12350 11 3.166284 28.314222 3.884422 46.993196 0.662070 51.500934 
12400 12 3.090948 26.660723 3.894539 46.340066 0.707321 62.638302 
12450 11 2.995913 30.332922 3.897510 47.646454 0.630659 54.339082 
12500 11 3.070370 36.789444 3.888503 45.887143 0.675553 67.852204 
12550 11 3.339592 36.276824 3.948357 42.716552 0.613042 33.243380 
12600 11 2.947816 35.173545 3.948214 46.468033 0.600649 46.359633 
12650 12 3.004910 34.893850 3.997341 41.274591 0.570365 51.750768 
12700 12 3.358440 30.271363 3.925820 44.445684 0.680714 46.785962 
12750 12 3.338044 34.459074 3.894181 45.773155 0.742280 45.165835 
12800 12 3.369466 33.260863 3.902065 46.433117 0.518909 68.813371 
12850 11 3.253876 33.306862 3.902391 46.517022 0.772101 38.906172 
12900 11 2.997375 30.754179 3.900812 45.392726 0.817547 63.968419 
12950 11 3.166983 30.284600 3.903741 45.697349 0.612957 134.908582 
13000 11 3.181302 29.302007 3.904635 44.024789 0.635057 54.929965 
13050 11 3.200080 29.203043 3.901278 46.200807 0.685654 70.873166 
13100 12 3.173524 30.524820 3.897791 44.239527 0.649695 80.680821 
13150 11 3.331979 31.353820 3.862745 46.158059 0.737561 111.614205 
13200 11 2.956081 31.599170 3.856776 48.131771 0.762016 50.792657 
13250 12 3.100091 30.377355 3.892635 45.842888 0.607527 40.701326 
13300 11 3.174529 30.639910 3.869926 47.240827 0.611551 51.682990 
13350 12 3.201310 30.083868 3.900091 44.854199 0.614341 59.269336 
13400 11 2.905696 29.740351 3.913586 44.215579 0.624820 69.279394 
13450 11 2.972984 30.274284 3.898418 47.187775 0.801179 59.891578 
13500 11 2.919706 30.741459 3.899311 45.835812 0.650751 32.340348 
13550 11 2.973858 31.153459 3.922506 44.767183 0.621418 44.524016 
13600 12 2.955862 32.955773 3.937771 44.068974 0.651598 86.975947 
13650 12 3.043619 33.916030 3.942221 44.795127 0.650700 45.001297 
13700 12 3.219724 35.443651 3.924249 45.341278 0.698218 49.635125 
13750 12 3.221512 35.623126 3.908586 43.100268 0.670361 74.950338 
13800 12 2.901836 35.750606 3.911116 45.955294 0.683119 62.885627 
13850 11 3.285085 35.392499 3.926840 48.262082 0.593281 45.310560 
13900 11 2.896600 36.019718 3.935750 47.077075 0.507280 67.591413 
13950 12 2.636156 36.482591 3.957798 43.420614 0.732941 54.499070 
14000 12 2.620037 34.907165 3.972221 43.324229 0.758042 42.100457 
14050 11 2.780821 36.034622 3.960339 43.255165 0.849211 71.541610 
14100 11 3.085452 35.170568 3.949486 42.913672 0.761759 84.018721 
14150 11 3.039972 33.972013 3.926321 43.610656 0.605085 41.144403 
14200 12 2.841097 36.173873 3.891690 44.941046 0.827544 40.948552 
14250 11 2.622440 35.275328 3.864106 49.604982 0.690971 77.051731 
14300 11 2.914983 37.172686 3.891450 45.499157 0.841655 97.830642 
14350 12 3.221270 36.723939 3.848239 46.771975 0.749646 72.020026 
14400 11 2.818868 38.261370 3.802172 49.246816 0.910028 74.059246 
14450 11 3.254362 38.165742 3.881909 43.388924 0.581180 44.440288 
14500 11 2.993544 39.134601 3.868374 45.266963 0.697516 49.936370 
14550 11 2.902362 36.854347 3.843932 48.777635 0.540746 46.931336 
14600 11 3.094086 35.643426 3.827815 44.635272 0.689489 73.036472 
14650 11 2.947771 37.620263 3.871159 50.370234 0.644081 85.715100 
14700 11 2.816319 35.119333 3.866753 49.691325 0.624442 82.622982 
14750 12 2.911401 38.451644 3.900290 47.946296 0.736485 50.126345 
14800 11 3.293591 39.349527 3.872662 45.140348 0.719254 65.885273 
14850 11 3.435183 41.861807 3.850878 44.781463 0.684756 37.953106 
14900 11 3.273207 40.898866 3.828653 44.813443 0.612911 64.479174 
14950 12 3.250632 41.548213 3.837274 44.773013 0.710207 79.506250 
15000 12 3.229389 45.608062 3.833301 44.270932 0.600165 46.863866 
15050 11 3.361279 42.360470 3.846458 46.487181 0.575066 40.950844 
15100 11 3.276660 40.221856 3.834513 46.385345 0.621395 43.345379 
15150 11 3.120516 34.981774 3.855416 43.759022 0.627351 49.435754 
15200 11 3.177737 36.512976 3.849195 43.819874 0.721691 31.952455 
15250 11 3.423784 39.926170 3.836051 44.862590 0.776703 38.401045 
15300 11 3.002002 41.786910 3.802670 46.497062 0.614876 29.856965 
15350 11 2.890363 40.237206 3.821385 45.909007 0.674894 50.696073 
15400 11 2.946126 38.308046 3.912929 43.387158 0.687713 42.192223 
15450 11 3.434670 44.377159 3.961294 45.843657 0.783374 87.465926 
15500 11 3.211272 38.636622 3.984084 40.705990 0.790620 54.582074 
15550 11 3.404622 38.470783 3.964986 39.843456 0.765698 52.461683 
15600 11 3.410212 39.523699 3.943225 40.128483 0.683900 43.921812 
15650 12 3.133464 39.415008 3.965293 42.731958 0.698367 39.303619 
15700 11 3.237804 37.477103 4.003883 41.712528 0.625760 30.227306 
15750 11 2.918138 37.912834 4.012842 43.687678 0.593522 39.049034 
15800 11 3.381375 35.384632 3.960276 43.626728 0.738016 54.011130 
15850 11 3.262845 33.212398 3.987638 41.043783 0.647895 46.085985 
15900 12 3.169822 30.466959 3.995938 45.943979 0.609427 25.351658 
15950 11 2.822603 32.005978 3.987087 43.282727 0.740357 47.292490 
16000 11 2.958016 36.471403 4.015457 41.756359 0.780880 69.231633 
16050 11 3.147979 29.934938 4.009384 41.793282 0.710354 49.760145 
16100 11 3.375362 35.719515 4.004072 42.735564 0.715714 67.985097 
16150 12 2.885477 33.388256 3.978696 43.292801 0.656330 34.980337 
16200 11 2.973670 33.135906 3.941803 50.339078 0.669049 70.111518 
16250 11 2.772239 25.563086 3.947053 46.571149 0.671426 44.508186 
16300 11 2.961181 27.822346 3.923020 45.866865 0.638565 38.510982 
16350 11 2.948892 30.331343 3.944039 43.915221 0.747457 33.064510 
16400 11 3.589647 32.922367 3.864099 45.830162 0.812223 66.279448 
16450 11 3.156356 33.379886 3.881905 44.221380 0.700851 38.955639 
16500 12 2.957389 34.808989 3.867663 46.015864 0.642639 51.455415 
16550 12 3.437520 35.290299 3.835766 47.050847 0.686892 56.763240 
16600 11 2.734652 33.638518 3.826726 46.946904 0.594452 78.625446 
16650 11 3.003610 32.776147 3.828624 47.092888 0.652339 35.648802 
16700 11 2.993755 30.548349 3.823668 46.698842 0.692050 39.518225 
16750 11 2.863354 28.762995 3.831963 46.478455 0.639540 69.361404 
16800 11 3.492785 29.628282 3.826274 46.206874 0.570464 81.875627 
16850 12 3.077493 28.131641 3.808943 45.498457 0.668204 57.078867 
16900 12 3.289753 26.374788 3.823931 45.725932 0.720822 51.005344 
16950 11 2.856832 26.947857 3.834347 46.264940 0.564438 60.404242 
17000 11 3.069285 28.418354 3.817144 44.673786 0.762216 79.786542 
17050 11 2.928246 28.446286 3.831998 47.744399 0.837924 81.700101 
17100 12 3.259112 26.991218 3.835647 45.873950 0.712672 118.250653 
17150 11 3.298528 34.069161 3.871606 44.459539 0.656092 74.534380 
17200 12 3.471765 29.592456 3.876378 43.852471 0.578461 89.891195 
17250 13 2.764454 28.438580 3.893209 42.920835 0.705238 90.372989 
17300 11 3.060664 26.814521 3.878541 45.158165 0.700136 94.583163 
17350 11 3.448539 25.705773 3.856203 45.768375 0.779267 63.559220 
17400 11 3.217285 29.726999 3.851956 45.852600 0.746994 54.567356 
17450 11 3.311408 32.203429 3.860911 45.761446 0.636597 63.011475 
17500 11 3.047198 35.344390 3.859159 46.718171 0.753452 84.040902 
17550 12 3.405573 35.738840 3.831204 45.262212 0.686698 130.914721 
17600 11 3.167134 31.996092 3.822925 46.349321 0.871712 63.897596 
17650 13 2.961786 31.587175 3.829554 46.152115 0.684682 35.254241 
17700 12 3.510295 37.816265 3.856322 44.547620 0.572799 55.813625 
17750 11 3.345079 33.530568 3.843283 45.071229 0.664733 54.725417 
17800 11 2.983788 40.137301 3.872248 46.608128 0.720160 77.858039 
17850 11 3.216300 34.649046 3.867110 45.104251 0.686501 66.946541 
17900 10 3.060821 39.207971 3.850941 46.721118 0.791442 53.823646 
17950 11 3.176614 28.450701 3.863246 46.798478 0.840155 52.817581 
18000 12 2.995234 29.934771 3.849988 47.127368 0.726058 58.568395 
18050 12 3.252155 29.160013 3.861257 47.469176 0.806476 42.418863 
18100 12 3.198885 39.154176 3.892329 46.549300 0.646970 82.996189 
18150 12 3.157282 32.608344 3.905156 46.406094 0.691260 85.813902 
18200 11 3.444029 31.300580 3.892557 45.894276 0.590579 39.348095 
18250 11 3.039404 22.338746 3.949932 44.601407 0.652276 55.968882 
18300 11 3.742831 25.619386 3.937977 46.966983 0.831148 64.262551 
18350 11 2.813732 31.160475 3.953068 45.671489 0.594667 76.419541 
18400 11 3.246188 34.183531 3.929602 45.027214 0.905135 43.960233 
18450 11 2.833840 30.961674 3.922084 45.158228 0.590177 47.143303 
18500 12 2.591438 27.095351 3.932375 45.314321 0.710716 38.909148 
18550 12 3.426074 28.753141 3.915070 45.505686 0.711666 59.549860 
18600 12 3.846137 28.778717 3.878762 44.228053 0.633294 60.104511 
18650 11 3.467695 33.407389 3.878059 46.180731 0.720249 50.002352 
18700 11 2.768544 36.107180 3.890315 45.903344 0.743436 60.239026 
18750 11 3.279912 37.319353 3.867674 47.190173 0.737662 52.607427 
18800 11 2.936267 31.836568 3.892592 44.589916 0.629392 33.807147 
18850 11 3.228097 26.275190 3.903426 43.658407 0.675669 44.555718 
18900 12 3.009406 30.299779 3.914955 46.504922 0.653531 42.630583 
18950 11 3.052375 33.648334 3.890752 47.419544 0.796873 83.949772 
19000 11 2.939686 32.307290 3.894963 47.323751 0.595736 51.476809 
19050 11 2.781301 26.569706 3.897759 47.077836 0.608792 60.666877 
19100 11 2.683605 30.100349 3.879851 47.880490 0.634851 119.595728 
19150 11 2.828393 28.494012 3.845732 47.155024 0.750715 68.080680 
19200 11 2.851461 32.209209 3.837639 48.107396 0.680552 48.440765 
19250 12 3.293806 28.089357 3.848530 48.234808 0.652763 122.618505 
19300 11 3.036910 30.473356 3.877599 49.196155 0.648744 94.693787 
19350 11 3.080768 35.156228 3.903298 45.209902 0.808251 46.349526 
19400 11 3.065090 26.332558 3.892357 47.253693 0.701578 53.398712 
19450 11 3.050494 31.303114 3.883762 46.978073 0.613723 60.733866 
19500 11 3.231831 30.075885 3.877154 41.852250 0.675280 56.275110 
19550 11 3.110529 30.509051 3.864991 45.150887 0.796699 45.975704 
19600 11 3.016949 29.011913 3.862507 47.232386 0.792851 53.861892 
19650 11 2.918670 33.371906 3.896510 44.767481 0.628421 82.078039 
19700 11 3.341022 36.337870 3.906238 43.748914 0.607488 76.766268 
19750 12 3.115663 34.361370 3.898437 44.694116 0.575596 58.063308 
19800 12 3.161463 32.581741 3.905531 46.955339 0.733228 79.668966 
19850 11 3.275649 33.552943 3.901637 45.225579 0.607349 40.233579 
19900 11 2.874696 35.269710 3.913560 44.224918 0.669037 36.814897 
19950 11 2.763211 31.541025 3.947158 43.913488 0.727835 68.875508 
20000 11 2.805819 28.674323 3.937658 43.854466 0.675277 46.910403 
20050 11 2.824503 32.936639 3.959441 45.263945 0.731143 68.929458 
20100 11 2.924028 37.263495 4.000903 44.160051 0.639404 44.072658 
20150 11 2.921252 31.602437 3.968648 42.724692 0.703168 57.056113 
20200 11 3.078563 32.528970 3.983796 41.323304 0.678994 51.682387 
20250 11 3.452997 29.899834 3.944223 45.476255 0.777366 66.266467 
20300 12 3.258323 29.069267 3.965677 40.669952 0.680459 40.015199 
20350 11 2.851243 25.787015 3.944084 43.945125 0.568322 52.585417 
20400 11 2.964643 34.005780 3.860930 44.338184 0.752634 67.423456 
20450 11 2.896408 30.316997 3.878459 45.104316 0.636956 80.508816 
20500 11 2.744113 31.386680 3.888838 47.717478 0.621862 50.174117 
20550 11 2.986127 34.683993 3.936848 47.048318 0.668672 54.970508 
20600 11 3.129811 36.758508 3.891782 44.666406 0.687161 43.126173 
20650 11 3.148749 34.019995 3.912218 47.043530 0.735638 62.770613 
20700 12 3.206337 28.411299 3.902631 44.007528 0.608552 32.834309 
20750 11 3.184399 30.431695 3.930035 44.286690 0.734985 87.099594 
20800 11 3.449084 33.730437 3.902786 41.375370 0.625457 59.050748 
20850 12 3.434145 29.076289 3.915020 45.209902 0.714479 48.169880 
20900 11 3.190298 32.085441 3.913863 47.376495 0.714826 37.345190 
20950 11 2.991149 33.467230 3.912704 43.621274 0.630921 28.369015 
21000 12 3.294993 29.640031 3.874153 42.900421 0.572750 46.869167 
21050 11 2.675676 28.711650 3.895142 48.185987 0.675107 38.448923 
21100 12 3.084567 23.088602 3.916540 42.462080 0.725770 52.460109 
21150 11 3.343308 28.345196 3.912187 44.008231 0.686701 96.378873 
21200 12 2.989753 27.709230 4.013739 39.503908 0.542238 55.245416 
21250 12 3.253053 27.375836 4.033683 37.144745 0.809182 66.254926 
21300 11 3.453773 28.708066 3.989499 39.847186 0.704450 63.283194 
21350 12 3.131642 27.523437 4.002560 41.178939 0.793840 45.768724 
21400 11 3.368613 29.410183 3.992587 41.639309 0.618936 44.787409 
21450 11 3.209383 23.095917 3.998237 42.364701 0.705608 29.424731 
21500 12 2.929710 22.831146 3.965458 45.006126 0.730203 50.064760 
21550 12 3.316002 26.514440 3.987421 40.888269 0.666103 36.360568 
21600 12 2.941867 26.312984 3.982248 41.510152 0.698743 53.087334 
21650 11 3.370650 21.915017 3.999102 44.607669 0.713513 42.154220 
21700 11 2.968555 20.360642 3.988431 45.523829 0.562429 34.303954 
21750 11 3.310836 33.118077 3.993996 45.135675 0.556977 54.945140 
21800 11 3.306347 35.591115 3.988067 40.891884 0.733301 82.669192 
21850 12 2.732511 27.153822 3.954133 46.200810 0.660220 43.837231 
21900 11 3.088856 30.838105 3.916532 47.905444 0.652831 71.888270 
21950 11 2.760833 30.996595 3.964371 45.452456 0.592591 66.914390 
22000 11 2.991531 31.151910 3.956023 41.647129 0.641285 61.365437 
22050 11 3.157750 24.823734 3.967666 42.637573 0.632580 65.637494 
22100 11 3.157859 28.276470 3.998009 41.458595 0.651623 57.141664 
22150 12 3.191591 27.479230 4.004836 41.872691 0.847194 93.703573 
22200 11 3.306348 37.374173 3.991619 43.534505 0.783597 58.253928 
22250 11 3.434990 31.438116 3.979049 38.534123 0.679812 74.745913 
22300 11 3.054982 32.198830 3.996048 42.442008 0.644189 87.710084 
22350 12 2.897704 35.254198 3.986288 42.130853 0.708993 117.409674 
22400 12 2.998076 30.908399 3.970572 42.225981 0.778260 51.513613 
22450 12 2.957678 32.271184 3.931473 43.261416 0.769624 63.118568 
22500 11 3.118421 28.175856 3.929551 40.897002 0.688962 37.393853 
22550 11 3.135935 29.306875 3.910030 46.468031 0.631460 57.668974 
22600 11 3.117235 30.829094 3.908592 44.185883 0.680194 52.669184 
22650 12 3.263655 28.386574 3.944906 46.366407 0.731159 64.578774 
22700 11 3.062821 31.746882 3.924584 44.742664 0.822469 63.635237 
22750 11 3.158978 31.604549 3.929885 46.347475 0.770295 56.124756 
22800 11 3.256405 36.181048 3.950112 42.403213 0.582365 50.100430 
22850 11 3.475695 30.302905 3.964637 40.170031 0.633233 34.264575 
22900 11 3.598210 30.008872 3.906026 45.679560 0.715441 48.417211 
22950 11 3.396201 33.002434 3.882111 43.946092 0.652892 65.807530 
23000 11 3.444983 32.876487 3.913343 44.276946 0.558113 43.621085 
23050 11 3.697260 30.929377 3.915468 42.416411 0.867550 69.199301 
23100 11 3.801673 30.825376 3.915734 43.234010 0.582004 62.729483 
23150 11 3.236432 34.393802 3.933759 41.198765 0.661740 58.115848 
23200 12 3.146942 28.572684 3.954369 38.427436 0.794349 64.688199 
23250 11 3.223643 28.316920 3.947565 46.885516 0.702599 38.410231 
23300 12 2.935477 27.091090 3.970204 45.493750 0.808496 47.195359 
23350 11 3.242454 32.151137 3.932404 48.734192 0.714078 54.253408 
23400 11 3.166279 33.486949 3.945477 41.474154 0.724367 36.761434 
23450 11 2.963876 36.603079 3.936071 39.785816 0.849750 75.443298 
23500 12 3.320933 27.810299 3.955989 45.480008 0.543910 67.642355 
23550 11 3.032861 30.976149 3.951353 43.088179 0.629969 60.517953 
23600 12 3.422133 30.490823 3.950158 45.931773 0.607212 95.802669 
23650 11 3.133324 34.303045 3.928327 48.505621 0.734150 63.223347 
23700 12 3.035159 33.863579 3.918816 44.922263 0.651241 44.981708 
23750 11 3.228437 29.969865 3.900672 46.539289 0.720458 53.817302 
23800 12 3.308428 26.843654 3.879349 47.009888 0.720879 82.189061 
23850 11 3.002029 31.109128 3.889728 45.790480 0.651348 47.276413 
23900 11 3.299463 28.638407 3.863639 43.590598 0.752500 29.539499 
23950 11 3.585356 20.140046 3.882949 41.873179 0.794024 55.975350 
24000 11 3.411272 20.150935 3.911822 45.114976 0.674207 71.808820 
24050 12 3.252327 24.758622 3.891483 47.644062 0.627489 81.364751 
24100 12 3.389098 22.238169 3.934429 45.292203 0.635815 66.809533 
24150 11 2.844533 22.515555 3.858166 47.908124 0.835589 33.646187 
24200 11 3.119009 26.510281 3.904562 46.370856 0.591139 42.236010 
24250 12 2.840692 20.586102 3.909825 46.199540 0.666277 39.221804 
24300 11 2.747723 29.670574 3.926527 45.752620 0.615596 51.932307 
24350 12 2.607981 23.030785 3.934992 46.657121 0.712722 82.571323 
24400 12 2.961759 26.544961 3.947300 45.078132 0.702057 91.373133 
24450 12 3.011544 31.213324 4.008237 42.339252 0.708906 72.269003 
24500 11 2.747321 27.500093 3.993474 43.700008 0.839377 74.290643 
24550 12 3.117725 29.367008 4.022498 43.036705 0.635295 62.520737 
24600 11 3.130541 30.713005 4.048705 40.565032 0.805117 34.594537 
24650 14 3.131780 27.844487 4.022966 41.357980 0.706250 26.093676 
24700 13 3.221210 27.959673 4.025911 39.190372 0.711084 32.042555 
24750 12 3.256568 29.446830 3.977599 37.782285 0.574468 46.625855 
24800 13 3.376679 25.176864 3.997768 39.764282 0.738112 52.669485 
24850 12 3.133273 27.686791 3.995378 42.687914 0.756415 96.939185 
24900 12 2.948133 31.655715 4.022688 40.662357 0.913765 67.628061 
24950 12 3.193623 34.123950 3.969654 40.125036 0.703546 41.174514 
25000 13 3.201060 27.458106 3.984284 41.717399 0.675622 42.797767 
25050 13 3.283848 31.980580 4.038873 39.024239 0.701296 60.441181 
25100 12 3.180227 36.293641 4.072833 34.429923 0.756972 91.540519 
25150 12 2.975119 36.788271 4.046775 38.984815 0.656197 43.587316 
25200 11 3.080908 36.572784 4.024168 42.921573 0.798594 83.133660 
25250 11 2.854133 32.870178 4.015439 41.957065 0.596718 58.345431 
25300 13 2.888567 31.527671 3.994722 42.593252 0.525778 58.245592 
25350 12 2.810304 35.793135 3.986864 46.429967 0.689043 54.226952 
25400 11 3.067640 34.993483 3.994726 42.639619 0.725637 82.014912 
25450 11 3.490915 35.264076 4.013464 40.930116 0.669890 78.245869 
25500 12 3.292985 34.845125 3.927739 44.474114 0.663672 32.934722 
25550 11 3.202583 26.180149 3.932001 41.731813 0.749478 82.694488 
25600 11 3.286394 28.097526 3.926769 44.065635 0.775319 70.479725 
25650 12 3.420728 26.592564 3.959854 41.928304 0.598851 68.130804 
25700 11 2.850680 24.200580 3.915790 42.635384 0.657647 50.333340 
25750 12 3.280902 30.612545 4.004043 40.434102 0.644263 69.179458 
25800 12 3.122965 26.720454 3.958737 46.099351 0.770182 47.147511 
25850 12 3.315153 31.041096 3.892572 44.820109 0.714288 46.932446 
25900 11 2.880188 30.899612 3.891607 47.483041 0.738686 64.329074 
25950 11 3.044418 31.475626 3.912372 46.135846 0.683413 42.903833 
26000 11 2.911741 32.938012 3.893159 47.288883 0.698913 71.121574 
26050 12 2.946085 32.247868 3.905812 45.101307 0.600973 50.858709 
26100 11 2.826369 31.072936 3.889216 46.060333 0.738474 58.137688 
26150 11 3.158668 23.528974 3.870747 47.983247 0.593496 52.820772 
26200 11 3.115212 32.751668 3.853763 48.862034 0.746870 35.134381 
26250 11 3.150091 34.614261 3.871524 44.036873 0.672547 36.054727 
26300 12 3.193665 27.932185 3.861962 46.086939 0.734701 30.786620 
26350 13 2.960747 25.976827 3.884650 45.117883 0.672665 69.057036 
26400 11 3.266023 26.824573 3.873403 46.405971 0.676255 56.882638 
26450 12 3.050118 30.302105 3.896299 45.705040 0.608697 45.360953 
26500 12 3.034050 27.646401 3.864755 45.212934 0.540306 46.448084 
26550 12 2.861667 25.983351 3.897651 46.208202 0.574526 41.947368 
26600 11 2.893643 25.502409 3.910086 45.925345 0.762174 58.886866 
26650 11 2.916445 26.211674 3.912848 43.224119 0.685460 77.190478 
26700 12 3.056956 25.922439 3.904691 46.475787 0.715976 60.076900 
26750 12 3.136262 22.710460 3.962211 44.895096 0.741363 47.379704 
26800 11 3.282603 25.195913 3.943492 44.882657 0.729373 82.461453 
26850 12 2.661409 27.123023 3.970233 49.236874 0.614794 50.561980 
26900 11 2.986085 29.381427 4.006988 45.023536 0.703259 81.290100 
26950 11 2.972641 19.936524 3.994911 40.679404 0.853045 129.024941 
27000 12 3.162270 29.829173 3.989533 46.632954 0.671549 60.312156 
27050 11 3.049542 26.367633 3.937962 44.981194 0.643420 51.101475 
27100 11 2.959159 28.285970 3.955525 47.919097 0.628537 86.052301 
27150 11 3.188962 26.361248 3.935515 47.607730 0.811598 69.423767 
27200 11 2.874973 32.988863 3.930368 48.458367 0.583094 63.420528 
27250 11 2.901567 28.976446 3.893536 47.252941 0.722963 78.540644 
27300 11 2.965214 30.794408 3.850156 49.202851 0.790604 45.700516 
27350 12 2.779890 31.862435 3.874027 49.639209 0.777611 49.760826 
27400 12 2.876161 33.518196 3.908690 48.885498 0.666692 73.069312 
27450 12 2.941221 29.829311 3.932910 46.271110 0.723211 68.009674 
27500 12 2.860182 29.699934 3.916530 47.073238 0.753733 91.357037 
27550 11 2.845792 30.668533 3.885114 47.565130 0.566037 59.545719 
27600 11 3.140312 27.340502 3.919523 45.819418 0.681104 36.868843 
27650 11 3.080897 39.663137 3.884148 45.272062 0.656881 77.099233 
27700 11 3.005355 29.312573 3.893164 46.805328 0.713034 45.771546 
27750 12 3.012527 29.175434 3.873220 47.419766 0.683564 60.132290 
27800 12 3.056285 36.173857 3.871083 47.102033 0.782775 42.773342 
27850 11 3.462806 32.776553 3.901726 46.252621 0.695751 49.742873 
27900 11 3.435289 33.614016 3.880046 46.751982 0.671331 40.092962 
27950 11 3.630277 38.179937 3.874069 46.601372 0.568601 65.012772 
28000 11 3.442541 41.313196 3.877126 46.279676 0.610630 44.029599 
28050 11 3.418553 40.685372 3.858423 46.586544 0.662857 80.101749 
28100 12 3.201158 38.385364 3.881551 47.335623 0.677363 45.042688 
28150 11 3.186436 37.761692 3.879069 44.908016 0.808857 48.588742 
28200 11 3.371338 33.793728 3.859741 46.199017 0.503332 33.243378 
28250 11 3.453298 43.199918 3.877826 43.059264 0.906499 35.904809 
28300 12 3.029395 40.471812 3.869738 45.409339 0.655305 50.075474 
28350 12 3.144186 43.440434 3.896309 46.094159 0.580637 56.602696 
28400 11 3.052153 37.241061 3.901347 45.621118 0.687657 50.080139 
28450 12 2.666504 40.319885 3.930642 44.502412 0.696703 39.502169 
28500 11 2.987444 34.553549 3.916494 44.515778 0.863118 51.105139 
28550 12 2.868839 33.510809 3.901339 44.377189 0.617570 26.270353 
28600 11 2.783881 36.218656 3.898797 44.803112 0.612341 64.411249 
28650 11 3.115637 38.764679 3.935134 45.181477 0.755095 52.155027 
28700 11 3.301640 38.284700 3.907417 44.787429 0.665777 67.601255 
28750 12 3.020092 37.697599 3.887494 45.365634 0.747595 32.725183 
28800 11 3.022620 37.657201 3.929996 44.855999 0.619932 37.643953 
28850 11 3.212426 31.796287 3.924932 43.747358 0.728098 35.801244 
28900 11 2.988008 26.428359 3.952309 44.496675 0.798662 45.229678 
28950 12 3.104632 29.828681 3.940087 44.836308 0.753283 112.415505 
29000 11 3.284981 35.004486 3.943108 41.993955 0.814939 50.495958 
29050 11 3.311433 32.766474 3.950066 45.838091 0.585388 60.012787 
29100 11 3.174112 35.573628 3.898064 46.210946 0.680963 30.371935 
29150 11 3.057827 32.324137 3.903208 46.185938 0.808645 42.400215 
29200 11 2.971452 31.993143 3.853133 46.056922 0.627593 20.038117 
29250 11 3.183738 29.724853 3.902368 47.155459 0.637166 39.408261 
29300 11 2.920971 25.364618 3.936280 46.436508 0.537172 37.446680 
29350 12 2.923892 25.823376 3.927709 46.086467 0.784382 61.424858 
29400 11 3.040079 28.665904 3.950319 45.175793 0.665220 62.748613 
29450 11 2.938129 28.576651 3.981215 45.329020 0.671560 40.983828 
29500 12 3.013543 27.078138 3.947249 45.626185 0.712160 36.066037 
29550 12 2.943000 27.734683 3.956582 45.287847 0.679017 44.246790 
29600 11 3.040794 26.802798 3.974751 45.387791 0.655776 41.875868 
29650 12 3.110380 20.557639 3.972544 43.564365 0.596585 46.711001 
29700 11 3.075033 18.139404 3.974188 44.923104 0.804606 86.243794 
29750 11 2.937627 23.126931 3.973452 43.916734 0.694061 59.596440 
29800 12 2.912988 22.784362 3.963376 43.266783 0.589221 67.539524 
29850 11 3.080217 22.060667 3.980531 45.108262 0.793237 67.092469 
29900 12 3.075554 22.121965 3.984012 41.576242 0.660845 57.447143 
29950 11 3.230412 24.998007 3.990386 41.333091 0.711559 80.829638 
30000 12 3.064991 22.560803 3.934610 44.556249 0.619082 48.035103 
30050 11 3.430732 24.610813 3.949278 46.966103 0.745548 53.406515 
30100 12 3.552075 19.176719 3.911305 45.910052 0.627589 53.188997 
30150 12 3.063483 26.656172 3.932558 46.063877 0.768633 52.252566 
30200 12 3.058871 19.686757 3.941969 43.598863 0.903142 86.612765 
30250 12 3.230308 28.686081 3.968073 44.517438 0.685024 84.319904 
30300 11 3.089373 24.465349 3.995576 40.324662 0.749719 73.518260 
30350 11 2.776721 23.849380 3.950541 41.064504 0.578929 50.281084 
30400 12 2.752207 18.526708 3.942070 46.442789 0.603384 69.360504 
30450 12 2.969823 22.823287 3.912302 46.852131 0.655973 55.602912 
30500 11 2.877880 19.277516 3.954142 45.730815 0.615853 62.130613 
30550 12 3.133549 20.654612 3.959160 45.272437 0.690933 49.737686 
30600 11 3.165999 25.501985 3.990751 42.627202 0.749047 27.594421 
30650 12 3.043015 25.125859 3.973285 46.495629 0.600450 26.170604 
30700 11 2.984419 24.100616 3.930050 48.118472 0.808945 74.171720 
30750 11 3.131052 24.775665 3.927008 46.522147 0.747127 63.079007 
30800 11 2.677536 24.054435 3.943834 47.617427 0.780511 35.840798 
30850 12 2.906883 17.050836 3.941230 45.820479 0.632056 74.741858 
30900 12 3.000033 28.044097 3.915342 46.917522 0.748128 31.225042 
30950 11 3.002376 27.194475 3.933084 46.792614 0.657329 26.815397 
31000 12 2.863321 21.933071 3.882607 49.937582 0.608838 45.916747 
31050 12 3.068147 29.248035 3.914423 44.175506 0.766350 36.167744 
31100 11 2.986898 33.250265 3.896929 47.523955 0.644918 40.270729 
31150 11 2.743498 28.497259 3.881791 49.089891 0.561297 63.718786 
31200 11 2.858586 31.395888 3.872470 48.212812 0.810280 43.986711 
31250 11 2.832146 34.273629 3.876953 49.131794 0.712470 49.262405 
31300 12 3.017499 30.519513 3.904121 48.962281 0.672734 70.647788 
31350 11 2.887238 33.441893 3.905035 50.725367 0.628714 67.062473 
31400 11 2.771294 27.153073 3.921415 48.875483 0.752207 52.075600 
31450 12 2.966452 25.872899 3.880623 46.012152 0.704759 66.641238 
31500 12 3.005373 25.153764 3.869969 50.397322 0.552148 71.390458 
31550 11 2.922737 22.781000 3.870373 49.384986 0.694469 75.862940 
31600 11 3.006214 26.303481 3.881797 47.101964 0.581013 75.120102 
31650 11 2.989888 24.097277 3.909863 49.715336 0.743368 42.777775 
31700 11 2.923304 26.367810 3.932223 46.339357 0.698785 40.654751 
31750 11 2.736111 29.545500 3.982407 46.320610 0.649819 68.075559 
31800 12 3.239391 30.333174 3.978894 45.687077 0.798635 40.693517 
31850 11 3.197006 29.102691 3.921135 43.172005 0.664866 79.244281 
31900 11 2.941033 25.543221 4.005592 40.083075 0.736683 43.630983 
31950 11 3.227430 26.391950 3.961324 44.935316 0.652694 71.172570 
32000 11 3.180789 24.116498 3.950996 44.869584 0.726441 68.377089 
32050 11 3.069740 29.590316 3.939250 43.659461 0.637128 48.221131 
32100 11 3.038574 31.591500 3.937887 43.602425 0.532573 42.603214 
32150 12 2.923124 23.520841 3.954847 43.032668 0.646668 96.011421 
32200 11 3.034827 25.562418 3.938799 46.102663 0.698625 48.188878 
32250 13 3.162608 27.912231 3.880117 48.497510 0.725854 64.480615 
32300 12 3.130687 22.324560 3.944842 45.918433 0.542038 44.693987 
32350 12 3.246710 28.780498 3.931569 44.225122 0.630388 61.310354 
32400 11 3.254254 26.811144 3.903164 43.421150 0.592508 67.396645 
32450 12 2.720799 20.697788 3.899920 46.869842 0.687406 88.507031 
32500 11 2.719134 30.601656 3.951432 46.622028 0.663605 98.129828 
32550 11 2.531858 25.638626 3.941302 47.283481 0.589183 42.437788 
32600 12 3.141557 29.817846 3.908782 46.989852 0.581188 37.882240 
32650 12 3.147276 30.100073 3.938253 46.462069 0.663361 24.682486 
32700 11 3.291510 29.362248 3.956309 46.268177 0.692695 50.049736 
32750 11 3.142854 26.634238 3.932542 45.497195 0.755572 60.087782 
32800 12 3.206319 24.236566 3.925682 47.399082 0.594652 31.375672 
32850 12 2.752297 26.295131 3.920962 46.782904 0.771680 74.018009 
32900 11 2.724275 30.390388 3.948015 47.679007 0.699407 102.096162 
32950 11 2.858228 32.363784 3.906271 47.661101 0.803840 70.505603 
33000 11 2.658170 23.656020 3.902792 48.077810 0.794153 96.847644 
33050 11 2.985688 26.210818 3.908040 47.900100 0.651794 56.127160 
33100 11 2.988477 24.018544 3.887083 48.391005 0.714461 55.173174 
33150 12 2.881066 21.054694 3.847433 45.566520 0.568055 36.118986 
33200 12 2.471596 18.880112 3.899963 47.130600 0.535118 43.742218 
33250 11 2.371644 20.707794 3.946711 44.974472 0.550261 61.022644 
33300 12 2.865358 22.041466 3.969387 50.557920 0.720554 42.569594 
33350 12 2.828896 22.972804 4.004905 41.834898 0.749921 61.489327 
33400 12 2.999830 27.378972 3.999393 41.254241 0.662161 93.771708 
33450 11 3.017578 24.008667 4.020625 44.342323 0.626249 70.381554 
33500 11 2.907324 26.453849 4.016901 41.213083 0.599205 53.620235 
33550 11 3.067877 27.876855 4.044237 40.720023 0.845999 43.665674 
33600 11 3.092105 26.738275 4.016097 43.819509 0.580058 65.437528 
33650 11 3.412470 23.877458 4.013233 41.551739 0.662515 83.233237 
33700 12 3.310526 21.940783 4.012425 43.636935 0.734577 47.989660 
33750 11 2.964329 26.083441 4.006157 43.674497 0.709659 83.936918 
33800 11 3.050947 25.123264 3.991121 41.589274 0.674695 29.564575 
33850 11 3.045942 25.252106 3.939159 44.516142 0.736476 36.262756 
33900 11 2.680218 26.439616 3.903869 46.257513 0.585864 43.376554 
33950 11 3.282426 27.829750 3.854583 47.133857 0.777363 46.729401 
34000 11 3.205634 25.461648 3.869521 46.921040 0.686118 68.516702 
34050 12 2.811635 27.187562 3.859471 48.779316 0.650788 75.616389 
34100 11 2.750813 32.431597 3.884509 47.700447 0.765466 74.948847 
34150 11 2.828042 28.208756 3.820063 49.342133 0.748210 49.836017 
34200 12 2.941153 24.347081 3.812551 48.434407 0.722162 26.588256 
34250 11 2.871003 21.640913 3.795167 49.876736 0.623540 20.772995 
34300 11 3.041308 23.516499 3.830619 48.312040 0.803792 63.799576 
34350 12 3.029339 29.448053 3.824349 50.332579 0.654909 76.797764 
34400 11 2.840587 27.823211 3.825530 46.336941 0.847034 69.045578 
34450 11 3.056418 25.709922 3.851732 50.287743 0.743199 66.350715 
34500 11 3.432661 24.821529 3.875112 45.569350 0.594159 61.020941 
34550 11 3.213229 19.188616 3.905961 46.159045 0.738226 64.829026 
34600 11 3.104650 25.142406 3.892434 46.628740 0.643424 135.435859 
34650 12 3.338213 23.113695 3.879401 47.428732 0.613378 64.477069 
34700 11 3.148508 26.670622 3.920955 45.561841 0.607604 43.847739 
34750 13 2.896435 16.491576 3.950152 45.506135 0.785175 64.672610 
34800 12 3.039170 14.692317 3.957720 46.632746 0.657862 67.863424 
34850 11 2.938748 23.053655 3.979058 43.428029 0.630805 63.279917 
34900 11 3.301633 23.702159 3.952163 42.480368 0.753365 65.802824 
34950 12 2.925897 25.524357 3.931186 43.787926 0.729024 54.438624 
35000 12 2.933265 19.535926 3.942235 45.727712 0.719504 61.886991 
35050 11 3.026620 23.385212 3.943520 46.367320 0.632739 66.802697 
35100 12 2.838523 18.749287 3.952284 45.853769 0.712764 39.026476 
35150 11 3.119870 26.407430 3.969527 42.907066 0.631605 38.042157 
35200 11 3.091035 25.154559 3.936403 46.067951 0.808191 54.779816 
35250 12 3.039807 27.143609 3.934726 46.965680 0.832735 43.527314 
35300 11 3.001549 29.359999 3.915992 46.836283 0.748864 39.810242 
35350 11 3.055345 27.497617 3.827773 46.584641 0.625628 98.210025 
35400 12 2.816845 24.650956 3.824016 45.423005 0.663423 111.634859 
35450 11 2.946806 20.600438 3.820111 46.858476 0.679516 39.990986 
35500 11 2.859276 26.058547 3.852196 46.103350 0.718940 49.147745 
35550 12 2.974048 27.201545 3.849037 45.754119 0.741531 47.307457 
35600 11 2.989305 29.870394 3.844015 47.165023 0.629025 36.347700 
35650 11 3.186339 26.793847 3.835324 46.290996 0.641241 55.734269 
35700 11 2.450131 29.295194 3.851188 45.537541 0.612876 46.191592 
35750 11 2.976206 24.282085 3.834713 46.309012 0.546029 36.746473 
35800 11 3.064669 21.928250 3.857439 46.270978 0.697927 40.196890 
35850 12 3.222174 28.149000 3.827699 46.642029 0.564045 51.329784 
35900 11 2.878117 30.164653 3.855160 45.058244 0.689060 78.985035 
35950 11 2.959819 30.854916 3.842390 46.263900 0.618867 35.275496 
36000 12 3.253234 24.649010 3.844057 46.340556 0.592205 46.282760 
36050 12 2.737976 26.628435 3.841634 47.884059 0.612382 40.914956 
36100 12 2.711260 28.686820 3.866962 49.759505 0.692868 42.813886 
36150 11 2.962032 31.883055 3.840012 46.132244 0.893963 74.376825 
36200 10 2.897777 27.648166 3.799511 51.030366 0.700347 52.518902 
36250 11 2.939660 27.711973 3.794281 48.930813 0.664703 58.801030 
36300 11 2.964387 28.330936 3.816575 47.275828 0.801505 41.641199 
36350 12 2.870194 32.093580 3.824347 47.612871 0.828884 48.112160 
36400 12 3.261250 30.541654 3.869862 44.564537 0.650287 34.233356 
36450 11 3.122406 29.340359 3.921315 45.102059 0.754594 74.185951 
36500 11 3.216849 26.396871 3.948551 44.481621 0.633923 58.493738 
36550 11 3.021343 25.920074 3.944679 44.123904 0.690519 51.287328 
36600 12 3.193139 29.196553 3.913186 44.859419 0.630293 60.824257 
36650 11 2.717155 29.689216 3.923394 45.009968 0.809648 76.826952 
36700 11 2.890405 29.653237 3.921101 46.246460 0.866086 46.901334 
36750 12 2.810104 22.121989 3.945853 47.748068 0.593143 73.439740 
36800 11 2.699723 27.842191 3.966959 44.819930 0.726076 53.756842 
36850 11 2.750045 28.667089 3.982143 41.985527 0.715270 113.032587 
36900 11 2.622961 31.623999 3.931960 43.159295 0.692404 86.110497 
36950 11 2.761631 26.535616 3.869770 44.890254 0.750793 43.327589 
37000 11 2.758342 24.888485 3.887189 47.847910 0.669726 35.098714 
37050 12 3.294542 26.626166 3.858554 47.049286 0.533670 56.608008 
37100 11 3.251590 32.596584 3.826982 49.269822 0.605973 36.610802 
37150 12 3.558473 34.647638 3.801285 47.693185 0.769729 30.750660 
37200 12 3.307360 32.142580 3.808820 48.447368 0.570240 37.221428 
37250 11 3.300302 39.260030 3.833583 47.523755 0.683470 67.049493 
37300 11 3.193040 39.979383 3.848743 45.629608 0.721825 66.989822 
37350 11 3.667443 39.322414 3.889816 44.703854 0.777210 94.291172 
37400 11 3.224826 43.961525 3.913077 42.348894 0.633282 37.452520 
37450 11 3.236972 37.107790 3.916107 46.121961 0.735185 65.792168 
37500 11 2.761834 38.238759 3.927026 45.252583 0.536870 86.641226 
37550 12 2.937752 40.372901 3.926241 44.944526 0.789071 71.936712 
37600 11 2.986386 35.964436 3.983994 47.695734 0.520457 67.735484 
37650 11 2.801092 34.176142 3.948461 45.901887 0.653167 79.350829 
37700 11 2.977964 37.374456 3.949373 43.944688 0.730699 58.630362 
37750 11 2.851059 34.426157 3.951683 44.827373 0.790812 85.593957 
37800 11 2.377444 39.553549 3.921142 45.710492 0.587453 75.771118 
37850 11 2.737853 36.260280 3.961652 46.677095 0.634628 92.097547 
37900 11 2.675998 35.755358 3.989473 47.313533 0.730589 46.723495 
37950 11 3.080341 38.093372 4.004491 48.170760 0.696373 78.619670 
38000 11 2.855088 33.567452 4.010234 44.461017 0.643869 45.114357 
38050 12 3.023721 40.123988 3.978981 44.651953 0.689650 37.585814 
38100 11 2.429866 37.802552 3.968306 45.018721 0.684358 40.538512 
38150 11 2.194277 38.018969 3.953147 45.780994 0.712889 43.362055 
38200 12 2.229393 35.991203 3.908980 44.561502 0.774141 50.158671 
38250 12 2.795403 38.498491 3.952004 44.653612 0.777239 55.061341 
38300 11 2.890033 37.964282 3.926193 45.915464 0.689473 64.214863 
38350 12 3.247222 33.230458 3.910914 49.505690 0.654006 47.153005 
38400 12 3.045055 28.988691 3.906177 45.706542 0.633502 50.004949 
38450 12 2.550308 29.144699 3.879297 46.800213 0.626276 63.327187 
38500 11 3.168447 29.286349 3.881960 44.547149 0.569015 54.241272 
38550 11 3.332769 29.286721 3.879053 45.284422 0.760627 43.953880 
38600 11 3.028164 34.264226 3.863685 46.299101 0.607480 36.791485 
38650 11 3.227234 31.569669 3.836531 47.077350 0.578806 62.088427 
38700 12 3.181142 33.920795 3.852080 47.777577 0.692767 90.957230 
38750 12 2.941083 24.752408 3.855620 44.876286 0.698726 32.801253 
38800 11 3.056034 28.582714 3.857644 47.075259 0.768435 54.265734 
38850 11 2.666441 29.942022 3.881022 46.784260 0.607313 64.437560 
38900 11 3.079655 24.320406 3.864769 46.260212 0.592884 66.827842 
38950 12 2.934060 22.515214 3.886331 50.187378 0.603571 75.016522 
39000 12 3.100649 25.783160 3.881189 51.117252 0.680231 65.245296 
39050 12 3.233716 26.664157 3.847181 47.737059 0.866893 93.572828 
39100 11 2.375322 26.465761 3.900872 45.108936 0.767620 77.160591 
39150 11 2.612828 28.416946 3.911467 46.902764 0.625997 55.689709 
39200 12 2.375326 32.803772 3.931035 47.256700 0.705651 71.888526 
39250 11 2.690479 28.067833 3.895431 49.703581 0.787844 90.968536 
39300 11 2.984141 26.784396 3.868195 48.592308 0.686515 67.640173 
39350 12 3.146422 26.289986 3.837416 47.508232 0.723161 54.952332 
39400 12 3.003058 30.362234 3.845076 49.241715 0.734586 78.644491 
39450 11 3.203224 28.836929 3.828588 48.515262 0.627655 56.920604 
39500 12 3.175553 27.121351 3.840189 48.076705 0.766792 61.506786 
39550 12 2.891820 25.013956 3.810629 48.591958 0.555569 73.237699 
39600 11 3.493897 26.728882 3.803037 47.386231 0.505811 71.891948 
39650 11 2.870247 31.439667 3.841592 47.688905 0.638020 30.637106 
39700 12 2.995558 31.912117 3.844219 44.960973 0.698390 78.553617 
39750 11 3.112371 31.535220 3.815924 50.037040 0.646097 62.957862 
39800 11 3.220042 30.639078 3.813315 47.388410 0.718683 41.614392 
39850 11 3.273430 37.046210 3.784157 48.547577 0.728957 72.135631 
39900 11 3.124507 38.307517 3.787861 49.023250 0.768780 87.072621 
39950 12 3.227467 27.256568 3.805670 46.071241 0.594777 45.295678 
40000 13 3.160686 27.132722 3.799824 45.479444 0.618890 61.723107 
40050 11 3.155590 29.522807 3.795008 48.211331 0.753366 40.381896 
40100 12 3.409317 30.531362 3.807567 47.868407 0.518188 57.745995 
40150 11 3.236583 27.353229 3.843543 47.897804 0.699863 30.895265 
40200 12 3.518704 30.323769 3.821053 44.709442 0.759683 21.583382 
40250 11 3.491928 26.031636 3.824558 43.746223 0.824275 49.908459 
40300 12 3.249614 22.990442 3.862832 45.345778 0.644343 42.542899 
40350 12 3.521732 30.318554 3.806361 44.498912 0.567453 33.528003 
40400 11 3.360960 31.500445 3.825412 45.519860 0.617151 29.138627 
40450 12 3.352181 30.603187 3.800069 46.144495 0.655184 38.611097 
40500 12 2.629298 27.510317 3.857218 47.288117 0.615422 52.106121 
40550 12 2.882025 28.765771 3.878198 45.982900 0.681532 66.516632 
40600 12 2.691114 31.405542 3.907069 45.403415 0.719517 53.829552 
40650 12 2.623963 33.028843 3.922916 43.546651 0.849167 102.980924 
40700 11 3.062593 30.670946 3.876856 44.273096 0.727731 69.595340 
40750 12 2.989286 29.129249 3.893475 40.778856 0.682117 54.644347 
40800 11 2.748561 30.696283 3.926888 44.910236 0.621844 56.218402 
40850 11 2.816556 27.996755 3.892358 47.629923 0.685238 48.903249 
40900 12 2.643438 27.888840 3.891721 46.235948 0.567553 48.159552 
40950 12 2.427598 26.839429 3.925054 45.357229 0.581669 57.871659 
41000 12 2.890151 24.155468 3.899059 48.322916 0.723523 55.751628 
41050 12 3.083801 23.500268 3.896125 46.884988 0.836270 84.652045 
41100 11 2.903221 25.588777 3.856641 45.744740 0.635002 61.616220 
41150 12 2.951119 22.723504 3.885799 50.172401 0.633995 43.589959 
41200 11 2.945698 23.753466 3.927015 46.774128 0.688926 41.414690 
41250 11 3.082691 27.350139 3.968974 42.534909 0.727268 60.076177 
41300 11 3.054717 28.586783 3.959457 44.246199 0.639660 52.351714 
41350 11 2.854488 32.528108 3.963538 42.208883 0.598604 60.804014 
41400 12 2.981053 26.231442 3.989491 44.297716 0.648944 38.591709 
41450 11 2.973277 31.462244 3.990417 42.844558 0.689210 58.710298 
41500 11 3.108261 27.094966 3.972872 42.505338 0.685333 98.888904 
41550 12 3.411037 24.481121 4.004620 40.231664 0.770561 53.222169 
41600 11 3.453847 29.531551 3.935866 45.421044 0.785434 55.459519 
41650 11 3.349541 28.395966 3.979238 43.221566 0.664098 30.513373 
41700 11 3.167853 27.191046 3.995530 46.430768 0.834481 39.576096 
41750 11 3.101559 23.416993 3.965955 45.310678 0.899402 66.681904 
41800 11 3.109738 30.610123 3.903727 44.162025 0.747278 42.583116 
41850 12 3.038055 26.693904 3.907271 44.701268 0.688545 39.467680 
41900 11 2.707191 30.346280 3.866543 47.248071 0.601791 39.363588 
41950 11 3.047818 31.227511 3.889214 46.599562 0.543155 35.421545 
42000 11 3.067742 33.126643 3.916937 46.509588 0.539312 73.571552 
42050 12 2.909078 32.077438 3.872254 48.142335 0.620562 56.989996 
42100 13 2.413938 32.519007 3.937545 42.737152 0.655322 88.316778 
42150 12 2.695049 29.295212 3.954657 43.732639 0.754954 52.364958 
42200 11 2.875346 30.520052 3.919864 46.242885 0.677497 37.049463 
42250 11 2.789718 30.393320 3.879371 47.468926 0.643343 52.867577 
42300 11 3.038574 30.295720 3.864790 47.314361 0.650153 63.075531 
42350 11 2.852223 30.594701 3.893307 46.302925 0.656431 86.555207 
42400 12 3.100751 30.582645 3.912515 44.917299 0.560303 46.895741 
42450 11 3.292771 35.400560 3.907183 42.391680 0.761934 44.624834 
42500 11 3.174622 37.513290 3.950672 41.983982 0.578257 51.890069 
42550 11 3.464784 34.644554 3.966069 38.451789 0.726545 45.869318 
42600 12 3.489895 34.077280 3.947839 39.058841 0.826596 45.645826 
42650 11 3.615568 33.465203 3.962015 42.377569 0.711709 57.351305 
42700 11 3.205842 36.206340 3.957807 42.060537 0.713819 54.935776 
42750 12 3.243412 33.685614 3.984755 41.651953 0.821508 61.686514 
42800 11 3.089996 35.216725 3.986371 38.156447 0.598637 103.957392 
42850 11 3.365444 32.835669 3.985232 40.398532 0.775391 52.338649 
42900 11 3.246869 32.331944 3.992485 42.717507 0.721629 82.683966 
42950 11 2.943565 35.717544 3.933208 41.090518 0.686467 43.252307 
43000 11 3.266241 30.635938 3.948060 42.291456 0.752052 73.433509 
43050 11 3.541130 30.679155 3.948171 44.174263 0.826519 74.303409 
43100 11 3.088675 32.982149 3.963813 43.501491 0.709658 84.418701 
43150 12 3.100662 28.959252 3.963395 42.229351 0.718532 43.591735 
43200 12 3.213368 31.340857 3.986348 41.673235 0.804783 35.577116 
43250 11 2.824671 28.733707 3.977436 43.799468 0.729187 63.983705 
43300 11 2.974434 30.561555 3.932460 44.751177 0.687114 101.595413 
43350 12 3.209502 26.483407 3.855205 48.840867 0.674403 52.381932 
43400 12 3.501793 28.702569 3.866946 47.422404 0.557364 47.221592 
43450 11 3.111388 25.498355 3.907695 46.114146 0.717645 55.700818 
43500 11 3.107962 27.474813 3.880837 43.947503 0.714004 61.497435 
43550 11 3.292698 27.874164 3.885704 45.182843 0.833805 60.336064 
43600 12 3.443253 28.359600 3.879948 45.025793 0.642119 71.993341 
43650 12 2.900998 26.852212 3.862342 49.538703 0.717398 45.982514 
43700 12 3.063632 26.165146 3.872422 43.964298 0.679842 49.964912 
43750 12 3.162764 33.231210 3.847620 46.195882 0.719016 65.216187 
43800 11 3.593008 36.989763 3.792099 45.352232 0.765962 53.794933 
43850 11 3.156737 32.925754 3.791094 47.978612 0.793050 59.318591 
43900 11 3.402038 30.098647 3.789510 49.350760 0.549992 72.671478 
43950 12 3.151026 32.741615 3.762093 47.012017 0.695599 39.606325 
44000 13 2.949745 37.254849 3.767071 45.778985 0.745340 41.737119 
44050 12 2.769406 30.474761 3.795977 52.613354 0.590814 34.741429 
44100 11 3.393478 31.769476 3.815767 48.236666 0.794437 33.395615 
44150 12 3.310843 31.318723 3.831773 48.472523 0.785176 42.584493 
44200 12 3.106121 33.627175 3.856802 44.741920 0.581848 34.289618 
44250 11 3.100426 27.022707 3.855195 47.931100 0.723486 20.961844 
44300 11 2.944193 29.610543 3.849198 49.880654 0.754897 30.538943 
44350 13 2.757300 28.685254 3.834630 48.196144 0.669526 40.816317 
44400 11 2.775525 24.964883 3.877421 44.504665 0.609045 61.847496 
44450 11 3.121482 29.140652 3.918323 46.131865 0.658895 91.622785 
44500 12 2.910471 27.695602 3.848482 45.894771 0.673838 111.758609 
44550 12 3.097390 29.675730 3.890385 46.438615 0.620767 61.186801 
44600 11 2.923922 29.922667 3.910224 47.439168 0.693884 28.026509 
44650 13 3.139225 24.926604 3.828734 50.011534 0.674144 29.132757 
44700 12 3.115565 28.981661 3.802200 50.078136 0.654994 34.815050 
44750 11 3.068885 28.943024 3.833699 44.655941 0.756581 28.278169 
44800 12 3.205808 27.301704 3.874125 43.922624 0.624924 32.665068 
44850 12 2.676242 30.362655 3.920498 42.422234 0.537080 30.582590 
44900 13 2.790102 32.612224 3.899164 41.436780 0.745110 34.793281 
44950 11 3.127770 29.923785 3.944607 40.767044 0.669077 48.793388 
45000 11 3.072348 22.862956 3.905011 46.373679 0.744561 21.445535 
45050 11 3.258625 26.509931 3.945711 45.934829 0.663239 28.162808 
45100 12 3.107469 28.498565 3.988073 45.422444 0.582522 24.786950 
45150 11 3.323661 29.372810 3.987505 38.591072 0.829223 38.554986 
45200 12 3.375816 33.773972 3.953587 41.761283 0.657070 38.565175 
45250 11 3.396270 33.312450 3.967149 39.534589 0.656014 36.411894 
45300 11 3.584526 29.645829 3.919281 45.157079 0.652553 56.313036 
45350 11 3.015762 28.986990 3.884477 44.222544 0.661842 77.193613 
45400 11 2.992834 27.953311 3.922574 46.499661 0.794154 61.535833 
45450 12 3.270480 26.618576 3.919556 44.444627 0.684115 96.918676 
45500 11 3.291021 30.186272 3.936895 43.265864 0.611937 52.285770 
45550 11 3.080162 23.099882 3.969958 43.938308 0.619799 68.661180 
45600 11 3.042135 27.172438 3.943273 45.306834 0.658276 70.500651 
45650 12 3.914185 26.562500 3.968806 40.335403 0.652852 48.445455 
45700 11 3.483078 25.490709 3.937128 41.770062 0.652795 61.707838 
45750 12 2.945702 30.226946 3.995460 44.108974 0.725168 67.947370 
45800 12 3.093143 32.232375 4.030556 40.580427 0.665760 34.512781 
45850 13 2.808793 36.109275 4.007210 40.358821 0.732076 43.140212 
45900 11 2.317086 28.046503 3.992243 43.056481 0.787371 35.033942 
45950 11 2.573772 33.665858 3.983859 44.333718 0.832102 60.356106 
46000 12 3.225711 25.304586 4.009249 45.378464 0.575492 44.260679 
46050 11 2.928909 30.113966 4.037801 40.235331 1.026988 60.104256 
46100 12 3.062960 33.439919 4.059704 37.665030 0.729445 61.623679 
46150 12 3.040449 35.300989 4.038764 42.049495 0.625711 83.388489 
46200 12 3.043650 34.442664 4.031806 39.957179 0.635182 36.310934 
46250 11 2.666450 28.742770 3.957289 45.317927 0.732921 53.237229 
46300 12 2.553859 25.326906 3.936784 41.080569 0.601678 70.455033 
46350 11 2.398780 24.106489 3.961164 46.542907 0.608126 45.656480 
46400 11 2.734806 26.929090 3.965611 40.882024 0.790870 79.324291 
46450 12 2.750961 23.661785 3.990965 40.269440 0.715715 87.228458 
46500 11 2.936352 23.133400 3.966685 38.807983 0.810796 70.631820 
46550 11 2.817216 29.224360 3.943482 42.337628 0.769088 61.114121 
46600 11 3.021177 28.262840 3.940626 43.173584 0.598105 37.054125 
46650 11 3.012340 23.419035 3.902815 44.171952 0.823211 33.862413 
46700 12 2.912684 26.372268 3.915101 46.690476 0.802736 38.509461 
46750 12 3.018727 26.224181 3.895477 44.000462 0.650981 59.568621 
46800 11 3.173571 22.181431 3.932595 41.373949 0.532051 51.398074 
46850 11 3.053289 31.610883 3.979576 45.537135 0.647185 47.422808 
46900 13 2.844474 27.369841 3.957844 42.699522 0.839216 38.025551 
46950 12 2.876672 31.446484 3.899240 43.759337 0.605502 47.014240 
47000 11 3.326616 34.548291 3.879649 45.438921 0.846186 64.025319 
47050 11 3.203923 27.760860 3.886678 45.358984 0.599134 66.225394 
47100 12 3.138912 27.972285 3.869853 43.493104 0.880851 84.735146 
47150 11 3.144573 26.760113 3.888677 44.770102 0.660885 125.149694 
47200 11 3.107280 28.732766 3.864743 46.995690 0.613351 56.357767 
47250 12 3.095982 31.191771 3.849916 48.632793 0.806080 67.496282 
47300 12 3.237255 35.802937 3.794418 46.212455 0.611533 54.846338 
47350 11 3.109667 29.959823 3.799410 47.748649 0.737579 28.813627 
47400 11 2.848543 35.250950 3.766763 49.218312 0.716001 37.353639 
47450 13 3.437914 33.698920 3.782971 49.036121 0.756003 20.739932 
47500 12 3.357941 34.004753 3.851312 46.405500 0.813082 26.106099 
47550 12 3.002030 30.459583 3.845537 46.378466 0.771732 63.110550 
47600 11 3.216502 29.016570 3.874824 43.819231 0.536244 68.107760 
47650 11 2.911376 32.692151 3.842351 44.707450 0.658145 59.161410 
47700 11 2.580239 34.137413 3.781923 49.625206 0.652909 39.517122 
47750 11 2.927090 32.274668 3.758209 53.444318 0.654883 50.839102 
47800 11 2.718836 33.243349 3.798737 49.860459 0.611865 60.977761 
47850 12 2.645851 27.598914 3.811792 46.805906 0.661750 53.734181 
47900 11 2.927337 28.739430 3.849159 47.002696 0.679289 50.870334 
47950 12 2.645327 24.180310 3.882262 45.852611 0.644850 68.434690 
48000 13 2.791212 19.868181 3.969147 39.945748 0.542723 48.153116 
48050 12 2.955801 22.757328 3.980753 41.903405 0.646511 66.317784 
48100 11 2.821972 23.504017 3.967889 44.518356 0.661348 49.526472 
48150 13 2.694807 21.532558 3.953593 42.159828 0.709555 72.290733 
48200 12 2.894682 21.722000 3.917182 44.506635 0.568625 84.407174 
48250 11 2.735286 20.866135 3.963241 44.171218 0.821509 46.288532 
48300 12 2.998202 22.664985 3.938463 45.174804 0.702488 70.895973 
48350 12 3.182847 24.963506 3.957929 42.796018 0.717633 52.065432 
48400 12 3.309570 25.037882 3.860223 42.349824 0.813169 57.499466 
48450 11 3.307980 27.665741 3.834345 47.874419 0.710770 77.077962 
48500 11 2.775187 28.155609 3.847730 48.280163 0.749737 62.339495 
48550 11 2.971921 26.536852 3.860208 43.350256 0.701446 106.009127 
48600 11 3.233541 24.129285 3.912256 44.178297 0.765689 47.221089 
48650 12 3.098060 26.517058 3.869809 43.783533 0.583467 51.772163 
48700 12 3.243205 25.874225 3.880596 46.970077 0.548571 55.936837 
48750 12 2.578927 30.328194 3.921005 47.772276 0.741640 57.363990 
48800 11 2.812897 28.465402 3.911528 43.287630 0.618285 57.628689 
48850 11 2.941293 32.540774 3.888558 44.361156 0.683760 45.232494 
48900 12 2.771480 30.930049 3.924420 46.715841 0.748720 34.924008 
48950 13 2.909919 30.545614 3.920985 45.869804 0.653173 57.729913 
49000 11 3.054842 29.875506 3.908229 46.208671 0.671306 58.520342 
49050 11 3.277120 31.998370 3.908229 41.616529 0.666513 79.445809 
49100 11 3.083148 26.490679 3.864861 46.013116 0.643500 84.263632 
49150 11 2.758297 27.615630 3.871007 45.971353 0.685842 57.854149 
49200 11 2.935439 27.178194 3.875042 48.040588 0.634736 54.164769 
49250 11 2.981105 25.958079 3.910472 43.831371 0.673059 95.263461 
49300 12 2.679556 27.950274 3.866598 49.605376 1.022396 87.227147 
49350 11 2.822808 25.876328 3.868391 44.300017 0.783349 87.916350 
49400 11 2.995788 28.787651 3.861392 47.513970 0.731979 82.175866 
49450 11 2.975775 33.264411 3.870503 44.094931 0.640070 56.748974 
49500 11 3.073459 30.791668 3.815003 46.447052 0.773209 55.115708 
49550 11 2.935741 28.095455 3.852060 42.253402 0.767932 80.717537 
49600 11 2.886561 34.021172 3.843921 49.343378 0.607121 81.032013 
49650 11 2.603249 32.666402 3.864369 49.551883 0.764452 78.709021 
49700 11 3.107799 27.107147 3.888011 45.870267 0.816696 27.202953 
49750 11 3.191905 26.824408 3.932077 43.156327 0.748008 51.921375 
49800 12 2.978261 24.454383 3.987310 43.792950 0.790014 31.946366 
49850 12 2.977887 21.770980 3.962966 43.075280 0.747126 80.748243 
49900 11 2.947770 19.257568 3.931586 47.642123 0.713777 54.359110 
49950 11 2.737277 29.007235 3.947850 45.798693 0.628077 75.652167 
