0 5 2.810000 24.920000 4.211296 40.270413
50 5 2.655855 24.833571 4.232384 71.735027
100 8 2.286250 24.794576 4.183654 37.966865
150 8 2.383676 25.054796 4.194770 33.327573
200 9 2.485338 25.093370 4.184087 41.994512
250 9 2.353592 24.988542 4.179536 39.464395
300 8 2.475121 25.084169 4.177497 29.034936
350 8 2.575095 25.018973 4.203975 31.572896
400 10 2.783380 24.860030 4.083091 34.139946
450 8 3.001954 24.503642 4.002821 36.354027
500 8 2.227670 24.961167 3.942163 46.911082
550 10 2.143617 24.624651 3.985605 40.528341
600 10 2.393819 24.739029 3.876240 43.737086
650 8 2.293410 25.808818 3.955556 48.826638
700 8 2.392556 25.094354 3.937171 50.297780
750 9 2.413449 23.351314 4.165293 43.948514
800 9 2.299005 24.548776 4.145421 49.909196
850 10 2.401567 24.942374 3.972405 41.937383
900 10 2.522549 24.345282 3.833994 48.202104
950 8 2.627895 24.024655 3.911125 43.484557
1000 7 2.631224 23.930776 3.959863 44.078155
1050 8 2.769936 24.267589 3.915940 41.365801
1100 8 2.802835 25.253717 3.801585 46.231763
1150 9 2.439673 25.775313 3.850651 47.954095
1200 9 2.136951 25.523603 3.973383 46.469914
1250 9 2.434940 25.514743 3.997205 45.218680
1300 9 2.151223 27.068973 4.090110 45.668448
1350 10 1.966185 27.501400 4.043793 45.844241
1400 9 1.689498 25.781171 3.996254 46.036840
1450 10 1.597254 28.559071 4.073934 53.681367
1500 10 1.584795 30.888157 4.067097 47.357244
1550 12 1.519871 29.535244 4.039641 45.602990
1600 11 1.678481 28.168718 4.022349 45.488564
1650 11 1.836030 23.896492 4.031483 47.579356
1700 9 1.794322 32.136443 4.024695 48.410640
1750 10 1.970127 25.933311 4.067880 47.270733
1800 10 2.432470 28.921309 3.930413 48.312474
1850 8 2.791783 26.496260 3.888630 48.196331
1900 8 2.860276 29.845291 3.855168 49.317972
1950 8 2.924125 30.448212 3.857688 50.152495
2000 8 3.048802 28.136883 3.878232 46.676158
2050 9 3.049522 26.045018 3.831593 39.639359
2100 9 3.283965 25.427033 3.838873 46.699574
2150 7 3.256908 29.750836 3.869264 41.230463
2200 8 3.077303 30.205276 3.931993 42.799207
2250 8 3.011847 32.138894 3.955401 42.582832
2300 9 2.879184 30.738946 3.927749 45.468366
2350 9 2.828993 32.604072 3.924700 43.335668
2400 8 3.452210 31.134377 3.794241 38.712821
2450 11 3.250026 31.687968 3.899862 34.017436
2500 9 3.242630 30.956772 3.824435 39.080816
2550 8 2.633350 31.440805 3.884833 41.369569
2600 9 2.696051 31.442329 3.879623 40.160467
2650 10 2.976165 33.831396 3.825150 43.360829
2700 10 2.897558 33.309543 3.808036 40.110845
2750 8 2.622486 33.729989 3.873551 42.912516
2800 9 2.839312 33.178453 4.077786 39.828400
2850 8 3.036212 30.975763 4.033373 37.965330
2900 8 2.950552 32.478416 4.070422 37.307620
2950 9 2.751704 32.829013 4.008314 45.608689
3000 8 2.831034 32.435528 3.878220 47.829727
3050 8 2.811671 33.251330 3.784844 46.602064
3100 8 2.780493 33.547280 3.661546 55.194149
3150 8 2.983079 32.560356 3.713935 42.955006
3200 9 3.046774 32.756442 3.855176 35.432921
3250 9 2.873956 33.029689 3.781068 49.016060
3300 9 2.845946 32.602689 3.935477 41.053200
3350 8 2.940275 32.112443 3.947393 36.858116
3400 9 2.865594 32.022366 3.927604 36.352519
3450 8 2.824539 32.814033 3.874963 43.550533
3500 8 2.611629 31.168739 3.885905 45.676794
3550 8 2.728448 32.869769 3.837205 44.621882
3600 8 2.738744 32.953222 3.867147 44.586409
3650 8 2.685506 33.115679 3.872534 44.993202
3700 10 2.661863 33.805228 3.897205 45.027855
3750 9 2.748104 33.814476 3.937800 44.031926
3800 7 2.947832 33.980676 3.910875 41.213199
3850 7 2.955547 32.961243 3.837698 42.412022
3900 9 3.380875 33.020409 3.824775 39.938457
3950 8 3.560770 33.629639 3.862759 36.910396
4000 9 3.486644 33.481199 3.770855 44.334976
4050 8 3.812524 32.841948 3.758359 38.876065
4100 9 3.640194 35.032017 3.778204 37.036863
4150 7 3.205113 34.925480 3.877423 43.057965
4200 9 3.377285 33.812134 3.851463 36.566556
4250 7 3.156861 33.523825 3.814404 47.226820
4300 9 2.853578 33.485506 3.784568 45.793468
4350 8 3.219742 30.194995 3.810846 45.987617
4400 8 3.236989 30.127117 3.797597 46.241525
4450 8 3.276984 30.632313 3.829829 46.394670
4500 7 2.871439 27.518240 3.892301 45.518217
4550 7 2.918737 26.617094 3.884383 46.105772
4600 9 3.104341 30.639380 3.868327 47.553212
4650 8 2.912561 28.714405 3.904140 46.848321
4700 8 2.889034 25.818775 3.901875 47.182898
4750 9 2.787232 28.901711 3.918684 47.600451
4800 7 2.846301 29.510224 3.931686 47.617443
4850 7 2.906369 33.292221 3.931686 47.617443
4900 9 3.014512 32.334123 3.914093 47.322510
4950 8 2.864643 32.619827 3.943064 47.264912
5000 7 2.600604 34.134458 3.931066 47.679263
5050 8 2.632245 36.550890 3.936168 47.375852
5100 8 2.634170 31.885445 3.934284 47.617404
5150 8 2.534748 29.885970 3.937467 47.710864
5200 9 2.289200 36.202940 3.967938 47.774046
5250 8 2.550759 27.924936 3.972531 47.832754
5300 9 2.203489 35.952611 3.937745 47.761728
5350 8 2.492271 33.056247 3.922426 47.367758
5400 8 2.590282 32.424891 3.961528 47.697230
5450 8 2.788700 32.284634 3.910389 47.982013
5500 7 3.118015 30.514595 3.918992 46.809891
5550 9 2.679982 33.162720 3.918992 46.809891
5600 7 2.539349 36.665096 3.946946 49.002811
5650 8 2.716596 37.321540 3.952210 48.003816
5700 8 3.061581 36.060671 3.929384 43.665207
5750 9 3.038341 35.365820 3.885092 40.823516
5800 9 3.015031 37.232867 3.880340 40.676039
5850 9 2.997463 36.988188 3.982796 39.683750
5900 8 3.206227 36.740254 3.952049 40.226056
5950 8 3.000697 38.096529 3.897781 38.884443
6000 7 2.714481 38.626044 3.834659 41.424331
6050 9 2.775597 39.485813 3.893159 38.579713
6100 8 2.826017 39.047587 3.929577 41.734312
6150 8 2.961079 43.511948 3.938325 40.371042
6200 8 2.759329 43.833019 3.853248 41.671269
6250 8 2.861640 38.752585 3.846177 43.902919
6300 7 3.135168 46.539932 3.882295 41.597684
6350 8 3.235985 44.363400 3.918448 42.168100
6400 7 3.308619 47.306481 3.962592 42.769848
6450 8 3.053564 48.905756 3.969555 41.663279
6500 9 2.795596 48.435825 3.917982 43.245785
6550 9 2.751132 52.094745 3.884801 43.155105
6600 8 3.135921 51.725260 3.902034 43.242664
6650 8 3.124660 48.238328 3.863447 40.738145
6700 9 2.946632 45.162473 3.851019 42.611617
6750 8 3.042595 48.946288 3.782225 41.767007
6800 8 3.811304 48.762234 3.765364 43.498006
6850 8 3.782404 50.030546 3.807160 35.525656
6900 8 3.648001 46.832398 3.816587 38.048175
6950 10 3.678722 52.516562 3.809840 38.090794
7000 8 3.496776 47.753723 3.784562 45.081158
7050 9 3.173072 45.638702 3.851598 43.021247
7100 8 2.918409 41.724466 3.890674 43.307695
7150 9 2.970510 47.107653 4.007068 34.217998
7200 8 3.123658 44.861952 3.854665 39.413487
7250 9 3.491573 44.325100 3.922026 35.933673
7300 9 3.172049 44.006292 3.915959 39.893676
7350 9 3.018272 45.088978 3.877744 47.348541
7400 9 3.171917 45.230305 3.942127 36.497647
7450 8 2.941091 47.191477 3.902076 46.667355
7500 7 2.446603 45.738081 3.969313 43.336836
7550 9 2.778025 46.488262 4.035959 39.722336
7600 7 3.049761 46.459552 4.054041 42.891592
7650 9 3.087800 46.551890 4.067529 33.761917
7700 8 2.662490 46.680871 4.082820 40.095181
7750 9 2.489128 47.319219 4.065590 42.133526
7800 7 2.452156 47.980629 4.055501 49.066329
7850 10 2.610652 48.857068 4.059827 32.301864
7900 9 2.314348 49.198244 3.993341 45.264121
7950 8 2.902180 49.822398 3.966200 48.697312
8000 8 2.995095 48.151555 3.994112 36.434871
8050 9 2.920191 48.059041 3.968400 42.688798
8100 8 2.966004 48.755731 3.863441 46.490016
8150 8 3.064668 52.677915 3.773025 45.902750
8200 8 3.387215 52.621612 3.697847 41.503177
8250 8 3.315729 52.471955 3.629301 47.966597
8300 9 3.502055 51.206881 3.649867 43.699862
8350 8 3.797056 51.641826 3.731258 34.643346
8400 8 3.887833 51.268762 3.753298 37.703319
8450 8 3.746529 49.244578 3.655661 48.389493
8500 8 3.640656 48.562119 3.633470 47.411434
8550 8 3.761871 50.764014 3.677768 40.375568
8600 8 3.174696 47.521806 3.583986 44.622390
8650 9 3.224001 46.540926 3.607840 43.971584
8700 9 3.410621 48.577607 3.606700 48.022036
8750 8 3.249726 49.775637 3.613279 47.088126
8800 9 3.352209 48.819420 3.635143 48.375843
8850 8 3.390853 47.675142 3.624466 47.908654
8900 8 3.360297 48.201247 3.624466 47.908654
8950 9 3.123209 49.987702 3.624466 47.908654
9000 8 3.415835 50.659771 3.608768 47.211930
9050 8 3.509608 52.159897 3.617617 46.922799
9100 8 3.282039 53.999497 3.583742 48.534575
9150 7 3.558000 51.033631 3.583742 48.534575
9200 8 3.472514 47.554255 3.594302 47.977939
9250 8 3.485180 47.649957 3.602430 45.914681
9300 8 3.567817 48.270640 3.625787 46.412356
9350 8 3.659910 51.872848 3.676309 41.876742
9400 9 3.505063 53.249049 3.715422 39.773276
9450 9 3.582237 55.305837 3.669432 38.858637
9500 9 3.609607 50.576247 3.626155 36.404260
9550 8 3.664170 48.934055 3.682278 38.671475
9600 8 3.679642 48.685826 3.643980 42.103621
9650 8 3.356653 41.466250 3.653050 39.079235
9700 8 3.531592 46.345333 3.729095 41.986655
9750 7 3.465009 47.210371 3.701206 43.413251
9800 7 3.520875 37.050295 3.767747 40.752655
9850 8 3.330364 40.476009 3.833353 39.388489
9900 7 3.314925 50.066086 3.848958 39.852190
9950 8 3.425895 48.124352 3.828252 39.430464
10000 8 3.613986 43.229169 3.829969 39.891209
10050 7 3.494535 44.273990 3.850477 39.060120
10100 8 3.640662 45.470384 3.859412 37.209856
10150 9 2.937383 41.995516 3.771122 37.741545
10200 9 2.892190 49.292287 3.823480 41.992697
10250 8 2.858494 47.362808 3.831199 43.394517
10300 8 2.955877 46.360861 3.837844 42.945114
10350 8 3.124097 42.722678 3.713553 46.244822
10400 8 3.088394 43.431793 3.746659 44.906132
10450 8 3.042064 44.565465 3.776710 41.212218
10500 8 3.017894 36.968687 3.834908 40.475730
10550 8 3.323173 30.532739 3.950427 36.849883
10600 9 3.049339 36.496406 3.937503 43.130830
10650 9 2.730309 36.336754 4.002596 39.471863
10700 9 2.811936 39.474978 4.019193 39.691977
10750 9 2.682747 40.061418 3.986050 33.346573
10800 10 2.276448 30.313630 3.892011 44.071001
10850 8 2.554108 34.715161 3.941705 47.075946
10900 8 2.556069 27.704852 3.911728 44.073228
10950 9 2.748157 34.842995 3.973860 44.441909
11000 8 2.542930 38.215901 3.968323 47.167181
11050 8 2.769873 43.520710 3.945643 45.024947
11100 9 2.557464 36.960261 3.914738 43.782652
11150 9 2.402475 24.401511 3.959576 37.801418
11200 8 2.779752 39.197796 3.962418 45.601901
11250 8 2.652129 30.092537 4.010162 41.715672
11300 8 2.819315 24.619345 3.967227 43.661356
11350 8 2.823072 25.374252 4.020654 44.922703
11400 7 2.989672 18.887599 4.003899 46.399742
11450 9 2.950669 20.421426 3.981639 41.341548
11500 8 2.969737 18.550337 3.929625 43.453831
11550 8 3.230812 14.434799 4.045207 35.546269
11600 7 3.222841 24.102075 4.109526 37.727402
11650 8 3.033055 22.128343 4.000747 37.709547
11700 7 2.794456 28.730548 3.958265 47.923188
11750 9 2.963463 32.962950 3.844313 37.836712
11800 8 3.306913 25.994234 3.860712 37.232712
11850 9 3.312164 28.159893 3.848247 42.889915
11900 8 2.993499 28.253784 3.849061 44.162873
11950 7 3.132859 21.094403 3.871330 48.290684
12000 8 3.157130 22.462139 3.805119 46.379439
12050 8 2.468049 22.432863 3.799861 51.279746
12100 9 2.523805 20.926460 3.853613 45.697267
12150 9 2.354889 26.895824 3.877314 45.137639
12200 10 2.491481 27.871880 3.904218 35.549328
12250 8 3.104610 30.864183 3.878131 34.420819
12300 8 3.146849 28.398898 3.876363 37.766652
12350 7 2.884795 24.933276 3.987926 37.212898
12400 7 3.084761 20.391333 4.018148 38.995949
12450 8 3.113033 22.010977 4.045398 35.103211
12500 10 3.165620 31.093782 3.988820 38.023821
12550 8 3.145893 30.570356 3.933191 37.786867
12600 8 3.247512 31.074845 3.927562 42.185823
12650 7 3.230295 38.344557 3.881728 40.700507
12700 8 3.182156 34.946826 3.902524 42.964264
12750 8 2.978553 33.824075 3.875138 40.314356
12800 10 3.248405 31.579902 4.001148 36.229237
12850 8 3.185741 38.981122 3.981381 38.911974
12900 9 2.918976 36.623927 3.916590 39.380381
12950 8 2.665199 38.700659 4.020308 36.929067
13000 8 2.631578 35.467100 3.768619 45.764379
13050 8 2.815031 35.980038 3.846052 43.236062
13100 7 2.812610 33.733117 3.817413 50.436846
13150 8 2.805757 34.395146 3.866318 45.507528
13200 9 3.031961 37.665634 3.865415 41.986343
13250 7 2.981296 43.871360 4.076011 31.109558
13300 9 2.995762 39.397554 4.138443 36.247210
13350 8 3.078143 36.765800 4.069294 36.182740
13400 8 2.967792 33.603656 3.959297 47.186121
13450 8 2.921573 35.666367 4.068924 38.858662
13500 9 2.898981 29.943435 3.999537 40.082683
13550 8 2.711251 28.716903 4.037619 47.322367
13600 9 2.205919 31.153125 4.012298 39.169447
13650 11 2.364605 32.519894 3.969750 42.208996
13700 9 2.850622 34.616662 3.826873 44.507446
13750 8 3.023342 34.189854 3.802911 43.280181
13800 7 3.130208 32.043775 3.798109 50.361226
13850 8 3.014762 34.741887 3.843426 44.887292
13900 8 2.827554 35.981254 3.789430 42.858105
13950 8 3.138291 39.062023 3.728246 39.392323
14000 8 3.269528 39.655562 3.682846 42.678420
14050 9 3.019995 35.249546 3.780880 47.806162
14100 8 3.150472 30.423628 3.735083 45.930229
14150 8 3.100586 30.546201 3.808387 49.246218
14200 8 2.892815 26.402248 3.765976 49.291432
14250 9 2.934926 33.311597 3.799580 42.518810
14300 8 2.820960 31.502319 3.808784 46.503474
14350 9 2.972442 34.561184 3.744057 44.680563
14400 8 3.234829 32.664508 3.746979 45.127873
14450 9 3.161797 32.256752 3.725238 43.704733
14500 8 3.373294 45.336656 3.848758 36.643056
14550 8 3.606292 36.547013 4.013683 32.129873
14600 8 3.801864 33.211892 4.078014 29.141918
14650 8 3.730237 29.990170 4.059132 34.565564
14700 8 3.360565 31.098378 3.987641 36.114106
14750 9 3.202704 31.174433 4.019688 37.240556
14800 8 3.029193 38.357106 3.879738 40.885887
14850 9 3.129084 32.104319 4.008029 31.403941
14900 8 3.214509 25.814464 4.109191 38.075988
14950 8 2.978534 37.773956 4.142565 38.919610
15000 7 3.437524 37.355498 4.051540 31.029312
15050 8 3.560406 30.127533 4.056720 31.136687
15100 9 3.595304 29.510522 3.871702 33.152421
15150 8 3.538359 25.820783 3.848995 34.097746
15200 9 3.545837 27.575063 3.883274 28.654942
15250 8 3.373303 39.743084 3.817205 39.885355
15300 9 3.550710 32.469876 3.732133 39.000261
15350 8 3.641442 38.069325 3.702607 38.540000
15400 8 3.858853 35.753614 3.802184 37.024029
15450 9 3.560793 33.788572 3.754124 40.198412
15500 9 3.414854 37.638728 3.830480 40.222962
15550 8 3.331370 38.284607 3.821907 38.405455
15600 10 3.040486 38.766289 3.865508 42.182266
15650 10 3.025197 42.869000 3.791513 40.001626
15700 8 3.392357 34.115723 3.928803 37.109765
15750 8 3.120660 40.115703 3.922954 39.823753
15800 8 3.332221 34.879413 3.825289 38.680850
15850 8 3.281493 33.847921 3.868865 39.562422
15900 8 2.904679 39.420206 3.845144 42.327951
15950 8 3.084222 40.415885 3.865758 40.837160
16000 8 2.625530 39.502584 3.802147 46.128686
16050 10 2.698280 42.687492 3.876378 41.000139
16100 9 2.679272 40.576061 3.760607 42.978327
16150 8 2.848372 32.604734 3.765742 43.082376
16200 10 2.746329 37.330903 3.713137 42.361999
16250 9 3.241209 36.027920 3.639265 44.097475
16300 10 3.011517 39.066862 3.666444 43.746012
16350 8 3.448496 36.016120 3.695487 43.611805
16400 8 3.357024 34.183871 3.689388 43.242409
16450 8 3.505486 28.313014 3.688856 44.634108
16500 8 3.422220 29.660288 3.769258 40.880662
16550 9 3.136300 23.723906 3.804491 40.005820
16600 8 3.159210 29.459290 3.789500 41.526474
16650 7 3.257438 30.495913 3.770036 42.844642
16700 8 3.275606 34.839603 3.755140 42.655717
16750 9 3.474042 27.550073 3.771774 39.144960
16800 10 3.601403 38.981527 3.843743 40.143326
16850 7 3.360815 35.335177 3.871473 37.915680
16900 9 3.516976 33.430064 3.867289 37.885398
16950 9 3.137045 28.383102 3.930666 39.161645
17000 9 3.184563 39.485749 3.849196 41.423288
17050 10 3.072631 35.051223 3.876337 41.498759
17100 9 3.019581 29.634072 3.895306 40.456794
17150 10 3.273517 29.175604 3.889631 39.675698
17200 9 3.474707 38.349732 3.871923 39.393659
17250 8 3.358438 39.373777 3.857402 40.295135
17300 7 3.213502 32.864348 3.950395 40.143206
17350 8 3.332963 35.906527 3.945644 40.271969
17400 8 3.120351 36.211558 3.925373 40.776195
17450 8 2.930663 35.961776 3.941028 42.833710
17500 9 2.903288 41.809672 3.871975 41.795684
17550 9 3.206345 40.735342 3.867866 41.010008
17600 8 2.990512 43.003710 3.901979 41.313619
17650 9 3.039436 42.969170 3.965038 41.304862
17700 8 3.260160 42.899217 3.948830 40.981534
17750 9 2.519410 37.751143 4.118914 28.925113
17800 9 2.613954 37.174380 4.051452 43.944876
17850 8 2.652771 35.549677 4.118838 43.693448
17900 10 2.635673 37.672230 4.052230 35.006689
17950 8 2.331113 40.261236 4.013393 42.107557
18000 9 2.657631 45.772063 4.018453 42.243081
18050 9 2.515587 40.832082 4.056927 44.146728
18100 10 2.497450 36.111611 4.130607 28.175576
18150 10 2.674268 43.571681 4.201748 31.078528
18200 10 2.558208 35.824335 4.206551 37.947960
18250 8 2.518582 39.051530 4.098883 37.547648
18300 9 2.766991 32.460764 3.939101 47.803034
18350 8 3.225695 35.651005 3.983103 32.792653
18400 9 3.145640 44.734939 3.961898 38.989802
18450 8 2.753713 41.819738 3.985105 36.500600
18500 7 2.951833 41.339086 3.919301 46.346757
18550 8 3.112342 42.818634 3.874532 42.360528
18600 8 3.139477 53.289080 3.834095 41.986900
18650 8 3.421619 51.615143 3.821862 42.410421
18700 8 3.545215 53.563569 3.818452 42.798018
18750 9 3.413006 46.991840 3.844736 42.168175
18800 8 3.348251 46.979414 3.893512 39.640797
18850 7 3.375429 39.642195 3.976883 43.954157
18900 8 3.372063 31.713158 3.955469 35.490966
18950 8 3.423458 33.786315 3.913781 34.134264
19000 7 3.377880 33.564441 3.984767 33.869030
19050 9 3.168620 29.864074 3.912751 35.698765
19100 9 2.917032 36.639469 3.862173 32.808639
19150 10 2.766521 34.838798 3.934295 40.303827
19200 9 2.648638 31.161461 3.900385 37.898701
19250 9 2.806076 33.150518 3.861027 42.284094
19300 8 2.827827 39.494357 3.817630 47.480791
19350 7 2.817629 32.090892 3.882935 45.536938
19400 9 2.668469 35.158948 3.927108 45.430365
19450 7 2.879576 36.719750 3.951144 42.550070
19500 8 2.755121 37.612785 3.917095 41.764046
19550 8 2.682301 41.854064 3.899320 44.685506
19600 8 2.628071 34.708811 3.881164 45.767078
19650 8 2.954797 30.578600 3.836081 45.157854
19700 8 2.985491 39.212537 3.885784 40.500031
19750 8 3.235454 38.410899 3.960661 41.129383
19800 9 3.438221 37.665295 3.861742 40.889217
19850 8 3.090199 48.726939 3.906663 40.583860
19900 8 3.027506 46.937310 3.915967 41.477034
19950 8 2.868380 43.002187 3.885806 39.947647
20000 9 2.972214 38.273646 3.844063 39.876752
20050 9 2.853427 40.686586 3.903838 40.236478
20100 8 2.610669 36.720828 3.998246 40.076240
20150 8 2.663815 34.777410 4.072506 37.990605
20200 7 2.797663 37.275248 4.031740 41.826647
20250 7 2.788688 37.117298 4.149510 40.441228
20300 8 2.895667 41.082562 3.999213 33.597583
20350 9 3.255820 46.817891 4.071454 38.860038
20400 7 2.872326 32.463418 4.030552 39.141452
20450 9 2.835573 41.475702 3.901671 39.169229
20500 8 3.022340 41.883716 4.102437 29.410993
20550 8 3.143463 43.842752 3.981974 40.749690
20600 9 2.849281 47.200882 3.921203 45.483747
20650 9 2.909652 41.693214 3.951880 41.916952
20700 8 3.097667 39.853300 3.917993 40.783499
20750 9 3.128531 38.765522 3.766557 50.105278
20800 9 3.121413 40.558555 3.885037 39.174279
20850 8 2.884152 40.419466 3.901500 39.995920
20900 8 2.924949 42.765147 3.993711 38.931794
20950 8 2.928463 43.912213 3.898559 45.404457
21000 8 3.119790 43.697325 4.021504 31.501078
21050 8 2.915415 45.338375 3.972960 44.979307
21100 7 3.023051 39.583021 4.042428 41.935430
21150 8 2.816231 31.814862 3.997197 40.562272
21200 11 3.059569 40.759488 4.065252 27.991140
21250 8 2.713781 34.885542 4.053112 33.822267
21300 9 2.521870 33.059244 4.097160 39.447617
21350 8 2.798993 35.600876 4.099922 45.733659
21400 8 2.470313 28.878225 4.131303 45.265381
21450 7 2.305265 44.385646 4.107014 41.013702
21500 8 2.307922 33.517975 4.058375 44.771099
21550 7 2.413505 40.217579 4.013412 52.811312
21600 9 2.328086 42.517612 3.991872 46.271360
21650 7 2.877759 37.196856 3.924806 44.495148
21700 9 2.711268 43.076144 3.862213 42.893402
21750 8 2.801989 50.216888 3.913983 45.661452
21800 8 2.537960 51.035234 3.804593 53.022877
21850 7 2.362449 44.561005 3.780104 59.931480
21900 9 2.191945 54.917117 3.849832 41.566438
21950 9 2.480009 44.914567 3.752573 45.250535
22000 8 2.870128 44.216015 3.788080 40.536335
22050 8 2.889726 50.746384 3.956978 41.245153
22100 9 2.947641 45.830416 3.936942 38.385519
22150 7 2.906932 46.435548 4.033970 40.001961
22200 8 3.202706 38.621400 3.950049 38.661263
22250 10 3.220643 46.218661 3.912820 42.341696
22300 7 3.059796 45.808279 3.950005 42.279207
22350 8 3.450526 46.052637 3.919143 38.099522
22400 8 3.202827 48.325608 3.920994 40.567291
22450 9 2.825812 50.267546 3.934234 37.857775
22500 8 2.753307 58.189172 3.906230 42.311425
22550 7 2.712142 54.573003 3.955461 41.284571
22600 8 2.788985 47.171489 3.839098 41.487214
22650 9 2.740125 51.618729 3.889830 38.010474
22700 10 2.566106 47.343532 3.963153 44.443081
22750 9 2.786537 42.279371 4.043893 37.571702
22800 8 2.366315 50.002966 4.069140 41.283438
22850 10 2.624170 50.084861 4.188876 27.767686
22900 9 2.959048 48.666888 4.087734 28.797962
22950 7 3.011871 55.387247 4.027040 33.787486
23000 10 2.928526 62.297865 3.991672 37.973000
23050 8 3.108230 54.975184 3.989987 38.127333
23100 8 3.342099 48.306082 4.063742 37.663105
23150 9 2.982711 43.001208 4.046853 41.138929
23200 8 2.902666 47.153328 4.007690 36.100391
23250 8 2.745322 39.288368 4.066063 42.738231
23300 9 3.052896 37.163420 4.066275 37.559043
23350 8 2.914880 39.052450 3.957725 40.743369
23400 9 3.108230 32.788894 3.908176 40.203816
23450 8 3.062108 29.388803 3.915814 40.131295
23500 8 3.297555 33.269280 3.908502 43.184177
23550 8 3.013427 37.200436 3.882708 41.966757
23600 8 2.880371 39.101272 3.866064 41.638342
23650 8 3.280192 36.288527 3.927696 37.317686
23700 8 3.164759 38.698927 3.821703 41.136669
23750 9 2.610678 42.203591 3.835484 43.341671
23800 9 2.966280 40.077413 3.960494 41.021417
23850 8 2.920077 41.542209 3.945085 40.753032
23900 7 2.720693 37.540773 4.001215 45.703352
23950 8 2.667715 42.780264 4.075726 45.548469
24000 7 2.434263 36.160793 4.092257 49.460595
24050 7 2.768473 36.011354 4.072475 48.050021
24100 8 2.891662 29.293273 3.965838 45.735568
24150 8 2.726582 29.784049 3.997887 43.189876
24200 9 2.487723 44.721773 3.997638 37.940300
24250 10 2.443147 42.133406 3.862264 45.698748
24300 9 2.241907 41.610479 3.868441 47.169463
24350 9 2.208722 38.632865 3.899821 47.901156
24400 8 2.177252 45.715867 3.909242 48.039915
24450 9 2.296444 43.338214 3.923826 48.390718
24500 10 2.170971 47.008843 3.963514 49.795525
24550 9 2.289820 46.578438 3.965953 48.177544
24600 7 2.583233 35.682877 3.991003 45.877698
24650 7 2.768060 37.559597 3.935487 47.607524
24700 8 2.519444 39.326484 3.968609 44.332820
24750 8 2.634881 33.119245 3.935232 47.072810
24800 7 2.806964 29.992792 3.914768 40.157649
24850 9 2.643533 35.901318 3.988841 38.899356
24900 8 3.073451 32.803705 3.991041 39.428071
24950 8 3.154526 25.066408 3.922365 38.414113
25000 8 3.258824 29.278518 3.916689 38.248850
25050 7 3.297131 32.121372 3.907967 41.900001
25100 8 3.230748 39.858259 3.946219 39.882453
25150 9 3.082400 38.361396 3.815759 43.747618
25200 8 3.286105 32.014342 3.799007 41.315683
25250 8 2.971088 40.708164 3.801985 41.030823
25300 9 3.165651 28.133646 3.749721 36.882433
25350 9 3.712048 38.818185 3.647549 40.084600
25400 8 3.722131 26.833760 3.722042 37.935492
25450 8 4.055388 29.047235 3.665454 35.064241
25500 9 3.794389 35.228400 3.750765 39.647180
25550 8 3.674441 32.133283 3.750976 44.565752
25600 8 3.452801 31.699686 3.851475 40.007279
25650 10 2.966494 30.096756 3.801935 38.264627
25700 10 2.626717 25.941556 3.763845 47.239371
25750 9 2.580799 29.815258 3.682163 43.934532
25800 9 2.920758 28.718267 3.721927 46.379392
25850 8 3.117157 35.069371 3.721927 46.379392
25900 8 2.988769 36.481223 3.782833 46.973272
25950 8 2.951060 34.888957 3.816278 43.635263
26000 9 3.078838 40.452990 3.771351 46.157528
26050 8 2.980069 44.530945 3.793616 44.936039
26100 7 3.000117 34.132577 3.863064 39.367902
26150 9 2.939713 34.603027 3.809510 43.756117
26200 10 3.030288 34.194236 3.804161 40.887168
26250 8 2.987439 35.124625 3.817777 37.735382
26300 10 3.007659 40.067445 3.793852 41.699236
26350 9 3.071691 37.751062 3.745598 41.836215
26400 9 3.173801 32.702422 3.772849 43.436855
26450 9 3.428603 39.336271 3.754000 40.383747
26500 8 3.205310 35.972988 3.798256 43.136585
26550 8 3.495572 36.793766 3.819904 42.155329
26600 8 3.233076 35.616701 3.731549 43.441962
26650 8 3.360969 33.497742 3.809188 41.612644
26700 8 3.235368 35.913585 3.959747 33.743096
26750 7 3.089880 29.053366 3.970363 44.197784
26800 11 2.920585 28.479504 3.960027 35.993859
26850 9 2.465655 37.233426 4.024007 41.068385
26900 8 2.438957 40.605450 4.028003 39.537453
26950 8 2.459981 38.905106 4.048466 41.816899
27000 8 2.425150 40.275331 4.024120 39.567601
27050 9 2.278493 38.394214 4.082073 41.199235
27100 8 2.449794 37.627499 4.043066 40.447424
27150 8 2.537021 39.578333 3.988436 42.499698
27200 8 2.322864 41.590952 3.927583 43.432174
27250 9 2.607781 35.042806 3.921214 43.566463
27300 9 2.676719 33.382918 3.868845 42.034307
27350 9 2.705866 39.928406 3.857441 39.743678
27400 9 2.790849 37.195365 3.845019 37.616951
27450 8 2.988887 35.703443 3.862724 41.625616
27500 8 3.148753 35.197603 3.841871 43.477186
27550 8 3.234271 37.189492 3.775387 42.308427
27600 9 3.075968 38.924465 3.783177 43.683574
27650 8 3.144604 32.161380 3.739737 41.286352
27700 8 3.233279 25.403475 3.853484 38.723693
27750 8 3.200417 26.389142 3.889548 41.804159
27800 10 3.280949 25.391694 3.868753 40.233299
27850 8 3.192904 29.487809 3.864068 39.619201
27900 8 3.022464 40.114922 3.906764 39.532025
27950 8 3.004056 31.804314 3.939374 40.401739
28000 9 2.979259 24.479980 3.964714 40.221709
28050 8 2.942376 29.406714 3.932485 41.068797
28100 9 2.844539 26.081435 3.943898 41.769486
28150 8 2.991149 30.130895 3.908472 41.994176
28200 9 2.905824 28.729385 3.894388 39.366507
28250 8 2.733430 25.166975 3.952578 41.842519
28300 7 2.692648 24.370216 4.059225 37.627543
28350 8 2.489565 18.912344 3.997863 45.458203
28400 8 2.312043 16.079654 4.042684 42.044800
28450 9 2.380253 17.325605 3.907502 43.376330
28500 9 2.476256 16.330850 3.838088 41.587877
28550 9 2.473999 26.430745 3.911123 48.423630
28600 10 2.350587 28.773801 3.881016 47.253446
28650 12 2.464149 20.093150 3.867578 43.190090
28700 9 2.704033 20.448203 3.798799 48.940200
28750 9 2.916331 21.438674 3.827942 36.645228
28800 9 2.895362 11.837348 3.829363 47.513504
28850 7 2.555972 14.553202 3.891468 46.736959
28900 9 2.590741 23.096113 3.837978 47.024920
28950 9 2.535470 18.344276 3.851456 46.926352
29000 9 2.338922 19.469321 3.879646 46.829448
29050 8 2.639295 26.068852 3.924537 47.503177
29100 7 2.770625 24.622128 3.852608 49.950369
29150 8 2.589429 26.234826 3.889881 46.020622
29200 10 2.344390 22.997477 3.993351 41.064370
29250 7 2.576842 17.435528 4.024091 46.099464
29300 9 2.537439 10.776666 3.971296 47.272925
29350 9 2.419466 14.386961 4.040107 46.058015
29400 9 2.623457 12.343278 4.125066 41.499034
29450 9 2.351879 13.530929 4.089827 41.496695
29500 10 2.660624 13.233315 3.905192 40.347375
29550 9 2.868476 11.378236 3.901170 43.259794
29600 9 2.902910 15.850863 3.894674 46.022572
29650 9 2.845202 18.618789 3.953786 43.476619
29700 9 2.843429 18.340999 3.976237 39.920800
29750 8 2.909645 13.935858 3.981462 41.267934
29800 8 2.856072 16.348790 3.976156 45.306238
29850 9 2.650432 18.657316 3.989299 43.428052
29900 8 2.505330 14.172000 4.018733 42.705510
29950 9 2.664513 16.225443 3.921841 46.306655
30000 8 2.521424 19.211795 4.026160 45.530723
30050 8 2.349806 20.576599 4.024159 41.867053
30100 8 2.569544 22.739608 4.088991 40.666420
30150 9 2.221229 30.273905 4.014939 50.460736
30200 8 2.440045 28.705920 4.074125 47.261739
30250 8 2.772679 35.645104 3.987305 43.563691
30300 8 2.745600 32.081023 4.022358 42.912390
30350 9 2.577574 23.959938 4.039542 45.560677
30400 8 2.316371 18.970890 4.053312 46.840493
30450 9 2.358971 25.967215 3.938808 51.479888
30500 8 2.749041 32.577418 3.958469 44.468322
30550 11 2.540776 33.461251 4.027251 34.526087
30600 8 2.855291 32.000914 4.003832 38.102307
30650 9 2.615278 30.743295 3.972374 37.792165
30700 8 2.638359 29.492019 3.968328 36.167929
30750 8 2.829379 28.787497 4.011055 39.940853
30800 7 2.975484 38.973221 4.031744 43.767373
30850 9 2.630061 41.637466 3.967616 34.874903
30900 8 2.319124 34.195746 4.043374 45.232239
30950 10 2.400736 29.316347 4.171698 41.353300
31000 9 2.297951 32.382297 4.337259 28.777136
31050 8 2.599605 26.693541 4.238574 41.513883
31100 7 2.544707 25.999512 4.209554 28.279861
31150 7 2.580025 36.120167 4.117685 41.356520
31200 9 2.642066 37.298843 4.061383 48.630930
31250 8 2.596621 39.332924 3.980764 43.935124
31300 9 2.799301 34.030786 3.944825 44.738261
31350 8 2.984837 36.502994 3.938876 44.480849
31400 8 2.762116 38.527071 3.967776 44.665539
31450 8 2.818029 42.885107 3.988851 43.859043
31500 8 2.866416 40.585624 3.987526 42.225522
31550 8 3.195386 37.666174 3.897432 43.512407
31600 8 2.987092 39.861895 3.909933 42.719132
31650 11 2.926316 39.106660 3.910020 30.274252
31700 9 2.932548 44.098798 3.920841 39.117246
31750 8 3.149460 40.758112 3.967873 39.907411
31800 11 3.203283 45.030970 3.887233 35.681002
31850 9 3.028181 52.339419 3.835652 42.706556
31900 8 3.242104 50.830562 3.769304 38.693755
31950 9 3.235685 39.420482 3.760446 38.805860
32000 8 3.393160 39.024308 3.697582 38.668661
32050 10 3.205098 41.745477 3.773102 39.670780
32100 8 3.120592 54.607880 3.925800 38.692104
32150 8 3.096404 50.711013 3.952282 41.053502
32200 8 2.996038 48.709580 3.901231 36.339252
32250 8 3.021044 50.628341 3.872860 42.612649
32300 8 3.405087 59.846342 3.825475 37.097657
32350 8 3.358549 53.786180 3.729398 39.980629
32400 9 3.477135 53.699685 3.791819 39.653414
32450 8 3.294432 58.914142 3.994027 31.768701
32500 8 3.371225 59.486902 3.898068 33.910930
32550 9 3.326234 55.234793 3.808515 46.230181
32600 8 3.345821 50.624141 3.802834 40.699615
32650 9 3.281194 48.750538 3.907742 38.857427
32700 7 3.107561 46.353284 3.948888 45.016647
32750 9 2.894563 57.801978 3.938564 41.232515
32800 9 2.944532 52.814908 4.017473 36.919879
32850 9 2.500356 48.612540 4.077247 46.404631
32900 9 2.534471 42.882652 4.022187 45.918565
32950 9 2.514584 51.033220 3.995263 46.795973
33000 9 3.029852 44.652188 4.005685 46.381196
33050 7 2.568335 53.624754 4.025887 47.515898
33100 8 2.475768 44.549050 3.944141 48.522073
33150 7 2.985931 50.710188 3.943485 47.607729
33200 8 2.835946 54.953313 3.906175 44.410067
33250 9 2.890420 59.605643 3.867749 44.095959
33300 7 2.583135 53.314172 3.889094 44.925758
33350 9 2.592552 48.038707 4.058713 43.196645
33400 8 2.809358 47.908816 4.040437 40.421279
33450 9 2.770740 54.712265 3.907149 42.039766
33500 11 2.635785 42.973427 3.894840 43.566442
33550 8 2.478567 43.335440 3.832650 46.418104
33600 9 2.787362 46.983973 3.798991 43.712079
33650 8 3.137169 47.663491 3.856154 44.917740
33700 9 3.123030 52.446389 4.003986 39.133116
33750 8 3.168772 50.908855 4.007855 41.204013
33800 8 3.202111 48.721105 4.060234 32.543112
33850 8 3.297852 48.727565 4.049018 39.786536
33900 8 3.074333 49.513817 4.035009 40.644963
33950 9 3.344186 52.021952 3.961279 32.939833
34000 8 3.224710 62.019255 4.043818 34.121441
34050 8 3.280412 53.702873 4.015076 35.316984
34100 8 3.074383 45.458209 4.055970 38.825443
34150 9 2.960945 51.003812 4.122805 38.506831
34200 8 2.985674 53.213029 3.997346 41.617163
34250 9 3.276281 52.663819 3.936205 33.396417
34300 7 2.991109 54.652639 3.918249 43.729224
34350 8 2.857015 57.515105 3.855456 49.640683
34400 10 2.578070 52.683668 3.761933 43.203746
34450 9 2.914126 57.272441 3.752126 41.439916
34500 9 2.994209 52.159470 3.846308 43.687666
34550 10 2.890382 47.749605 3.838659 41.077472
34600 10 2.775674 46.567857 3.890594 43.552067
34650 9 2.647698 50.847492 3.828518 41.573698
34700 10 2.921981 45.807856 3.789127 41.360503
34750 8 3.098312 51.955726 3.722234 47.748023
34800 9 3.455381 50.614855 3.866364 45.601624
34850 9 2.944051 51.546547 3.889084 44.651439
34900 7 3.223563 57.180289 3.838954 44.656247
34950 9 3.369095 44.489329 3.813414 42.593945
35000 8 3.224530 51.832659 3.689601 44.133676
35050 8 3.378619 51.493322 3.698741 40.455624
35100 9 3.718365 49.361440 3.699771 41.254595
35150 8 3.336925 47.068374 3.722320 43.139088
35200 8 3.301497 46.800153 3.880736 31.803313
35250 7 3.357118 46.636241 3.907363 48.445433
35300 7 3.318249 46.125084 3.916255 43.023051
35350 8 3.039176 43.156230 3.851223 42.799494
35400 9 2.697907 43.264268 3.764117 44.405424
35450 8 2.755393 48.913529 3.855982 45.872690
35500 9 2.734685 55.925147 3.885329 41.611360
35550 9 2.787465 55.873518 3.789158 43.656022
35600 9 2.897658 55.560242 3.867725 42.545587
35650 8 2.977433 53.573819 3.872929 45.271608
35700 8 3.183466 47.280324 3.919544 36.249015
35750 8 3.388879 46.021156 3.931383 37.602491
35800 9 2.828023 45.072856 4.093543 31.958820
35850 8 2.911590 46.137976 4.024591 38.313002
35900 8 3.511701 45.804564 3.991749 32.789003
35950 8 3.594461 45.017069 3.824901 31.755410
36000 8 3.254686 46.199246 3.729565 46.207627
36050 8 3.110499 44.798551 3.722430 43.627526
36100 9 3.338330 45.232003 3.798988 37.541690
36150 8 3.517484 47.008477 3.849975 39.206199
36200 7 3.486120 47.038101 3.847784 40.903777
36250 9 3.514743 45.826137 3.704866 48.600512
36300 9 3.520298 43.251175 3.753918 39.040044
36350 9 3.442609 42.158378 3.805265 41.241198
36400 8 3.251462 41.901062 3.823388 44.338221
36450 9 3.314364 46.191002 3.898926 35.580686
36500 8 3.327656 48.007176 3.881023 38.036716
36550 9 3.215621 43.603455 3.898497 42.923866
36600 10 2.893919 46.015764 3.887405 37.209833
36650 9 2.981214 53.355892 3.902188 37.185868
36700 9 2.960134 53.930039 3.959641 42.384867
36750 8 3.140750 50.603989 3.939132 37.399189
36800 9 3.006329 45.185200 3.920708 39.570317
36850 7 3.175686 46.248404 3.854513 48.240373
36900 10 2.695749 47.000618 3.889969 46.895420
36950 8 2.905735 43.380192 4.002705 45.799905
37000 6 2.906884 43.910337 4.014949 46.237130
37050 9 2.609172 53.389665 3.992418 45.849254
37100 9 2.889388 43.210249 3.943819 46.384286
37150 8 3.084600 40.768463 3.944631 46.752320
37200 7 2.870051 49.531328 3.944631 46.752320
37250 8 3.036756 51.956361 3.888202 47.562470
37300 8 3.046606 48.532572 3.910235 44.787892
37350 8 2.794560 55.418052 3.834844 47.515165
37400 9 2.881176 48.657906 3.763051 49.506452
37450 9 2.984803 42.226562 3.758696 49.016556
37500 10 2.726980 46.963853 3.776341 48.770913
37550 8 2.785613 45.239037 3.760729 49.087849
37600 8 2.806226 41.103759 3.703117 48.676497
37650 9 2.734421 41.217151 3.730968 48.473381
37700 9 2.778069 46.134215 3.730968 48.473381
37750 7 3.123211 44.592733 3.727315 48.365500
37800 7 3.315043 42.405115 3.727315 48.365500
37850 8 3.277863 45.521552 3.727315 48.365500
37900 8 3.345968 42.948524 3.727315 48.365500
37950 8 3.670283 48.495474 3.737619 48.185762
38000 10 3.203529 40.063395 3.703228 48.368346
38050 8 3.066826 46.601513 3.703228 48.368346
38100 9 2.918307 33.273366 3.703228 48.368346
38150 8 3.073138 45.205215 3.703228 48.368346
38200 9 2.975015 43.206170 3.703228 48.368346
38250 8 2.955907 42.595867 3.696385 48.200539
38300 8 3.149458 39.381516 3.753842 48.636109
38350 8 2.937626 47.747097 3.760925 48.841460
38400 7 3.089025 46.572765 3.773464 48.746028
38450 9 3.196791 43.375896 3.773464 48.746028
38500 9 3.019964 41.715077 3.764976 48.256448
38550 8 2.931977 33.791408 3.771593 48.587886
38600 7 3.197010 33.710426 3.770833 48.411046
38650 7 2.921952 38.285828 3.793256 48.693813
38700 9 2.857421 32.442730 3.823718 48.908674
38750 9 2.818824 34.773486 3.841556 48.840087
38800 9 2.673790 33.780640 3.783780 48.536670
38850 8 2.272310 32.395464 3.790864 49.139285
38900 10 2.504001 31.353819 3.778418 48.288956
38950 8 3.111353 27.745872 3.759214 48.923815
39000 7 2.938448 26.447507 3.813746 44.354666
39050 8 2.665185 25.534489 3.786588 44.140825
39100 8 2.848804 33.604312 3.791297 45.986261
39150 8 2.842178 33.735302 3.878474 44.697652
39200 9 2.659330 26.201583 3.820484 49.624999
39250 9 2.961263 32.151301 3.748013 41.817301
39300 8 2.880592 26.997394 3.782822 47.073850
39350 7 2.983295 36.338184 3.816523 46.839933
39400 8 2.773311 34.946921 3.855495 47.330967
39450 8 2.712227 29.868065 3.947006 46.276365
39500 9 2.679192 25.392456 3.956934 46.243166
39550 8 2.704812 30.807192 3.971029 46.430576
39600 7 2.805183 25.312293 3.959130 45.899569
39650 8 2.777220 36.482901 3.959428 46.014236
39700 7 2.825035 35.716949 3.970271 45.621076
39750 8 2.882405 36.663281 3.989843 45.428370
39800 9 2.844812 32.698866 4.004931 45.420906
39850 7 2.778747 35.268551 4.004931 45.420906
39900 9 2.416471 32.496907 4.026916 45.509767
39950 8 2.688436 36.019086 4.026537 45.337058
40000 8 2.641489 36.434928 4.004964 45.058561
40050 9 2.697535 38.546106 3.971696 45.355475
40100 9 2.636254 38.350789 3.983563 45.032845
40150 8 2.540800 41.723495 3.995129 44.937463
40200 8 2.519836 48.982968 3.975809 45.180425
40250 9 2.582629 38.143474 3.961928 45.308397
40300 8 2.791385 29.443251 3.961928 45.308397
40350 7 3.072336 34.117702 3.961928 45.308397
40400 7 3.008392 38.514118 3.961928 45.308397
40450 7 3.176591 33.478288 3.927170 45.111812
40500 8 2.996261 38.391940 3.927170 45.111812
40550 8 2.986668 38.097626 3.927231 45.070447
40600 8 2.959992 36.162195 3.927231 45.070447
40650 9 2.866883 34.994148 3.927231 45.070447
40700 8 2.860546 28.530753 3.920585 45.110941
40750 8 2.646115 27.917197 3.920585 45.110941
40800 8 2.505118 28.842189 3.920585 45.110941
40850 8 2.445758 28.650846 3.892224 45.125319
40900 9 2.155200 29.315963 3.882716 45.154579
40950 11 2.136628 31.665666 3.894792 45.163470
41000 10 2.195700 33.587462 3.894792 45.163470
41050 9 2.177417 32.459355 3.894792 45.163470
41100 9 2.231102 26.043957 3.894792 45.163470
41150 9 2.352631 22.998222 3.912817 45.360527
41200 8 2.389613 28.292525 3.900972 44.819782
41250 9 2.608924 31.701751 3.920503 44.912975
41300 8 2.788389 33.270485 3.920503 44.912975
41350 9 2.778965 37.958739 3.897107 44.881336
41400 8 3.084874 33.780352 3.930920 45.532546
41450 8 2.738460 39.855811 3.942919 45.378956
41500 9 2.761919 39.625692 3.912890 45.549031
41550 7 2.988457 37.357829 3.912890 45.549031
41600 9 2.902385 36.756155 3.912890 45.549031
41650 8 2.763913 31.204566 3.912890 45.549031
41700 9 3.174256 33.331831 3.900348 45.521011
41750 8 2.988915 41.209780 3.900348 45.521011
41800 9 2.922543 37.422940 3.889078 45.552066
41850 9 2.703249 36.176304 3.888362 45.360947
41900 8 2.823076 42.069978 3.871213 45.577365
41950 8 3.066664 45.148362 3.838615 45.304208
42000 8 3.194680 39.963731 3.843598 45.479747
42050 8 3.217424 41.910032 3.843598 45.479747
42100 7 2.957188 45.009764 3.839730 45.558001
42150 8 2.562280 46.968787 3.844363 45.553737
42200 9 2.544875 39.010258 3.844363 45.553737
42250 9 2.644437 43.410536 3.857884 45.331196
42300 8 2.985615 44.730669 3.837063 45.221390
42350 10 2.991616 44.957480 3.843749 45.947757
42400 9 3.125862 46.441664 3.819679 46.006404
42450 8 3.247649 45.941702 3.805160 45.912851
42500 8 3.106066 47.487171 3.768252 46.414319
42550 8 2.917931 30.633806 3.783314 44.622321
42600 9 2.646279 31.553333 3.864326 41.016328
42650 10 2.719059 36.161974 3.898972 42.453521
42700 7 2.908862 40.762461 4.024790 44.185857
42750 8 2.763863 36.826874 4.021393 35.699623
42800 9 3.124410 37.018322 3.943417 37.173715
42850 9 2.809627 48.190218 3.859481 49.217557
42900 8 2.795967 42.888431 3.839904 46.876107
42950 8 2.609913 50.616646 3.868735 43.379732
43000 9 2.751167 54.703487 3.877570 46.720824
43050 9 2.694645 47.499444 3.812081 48.545810
43100 8 3.001418 52.395479 3.831677 41.947504
43150 7 2.979309 50.018142 3.938880 47.028784
43200 10 2.725042 45.706497 3.916010 39.658050
43250 7 2.699803 50.815824 3.952633 41.380145
43300 7 2.872494 49.733505 3.978488 44.890643
43350 8 3.093109 37.050984 3.904124 40.760414
43400 7 3.338261 44.371157 3.932688 39.303523
43450 7 3.470266 47.145864 3.923014 41.786742
43500 8 3.398817 49.106738 3.964390 38.368724
43550 9 3.329028 61.013512 3.998115 41.143271
43600 7 3.109655 53.087686 3.997001 42.341901
43650 9 2.711356 43.717659 4.030975 44.856637
43700 8 2.677591 42.965180 4.051951 39.560282
43750 8 2.627297 43.858392 3.965823 30.788046
43800 7 2.720514 34.582497 3.963440 37.849686
43850 9 2.991232 42.998975 3.944926 37.967887
43900 9 2.840261 40.885859 3.900672 40.457211
43950 9 2.788188 40.907506 3.926165 39.582954
44000 11 2.783555 39.891992 3.967701 29.566155
44050 10 2.723010 42.806005 3.912680 40.117848
44100 9 2.865219 40.255750 3.814865 40.388440
44150 8 3.383394 43.403662 3.809246 40.993506
44200 8 3.172161 45.403739 3.819986 44.979706
44250 8 3.272924 43.994773 3.863305 36.685430
44300 8 3.224404 40.035321 3.873070 39.322912
44350 8 2.879456 39.760100 3.989137 43.388985
44400 8 3.205315 37.655240 3.979425 37.036395
44450 9 3.090767 37.757647 3.941499 38.488989
44500 8 3.101925 42.417494 3.976351 39.521077
44550 10 2.846405 41.725184 3.996616 36.548369
44600 9 2.866029 40.092950 3.916635 38.536928
44650 8 3.059884 45.067684 3.947275 33.922107
44700 8 2.627979 42.530349 4.014893 41.682998
44750 8 2.706184 44.932303 3.970277 43.291169
44800 9 3.009626 47.297332 4.057448 31.718271
44850 8 3.054921 43.711720 3.962796 43.457312
44900 8 2.872059 45.850554 3.974972 45.134927
44950 9 2.588861 50.056926 3.989424 39.724389
45000 8 2.767484 41.329510 3.964502 42.644637
45050 9 2.958526 40.175695 3.900893 43.366864
45100 8 3.425142 41.622733 3.885523 42.001674
45150 8 3.347925 43.653986 3.939106 35.360780
45200 9 3.097482 43.650060 3.866706 37.402268
45250 9 3.165674 43.168323 3.842247 30.439907
45300 7 2.888306 47.339309 3.847556 48.145730
45350 8 2.887839 52.772650 3.807701 45.720435
45400 9 2.967201 59.840443 3.851325 38.037061
45450 7 2.999342 59.923383 3.908589 46.740069
45500 9 3.252748 55.162528 3.842939 38.937816
45550 10 3.250787 56.948456 3.843143 32.756348
45600 8 3.308371 49.553996 3.768076 46.804660
45650 8 2.998419 44.084802 3.788466 43.688024
45700 10 3.236477 44.142679 3.797390 36.761227
45750 8 2.590233 47.224831 3.872921 52.179904
45800 9 2.832764 39.676039 3.699169 48.500238
45850 9 3.005320 39.453616 3.700894 46.892569
45900 9 2.880385 39.012365 3.585539 45.061055
45950 9 2.611967 40.088947 3.535644 56.289199
46000 8 3.157487 46.527953 3.602294 45.223357
46050 9 3.158744 43.395619 3.626539 48.492555
46100 9 3.491340 44.094657 3.612098 50.927481
46150 7 3.492111 35.046967 3.668327 51.514153
46200 8 3.308193 43.050834 3.662791 51.795466
46250 7 3.243511 41.291730 3.609694 51.370059
46300 8 3.201673 39.892858 3.662039 50.573685
46350 8 3.013970 35.674809 3.634466 50.126313
46400 9 3.098197 41.787861 3.659254 50.246909
46450 8 3.017760 40.456122 3.652037 52.897398
46500 9 3.015719 41.021268 3.638748 51.705017
46550 8 3.193758 37.778298 3.682790 50.304727
46600 8 2.658942 27.422400 3.823405 52.038322
46650 7 2.728923 32.284361 3.754323 52.277638
46700 10 2.784837 34.347355 3.728723 54.976542
46750 9 2.878456 38.185559 3.887165 41.391932
46800 8 2.733577 40.006455 3.983600 53.622285
46850 8 2.798729 40.454545 3.925433 52.249109
46900 8 2.838020 36.717139 3.961855 48.681884
46950 8 2.754014 34.106614 3.883422 48.771564
47000 8 2.752314 32.947646 3.976184 45.818735
47050 9 2.791683 35.940708 4.015466 50.780564
47100 9 2.522479 38.893450 3.845570 50.200944
47150 9 2.451105 38.235071 3.742373 51.440441
47200 8 2.626261 37.256947 3.814835 50.906912
47250 8 2.904203 36.468943 3.931534 38.692764
47300 8 2.870581 32.479719 3.978236 45.369403
47350 7 2.741058 29.437059 3.936994 49.941559
47400 9 2.590187 28.287348 3.993289 48.156765
47450 8 2.435836 25.847248 4.009008 46.142294
47500 7 2.515021 29.023380 4.069951 46.691897
47550 9 2.425404 27.993178 4.086056 47.177672
47600 9 2.710019 27.899179 4.083179 45.605593
47650 8 2.843578 32.521128 4.063525 45.011535
47700 9 2.503990 30.009770 4.126430 46.470243
47750 8 2.450980 32.776146 4.118102 46.694560
47800 8 2.424667 32.931808 4.110779 46.074928
47850 8 2.520479 39.686693 3.995521 47.434465
47900 7 2.686955 41.241847 4.005586 41.860639
47950 9 2.734385 33.070922 3.994278 48.129078
48000 8 2.373207 27.248671 3.922445 51.868935
48050 11 2.591951 27.754498 3.933838 45.732996
48100 9 2.861471 25.030283 3.779538 46.423856
48150 9 2.886300 36.906312 3.867193 44.038978
48200 8 2.847230 35.260784 3.832467 43.661925
48250 9 2.990153 37.368601 3.865900 42.470209
48300 7 2.896946 37.243435 3.856777 46.539621
48350 7 2.923614 32.346275 3.897387 47.691305
48400 8 2.917499 38.644444 3.880666 38.119251
48450 7 2.983197 47.910550 3.939761 42.377495
48500 8 3.415856 44.363533 3.863297 43.770338
48550 7 3.373940 39.639019 3.946809 41.796136
48600 9 3.333579 41.046369 3.958841 37.125190
48650 8 3.293117 39.640361 3.806320 40.348541
48700 8 3.222099 35.401677 3.764888 41.335606
48750 8 3.024730 36.777501 3.658206 44.705863
48800 8 2.913692 36.832365 3.688602 47.666488
48850 9 2.864057 33.415921 3.751640 41.964704
48900 9 2.682971 33.001968 3.878693 53.287826
48950 7 2.460018 31.642388 3.921022 43.418264
49000 9 2.602705 33.807720 3.924167 43.841412
49050 8 2.950666 31.623069 3.989451 36.532462
49100 8 3.026283 38.482102 3.919457 37.946427
49150 9 3.312326 36.692333 3.828927 40.150949
49200 7 3.084255 38.814457 3.793879 43.025302
49250 9 3.330008 40.046189 3.831732 41.703266
49300 8 3.261941 43.617927 3.810312 41.713996
49350 8 3.099484 41.687420 3.798335 43.381801
49400 8 2.953013 45.239140 3.774395 40.256419
49450 11 2.712798 36.003959 3.742126 48.286729
49500 9 2.818971 38.589830 3.729517 45.057679
49550 9 2.544911 41.463927 3.668929 44.288409
49600 8 2.963318 32.455483 3.794707 47.803402
49650 8 3.164657 38.457994 3.659874 50.064051
49700 9 3.250370 43.089958 3.775918 43.515630
49750 10 2.942586 45.259478 3.912205 31.691083
49800 8 2.743795 43.706266 3.954850 43.855539
49850 8 2.716173 41.550571 3.974136 38.277934
49900 9 2.872339 41.000605 3.918566 43.424376
49950 7 2.834251 40.742160 3.951994 46.048186
